[2025-01-19T20:06:54.619+0000] {local_task_job_runner.py:123} INFO - ::group::Pre task execution logs
[2025-01-19T20:06:54.630+0000] {taskinstance.py:2613} INFO - Dependencies all met for dep_context=non-requeueable deps ti=<TaskInstance: coleta_dados_abertos_cnpj.transform_cnaes scheduled__2024-07-10T00:00:00+00:00 [queued]>
[2025-01-19T20:06:54.636+0000] {taskinstance.py:2613} INFO - Dependencies all met for dep_context=requeueable deps ti=<TaskInstance: coleta_dados_abertos_cnpj.transform_cnaes scheduled__2024-07-10T00:00:00+00:00 [queued]>
[2025-01-19T20:06:54.637+0000] {taskinstance.py:2866} INFO - Starting attempt 1 of 2
[2025-01-19T20:06:54.905+0000] {taskinstance.py:2889} INFO - Executing <Task(PythonOperator): transform_cnaes> on 2024-07-10 00:00:00+00:00
[2025-01-19T20:06:54.909+0000] {warnings.py:112} WARNING - /home/***/.local/lib/python3.12/site-packages/***/task/task_runner/standard_task_runner.py:70: DeprecationWarning: This process (pid=247) is multi-threaded, use of fork() may lead to deadlocks in the child.
  pid = os.fork()

[2025-01-19T20:06:54.910+0000] {standard_task_runner.py:72} INFO - Started process 274 to run task
[2025-01-19T20:06:54.910+0000] {standard_task_runner.py:104} INFO - Running: ['***', 'tasks', 'run', 'coleta_dados_abertos_cnpj', 'transform_cnaes', 'scheduled__2024-07-10T00:00:00+00:00', '--job-id', '65', '--raw', '--subdir', 'DAGS_FOLDER/coleta_dados_abertos_cnpj/dag.py', '--cfg-path', '/tmp/tmpz9tampcd']
[2025-01-19T20:06:54.912+0000] {standard_task_runner.py:105} INFO - Job 65: Subtask transform_cnaes
[2025-01-19T20:06:54.942+0000] {task_command.py:467} INFO - Running <TaskInstance: coleta_dados_abertos_cnpj.transform_cnaes scheduled__2024-07-10T00:00:00+00:00 [running]> on host 659dab735c6e
[2025-01-19T20:06:54.993+0000] {taskinstance.py:3132} INFO - Exporting env vars: AIRFLOW_CTX_DAG_OWNER='Corvaum' AIRFLOW_CTX_DAG_ID='coleta_dados_abertos_cnpj' AIRFLOW_CTX_TASK_ID='transform_cnaes' AIRFLOW_CTX_EXECUTION_DATE='2024-07-10T00:00:00+00:00' AIRFLOW_CTX_TRY_NUMBER='1' AIRFLOW_CTX_DAG_RUN_ID='scheduled__2024-07-10T00:00:00+00:00'
[2025-01-19T20:06:54.993+0000] {taskinstance.py:731} INFO - ::endgroup::
[2025-01-19T20:06:55.002+0000] {logging_mixin.py:190} INFO - cnaes
[2025-01-19T20:06:55.003+0000] {python.py:240} INFO - Done. Returned value was: None
[2025-01-19T20:06:55.010+0000] {taskinstance.py:340} INFO - ::group::Post task execution logs
[2025-01-19T20:06:55.011+0000] {taskinstance.py:352} INFO - Marking task as SUCCESS. dag_id=coleta_dados_abertos_cnpj, task_id=transform_cnaes, run_id=scheduled__2024-07-10T00:00:00+00:00, execution_date=20240710T000000, start_date=20250119T200654, end_date=20250119T200655
[2025-01-19T20:06:55.044+0000] {local_task_job_runner.py:266} INFO - Task exited with return code 0
[2025-01-19T20:06:55.058+0000] {taskinstance.py:3895} INFO - 1 downstream tasks scheduled from follow-on schedule check
[2025-01-19T20:06:55.061+0000] {local_task_job_runner.py:245} INFO - ::endgroup::
