[2025-01-24T19:44:47.619+0000] {local_task_job_runner.py:123} INFO - ::group::Pre task execution logs
[2025-01-24T19:44:47.627+0000] {taskinstance.py:2613} INFO - Dependencies all met for dep_context=non-requeueable deps ti=<TaskInstance: coleta_dados_abertos_cnpj.echo_hello_world manual__2025-01-24T19:42:11.617297+00:00 [queued]>
[2025-01-24T19:44:47.632+0000] {taskinstance.py:2613} INFO - Dependencies all met for dep_context=requeueable deps ti=<TaskInstance: coleta_dados_abertos_cnpj.echo_hello_world manual__2025-01-24T19:42:11.617297+00:00 [queued]>
[2025-01-24T19:44:47.633+0000] {taskinstance.py:2866} INFO - Starting attempt 1 of 2
[2025-01-24T19:44:47.766+0000] {taskinstance.py:2889} INFO - Executing <Task(BashOperator): echo_hello_world> on 2025-01-24 19:42:11.617297+00:00
[2025-01-24T19:44:47.770+0000] {warnings.py:112} WARNING - /home/***/.local/lib/python3.12/site-packages/***/task/task_runner/standard_task_runner.py:70: DeprecationWarning: This process (pid=202) is multi-threaded, use of fork() may lead to deadlocks in the child.
  pid = os.fork()

[2025-01-24T19:44:47.771+0000] {standard_task_runner.py:72} INFO - Started process 203 to run task
[2025-01-24T19:44:47.771+0000] {standard_task_runner.py:104} INFO - Running: ['***', 'tasks', 'run', 'coleta_dados_abertos_cnpj', 'echo_hello_world', 'manual__2025-01-24T19:42:11.617297+00:00', '--job-id', '745', '--raw', '--subdir', 'DAGS_FOLDER/coleta_dados_abertos_cnpj/dag.py', '--cfg-path', '/tmp/tmpo9jx87yk']
[2025-01-24T19:44:47.772+0000] {standard_task_runner.py:105} INFO - Job 745: Subtask echo_hello_world
[2025-01-24T19:44:47.794+0000] {task_command.py:467} INFO - Running <TaskInstance: coleta_dados_abertos_cnpj.echo_hello_world manual__2025-01-24T19:42:11.617297+00:00 [running]> on host ee70781c29c7
[2025-01-24T19:44:47.836+0000] {taskinstance.py:3132} INFO - Exporting env vars: AIRFLOW_CTX_DAG_OWNER='Corvaum' AIRFLOW_CTX_DAG_ID='coleta_dados_abertos_cnpj' AIRFLOW_CTX_TASK_ID='echo_hello_world' AIRFLOW_CTX_EXECUTION_DATE='2025-01-24T19:42:11.617297+00:00' AIRFLOW_CTX_TRY_NUMBER='1' AIRFLOW_CTX_DAG_RUN_ID='manual__2025-01-24T19:42:11.617297+00:00'
[2025-01-24T19:44:47.837+0000] {taskinstance.py:731} INFO - ::endgroup::
[2025-01-24T19:44:47.843+0000] {subprocess.py:78} INFO - Tmp dir root location: /tmp
[2025-01-24T19:44:47.844+0000] {subprocess.py:88} INFO - Running command: ['/usr/bin/bash', '-c', 'echo "Hello, Airflow!"']
[2025-01-24T19:44:47.850+0000] {subprocess.py:99} INFO - Output:
[2025-01-24T19:44:47.850+0000] {subprocess.py:106} INFO - Hello, Airflow!
[2025-01-24T19:44:47.851+0000] {subprocess.py:110} INFO - Command exited with return code 0
[2025-01-24T19:44:47.863+0000] {taskinstance.py:340} INFO - ::group::Post task execution logs
[2025-01-24T19:44:47.864+0000] {taskinstance.py:352} INFO - Marking task as SUCCESS. dag_id=coleta_dados_abertos_cnpj, task_id=echo_hello_world, run_id=manual__2025-01-24T19:42:11.617297+00:00, execution_date=20250124T194211, start_date=20250124T194447, end_date=20250124T194447
[2025-01-24T19:44:47.904+0000] {local_task_job_runner.py:266} INFO - Task exited with return code 0
[2025-01-24T19:44:47.912+0000] {taskinstance.py:3895} INFO - 0 downstream tasks scheduled from follow-on schedule check
[2025-01-24T19:44:47.914+0000] {local_task_job_runner.py:245} INFO - ::endgroup::
