[2025-01-19T20:06:54.600+0000] {local_task_job_runner.py:123} INFO - ::group::Pre task execution logs
[2025-01-19T20:06:54.612+0000] {taskinstance.py:2613} INFO - Dependencies all met for dep_context=non-requeueable deps ti=<TaskInstance: coleta_dados_abertos_cnpj.transform_cnaes scheduled__2023-06-10T00:00:00+00:00 [queued]>
[2025-01-19T20:06:54.619+0000] {taskinstance.py:2613} INFO - Dependencies all met for dep_context=requeueable deps ti=<TaskInstance: coleta_dados_abertos_cnpj.transform_cnaes scheduled__2023-06-10T00:00:00+00:00 [queued]>
[2025-01-19T20:06:54.620+0000] {taskinstance.py:2866} INFO - Starting attempt 1 of 2
[2025-01-19T20:06:54.780+0000] {taskinstance.py:2889} INFO - Executing <Task(PythonOperator): transform_cnaes> on 2023-06-10 00:00:00+00:00
[2025-01-19T20:06:54.787+0000] {warnings.py:112} WARNING - /home/***/.local/lib/python3.12/site-packages/***/task/task_runner/standard_task_runner.py:70: DeprecationWarning: This process (pid=241) is multi-threaded, use of fork() may lead to deadlocks in the child.
  pid = os.fork()

[2025-01-19T20:06:54.788+0000] {standard_task_runner.py:104} INFO - Running: ['***', 'tasks', 'run', 'coleta_dados_abertos_cnpj', 'transform_cnaes', 'scheduled__2023-06-10T00:00:00+00:00', '--job-id', '60', '--raw', '--subdir', 'DAGS_FOLDER/coleta_dados_abertos_cnpj/dag.py', '--cfg-path', '/tmp/tmpuobzqjk7']
[2025-01-19T20:06:54.793+0000] {standard_task_runner.py:72} INFO - Started process 264 to run task
[2025-01-19T20:06:54.794+0000] {standard_task_runner.py:105} INFO - Job 60: Subtask transform_cnaes
[2025-01-19T20:06:54.821+0000] {task_command.py:467} INFO - Running <TaskInstance: coleta_dados_abertos_cnpj.transform_cnaes scheduled__2023-06-10T00:00:00+00:00 [running]> on host 659dab735c6e
[2025-01-19T20:06:54.867+0000] {taskinstance.py:3132} INFO - Exporting env vars: AIRFLOW_CTX_DAG_OWNER='Corvaum' AIRFLOW_CTX_DAG_ID='coleta_dados_abertos_cnpj' AIRFLOW_CTX_TASK_ID='transform_cnaes' AIRFLOW_CTX_EXECUTION_DATE='2023-06-10T00:00:00+00:00' AIRFLOW_CTX_TRY_NUMBER='1' AIRFLOW_CTX_DAG_RUN_ID='scheduled__2023-06-10T00:00:00+00:00'
[2025-01-19T20:06:54.868+0000] {taskinstance.py:731} INFO - ::endgroup::
[2025-01-19T20:06:54.876+0000] {logging_mixin.py:190} INFO - cnaes
[2025-01-19T20:06:54.876+0000] {python.py:240} INFO - Done. Returned value was: None
[2025-01-19T20:06:54.882+0000] {taskinstance.py:340} INFO - ::group::Post task execution logs
[2025-01-19T20:06:54.882+0000] {taskinstance.py:352} INFO - Marking task as SUCCESS. dag_id=coleta_dados_abertos_cnpj, task_id=transform_cnaes, run_id=scheduled__2023-06-10T00:00:00+00:00, execution_date=20230610T000000, start_date=20250119T200654, end_date=20250119T200654
[2025-01-19T20:06:54.927+0000] {local_task_job_runner.py:266} INFO - Task exited with return code 0
[2025-01-19T20:06:54.938+0000] {taskinstance.py:3895} INFO - 1 downstream tasks scheduled from follow-on schedule check
[2025-01-19T20:06:54.940+0000] {local_task_job_runner.py:245} INFO - ::endgroup::
