[2025-01-24T18:54:36.958+0000] {local_task_job_runner.py:123} INFO - ::group::Pre task execution logs
[2025-01-24T18:54:36.966+0000] {taskinstance.py:2613} INFO - Dependencies all met for dep_context=non-requeueable deps ti=<TaskInstance: coleta_dados_abertos_cnpj.transform_qualificacoes manual__2025-01-24T18:54:34.915713+00:00 [queued]>
[2025-01-24T18:54:37.019+0000] {taskinstance.py:2613} INFO - Dependencies all met for dep_context=requeueable deps ti=<TaskInstance: coleta_dados_abertos_cnpj.transform_qualificacoes manual__2025-01-24T18:54:34.915713+00:00 [queued]>
[2025-01-24T18:54:37.020+0000] {taskinstance.py:2866} INFO - Starting attempt 1 of 2
[2025-01-24T18:54:37.289+0000] {taskinstance.py:2889} INFO - Executing <Task(PythonOperator): transform_qualificacoes> on 2025-01-24 18:54:34.915713+00:00
[2025-01-24T18:54:37.293+0000] {warnings.py:112} WARNING - /home/***/.local/lib/python3.12/site-packages/***/task/task_runner/standard_task_runner.py:70: DeprecationWarning: This process (pid=500) is multi-threaded, use of fork() may lead to deadlocks in the child.
  pid = os.fork()

[2025-01-24T18:54:37.293+0000] {standard_task_runner.py:72} INFO - Started process 516 to run task
[2025-01-24T18:54:37.294+0000] {standard_task_runner.py:104} INFO - Running: ['***', 'tasks', 'run', 'coleta_dados_abertos_cnpj', 'transform_qualificacoes', 'manual__2025-01-24T18:54:34.915713+00:00', '--job-id', '357', '--raw', '--subdir', 'DAGS_FOLDER/coleta_dados_abertos_cnpj/dag.py', '--cfg-path', '/tmp/tmpme4j2d6t']
[2025-01-24T18:54:37.295+0000] {standard_task_runner.py:105} INFO - Job 357: Subtask transform_qualificacoes
[2025-01-24T18:54:37.320+0000] {task_command.py:467} INFO - Running <TaskInstance: coleta_dados_abertos_cnpj.transform_qualificacoes manual__2025-01-24T18:54:34.915713+00:00 [running]> on host ee70781c29c7
[2025-01-24T18:54:37.360+0000] {taskinstance.py:3132} INFO - Exporting env vars: AIRFLOW_CTX_DAG_OWNER='Corvaum' AIRFLOW_CTX_DAG_ID='coleta_dados_abertos_cnpj' AIRFLOW_CTX_TASK_ID='transform_qualificacoes' AIRFLOW_CTX_EXECUTION_DATE='2025-01-24T18:54:34.915713+00:00' AIRFLOW_CTX_TRY_NUMBER='1' AIRFLOW_CTX_DAG_RUN_ID='manual__2025-01-24T18:54:34.915713+00:00'
[2025-01-24T18:54:37.361+0000] {taskinstance.py:731} INFO - ::endgroup::
[2025-01-24T18:54:37.368+0000] {logging_mixin.py:190} INFO - cnaes
[2025-01-24T18:54:37.369+0000] {python.py:240} INFO - Done. Returned value was: None
[2025-01-24T18:54:37.374+0000] {taskinstance.py:340} INFO - ::group::Post task execution logs
[2025-01-24T18:54:37.374+0000] {taskinstance.py:352} INFO - Marking task as SUCCESS. dag_id=coleta_dados_abertos_cnpj, task_id=transform_qualificacoes, run_id=manual__2025-01-24T18:54:34.915713+00:00, execution_date=20250124T185434, start_date=20250124T185437, end_date=20250124T185437
[2025-01-24T18:54:37.387+0000] {local_task_job_runner.py:266} INFO - Task exited with return code 0
[2025-01-24T18:54:37.397+0000] {taskinstance.py:3895} INFO - 0 downstream tasks scheduled from follow-on schedule check
[2025-01-24T18:54:37.399+0000] {local_task_job_runner.py:245} INFO - ::endgroup::
