[2025-01-24T18:58:42.832+0000] {local_task_job_runner.py:123} INFO - ::group::Pre task execution logs
[2025-01-24T18:58:42.841+0000] {taskinstance.py:2613} INFO - Dependencies all met for dep_context=non-requeueable deps ti=<TaskInstance: coleta_dados_abertos_cnpj.extract manual__2025-01-24T18:55:25.338243+00:00 [queued]>
[2025-01-24T18:58:42.847+0000] {taskinstance.py:2613} INFO - Dependencies all met for dep_context=requeueable deps ti=<TaskInstance: coleta_dados_abertos_cnpj.extract manual__2025-01-24T18:55:25.338243+00:00 [queued]>
[2025-01-24T18:58:42.847+0000] {taskinstance.py:2866} INFO - Starting attempt 7 of 8
[2025-01-24T18:58:42.928+0000] {taskinstance.py:2889} INFO - Executing <Task(PythonOperator): extract> on 2025-01-24 18:55:25.338243+00:00
[2025-01-24T18:58:42.932+0000] {warnings.py:112} WARNING - /home/***/.local/lib/python3.12/site-packages/***/task/task_runner/standard_task_runner.py:70: DeprecationWarning: This process (pid=611) is multi-threaded, use of fork() may lead to deadlocks in the child.
  pid = os.fork()

[2025-01-24T18:58:42.933+0000] {standard_task_runner.py:72} INFO - Started process 612 to run task
[2025-01-24T18:58:42.932+0000] {standard_task_runner.py:104} INFO - Running: ['***', 'tasks', 'run', 'coleta_dados_abertos_cnpj', 'extract', 'manual__2025-01-24T18:55:25.338243+00:00', '--job-id', '368', '--raw', '--subdir', 'DAGS_FOLDER/coleta_dados_abertos_cnpj/dag.py', '--cfg-path', '/tmp/tmpb1aydjwm']
[2025-01-24T18:58:42.934+0000] {standard_task_runner.py:105} INFO - Job 368: Subtask extract
[2025-01-24T18:58:42.958+0000] {task_command.py:467} INFO - Running <TaskInstance: coleta_dados_abertos_cnpj.extract manual__2025-01-24T18:55:25.338243+00:00 [running]> on host ee70781c29c7
[2025-01-24T18:58:42.997+0000] {taskinstance.py:3132} INFO - Exporting env vars: AIRFLOW_CTX_DAG_OWNER='Corvaum' AIRFLOW_CTX_DAG_ID='coleta_dados_abertos_cnpj' AIRFLOW_CTX_TASK_ID='extract' AIRFLOW_CTX_EXECUTION_DATE='2025-01-24T18:55:25.338243+00:00' AIRFLOW_CTX_TRY_NUMBER='7' AIRFLOW_CTX_DAG_RUN_ID='manual__2025-01-24T18:55:25.338243+00:00'
[2025-01-24T18:58:42.998+0000] {taskinstance.py:731} INFO - ::endgroup::
[2025-01-24T18:58:43.009+0000] {logging_mixin.py:190} INFO - Data formatada: 2025-01
[2025-01-24T18:58:43.296+0000] {logging_mixin.py:190} INFO - Arquivos encontrados: ['Cnaes.zip', 'Empresas0.zip', 'Empresas1.zip', 'Empresas2.zip', 'Empresas3.zip', 'Empresas4.zip', 'Empresas5.zip', 'Empresas6.zip', 'Empresas7.zip', 'Empresas8.zip', 'Empresas9.zip', 'Estabelecimentos0.zip', 'Estabelecimentos1.zip', 'Estabelecimentos2.zip', 'Estabelecimentos3.zip', 'Estabelecimentos4.zip', 'Estabelecimentos5.zip', 'Estabelecimentos6.zip', 'Estabelecimentos7.zip', 'Estabelecimentos8.zip', 'Estabelecimentos9.zip', 'Motivos.zip', 'Municipios.zip', 'Naturezas.zip', 'Paises.zip', 'Qualificacoes.zip', 'Simples.zip', 'Socios0.zip', 'Socios1.zip', 'Socios2.zip', 'Socios3.zip', 'Socios4.zip', 'Socios5.zip', 'Socios6.zip', 'Socios7.zip', 'Socios8.zip', 'Socios9.zip']
[2025-01-24T18:58:43.296+0000] {logging_mixin.py:190} INFO - Baixando o arquivo: https://arquivos.receitafederal.gov.br/dados/cnpj/dados_abertos_cnpj/2025-01/Cnaes.zip
[2025-01-24T18:58:43.451+0000] {logging_mixin.py:190} INFO - Download concluído: https://arquivos.receitafederal.gov.br/dados/cnpj/dados_abertos_cnpj/2025-01/Cnaes.zip
[2025-01-24T18:58:43.453+0000] {logging_mixin.py:190} INFO - Arquivos descompactados: ['/tmp/692a3b5c31ac47bcbaa02ceb34ed32ce_extracted/F.K03200$Z.D50111.CNAECSV']
[2025-01-24T18:58:43.465+0000] {logging_mixin.py:190} INFO - Arquivo bronze/Cnaes/2025-01/Cnaes_d39fc1dbd46346a3980902daf5af0686.csv carregado com sucesso no MinIO!
[2025-01-24T18:58:43.465+0000] {logging_mixin.py:190} INFO - Baixando o arquivo: https://arquivos.receitafederal.gov.br/dados/cnpj/dados_abertos_cnpj/2025-01/Empresas0.zip
[2025-01-24T19:00:27.193+0000] {logging_mixin.py:190} INFO - Download concluído: https://arquivos.receitafederal.gov.br/dados/cnpj/dados_abertos_cnpj/2025-01/Empresas0.zip
[2025-01-24T19:00:30.867+0000] {logging_mixin.py:190} INFO - Arquivos descompactados: ['/tmp/32644ea7e8d94e8bb548bb5f3dba6282_extracted/K3241.K03200Y0.D50111.EMPRECSV']
[2025-01-24T19:00:38.677+0000] {local_task_job_runner.py:346} WARNING - State of this instance has been externally set to success. Terminating instance.
[2025-01-24T19:00:38.678+0000] {local_task_job_runner.py:245} INFO - ::endgroup::
[2025-01-24T19:00:38.679+0000] {process_utils.py:132} INFO - Sending 15 to group 612. PIDs of all processes in the group: [612]
[2025-01-24T19:00:38.679+0000] {process_utils.py:87} INFO - Sending the signal 15 to group 612
[2025-01-24T19:00:38.680+0000] {taskinstance.py:3093} ERROR - Received SIGTERM. Terminating subprocesses.
[2025-01-24T19:00:38.698+0000] {taskinstance.py:340} INFO - ::group::Post task execution logs
[2025-01-24T19:00:38.706+0000] {process_utils.py:80} INFO - Process psutil.Process(pid=612, status='terminated', exitcode=0, started='18:58:42') (612) terminated with exit code 0
