[2025-01-19T20:07:02.312+0000] {local_task_job_runner.py:123} INFO - ::group::Pre task execution logs
[2025-01-19T20:07:02.322+0000] {taskinstance.py:2613} INFO - Dependencies all met for dep_context=non-requeueable deps ti=<TaskInstance: coleta_dados_abertos_cnpj.transform_cnaes scheduled__2024-11-10T00:00:00+00:00 [queued]>
[2025-01-19T20:07:02.327+0000] {taskinstance.py:2613} INFO - Dependencies all met for dep_context=requeueable deps ti=<TaskInstance: coleta_dados_abertos_cnpj.transform_cnaes scheduled__2024-11-10T00:00:00+00:00 [queued]>
[2025-01-19T20:07:02.328+0000] {taskinstance.py:2866} INFO - Starting attempt 1 of 2
[2025-01-19T20:07:02.522+0000] {taskinstance.py:2889} INFO - Executing <Task(PythonOperator): transform_cnaes> on 2024-11-10 00:00:00+00:00
[2025-01-19T20:07:02.527+0000] {warnings.py:112} WARNING - /home/***/.local/lib/python3.12/site-packages/***/task/task_runner/standard_task_runner.py:70: DeprecationWarning: This process (pid=366) is multi-threaded, use of fork() may lead to deadlocks in the child.
  pid = os.fork()

[2025-01-19T20:07:02.528+0000] {standard_task_runner.py:72} INFO - Started process 374 to run task
[2025-01-19T20:07:02.528+0000] {standard_task_runner.py:104} INFO - Running: ['***', 'tasks', 'run', 'coleta_dados_abertos_cnpj', 'transform_cnaes', 'scheduled__2024-11-10T00:00:00+00:00', '--job-id', '93', '--raw', '--subdir', 'DAGS_FOLDER/coleta_dados_abertos_cnpj/dag.py', '--cfg-path', '/tmp/tmpjforxqb0']
[2025-01-19T20:07:02.529+0000] {standard_task_runner.py:105} INFO - Job 93: Subtask transform_cnaes
[2025-01-19T20:07:02.557+0000] {task_command.py:467} INFO - Running <TaskInstance: coleta_dados_abertos_cnpj.transform_cnaes scheduled__2024-11-10T00:00:00+00:00 [running]> on host 659dab735c6e
[2025-01-19T20:07:02.612+0000] {taskinstance.py:3132} INFO - Exporting env vars: AIRFLOW_CTX_DAG_OWNER='Corvaum' AIRFLOW_CTX_DAG_ID='coleta_dados_abertos_cnpj' AIRFLOW_CTX_TASK_ID='transform_cnaes' AIRFLOW_CTX_EXECUTION_DATE='2024-11-10T00:00:00+00:00' AIRFLOW_CTX_TRY_NUMBER='1' AIRFLOW_CTX_DAG_RUN_ID='scheduled__2024-11-10T00:00:00+00:00'
[2025-01-19T20:07:02.612+0000] {taskinstance.py:731} INFO - ::endgroup::
[2025-01-19T20:07:02.620+0000] {logging_mixin.py:190} INFO - cnaes
[2025-01-19T20:07:02.621+0000] {python.py:240} INFO - Done. Returned value was: None
[2025-01-19T20:07:02.626+0000] {taskinstance.py:340} INFO - ::group::Post task execution logs
[2025-01-19T20:07:02.626+0000] {taskinstance.py:352} INFO - Marking task as SUCCESS. dag_id=coleta_dados_abertos_cnpj, task_id=transform_cnaes, run_id=scheduled__2024-11-10T00:00:00+00:00, execution_date=20241110T000000, start_date=20250119T200702, end_date=20250119T200702
[2025-01-19T20:07:02.661+0000] {local_task_job_runner.py:266} INFO - Task exited with return code 0
[2025-01-19T20:07:02.674+0000] {taskinstance.py:3895} INFO - 1 downstream tasks scheduled from follow-on schedule check
[2025-01-19T20:07:02.676+0000] {local_task_job_runner.py:245} INFO - ::endgroup::
[2025-01-24T19:03:16.138+0000] {local_task_job_runner.py:123} INFO - ::group::Pre task execution logs
[2025-01-24T19:03:16.149+0000] {taskinstance.py:2613} INFO - Dependencies all met for dep_context=non-requeueable deps ti=<TaskInstance: coleta_dados_abertos_cnpj.transform_cnaes scheduled__2024-11-10T00:00:00+00:00 [queued]>
[2025-01-24T19:03:16.154+0000] {taskinstance.py:2613} INFO - Dependencies all met for dep_context=requeueable deps ti=<TaskInstance: coleta_dados_abertos_cnpj.transform_cnaes scheduled__2024-11-10T00:00:00+00:00 [queued]>
[2025-01-24T19:03:16.155+0000] {taskinstance.py:2866} INFO - Starting attempt 1 of 2
[2025-01-24T19:03:16.165+0000] {taskinstance.py:2889} INFO - Executing <Task(PythonOperator): transform_cnaes> on 2024-11-10 00:00:00+00:00
[2025-01-24T19:03:16.169+0000] {warnings.py:112} WARNING - /home/***/.local/lib/python3.12/site-packages/***/task/task_runner/standard_task_runner.py:70: DeprecationWarning: This process (pid=1481) is multi-threaded, use of fork() may lead to deadlocks in the child.
  pid = os.fork()

[2025-01-24T19:03:16.170+0000] {standard_task_runner.py:72} INFO - Started process 1489 to run task
[2025-01-24T19:03:16.170+0000] {standard_task_runner.py:104} INFO - Running: ['***', 'tasks', 'run', 'coleta_dados_abertos_cnpj', 'transform_cnaes', 'scheduled__2024-11-10T00:00:00+00:00', '--job-id', '629', '--raw', '--subdir', 'DAGS_FOLDER/coleta_dados_abertos_cnpj/dag.py', '--cfg-path', '/tmp/tmpc8xm4dpz']
[2025-01-24T19:03:16.171+0000] {standard_task_runner.py:105} INFO - Job 629: Subtask transform_cnaes
[2025-01-24T19:03:16.201+0000] {task_command.py:467} INFO - Running <TaskInstance: coleta_dados_abertos_cnpj.transform_cnaes scheduled__2024-11-10T00:00:00+00:00 [running]> on host ee70781c29c7
[2025-01-24T19:03:16.256+0000] {taskinstance.py:3132} INFO - Exporting env vars: AIRFLOW_CTX_DAG_OWNER='Corvaum' AIRFLOW_CTX_DAG_ID='coleta_dados_abertos_cnpj' AIRFLOW_CTX_TASK_ID='transform_cnaes' AIRFLOW_CTX_EXECUTION_DATE='2024-11-10T00:00:00+00:00' AIRFLOW_CTX_TRY_NUMBER='1' AIRFLOW_CTX_DAG_RUN_ID='scheduled__2024-11-10T00:00:00+00:00'
[2025-01-24T19:03:16.257+0000] {taskinstance.py:731} INFO - ::endgroup::
[2025-01-24T19:03:16.264+0000] {logging_mixin.py:190} INFO - cnaes
[2025-01-24T19:03:16.264+0000] {python.py:240} INFO - Done. Returned value was: None
[2025-01-24T19:03:16.270+0000] {taskinstance.py:340} INFO - ::group::Post task execution logs
[2025-01-24T19:03:16.270+0000] {taskinstance.py:352} INFO - Marking task as SUCCESS. dag_id=coleta_dados_abertos_cnpj, task_id=transform_cnaes, run_id=scheduled__2024-11-10T00:00:00+00:00, execution_date=20241110T000000, start_date=20250124T190316, end_date=20250124T190316
[2025-01-24T19:03:16.303+0000] {local_task_job_runner.py:266} INFO - Task exited with return code 0
[2025-01-24T19:03:16.316+0000] {taskinstance.py:3895} INFO - 0 downstream tasks scheduled from follow-on schedule check
[2025-01-24T19:03:16.318+0000] {local_task_job_runner.py:245} INFO - ::endgroup::
