[2025-01-24T20:25:21.425+0000] {local_task_job_runner.py:123} INFO - ::group::Pre task execution logs
[2025-01-24T20:25:21.433+0000] {taskinstance.py:2613} INFO - Dependencies all met for dep_context=non-requeueable deps ti=<TaskInstance: coleta_dados_abertos_cnpj.transform_estabelecimentos manual__2025-01-24T19:42:11.617297+00:00 [queued]>
[2025-01-24T20:25:21.437+0000] {taskinstance.py:2613} INFO - Dependencies all met for dep_context=requeueable deps ti=<TaskInstance: coleta_dados_abertos_cnpj.transform_estabelecimentos manual__2025-01-24T19:42:11.617297+00:00 [queued]>
[2025-01-24T20:25:21.437+0000] {taskinstance.py:2866} INFO - Starting attempt 2 of 3
[2025-01-24T20:25:21.493+0000] {taskinstance.py:2889} INFO - Executing <Task(PythonOperator): transform_estabelecimentos> on 2025-01-24 19:42:11.617297+00:00
[2025-01-24T20:25:21.496+0000] {warnings.py:112} WARNING - /home/***/.local/lib/python3.12/site-packages/***/task/task_runner/standard_task_runner.py:70: DeprecationWarning: This process (pid=110) is multi-threaded, use of fork() may lead to deadlocks in the child.
  pid = os.fork()

[2025-01-24T20:25:21.497+0000] {standard_task_runner.py:72} INFO - Started process 121 to run task
[2025-01-24T20:25:21.497+0000] {standard_task_runner.py:104} INFO - Running: ['***', 'tasks', 'run', 'coleta_dados_abertos_cnpj', 'transform_estabelecimentos', 'manual__2025-01-24T19:42:11.617297+00:00', '--job-id', '758', '--raw', '--subdir', 'DAGS_FOLDER/coleta_dados_abertos_cnpj/dag.py', '--cfg-path', '/tmp/tmpufo7b2e7']
[2025-01-24T20:25:21.498+0000] {standard_task_runner.py:105} INFO - Job 758: Subtask transform_estabelecimentos
[2025-01-24T20:25:21.520+0000] {task_command.py:467} INFO - Running <TaskInstance: coleta_dados_abertos_cnpj.transform_estabelecimentos manual__2025-01-24T19:42:11.617297+00:00 [running]> on host ee70781c29c7
[2025-01-24T20:25:21.560+0000] {taskinstance.py:3132} INFO - Exporting env vars: AIRFLOW_CTX_DAG_OWNER='Corvaum' AIRFLOW_CTX_DAG_ID='coleta_dados_abertos_cnpj' AIRFLOW_CTX_TASK_ID='transform_estabelecimentos' AIRFLOW_CTX_EXECUTION_DATE='2025-01-24T19:42:11.617297+00:00' AIRFLOW_CTX_TRY_NUMBER='2' AIRFLOW_CTX_DAG_RUN_ID='manual__2025-01-24T19:42:11.617297+00:00'
[2025-01-24T20:25:21.561+0000] {taskinstance.py:731} INFO - ::endgroup::
[2025-01-24T20:25:21.568+0000] {logging_mixin.py:190} INFO - cnaes
[2025-01-24T20:25:21.568+0000] {python.py:240} INFO - Done. Returned value was: None
[2025-01-24T20:25:21.573+0000] {taskinstance.py:340} INFO - ::group::Post task execution logs
[2025-01-24T20:25:21.573+0000] {taskinstance.py:352} INFO - Marking task as SUCCESS. dag_id=coleta_dados_abertos_cnpj, task_id=transform_estabelecimentos, run_id=manual__2025-01-24T19:42:11.617297+00:00, execution_date=20250124T194211, start_date=20250124T202521, end_date=20250124T202521
[2025-01-24T20:25:21.590+0000] {local_task_job_runner.py:266} INFO - Task exited with return code 0
[2025-01-24T20:25:21.600+0000] {taskinstance.py:3895} INFO - 0 downstream tasks scheduled from follow-on schedule check
[2025-01-24T20:25:21.602+0000] {local_task_job_runner.py:245} INFO - ::endgroup::
