[2025-01-24T21:34:03.169+0000] {local_task_job_runner.py:123} INFO - ::group::Pre task execution logs
[2025-01-24T21:34:03.178+0000] {taskinstance.py:2613} INFO - Dependencies all met for dep_context=non-requeueable deps ti=<TaskInstance: coleta_dados_abertos_cnpj.extract_qualificacoes manual__2025-01-24T21:15:51.387766+00:00 [queued]>
[2025-01-24T21:34:03.183+0000] {taskinstance.py:2613} INFO - Dependencies all met for dep_context=requeueable deps ti=<TaskInstance: coleta_dados_abertos_cnpj.extract_qualificacoes manual__2025-01-24T21:15:51.387766+00:00 [queued]>
[2025-01-24T21:34:03.184+0000] {taskinstance.py:2866} INFO - Starting attempt 2 of 3
[2025-01-24T21:34:03.226+0000] {taskinstance.py:2889} INFO - Executing <Task(PythonOperator): extract_qualificacoes> on 2025-01-24 21:15:51.387766+00:00
[2025-01-24T21:34:03.230+0000] {warnings.py:112} WARNING - /home/***/.local/lib/python3.12/site-packages/***/task/task_runner/standard_task_runner.py:70: DeprecationWarning: This process (pid=1347) is multi-threaded, use of fork() may lead to deadlocks in the child.
  pid = os.fork()

[2025-01-24T21:34:03.231+0000] {standard_task_runner.py:72} INFO - Started process 1367 to run task
[2025-01-24T21:34:03.232+0000] {standard_task_runner.py:104} INFO - Running: ['***', 'tasks', 'run', 'coleta_dados_abertos_cnpj', 'extract_qualificacoes', 'manual__2025-01-24T21:15:51.387766+00:00', '--job-id', '845', '--raw', '--subdir', 'DAGS_FOLDER/coleta_dados_abertos_cnpj/dag.py', '--cfg-path', '/tmp/tmp_jr7i_yi']
[2025-01-24T21:34:03.233+0000] {standard_task_runner.py:105} INFO - Job 845: Subtask extract_qualificacoes
[2025-01-24T21:34:03.264+0000] {task_command.py:467} INFO - Running <TaskInstance: coleta_dados_abertos_cnpj.extract_qualificacoes manual__2025-01-24T21:15:51.387766+00:00 [running]> on host ee70781c29c7
[2025-01-24T21:34:03.325+0000] {taskinstance.py:3132} INFO - Exporting env vars: AIRFLOW_CTX_DAG_OWNER='Corvaum' AIRFLOW_CTX_DAG_ID='coleta_dados_abertos_cnpj' AIRFLOW_CTX_TASK_ID='extract_qualificacoes' AIRFLOW_CTX_EXECUTION_DATE='2025-01-24T21:15:51.387766+00:00' AIRFLOW_CTX_TRY_NUMBER='2' AIRFLOW_CTX_DAG_RUN_ID='manual__2025-01-24T21:15:51.387766+00:00'
[2025-01-24T21:34:03.325+0000] {taskinstance.py:731} INFO - ::endgroup::
[2025-01-24T21:34:03.336+0000] {logging_mixin.py:190} INFO - Data formatada: 2025-01
[2025-01-24T21:34:03.563+0000] {logging_mixin.py:190} INFO - Arquivos encontrados: ['Qualificacoes.zip']
[2025-01-24T21:34:03.565+0000] {logging_mixin.py:190} INFO - Baixando o arquivo: https://arquivos.receitafederal.gov.br/dados/cnpj/dados_abertos_cnpj/2025-01/Qualificacoes.zip
[2025-01-24T21:34:03.693+0000] {logging_mixin.py:190} INFO - Download concluído: https://arquivos.receitafederal.gov.br/dados/cnpj/dados_abertos_cnpj/2025-01/Qualificacoes.zip
[2025-01-24T21:34:03.698+0000] {logging_mixin.py:190} INFO - Arquivos descompactados: ['/tmp/5b3727d2a01143a9a80d3e55dd5aac11_extracted/F.K03200$Z.D50111.QUALSCSV']
[2025-01-24T21:34:03.741+0000] {logging_mixin.py:190} INFO - Arquivo full_cpf/Qualificacoes/2025-01/Qualificacoes_5c7d22057961465e95900edc2e511613.csv carregado com sucesso no MinIO!
[2025-01-24T21:34:03.741+0000] {python.py:240} INFO - Done. Returned value was: None
[2025-01-24T21:34:03.746+0000] {taskinstance.py:340} INFO - ::group::Post task execution logs
[2025-01-24T21:34:03.746+0000] {taskinstance.py:352} INFO - Marking task as SUCCESS. dag_id=coleta_dados_abertos_cnpj, task_id=extract_qualificacoes, run_id=manual__2025-01-24T21:15:51.387766+00:00, execution_date=20250124T211551, start_date=20250124T213403, end_date=20250124T213403
[2025-01-24T21:34:03.766+0000] {local_task_job_runner.py:266} INFO - Task exited with return code 0
[2025-01-24T21:34:03.779+0000] {taskinstance.py:3895} INFO - 0 downstream tasks scheduled from follow-on schedule check
[2025-01-24T21:34:03.781+0000] {local_task_job_runner.py:245} INFO - ::endgroup::
