[2025-01-24T19:03:17.357+0000] {local_task_job_runner.py:123} INFO - ::group::Pre task execution logs
[2025-01-24T19:03:17.366+0000] {taskinstance.py:2613} INFO - Dependencies all met for dep_context=non-requeueable deps ti=<TaskInstance: coleta_dados_abertos_cnpj.transform_estabelecimentos scheduled__2024-12-10T00:00:00+00:00 [queued]>
[2025-01-24T19:03:17.371+0000] {taskinstance.py:2613} INFO - Dependencies all met for dep_context=requeueable deps ti=<TaskInstance: coleta_dados_abertos_cnpj.transform_estabelecimentos scheduled__2024-12-10T00:00:00+00:00 [queued]>
[2025-01-24T19:03:17.371+0000] {taskinstance.py:2866} INFO - Starting attempt 1 of 2
[2025-01-24T19:03:17.381+0000] {taskinstance.py:2889} INFO - Executing <Task(PythonOperator): transform_estabelecimentos> on 2024-12-10 00:00:00+00:00
[2025-01-24T19:03:17.385+0000] {warnings.py:112} WARNING - /home/***/.local/lib/python3.12/site-packages/***/task/task_runner/standard_task_runner.py:70: DeprecationWarning: This process (pid=1544) is multi-threaded, use of fork() may lead to deadlocks in the child.
  pid = os.fork()

[2025-01-24T19:03:17.386+0000] {standard_task_runner.py:72} INFO - Started process 1552 to run task
[2025-01-24T19:03:17.386+0000] {standard_task_runner.py:104} INFO - Running: ['***', 'tasks', 'run', 'coleta_dados_abertos_cnpj', 'transform_estabelecimentos', 'scheduled__2024-12-10T00:00:00+00:00', '--job-id', '653', '--raw', '--subdir', 'DAGS_FOLDER/coleta_dados_abertos_cnpj/dag.py', '--cfg-path', '/tmp/tmpd81tbha_']
[2025-01-24T19:03:17.388+0000] {standard_task_runner.py:105} INFO - Job 653: Subtask transform_estabelecimentos
[2025-01-24T19:03:17.411+0000] {task_command.py:467} INFO - Running <TaskInstance: coleta_dados_abertos_cnpj.transform_estabelecimentos scheduled__2024-12-10T00:00:00+00:00 [running]> on host ee70781c29c7
[2025-01-24T19:03:17.454+0000] {taskinstance.py:3132} INFO - Exporting env vars: AIRFLOW_CTX_DAG_OWNER='Corvaum' AIRFLOW_CTX_DAG_ID='coleta_dados_abertos_cnpj' AIRFLOW_CTX_TASK_ID='transform_estabelecimentos' AIRFLOW_CTX_EXECUTION_DATE='2024-12-10T00:00:00+00:00' AIRFLOW_CTX_TRY_NUMBER='1' AIRFLOW_CTX_DAG_RUN_ID='scheduled__2024-12-10T00:00:00+00:00'
[2025-01-24T19:03:17.455+0000] {taskinstance.py:731} INFO - ::endgroup::
[2025-01-24T19:03:17.462+0000] {logging_mixin.py:190} INFO - cnaes
[2025-01-24T19:03:17.463+0000] {python.py:240} INFO - Done. Returned value was: None
[2025-01-24T19:03:17.468+0000] {taskinstance.py:340} INFO - ::group::Post task execution logs
[2025-01-24T19:03:17.468+0000] {taskinstance.py:352} INFO - Marking task as SUCCESS. dag_id=coleta_dados_abertos_cnpj, task_id=transform_estabelecimentos, run_id=scheduled__2024-12-10T00:00:00+00:00, execution_date=20241210T000000, start_date=20250124T190317, end_date=20250124T190317
[2025-01-24T19:03:17.480+0000] {local_task_job_runner.py:266} INFO - Task exited with return code 0
[2025-01-24T19:03:17.490+0000] {taskinstance.py:3895} INFO - 1 downstream tasks scheduled from follow-on schedule check
[2025-01-24T19:03:17.491+0000] {local_task_job_runner.py:245} INFO - ::endgroup::
[2025-01-24T19:04:07.889+0000] {local_task_job_runner.py:123} INFO - ::group::Pre task execution logs
[2025-01-24T19:04:07.897+0000] {taskinstance.py:2613} INFO - Dependencies all met for dep_context=non-requeueable deps ti=<TaskInstance: coleta_dados_abertos_cnpj.transform_estabelecimentos scheduled__2024-12-10T00:00:00+00:00 [queued]>
[2025-01-24T19:04:07.903+0000] {taskinstance.py:2613} INFO - Dependencies all met for dep_context=requeueable deps ti=<TaskInstance: coleta_dados_abertos_cnpj.transform_estabelecimentos scheduled__2024-12-10T00:00:00+00:00 [queued]>
[2025-01-24T19:04:07.904+0000] {taskinstance.py:2866} INFO - Starting attempt 1 of 2
[2025-01-24T19:04:07.915+0000] {taskinstance.py:2889} INFO - Executing <Task(PythonOperator): transform_estabelecimentos> on 2024-12-10 00:00:00+00:00
[2025-01-24T19:04:07.919+0000] {warnings.py:112} WARNING - /home/***/.local/lib/python3.12/site-packages/***/task/task_runner/standard_task_runner.py:70: DeprecationWarning: This process (pid=1582) is multi-threaded, use of fork() may lead to deadlocks in the child.
  pid = os.fork()

[2025-01-24T19:04:07.920+0000] {standard_task_runner.py:72} INFO - Started process 1602 to run task
[2025-01-24T19:04:07.921+0000] {standard_task_runner.py:104} INFO - Running: ['***', 'tasks', 'run', 'coleta_dados_abertos_cnpj', 'transform_estabelecimentos', 'scheduled__2024-12-10T00:00:00+00:00', '--job-id', '665', '--raw', '--subdir', 'DAGS_FOLDER/coleta_dados_abertos_cnpj/dag.py', '--cfg-path', '/tmp/tmpf8yseb9o']
[2025-01-24T19:04:07.923+0000] {standard_task_runner.py:105} INFO - Job 665: Subtask transform_estabelecimentos
[2025-01-24T19:04:07.953+0000] {task_command.py:467} INFO - Running <TaskInstance: coleta_dados_abertos_cnpj.transform_estabelecimentos scheduled__2024-12-10T00:00:00+00:00 [running]> on host ee70781c29c7
[2025-01-24T19:04:08.000+0000] {taskinstance.py:3132} INFO - Exporting env vars: AIRFLOW_CTX_DAG_OWNER='Corvaum' AIRFLOW_CTX_DAG_ID='coleta_dados_abertos_cnpj' AIRFLOW_CTX_TASK_ID='transform_estabelecimentos' AIRFLOW_CTX_EXECUTION_DATE='2024-12-10T00:00:00+00:00' AIRFLOW_CTX_TRY_NUMBER='1' AIRFLOW_CTX_DAG_RUN_ID='scheduled__2024-12-10T00:00:00+00:00'
[2025-01-24T19:04:08.000+0000] {taskinstance.py:731} INFO - ::endgroup::
[2025-01-24T19:04:08.007+0000] {logging_mixin.py:190} INFO - cnaes
[2025-01-24T19:04:08.008+0000] {python.py:240} INFO - Done. Returned value was: None
[2025-01-24T19:04:08.013+0000] {taskinstance.py:340} INFO - ::group::Post task execution logs
[2025-01-24T19:04:08.013+0000] {taskinstance.py:352} INFO - Marking task as SUCCESS. dag_id=coleta_dados_abertos_cnpj, task_id=transform_estabelecimentos, run_id=scheduled__2024-12-10T00:00:00+00:00, execution_date=20241210T000000, start_date=20250124T190407, end_date=20250124T190408
[2025-01-24T19:04:08.054+0000] {local_task_job_runner.py:266} INFO - Task exited with return code 0
[2025-01-24T19:04:08.063+0000] {local_task_job_runner.py:245} INFO - ::endgroup::
