[2025-01-19T19:56:03.054+0000] {local_task_job_runner.py:123} INFO - ::group::Pre task execution logs
[2025-01-19T19:56:03.185+0000] {taskinstance.py:2613} INFO - Dependencies all met for dep_context=non-requeueable deps ti=<TaskInstance: gerar_csv_dados_abertos_cnpj.gerar_csv manual__2025-01-19T19:49:13.414481+00:00 [queued]>
[2025-01-19T19:56:03.190+0000] {taskinstance.py:2613} INFO - Dependencies all met for dep_context=requeueable deps ti=<TaskInstance: gerar_csv_dados_abertos_cnpj.gerar_csv manual__2025-01-19T19:49:13.414481+00:00 [queued]>
[2025-01-19T19:56:03.190+0000] {taskinstance.py:2866} INFO - Starting attempt 6 of 6
[2025-01-19T19:56:03.217+0000] {taskinstance.py:2889} INFO - Executing <Task(PythonOperator): gerar_csv> on 2025-01-19 19:49:13.414481+00:00
[2025-01-19T19:56:03.222+0000] {warnings.py:112} WARNING - /home/***/.local/lib/python3.12/site-packages/***/task/task_runner/standard_task_runner.py:70: DeprecationWarning: This process (pid=349) is multi-threaded, use of fork() may lead to deadlocks in the child.
  pid = os.fork()

[2025-01-19T19:56:03.223+0000] {standard_task_runner.py:72} INFO - Started process 351 to run task
[2025-01-19T19:56:03.223+0000] {standard_task_runner.py:104} INFO - Running: ['***', 'tasks', 'run', 'gerar_csv_dados_abertos_cnpj', 'gerar_csv', 'manual__2025-01-19T19:49:13.414481+00:00', '--job-id', '217', '--raw', '--subdir', 'DAGS_FOLDER/saving_file.py', '--cfg-path', '/tmp/tmpv88fm_r0']
[2025-01-19T19:56:03.224+0000] {standard_task_runner.py:105} INFO - Job 217: Subtask gerar_csv
[2025-01-19T19:56:03.250+0000] {task_command.py:467} INFO - Running <TaskInstance: gerar_csv_dados_abertos_cnpj.gerar_csv manual__2025-01-19T19:49:13.414481+00:00 [running]> on host f9324e49080a
[2025-01-19T19:56:03.298+0000] {taskinstance.py:3132} INFO - Exporting env vars: AIRFLOW_CTX_DAG_OWNER='***' AIRFLOW_CTX_DAG_ID='gerar_csv_dados_abertos_cnpj' AIRFLOW_CTX_TASK_ID='gerar_csv' AIRFLOW_CTX_EXECUTION_DATE='2025-01-19T19:49:13.414481+00:00' AIRFLOW_CTX_TRY_NUMBER='6' AIRFLOW_CTX_DAG_RUN_ID='manual__2025-01-19T19:49:13.414481+00:00'
[2025-01-19T19:56:03.299+0000] {taskinstance.py:731} INFO - ::endgroup::
[2025-01-19T19:56:03.307+0000] {logging_mixin.py:190} INFO - testanaado
[2025-01-19T19:56:03.308+0000] {logging_mixin.py:190} INFO - Diretório criado com sucesso: G:/Airlfow/volumes/dados_abertos_cnpj/empresa_dados
[2025-01-19T19:56:03.311+0000] {logging_mixin.py:190} INFO - Erro ao gerar CSV: [Errno 21] Is a directory: 'G:/Airlfow/volumes/dados_abertos_cnpj/empresa_dados/'
[2025-01-19T19:56:03.315+0000] {logging_mixin.py:190} WARNING - Traceback (most recent call last):
[2025-01-19T19:56:03.315+0000] {logging_mixin.py:190} WARNING -   File "/opt/***/dags/saving_file.py", line 36, in gerar_csv
    df.to_csv(caminho_arquivo, index=False)
[2025-01-19T19:56:03.315+0000] {logging_mixin.py:190} WARNING -   File "/home/***/.local/lib/python3.12/site-packages/pandas/core/generic.py", line 3902, in to_csv
    return DataFrameRenderer(formatter).to_csv(
           ^^^^^^^^^^^^^^^^^^^^^^^^^^^^^^^^^^^^
[2025-01-19T19:56:03.316+0000] {logging_mixin.py:190} WARNING -   File "/home/***/.local/lib/python3.12/site-packages/pandas/io/formats/format.py", line 1152, in to_csv
    csv_formatter.save()
[2025-01-19T19:56:03.316+0000] {logging_mixin.py:190} WARNING -   File "/home/***/.local/lib/python3.12/site-packages/pandas/io/formats/csvs.py", line 247, in save
    with get_handle(
         ^^^^^^^^^^^
[2025-01-19T19:56:03.316+0000] {logging_mixin.py:190} WARNING -   File "/home/***/.local/lib/python3.12/site-packages/pandas/io/common.py", line 863, in get_handle
    handle = open(
             ^^^^^
[2025-01-19T19:56:03.317+0000] {logging_mixin.py:190} WARNING - IsADirectoryError: [Errno 21] Is a directory: 'G:/Airlfow/volumes/dados_abertos_cnpj/empresa_dados/'
[2025-01-19T19:56:03.317+0000] {python.py:240} INFO - Done. Returned value was: None
[2025-01-19T19:56:03.323+0000] {taskinstance.py:340} INFO - ::group::Post task execution logs
[2025-01-19T19:56:03.323+0000] {taskinstance.py:352} INFO - Marking task as SUCCESS. dag_id=gerar_csv_dados_abertos_cnpj, task_id=gerar_csv, run_id=manual__2025-01-19T19:49:13.414481+00:00, execution_date=20250119T194913, start_date=20250119T195603, end_date=20250119T195603
[2025-01-19T19:56:03.356+0000] {local_task_job_runner.py:266} INFO - Task exited with return code 0
[2025-01-19T19:56:03.365+0000] {taskinstance.py:3895} INFO - 0 downstream tasks scheduled from follow-on schedule check
[2025-01-19T19:56:03.367+0000] {local_task_job_runner.py:245} INFO - ::endgroup::
