[2025-01-24T07:04:32.064+0000] {local_task_job_runner.py:123} INFO - ::group::Pre task execution logs
[2025-01-24T07:04:32.073+0000] {taskinstance.py:2613} INFO - Dependencies all met for dep_context=non-requeueable deps ti=<TaskInstance: coleta_dados_abertos_cnpj.extract manual__2025-01-24T06:56:26.109432+00:00 [queued]>
[2025-01-24T07:04:32.077+0000] {taskinstance.py:2613} INFO - Dependencies all met for dep_context=requeueable deps ti=<TaskInstance: coleta_dados_abertos_cnpj.extract manual__2025-01-24T06:56:26.109432+00:00 [queued]>
[2025-01-24T07:04:32.077+0000] {taskinstance.py:2866} INFO - Starting attempt 9 of 10
[2025-01-24T07:04:32.093+0000] {taskinstance.py:2889} INFO - Executing <Task(PythonOperator): extract> on 2025-01-24 06:56:26.109432+00:00
[2025-01-24T07:04:32.097+0000] {warnings.py:112} WARNING - /home/***/.local/lib/python3.12/site-packages/***/task/task_runner/standard_task_runner.py:70: DeprecationWarning: This process (pid=1557) is multi-threaded, use of fork() may lead to deadlocks in the child.
  pid = os.fork()

[2025-01-24T07:04:32.098+0000] {standard_task_runner.py:72} INFO - Started process 1559 to run task
[2025-01-24T07:04:32.098+0000] {standard_task_runner.py:104} INFO - Running: ['***', 'tasks', 'run', 'coleta_dados_abertos_cnpj', 'extract', 'manual__2025-01-24T06:56:26.109432+00:00', '--job-id', '301', '--raw', '--subdir', 'DAGS_FOLDER/coleta_dados_abertos_cnpj/dag.py', '--cfg-path', '/tmp/tmpnbpw5qti']
[2025-01-24T07:04:32.100+0000] {standard_task_runner.py:105} INFO - Job 301: Subtask extract
[2025-01-24T07:04:32.126+0000] {task_command.py:467} INFO - Running <TaskInstance: coleta_dados_abertos_cnpj.extract manual__2025-01-24T06:56:26.109432+00:00 [running]> on host ee70781c29c7
[2025-01-24T07:04:32.168+0000] {taskinstance.py:3132} INFO - Exporting env vars: AIRFLOW_CTX_DAG_OWNER='Corvaum' AIRFLOW_CTX_DAG_ID='coleta_dados_abertos_cnpj' AIRFLOW_CTX_TASK_ID='extract' AIRFLOW_CTX_EXECUTION_DATE='2025-01-24T06:56:26.109432+00:00' AIRFLOW_CTX_TRY_NUMBER='9' AIRFLOW_CTX_DAG_RUN_ID='manual__2025-01-24T06:56:26.109432+00:00'
[2025-01-24T07:04:32.169+0000] {taskinstance.py:731} INFO - ::endgroup::
[2025-01-24T07:04:32.178+0000] {logging_mixin.py:190} INFO - 2025-01
[2025-01-24T07:04:32.343+0000] {logging_mixin.py:190} INFO - -----------------
[2025-01-24T07:04:32.343+0000] {logging_mixin.py:190} INFO - ['Cnaes.zip', 'Empresas0.zip', 'Empresas1.zip', 'Empresas2.zip', 'Empresas3.zip', 'Empresas4.zip', 'Empresas5.zip', 'Empresas6.zip', 'Empresas7.zip', 'Empresas8.zip', 'Empresas9.zip', 'Estabelecimentos0.zip', 'Estabelecimentos1.zip', 'Estabelecimentos2.zip', 'Estabelecimentos3.zip', 'Estabelecimentos4.zip', 'Estabelecimentos5.zip', 'Estabelecimentos6.zip', 'Estabelecimentos7.zip', 'Estabelecimentos8.zip', 'Estabelecimentos9.zip', 'Motivos.zip', 'Municipios.zip', 'Naturezas.zip', 'Paises.zip', 'Qualificacoes.zip', 'Simples.zip', 'Socios0.zip', 'Socios1.zip', 'Socios2.zip', 'Socios3.zip', 'Socios4.zip', 'Socios5.zip', 'Socios6.zip', 'Socios7.zip', 'Socios8.zip', 'Socios9.zip']
[2025-01-24T07:04:32.344+0000] {logging_mixin.py:190} INFO - ['Cnaes', 'Empresas', 'Estabelecimentos', 'Motivos', 'Municipios', 'Naturezas', 'Paises', 'Qualificacoes', 'Simples', 'Socios']
[2025-01-24T07:04:32.344+0000] {logging_mixin.py:190} INFO - Iniciando o download de: https://arquivos.receitafederal.gov.br/dados/cnpj/dados_abertos_cnpj/2025-01/Cnaes.zip
[2025-01-24T07:04:32.484+0000] {logging_mixin.py:190} INFO - Nenhum arquivo CSV válido encontrado no ZIP.
[2025-01-24T07:04:32.485+0000] {logging_mixin.py:190} INFO - Iniciando o download de: https://arquivos.receitafederal.gov.br/dados/cnpj/dados_abertos_cnpj/2025-01/Empresas0.zip
[2025-01-24T07:06:28.231+0000] {logging_mixin.py:190} INFO - Nenhum arquivo CSV válido encontrado no ZIP.
[2025-01-24T07:06:28.231+0000] {logging_mixin.py:190} INFO - Iniciando o download de: https://arquivos.receitafederal.gov.br/dados/cnpj/dados_abertos_cnpj/2025-01/Empresas1.zip
[2025-01-24T07:06:50.628+0000] {logging_mixin.py:190} INFO - Nenhum arquivo CSV válido encontrado no ZIP.
[2025-01-24T07:06:50.629+0000] {logging_mixin.py:190} INFO - Iniciando o download de: https://arquivos.receitafederal.gov.br/dados/cnpj/dados_abertos_cnpj/2025-01/Empresas2.zip
[2025-01-24T07:07:13.247+0000] {logging_mixin.py:190} INFO - Nenhum arquivo CSV válido encontrado no ZIP.
[2025-01-24T07:07:13.248+0000] {logging_mixin.py:190} INFO - Iniciando o download de: https://arquivos.receitafederal.gov.br/dados/cnpj/dados_abertos_cnpj/2025-01/Empresas3.zip
[2025-01-24T07:07:37.445+0000] {logging_mixin.py:190} INFO - Nenhum arquivo CSV válido encontrado no ZIP.
[2025-01-24T07:07:37.446+0000] {logging_mixin.py:190} INFO - Iniciando o download de: https://arquivos.receitafederal.gov.br/dados/cnpj/dados_abertos_cnpj/2025-01/Empresas4.zip
[2025-01-24T07:07:38.369+0000] {local_task_job_runner.py:346} WARNING - State of this instance has been externally set to failed. Terminating instance.
[2025-01-24T07:07:38.370+0000] {local_task_job_runner.py:245} INFO - ::endgroup::
[2025-01-24T07:07:38.370+0000] {process_utils.py:132} INFO - Sending 15 to group 1559. PIDs of all processes in the group: [1559]
[2025-01-24T07:07:38.371+0000] {process_utils.py:87} INFO - Sending the signal 15 to group 1559
[2025-01-24T07:07:38.371+0000] {taskinstance.py:3093} ERROR - Received SIGTERM. Terminating subprocesses.
[2025-01-24T07:07:38.383+0000] {taskinstance.py:340} INFO - ::group::Post task execution logs
[2025-01-24T07:07:38.397+0000] {process_utils.py:80} INFO - Process psutil.Process(pid=1559, status='terminated', exitcode=0, started='07:04:32') (1559) terminated with exit code 0
