[2025-01-24T19:03:16.886+0000] {local_task_job_runner.py:123} INFO - ::group::Pre task execution logs
[2025-01-24T19:03:16.895+0000] {taskinstance.py:2613} INFO - Dependencies all met for dep_context=non-requeueable deps ti=<TaskInstance: coleta_dados_abertos_cnpj.transform_paises scheduled__2024-12-10T00:00:00+00:00 [queued]>
[2025-01-24T19:03:16.900+0000] {taskinstance.py:2613} INFO - Dependencies all met for dep_context=requeueable deps ti=<TaskInstance: coleta_dados_abertos_cnpj.transform_paises scheduled__2024-12-10T00:00:00+00:00 [queued]>
[2025-01-24T19:03:16.900+0000] {taskinstance.py:2866} INFO - Starting attempt 1 of 2
[2025-01-24T19:03:16.920+0000] {taskinstance.py:2889} INFO - Executing <Task(PythonOperator): transform_paises> on 2024-12-10 00:00:00+00:00
[2025-01-24T19:03:16.924+0000] {warnings.py:112} WARNING - /home/***/.local/lib/python3.12/site-packages/***/task/task_runner/standard_task_runner.py:70: DeprecationWarning: This process (pid=1519) is multi-threaded, use of fork() may lead to deadlocks in the child.
  pid = os.fork()

[2025-01-24T19:03:16.924+0000] {standard_task_runner.py:72} INFO - Started process 1538 to run task
[2025-01-24T19:03:16.925+0000] {standard_task_runner.py:104} INFO - Running: ['***', 'tasks', 'run', 'coleta_dados_abertos_cnpj', 'transform_paises', 'scheduled__2024-12-10T00:00:00+00:00', '--job-id', '648', '--raw', '--subdir', 'DAGS_FOLDER/coleta_dados_abertos_cnpj/dag.py', '--cfg-path', '/tmp/tmpwtjz8pqw']
[2025-01-24T19:03:16.926+0000] {standard_task_runner.py:105} INFO - Job 648: Subtask transform_paises
[2025-01-24T19:03:16.954+0000] {task_command.py:467} INFO - Running <TaskInstance: coleta_dados_abertos_cnpj.transform_paises scheduled__2024-12-10T00:00:00+00:00 [running]> on host ee70781c29c7
[2025-01-24T19:03:17.006+0000] {taskinstance.py:3132} INFO - Exporting env vars: AIRFLOW_CTX_DAG_OWNER='Corvaum' AIRFLOW_CTX_DAG_ID='coleta_dados_abertos_cnpj' AIRFLOW_CTX_TASK_ID='transform_paises' AIRFLOW_CTX_EXECUTION_DATE='2024-12-10T00:00:00+00:00' AIRFLOW_CTX_TRY_NUMBER='1' AIRFLOW_CTX_DAG_RUN_ID='scheduled__2024-12-10T00:00:00+00:00'
[2025-01-24T19:03:17.007+0000] {taskinstance.py:731} INFO - ::endgroup::
[2025-01-24T19:03:17.017+0000] {logging_mixin.py:190} INFO - cnaes
[2025-01-24T19:03:17.018+0000] {python.py:240} INFO - Done. Returned value was: None
[2025-01-24T19:03:17.023+0000] {taskinstance.py:340} INFO - ::group::Post task execution logs
[2025-01-24T19:03:17.024+0000] {taskinstance.py:352} INFO - Marking task as SUCCESS. dag_id=coleta_dados_abertos_cnpj, task_id=transform_paises, run_id=scheduled__2024-12-10T00:00:00+00:00, execution_date=20241210T000000, start_date=20250124T190316, end_date=20250124T190317
[2025-01-24T19:03:17.058+0000] {local_task_job_runner.py:266} INFO - Task exited with return code 0
[2025-01-24T19:03:17.068+0000] {taskinstance.py:3895} INFO - 0 downstream tasks scheduled from follow-on schedule check
[2025-01-24T19:03:17.070+0000] {local_task_job_runner.py:245} INFO - ::endgroup::
[2025-01-24T19:04:07.886+0000] {local_task_job_runner.py:123} INFO - ::group::Pre task execution logs
[2025-01-24T19:04:07.896+0000] {taskinstance.py:2613} INFO - Dependencies all met for dep_context=non-requeueable deps ti=<TaskInstance: coleta_dados_abertos_cnpj.transform_paises scheduled__2024-12-10T00:00:00+00:00 [queued]>
[2025-01-24T19:04:07.901+0000] {taskinstance.py:2613} INFO - Dependencies all met for dep_context=requeueable deps ti=<TaskInstance: coleta_dados_abertos_cnpj.transform_paises scheduled__2024-12-10T00:00:00+00:00 [queued]>
[2025-01-24T19:04:07.901+0000] {taskinstance.py:2866} INFO - Starting attempt 1 of 2
[2025-01-24T19:04:07.911+0000] {taskinstance.py:2889} INFO - Executing <Task(PythonOperator): transform_paises> on 2024-12-10 00:00:00+00:00
[2025-01-24T19:04:07.915+0000] {warnings.py:112} WARNING - /home/***/.local/lib/python3.12/site-packages/***/task/task_runner/standard_task_runner.py:70: DeprecationWarning: This process (pid=1584) is multi-threaded, use of fork() may lead to deadlocks in the child.
  pid = os.fork()

[2025-01-24T19:04:07.916+0000] {standard_task_runner.py:72} INFO - Started process 1600 to run task
[2025-01-24T19:04:07.916+0000] {standard_task_runner.py:104} INFO - Running: ['***', 'tasks', 'run', 'coleta_dados_abertos_cnpj', 'transform_paises', 'scheduled__2024-12-10T00:00:00+00:00', '--job-id', '664', '--raw', '--subdir', 'DAGS_FOLDER/coleta_dados_abertos_cnpj/dag.py', '--cfg-path', '/tmp/tmpxpc7d55b']
[2025-01-24T19:04:07.917+0000] {standard_task_runner.py:105} INFO - Job 664: Subtask transform_paises
[2025-01-24T19:04:07.951+0000] {task_command.py:467} INFO - Running <TaskInstance: coleta_dados_abertos_cnpj.transform_paises scheduled__2024-12-10T00:00:00+00:00 [running]> on host ee70781c29c7
[2025-01-24T19:04:07.995+0000] {taskinstance.py:3132} INFO - Exporting env vars: AIRFLOW_CTX_DAG_OWNER='Corvaum' AIRFLOW_CTX_DAG_ID='coleta_dados_abertos_cnpj' AIRFLOW_CTX_TASK_ID='transform_paises' AIRFLOW_CTX_EXECUTION_DATE='2024-12-10T00:00:00+00:00' AIRFLOW_CTX_TRY_NUMBER='1' AIRFLOW_CTX_DAG_RUN_ID='scheduled__2024-12-10T00:00:00+00:00'
[2025-01-24T19:04:07.996+0000] {taskinstance.py:731} INFO - ::endgroup::
[2025-01-24T19:04:08.003+0000] {logging_mixin.py:190} INFO - cnaes
[2025-01-24T19:04:08.003+0000] {python.py:240} INFO - Done. Returned value was: None
[2025-01-24T19:04:08.010+0000] {taskinstance.py:340} INFO - ::group::Post task execution logs
[2025-01-24T19:04:08.010+0000] {taskinstance.py:352} INFO - Marking task as SUCCESS. dag_id=coleta_dados_abertos_cnpj, task_id=transform_paises, run_id=scheduled__2024-12-10T00:00:00+00:00, execution_date=20241210T000000, start_date=20250124T190407, end_date=20250124T190408
[2025-01-24T19:04:08.049+0000] {local_task_job_runner.py:266} INFO - Task exited with return code 0
[2025-01-24T19:04:08.062+0000] {taskinstance.py:3895} INFO - 1 downstream tasks scheduled from follow-on schedule check
[2025-01-24T19:04:08.064+0000] {local_task_job_runner.py:245} INFO - ::endgroup::
