[2025-01-24T19:05:10.677+0000] {local_task_job_runner.py:123} INFO - ::group::Pre task execution logs
[2025-01-24T19:05:10.686+0000] {taskinstance.py:2613} INFO - Dependencies all met for dep_context=non-requeueable deps ti=<TaskInstance: coleta_dados_abertos_cnpj.transform_qualificacoes manual__2025-01-24T19:04:37.945220+00:00 [queued]>
[2025-01-24T19:05:10.690+0000] {taskinstance.py:2613} INFO - Dependencies all met for dep_context=requeueable deps ti=<TaskInstance: coleta_dados_abertos_cnpj.transform_qualificacoes manual__2025-01-24T19:04:37.945220+00:00 [queued]>
[2025-01-24T19:05:10.691+0000] {taskinstance.py:2866} INFO - Starting attempt 2 of 3
[2025-01-24T19:05:10.708+0000] {taskinstance.py:2889} INFO - Executing <Task(PythonOperator): transform_qualificacoes> on 2025-01-24 19:04:37.945220+00:00
[2025-01-24T19:05:10.712+0000] {warnings.py:112} WARNING - /home/***/.local/lib/python3.12/site-packages/***/task/task_runner/standard_task_runner.py:70: DeprecationWarning: This process (pid=1746) is multi-threaded, use of fork() may lead to deadlocks in the child.
  pid = os.fork()

[2025-01-24T19:05:10.713+0000] {standard_task_runner.py:72} INFO - Started process 1767 to run task
[2025-01-24T19:05:10.714+0000] {standard_task_runner.py:104} INFO - Running: ['***', 'tasks', 'run', 'coleta_dados_abertos_cnpj', 'transform_qualificacoes', 'manual__2025-01-24T19:04:37.945220+00:00', '--job-id', '715', '--raw', '--subdir', 'DAGS_FOLDER/coleta_dados_abertos_cnpj/dag.py', '--cfg-path', '/tmp/tmpdkelx7rz']
[2025-01-24T19:05:10.715+0000] {standard_task_runner.py:105} INFO - Job 715: Subtask transform_qualificacoes
[2025-01-24T19:05:10.742+0000] {task_command.py:467} INFO - Running <TaskInstance: coleta_dados_abertos_cnpj.transform_qualificacoes manual__2025-01-24T19:04:37.945220+00:00 [running]> on host ee70781c29c7
[2025-01-24T19:05:10.792+0000] {taskinstance.py:3132} INFO - Exporting env vars: AIRFLOW_CTX_DAG_OWNER='Corvaum' AIRFLOW_CTX_DAG_ID='coleta_dados_abertos_cnpj' AIRFLOW_CTX_TASK_ID='transform_qualificacoes' AIRFLOW_CTX_EXECUTION_DATE='2025-01-24T19:04:37.945220+00:00' AIRFLOW_CTX_TRY_NUMBER='2' AIRFLOW_CTX_DAG_RUN_ID='manual__2025-01-24T19:04:37.945220+00:00'
[2025-01-24T19:05:10.793+0000] {taskinstance.py:731} INFO - ::endgroup::
[2025-01-24T19:05:10.800+0000] {logging_mixin.py:190} INFO - cnaes
[2025-01-24T19:05:10.800+0000] {python.py:240} INFO - Done. Returned value was: None
[2025-01-24T19:05:10.806+0000] {taskinstance.py:340} INFO - ::group::Post task execution logs
[2025-01-24T19:05:10.806+0000] {taskinstance.py:352} INFO - Marking task as SUCCESS. dag_id=coleta_dados_abertos_cnpj, task_id=transform_qualificacoes, run_id=manual__2025-01-24T19:04:37.945220+00:00, execution_date=20250124T190437, start_date=20250124T190510, end_date=20250124T190510
[2025-01-24T19:05:10.846+0000] {local_task_job_runner.py:266} INFO - Task exited with return code 0
[2025-01-24T19:05:10.855+0000] {taskinstance.py:3895} INFO - 0 downstream tasks scheduled from follow-on schedule check
[2025-01-24T19:05:10.857+0000] {local_task_job_runner.py:245} INFO - ::endgroup::
