[2025-01-24T19:03:16.984+0000] {local_task_job_runner.py:123} INFO - ::group::Pre task execution logs
[2025-01-24T19:03:16.994+0000] {taskinstance.py:2613} INFO - Dependencies all met for dep_context=non-requeueable deps ti=<TaskInstance: coleta_dados_abertos_cnpj.transform_empresas scheduled__2024-12-10T00:00:00+00:00 [queued]>
[2025-01-24T19:03:17.001+0000] {taskinstance.py:2613} INFO - Dependencies all met for dep_context=requeueable deps ti=<TaskInstance: coleta_dados_abertos_cnpj.transform_empresas scheduled__2024-12-10T00:00:00+00:00 [queued]>
[2025-01-24T19:03:17.001+0000] {taskinstance.py:2866} INFO - Starting attempt 1 of 2
[2025-01-24T19:03:17.151+0000] {taskinstance.py:2889} INFO - Executing <Task(PythonOperator): transform_empresas> on 2024-12-10 00:00:00+00:00
[2025-01-24T19:03:17.155+0000] {warnings.py:112} WARNING - /home/***/.local/lib/python3.12/site-packages/***/task/task_runner/standard_task_runner.py:70: DeprecationWarning: This process (pid=1521) is multi-threaded, use of fork() may lead to deadlocks in the child.
  pid = os.fork()

[2025-01-24T19:03:17.156+0000] {standard_task_runner.py:72} INFO - Started process 1546 to run task
[2025-01-24T19:03:17.156+0000] {standard_task_runner.py:104} INFO - Running: ['***', 'tasks', 'run', 'coleta_dados_abertos_cnpj', 'transform_empresas', 'scheduled__2024-12-10T00:00:00+00:00', '--job-id', '650', '--raw', '--subdir', 'DAGS_FOLDER/coleta_dados_abertos_cnpj/dag.py', '--cfg-path', '/tmp/tmpagvn_dq2']
[2025-01-24T19:03:17.157+0000] {standard_task_runner.py:105} INFO - Job 650: Subtask transform_empresas
[2025-01-24T19:03:17.187+0000] {task_command.py:467} INFO - Running <TaskInstance: coleta_dados_abertos_cnpj.transform_empresas scheduled__2024-12-10T00:00:00+00:00 [running]> on host ee70781c29c7
[2025-01-24T19:03:17.234+0000] {taskinstance.py:3132} INFO - Exporting env vars: AIRFLOW_CTX_DAG_OWNER='Corvaum' AIRFLOW_CTX_DAG_ID='coleta_dados_abertos_cnpj' AIRFLOW_CTX_TASK_ID='transform_empresas' AIRFLOW_CTX_EXECUTION_DATE='2024-12-10T00:00:00+00:00' AIRFLOW_CTX_TRY_NUMBER='1' AIRFLOW_CTX_DAG_RUN_ID='scheduled__2024-12-10T00:00:00+00:00'
[2025-01-24T19:03:17.234+0000] {taskinstance.py:731} INFO - ::endgroup::
[2025-01-24T19:03:17.241+0000] {logging_mixin.py:190} INFO - cnaes
[2025-01-24T19:03:17.241+0000] {python.py:240} INFO - Done. Returned value was: None
[2025-01-24T19:03:17.246+0000] {taskinstance.py:340} INFO - ::group::Post task execution logs
[2025-01-24T19:03:17.247+0000] {taskinstance.py:352} INFO - Marking task as SUCCESS. dag_id=coleta_dados_abertos_cnpj, task_id=transform_empresas, run_id=scheduled__2024-12-10T00:00:00+00:00, execution_date=20241210T000000, start_date=20250124T190316, end_date=20250124T190317
[2025-01-24T19:03:17.289+0000] {local_task_job_runner.py:266} INFO - Task exited with return code 0
[2025-01-24T19:03:17.300+0000] {taskinstance.py:3895} INFO - 0 downstream tasks scheduled from follow-on schedule check
[2025-01-24T19:03:17.302+0000] {local_task_job_runner.py:245} INFO - ::endgroup::
[2025-01-24T19:04:07.888+0000] {local_task_job_runner.py:123} INFO - ::group::Pre task execution logs
[2025-01-24T19:04:07.898+0000] {taskinstance.py:2613} INFO - Dependencies all met for dep_context=non-requeueable deps ti=<TaskInstance: coleta_dados_abertos_cnpj.transform_empresas scheduled__2024-12-10T00:00:00+00:00 [queued]>
[2025-01-24T19:04:07.904+0000] {taskinstance.py:2613} INFO - Dependencies all met for dep_context=requeueable deps ti=<TaskInstance: coleta_dados_abertos_cnpj.transform_empresas scheduled__2024-12-10T00:00:00+00:00 [queued]>
[2025-01-24T19:04:07.904+0000] {taskinstance.py:2866} INFO - Starting attempt 1 of 2
[2025-01-24T19:04:07.915+0000] {taskinstance.py:2889} INFO - Executing <Task(PythonOperator): transform_empresas> on 2024-12-10 00:00:00+00:00
[2025-01-24T19:04:07.920+0000] {warnings.py:112} WARNING - /home/***/.local/lib/python3.12/site-packages/***/task/task_runner/standard_task_runner.py:70: DeprecationWarning: This process (pid=1590) is multi-threaded, use of fork() may lead to deadlocks in the child.
  pid = os.fork()

[2025-01-24T19:04:07.921+0000] {standard_task_runner.py:72} INFO - Started process 1603 to run task
[2025-01-24T19:04:07.921+0000] {standard_task_runner.py:104} INFO - Running: ['***', 'tasks', 'run', 'coleta_dados_abertos_cnpj', 'transform_empresas', 'scheduled__2024-12-10T00:00:00+00:00', '--job-id', '666', '--raw', '--subdir', 'DAGS_FOLDER/coleta_dados_abertos_cnpj/dag.py', '--cfg-path', '/tmp/tmpfbrq4mv5']
[2025-01-24T19:04:07.923+0000] {standard_task_runner.py:105} INFO - Job 666: Subtask transform_empresas
[2025-01-24T19:04:07.953+0000] {task_command.py:467} INFO - Running <TaskInstance: coleta_dados_abertos_cnpj.transform_empresas scheduled__2024-12-10T00:00:00+00:00 [running]> on host ee70781c29c7
[2025-01-24T19:04:08.001+0000] {taskinstance.py:3132} INFO - Exporting env vars: AIRFLOW_CTX_DAG_OWNER='Corvaum' AIRFLOW_CTX_DAG_ID='coleta_dados_abertos_cnpj' AIRFLOW_CTX_TASK_ID='transform_empresas' AIRFLOW_CTX_EXECUTION_DATE='2024-12-10T00:00:00+00:00' AIRFLOW_CTX_TRY_NUMBER='1' AIRFLOW_CTX_DAG_RUN_ID='scheduled__2024-12-10T00:00:00+00:00'
[2025-01-24T19:04:08.002+0000] {taskinstance.py:731} INFO - ::endgroup::
[2025-01-24T19:04:08.009+0000] {logging_mixin.py:190} INFO - cnaes
[2025-01-24T19:04:08.009+0000] {python.py:240} INFO - Done. Returned value was: None
[2025-01-24T19:04:08.015+0000] {taskinstance.py:340} INFO - ::group::Post task execution logs
[2025-01-24T19:04:08.015+0000] {taskinstance.py:352} INFO - Marking task as SUCCESS. dag_id=coleta_dados_abertos_cnpj, task_id=transform_empresas, run_id=scheduled__2024-12-10T00:00:00+00:00, execution_date=20241210T000000, start_date=20250124T190407, end_date=20250124T190408
[2025-01-24T19:04:08.054+0000] {local_task_job_runner.py:266} INFO - Task exited with return code 0
[2025-01-24T19:04:08.064+0000] {local_task_job_runner.py:245} INFO - ::endgroup::
