[2025-01-24T19:53:15.846+0000] {local_task_job_runner.py:123} INFO - ::group::Pre task execution logs
[2025-01-24T19:53:15.854+0000] {taskinstance.py:2613} INFO - Dependencies all met for dep_context=non-requeueable deps ti=<TaskInstance: coleta_dados_abertos_cnpj.extract manual__2025-01-24T19:42:11.617297+00:00 [queued]>
[2025-01-24T19:53:15.858+0000] {taskinstance.py:2613} INFO - Dependencies all met for dep_context=requeueable deps ti=<TaskInstance: coleta_dados_abertos_cnpj.extract manual__2025-01-24T19:42:11.617297+00:00 [queued]>
[2025-01-24T19:53:15.858+0000] {taskinstance.py:2866} INFO - Starting attempt 2 of 3
[2025-01-24T19:53:15.884+0000] {taskinstance.py:2889} INFO - Executing <Task(PythonOperator): extract> on 2025-01-24 19:42:11.617297+00:00
[2025-01-24T19:53:15.889+0000] {standard_task_runner.py:104} INFO - Running: ['***', 'tasks', 'run', 'coleta_dados_abertos_cnpj', 'extract', 'manual__2025-01-24T19:42:11.617297+00:00', '--job-id', '746', '--raw', '--subdir', 'DAGS_FOLDER/coleta_dados_abertos_cnpj/dag.py', '--cfg-path', '/tmp/tmp5ole_lm3']
[2025-01-24T19:53:15.888+0000] {warnings.py:112} WARNING - /home/***/.local/lib/python3.12/site-packages/***/task/task_runner/standard_task_runner.py:70: DeprecationWarning: This process (pid=327) is multi-threaded, use of fork() may lead to deadlocks in the child.
  pid = os.fork()

[2025-01-24T19:53:15.891+0000] {standard_task_runner.py:105} INFO - Job 746: Subtask extract
[2025-01-24T19:53:15.891+0000] {standard_task_runner.py:72} INFO - Started process 328 to run task
[2025-01-24T19:53:15.913+0000] {task_command.py:467} INFO - Running <TaskInstance: coleta_dados_abertos_cnpj.extract manual__2025-01-24T19:42:11.617297+00:00 [running]> on host ee70781c29c7
[2025-01-24T19:53:15.954+0000] {taskinstance.py:3132} INFO - Exporting env vars: AIRFLOW_CTX_DAG_OWNER='Corvaum' AIRFLOW_CTX_DAG_ID='coleta_dados_abertos_cnpj' AIRFLOW_CTX_TASK_ID='extract' AIRFLOW_CTX_EXECUTION_DATE='2025-01-24T19:42:11.617297+00:00' AIRFLOW_CTX_TRY_NUMBER='2' AIRFLOW_CTX_DAG_RUN_ID='manual__2025-01-24T19:42:11.617297+00:00'
[2025-01-24T19:53:15.955+0000] {taskinstance.py:731} INFO - ::endgroup::
[2025-01-24T19:53:15.965+0000] {logging_mixin.py:190} INFO - Data formatada: 2025-01
[2025-01-24T19:53:16.213+0000] {logging_mixin.py:190} INFO - Arquivos encontrados: ['Cnaes.zip', 'Empresas0.zip', 'Empresas1.zip', 'Empresas2.zip', 'Empresas3.zip', 'Empresas4.zip', 'Empresas5.zip', 'Empresas6.zip', 'Empresas7.zip', 'Empresas8.zip', 'Empresas9.zip', 'Estabelecimentos0.zip', 'Estabelecimentos1.zip', 'Estabelecimentos2.zip', 'Estabelecimentos3.zip', 'Estabelecimentos4.zip', 'Estabelecimentos5.zip', 'Estabelecimentos6.zip', 'Estabelecimentos7.zip', 'Estabelecimentos8.zip', 'Estabelecimentos9.zip', 'Motivos.zip', 'Municipios.zip', 'Naturezas.zip', 'Paises.zip', 'Qualificacoes.zip', 'Simples.zip', 'Socios0.zip', 'Socios1.zip', 'Socios2.zip', 'Socios3.zip', 'Socios4.zip', 'Socios5.zip', 'Socios6.zip', 'Socios7.zip', 'Socios8.zip', 'Socios9.zip']
[2025-01-24T19:53:16.214+0000] {logging_mixin.py:190} INFO - Baixando o arquivo: https://arquivos.receitafederal.gov.br/dados/cnpj/dados_abertos_cnpj/2025-01/Cnaes.zip
[2025-01-24T19:53:16.341+0000] {logging_mixin.py:190} INFO - Download concluído: https://arquivos.receitafederal.gov.br/dados/cnpj/dados_abertos_cnpj/2025-01/Cnaes.zip
[2025-01-24T19:53:16.344+0000] {logging_mixin.py:190} INFO - Arquivos descompactados: ['/tmp/2e27e7893c1544ec9d8664105e623b80_extracted/F.K03200$Z.D50111.CNAECSV']
[2025-01-24T19:53:16.354+0000] {logging_mixin.py:190} INFO - Arquivo full_cpf/Cnaes/2025-01/Cnaes_99cb44cfc27d4f39a88ef9f987350ab2.csv carregado com sucesso no MinIO!
[2025-01-24T19:53:16.355+0000] {logging_mixin.py:190} INFO - Baixando o arquivo: https://arquivos.receitafederal.gov.br/dados/cnpj/dados_abertos_cnpj/2025-01/Empresas0.zip
[2025-01-24T19:55:05.189+0000] {logging_mixin.py:190} INFO - Download concluído: https://arquivos.receitafederal.gov.br/dados/cnpj/dados_abertos_cnpj/2025-01/Empresas0.zip
[2025-01-24T19:55:08.912+0000] {logging_mixin.py:190} INFO - Arquivos descompactados: ['/tmp/51c761cad5f242b790fe2ad3888b865a_extracted/K3241.K03200Y0.D50111.EMPRECSV']
[2025-01-24T19:55:17.147+0000] {logging_mixin.py:190} INFO - Arquivo full_cpf/Empresas/2025-01/Empresas_3ecd341172b245118332d7649267e01c.csv carregado com sucesso no MinIO!
[2025-01-24T19:55:17.238+0000] {logging_mixin.py:190} INFO - Baixando o arquivo: https://arquivos.receitafederal.gov.br/dados/cnpj/dados_abertos_cnpj/2025-01/Empresas1.zip
[2025-01-24T19:55:37.641+0000] {logging_mixin.py:190} INFO - Download concluído: https://arquivos.receitafederal.gov.br/dados/cnpj/dados_abertos_cnpj/2025-01/Empresas1.zip
[2025-01-24T19:55:38.392+0000] {logging_mixin.py:190} INFO - Arquivos descompactados: ['/tmp/b03ab1004b8647b78b883042964d9716_extracted/K3241.K03200Y1.D50111.EMPRECSV']
[2025-01-24T19:55:40.435+0000] {logging_mixin.py:190} INFO - Arquivo full_cpf/Empresas/2025-01/Empresas_3144e43f056740e08b564d9556c7f56d.csv carregado com sucesso no MinIO!
[2025-01-24T19:55:40.455+0000] {logging_mixin.py:190} INFO - Baixando o arquivo: https://arquivos.receitafederal.gov.br/dados/cnpj/dados_abertos_cnpj/2025-01/Empresas2.zip
[2025-01-24T19:56:01.652+0000] {logging_mixin.py:190} INFO - Download concluído: https://arquivos.receitafederal.gov.br/dados/cnpj/dados_abertos_cnpj/2025-01/Empresas2.zip
[2025-01-24T19:56:02.415+0000] {logging_mixin.py:190} INFO - Arquivos descompactados: ['/tmp/4384467c05b64aa981d6023f8af3ed59_extracted/K3241.K03200Y2.D50111.EMPRECSV']
[2025-01-24T19:56:04.425+0000] {logging_mixin.py:190} INFO - Arquivo full_cpf/Empresas/2025-01/Empresas_153b5da03feb40b1a74a93e1420b044f.csv carregado com sucesso no MinIO!
[2025-01-24T19:56:04.447+0000] {logging_mixin.py:190} INFO - Baixando o arquivo: https://arquivos.receitafederal.gov.br/dados/cnpj/dados_abertos_cnpj/2025-01/Empresas3.zip
[2025-01-24T19:56:28.012+0000] {logging_mixin.py:190} INFO - Download concluído: https://arquivos.receitafederal.gov.br/dados/cnpj/dados_abertos_cnpj/2025-01/Empresas3.zip
[2025-01-24T19:56:28.803+0000] {logging_mixin.py:190} INFO - Arquivos descompactados: ['/tmp/aa3303518c584e21a0b4bea8f8335a05_extracted/K3241.K03200Y3.D50111.EMPRECSV']
[2025-01-24T19:56:30.718+0000] {logging_mixin.py:190} INFO - Arquivo full_cpf/Empresas/2025-01/Empresas_2c886f6d34e5472caf0106d19fc802aa.csv carregado com sucesso no MinIO!
[2025-01-24T19:56:30.740+0000] {logging_mixin.py:190} INFO - Baixando o arquivo: https://arquivos.receitafederal.gov.br/dados/cnpj/dados_abertos_cnpj/2025-01/Empresas4.zip
[2025-01-24T19:56:54.701+0000] {logging_mixin.py:190} INFO - Download concluído: https://arquivos.receitafederal.gov.br/dados/cnpj/dados_abertos_cnpj/2025-01/Empresas4.zip
[2025-01-24T19:56:55.518+0000] {logging_mixin.py:190} INFO - Arquivos descompactados: ['/tmp/6f03a81e0bc84524bf309b56d7a03b20_extracted/K3241.K03200Y4.D50111.EMPRECSV']
[2025-01-24T19:56:57.728+0000] {logging_mixin.py:190} INFO - Arquivo full_cpf/Empresas/2025-01/Empresas_a163128ec00b4ed39945fdc01166dcf1.csv carregado com sucesso no MinIO!
[2025-01-24T19:56:57.750+0000] {logging_mixin.py:190} INFO - Baixando o arquivo: https://arquivos.receitafederal.gov.br/dados/cnpj/dados_abertos_cnpj/2025-01/Empresas5.zip
[2025-01-24T19:57:23.073+0000] {logging_mixin.py:190} INFO - Download concluído: https://arquivos.receitafederal.gov.br/dados/cnpj/dados_abertos_cnpj/2025-01/Empresas5.zip
[2025-01-24T19:57:23.929+0000] {logging_mixin.py:190} INFO - Arquivos descompactados: ['/tmp/115f9d8f6978496aa8dc6853a5e55fd5_extracted/K3241.K03200Y5.D50111.EMPRECSV']
[2025-01-24T19:57:25.973+0000] {logging_mixin.py:190} INFO - Arquivo full_cpf/Empresas/2025-01/Empresas_66642004fee9442589d0590efff37934.csv carregado com sucesso no MinIO!
[2025-01-24T19:57:25.995+0000] {logging_mixin.py:190} INFO - Baixando o arquivo: https://arquivos.receitafederal.gov.br/dados/cnpj/dados_abertos_cnpj/2025-01/Empresas6.zip
[2025-01-24T19:57:50.720+0000] {logging_mixin.py:190} INFO - Download concluído: https://arquivos.receitafederal.gov.br/dados/cnpj/dados_abertos_cnpj/2025-01/Empresas6.zip
[2025-01-24T19:57:51.572+0000] {logging_mixin.py:190} INFO - Arquivos descompactados: ['/tmp/516afd8139d64648a0fdb1c2595d8d8d_extracted/K3241.K03200Y6.D50111.EMPRECSV']
[2025-01-24T19:57:53.453+0000] {logging_mixin.py:190} INFO - Arquivo full_cpf/Empresas/2025-01/Empresas_bef8b6f8d6d24a92b951bd05638e9d9a.csv carregado com sucesso no MinIO!
[2025-01-24T19:57:53.475+0000] {logging_mixin.py:190} INFO - Baixando o arquivo: https://arquivos.receitafederal.gov.br/dados/cnpj/dados_abertos_cnpj/2025-01/Empresas7.zip
[2025-01-24T19:58:20.802+0000] {logging_mixin.py:190} INFO - Download concluído: https://arquivos.receitafederal.gov.br/dados/cnpj/dados_abertos_cnpj/2025-01/Empresas7.zip
[2025-01-24T19:58:21.669+0000] {logging_mixin.py:190} INFO - Arquivos descompactados: ['/tmp/ba0e9c51620f4278ac1d31e209c70906_extracted/K3241.K03200Y7.D50111.EMPRECSV']
[2025-01-24T19:58:23.744+0000] {logging_mixin.py:190} INFO - Arquivo full_cpf/Empresas/2025-01/Empresas_1e974988155c48ed93dc4a27c016de63.csv carregado com sucesso no MinIO!
[2025-01-24T19:58:23.766+0000] {logging_mixin.py:190} INFO - Baixando o arquivo: https://arquivos.receitafederal.gov.br/dados/cnpj/dados_abertos_cnpj/2025-01/Empresas8.zip
[2025-01-24T19:58:49.551+0000] {logging_mixin.py:190} INFO - Download concluído: https://arquivos.receitafederal.gov.br/dados/cnpj/dados_abertos_cnpj/2025-01/Empresas8.zip
[2025-01-24T19:58:50.431+0000] {logging_mixin.py:190} INFO - Arquivos descompactados: ['/tmp/2c84cf3aa79746e9abf156e81da853cc_extracted/K3241.K03200Y8.D50111.EMPRECSV']
[2025-01-24T19:58:52.791+0000] {logging_mixin.py:190} INFO - Arquivo full_cpf/Empresas/2025-01/Empresas_3a6c83223ad0404788c738981f686e6a.csv carregado com sucesso no MinIO!
[2025-01-24T19:58:52.813+0000] {logging_mixin.py:190} INFO - Baixando o arquivo: https://arquivos.receitafederal.gov.br/dados/cnpj/dados_abertos_cnpj/2025-01/Empresas9.zip
[2025-01-24T19:59:17.731+0000] {logging_mixin.py:190} INFO - Download concluído: https://arquivos.receitafederal.gov.br/dados/cnpj/dados_abertos_cnpj/2025-01/Empresas9.zip
[2025-01-24T19:59:18.582+0000] {logging_mixin.py:190} INFO - Arquivos descompactados: ['/tmp/744a84fdf0ca4d29bd0c51a546e05204_extracted/K3241.K03200Y9.D50111.EMPRECSV']
[2025-01-24T19:59:20.514+0000] {logging_mixin.py:190} INFO - Arquivo full_cpf/Empresas/2025-01/Empresas_3e507897824f4abbac3b21cd12793735.csv carregado com sucesso no MinIO!
[2025-01-24T19:59:20.536+0000] {logging_mixin.py:190} INFO - Baixando o arquivo: https://arquivos.receitafederal.gov.br/dados/cnpj/dados_abertos_cnpj/2025-01/Estabelecimentos0.zip
[2025-01-24T20:07:15.073+0000] {logging_mixin.py:190} INFO - Download concluído: https://arquivos.receitafederal.gov.br/dados/cnpj/dados_abertos_cnpj/2025-01/Estabelecimentos0.zip
[2025-01-24T20:07:29.058+0000] {logging_mixin.py:190} INFO - Arquivos descompactados: ['/tmp/4bc40568998d498391b41d45eb9a6cbe_extracted/K3241.K03200Y0.D50111.ESTABELE']
