[2025-01-18T20:42:10.047+0000] {local_task_job_runner.py:123} INFO - ::group::Pre task execution logs
[2025-01-18T20:42:10.057+0000] {taskinstance.py:2613} INFO - Dependencies all met for dep_context=non-requeueable deps ti=<TaskInstance: coleta_dados_abertos_cnpj.extract manual__2025-01-18T20:42:09.302413+00:00 [queued]>
[2025-01-18T20:42:10.063+0000] {taskinstance.py:2613} INFO - Dependencies all met for dep_context=requeueable deps ti=<TaskInstance: coleta_dados_abertos_cnpj.extract manual__2025-01-18T20:42:09.302413+00:00 [queued]>
[2025-01-18T20:42:10.064+0000] {taskinstance.py:2866} INFO - Starting attempt 1 of 2
[2025-01-18T20:42:10.084+0000] {taskinstance.py:2889} INFO - Executing <Task(PythonOperator): extract> on 2025-01-18 20:42:09.302413+00:00
[2025-01-18T20:42:10.091+0000] {warnings.py:112} WARNING - /home/***/.local/lib/python3.12/site-packages/***/task/task_runner/standard_task_runner.py:70: DeprecationWarning: This process (pid=2744) is multi-threaded, use of fork() may lead to deadlocks in the child.
  pid = os.fork()

[2025-01-18T20:42:10.093+0000] {standard_task_runner.py:72} INFO - Started process 2745 to run task
[2025-01-18T20:42:10.093+0000] {standard_task_runner.py:104} INFO - Running: ['***', 'tasks', 'run', 'coleta_dados_abertos_cnpj', 'extract', 'manual__2025-01-18T20:42:09.302413+00:00', '--job-id', '85', '--raw', '--subdir', 'DAGS_FOLDER/coleta_dados_abertos_cnpj/dag.py', '--cfg-path', '/tmp/tmp1ukjm9gj']
[2025-01-18T20:42:10.094+0000] {standard_task_runner.py:105} INFO - Job 85: Subtask extract
[2025-01-18T20:42:10.124+0000] {task_command.py:467} INFO - Running <TaskInstance: coleta_dados_abertos_cnpj.extract manual__2025-01-18T20:42:09.302413+00:00 [running]> on host e9a1739d3128
[2025-01-18T20:42:10.173+0000] {taskinstance.py:3132} INFO - Exporting env vars: AIRFLOW_CTX_DAG_OWNER='Corvaum' AIRFLOW_CTX_DAG_ID='coleta_dados_abertos_cnpj' AIRFLOW_CTX_TASK_ID='extract' AIRFLOW_CTX_EXECUTION_DATE='2025-01-18T20:42:09.302413+00:00' AIRFLOW_CTX_TRY_NUMBER='1' AIRFLOW_CTX_DAG_RUN_ID='manual__2025-01-18T20:42:09.302413+00:00'
[2025-01-18T20:42:10.173+0000] {taskinstance.py:731} INFO - ::endgroup::
[2025-01-18T20:42:10.189+0000] {logging_mixin.py:190} INFO - 2025-01
[2025-01-18T20:42:10.501+0000] {logging_mixin.py:190} INFO - Arquivos encontrados no diretório https://arquivos.receitafederal.gov.br/dados/cnpj/dados_abertos_cnpj/2025-01:
[2025-01-18T20:42:10.511+0000] {logging_mixin.py:190} INFO - ['Cnaes.zip', 'Empresas0.zip', 'Empresas1.zip', 'Empresas2.zip', 'Empresas3.zip', 'Empresas4.zip', 'Empresas5.zip', 'Empresas6.zip', 'Empresas7.zip', 'Empresas8.zip', 'Empresas9.zip', 'Estabelecimentos0.zip', 'Estabelecimentos1.zip', 'Estabelecimentos2.zip', 'Estabelecimentos3.zip', 'Estabelecimentos4.zip', 'Estabelecimentos5.zip', 'Estabelecimentos6.zip', 'Estabelecimentos7.zip', 'Estabelecimentos8.zip', 'Estabelecimentos9.zip', 'Motivos.zip', 'Municipios.zip', 'Naturezas.zip', 'Paises.zip', 'Qualificacoes.zip', 'Simples.zip', 'Socios0.zip', 'Socios1.zip', 'Socios2.zip', 'Socios3.zip', 'Socios4.zip', 'Socios5.zip', 'Socios6.zip', 'Socios7.zip', 'Socios8.zip', 'Socios9.zip']
[2025-01-18T20:42:10.511+0000] {python.py:240} INFO - Done. Returned value was: None
[2025-01-18T20:42:10.518+0000] {taskinstance.py:340} INFO - ::group::Post task execution logs
[2025-01-18T20:42:10.519+0000] {taskinstance.py:352} INFO - Marking task as SUCCESS. dag_id=coleta_dados_abertos_cnpj, task_id=extract, run_id=manual__2025-01-18T20:42:09.302413+00:00, execution_date=20250118T204209, start_date=20250118T204210, end_date=20250118T204210
[2025-01-18T20:42:10.548+0000] {local_task_job_runner.py:266} INFO - Task exited with return code 0
[2025-01-18T20:42:10.557+0000] {taskinstance.py:3895} INFO - 0 downstream tasks scheduled from follow-on schedule check
[2025-01-18T20:42:10.560+0000] {local_task_job_runner.py:245} INFO - ::endgroup::
