[2025-01-19T19:25:20.213+0000] {processor.py:186} INFO - Started process (PID=57) to work on /home/airflow/.local/lib/python3.12/site-packages/airflow/example_dags/example_datasets.py
[2025-01-19T19:25:20.214+0000] {processor.py:914} INFO - Processing file /home/airflow/.local/lib/python3.12/site-packages/airflow/example_dags/example_datasets.py for tasks to queue
[2025-01-19T19:25:20.216+0000] {logging_mixin.py:190} INFO - [2025-01-19T19:25:20.215+0000] {dagbag.py:588} INFO - Filling up the DagBag from /home/airflow/.local/lib/python3.12/site-packages/airflow/example_dags/example_datasets.py
[2025-01-19T19:25:21.115+0000] {processor.py:925} INFO - DAG(s) 'consume_1_or_both_2_and_3_with_dataset_expressions', 'dataset_consumes_unknown_never_scheduled', 'consume_1_and_2_with_dataset_expressions', 'consume_1_or_2_with_dataset_expressions', 'dataset_consumes_1', 'dataset_produces_2', 'dataset_consumes_1_never_scheduled', 'conditional_dataset_and_time_based_timetable', 'dataset_produces_1', 'dataset_consumes_1_and_2' retrieved from /home/airflow/.local/lib/python3.12/site-packages/airflow/example_dags/example_datasets.py
[2025-01-19T19:25:21.171+0000] {logging_mixin.py:190} INFO - [2025-01-19T19:25:21.171+0000] {override.py:1911} INFO - Created Permission View: can read on DAG:consume_1_or_both_2_and_3_with_dataset_expressions
[2025-01-19T19:25:21.177+0000] {logging_mixin.py:190} INFO - [2025-01-19T19:25:21.177+0000] {override.py:1911} INFO - Created Permission View: can edit on DAG:consume_1_or_both_2_and_3_with_dataset_expressions
[2025-01-19T19:25:21.181+0000] {logging_mixin.py:190} INFO - [2025-01-19T19:25:21.181+0000] {override.py:1911} INFO - Created Permission View: can delete on DAG:consume_1_or_both_2_and_3_with_dataset_expressions
[2025-01-19T19:25:21.187+0000] {logging_mixin.py:190} INFO - [2025-01-19T19:25:21.187+0000] {override.py:1911} INFO - Created Permission View: can read on DAG Run:consume_1_or_both_2_and_3_with_dataset_expressions
[2025-01-19T19:25:21.191+0000] {logging_mixin.py:190} INFO - [2025-01-19T19:25:21.191+0000] {override.py:1911} INFO - Created Permission View: menu access on DAG Run:consume_1_or_both_2_and_3_with_dataset_expressions
[2025-01-19T19:25:21.195+0000] {logging_mixin.py:190} INFO - [2025-01-19T19:25:21.195+0000] {override.py:1911} INFO - Created Permission View: can create on DAG Run:consume_1_or_both_2_and_3_with_dataset_expressions
[2025-01-19T19:25:21.199+0000] {logging_mixin.py:190} INFO - [2025-01-19T19:25:21.199+0000] {override.py:1911} INFO - Created Permission View: can delete on DAG Run:consume_1_or_both_2_and_3_with_dataset_expressions
[2025-01-19T19:25:21.209+0000] {logging_mixin.py:190} INFO - [2025-01-19T19:25:21.209+0000] {override.py:1911} INFO - Created Permission View: can read on DAG:dataset_consumes_unknown_never_scheduled
[2025-01-19T19:25:21.215+0000] {logging_mixin.py:190} INFO - [2025-01-19T19:25:21.214+0000] {override.py:1911} INFO - Created Permission View: can edit on DAG:dataset_consumes_unknown_never_scheduled
[2025-01-19T19:25:21.219+0000] {logging_mixin.py:190} INFO - [2025-01-19T19:25:21.219+0000] {override.py:1911} INFO - Created Permission View: can delete on DAG:dataset_consumes_unknown_never_scheduled
[2025-01-19T19:25:21.226+0000] {logging_mixin.py:190} INFO - [2025-01-19T19:25:21.226+0000] {override.py:1911} INFO - Created Permission View: can read on DAG Run:dataset_consumes_unknown_never_scheduled
[2025-01-19T19:25:21.231+0000] {logging_mixin.py:190} INFO - [2025-01-19T19:25:21.231+0000] {override.py:1911} INFO - Created Permission View: menu access on DAG Run:dataset_consumes_unknown_never_scheduled
[2025-01-19T19:25:21.236+0000] {logging_mixin.py:190} INFO - [2025-01-19T19:25:21.235+0000] {override.py:1911} INFO - Created Permission View: can create on DAG Run:dataset_consumes_unknown_never_scheduled
[2025-01-19T19:25:21.240+0000] {logging_mixin.py:190} INFO - [2025-01-19T19:25:21.240+0000] {override.py:1911} INFO - Created Permission View: can delete on DAG Run:dataset_consumes_unknown_never_scheduled
[2025-01-19T19:25:21.248+0000] {logging_mixin.py:190} INFO - [2025-01-19T19:25:21.247+0000] {override.py:1911} INFO - Created Permission View: can read on DAG:consume_1_and_2_with_dataset_expressions
[2025-01-19T19:25:21.251+0000] {logging_mixin.py:190} INFO - [2025-01-19T19:25:21.251+0000] {override.py:1911} INFO - Created Permission View: can edit on DAG:consume_1_and_2_with_dataset_expressions
[2025-01-19T19:25:21.256+0000] {logging_mixin.py:190} INFO - [2025-01-19T19:25:21.256+0000] {override.py:1911} INFO - Created Permission View: can delete on DAG:consume_1_and_2_with_dataset_expressions
[2025-01-19T19:25:21.262+0000] {logging_mixin.py:190} INFO - [2025-01-19T19:25:21.262+0000] {override.py:1911} INFO - Created Permission View: can read on DAG Run:consume_1_and_2_with_dataset_expressions
[2025-01-19T19:25:21.266+0000] {logging_mixin.py:190} INFO - [2025-01-19T19:25:21.266+0000] {override.py:1911} INFO - Created Permission View: menu access on DAG Run:consume_1_and_2_with_dataset_expressions
[2025-01-19T19:25:21.271+0000] {logging_mixin.py:190} INFO - [2025-01-19T19:25:21.271+0000] {override.py:1911} INFO - Created Permission View: can create on DAG Run:consume_1_and_2_with_dataset_expressions
[2025-01-19T19:25:21.276+0000] {logging_mixin.py:190} INFO - [2025-01-19T19:25:21.276+0000] {override.py:1911} INFO - Created Permission View: can delete on DAG Run:consume_1_and_2_with_dataset_expressions
[2025-01-19T19:25:21.284+0000] {logging_mixin.py:190} INFO - [2025-01-19T19:25:21.284+0000] {override.py:1911} INFO - Created Permission View: can read on DAG:consume_1_or_2_with_dataset_expressions
[2025-01-19T19:25:21.289+0000] {logging_mixin.py:190} INFO - [2025-01-19T19:25:21.289+0000] {override.py:1911} INFO - Created Permission View: can edit on DAG:consume_1_or_2_with_dataset_expressions
[2025-01-19T19:25:21.294+0000] {logging_mixin.py:190} INFO - [2025-01-19T19:25:21.293+0000] {override.py:1911} INFO - Created Permission View: can delete on DAG:consume_1_or_2_with_dataset_expressions
[2025-01-19T19:25:21.299+0000] {logging_mixin.py:190} INFO - [2025-01-19T19:25:21.299+0000] {override.py:1911} INFO - Created Permission View: can read on DAG Run:consume_1_or_2_with_dataset_expressions
[2025-01-19T19:25:21.304+0000] {logging_mixin.py:190} INFO - [2025-01-19T19:25:21.303+0000] {override.py:1911} INFO - Created Permission View: menu access on DAG Run:consume_1_or_2_with_dataset_expressions
[2025-01-19T19:25:21.308+0000] {logging_mixin.py:190} INFO - [2025-01-19T19:25:21.308+0000] {override.py:1911} INFO - Created Permission View: can create on DAG Run:consume_1_or_2_with_dataset_expressions
[2025-01-19T19:25:21.312+0000] {logging_mixin.py:190} INFO - [2025-01-19T19:25:21.312+0000] {override.py:1911} INFO - Created Permission View: can delete on DAG Run:consume_1_or_2_with_dataset_expressions
[2025-01-19T19:25:21.320+0000] {logging_mixin.py:190} INFO - [2025-01-19T19:25:21.320+0000] {override.py:1911} INFO - Created Permission View: can read on DAG:dataset_consumes_1
[2025-01-19T19:25:21.325+0000] {logging_mixin.py:190} INFO - [2025-01-19T19:25:21.325+0000] {override.py:1911} INFO - Created Permission View: can edit on DAG:dataset_consumes_1
[2025-01-19T19:25:21.329+0000] {logging_mixin.py:190} INFO - [2025-01-19T19:25:21.329+0000] {override.py:1911} INFO - Created Permission View: can delete on DAG:dataset_consumes_1
[2025-01-19T19:25:21.335+0000] {logging_mixin.py:190} INFO - [2025-01-19T19:25:21.334+0000] {override.py:1911} INFO - Created Permission View: can read on DAG Run:dataset_consumes_1
[2025-01-19T19:25:21.340+0000] {logging_mixin.py:190} INFO - [2025-01-19T19:25:21.340+0000] {override.py:1911} INFO - Created Permission View: menu access on DAG Run:dataset_consumes_1
[2025-01-19T19:25:21.344+0000] {logging_mixin.py:190} INFO - [2025-01-19T19:25:21.344+0000] {override.py:1911} INFO - Created Permission View: can create on DAG Run:dataset_consumes_1
[2025-01-19T19:25:21.349+0000] {logging_mixin.py:190} INFO - [2025-01-19T19:25:21.348+0000] {override.py:1911} INFO - Created Permission View: can delete on DAG Run:dataset_consumes_1
[2025-01-19T19:25:21.358+0000] {logging_mixin.py:190} INFO - [2025-01-19T19:25:21.357+0000] {override.py:1911} INFO - Created Permission View: can read on DAG:dataset_produces_2
[2025-01-19T19:25:21.362+0000] {logging_mixin.py:190} INFO - [2025-01-19T19:25:21.362+0000] {override.py:1911} INFO - Created Permission View: can edit on DAG:dataset_produces_2
[2025-01-19T19:25:21.366+0000] {logging_mixin.py:190} INFO - [2025-01-19T19:25:21.366+0000] {override.py:1911} INFO - Created Permission View: can delete on DAG:dataset_produces_2
[2025-01-19T19:25:21.372+0000] {logging_mixin.py:190} INFO - [2025-01-19T19:25:21.371+0000] {override.py:1911} INFO - Created Permission View: can read on DAG Run:dataset_produces_2
[2025-01-19T19:25:21.377+0000] {logging_mixin.py:190} INFO - [2025-01-19T19:25:21.376+0000] {override.py:1911} INFO - Created Permission View: menu access on DAG Run:dataset_produces_2
[2025-01-19T19:25:21.381+0000] {logging_mixin.py:190} INFO - [2025-01-19T19:25:21.381+0000] {override.py:1911} INFO - Created Permission View: can create on DAG Run:dataset_produces_2
[2025-01-19T19:25:21.386+0000] {logging_mixin.py:190} INFO - [2025-01-19T19:25:21.385+0000] {override.py:1911} INFO - Created Permission View: can delete on DAG Run:dataset_produces_2
[2025-01-19T19:25:21.395+0000] {logging_mixin.py:190} INFO - [2025-01-19T19:25:21.394+0000] {override.py:1911} INFO - Created Permission View: can read on DAG:dataset_consumes_1_never_scheduled
[2025-01-19T19:25:21.399+0000] {logging_mixin.py:190} INFO - [2025-01-19T19:25:21.399+0000] {override.py:1911} INFO - Created Permission View: can edit on DAG:dataset_consumes_1_never_scheduled
[2025-01-19T19:25:21.404+0000] {logging_mixin.py:190} INFO - [2025-01-19T19:25:21.404+0000] {override.py:1911} INFO - Created Permission View: can delete on DAG:dataset_consumes_1_never_scheduled
[2025-01-19T19:25:21.409+0000] {logging_mixin.py:190} INFO - [2025-01-19T19:25:21.409+0000] {override.py:1911} INFO - Created Permission View: can read on DAG Run:dataset_consumes_1_never_scheduled
[2025-01-19T19:25:21.414+0000] {logging_mixin.py:190} INFO - [2025-01-19T19:25:21.413+0000] {override.py:1911} INFO - Created Permission View: menu access on DAG Run:dataset_consumes_1_never_scheduled
[2025-01-19T19:25:21.418+0000] {logging_mixin.py:190} INFO - [2025-01-19T19:25:21.417+0000] {override.py:1911} INFO - Created Permission View: can create on DAG Run:dataset_consumes_1_never_scheduled
[2025-01-19T19:25:21.422+0000] {logging_mixin.py:190} INFO - [2025-01-19T19:25:21.422+0000] {override.py:1911} INFO - Created Permission View: can delete on DAG Run:dataset_consumes_1_never_scheduled
[2025-01-19T19:25:21.430+0000] {logging_mixin.py:190} INFO - [2025-01-19T19:25:21.430+0000] {override.py:1911} INFO - Created Permission View: can read on DAG:conditional_dataset_and_time_based_timetable
[2025-01-19T19:25:21.435+0000] {logging_mixin.py:190} INFO - [2025-01-19T19:25:21.434+0000] {override.py:1911} INFO - Created Permission View: can edit on DAG:conditional_dataset_and_time_based_timetable
[2025-01-19T19:25:21.439+0000] {logging_mixin.py:190} INFO - [2025-01-19T19:25:21.439+0000] {override.py:1911} INFO - Created Permission View: can delete on DAG:conditional_dataset_and_time_based_timetable
[2025-01-19T19:25:21.445+0000] {logging_mixin.py:190} INFO - [2025-01-19T19:25:21.445+0000] {override.py:1911} INFO - Created Permission View: can read on DAG Run:conditional_dataset_and_time_based_timetable
[2025-01-19T19:25:21.449+0000] {logging_mixin.py:190} INFO - [2025-01-19T19:25:21.449+0000] {override.py:1911} INFO - Created Permission View: menu access on DAG Run:conditional_dataset_and_time_based_timetable
[2025-01-19T19:25:21.454+0000] {logging_mixin.py:190} INFO - [2025-01-19T19:25:21.453+0000] {override.py:1911} INFO - Created Permission View: can create on DAG Run:conditional_dataset_and_time_based_timetable
[2025-01-19T19:25:21.458+0000] {logging_mixin.py:190} INFO - [2025-01-19T19:25:21.458+0000] {override.py:1911} INFO - Created Permission View: can delete on DAG Run:conditional_dataset_and_time_based_timetable
[2025-01-19T19:25:21.467+0000] {logging_mixin.py:190} INFO - [2025-01-19T19:25:21.467+0000] {override.py:1911} INFO - Created Permission View: can read on DAG:dataset_produces_1
[2025-01-19T19:25:21.471+0000] {logging_mixin.py:190} INFO - [2025-01-19T19:25:21.471+0000] {override.py:1911} INFO - Created Permission View: can edit on DAG:dataset_produces_1
[2025-01-19T19:25:21.476+0000] {logging_mixin.py:190} INFO - [2025-01-19T19:25:21.476+0000] {override.py:1911} INFO - Created Permission View: can delete on DAG:dataset_produces_1
[2025-01-19T19:25:21.483+0000] {logging_mixin.py:190} INFO - [2025-01-19T19:25:21.483+0000] {override.py:1911} INFO - Created Permission View: can read on DAG Run:dataset_produces_1
[2025-01-19T19:25:21.487+0000] {logging_mixin.py:190} INFO - [2025-01-19T19:25:21.487+0000] {override.py:1911} INFO - Created Permission View: menu access on DAG Run:dataset_produces_1
[2025-01-19T19:25:21.492+0000] {logging_mixin.py:190} INFO - [2025-01-19T19:25:21.492+0000] {override.py:1911} INFO - Created Permission View: can create on DAG Run:dataset_produces_1
[2025-01-19T19:25:21.496+0000] {logging_mixin.py:190} INFO - [2025-01-19T19:25:21.496+0000] {override.py:1911} INFO - Created Permission View: can delete on DAG Run:dataset_produces_1
[2025-01-19T19:25:21.504+0000] {logging_mixin.py:190} INFO - [2025-01-19T19:25:21.504+0000] {override.py:1911} INFO - Created Permission View: can read on DAG:dataset_consumes_1_and_2
[2025-01-19T19:25:21.509+0000] {logging_mixin.py:190} INFO - [2025-01-19T19:25:21.508+0000] {override.py:1911} INFO - Created Permission View: can edit on DAG:dataset_consumes_1_and_2
[2025-01-19T19:25:21.513+0000] {logging_mixin.py:190} INFO - [2025-01-19T19:25:21.513+0000] {override.py:1911} INFO - Created Permission View: can delete on DAG:dataset_consumes_1_and_2
[2025-01-19T19:25:21.520+0000] {logging_mixin.py:190} INFO - [2025-01-19T19:25:21.520+0000] {override.py:1911} INFO - Created Permission View: can read on DAG Run:dataset_consumes_1_and_2
[2025-01-19T19:25:21.525+0000] {logging_mixin.py:190} INFO - [2025-01-19T19:25:21.524+0000] {override.py:1911} INFO - Created Permission View: menu access on DAG Run:dataset_consumes_1_and_2
[2025-01-19T19:25:21.529+0000] {logging_mixin.py:190} INFO - [2025-01-19T19:25:21.529+0000] {override.py:1911} INFO - Created Permission View: can create on DAG Run:dataset_consumes_1_and_2
[2025-01-19T19:25:21.533+0000] {logging_mixin.py:190} INFO - [2025-01-19T19:25:21.533+0000] {override.py:1911} INFO - Created Permission View: can delete on DAG Run:dataset_consumes_1_and_2
[2025-01-19T19:25:21.534+0000] {logging_mixin.py:190} INFO - [2025-01-19T19:25:21.534+0000] {dag.py:3239} INFO - Sync 10 DAGs
[2025-01-19T19:25:21.976+0000] {logging_mixin.py:190} INFO - [2025-01-19T19:25:21.976+0000] {dag.py:3262} INFO - Creating ORM DAG for dataset_consumes_1
[2025-01-19T19:25:21.977+0000] {logging_mixin.py:190} INFO - [2025-01-19T19:25:21.977+0000] {dag.py:3262} INFO - Creating ORM DAG for conditional_dataset_and_time_based_timetable
[2025-01-19T19:25:21.978+0000] {logging_mixin.py:190} INFO - [2025-01-19T19:25:21.977+0000] {dag.py:3262} INFO - Creating ORM DAG for dataset_consumes_unknown_never_scheduled
[2025-01-19T19:25:21.978+0000] {logging_mixin.py:190} INFO - [2025-01-19T19:25:21.978+0000] {dag.py:3262} INFO - Creating ORM DAG for consume_1_and_2_with_dataset_expressions
[2025-01-19T19:25:21.979+0000] {logging_mixin.py:190} INFO - [2025-01-19T19:25:21.979+0000] {dag.py:3262} INFO - Creating ORM DAG for dataset_produces_1
[2025-01-19T19:25:21.979+0000] {logging_mixin.py:190} INFO - [2025-01-19T19:25:21.979+0000] {dag.py:3262} INFO - Creating ORM DAG for dataset_consumes_1_and_2
[2025-01-19T19:25:21.980+0000] {logging_mixin.py:190} INFO - [2025-01-19T19:25:21.980+0000] {dag.py:3262} INFO - Creating ORM DAG for consume_1_or_both_2_and_3_with_dataset_expressions
[2025-01-19T19:25:21.980+0000] {logging_mixin.py:190} INFO - [2025-01-19T19:25:21.980+0000] {dag.py:3262} INFO - Creating ORM DAG for consume_1_or_2_with_dataset_expressions
[2025-01-19T19:25:21.981+0000] {logging_mixin.py:190} INFO - [2025-01-19T19:25:21.981+0000] {dag.py:3262} INFO - Creating ORM DAG for dataset_produces_2
[2025-01-19T19:25:21.982+0000] {logging_mixin.py:190} INFO - [2025-01-19T19:25:21.982+0000] {dag.py:3262} INFO - Creating ORM DAG for dataset_consumes_1_never_scheduled
[2025-01-19T19:25:21.989+0000] {logging_mixin.py:190} INFO - [2025-01-19T19:25:21.989+0000] {dag.py:4180} INFO - Setting next_dagrun for conditional_dataset_and_time_based_timetable to 2025-01-15 01:00:00+00:00, run_after=2025-01-15 01:00:00+00:00
[2025-01-19T19:25:21.990+0000] {logging_mixin.py:190} INFO - [2025-01-19T19:25:21.990+0000] {dag.py:4180} INFO - Setting next_dagrun for consume_1_and_2_with_dataset_expressions to None, run_after=None
[2025-01-19T19:25:21.990+0000] {logging_mixin.py:190} INFO - [2025-01-19T19:25:21.990+0000] {dag.py:4180} INFO - Setting next_dagrun for consume_1_or_2_with_dataset_expressions to None, run_after=None
[2025-01-19T19:25:21.990+0000] {logging_mixin.py:190} INFO - [2025-01-19T19:25:21.990+0000] {dag.py:4180} INFO - Setting next_dagrun for consume_1_or_both_2_and_3_with_dataset_expressions to None, run_after=None
[2025-01-19T19:25:21.991+0000] {logging_mixin.py:190} INFO - [2025-01-19T19:25:21.991+0000] {dag.py:4180} INFO - Setting next_dagrun for dataset_consumes_1 to None, run_after=None
[2025-01-19T19:25:21.991+0000] {logging_mixin.py:190} INFO - [2025-01-19T19:25:21.991+0000] {dag.py:4180} INFO - Setting next_dagrun for dataset_consumes_1_and_2 to None, run_after=None
[2025-01-19T19:25:21.992+0000] {logging_mixin.py:190} INFO - [2025-01-19T19:25:21.992+0000] {dag.py:4180} INFO - Setting next_dagrun for dataset_consumes_1_never_scheduled to None, run_after=None
[2025-01-19T19:25:21.993+0000] {logging_mixin.py:190} INFO - [2025-01-19T19:25:21.993+0000] {dag.py:4180} INFO - Setting next_dagrun for dataset_consumes_unknown_never_scheduled to None, run_after=None
[2025-01-19T19:25:21.994+0000] {logging_mixin.py:190} INFO - [2025-01-19T19:25:21.994+0000] {dag.py:4180} INFO - Setting next_dagrun for dataset_produces_1 to 2025-01-18 00:00:00+00:00, run_after=2025-01-19 00:00:00+00:00
[2025-01-19T19:25:21.995+0000] {logging_mixin.py:190} INFO - [2025-01-19T19:25:21.995+0000] {dag.py:4180} INFO - Setting next_dagrun for dataset_produces_2 to None, run_after=None
[2025-01-19T19:25:22.025+0000] {processor.py:208} INFO - Processing /home/airflow/.local/lib/python3.12/site-packages/airflow/example_dags/example_datasets.py took 1.815 seconds
[2025-01-19T19:25:52.480+0000] {processor.py:186} INFO - Started process (PID=128) to work on /home/airflow/.local/lib/python3.12/site-packages/airflow/example_dags/example_datasets.py
[2025-01-19T19:25:52.481+0000] {processor.py:914} INFO - Processing file /home/airflow/.local/lib/python3.12/site-packages/airflow/example_dags/example_datasets.py for tasks to queue
[2025-01-19T19:25:52.482+0000] {logging_mixin.py:190} INFO - [2025-01-19T19:25:52.482+0000] {dagbag.py:588} INFO - Filling up the DagBag from /home/airflow/.local/lib/python3.12/site-packages/airflow/example_dags/example_datasets.py
[2025-01-19T19:25:52.827+0000] {processor.py:925} INFO - DAG(s) 'dataset_produces_2', 'dataset_consumes_unknown_never_scheduled', 'dataset_consumes_1', 'consume_1_or_2_with_dataset_expressions', 'conditional_dataset_and_time_based_timetable', 'dataset_consumes_1_never_scheduled', 'dataset_consumes_1_and_2', 'consume_1_or_both_2_and_3_with_dataset_expressions', 'dataset_produces_1', 'consume_1_and_2_with_dataset_expressions' retrieved from /home/airflow/.local/lib/python3.12/site-packages/airflow/example_dags/example_datasets.py
[2025-01-19T19:25:52.851+0000] {logging_mixin.py:190} INFO - [2025-01-19T19:25:52.851+0000] {dag.py:3239} INFO - Sync 10 DAGs
[2025-01-19T19:25:52.864+0000] {logging_mixin.py:190} INFO - [2025-01-19T19:25:52.864+0000] {dag.py:4180} INFO - Setting next_dagrun for conditional_dataset_and_time_based_timetable to 2025-01-15 01:00:00+00:00, run_after=2025-01-15 01:00:00+00:00
[2025-01-19T19:25:52.866+0000] {logging_mixin.py:190} INFO - [2025-01-19T19:25:52.866+0000] {dag.py:4180} INFO - Setting next_dagrun for consume_1_and_2_with_dataset_expressions to None, run_after=None
[2025-01-19T19:25:52.867+0000] {logging_mixin.py:190} INFO - [2025-01-19T19:25:52.867+0000] {dag.py:4180} INFO - Setting next_dagrun for consume_1_or_2_with_dataset_expressions to None, run_after=None
[2025-01-19T19:25:52.868+0000] {logging_mixin.py:190} INFO - [2025-01-19T19:25:52.868+0000] {dag.py:4180} INFO - Setting next_dagrun for consume_1_or_both_2_and_3_with_dataset_expressions to None, run_after=None
[2025-01-19T19:25:52.869+0000] {logging_mixin.py:190} INFO - [2025-01-19T19:25:52.869+0000] {dag.py:4180} INFO - Setting next_dagrun for dataset_consumes_1 to None, run_after=None
[2025-01-19T19:25:52.869+0000] {logging_mixin.py:190} INFO - [2025-01-19T19:25:52.869+0000] {dag.py:4180} INFO - Setting next_dagrun for dataset_consumes_1_and_2 to None, run_after=None
[2025-01-19T19:25:52.870+0000] {logging_mixin.py:190} INFO - [2025-01-19T19:25:52.870+0000] {dag.py:4180} INFO - Setting next_dagrun for dataset_consumes_1_never_scheduled to None, run_after=None
[2025-01-19T19:25:52.871+0000] {logging_mixin.py:190} INFO - [2025-01-19T19:25:52.871+0000] {dag.py:4180} INFO - Setting next_dagrun for dataset_consumes_unknown_never_scheduled to None, run_after=None
[2025-01-19T19:25:52.872+0000] {logging_mixin.py:190} INFO - [2025-01-19T19:25:52.872+0000] {dag.py:4180} INFO - Setting next_dagrun for dataset_produces_1 to 2025-01-18 00:00:00+00:00, run_after=2025-01-19 00:00:00+00:00
[2025-01-19T19:25:52.873+0000] {logging_mixin.py:190} INFO - [2025-01-19T19:25:52.873+0000] {dag.py:4180} INFO - Setting next_dagrun for dataset_produces_2 to None, run_after=None
[2025-01-19T19:25:52.890+0000] {processor.py:208} INFO - Processing /home/airflow/.local/lib/python3.12/site-packages/airflow/example_dags/example_datasets.py took 0.414 seconds
[2025-01-19T19:26:23.318+0000] {processor.py:186} INFO - Started process (PID=193) to work on /home/airflow/.local/lib/python3.12/site-packages/airflow/example_dags/example_datasets.py
[2025-01-19T19:26:23.319+0000] {processor.py:914} INFO - Processing file /home/airflow/.local/lib/python3.12/site-packages/airflow/example_dags/example_datasets.py for tasks to queue
[2025-01-19T19:26:23.320+0000] {logging_mixin.py:190} INFO - [2025-01-19T19:26:23.320+0000] {dagbag.py:588} INFO - Filling up the DagBag from /home/airflow/.local/lib/python3.12/site-packages/airflow/example_dags/example_datasets.py
[2025-01-19T19:26:23.702+0000] {processor.py:925} INFO - DAG(s) 'dataset_consumes_unknown_never_scheduled', 'dataset_consumes_1_and_2', 'consume_1_or_2_with_dataset_expressions', 'dataset_produces_1', 'consume_1_or_both_2_and_3_with_dataset_expressions', 'conditional_dataset_and_time_based_timetable', 'consume_1_and_2_with_dataset_expressions', 'dataset_consumes_1', 'dataset_produces_2', 'dataset_consumes_1_never_scheduled' retrieved from /home/airflow/.local/lib/python3.12/site-packages/airflow/example_dags/example_datasets.py
[2025-01-19T19:26:23.724+0000] {logging_mixin.py:190} INFO - [2025-01-19T19:26:23.723+0000] {dag.py:3239} INFO - Sync 10 DAGs
[2025-01-19T19:26:23.737+0000] {logging_mixin.py:190} INFO - [2025-01-19T19:26:23.737+0000] {dag.py:4180} INFO - Setting next_dagrun for conditional_dataset_and_time_based_timetable to 2025-01-15 01:00:00+00:00, run_after=2025-01-15 01:00:00+00:00
[2025-01-19T19:26:23.739+0000] {logging_mixin.py:190} INFO - [2025-01-19T19:26:23.739+0000] {dag.py:4180} INFO - Setting next_dagrun for consume_1_and_2_with_dataset_expressions to None, run_after=None
[2025-01-19T19:26:23.740+0000] {logging_mixin.py:190} INFO - [2025-01-19T19:26:23.740+0000] {dag.py:4180} INFO - Setting next_dagrun for consume_1_or_2_with_dataset_expressions to None, run_after=None
[2025-01-19T19:26:23.741+0000] {logging_mixin.py:190} INFO - [2025-01-19T19:26:23.741+0000] {dag.py:4180} INFO - Setting next_dagrun for consume_1_or_both_2_and_3_with_dataset_expressions to None, run_after=None
[2025-01-19T19:26:23.741+0000] {logging_mixin.py:190} INFO - [2025-01-19T19:26:23.741+0000] {dag.py:4180} INFO - Setting next_dagrun for dataset_consumes_1 to None, run_after=None
[2025-01-19T19:26:23.742+0000] {logging_mixin.py:190} INFO - [2025-01-19T19:26:23.742+0000] {dag.py:4180} INFO - Setting next_dagrun for dataset_consumes_1_and_2 to None, run_after=None
[2025-01-19T19:26:23.743+0000] {logging_mixin.py:190} INFO - [2025-01-19T19:26:23.743+0000] {dag.py:4180} INFO - Setting next_dagrun for dataset_consumes_1_never_scheduled to None, run_after=None
[2025-01-19T19:26:23.743+0000] {logging_mixin.py:190} INFO - [2025-01-19T19:26:23.743+0000] {dag.py:4180} INFO - Setting next_dagrun for dataset_consumes_unknown_never_scheduled to None, run_after=None
[2025-01-19T19:26:23.745+0000] {logging_mixin.py:190} INFO - [2025-01-19T19:26:23.745+0000] {dag.py:4180} INFO - Setting next_dagrun for dataset_produces_1 to 2025-01-18 00:00:00+00:00, run_after=2025-01-19 00:00:00+00:00
[2025-01-19T19:26:23.745+0000] {logging_mixin.py:190} INFO - [2025-01-19T19:26:23.745+0000] {dag.py:4180} INFO - Setting next_dagrun for dataset_produces_2 to None, run_after=None
[2025-01-19T19:26:23.761+0000] {processor.py:208} INFO - Processing /home/airflow/.local/lib/python3.12/site-packages/airflow/example_dags/example_datasets.py took 0.446 seconds
[2025-01-19T19:26:53.937+0000] {processor.py:186} INFO - Started process (PID=264) to work on /home/airflow/.local/lib/python3.12/site-packages/airflow/example_dags/example_datasets.py
[2025-01-19T19:26:53.938+0000] {processor.py:914} INFO - Processing file /home/airflow/.local/lib/python3.12/site-packages/airflow/example_dags/example_datasets.py for tasks to queue
[2025-01-19T19:26:53.939+0000] {logging_mixin.py:190} INFO - [2025-01-19T19:26:53.939+0000] {dagbag.py:588} INFO - Filling up the DagBag from /home/airflow/.local/lib/python3.12/site-packages/airflow/example_dags/example_datasets.py
[2025-01-19T19:26:54.253+0000] {processor.py:925} INFO - DAG(s) 'conditional_dataset_and_time_based_timetable', 'dataset_consumes_1_never_scheduled', 'dataset_consumes_1_and_2', 'consume_1_or_2_with_dataset_expressions', 'consume_1_or_both_2_and_3_with_dataset_expressions', 'dataset_produces_2', 'consume_1_and_2_with_dataset_expressions', 'dataset_consumes_1', 'dataset_produces_1', 'dataset_consumes_unknown_never_scheduled' retrieved from /home/airflow/.local/lib/python3.12/site-packages/airflow/example_dags/example_datasets.py
[2025-01-19T19:26:54.286+0000] {logging_mixin.py:190} INFO - [2025-01-19T19:26:54.285+0000] {dag.py:3239} INFO - Sync 10 DAGs
[2025-01-19T19:26:54.304+0000] {logging_mixin.py:190} INFO - [2025-01-19T19:26:54.304+0000] {dag.py:4180} INFO - Setting next_dagrun for conditional_dataset_and_time_based_timetable to 2025-01-15 01:00:00+00:00, run_after=2025-01-15 01:00:00+00:00
[2025-01-19T19:26:54.307+0000] {logging_mixin.py:190} INFO - [2025-01-19T19:26:54.307+0000] {dag.py:4180} INFO - Setting next_dagrun for consume_1_and_2_with_dataset_expressions to None, run_after=None
[2025-01-19T19:26:54.308+0000] {logging_mixin.py:190} INFO - [2025-01-19T19:26:54.308+0000] {dag.py:4180} INFO - Setting next_dagrun for consume_1_or_2_with_dataset_expressions to None, run_after=None
[2025-01-19T19:26:54.309+0000] {logging_mixin.py:190} INFO - [2025-01-19T19:26:54.309+0000] {dag.py:4180} INFO - Setting next_dagrun for consume_1_or_both_2_and_3_with_dataset_expressions to None, run_after=None
[2025-01-19T19:26:54.310+0000] {logging_mixin.py:190} INFO - [2025-01-19T19:26:54.310+0000] {dag.py:4180} INFO - Setting next_dagrun for dataset_consumes_1 to None, run_after=None
[2025-01-19T19:26:54.311+0000] {logging_mixin.py:190} INFO - [2025-01-19T19:26:54.311+0000] {dag.py:4180} INFO - Setting next_dagrun for dataset_consumes_1_and_2 to None, run_after=None
[2025-01-19T19:26:54.312+0000] {logging_mixin.py:190} INFO - [2025-01-19T19:26:54.311+0000] {dag.py:4180} INFO - Setting next_dagrun for dataset_consumes_1_never_scheduled to None, run_after=None
[2025-01-19T19:26:54.313+0000] {logging_mixin.py:190} INFO - [2025-01-19T19:26:54.312+0000] {dag.py:4180} INFO - Setting next_dagrun for dataset_consumes_unknown_never_scheduled to None, run_after=None
[2025-01-19T19:26:54.314+0000] {logging_mixin.py:190} INFO - [2025-01-19T19:26:54.314+0000] {dag.py:4180} INFO - Setting next_dagrun for dataset_produces_1 to 2025-01-18 00:00:00+00:00, run_after=2025-01-19 00:00:00+00:00
[2025-01-19T19:26:54.316+0000] {logging_mixin.py:190} INFO - [2025-01-19T19:26:54.315+0000] {dag.py:4180} INFO - Setting next_dagrun for dataset_produces_2 to None, run_after=None
[2025-01-19T19:26:54.336+0000] {processor.py:208} INFO - Processing /home/airflow/.local/lib/python3.12/site-packages/airflow/example_dags/example_datasets.py took 0.402 seconds
[2025-01-19T19:27:24.370+0000] {processor.py:186} INFO - Started process (PID=331) to work on /home/airflow/.local/lib/python3.12/site-packages/airflow/example_dags/example_datasets.py
[2025-01-19T19:27:24.448+0000] {processor.py:914} INFO - Processing file /home/airflow/.local/lib/python3.12/site-packages/airflow/example_dags/example_datasets.py for tasks to queue
[2025-01-19T19:27:24.451+0000] {logging_mixin.py:190} INFO - [2025-01-19T19:27:24.451+0000] {dagbag.py:588} INFO - Filling up the DagBag from /home/airflow/.local/lib/python3.12/site-packages/airflow/example_dags/example_datasets.py
[2025-01-19T19:27:24.771+0000] {processor.py:925} INFO - DAG(s) 'dataset_produces_2', 'consume_1_or_2_with_dataset_expressions', 'dataset_produces_1', 'consume_1_and_2_with_dataset_expressions', 'dataset_consumes_unknown_never_scheduled', 'conditional_dataset_and_time_based_timetable', 'dataset_consumes_1_never_scheduled', 'dataset_consumes_1_and_2', 'consume_1_or_both_2_and_3_with_dataset_expressions', 'dataset_consumes_1' retrieved from /home/airflow/.local/lib/python3.12/site-packages/airflow/example_dags/example_datasets.py
[2025-01-19T19:27:24.794+0000] {logging_mixin.py:190} INFO - [2025-01-19T19:27:24.794+0000] {dag.py:3239} INFO - Sync 10 DAGs
[2025-01-19T19:27:24.808+0000] {logging_mixin.py:190} INFO - [2025-01-19T19:27:24.808+0000] {dag.py:4180} INFO - Setting next_dagrun for conditional_dataset_and_time_based_timetable to 2025-01-15 01:00:00+00:00, run_after=2025-01-15 01:00:00+00:00
[2025-01-19T19:27:24.810+0000] {logging_mixin.py:190} INFO - [2025-01-19T19:27:24.810+0000] {dag.py:4180} INFO - Setting next_dagrun for consume_1_and_2_with_dataset_expressions to None, run_after=None
[2025-01-19T19:27:24.811+0000] {logging_mixin.py:190} INFO - [2025-01-19T19:27:24.811+0000] {dag.py:4180} INFO - Setting next_dagrun for consume_1_or_2_with_dataset_expressions to None, run_after=None
[2025-01-19T19:27:24.812+0000] {logging_mixin.py:190} INFO - [2025-01-19T19:27:24.812+0000] {dag.py:4180} INFO - Setting next_dagrun for consume_1_or_both_2_and_3_with_dataset_expressions to None, run_after=None
[2025-01-19T19:27:24.813+0000] {logging_mixin.py:190} INFO - [2025-01-19T19:27:24.813+0000] {dag.py:4180} INFO - Setting next_dagrun for dataset_consumes_1 to None, run_after=None
[2025-01-19T19:27:24.813+0000] {logging_mixin.py:190} INFO - [2025-01-19T19:27:24.813+0000] {dag.py:4180} INFO - Setting next_dagrun for dataset_consumes_1_and_2 to None, run_after=None
[2025-01-19T19:27:24.814+0000] {logging_mixin.py:190} INFO - [2025-01-19T19:27:24.814+0000] {dag.py:4180} INFO - Setting next_dagrun for dataset_consumes_1_never_scheduled to None, run_after=None
[2025-01-19T19:27:24.815+0000] {logging_mixin.py:190} INFO - [2025-01-19T19:27:24.815+0000] {dag.py:4180} INFO - Setting next_dagrun for dataset_consumes_unknown_never_scheduled to None, run_after=None
[2025-01-19T19:27:24.816+0000] {logging_mixin.py:190} INFO - [2025-01-19T19:27:24.816+0000] {dag.py:4180} INFO - Setting next_dagrun for dataset_produces_1 to 2025-01-18 00:00:00+00:00, run_after=2025-01-19 00:00:00+00:00
[2025-01-19T19:27:24.817+0000] {logging_mixin.py:190} INFO - [2025-01-19T19:27:24.817+0000] {dag.py:4180} INFO - Setting next_dagrun for dataset_produces_2 to None, run_after=None
[2025-01-19T19:27:24.833+0000] {processor.py:208} INFO - Processing /home/airflow/.local/lib/python3.12/site-packages/airflow/example_dags/example_datasets.py took 0.467 seconds
[2025-01-19T19:27:55.740+0000] {processor.py:186} INFO - Started process (PID=396) to work on /home/airflow/.local/lib/python3.12/site-packages/airflow/example_dags/example_datasets.py
[2025-01-19T19:27:55.741+0000] {processor.py:914} INFO - Processing file /home/airflow/.local/lib/python3.12/site-packages/airflow/example_dags/example_datasets.py for tasks to queue
[2025-01-19T19:27:55.743+0000] {logging_mixin.py:190} INFO - [2025-01-19T19:27:55.742+0000] {dagbag.py:588} INFO - Filling up the DagBag from /home/airflow/.local/lib/python3.12/site-packages/airflow/example_dags/example_datasets.py
[2025-01-19T19:27:56.057+0000] {processor.py:925} INFO - DAG(s) 'consume_1_or_both_2_and_3_with_dataset_expressions', 'consume_1_or_2_with_dataset_expressions', 'conditional_dataset_and_time_based_timetable', 'dataset_consumes_1', 'dataset_produces_2', 'dataset_consumes_unknown_never_scheduled', 'dataset_consumes_1_never_scheduled', 'dataset_consumes_1_and_2', 'dataset_produces_1', 'consume_1_and_2_with_dataset_expressions' retrieved from /home/airflow/.local/lib/python3.12/site-packages/airflow/example_dags/example_datasets.py
[2025-01-19T19:27:56.078+0000] {logging_mixin.py:190} INFO - [2025-01-19T19:27:56.078+0000] {dag.py:3239} INFO - Sync 10 DAGs
[2025-01-19T19:27:56.091+0000] {logging_mixin.py:190} INFO - [2025-01-19T19:27:56.090+0000] {dag.py:4180} INFO - Setting next_dagrun for conditional_dataset_and_time_based_timetable to 2025-01-15 01:00:00+00:00, run_after=2025-01-15 01:00:00+00:00
[2025-01-19T19:27:56.092+0000] {logging_mixin.py:190} INFO - [2025-01-19T19:27:56.092+0000] {dag.py:4180} INFO - Setting next_dagrun for consume_1_and_2_with_dataset_expressions to None, run_after=None
[2025-01-19T19:27:56.094+0000] {logging_mixin.py:190} INFO - [2025-01-19T19:27:56.094+0000] {dag.py:4180} INFO - Setting next_dagrun for consume_1_or_2_with_dataset_expressions to None, run_after=None
[2025-01-19T19:27:56.095+0000] {logging_mixin.py:190} INFO - [2025-01-19T19:27:56.095+0000] {dag.py:4180} INFO - Setting next_dagrun for consume_1_or_both_2_and_3_with_dataset_expressions to None, run_after=None
[2025-01-19T19:27:56.095+0000] {logging_mixin.py:190} INFO - [2025-01-19T19:27:56.095+0000] {dag.py:4180} INFO - Setting next_dagrun for dataset_consumes_1 to None, run_after=None
[2025-01-19T19:27:56.096+0000] {logging_mixin.py:190} INFO - [2025-01-19T19:27:56.096+0000] {dag.py:4180} INFO - Setting next_dagrun for dataset_consumes_1_and_2 to None, run_after=None
[2025-01-19T19:27:56.097+0000] {logging_mixin.py:190} INFO - [2025-01-19T19:27:56.097+0000] {dag.py:4180} INFO - Setting next_dagrun for dataset_consumes_1_never_scheduled to None, run_after=None
[2025-01-19T19:27:56.097+0000] {logging_mixin.py:190} INFO - [2025-01-19T19:27:56.097+0000] {dag.py:4180} INFO - Setting next_dagrun for dataset_consumes_unknown_never_scheduled to None, run_after=None
[2025-01-19T19:27:56.098+0000] {logging_mixin.py:190} INFO - [2025-01-19T19:27:56.098+0000] {dag.py:4180} INFO - Setting next_dagrun for dataset_produces_1 to 2025-01-18 00:00:00+00:00, run_after=2025-01-19 00:00:00+00:00
[2025-01-19T19:27:56.099+0000] {logging_mixin.py:190} INFO - [2025-01-19T19:27:56.099+0000] {dag.py:4180} INFO - Setting next_dagrun for dataset_produces_2 to None, run_after=None
[2025-01-19T19:27:56.116+0000] {processor.py:208} INFO - Processing /home/airflow/.local/lib/python3.12/site-packages/airflow/example_dags/example_datasets.py took 0.379 seconds
[2025-01-19T19:28:26.703+0000] {processor.py:186} INFO - Started process (PID=461) to work on /home/airflow/.local/lib/python3.12/site-packages/airflow/example_dags/example_datasets.py
[2025-01-19T19:28:26.704+0000] {processor.py:914} INFO - Processing file /home/airflow/.local/lib/python3.12/site-packages/airflow/example_dags/example_datasets.py for tasks to queue
[2025-01-19T19:28:26.705+0000] {logging_mixin.py:190} INFO - [2025-01-19T19:28:26.705+0000] {dagbag.py:588} INFO - Filling up the DagBag from /home/airflow/.local/lib/python3.12/site-packages/airflow/example_dags/example_datasets.py
[2025-01-19T19:28:27.014+0000] {processor.py:925} INFO - DAG(s) 'dataset_produces_1', 'conditional_dataset_and_time_based_timetable', 'dataset_consumes_1_never_scheduled', 'dataset_produces_2', 'consume_1_or_both_2_and_3_with_dataset_expressions', 'dataset_consumes_1_and_2', 'dataset_consumes_unknown_never_scheduled', 'consume_1_and_2_with_dataset_expressions', 'dataset_consumes_1', 'consume_1_or_2_with_dataset_expressions' retrieved from /home/airflow/.local/lib/python3.12/site-packages/airflow/example_dags/example_datasets.py
[2025-01-19T19:28:27.036+0000] {logging_mixin.py:190} INFO - [2025-01-19T19:28:27.036+0000] {dag.py:3239} INFO - Sync 10 DAGs
[2025-01-19T19:28:27.049+0000] {logging_mixin.py:190} INFO - [2025-01-19T19:28:27.048+0000] {dag.py:4180} INFO - Setting next_dagrun for conditional_dataset_and_time_based_timetable to 2025-01-15 01:00:00+00:00, run_after=2025-01-15 01:00:00+00:00
[2025-01-19T19:28:27.050+0000] {logging_mixin.py:190} INFO - [2025-01-19T19:28:27.050+0000] {dag.py:4180} INFO - Setting next_dagrun for consume_1_and_2_with_dataset_expressions to None, run_after=None
[2025-01-19T19:28:27.051+0000] {logging_mixin.py:190} INFO - [2025-01-19T19:28:27.051+0000] {dag.py:4180} INFO - Setting next_dagrun for consume_1_or_2_with_dataset_expressions to None, run_after=None
[2025-01-19T19:28:27.052+0000] {logging_mixin.py:190} INFO - [2025-01-19T19:28:27.052+0000] {dag.py:4180} INFO - Setting next_dagrun for consume_1_or_both_2_and_3_with_dataset_expressions to None, run_after=None
[2025-01-19T19:28:27.053+0000] {logging_mixin.py:190} INFO - [2025-01-19T19:28:27.053+0000] {dag.py:4180} INFO - Setting next_dagrun for dataset_consumes_1 to None, run_after=None
[2025-01-19T19:28:27.054+0000] {logging_mixin.py:190} INFO - [2025-01-19T19:28:27.054+0000] {dag.py:4180} INFO - Setting next_dagrun for dataset_consumes_1_and_2 to None, run_after=None
[2025-01-19T19:28:27.054+0000] {logging_mixin.py:190} INFO - [2025-01-19T19:28:27.054+0000] {dag.py:4180} INFO - Setting next_dagrun for dataset_consumes_1_never_scheduled to None, run_after=None
[2025-01-19T19:28:27.055+0000] {logging_mixin.py:190} INFO - [2025-01-19T19:28:27.055+0000] {dag.py:4180} INFO - Setting next_dagrun for dataset_consumes_unknown_never_scheduled to None, run_after=None
[2025-01-19T19:28:27.056+0000] {logging_mixin.py:190} INFO - [2025-01-19T19:28:27.056+0000] {dag.py:4180} INFO - Setting next_dagrun for dataset_produces_1 to 2025-01-18 00:00:00+00:00, run_after=2025-01-19 00:00:00+00:00
[2025-01-19T19:28:27.057+0000] {logging_mixin.py:190} INFO - [2025-01-19T19:28:27.057+0000] {dag.py:4180} INFO - Setting next_dagrun for dataset_produces_2 to None, run_after=None
[2025-01-19T19:28:27.074+0000] {processor.py:208} INFO - Processing /home/airflow/.local/lib/python3.12/site-packages/airflow/example_dags/example_datasets.py took 0.375 seconds
[2025-01-19T19:28:57.117+0000] {processor.py:186} INFO - Started process (PID=531) to work on /home/airflow/.local/lib/python3.12/site-packages/airflow/example_dags/example_datasets.py
[2025-01-19T19:28:57.117+0000] {processor.py:914} INFO - Processing file /home/airflow/.local/lib/python3.12/site-packages/airflow/example_dags/example_datasets.py for tasks to queue
[2025-01-19T19:28:57.119+0000] {logging_mixin.py:190} INFO - [2025-01-19T19:28:57.118+0000] {dagbag.py:588} INFO - Filling up the DagBag from /home/airflow/.local/lib/python3.12/site-packages/airflow/example_dags/example_datasets.py
[2025-01-19T19:28:57.428+0000] {processor.py:925} INFO - DAG(s) 'dataset_produces_1', 'consume_1_and_2_with_dataset_expressions', 'dataset_consumes_1_and_2', 'consume_1_or_both_2_and_3_with_dataset_expressions', 'dataset_consumes_1_never_scheduled', 'dataset_consumes_1', 'dataset_consumes_unknown_never_scheduled', 'conditional_dataset_and_time_based_timetable', 'consume_1_or_2_with_dataset_expressions', 'dataset_produces_2' retrieved from /home/airflow/.local/lib/python3.12/site-packages/airflow/example_dags/example_datasets.py
[2025-01-19T19:28:57.618+0000] {logging_mixin.py:190} INFO - [2025-01-19T19:28:57.618+0000] {dag.py:3239} INFO - Sync 10 DAGs
[2025-01-19T19:28:57.632+0000] {logging_mixin.py:190} INFO - [2025-01-19T19:28:57.632+0000] {dag.py:4180} INFO - Setting next_dagrun for conditional_dataset_and_time_based_timetable to 2025-01-15 01:00:00+00:00, run_after=2025-01-15 01:00:00+00:00
[2025-01-19T19:28:57.637+0000] {logging_mixin.py:190} INFO - [2025-01-19T19:28:57.636+0000] {dag.py:4180} INFO - Setting next_dagrun for consume_1_and_2_with_dataset_expressions to None, run_after=None
[2025-01-19T19:28:57.638+0000] {logging_mixin.py:190} INFO - [2025-01-19T19:28:57.638+0000] {dag.py:4180} INFO - Setting next_dagrun for consume_1_or_2_with_dataset_expressions to None, run_after=None
[2025-01-19T19:28:57.639+0000] {logging_mixin.py:190} INFO - [2025-01-19T19:28:57.639+0000] {dag.py:4180} INFO - Setting next_dagrun for consume_1_or_both_2_and_3_with_dataset_expressions to None, run_after=None
[2025-01-19T19:28:57.639+0000] {logging_mixin.py:190} INFO - [2025-01-19T19:28:57.639+0000] {dag.py:4180} INFO - Setting next_dagrun for dataset_consumes_1 to None, run_after=None
[2025-01-19T19:28:57.640+0000] {logging_mixin.py:190} INFO - [2025-01-19T19:28:57.640+0000] {dag.py:4180} INFO - Setting next_dagrun for dataset_consumes_1_and_2 to None, run_after=None
[2025-01-19T19:28:57.641+0000] {logging_mixin.py:190} INFO - [2025-01-19T19:28:57.641+0000] {dag.py:4180} INFO - Setting next_dagrun for dataset_consumes_1_never_scheduled to None, run_after=None
[2025-01-19T19:28:57.642+0000] {logging_mixin.py:190} INFO - [2025-01-19T19:28:57.641+0000] {dag.py:4180} INFO - Setting next_dagrun for dataset_consumes_unknown_never_scheduled to None, run_after=None
[2025-01-19T19:28:57.643+0000] {logging_mixin.py:190} INFO - [2025-01-19T19:28:57.643+0000] {dag.py:4180} INFO - Setting next_dagrun for dataset_produces_1 to 2025-01-18 00:00:00+00:00, run_after=2025-01-19 00:00:00+00:00
[2025-01-19T19:28:57.644+0000] {logging_mixin.py:190} INFO - [2025-01-19T19:28:57.643+0000] {dag.py:4180} INFO - Setting next_dagrun for dataset_produces_2 to None, run_after=None
[2025-01-19T19:28:57.660+0000] {processor.py:208} INFO - Processing /home/airflow/.local/lib/python3.12/site-packages/airflow/example_dags/example_datasets.py took 0.547 seconds
[2025-01-19T19:29:28.295+0000] {processor.py:186} INFO - Started process (PID=598) to work on /home/airflow/.local/lib/python3.12/site-packages/airflow/example_dags/example_datasets.py
[2025-01-19T19:29:28.295+0000] {processor.py:914} INFO - Processing file /home/airflow/.local/lib/python3.12/site-packages/airflow/example_dags/example_datasets.py for tasks to queue
[2025-01-19T19:29:28.297+0000] {logging_mixin.py:190} INFO - [2025-01-19T19:29:28.297+0000] {dagbag.py:588} INFO - Filling up the DagBag from /home/airflow/.local/lib/python3.12/site-packages/airflow/example_dags/example_datasets.py
[2025-01-19T19:29:28.617+0000] {processor.py:925} INFO - DAG(s) 'dataset_consumes_1_and_2', 'consume_1_or_2_with_dataset_expressions', 'dataset_produces_1', 'dataset_consumes_unknown_never_scheduled', 'consume_1_and_2_with_dataset_expressions', 'dataset_consumes_1', 'consume_1_or_both_2_and_3_with_dataset_expressions', 'dataset_consumes_1_never_scheduled', 'conditional_dataset_and_time_based_timetable', 'dataset_produces_2' retrieved from /home/airflow/.local/lib/python3.12/site-packages/airflow/example_dags/example_datasets.py
[2025-01-19T19:29:28.639+0000] {logging_mixin.py:190} INFO - [2025-01-19T19:29:28.639+0000] {dag.py:3239} INFO - Sync 10 DAGs
[2025-01-19T19:29:28.652+0000] {logging_mixin.py:190} INFO - [2025-01-19T19:29:28.652+0000] {dag.py:4180} INFO - Setting next_dagrun for conditional_dataset_and_time_based_timetable to 2025-01-15 01:00:00+00:00, run_after=2025-01-15 01:00:00+00:00
[2025-01-19T19:29:28.655+0000] {logging_mixin.py:190} INFO - [2025-01-19T19:29:28.654+0000] {dag.py:4180} INFO - Setting next_dagrun for consume_1_and_2_with_dataset_expressions to None, run_after=None
[2025-01-19T19:29:28.656+0000] {logging_mixin.py:190} INFO - [2025-01-19T19:29:28.656+0000] {dag.py:4180} INFO - Setting next_dagrun for consume_1_or_2_with_dataset_expressions to None, run_after=None
[2025-01-19T19:29:28.657+0000] {logging_mixin.py:190} INFO - [2025-01-19T19:29:28.657+0000] {dag.py:4180} INFO - Setting next_dagrun for consume_1_or_both_2_and_3_with_dataset_expressions to None, run_after=None
[2025-01-19T19:29:28.658+0000] {logging_mixin.py:190} INFO - [2025-01-19T19:29:28.658+0000] {dag.py:4180} INFO - Setting next_dagrun for dataset_consumes_1 to None, run_after=None
[2025-01-19T19:29:28.658+0000] {logging_mixin.py:190} INFO - [2025-01-19T19:29:28.658+0000] {dag.py:4180} INFO - Setting next_dagrun for dataset_consumes_1_and_2 to None, run_after=None
[2025-01-19T19:29:28.659+0000] {logging_mixin.py:190} INFO - [2025-01-19T19:29:28.659+0000] {dag.py:4180} INFO - Setting next_dagrun for dataset_consumes_1_never_scheduled to None, run_after=None
[2025-01-19T19:29:28.660+0000] {logging_mixin.py:190} INFO - [2025-01-19T19:29:28.660+0000] {dag.py:4180} INFO - Setting next_dagrun for dataset_consumes_unknown_never_scheduled to None, run_after=None
[2025-01-19T19:29:28.661+0000] {logging_mixin.py:190} INFO - [2025-01-19T19:29:28.661+0000] {dag.py:4180} INFO - Setting next_dagrun for dataset_produces_1 to 2025-01-18 00:00:00+00:00, run_after=2025-01-19 00:00:00+00:00
[2025-01-19T19:29:28.662+0000] {logging_mixin.py:190} INFO - [2025-01-19T19:29:28.662+0000] {dag.py:4180} INFO - Setting next_dagrun for dataset_produces_2 to None, run_after=None
[2025-01-19T19:29:28.678+0000] {processor.py:208} INFO - Processing /home/airflow/.local/lib/python3.12/site-packages/airflow/example_dags/example_datasets.py took 0.387 seconds
[2025-01-19T19:29:59.536+0000] {processor.py:186} INFO - Started process (PID=665) to work on /home/airflow/.local/lib/python3.12/site-packages/airflow/example_dags/example_datasets.py
[2025-01-19T19:29:59.537+0000] {processor.py:914} INFO - Processing file /home/airflow/.local/lib/python3.12/site-packages/airflow/example_dags/example_datasets.py for tasks to queue
[2025-01-19T19:29:59.538+0000] {logging_mixin.py:190} INFO - [2025-01-19T19:29:59.538+0000] {dagbag.py:588} INFO - Filling up the DagBag from /home/airflow/.local/lib/python3.12/site-packages/airflow/example_dags/example_datasets.py
[2025-01-19T19:29:59.853+0000] {processor.py:925} INFO - DAG(s) 'conditional_dataset_and_time_based_timetable', 'dataset_consumes_1_never_scheduled', 'dataset_produces_1', 'consume_1_or_2_with_dataset_expressions', 'dataset_consumes_1', 'dataset_consumes_unknown_never_scheduled', 'dataset_produces_2', 'dataset_consumes_1_and_2', 'consume_1_and_2_with_dataset_expressions', 'consume_1_or_both_2_and_3_with_dataset_expressions' retrieved from /home/airflow/.local/lib/python3.12/site-packages/airflow/example_dags/example_datasets.py
[2025-01-19T19:29:59.874+0000] {logging_mixin.py:190} INFO - [2025-01-19T19:29:59.874+0000] {dag.py:3239} INFO - Sync 10 DAGs
[2025-01-19T19:29:59.887+0000] {logging_mixin.py:190} INFO - [2025-01-19T19:29:59.887+0000] {dag.py:4180} INFO - Setting next_dagrun for conditional_dataset_and_time_based_timetable to 2025-01-15 01:00:00+00:00, run_after=2025-01-15 01:00:00+00:00
[2025-01-19T19:29:59.889+0000] {logging_mixin.py:190} INFO - [2025-01-19T19:29:59.889+0000] {dag.py:4180} INFO - Setting next_dagrun for consume_1_and_2_with_dataset_expressions to None, run_after=None
[2025-01-19T19:29:59.891+0000] {logging_mixin.py:190} INFO - [2025-01-19T19:29:59.891+0000] {dag.py:4180} INFO - Setting next_dagrun for consume_1_or_2_with_dataset_expressions to None, run_after=None
[2025-01-19T19:29:59.892+0000] {logging_mixin.py:190} INFO - [2025-01-19T19:29:59.892+0000] {dag.py:4180} INFO - Setting next_dagrun for consume_1_or_both_2_and_3_with_dataset_expressions to None, run_after=None
[2025-01-19T19:29:59.892+0000] {logging_mixin.py:190} INFO - [2025-01-19T19:29:59.892+0000] {dag.py:4180} INFO - Setting next_dagrun for dataset_consumes_1 to None, run_after=None
[2025-01-19T19:29:59.893+0000] {logging_mixin.py:190} INFO - [2025-01-19T19:29:59.893+0000] {dag.py:4180} INFO - Setting next_dagrun for dataset_consumes_1_and_2 to None, run_after=None
[2025-01-19T19:29:59.894+0000] {logging_mixin.py:190} INFO - [2025-01-19T19:29:59.894+0000] {dag.py:4180} INFO - Setting next_dagrun for dataset_consumes_1_never_scheduled to None, run_after=None
[2025-01-19T19:29:59.894+0000] {logging_mixin.py:190} INFO - [2025-01-19T19:29:59.894+0000] {dag.py:4180} INFO - Setting next_dagrun for dataset_consumes_unknown_never_scheduled to None, run_after=None
[2025-01-19T19:29:59.895+0000] {logging_mixin.py:190} INFO - [2025-01-19T19:29:59.895+0000] {dag.py:4180} INFO - Setting next_dagrun for dataset_produces_1 to 2025-01-18 00:00:00+00:00, run_after=2025-01-19 00:00:00+00:00
[2025-01-19T19:29:59.896+0000] {logging_mixin.py:190} INFO - [2025-01-19T19:29:59.896+0000] {dag.py:4180} INFO - Setting next_dagrun for dataset_produces_2 to None, run_after=None
[2025-01-19T19:29:59.913+0000] {processor.py:208} INFO - Processing /home/airflow/.local/lib/python3.12/site-packages/airflow/example_dags/example_datasets.py took 0.380 seconds
[2025-01-19T19:30:30.710+0000] {processor.py:186} INFO - Started process (PID=730) to work on /home/airflow/.local/lib/python3.12/site-packages/airflow/example_dags/example_datasets.py
[2025-01-19T19:30:30.710+0000] {processor.py:914} INFO - Processing file /home/airflow/.local/lib/python3.12/site-packages/airflow/example_dags/example_datasets.py for tasks to queue
[2025-01-19T19:30:30.712+0000] {logging_mixin.py:190} INFO - [2025-01-19T19:30:30.712+0000] {dagbag.py:588} INFO - Filling up the DagBag from /home/airflow/.local/lib/python3.12/site-packages/airflow/example_dags/example_datasets.py
[2025-01-19T19:30:31.046+0000] {processor.py:925} INFO - DAG(s) 'dataset_consumes_1_and_2', 'dataset_consumes_1', 'dataset_produces_1', 'consume_1_or_2_with_dataset_expressions', 'consume_1_and_2_with_dataset_expressions', 'consume_1_or_both_2_and_3_with_dataset_expressions', 'dataset_produces_2', 'dataset_consumes_unknown_never_scheduled', 'conditional_dataset_and_time_based_timetable', 'dataset_consumes_1_never_scheduled' retrieved from /home/airflow/.local/lib/python3.12/site-packages/airflow/example_dags/example_datasets.py
[2025-01-19T19:30:31.068+0000] {logging_mixin.py:190} INFO - [2025-01-19T19:30:31.068+0000] {dag.py:3239} INFO - Sync 10 DAGs
[2025-01-19T19:30:31.083+0000] {logging_mixin.py:190} INFO - [2025-01-19T19:30:31.083+0000] {dag.py:4180} INFO - Setting next_dagrun for conditional_dataset_and_time_based_timetable to 2025-01-15 01:00:00+00:00, run_after=2025-01-15 01:00:00+00:00
[2025-01-19T19:30:31.085+0000] {logging_mixin.py:190} INFO - [2025-01-19T19:30:31.085+0000] {dag.py:4180} INFO - Setting next_dagrun for consume_1_and_2_with_dataset_expressions to None, run_after=None
[2025-01-19T19:30:31.086+0000] {logging_mixin.py:190} INFO - [2025-01-19T19:30:31.086+0000] {dag.py:4180} INFO - Setting next_dagrun for consume_1_or_2_with_dataset_expressions to None, run_after=None
[2025-01-19T19:30:31.086+0000] {logging_mixin.py:190} INFO - [2025-01-19T19:30:31.086+0000] {dag.py:4180} INFO - Setting next_dagrun for consume_1_or_both_2_and_3_with_dataset_expressions to None, run_after=None
[2025-01-19T19:30:31.087+0000] {logging_mixin.py:190} INFO - [2025-01-19T19:30:31.087+0000] {dag.py:4180} INFO - Setting next_dagrun for dataset_consumes_1 to None, run_after=None
[2025-01-19T19:30:31.088+0000] {logging_mixin.py:190} INFO - [2025-01-19T19:30:31.088+0000] {dag.py:4180} INFO - Setting next_dagrun for dataset_consumes_1_and_2 to None, run_after=None
[2025-01-19T19:30:31.089+0000] {logging_mixin.py:190} INFO - [2025-01-19T19:30:31.089+0000] {dag.py:4180} INFO - Setting next_dagrun for dataset_consumes_1_never_scheduled to None, run_after=None
[2025-01-19T19:30:31.091+0000] {logging_mixin.py:190} INFO - [2025-01-19T19:30:31.091+0000] {dag.py:4180} INFO - Setting next_dagrun for dataset_consumes_unknown_never_scheduled to None, run_after=None
[2025-01-19T19:30:31.092+0000] {logging_mixin.py:190} INFO - [2025-01-19T19:30:31.092+0000] {dag.py:4180} INFO - Setting next_dagrun for dataset_produces_1 to 2025-01-18 00:00:00+00:00, run_after=2025-01-19 00:00:00+00:00
[2025-01-19T19:30:31.093+0000] {logging_mixin.py:190} INFO - [2025-01-19T19:30:31.093+0000] {dag.py:4180} INFO - Setting next_dagrun for dataset_produces_2 to None, run_after=None
[2025-01-19T19:30:31.111+0000] {processor.py:208} INFO - Processing /home/airflow/.local/lib/python3.12/site-packages/airflow/example_dags/example_datasets.py took 0.404 seconds
[2025-01-19T19:31:01.288+0000] {processor.py:186} INFO - Started process (PID=795) to work on /home/airflow/.local/lib/python3.12/site-packages/airflow/example_dags/example_datasets.py
[2025-01-19T19:31:01.289+0000] {processor.py:914} INFO - Processing file /home/airflow/.local/lib/python3.12/site-packages/airflow/example_dags/example_datasets.py for tasks to queue
[2025-01-19T19:31:01.290+0000] {logging_mixin.py:190} INFO - [2025-01-19T19:31:01.290+0000] {dagbag.py:588} INFO - Filling up the DagBag from /home/airflow/.local/lib/python3.12/site-packages/airflow/example_dags/example_datasets.py
[2025-01-19T19:31:01.603+0000] {processor.py:925} INFO - DAG(s) 'consume_1_or_both_2_and_3_with_dataset_expressions', 'consume_1_and_2_with_dataset_expressions', 'dataset_produces_2', 'dataset_consumes_1_and_2', 'dataset_consumes_unknown_never_scheduled', 'dataset_consumes_1', 'conditional_dataset_and_time_based_timetable', 'dataset_consumes_1_never_scheduled', 'consume_1_or_2_with_dataset_expressions', 'dataset_produces_1' retrieved from /home/airflow/.local/lib/python3.12/site-packages/airflow/example_dags/example_datasets.py
[2025-01-19T19:31:01.626+0000] {logging_mixin.py:190} INFO - [2025-01-19T19:31:01.626+0000] {dag.py:3239} INFO - Sync 10 DAGs
[2025-01-19T19:31:01.639+0000] {logging_mixin.py:190} INFO - [2025-01-19T19:31:01.639+0000] {dag.py:4180} INFO - Setting next_dagrun for conditional_dataset_and_time_based_timetable to 2025-01-15 01:00:00+00:00, run_after=2025-01-15 01:00:00+00:00
[2025-01-19T19:31:01.641+0000] {logging_mixin.py:190} INFO - [2025-01-19T19:31:01.641+0000] {dag.py:4180} INFO - Setting next_dagrun for consume_1_and_2_with_dataset_expressions to None, run_after=None
[2025-01-19T19:31:01.643+0000] {logging_mixin.py:190} INFO - [2025-01-19T19:31:01.643+0000] {dag.py:4180} INFO - Setting next_dagrun for consume_1_or_2_with_dataset_expressions to None, run_after=None
[2025-01-19T19:31:01.644+0000] {logging_mixin.py:190} INFO - [2025-01-19T19:31:01.644+0000] {dag.py:4180} INFO - Setting next_dagrun for consume_1_or_both_2_and_3_with_dataset_expressions to None, run_after=None
[2025-01-19T19:31:01.644+0000] {logging_mixin.py:190} INFO - [2025-01-19T19:31:01.644+0000] {dag.py:4180} INFO - Setting next_dagrun for dataset_consumes_1 to None, run_after=None
[2025-01-19T19:31:01.645+0000] {logging_mixin.py:190} INFO - [2025-01-19T19:31:01.645+0000] {dag.py:4180} INFO - Setting next_dagrun for dataset_consumes_1_and_2 to None, run_after=None
[2025-01-19T19:31:01.646+0000] {logging_mixin.py:190} INFO - [2025-01-19T19:31:01.646+0000] {dag.py:4180} INFO - Setting next_dagrun for dataset_consumes_1_never_scheduled to None, run_after=None
[2025-01-19T19:31:01.647+0000] {logging_mixin.py:190} INFO - [2025-01-19T19:31:01.646+0000] {dag.py:4180} INFO - Setting next_dagrun for dataset_consumes_unknown_never_scheduled to None, run_after=None
[2025-01-19T19:31:01.648+0000] {logging_mixin.py:190} INFO - [2025-01-19T19:31:01.648+0000] {dag.py:4180} INFO - Setting next_dagrun for dataset_produces_1 to 2025-01-18 00:00:00+00:00, run_after=2025-01-19 00:00:00+00:00
[2025-01-19T19:31:01.649+0000] {logging_mixin.py:190} INFO - [2025-01-19T19:31:01.648+0000] {dag.py:4180} INFO - Setting next_dagrun for dataset_produces_2 to None, run_after=None
[2025-01-19T19:31:01.666+0000] {processor.py:208} INFO - Processing /home/airflow/.local/lib/python3.12/site-packages/airflow/example_dags/example_datasets.py took 0.382 seconds
[2025-01-19T19:31:31.821+0000] {processor.py:186} INFO - Started process (PID=860) to work on /home/airflow/.local/lib/python3.12/site-packages/airflow/example_dags/example_datasets.py
[2025-01-19T19:31:31.821+0000] {processor.py:914} INFO - Processing file /home/airflow/.local/lib/python3.12/site-packages/airflow/example_dags/example_datasets.py for tasks to queue
[2025-01-19T19:31:31.823+0000] {logging_mixin.py:190} INFO - [2025-01-19T19:31:31.823+0000] {dagbag.py:588} INFO - Filling up the DagBag from /home/airflow/.local/lib/python3.12/site-packages/airflow/example_dags/example_datasets.py
[2025-01-19T19:31:32.140+0000] {processor.py:925} INFO - DAG(s) 'dataset_produces_2', 'dataset_consumes_1_and_2', 'dataset_consumes_unknown_never_scheduled', 'consume_1_and_2_with_dataset_expressions', 'dataset_produces_1', 'consume_1_or_both_2_and_3_with_dataset_expressions', 'consume_1_or_2_with_dataset_expressions', 'dataset_consumes_1', 'conditional_dataset_and_time_based_timetable', 'dataset_consumes_1_never_scheduled' retrieved from /home/airflow/.local/lib/python3.12/site-packages/airflow/example_dags/example_datasets.py
[2025-01-19T19:31:32.163+0000] {logging_mixin.py:190} INFO - [2025-01-19T19:31:32.163+0000] {dag.py:3239} INFO - Sync 10 DAGs
[2025-01-19T19:31:32.178+0000] {logging_mixin.py:190} INFO - [2025-01-19T19:31:32.178+0000] {dag.py:4180} INFO - Setting next_dagrun for conditional_dataset_and_time_based_timetable to 2025-01-15 01:00:00+00:00, run_after=2025-01-15 01:00:00+00:00
[2025-01-19T19:31:32.203+0000] {logging_mixin.py:190} INFO - [2025-01-19T19:31:32.203+0000] {dag.py:4180} INFO - Setting next_dagrun for consume_1_and_2_with_dataset_expressions to None, run_after=None
[2025-01-19T19:31:32.205+0000] {logging_mixin.py:190} INFO - [2025-01-19T19:31:32.205+0000] {dag.py:4180} INFO - Setting next_dagrun for consume_1_or_2_with_dataset_expressions to None, run_after=None
[2025-01-19T19:31:32.206+0000] {logging_mixin.py:190} INFO - [2025-01-19T19:31:32.206+0000] {dag.py:4180} INFO - Setting next_dagrun for consume_1_or_both_2_and_3_with_dataset_expressions to None, run_after=None
[2025-01-19T19:31:32.206+0000] {logging_mixin.py:190} INFO - [2025-01-19T19:31:32.206+0000] {dag.py:4180} INFO - Setting next_dagrun for dataset_consumes_1 to None, run_after=None
[2025-01-19T19:31:32.207+0000] {logging_mixin.py:190} INFO - [2025-01-19T19:31:32.207+0000] {dag.py:4180} INFO - Setting next_dagrun for dataset_consumes_1_and_2 to None, run_after=None
[2025-01-19T19:31:32.208+0000] {logging_mixin.py:190} INFO - [2025-01-19T19:31:32.208+0000] {dag.py:4180} INFO - Setting next_dagrun for dataset_consumes_1_never_scheduled to None, run_after=None
[2025-01-19T19:31:32.209+0000] {logging_mixin.py:190} INFO - [2025-01-19T19:31:32.209+0000] {dag.py:4180} INFO - Setting next_dagrun for dataset_consumes_unknown_never_scheduled to None, run_after=None
[2025-01-19T19:31:32.210+0000] {logging_mixin.py:190} INFO - [2025-01-19T19:31:32.210+0000] {dag.py:4180} INFO - Setting next_dagrun for dataset_produces_1 to 2025-01-18 00:00:00+00:00, run_after=2025-01-19 00:00:00+00:00
[2025-01-19T19:31:32.210+0000] {logging_mixin.py:190} INFO - [2025-01-19T19:31:32.210+0000] {dag.py:4180} INFO - Setting next_dagrun for dataset_produces_2 to None, run_after=None
[2025-01-19T19:31:32.227+0000] {processor.py:208} INFO - Processing /home/airflow/.local/lib/python3.12/site-packages/airflow/example_dags/example_datasets.py took 0.410 seconds
[2025-01-19T19:32:02.715+0000] {processor.py:186} INFO - Started process (PID=925) to work on /home/airflow/.local/lib/python3.12/site-packages/airflow/example_dags/example_datasets.py
[2025-01-19T19:32:02.716+0000] {processor.py:914} INFO - Processing file /home/airflow/.local/lib/python3.12/site-packages/airflow/example_dags/example_datasets.py for tasks to queue
[2025-01-19T19:32:02.718+0000] {logging_mixin.py:190} INFO - [2025-01-19T19:32:02.717+0000] {dagbag.py:588} INFO - Filling up the DagBag from /home/airflow/.local/lib/python3.12/site-packages/airflow/example_dags/example_datasets.py
[2025-01-19T19:32:03.039+0000] {processor.py:925} INFO - DAG(s) 'dataset_produces_1', 'dataset_consumes_1', 'conditional_dataset_and_time_based_timetable', 'consume_1_or_both_2_and_3_with_dataset_expressions', 'dataset_consumes_1_and_2', 'dataset_consumes_1_never_scheduled', 'dataset_produces_2', 'consume_1_or_2_with_dataset_expressions', 'dataset_consumes_unknown_never_scheduled', 'consume_1_and_2_with_dataset_expressions' retrieved from /home/airflow/.local/lib/python3.12/site-packages/airflow/example_dags/example_datasets.py
[2025-01-19T19:32:03.061+0000] {logging_mixin.py:190} INFO - [2025-01-19T19:32:03.061+0000] {dag.py:3239} INFO - Sync 10 DAGs
[2025-01-19T19:32:03.075+0000] {logging_mixin.py:190} INFO - [2025-01-19T19:32:03.074+0000] {dag.py:4180} INFO - Setting next_dagrun for conditional_dataset_and_time_based_timetable to 2025-01-15 01:00:00+00:00, run_after=2025-01-15 01:00:00+00:00
[2025-01-19T19:32:03.077+0000] {logging_mixin.py:190} INFO - [2025-01-19T19:32:03.077+0000] {dag.py:4180} INFO - Setting next_dagrun for consume_1_and_2_with_dataset_expressions to None, run_after=None
[2025-01-19T19:32:03.078+0000] {logging_mixin.py:190} INFO - [2025-01-19T19:32:03.077+0000] {dag.py:4180} INFO - Setting next_dagrun for consume_1_or_2_with_dataset_expressions to None, run_after=None
[2025-01-19T19:32:03.079+0000] {logging_mixin.py:190} INFO - [2025-01-19T19:32:03.078+0000] {dag.py:4180} INFO - Setting next_dagrun for consume_1_or_both_2_and_3_with_dataset_expressions to None, run_after=None
[2025-01-19T19:32:03.079+0000] {logging_mixin.py:190} INFO - [2025-01-19T19:32:03.079+0000] {dag.py:4180} INFO - Setting next_dagrun for dataset_consumes_1 to None, run_after=None
[2025-01-19T19:32:03.080+0000] {logging_mixin.py:190} INFO - [2025-01-19T19:32:03.080+0000] {dag.py:4180} INFO - Setting next_dagrun for dataset_consumes_1_and_2 to None, run_after=None
[2025-01-19T19:32:03.080+0000] {logging_mixin.py:190} INFO - [2025-01-19T19:32:03.080+0000] {dag.py:4180} INFO - Setting next_dagrun for dataset_consumes_1_never_scheduled to None, run_after=None
[2025-01-19T19:32:03.081+0000] {logging_mixin.py:190} INFO - [2025-01-19T19:32:03.081+0000] {dag.py:4180} INFO - Setting next_dagrun for dataset_consumes_unknown_never_scheduled to None, run_after=None
[2025-01-19T19:32:03.082+0000] {logging_mixin.py:190} INFO - [2025-01-19T19:32:03.082+0000] {dag.py:4180} INFO - Setting next_dagrun for dataset_produces_1 to 2025-01-18 00:00:00+00:00, run_after=2025-01-19 00:00:00+00:00
[2025-01-19T19:32:03.083+0000] {logging_mixin.py:190} INFO - [2025-01-19T19:32:03.083+0000] {dag.py:4180} INFO - Setting next_dagrun for dataset_produces_2 to None, run_after=None
[2025-01-19T19:32:03.101+0000] {processor.py:208} INFO - Processing /home/airflow/.local/lib/python3.12/site-packages/airflow/example_dags/example_datasets.py took 0.390 seconds
[2025-01-19T19:32:33.341+0000] {processor.py:186} INFO - Started process (PID=990) to work on /home/airflow/.local/lib/python3.12/site-packages/airflow/example_dags/example_datasets.py
[2025-01-19T19:32:33.341+0000] {processor.py:914} INFO - Processing file /home/airflow/.local/lib/python3.12/site-packages/airflow/example_dags/example_datasets.py for tasks to queue
[2025-01-19T19:32:33.343+0000] {logging_mixin.py:190} INFO - [2025-01-19T19:32:33.343+0000] {dagbag.py:588} INFO - Filling up the DagBag from /home/airflow/.local/lib/python3.12/site-packages/airflow/example_dags/example_datasets.py
[2025-01-19T19:32:33.652+0000] {processor.py:925} INFO - DAG(s) 'dataset_produces_1', 'dataset_consumes_1_and_2', 'conditional_dataset_and_time_based_timetable', 'consume_1_or_both_2_and_3_with_dataset_expressions', 'consume_1_and_2_with_dataset_expressions', 'dataset_consumes_unknown_never_scheduled', 'dataset_consumes_1_never_scheduled', 'dataset_consumes_1', 'dataset_produces_2', 'consume_1_or_2_with_dataset_expressions' retrieved from /home/airflow/.local/lib/python3.12/site-packages/airflow/example_dags/example_datasets.py
[2025-01-19T19:32:33.673+0000] {logging_mixin.py:190} INFO - [2025-01-19T19:32:33.673+0000] {dag.py:3239} INFO - Sync 10 DAGs
[2025-01-19T19:32:33.685+0000] {logging_mixin.py:190} INFO - [2025-01-19T19:32:33.685+0000] {dag.py:4180} INFO - Setting next_dagrun for conditional_dataset_and_time_based_timetable to 2025-01-15 01:00:00+00:00, run_after=2025-01-15 01:00:00+00:00
[2025-01-19T19:32:33.687+0000] {logging_mixin.py:190} INFO - [2025-01-19T19:32:33.687+0000] {dag.py:4180} INFO - Setting next_dagrun for consume_1_and_2_with_dataset_expressions to None, run_after=None
[2025-01-19T19:32:33.688+0000] {logging_mixin.py:190} INFO - [2025-01-19T19:32:33.688+0000] {dag.py:4180} INFO - Setting next_dagrun for consume_1_or_2_with_dataset_expressions to None, run_after=None
[2025-01-19T19:32:33.689+0000] {logging_mixin.py:190} INFO - [2025-01-19T19:32:33.689+0000] {dag.py:4180} INFO - Setting next_dagrun for consume_1_or_both_2_and_3_with_dataset_expressions to None, run_after=None
[2025-01-19T19:32:33.690+0000] {logging_mixin.py:190} INFO - [2025-01-19T19:32:33.689+0000] {dag.py:4180} INFO - Setting next_dagrun for dataset_consumes_1 to None, run_after=None
[2025-01-19T19:32:33.690+0000] {logging_mixin.py:190} INFO - [2025-01-19T19:32:33.690+0000] {dag.py:4180} INFO - Setting next_dagrun for dataset_consumes_1_and_2 to None, run_after=None
[2025-01-19T19:32:33.691+0000] {logging_mixin.py:190} INFO - [2025-01-19T19:32:33.691+0000] {dag.py:4180} INFO - Setting next_dagrun for dataset_consumes_1_never_scheduled to None, run_after=None
[2025-01-19T19:32:33.692+0000] {logging_mixin.py:190} INFO - [2025-01-19T19:32:33.692+0000] {dag.py:4180} INFO - Setting next_dagrun for dataset_consumes_unknown_never_scheduled to None, run_after=None
[2025-01-19T19:32:33.693+0000] {logging_mixin.py:190} INFO - [2025-01-19T19:32:33.693+0000] {dag.py:4180} INFO - Setting next_dagrun for dataset_produces_1 to 2025-01-18 00:00:00+00:00, run_after=2025-01-19 00:00:00+00:00
[2025-01-19T19:32:33.694+0000] {logging_mixin.py:190} INFO - [2025-01-19T19:32:33.694+0000] {dag.py:4180} INFO - Setting next_dagrun for dataset_produces_2 to None, run_after=None
[2025-01-19T19:32:33.711+0000] {processor.py:208} INFO - Processing /home/airflow/.local/lib/python3.12/site-packages/airflow/example_dags/example_datasets.py took 0.373 seconds
[2025-01-19T19:33:04.049+0000] {processor.py:186} INFO - Started process (PID=1055) to work on /home/airflow/.local/lib/python3.12/site-packages/airflow/example_dags/example_datasets.py
[2025-01-19T19:33:04.050+0000] {processor.py:914} INFO - Processing file /home/airflow/.local/lib/python3.12/site-packages/airflow/example_dags/example_datasets.py for tasks to queue
[2025-01-19T19:33:04.051+0000] {logging_mixin.py:190} INFO - [2025-01-19T19:33:04.051+0000] {dagbag.py:588} INFO - Filling up the DagBag from /home/airflow/.local/lib/python3.12/site-packages/airflow/example_dags/example_datasets.py
[2025-01-19T19:33:04.380+0000] {processor.py:925} INFO - DAG(s) 'consume_1_or_2_with_dataset_expressions', 'conditional_dataset_and_time_based_timetable', 'dataset_produces_2', 'consume_1_or_both_2_and_3_with_dataset_expressions', 'dataset_consumes_1_never_scheduled', 'dataset_consumes_unknown_never_scheduled', 'dataset_produces_1', 'dataset_consumes_1', 'dataset_consumes_1_and_2', 'consume_1_and_2_with_dataset_expressions' retrieved from /home/airflow/.local/lib/python3.12/site-packages/airflow/example_dags/example_datasets.py
[2025-01-19T19:33:04.406+0000] {logging_mixin.py:190} INFO - [2025-01-19T19:33:04.406+0000] {dag.py:3239} INFO - Sync 10 DAGs
[2025-01-19T19:33:04.420+0000] {logging_mixin.py:190} INFO - [2025-01-19T19:33:04.420+0000] {dag.py:4180} INFO - Setting next_dagrun for conditional_dataset_and_time_based_timetable to 2025-01-15 01:00:00+00:00, run_after=2025-01-15 01:00:00+00:00
[2025-01-19T19:33:04.436+0000] {logging_mixin.py:190} INFO - [2025-01-19T19:33:04.436+0000] {dag.py:4180} INFO - Setting next_dagrun for consume_1_and_2_with_dataset_expressions to None, run_after=None
[2025-01-19T19:33:04.443+0000] {logging_mixin.py:190} INFO - [2025-01-19T19:33:04.442+0000] {dag.py:4180} INFO - Setting next_dagrun for consume_1_or_2_with_dataset_expressions to None, run_after=None
[2025-01-19T19:33:04.444+0000] {logging_mixin.py:190} INFO - [2025-01-19T19:33:04.444+0000] {dag.py:4180} INFO - Setting next_dagrun for consume_1_or_both_2_and_3_with_dataset_expressions to None, run_after=None
[2025-01-19T19:33:04.446+0000] {logging_mixin.py:190} INFO - [2025-01-19T19:33:04.446+0000] {dag.py:4180} INFO - Setting next_dagrun for dataset_consumes_1 to None, run_after=None
[2025-01-19T19:33:04.447+0000] {logging_mixin.py:190} INFO - [2025-01-19T19:33:04.447+0000] {dag.py:4180} INFO - Setting next_dagrun for dataset_consumes_1_and_2 to None, run_after=None
[2025-01-19T19:33:04.448+0000] {logging_mixin.py:190} INFO - [2025-01-19T19:33:04.448+0000] {dag.py:4180} INFO - Setting next_dagrun for dataset_consumes_1_never_scheduled to None, run_after=None
[2025-01-19T19:33:04.448+0000] {logging_mixin.py:190} INFO - [2025-01-19T19:33:04.448+0000] {dag.py:4180} INFO - Setting next_dagrun for dataset_consumes_unknown_never_scheduled to None, run_after=None
[2025-01-19T19:33:04.450+0000] {logging_mixin.py:190} INFO - [2025-01-19T19:33:04.450+0000] {dag.py:4180} INFO - Setting next_dagrun for dataset_produces_1 to 2025-01-18 00:00:00+00:00, run_after=2025-01-19 00:00:00+00:00
[2025-01-19T19:33:04.451+0000] {logging_mixin.py:190} INFO - [2025-01-19T19:33:04.451+0000] {dag.py:4180} INFO - Setting next_dagrun for dataset_produces_2 to None, run_after=None
[2025-01-19T19:33:04.471+0000] {processor.py:208} INFO - Processing /home/airflow/.local/lib/python3.12/site-packages/airflow/example_dags/example_datasets.py took 0.426 seconds
[2025-01-19T19:34:45.306+0000] {processor.py:186} INFO - Started process (PID=57) to work on /home/airflow/.local/lib/python3.12/site-packages/airflow/example_dags/example_datasets.py
[2025-01-19T19:34:45.307+0000] {processor.py:914} INFO - Processing file /home/airflow/.local/lib/python3.12/site-packages/airflow/example_dags/example_datasets.py for tasks to queue
[2025-01-19T19:34:45.308+0000] {logging_mixin.py:190} INFO - [2025-01-19T19:34:45.308+0000] {dagbag.py:588} INFO - Filling up the DagBag from /home/airflow/.local/lib/python3.12/site-packages/airflow/example_dags/example_datasets.py
[2025-01-19T19:34:46.103+0000] {processor.py:925} INFO - DAG(s) 'consume_1_and_2_with_dataset_expressions', 'dataset_produces_2', 'dataset_consumes_unknown_never_scheduled', 'dataset_produces_1', 'dataset_consumes_1_and_2', 'dataset_consumes_1', 'dataset_consumes_1_never_scheduled', 'conditional_dataset_and_time_based_timetable', 'consume_1_or_2_with_dataset_expressions', 'consume_1_or_both_2_and_3_with_dataset_expressions' retrieved from /home/airflow/.local/lib/python3.12/site-packages/airflow/example_dags/example_datasets.py
[2025-01-19T19:34:46.127+0000] {logging_mixin.py:190} INFO - [2025-01-19T19:34:46.127+0000] {dag.py:3239} INFO - Sync 10 DAGs
[2025-01-19T19:34:46.139+0000] {logging_mixin.py:190} INFO - [2025-01-19T19:34:46.139+0000] {dag.py:4180} INFO - Setting next_dagrun for conditional_dataset_and_time_based_timetable to 2025-01-15 01:00:00+00:00, run_after=2025-01-15 01:00:00+00:00
[2025-01-19T19:34:46.141+0000] {logging_mixin.py:190} INFO - [2025-01-19T19:34:46.141+0000] {dag.py:4180} INFO - Setting next_dagrun for consume_1_and_2_with_dataset_expressions to None, run_after=None
[2025-01-19T19:34:46.142+0000] {logging_mixin.py:190} INFO - [2025-01-19T19:34:46.142+0000] {dag.py:4180} INFO - Setting next_dagrun for consume_1_or_2_with_dataset_expressions to None, run_after=None
[2025-01-19T19:34:46.143+0000] {logging_mixin.py:190} INFO - [2025-01-19T19:34:46.143+0000] {dag.py:4180} INFO - Setting next_dagrun for consume_1_or_both_2_and_3_with_dataset_expressions to None, run_after=None
[2025-01-19T19:34:46.143+0000] {logging_mixin.py:190} INFO - [2025-01-19T19:34:46.143+0000] {dag.py:4180} INFO - Setting next_dagrun for dataset_consumes_1 to None, run_after=None
[2025-01-19T19:34:46.144+0000] {logging_mixin.py:190} INFO - [2025-01-19T19:34:46.144+0000] {dag.py:4180} INFO - Setting next_dagrun for dataset_consumes_1_and_2 to None, run_after=None
[2025-01-19T19:34:46.145+0000] {logging_mixin.py:190} INFO - [2025-01-19T19:34:46.145+0000] {dag.py:4180} INFO - Setting next_dagrun for dataset_consumes_1_never_scheduled to None, run_after=None
[2025-01-19T19:34:46.145+0000] {logging_mixin.py:190} INFO - [2025-01-19T19:34:46.145+0000] {dag.py:4180} INFO - Setting next_dagrun for dataset_consumes_unknown_never_scheduled to None, run_after=None
[2025-01-19T19:34:46.146+0000] {logging_mixin.py:190} INFO - [2025-01-19T19:34:46.146+0000] {dag.py:4180} INFO - Setting next_dagrun for dataset_produces_1 to 2025-01-18 00:00:00+00:00, run_after=2025-01-19 00:00:00+00:00
[2025-01-19T19:34:46.147+0000] {logging_mixin.py:190} INFO - [2025-01-19T19:34:46.147+0000] {dag.py:4180} INFO - Setting next_dagrun for dataset_produces_2 to None, run_after=None
[2025-01-19T19:34:46.164+0000] {processor.py:208} INFO - Processing /home/airflow/.local/lib/python3.12/site-packages/airflow/example_dags/example_datasets.py took 0.861 seconds
[2025-01-19T19:35:16.199+0000] {processor.py:186} INFO - Started process (PID=132) to work on /home/airflow/.local/lib/python3.12/site-packages/airflow/example_dags/example_datasets.py
[2025-01-19T19:35:16.200+0000] {processor.py:914} INFO - Processing file /home/airflow/.local/lib/python3.12/site-packages/airflow/example_dags/example_datasets.py for tasks to queue
[2025-01-19T19:35:16.201+0000] {logging_mixin.py:190} INFO - [2025-01-19T19:35:16.201+0000] {dagbag.py:588} INFO - Filling up the DagBag from /home/airflow/.local/lib/python3.12/site-packages/airflow/example_dags/example_datasets.py
[2025-01-19T19:35:16.517+0000] {processor.py:925} INFO - DAG(s) 'dataset_consumes_unknown_never_scheduled', 'dataset_consumes_1_and_2', 'dataset_consumes_1', 'conditional_dataset_and_time_based_timetable', 'dataset_consumes_1_never_scheduled', 'consume_1_and_2_with_dataset_expressions', 'dataset_produces_1', 'dataset_produces_2', 'consume_1_or_both_2_and_3_with_dataset_expressions', 'consume_1_or_2_with_dataset_expressions' retrieved from /home/airflow/.local/lib/python3.12/site-packages/airflow/example_dags/example_datasets.py
[2025-01-19T19:35:16.539+0000] {logging_mixin.py:190} INFO - [2025-01-19T19:35:16.539+0000] {dag.py:3239} INFO - Sync 10 DAGs
[2025-01-19T19:35:16.552+0000] {logging_mixin.py:190} INFO - [2025-01-19T19:35:16.552+0000] {dag.py:4180} INFO - Setting next_dagrun for conditional_dataset_and_time_based_timetable to 2025-01-15 01:00:00+00:00, run_after=2025-01-15 01:00:00+00:00
[2025-01-19T19:35:16.554+0000] {logging_mixin.py:190} INFO - [2025-01-19T19:35:16.554+0000] {dag.py:4180} INFO - Setting next_dagrun for consume_1_and_2_with_dataset_expressions to None, run_after=None
[2025-01-19T19:35:16.555+0000] {logging_mixin.py:190} INFO - [2025-01-19T19:35:16.555+0000] {dag.py:4180} INFO - Setting next_dagrun for consume_1_or_2_with_dataset_expressions to None, run_after=None
[2025-01-19T19:35:16.556+0000] {logging_mixin.py:190} INFO - [2025-01-19T19:35:16.556+0000] {dag.py:4180} INFO - Setting next_dagrun for consume_1_or_both_2_and_3_with_dataset_expressions to None, run_after=None
[2025-01-19T19:35:16.557+0000] {logging_mixin.py:190} INFO - [2025-01-19T19:35:16.556+0000] {dag.py:4180} INFO - Setting next_dagrun for dataset_consumes_1 to None, run_after=None
[2025-01-19T19:35:16.557+0000] {logging_mixin.py:190} INFO - [2025-01-19T19:35:16.557+0000] {dag.py:4180} INFO - Setting next_dagrun for dataset_consumes_1_and_2 to None, run_after=None
[2025-01-19T19:35:16.558+0000] {logging_mixin.py:190} INFO - [2025-01-19T19:35:16.558+0000] {dag.py:4180} INFO - Setting next_dagrun for dataset_consumes_1_never_scheduled to None, run_after=None
[2025-01-19T19:35:16.558+0000] {logging_mixin.py:190} INFO - [2025-01-19T19:35:16.558+0000] {dag.py:4180} INFO - Setting next_dagrun for dataset_consumes_unknown_never_scheduled to None, run_after=None
[2025-01-19T19:35:16.560+0000] {logging_mixin.py:190} INFO - [2025-01-19T19:35:16.559+0000] {dag.py:4180} INFO - Setting next_dagrun for dataset_produces_1 to 2025-01-18 00:00:00+00:00, run_after=2025-01-19 00:00:00+00:00
[2025-01-19T19:35:16.560+0000] {logging_mixin.py:190} INFO - [2025-01-19T19:35:16.560+0000] {dag.py:4180} INFO - Setting next_dagrun for dataset_produces_2 to None, run_after=None
[2025-01-19T19:35:16.576+0000] {processor.py:208} INFO - Processing /home/airflow/.local/lib/python3.12/site-packages/airflow/example_dags/example_datasets.py took 0.381 seconds
[2025-01-19T19:35:46.642+0000] {processor.py:186} INFO - Started process (PID=195) to work on /home/airflow/.local/lib/python3.12/site-packages/airflow/example_dags/example_datasets.py
[2025-01-19T19:35:46.642+0000] {processor.py:914} INFO - Processing file /home/airflow/.local/lib/python3.12/site-packages/airflow/example_dags/example_datasets.py for tasks to queue
[2025-01-19T19:35:46.643+0000] {logging_mixin.py:190} INFO - [2025-01-19T19:35:46.643+0000] {dagbag.py:588} INFO - Filling up the DagBag from /home/airflow/.local/lib/python3.12/site-packages/airflow/example_dags/example_datasets.py
[2025-01-19T19:35:46.961+0000] {processor.py:925} INFO - DAG(s) 'consume_1_and_2_with_dataset_expressions', 'dataset_consumes_1_never_scheduled', 'dataset_consumes_unknown_never_scheduled', 'conditional_dataset_and_time_based_timetable', 'dataset_produces_1', 'dataset_produces_2', 'dataset_consumes_1_and_2', 'dataset_consumes_1', 'consume_1_or_both_2_and_3_with_dataset_expressions', 'consume_1_or_2_with_dataset_expressions' retrieved from /home/airflow/.local/lib/python3.12/site-packages/airflow/example_dags/example_datasets.py
[2025-01-19T19:35:46.982+0000] {logging_mixin.py:190} INFO - [2025-01-19T19:35:46.982+0000] {dag.py:3239} INFO - Sync 10 DAGs
[2025-01-19T19:35:46.996+0000] {logging_mixin.py:190} INFO - [2025-01-19T19:35:46.996+0000] {dag.py:4180} INFO - Setting next_dagrun for conditional_dataset_and_time_based_timetable to 2025-01-15 01:00:00+00:00, run_after=2025-01-15 01:00:00+00:00
[2025-01-19T19:35:46.998+0000] {logging_mixin.py:190} INFO - [2025-01-19T19:35:46.998+0000] {dag.py:4180} INFO - Setting next_dagrun for consume_1_and_2_with_dataset_expressions to None, run_after=None
[2025-01-19T19:35:46.999+0000] {logging_mixin.py:190} INFO - [2025-01-19T19:35:46.999+0000] {dag.py:4180} INFO - Setting next_dagrun for consume_1_or_2_with_dataset_expressions to None, run_after=None
[2025-01-19T19:35:47.000+0000] {logging_mixin.py:190} INFO - [2025-01-19T19:35:47.000+0000] {dag.py:4180} INFO - Setting next_dagrun for consume_1_or_both_2_and_3_with_dataset_expressions to None, run_after=None
[2025-01-19T19:35:47.000+0000] {logging_mixin.py:190} INFO - [2025-01-19T19:35:47.000+0000] {dag.py:4180} INFO - Setting next_dagrun for dataset_consumes_1 to None, run_after=None
[2025-01-19T19:35:47.001+0000] {logging_mixin.py:190} INFO - [2025-01-19T19:35:47.001+0000] {dag.py:4180} INFO - Setting next_dagrun for dataset_consumes_1_and_2 to None, run_after=None
[2025-01-19T19:35:47.002+0000] {logging_mixin.py:190} INFO - [2025-01-19T19:35:47.002+0000] {dag.py:4180} INFO - Setting next_dagrun for dataset_consumes_1_never_scheduled to None, run_after=None
[2025-01-19T19:35:47.003+0000] {logging_mixin.py:190} INFO - [2025-01-19T19:35:47.003+0000] {dag.py:4180} INFO - Setting next_dagrun for dataset_consumes_unknown_never_scheduled to None, run_after=None
[2025-01-19T19:35:47.005+0000] {logging_mixin.py:190} INFO - [2025-01-19T19:35:47.005+0000] {dag.py:4180} INFO - Setting next_dagrun for dataset_produces_1 to 2025-01-18 00:00:00+00:00, run_after=2025-01-19 00:00:00+00:00
[2025-01-19T19:35:47.006+0000] {logging_mixin.py:190} INFO - [2025-01-19T19:35:47.006+0000] {dag.py:4180} INFO - Setting next_dagrun for dataset_produces_2 to None, run_after=None
[2025-01-19T19:35:47.023+0000] {processor.py:208} INFO - Processing /home/airflow/.local/lib/python3.12/site-packages/airflow/example_dags/example_datasets.py took 0.385 seconds
[2025-01-19T19:36:17.059+0000] {processor.py:186} INFO - Started process (PID=265) to work on /home/airflow/.local/lib/python3.12/site-packages/airflow/example_dags/example_datasets.py
[2025-01-19T19:36:17.060+0000] {processor.py:914} INFO - Processing file /home/airflow/.local/lib/python3.12/site-packages/airflow/example_dags/example_datasets.py for tasks to queue
[2025-01-19T19:36:17.061+0000] {logging_mixin.py:190} INFO - [2025-01-19T19:36:17.061+0000] {dagbag.py:588} INFO - Filling up the DagBag from /home/airflow/.local/lib/python3.12/site-packages/airflow/example_dags/example_datasets.py
[2025-01-19T19:36:17.366+0000] {processor.py:925} INFO - DAG(s) 'conditional_dataset_and_time_based_timetable', 'dataset_consumes_unknown_never_scheduled', 'dataset_consumes_1_and_2', 'dataset_consumes_1_never_scheduled', 'consume_1_and_2_with_dataset_expressions', 'consume_1_or_both_2_and_3_with_dataset_expressions', 'dataset_produces_2', 'dataset_consumes_1', 'consume_1_or_2_with_dataset_expressions', 'dataset_produces_1' retrieved from /home/airflow/.local/lib/python3.12/site-packages/airflow/example_dags/example_datasets.py
[2025-01-19T19:36:17.388+0000] {logging_mixin.py:190} INFO - [2025-01-19T19:36:17.387+0000] {dag.py:3239} INFO - Sync 10 DAGs
[2025-01-19T19:36:17.400+0000] {logging_mixin.py:190} INFO - [2025-01-19T19:36:17.400+0000] {dag.py:4180} INFO - Setting next_dagrun for conditional_dataset_and_time_based_timetable to 2025-01-15 01:00:00+00:00, run_after=2025-01-15 01:00:00+00:00
[2025-01-19T19:36:17.402+0000] {logging_mixin.py:190} INFO - [2025-01-19T19:36:17.402+0000] {dag.py:4180} INFO - Setting next_dagrun for consume_1_and_2_with_dataset_expressions to None, run_after=None
[2025-01-19T19:36:17.403+0000] {logging_mixin.py:190} INFO - [2025-01-19T19:36:17.403+0000] {dag.py:4180} INFO - Setting next_dagrun for consume_1_or_2_with_dataset_expressions to None, run_after=None
[2025-01-19T19:36:17.404+0000] {logging_mixin.py:190} INFO - [2025-01-19T19:36:17.404+0000] {dag.py:4180} INFO - Setting next_dagrun for consume_1_or_both_2_and_3_with_dataset_expressions to None, run_after=None
[2025-01-19T19:36:17.405+0000] {logging_mixin.py:190} INFO - [2025-01-19T19:36:17.404+0000] {dag.py:4180} INFO - Setting next_dagrun for dataset_consumes_1 to None, run_after=None
[2025-01-19T19:36:17.405+0000] {logging_mixin.py:190} INFO - [2025-01-19T19:36:17.405+0000] {dag.py:4180} INFO - Setting next_dagrun for dataset_consumes_1_and_2 to None, run_after=None
[2025-01-19T19:36:17.406+0000] {logging_mixin.py:190} INFO - [2025-01-19T19:36:17.406+0000] {dag.py:4180} INFO - Setting next_dagrun for dataset_consumes_1_never_scheduled to None, run_after=None
[2025-01-19T19:36:17.407+0000] {logging_mixin.py:190} INFO - [2025-01-19T19:36:17.407+0000] {dag.py:4180} INFO - Setting next_dagrun for dataset_consumes_unknown_never_scheduled to None, run_after=None
[2025-01-19T19:36:17.408+0000] {logging_mixin.py:190} INFO - [2025-01-19T19:36:17.408+0000] {dag.py:4180} INFO - Setting next_dagrun for dataset_produces_1 to 2025-01-18 00:00:00+00:00, run_after=2025-01-19 00:00:00+00:00
[2025-01-19T19:36:17.409+0000] {logging_mixin.py:190} INFO - [2025-01-19T19:36:17.409+0000] {dag.py:4180} INFO - Setting next_dagrun for dataset_produces_2 to None, run_after=None
[2025-01-19T19:36:17.433+0000] {processor.py:208} INFO - Processing /home/airflow/.local/lib/python3.12/site-packages/airflow/example_dags/example_datasets.py took 0.377 seconds
[2025-01-19T19:36:48.010+0000] {processor.py:186} INFO - Started process (PID=334) to work on /home/airflow/.local/lib/python3.12/site-packages/airflow/example_dags/example_datasets.py
[2025-01-19T19:36:48.010+0000] {processor.py:914} INFO - Processing file /home/airflow/.local/lib/python3.12/site-packages/airflow/example_dags/example_datasets.py for tasks to queue
[2025-01-19T19:36:48.012+0000] {logging_mixin.py:190} INFO - [2025-01-19T19:36:48.012+0000] {dagbag.py:588} INFO - Filling up the DagBag from /home/airflow/.local/lib/python3.12/site-packages/airflow/example_dags/example_datasets.py
[2025-01-19T19:36:48.334+0000] {processor.py:925} INFO - DAG(s) 'dataset_consumes_1', 'consume_1_or_2_with_dataset_expressions', 'consume_1_or_both_2_and_3_with_dataset_expressions', 'dataset_produces_1', 'dataset_consumes_unknown_never_scheduled', 'conditional_dataset_and_time_based_timetable', 'dataset_produces_2', 'dataset_consumes_1_never_scheduled', 'dataset_consumes_1_and_2', 'consume_1_and_2_with_dataset_expressions' retrieved from /home/airflow/.local/lib/python3.12/site-packages/airflow/example_dags/example_datasets.py
[2025-01-19T19:36:48.356+0000] {logging_mixin.py:190} INFO - [2025-01-19T19:36:48.356+0000] {dag.py:3239} INFO - Sync 10 DAGs
[2025-01-19T19:36:48.369+0000] {logging_mixin.py:190} INFO - [2025-01-19T19:36:48.369+0000] {dag.py:4180} INFO - Setting next_dagrun for conditional_dataset_and_time_based_timetable to 2025-01-15 01:00:00+00:00, run_after=2025-01-15 01:00:00+00:00
[2025-01-19T19:36:48.371+0000] {logging_mixin.py:190} INFO - [2025-01-19T19:36:48.371+0000] {dag.py:4180} INFO - Setting next_dagrun for consume_1_and_2_with_dataset_expressions to None, run_after=None
[2025-01-19T19:36:48.372+0000] {logging_mixin.py:190} INFO - [2025-01-19T19:36:48.372+0000] {dag.py:4180} INFO - Setting next_dagrun for consume_1_or_2_with_dataset_expressions to None, run_after=None
[2025-01-19T19:36:48.372+0000] {logging_mixin.py:190} INFO - [2025-01-19T19:36:48.372+0000] {dag.py:4180} INFO - Setting next_dagrun for consume_1_or_both_2_and_3_with_dataset_expressions to None, run_after=None
[2025-01-19T19:36:48.373+0000] {logging_mixin.py:190} INFO - [2025-01-19T19:36:48.373+0000] {dag.py:4180} INFO - Setting next_dagrun for dataset_consumes_1 to None, run_after=None
[2025-01-19T19:36:48.374+0000] {logging_mixin.py:190} INFO - [2025-01-19T19:36:48.374+0000] {dag.py:4180} INFO - Setting next_dagrun for dataset_consumes_1_and_2 to None, run_after=None
[2025-01-19T19:36:48.375+0000] {logging_mixin.py:190} INFO - [2025-01-19T19:36:48.374+0000] {dag.py:4180} INFO - Setting next_dagrun for dataset_consumes_1_never_scheduled to None, run_after=None
[2025-01-19T19:36:48.375+0000] {logging_mixin.py:190} INFO - [2025-01-19T19:36:48.375+0000] {dag.py:4180} INFO - Setting next_dagrun for dataset_consumes_unknown_never_scheduled to None, run_after=None
[2025-01-19T19:36:48.376+0000] {logging_mixin.py:190} INFO - [2025-01-19T19:36:48.376+0000] {dag.py:4180} INFO - Setting next_dagrun for dataset_produces_1 to 2025-01-18 00:00:00+00:00, run_after=2025-01-19 00:00:00+00:00
[2025-01-19T19:36:48.377+0000] {logging_mixin.py:190} INFO - [2025-01-19T19:36:48.377+0000] {dag.py:4180} INFO - Setting next_dagrun for dataset_produces_2 to None, run_after=None
[2025-01-19T19:36:48.394+0000] {processor.py:208} INFO - Processing /home/airflow/.local/lib/python3.12/site-packages/airflow/example_dags/example_datasets.py took 0.388 seconds
