[2025-01-19T19:25:26.342+0000] {processor.py:186} INFO - Started process (PID=93) to work on /home/airflow/.local/lib/python3.12/site-packages/airflow/example_dags/example_sensors.py
[2025-01-19T19:25:26.342+0000] {processor.py:914} INFO - Processing file /home/airflow/.local/lib/python3.12/site-packages/airflow/example_dags/example_sensors.py for tasks to queue
[2025-01-19T19:25:26.348+0000] {logging_mixin.py:190} INFO - [2025-01-19T19:25:26.348+0000] {dagbag.py:588} INFO - Filling up the DagBag from /home/airflow/.local/lib/python3.12/site-packages/airflow/example_dags/example_sensors.py
[2025-01-19T19:25:26.448+0000] {processor.py:925} INFO - DAG(s) 'example_sensors' retrieved from /home/airflow/.local/lib/python3.12/site-packages/airflow/example_dags/example_sensors.py
[2025-01-19T19:25:26.507+0000] {logging_mixin.py:190} INFO - [2025-01-19T19:25:26.507+0000] {override.py:1911} INFO - Created Permission View: can read on DAG:example_sensors
[2025-01-19T19:25:26.515+0000] {logging_mixin.py:190} INFO - [2025-01-19T19:25:26.514+0000] {override.py:1911} INFO - Created Permission View: can edit on DAG:example_sensors
[2025-01-19T19:25:26.519+0000] {logging_mixin.py:190} INFO - [2025-01-19T19:25:26.519+0000] {override.py:1911} INFO - Created Permission View: can delete on DAG:example_sensors
[2025-01-19T19:25:26.524+0000] {logging_mixin.py:190} INFO - [2025-01-19T19:25:26.524+0000] {override.py:1911} INFO - Created Permission View: can read on DAG Run:example_sensors
[2025-01-19T19:25:26.528+0000] {logging_mixin.py:190} INFO - [2025-01-19T19:25:26.528+0000] {override.py:1911} INFO - Created Permission View: menu access on DAG Run:example_sensors
[2025-01-19T19:25:26.534+0000] {logging_mixin.py:190} INFO - [2025-01-19T19:25:26.533+0000] {override.py:1911} INFO - Created Permission View: can create on DAG Run:example_sensors
[2025-01-19T19:25:26.538+0000] {logging_mixin.py:190} INFO - [2025-01-19T19:25:26.538+0000] {override.py:1911} INFO - Created Permission View: can delete on DAG Run:example_sensors
[2025-01-19T19:25:26.539+0000] {logging_mixin.py:190} INFO - [2025-01-19T19:25:26.539+0000] {dag.py:3239} INFO - Sync 1 DAGs
[2025-01-19T19:25:26.546+0000] {logging_mixin.py:190} INFO - [2025-01-19T19:25:26.546+0000] {dag.py:3262} INFO - Creating ORM DAG for example_sensors
[2025-01-19T19:25:26.547+0000] {logging_mixin.py:190} INFO - [2025-01-19T19:25:26.546+0000] {dag.py:4180} INFO - Setting next_dagrun for example_sensors to None, run_after=None
[2025-01-19T19:25:26.558+0000] {processor.py:208} INFO - Processing /home/airflow/.local/lib/python3.12/site-packages/airflow/example_dags/example_sensors.py took 0.221 seconds
[2025-01-19T19:25:56.681+0000] {processor.py:186} INFO - Started process (PID=158) to work on /home/airflow/.local/lib/python3.12/site-packages/airflow/example_dags/example_sensors.py
[2025-01-19T19:25:56.682+0000] {processor.py:914} INFO - Processing file /home/airflow/.local/lib/python3.12/site-packages/airflow/example_dags/example_sensors.py for tasks to queue
[2025-01-19T19:25:56.683+0000] {logging_mixin.py:190} INFO - [2025-01-19T19:25:56.683+0000] {dagbag.py:588} INFO - Filling up the DagBag from /home/airflow/.local/lib/python3.12/site-packages/airflow/example_dags/example_sensors.py
[2025-01-19T19:25:56.690+0000] {processor.py:925} INFO - DAG(s) 'example_sensors' retrieved from /home/airflow/.local/lib/python3.12/site-packages/airflow/example_dags/example_sensors.py
[2025-01-19T19:25:56.704+0000] {logging_mixin.py:190} INFO - [2025-01-19T19:25:56.704+0000] {dag.py:3239} INFO - Sync 1 DAGs
[2025-01-19T19:25:56.712+0000] {logging_mixin.py:190} INFO - [2025-01-19T19:25:56.712+0000] {dag.py:4180} INFO - Setting next_dagrun for example_sensors to None, run_after=None
[2025-01-19T19:25:56.722+0000] {processor.py:208} INFO - Processing /home/airflow/.local/lib/python3.12/site-packages/airflow/example_dags/example_sensors.py took 0.044 seconds
[2025-01-19T19:26:27.329+0000] {processor.py:186} INFO - Started process (PID=223) to work on /home/airflow/.local/lib/python3.12/site-packages/airflow/example_dags/example_sensors.py
[2025-01-19T19:26:27.330+0000] {processor.py:914} INFO - Processing file /home/airflow/.local/lib/python3.12/site-packages/airflow/example_dags/example_sensors.py for tasks to queue
[2025-01-19T19:26:27.331+0000] {logging_mixin.py:190} INFO - [2025-01-19T19:26:27.331+0000] {dagbag.py:588} INFO - Filling up the DagBag from /home/airflow/.local/lib/python3.12/site-packages/airflow/example_dags/example_sensors.py
[2025-01-19T19:26:27.337+0000] {processor.py:925} INFO - DAG(s) 'example_sensors' retrieved from /home/airflow/.local/lib/python3.12/site-packages/airflow/example_dags/example_sensors.py
[2025-01-19T19:26:27.351+0000] {logging_mixin.py:190} INFO - [2025-01-19T19:26:27.350+0000] {dag.py:3239} INFO - Sync 1 DAGs
[2025-01-19T19:26:27.358+0000] {logging_mixin.py:190} INFO - [2025-01-19T19:26:27.358+0000] {dag.py:4180} INFO - Setting next_dagrun for example_sensors to None, run_after=None
[2025-01-19T19:26:27.369+0000] {processor.py:208} INFO - Processing /home/airflow/.local/lib/python3.12/site-packages/airflow/example_dags/example_sensors.py took 0.043 seconds
[2025-01-19T19:26:58.441+0000] {processor.py:186} INFO - Started process (PID=288) to work on /home/airflow/.local/lib/python3.12/site-packages/airflow/example_dags/example_sensors.py
[2025-01-19T19:26:58.441+0000] {processor.py:914} INFO - Processing file /home/airflow/.local/lib/python3.12/site-packages/airflow/example_dags/example_sensors.py for tasks to queue
[2025-01-19T19:26:58.443+0000] {logging_mixin.py:190} INFO - [2025-01-19T19:26:58.443+0000] {dagbag.py:588} INFO - Filling up the DagBag from /home/airflow/.local/lib/python3.12/site-packages/airflow/example_dags/example_sensors.py
[2025-01-19T19:26:58.449+0000] {processor.py:925} INFO - DAG(s) 'example_sensors' retrieved from /home/airflow/.local/lib/python3.12/site-packages/airflow/example_dags/example_sensors.py
[2025-01-19T19:26:58.463+0000] {logging_mixin.py:190} INFO - [2025-01-19T19:26:58.463+0000] {dag.py:3239} INFO - Sync 1 DAGs
[2025-01-19T19:26:58.471+0000] {logging_mixin.py:190} INFO - [2025-01-19T19:26:58.471+0000] {dag.py:4180} INFO - Setting next_dagrun for example_sensors to None, run_after=None
[2025-01-19T19:26:58.482+0000] {processor.py:208} INFO - Processing /home/airflow/.local/lib/python3.12/site-packages/airflow/example_dags/example_sensors.py took 0.045 seconds
[2025-01-19T19:27:28.974+0000] {processor.py:186} INFO - Started process (PID=353) to work on /home/airflow/.local/lib/python3.12/site-packages/airflow/example_dags/example_sensors.py
[2025-01-19T19:27:28.975+0000] {processor.py:914} INFO - Processing file /home/airflow/.local/lib/python3.12/site-packages/airflow/example_dags/example_sensors.py for tasks to queue
[2025-01-19T19:27:28.976+0000] {logging_mixin.py:190} INFO - [2025-01-19T19:27:28.976+0000] {dagbag.py:588} INFO - Filling up the DagBag from /home/airflow/.local/lib/python3.12/site-packages/airflow/example_dags/example_sensors.py
[2025-01-19T19:27:28.982+0000] {processor.py:925} INFO - DAG(s) 'example_sensors' retrieved from /home/airflow/.local/lib/python3.12/site-packages/airflow/example_dags/example_sensors.py
[2025-01-19T19:27:28.996+0000] {logging_mixin.py:190} INFO - [2025-01-19T19:27:28.996+0000] {dag.py:3239} INFO - Sync 1 DAGs
[2025-01-19T19:27:29.004+0000] {logging_mixin.py:190} INFO - [2025-01-19T19:27:29.004+0000] {dag.py:4180} INFO - Setting next_dagrun for example_sensors to None, run_after=None
[2025-01-19T19:27:29.016+0000] {processor.py:208} INFO - Processing /home/airflow/.local/lib/python3.12/site-packages/airflow/example_dags/example_sensors.py took 0.046 seconds
[2025-01-19T19:27:59.603+0000] {processor.py:186} INFO - Started process (PID=418) to work on /home/airflow/.local/lib/python3.12/site-packages/airflow/example_dags/example_sensors.py
[2025-01-19T19:27:59.604+0000] {processor.py:914} INFO - Processing file /home/airflow/.local/lib/python3.12/site-packages/airflow/example_dags/example_sensors.py for tasks to queue
[2025-01-19T19:27:59.605+0000] {logging_mixin.py:190} INFO - [2025-01-19T19:27:59.605+0000] {dagbag.py:588} INFO - Filling up the DagBag from /home/airflow/.local/lib/python3.12/site-packages/airflow/example_dags/example_sensors.py
[2025-01-19T19:27:59.612+0000] {processor.py:925} INFO - DAG(s) 'example_sensors' retrieved from /home/airflow/.local/lib/python3.12/site-packages/airflow/example_dags/example_sensors.py
[2025-01-19T19:27:59.626+0000] {logging_mixin.py:190} INFO - [2025-01-19T19:27:59.626+0000] {dag.py:3239} INFO - Sync 1 DAGs
[2025-01-19T19:27:59.634+0000] {logging_mixin.py:190} INFO - [2025-01-19T19:27:59.634+0000] {dag.py:4180} INFO - Setting next_dagrun for example_sensors to None, run_after=None
[2025-01-19T19:27:59.644+0000] {processor.py:208} INFO - Processing /home/airflow/.local/lib/python3.12/site-packages/airflow/example_dags/example_sensors.py took 0.045 seconds
[2025-01-19T19:28:30.147+0000] {processor.py:186} INFO - Started process (PID=483) to work on /home/airflow/.local/lib/python3.12/site-packages/airflow/example_dags/example_sensors.py
[2025-01-19T19:28:30.148+0000] {processor.py:914} INFO - Processing file /home/airflow/.local/lib/python3.12/site-packages/airflow/example_dags/example_sensors.py for tasks to queue
[2025-01-19T19:28:30.149+0000] {logging_mixin.py:190} INFO - [2025-01-19T19:28:30.149+0000] {dagbag.py:588} INFO - Filling up the DagBag from /home/airflow/.local/lib/python3.12/site-packages/airflow/example_dags/example_sensors.py
[2025-01-19T19:28:30.156+0000] {processor.py:925} INFO - DAG(s) 'example_sensors' retrieved from /home/airflow/.local/lib/python3.12/site-packages/airflow/example_dags/example_sensors.py
[2025-01-19T19:28:30.172+0000] {logging_mixin.py:190} INFO - [2025-01-19T19:28:30.172+0000] {dag.py:3239} INFO - Sync 1 DAGs
[2025-01-19T19:28:30.181+0000] {logging_mixin.py:190} INFO - [2025-01-19T19:28:30.181+0000] {dag.py:4180} INFO - Setting next_dagrun for example_sensors to None, run_after=None
[2025-01-19T19:28:30.194+0000] {processor.py:208} INFO - Processing /home/airflow/.local/lib/python3.12/site-packages/airflow/example_dags/example_sensors.py took 0.051 seconds
[2025-01-19T19:29:00.957+0000] {processor.py:186} INFO - Started process (PID=548) to work on /home/airflow/.local/lib/python3.12/site-packages/airflow/example_dags/example_sensors.py
[2025-01-19T19:29:00.957+0000] {processor.py:914} INFO - Processing file /home/airflow/.local/lib/python3.12/site-packages/airflow/example_dags/example_sensors.py for tasks to queue
[2025-01-19T19:29:00.959+0000] {logging_mixin.py:190} INFO - [2025-01-19T19:29:00.958+0000] {dagbag.py:588} INFO - Filling up the DagBag from /home/airflow/.local/lib/python3.12/site-packages/airflow/example_dags/example_sensors.py
[2025-01-19T19:29:00.965+0000] {processor.py:925} INFO - DAG(s) 'example_sensors' retrieved from /home/airflow/.local/lib/python3.12/site-packages/airflow/example_dags/example_sensors.py
[2025-01-19T19:29:00.980+0000] {logging_mixin.py:190} INFO - [2025-01-19T19:29:00.980+0000] {dag.py:3239} INFO - Sync 1 DAGs
[2025-01-19T19:29:00.988+0000] {logging_mixin.py:190} INFO - [2025-01-19T19:29:00.988+0000] {dag.py:4180} INFO - Setting next_dagrun for example_sensors to None, run_after=None
[2025-01-19T19:29:00.998+0000] {processor.py:208} INFO - Processing /home/airflow/.local/lib/python3.12/site-packages/airflow/example_dags/example_sensors.py took 0.046 seconds
[2025-01-19T19:29:31.974+0000] {processor.py:186} INFO - Started process (PID=613) to work on /home/airflow/.local/lib/python3.12/site-packages/airflow/example_dags/example_sensors.py
[2025-01-19T19:29:31.974+0000] {processor.py:914} INFO - Processing file /home/airflow/.local/lib/python3.12/site-packages/airflow/example_dags/example_sensors.py for tasks to queue
[2025-01-19T19:29:31.976+0000] {logging_mixin.py:190} INFO - [2025-01-19T19:29:31.976+0000] {dagbag.py:588} INFO - Filling up the DagBag from /home/airflow/.local/lib/python3.12/site-packages/airflow/example_dags/example_sensors.py
[2025-01-19T19:29:31.982+0000] {processor.py:925} INFO - DAG(s) 'example_sensors' retrieved from /home/airflow/.local/lib/python3.12/site-packages/airflow/example_dags/example_sensors.py
[2025-01-19T19:29:31.997+0000] {logging_mixin.py:190} INFO - [2025-01-19T19:29:31.997+0000] {dag.py:3239} INFO - Sync 1 DAGs
[2025-01-19T19:29:32.005+0000] {logging_mixin.py:190} INFO - [2025-01-19T19:29:32.005+0000] {dag.py:4180} INFO - Setting next_dagrun for example_sensors to None, run_after=None
[2025-01-19T19:29:32.017+0000] {processor.py:208} INFO - Processing /home/airflow/.local/lib/python3.12/site-packages/airflow/example_dags/example_sensors.py took 0.047 seconds
[2025-01-19T19:30:02.326+0000] {processor.py:186} INFO - Started process (PID=678) to work on /home/airflow/.local/lib/python3.12/site-packages/airflow/example_dags/example_sensors.py
[2025-01-19T19:30:02.326+0000] {processor.py:914} INFO - Processing file /home/airflow/.local/lib/python3.12/site-packages/airflow/example_dags/example_sensors.py for tasks to queue
[2025-01-19T19:30:02.328+0000] {logging_mixin.py:190} INFO - [2025-01-19T19:30:02.327+0000] {dagbag.py:588} INFO - Filling up the DagBag from /home/airflow/.local/lib/python3.12/site-packages/airflow/example_dags/example_sensors.py
[2025-01-19T19:30:02.334+0000] {processor.py:925} INFO - DAG(s) 'example_sensors' retrieved from /home/airflow/.local/lib/python3.12/site-packages/airflow/example_dags/example_sensors.py
[2025-01-19T19:30:02.348+0000] {logging_mixin.py:190} INFO - [2025-01-19T19:30:02.347+0000] {dag.py:3239} INFO - Sync 1 DAGs
[2025-01-19T19:30:02.355+0000] {logging_mixin.py:190} INFO - [2025-01-19T19:30:02.355+0000] {dag.py:4180} INFO - Setting next_dagrun for example_sensors to None, run_after=None
[2025-01-19T19:30:02.366+0000] {processor.py:208} INFO - Processing /home/airflow/.local/lib/python3.12/site-packages/airflow/example_dags/example_sensors.py took 0.044 seconds
[2025-01-19T19:30:33.046+0000] {processor.py:186} INFO - Started process (PID=743) to work on /home/airflow/.local/lib/python3.12/site-packages/airflow/example_dags/example_sensors.py
[2025-01-19T19:30:33.047+0000] {processor.py:914} INFO - Processing file /home/airflow/.local/lib/python3.12/site-packages/airflow/example_dags/example_sensors.py for tasks to queue
[2025-01-19T19:30:33.048+0000] {logging_mixin.py:190} INFO - [2025-01-19T19:30:33.048+0000] {dagbag.py:588} INFO - Filling up the DagBag from /home/airflow/.local/lib/python3.12/site-packages/airflow/example_dags/example_sensors.py
[2025-01-19T19:30:33.054+0000] {processor.py:925} INFO - DAG(s) 'example_sensors' retrieved from /home/airflow/.local/lib/python3.12/site-packages/airflow/example_dags/example_sensors.py
[2025-01-19T19:30:33.069+0000] {logging_mixin.py:190} INFO - [2025-01-19T19:30:33.069+0000] {dag.py:3239} INFO - Sync 1 DAGs
[2025-01-19T19:30:33.076+0000] {logging_mixin.py:190} INFO - [2025-01-19T19:30:33.076+0000] {dag.py:4180} INFO - Setting next_dagrun for example_sensors to None, run_after=None
[2025-01-19T19:30:33.086+0000] {processor.py:208} INFO - Processing /home/airflow/.local/lib/python3.12/site-packages/airflow/example_dags/example_sensors.py took 0.043 seconds
[2025-01-19T19:31:03.246+0000] {processor.py:186} INFO - Started process (PID=807) to work on /home/airflow/.local/lib/python3.12/site-packages/airflow/example_dags/example_sensors.py
[2025-01-19T19:31:03.247+0000] {processor.py:914} INFO - Processing file /home/airflow/.local/lib/python3.12/site-packages/airflow/example_dags/example_sensors.py for tasks to queue
[2025-01-19T19:31:03.248+0000] {logging_mixin.py:190} INFO - [2025-01-19T19:31:03.248+0000] {dagbag.py:588} INFO - Filling up the DagBag from /home/airflow/.local/lib/python3.12/site-packages/airflow/example_dags/example_sensors.py
[2025-01-19T19:31:03.255+0000] {processor.py:925} INFO - DAG(s) 'example_sensors' retrieved from /home/airflow/.local/lib/python3.12/site-packages/airflow/example_dags/example_sensors.py
[2025-01-19T19:31:03.268+0000] {logging_mixin.py:190} INFO - [2025-01-19T19:31:03.268+0000] {dag.py:3239} INFO - Sync 1 DAGs
[2025-01-19T19:31:03.276+0000] {logging_mixin.py:190} INFO - [2025-01-19T19:31:03.276+0000] {dag.py:4180} INFO - Setting next_dagrun for example_sensors to None, run_after=None
[2025-01-19T19:31:03.286+0000] {processor.py:208} INFO - Processing /home/airflow/.local/lib/python3.12/site-packages/airflow/example_dags/example_sensors.py took 0.043 seconds
[2025-01-19T19:31:34.068+0000] {processor.py:186} INFO - Started process (PID=872) to work on /home/airflow/.local/lib/python3.12/site-packages/airflow/example_dags/example_sensors.py
[2025-01-19T19:31:34.068+0000] {processor.py:914} INFO - Processing file /home/airflow/.local/lib/python3.12/site-packages/airflow/example_dags/example_sensors.py for tasks to queue
[2025-01-19T19:31:34.070+0000] {logging_mixin.py:190} INFO - [2025-01-19T19:31:34.070+0000] {dagbag.py:588} INFO - Filling up the DagBag from /home/airflow/.local/lib/python3.12/site-packages/airflow/example_dags/example_sensors.py
[2025-01-19T19:31:34.076+0000] {processor.py:925} INFO - DAG(s) 'example_sensors' retrieved from /home/airflow/.local/lib/python3.12/site-packages/airflow/example_dags/example_sensors.py
[2025-01-19T19:31:34.092+0000] {logging_mixin.py:190} INFO - [2025-01-19T19:31:34.092+0000] {dag.py:3239} INFO - Sync 1 DAGs
[2025-01-19T19:31:34.100+0000] {logging_mixin.py:190} INFO - [2025-01-19T19:31:34.100+0000] {dag.py:4180} INFO - Setting next_dagrun for example_sensors to None, run_after=None
[2025-01-19T19:31:34.111+0000] {processor.py:208} INFO - Processing /home/airflow/.local/lib/python3.12/site-packages/airflow/example_dags/example_sensors.py took 0.047 seconds
[2025-01-19T19:32:04.658+0000] {processor.py:186} INFO - Started process (PID=937) to work on /home/airflow/.local/lib/python3.12/site-packages/airflow/example_dags/example_sensors.py
[2025-01-19T19:32:04.659+0000] {processor.py:914} INFO - Processing file /home/airflow/.local/lib/python3.12/site-packages/airflow/example_dags/example_sensors.py for tasks to queue
[2025-01-19T19:32:04.661+0000] {logging_mixin.py:190} INFO - [2025-01-19T19:32:04.660+0000] {dagbag.py:588} INFO - Filling up the DagBag from /home/airflow/.local/lib/python3.12/site-packages/airflow/example_dags/example_sensors.py
[2025-01-19T19:32:04.668+0000] {processor.py:925} INFO - DAG(s) 'example_sensors' retrieved from /home/airflow/.local/lib/python3.12/site-packages/airflow/example_dags/example_sensors.py
[2025-01-19T19:32:04.683+0000] {logging_mixin.py:190} INFO - [2025-01-19T19:32:04.683+0000] {dag.py:3239} INFO - Sync 1 DAGs
[2025-01-19T19:32:04.691+0000] {logging_mixin.py:190} INFO - [2025-01-19T19:32:04.691+0000] {dag.py:4180} INFO - Setting next_dagrun for example_sensors to None, run_after=None
[2025-01-19T19:32:04.703+0000] {processor.py:208} INFO - Processing /home/airflow/.local/lib/python3.12/site-packages/airflow/example_dags/example_sensors.py took 0.048 seconds
[2025-01-19T19:32:35.484+0000] {processor.py:186} INFO - Started process (PID=1002) to work on /home/airflow/.local/lib/python3.12/site-packages/airflow/example_dags/example_sensors.py
[2025-01-19T19:32:35.485+0000] {processor.py:914} INFO - Processing file /home/airflow/.local/lib/python3.12/site-packages/airflow/example_dags/example_sensors.py for tasks to queue
[2025-01-19T19:32:35.487+0000] {logging_mixin.py:190} INFO - [2025-01-19T19:32:35.486+0000] {dagbag.py:588} INFO - Filling up the DagBag from /home/airflow/.local/lib/python3.12/site-packages/airflow/example_dags/example_sensors.py
[2025-01-19T19:32:35.495+0000] {processor.py:925} INFO - DAG(s) 'example_sensors' retrieved from /home/airflow/.local/lib/python3.12/site-packages/airflow/example_dags/example_sensors.py
[2025-01-19T19:32:35.510+0000] {logging_mixin.py:190} INFO - [2025-01-19T19:32:35.509+0000] {dag.py:3239} INFO - Sync 1 DAGs
[2025-01-19T19:32:35.518+0000] {logging_mixin.py:190} INFO - [2025-01-19T19:32:35.518+0000] {dag.py:4180} INFO - Setting next_dagrun for example_sensors to None, run_after=None
[2025-01-19T19:32:35.528+0000] {processor.py:208} INFO - Processing /home/airflow/.local/lib/python3.12/site-packages/airflow/example_dags/example_sensors.py took 0.048 seconds
[2025-01-19T19:33:06.363+0000] {processor.py:186} INFO - Started process (PID=1067) to work on /home/airflow/.local/lib/python3.12/site-packages/airflow/example_dags/example_sensors.py
[2025-01-19T19:33:06.364+0000] {processor.py:914} INFO - Processing file /home/airflow/.local/lib/python3.12/site-packages/airflow/example_dags/example_sensors.py for tasks to queue
[2025-01-19T19:33:06.365+0000] {logging_mixin.py:190} INFO - [2025-01-19T19:33:06.365+0000] {dagbag.py:588} INFO - Filling up the DagBag from /home/airflow/.local/lib/python3.12/site-packages/airflow/example_dags/example_sensors.py
[2025-01-19T19:33:06.371+0000] {processor.py:925} INFO - DAG(s) 'example_sensors' retrieved from /home/airflow/.local/lib/python3.12/site-packages/airflow/example_dags/example_sensors.py
[2025-01-19T19:33:06.386+0000] {logging_mixin.py:190} INFO - [2025-01-19T19:33:06.386+0000] {dag.py:3239} INFO - Sync 1 DAGs
[2025-01-19T19:33:06.394+0000] {logging_mixin.py:190} INFO - [2025-01-19T19:33:06.393+0000] {dag.py:4180} INFO - Setting next_dagrun for example_sensors to None, run_after=None
[2025-01-19T19:33:06.404+0000] {processor.py:208} INFO - Processing /home/airflow/.local/lib/python3.12/site-packages/airflow/example_dags/example_sensors.py took 0.044 seconds
[2025-01-19T19:34:48.352+0000] {processor.py:186} INFO - Started process (PID=93) to work on /home/airflow/.local/lib/python3.12/site-packages/airflow/example_dags/example_sensors.py
[2025-01-19T19:34:48.353+0000] {processor.py:914} INFO - Processing file /home/airflow/.local/lib/python3.12/site-packages/airflow/example_dags/example_sensors.py for tasks to queue
[2025-01-19T19:34:48.354+0000] {logging_mixin.py:190} INFO - [2025-01-19T19:34:48.354+0000] {dagbag.py:588} INFO - Filling up the DagBag from /home/airflow/.local/lib/python3.12/site-packages/airflow/example_dags/example_sensors.py
[2025-01-19T19:34:48.360+0000] {processor.py:925} INFO - DAG(s) 'example_sensors' retrieved from /home/airflow/.local/lib/python3.12/site-packages/airflow/example_dags/example_sensors.py
[2025-01-19T19:34:48.374+0000] {logging_mixin.py:190} INFO - [2025-01-19T19:34:48.374+0000] {dag.py:3239} INFO - Sync 1 DAGs
[2025-01-19T19:34:48.382+0000] {logging_mixin.py:190} INFO - [2025-01-19T19:34:48.382+0000] {dag.py:4180} INFO - Setting next_dagrun for example_sensors to None, run_after=None
[2025-01-19T19:34:48.393+0000] {processor.py:208} INFO - Processing /home/airflow/.local/lib/python3.12/site-packages/airflow/example_dags/example_sensors.py took 0.043 seconds
[2025-01-19T19:35:18.981+0000] {processor.py:186} INFO - Started process (PID=158) to work on /home/airflow/.local/lib/python3.12/site-packages/airflow/example_dags/example_sensors.py
[2025-01-19T19:35:18.982+0000] {processor.py:914} INFO - Processing file /home/airflow/.local/lib/python3.12/site-packages/airflow/example_dags/example_sensors.py for tasks to queue
[2025-01-19T19:35:18.983+0000] {logging_mixin.py:190} INFO - [2025-01-19T19:35:18.983+0000] {dagbag.py:588} INFO - Filling up the DagBag from /home/airflow/.local/lib/python3.12/site-packages/airflow/example_dags/example_sensors.py
[2025-01-19T19:35:18.990+0000] {processor.py:925} INFO - DAG(s) 'example_sensors' retrieved from /home/airflow/.local/lib/python3.12/site-packages/airflow/example_dags/example_sensors.py
[2025-01-19T19:35:19.006+0000] {logging_mixin.py:190} INFO - [2025-01-19T19:35:19.006+0000] {dag.py:3239} INFO - Sync 1 DAGs
[2025-01-19T19:35:19.015+0000] {logging_mixin.py:190} INFO - [2025-01-19T19:35:19.014+0000] {dag.py:4180} INFO - Setting next_dagrun for example_sensors to None, run_after=None
[2025-01-19T19:35:19.029+0000] {processor.py:208} INFO - Processing /home/airflow/.local/lib/python3.12/site-packages/airflow/example_dags/example_sensors.py took 0.052 seconds
[2025-01-19T19:35:50.410+0000] {processor.py:186} INFO - Started process (PID=224) to work on /home/airflow/.local/lib/python3.12/site-packages/airflow/example_dags/example_sensors.py
[2025-01-19T19:35:50.410+0000] {processor.py:914} INFO - Processing file /home/airflow/.local/lib/python3.12/site-packages/airflow/example_dags/example_sensors.py for tasks to queue
[2025-01-19T19:35:50.412+0000] {logging_mixin.py:190} INFO - [2025-01-19T19:35:50.412+0000] {dagbag.py:588} INFO - Filling up the DagBag from /home/airflow/.local/lib/python3.12/site-packages/airflow/example_dags/example_sensors.py
[2025-01-19T19:35:50.418+0000] {processor.py:925} INFO - DAG(s) 'example_sensors' retrieved from /home/airflow/.local/lib/python3.12/site-packages/airflow/example_dags/example_sensors.py
[2025-01-19T19:35:50.430+0000] {logging_mixin.py:190} INFO - [2025-01-19T19:35:50.430+0000] {dag.py:3239} INFO - Sync 1 DAGs
[2025-01-19T19:35:50.437+0000] {logging_mixin.py:190} INFO - [2025-01-19T19:35:50.437+0000] {dag.py:4180} INFO - Setting next_dagrun for example_sensors to None, run_after=None
[2025-01-19T19:35:50.447+0000] {processor.py:208} INFO - Processing /home/airflow/.local/lib/python3.12/site-packages/airflow/example_dags/example_sensors.py took 0.040 seconds
[2025-01-19T19:36:21.081+0000] {processor.py:186} INFO - Started process (PID=289) to work on /home/airflow/.local/lib/python3.12/site-packages/airflow/example_dags/example_sensors.py
[2025-01-19T19:36:21.082+0000] {processor.py:914} INFO - Processing file /home/airflow/.local/lib/python3.12/site-packages/airflow/example_dags/example_sensors.py for tasks to queue
[2025-01-19T19:36:21.083+0000] {logging_mixin.py:190} INFO - [2025-01-19T19:36:21.083+0000] {dagbag.py:588} INFO - Filling up the DagBag from /home/airflow/.local/lib/python3.12/site-packages/airflow/example_dags/example_sensors.py
[2025-01-19T19:36:21.089+0000] {processor.py:925} INFO - DAG(s) 'example_sensors' retrieved from /home/airflow/.local/lib/python3.12/site-packages/airflow/example_dags/example_sensors.py
[2025-01-19T19:36:21.188+0000] {logging_mixin.py:190} INFO - [2025-01-19T19:36:21.188+0000] {dag.py:3239} INFO - Sync 1 DAGs
[2025-01-19T19:36:21.257+0000] {logging_mixin.py:190} INFO - [2025-01-19T19:36:21.257+0000] {dag.py:4180} INFO - Setting next_dagrun for example_sensors to None, run_after=None
[2025-01-19T19:36:21.270+0000] {processor.py:208} INFO - Processing /home/airflow/.local/lib/python3.12/site-packages/airflow/example_dags/example_sensors.py took 0.192 seconds
[2025-01-19T19:36:51.703+0000] {processor.py:186} INFO - Started process (PID=355) to work on /home/airflow/.local/lib/python3.12/site-packages/airflow/example_dags/example_sensors.py
[2025-01-19T19:36:51.704+0000] {processor.py:914} INFO - Processing file /home/airflow/.local/lib/python3.12/site-packages/airflow/example_dags/example_sensors.py for tasks to queue
[2025-01-19T19:36:51.705+0000] {logging_mixin.py:190} INFO - [2025-01-19T19:36:51.705+0000] {dagbag.py:588} INFO - Filling up the DagBag from /home/airflow/.local/lib/python3.12/site-packages/airflow/example_dags/example_sensors.py
[2025-01-19T19:36:51.712+0000] {processor.py:925} INFO - DAG(s) 'example_sensors' retrieved from /home/airflow/.local/lib/python3.12/site-packages/airflow/example_dags/example_sensors.py
[2025-01-19T19:36:51.727+0000] {logging_mixin.py:190} INFO - [2025-01-19T19:36:51.727+0000] {dag.py:3239} INFO - Sync 1 DAGs
[2025-01-19T19:36:51.735+0000] {logging_mixin.py:190} INFO - [2025-01-19T19:36:51.735+0000] {dag.py:4180} INFO - Setting next_dagrun for example_sensors to None, run_after=None
[2025-01-19T19:36:51.748+0000] {processor.py:208} INFO - Processing /home/airflow/.local/lib/python3.12/site-packages/airflow/example_dags/example_sensors.py took 0.048 seconds
