[2025-01-19T19:25:26.164+0000] {processor.py:186} INFO - Started process (PID=91) to work on /home/airflow/.local/lib/python3.12/site-packages/airflow/example_dags/example_branch_python_dop_operator_3.py
[2025-01-19T19:25:26.165+0000] {processor.py:914} INFO - Processing file /home/airflow/.local/lib/python3.12/site-packages/airflow/example_dags/example_branch_python_dop_operator_3.py for tasks to queue
[2025-01-19T19:25:26.166+0000] {logging_mixin.py:190} INFO - [2025-01-19T19:25:26.166+0000] {dagbag.py:588} INFO - Filling up the DagBag from /home/airflow/.local/lib/python3.12/site-packages/airflow/example_dags/example_branch_python_dop_operator_3.py
[2025-01-19T19:25:26.197+0000] {processor.py:925} INFO - DAG(s) 'example_branch_dop_operator_v3' retrieved from /home/airflow/.local/lib/python3.12/site-packages/airflow/example_dags/example_branch_python_dop_operator_3.py
[2025-01-19T19:25:26.256+0000] {logging_mixin.py:190} INFO - [2025-01-19T19:25:26.255+0000] {override.py:1911} INFO - Created Permission View: can read on DAG:example_branch_dop_operator_v3
[2025-01-19T19:25:26.262+0000] {logging_mixin.py:190} INFO - [2025-01-19T19:25:26.262+0000] {override.py:1911} INFO - Created Permission View: can edit on DAG:example_branch_dop_operator_v3
[2025-01-19T19:25:26.265+0000] {logging_mixin.py:190} INFO - [2025-01-19T19:25:26.265+0000] {override.py:1911} INFO - Created Permission View: can delete on DAG:example_branch_dop_operator_v3
[2025-01-19T19:25:26.271+0000] {logging_mixin.py:190} INFO - [2025-01-19T19:25:26.271+0000] {override.py:1911} INFO - Created Permission View: can read on DAG Run:example_branch_dop_operator_v3
[2025-01-19T19:25:26.275+0000] {logging_mixin.py:190} INFO - [2025-01-19T19:25:26.275+0000] {override.py:1911} INFO - Created Permission View: menu access on DAG Run:example_branch_dop_operator_v3
[2025-01-19T19:25:26.279+0000] {logging_mixin.py:190} INFO - [2025-01-19T19:25:26.279+0000] {override.py:1911} INFO - Created Permission View: can create on DAG Run:example_branch_dop_operator_v3
[2025-01-19T19:25:26.284+0000] {logging_mixin.py:190} INFO - [2025-01-19T19:25:26.284+0000] {override.py:1911} INFO - Created Permission View: can delete on DAG Run:example_branch_dop_operator_v3
[2025-01-19T19:25:26.284+0000] {logging_mixin.py:190} INFO - [2025-01-19T19:25:26.284+0000] {dag.py:3239} INFO - Sync 1 DAGs
[2025-01-19T19:25:26.292+0000] {logging_mixin.py:190} INFO - [2025-01-19T19:25:26.291+0000] {dag.py:3262} INFO - Creating ORM DAG for example_branch_dop_operator_v3
[2025-01-19T19:25:26.300+0000] {logging_mixin.py:190} INFO - [2025-01-19T19:25:26.300+0000] {dag.py:4180} INFO - Setting next_dagrun for example_branch_dop_operator_v3 to 2025-01-19 19:24:00+00:00, run_after=2025-01-19 19:25:00+00:00
[2025-01-19T19:25:26.311+0000] {processor.py:208} INFO - Processing /home/airflow/.local/lib/python3.12/site-packages/airflow/example_dags/example_branch_python_dop_operator_3.py took 0.151 seconds
[2025-01-19T19:25:56.609+0000] {processor.py:186} INFO - Started process (PID=156) to work on /home/airflow/.local/lib/python3.12/site-packages/airflow/example_dags/example_branch_python_dop_operator_3.py
[2025-01-19T19:25:56.609+0000] {processor.py:914} INFO - Processing file /home/airflow/.local/lib/python3.12/site-packages/airflow/example_dags/example_branch_python_dop_operator_3.py for tasks to queue
[2025-01-19T19:25:56.612+0000] {logging_mixin.py:190} INFO - [2025-01-19T19:25:56.612+0000] {dagbag.py:588} INFO - Filling up the DagBag from /home/airflow/.local/lib/python3.12/site-packages/airflow/example_dags/example_branch_python_dop_operator_3.py
[2025-01-19T19:25:56.618+0000] {processor.py:925} INFO - DAG(s) 'example_branch_dop_operator_v3' retrieved from /home/airflow/.local/lib/python3.12/site-packages/airflow/example_dags/example_branch_python_dop_operator_3.py
[2025-01-19T19:25:56.630+0000] {logging_mixin.py:190} INFO - [2025-01-19T19:25:56.630+0000] {dag.py:3239} INFO - Sync 1 DAGs
[2025-01-19T19:25:56.644+0000] {logging_mixin.py:190} INFO - [2025-01-19T19:25:56.644+0000] {dag.py:4180} INFO - Setting next_dagrun for example_branch_dop_operator_v3 to 2025-01-19 19:24:00+00:00, run_after=2025-01-19 19:25:00+00:00
[2025-01-19T19:25:56.655+0000] {processor.py:208} INFO - Processing /home/airflow/.local/lib/python3.12/site-packages/airflow/example_dags/example_branch_python_dop_operator_3.py took 0.050 seconds
[2025-01-19T19:26:27.207+0000] {processor.py:186} INFO - Started process (PID=221) to work on /home/airflow/.local/lib/python3.12/site-packages/airflow/example_dags/example_branch_python_dop_operator_3.py
[2025-01-19T19:26:27.207+0000] {processor.py:914} INFO - Processing file /home/airflow/.local/lib/python3.12/site-packages/airflow/example_dags/example_branch_python_dop_operator_3.py for tasks to queue
[2025-01-19T19:26:27.209+0000] {logging_mixin.py:190} INFO - [2025-01-19T19:26:27.209+0000] {dagbag.py:588} INFO - Filling up the DagBag from /home/airflow/.local/lib/python3.12/site-packages/airflow/example_dags/example_branch_python_dop_operator_3.py
[2025-01-19T19:26:27.215+0000] {processor.py:925} INFO - DAG(s) 'example_branch_dop_operator_v3' retrieved from /home/airflow/.local/lib/python3.12/site-packages/airflow/example_dags/example_branch_python_dop_operator_3.py
[2025-01-19T19:26:27.225+0000] {logging_mixin.py:190} INFO - [2025-01-19T19:26:27.225+0000] {dag.py:3239} INFO - Sync 1 DAGs
[2025-01-19T19:26:27.239+0000] {logging_mixin.py:190} INFO - [2025-01-19T19:26:27.239+0000] {dag.py:4180} INFO - Setting next_dagrun for example_branch_dop_operator_v3 to 2025-01-19 19:25:00+00:00, run_after=2025-01-19 19:26:00+00:00
[2025-01-19T19:26:27.249+0000] {processor.py:208} INFO - Processing /home/airflow/.local/lib/python3.12/site-packages/airflow/example_dags/example_branch_python_dop_operator_3.py took 0.045 seconds
[2025-01-19T19:26:58.344+0000] {processor.py:186} INFO - Started process (PID=286) to work on /home/airflow/.local/lib/python3.12/site-packages/airflow/example_dags/example_branch_python_dop_operator_3.py
[2025-01-19T19:26:58.344+0000] {processor.py:914} INFO - Processing file /home/airflow/.local/lib/python3.12/site-packages/airflow/example_dags/example_branch_python_dop_operator_3.py for tasks to queue
[2025-01-19T19:26:58.346+0000] {logging_mixin.py:190} INFO - [2025-01-19T19:26:58.346+0000] {dagbag.py:588} INFO - Filling up the DagBag from /home/airflow/.local/lib/python3.12/site-packages/airflow/example_dags/example_branch_python_dop_operator_3.py
[2025-01-19T19:26:58.352+0000] {processor.py:925} INFO - DAG(s) 'example_branch_dop_operator_v3' retrieved from /home/airflow/.local/lib/python3.12/site-packages/airflow/example_dags/example_branch_python_dop_operator_3.py
[2025-01-19T19:26:58.362+0000] {logging_mixin.py:190} INFO - [2025-01-19T19:26:58.362+0000] {dag.py:3239} INFO - Sync 1 DAGs
[2025-01-19T19:26:58.375+0000] {logging_mixin.py:190} INFO - [2025-01-19T19:26:58.375+0000] {dag.py:4180} INFO - Setting next_dagrun for example_branch_dop_operator_v3 to 2025-01-19 19:25:00+00:00, run_after=2025-01-19 19:26:00+00:00
[2025-01-19T19:26:58.385+0000] {processor.py:208} INFO - Processing /home/airflow/.local/lib/python3.12/site-packages/airflow/example_dags/example_branch_python_dop_operator_3.py took 0.045 seconds
[2025-01-19T19:27:28.892+0000] {processor.py:186} INFO - Started process (PID=351) to work on /home/airflow/.local/lib/python3.12/site-packages/airflow/example_dags/example_branch_python_dop_operator_3.py
[2025-01-19T19:27:28.893+0000] {processor.py:914} INFO - Processing file /home/airflow/.local/lib/python3.12/site-packages/airflow/example_dags/example_branch_python_dop_operator_3.py for tasks to queue
[2025-01-19T19:27:28.894+0000] {logging_mixin.py:190} INFO - [2025-01-19T19:27:28.894+0000] {dagbag.py:588} INFO - Filling up the DagBag from /home/airflow/.local/lib/python3.12/site-packages/airflow/example_dags/example_branch_python_dop_operator_3.py
[2025-01-19T19:27:28.900+0000] {processor.py:925} INFO - DAG(s) 'example_branch_dop_operator_v3' retrieved from /home/airflow/.local/lib/python3.12/site-packages/airflow/example_dags/example_branch_python_dop_operator_3.py
[2025-01-19T19:27:28.912+0000] {logging_mixin.py:190} INFO - [2025-01-19T19:27:28.911+0000] {dag.py:3239} INFO - Sync 1 DAGs
[2025-01-19T19:27:28.925+0000] {logging_mixin.py:190} INFO - [2025-01-19T19:27:28.925+0000] {dag.py:4180} INFO - Setting next_dagrun for example_branch_dop_operator_v3 to 2025-01-19 19:26:00+00:00, run_after=2025-01-19 19:27:00+00:00
[2025-01-19T19:27:28.935+0000] {processor.py:208} INFO - Processing /home/airflow/.local/lib/python3.12/site-packages/airflow/example_dags/example_branch_python_dop_operator_3.py took 0.046 seconds
[2025-01-19T19:27:59.536+0000] {processor.py:186} INFO - Started process (PID=416) to work on /home/airflow/.local/lib/python3.12/site-packages/airflow/example_dags/example_branch_python_dop_operator_3.py
[2025-01-19T19:27:59.537+0000] {processor.py:914} INFO - Processing file /home/airflow/.local/lib/python3.12/site-packages/airflow/example_dags/example_branch_python_dop_operator_3.py for tasks to queue
[2025-01-19T19:27:59.539+0000] {logging_mixin.py:190} INFO - [2025-01-19T19:27:59.538+0000] {dagbag.py:588} INFO - Filling up the DagBag from /home/airflow/.local/lib/python3.12/site-packages/airflow/example_dags/example_branch_python_dop_operator_3.py
[2025-01-19T19:27:59.545+0000] {processor.py:925} INFO - DAG(s) 'example_branch_dop_operator_v3' retrieved from /home/airflow/.local/lib/python3.12/site-packages/airflow/example_dags/example_branch_python_dop_operator_3.py
[2025-01-19T19:27:59.557+0000] {logging_mixin.py:190} INFO - [2025-01-19T19:27:59.557+0000] {dag.py:3239} INFO - Sync 1 DAGs
[2025-01-19T19:27:59.571+0000] {logging_mixin.py:190} INFO - [2025-01-19T19:27:59.571+0000] {dag.py:4180} INFO - Setting next_dagrun for example_branch_dop_operator_v3 to 2025-01-19 19:26:00+00:00, run_after=2025-01-19 19:27:00+00:00
[2025-01-19T19:27:59.581+0000] {processor.py:208} INFO - Processing /home/airflow/.local/lib/python3.12/site-packages/airflow/example_dags/example_branch_python_dop_operator_3.py took 0.049 seconds
[2025-01-19T19:28:30.003+0000] {processor.py:186} INFO - Started process (PID=481) to work on /home/airflow/.local/lib/python3.12/site-packages/airflow/example_dags/example_branch_python_dop_operator_3.py
[2025-01-19T19:28:30.004+0000] {processor.py:914} INFO - Processing file /home/airflow/.local/lib/python3.12/site-packages/airflow/example_dags/example_branch_python_dop_operator_3.py for tasks to queue
[2025-01-19T19:28:30.008+0000] {logging_mixin.py:190} INFO - [2025-01-19T19:28:30.007+0000] {dagbag.py:588} INFO - Filling up the DagBag from /home/airflow/.local/lib/python3.12/site-packages/airflow/example_dags/example_branch_python_dop_operator_3.py
[2025-01-19T19:28:30.014+0000] {processor.py:925} INFO - DAG(s) 'example_branch_dop_operator_v3' retrieved from /home/airflow/.local/lib/python3.12/site-packages/airflow/example_dags/example_branch_python_dop_operator_3.py
[2025-01-19T19:28:30.027+0000] {logging_mixin.py:190} INFO - [2025-01-19T19:28:30.027+0000] {dag.py:3239} INFO - Sync 1 DAGs
[2025-01-19T19:28:30.044+0000] {logging_mixin.py:190} INFO - [2025-01-19T19:28:30.044+0000] {dag.py:4180} INFO - Setting next_dagrun for example_branch_dop_operator_v3 to 2025-01-19 19:27:00+00:00, run_after=2025-01-19 19:28:00+00:00
[2025-01-19T19:28:30.056+0000] {processor.py:208} INFO - Processing /home/airflow/.local/lib/python3.12/site-packages/airflow/example_dags/example_branch_python_dop_operator_3.py took 0.058 seconds
[2025-01-19T19:29:00.889+0000] {processor.py:186} INFO - Started process (PID=546) to work on /home/airflow/.local/lib/python3.12/site-packages/airflow/example_dags/example_branch_python_dop_operator_3.py
[2025-01-19T19:29:00.889+0000] {processor.py:914} INFO - Processing file /home/airflow/.local/lib/python3.12/site-packages/airflow/example_dags/example_branch_python_dop_operator_3.py for tasks to queue
[2025-01-19T19:29:00.891+0000] {logging_mixin.py:190} INFO - [2025-01-19T19:29:00.891+0000] {dagbag.py:588} INFO - Filling up the DagBag from /home/airflow/.local/lib/python3.12/site-packages/airflow/example_dags/example_branch_python_dop_operator_3.py
[2025-01-19T19:29:00.897+0000] {processor.py:925} INFO - DAG(s) 'example_branch_dop_operator_v3' retrieved from /home/airflow/.local/lib/python3.12/site-packages/airflow/example_dags/example_branch_python_dop_operator_3.py
[2025-01-19T19:29:00.909+0000] {logging_mixin.py:190} INFO - [2025-01-19T19:29:00.909+0000] {dag.py:3239} INFO - Sync 1 DAGs
[2025-01-19T19:29:00.925+0000] {logging_mixin.py:190} INFO - [2025-01-19T19:29:00.925+0000] {dag.py:4180} INFO - Setting next_dagrun for example_branch_dop_operator_v3 to 2025-01-19 19:28:00+00:00, run_after=2025-01-19 19:29:00+00:00
[2025-01-19T19:29:00.935+0000] {processor.py:208} INFO - Processing /home/airflow/.local/lib/python3.12/site-packages/airflow/example_dags/example_branch_python_dop_operator_3.py took 0.050 seconds
[2025-01-19T19:29:31.891+0000] {processor.py:186} INFO - Started process (PID=611) to work on /home/airflow/.local/lib/python3.12/site-packages/airflow/example_dags/example_branch_python_dop_operator_3.py
[2025-01-19T19:29:31.891+0000] {processor.py:914} INFO - Processing file /home/airflow/.local/lib/python3.12/site-packages/airflow/example_dags/example_branch_python_dop_operator_3.py for tasks to queue
[2025-01-19T19:29:31.893+0000] {logging_mixin.py:190} INFO - [2025-01-19T19:29:31.893+0000] {dagbag.py:588} INFO - Filling up the DagBag from /home/airflow/.local/lib/python3.12/site-packages/airflow/example_dags/example_branch_python_dop_operator_3.py
[2025-01-19T19:29:31.899+0000] {processor.py:925} INFO - DAG(s) 'example_branch_dop_operator_v3' retrieved from /home/airflow/.local/lib/python3.12/site-packages/airflow/example_dags/example_branch_python_dop_operator_3.py
[2025-01-19T19:29:31.910+0000] {logging_mixin.py:190} INFO - [2025-01-19T19:29:31.910+0000] {dag.py:3239} INFO - Sync 1 DAGs
[2025-01-19T19:29:31.925+0000] {logging_mixin.py:190} INFO - [2025-01-19T19:29:31.925+0000] {dag.py:4180} INFO - Setting next_dagrun for example_branch_dop_operator_v3 to 2025-01-19 19:28:00+00:00, run_after=2025-01-19 19:29:00+00:00
[2025-01-19T19:29:31.935+0000] {processor.py:208} INFO - Processing /home/airflow/.local/lib/python3.12/site-packages/airflow/example_dags/example_branch_python_dop_operator_3.py took 0.048 seconds
[2025-01-19T19:30:02.266+0000] {processor.py:186} INFO - Started process (PID=676) to work on /home/airflow/.local/lib/python3.12/site-packages/airflow/example_dags/example_branch_python_dop_operator_3.py
[2025-01-19T19:30:02.266+0000] {processor.py:914} INFO - Processing file /home/airflow/.local/lib/python3.12/site-packages/airflow/example_dags/example_branch_python_dop_operator_3.py for tasks to queue
[2025-01-19T19:30:02.268+0000] {logging_mixin.py:190} INFO - [2025-01-19T19:30:02.268+0000] {dagbag.py:588} INFO - Filling up the DagBag from /home/airflow/.local/lib/python3.12/site-packages/airflow/example_dags/example_branch_python_dop_operator_3.py
[2025-01-19T19:30:02.274+0000] {processor.py:925} INFO - DAG(s) 'example_branch_dop_operator_v3' retrieved from /home/airflow/.local/lib/python3.12/site-packages/airflow/example_dags/example_branch_python_dop_operator_3.py
[2025-01-19T19:30:02.284+0000] {logging_mixin.py:190} INFO - [2025-01-19T19:30:02.284+0000] {dag.py:3239} INFO - Sync 1 DAGs
[2025-01-19T19:30:02.298+0000] {logging_mixin.py:190} INFO - [2025-01-19T19:30:02.297+0000] {dag.py:4180} INFO - Setting next_dagrun for example_branch_dop_operator_v3 to 2025-01-19 19:29:00+00:00, run_after=2025-01-19 19:30:00+00:00
[2025-01-19T19:30:02.307+0000] {processor.py:208} INFO - Processing /home/airflow/.local/lib/python3.12/site-packages/airflow/example_dags/example_branch_python_dop_operator_3.py took 0.045 seconds
[2025-01-19T19:30:32.906+0000] {processor.py:186} INFO - Started process (PID=741) to work on /home/airflow/.local/lib/python3.12/site-packages/airflow/example_dags/example_branch_python_dop_operator_3.py
[2025-01-19T19:30:32.907+0000] {processor.py:914} INFO - Processing file /home/airflow/.local/lib/python3.12/site-packages/airflow/example_dags/example_branch_python_dop_operator_3.py for tasks to queue
[2025-01-19T19:30:32.909+0000] {logging_mixin.py:190} INFO - [2025-01-19T19:30:32.908+0000] {dagbag.py:588} INFO - Filling up the DagBag from /home/airflow/.local/lib/python3.12/site-packages/airflow/example_dags/example_branch_python_dop_operator_3.py
[2025-01-19T19:30:32.915+0000] {processor.py:925} INFO - DAG(s) 'example_branch_dop_operator_v3' retrieved from /home/airflow/.local/lib/python3.12/site-packages/airflow/example_dags/example_branch_python_dop_operator_3.py
[2025-01-19T19:30:32.927+0000] {logging_mixin.py:190} INFO - [2025-01-19T19:30:32.926+0000] {dag.py:3239} INFO - Sync 1 DAGs
[2025-01-19T19:30:32.945+0000] {logging_mixin.py:190} INFO - [2025-01-19T19:30:32.945+0000] {dag.py:4180} INFO - Setting next_dagrun for example_branch_dop_operator_v3 to 2025-01-19 19:29:00+00:00, run_after=2025-01-19 19:30:00+00:00
[2025-01-19T19:30:32.956+0000] {processor.py:208} INFO - Processing /home/airflow/.local/lib/python3.12/site-packages/airflow/example_dags/example_branch_python_dop_operator_3.py took 0.053 seconds
[2025-01-19T19:31:03.040+0000] {processor.py:186} INFO - Started process (PID=805) to work on /home/airflow/.local/lib/python3.12/site-packages/airflow/example_dags/example_branch_python_dop_operator_3.py
[2025-01-19T19:31:03.041+0000] {processor.py:914} INFO - Processing file /home/airflow/.local/lib/python3.12/site-packages/airflow/example_dags/example_branch_python_dop_operator_3.py for tasks to queue
[2025-01-19T19:31:03.042+0000] {logging_mixin.py:190} INFO - [2025-01-19T19:31:03.042+0000] {dagbag.py:588} INFO - Filling up the DagBag from /home/airflow/.local/lib/python3.12/site-packages/airflow/example_dags/example_branch_python_dop_operator_3.py
[2025-01-19T19:31:03.050+0000] {processor.py:925} INFO - DAG(s) 'example_branch_dop_operator_v3' retrieved from /home/airflow/.local/lib/python3.12/site-packages/airflow/example_dags/example_branch_python_dop_operator_3.py
[2025-01-19T19:31:03.060+0000] {logging_mixin.py:190} INFO - [2025-01-19T19:31:03.060+0000] {dag.py:3239} INFO - Sync 1 DAGs
[2025-01-19T19:31:03.073+0000] {logging_mixin.py:190} INFO - [2025-01-19T19:31:03.073+0000] {dag.py:4180} INFO - Setting next_dagrun for example_branch_dop_operator_v3 to 2025-01-19 19:30:00+00:00, run_after=2025-01-19 19:31:00+00:00
[2025-01-19T19:31:03.083+0000] {processor.py:208} INFO - Processing /home/airflow/.local/lib/python3.12/site-packages/airflow/example_dags/example_branch_python_dop_operator_3.py took 0.046 seconds
[2025-01-19T19:31:33.919+0000] {processor.py:186} INFO - Started process (PID=870) to work on /home/airflow/.local/lib/python3.12/site-packages/airflow/example_dags/example_branch_python_dop_operator_3.py
[2025-01-19T19:31:33.920+0000] {processor.py:914} INFO - Processing file /home/airflow/.local/lib/python3.12/site-packages/airflow/example_dags/example_branch_python_dop_operator_3.py for tasks to queue
[2025-01-19T19:31:33.922+0000] {logging_mixin.py:190} INFO - [2025-01-19T19:31:33.922+0000] {dagbag.py:588} INFO - Filling up the DagBag from /home/airflow/.local/lib/python3.12/site-packages/airflow/example_dags/example_branch_python_dop_operator_3.py
[2025-01-19T19:31:33.929+0000] {processor.py:925} INFO - DAG(s) 'example_branch_dop_operator_v3' retrieved from /home/airflow/.local/lib/python3.12/site-packages/airflow/example_dags/example_branch_python_dop_operator_3.py
[2025-01-19T19:31:33.940+0000] {logging_mixin.py:190} INFO - [2025-01-19T19:31:33.940+0000] {dag.py:3239} INFO - Sync 1 DAGs
[2025-01-19T19:31:33.956+0000] {logging_mixin.py:190} INFO - [2025-01-19T19:31:33.956+0000] {dag.py:4180} INFO - Setting next_dagrun for example_branch_dop_operator_v3 to 2025-01-19 19:30:00+00:00, run_after=2025-01-19 19:31:00+00:00
[2025-01-19T19:31:33.967+0000] {processor.py:208} INFO - Processing /home/airflow/.local/lib/python3.12/site-packages/airflow/example_dags/example_branch_python_dop_operator_3.py took 0.052 seconds
[2025-01-19T19:32:04.509+0000] {processor.py:186} INFO - Started process (PID=935) to work on /home/airflow/.local/lib/python3.12/site-packages/airflow/example_dags/example_branch_python_dop_operator_3.py
[2025-01-19T19:32:04.509+0000] {processor.py:914} INFO - Processing file /home/airflow/.local/lib/python3.12/site-packages/airflow/example_dags/example_branch_python_dop_operator_3.py for tasks to queue
[2025-01-19T19:32:04.512+0000] {logging_mixin.py:190} INFO - [2025-01-19T19:32:04.512+0000] {dagbag.py:588} INFO - Filling up the DagBag from /home/airflow/.local/lib/python3.12/site-packages/airflow/example_dags/example_branch_python_dop_operator_3.py
[2025-01-19T19:32:04.518+0000] {processor.py:925} INFO - DAG(s) 'example_branch_dop_operator_v3' retrieved from /home/airflow/.local/lib/python3.12/site-packages/airflow/example_dags/example_branch_python_dop_operator_3.py
[2025-01-19T19:32:04.529+0000] {logging_mixin.py:190} INFO - [2025-01-19T19:32:04.528+0000] {dag.py:3239} INFO - Sync 1 DAGs
[2025-01-19T19:32:04.542+0000] {logging_mixin.py:190} INFO - [2025-01-19T19:32:04.542+0000] {dag.py:4180} INFO - Setting next_dagrun for example_branch_dop_operator_v3 to 2025-01-19 19:31:00+00:00, run_after=2025-01-19 19:32:00+00:00
[2025-01-19T19:32:04.552+0000] {processor.py:208} INFO - Processing /home/airflow/.local/lib/python3.12/site-packages/airflow/example_dags/example_branch_python_dop_operator_3.py took 0.047 seconds
[2025-01-19T19:32:35.415+0000] {processor.py:186} INFO - Started process (PID=1000) to work on /home/airflow/.local/lib/python3.12/site-packages/airflow/example_dags/example_branch_python_dop_operator_3.py
[2025-01-19T19:32:35.416+0000] {processor.py:914} INFO - Processing file /home/airflow/.local/lib/python3.12/site-packages/airflow/example_dags/example_branch_python_dop_operator_3.py for tasks to queue
[2025-01-19T19:32:35.418+0000] {logging_mixin.py:190} INFO - [2025-01-19T19:32:35.417+0000] {dagbag.py:588} INFO - Filling up the DagBag from /home/airflow/.local/lib/python3.12/site-packages/airflow/example_dags/example_branch_python_dop_operator_3.py
[2025-01-19T19:32:35.426+0000] {processor.py:925} INFO - DAG(s) 'example_branch_dop_operator_v3' retrieved from /home/airflow/.local/lib/python3.12/site-packages/airflow/example_dags/example_branch_python_dop_operator_3.py
[2025-01-19T19:32:35.437+0000] {logging_mixin.py:190} INFO - [2025-01-19T19:32:35.437+0000] {dag.py:3239} INFO - Sync 1 DAGs
[2025-01-19T19:32:35.453+0000] {logging_mixin.py:190} INFO - [2025-01-19T19:32:35.452+0000] {dag.py:4180} INFO - Setting next_dagrun for example_branch_dop_operator_v3 to 2025-01-19 19:31:00+00:00, run_after=2025-01-19 19:32:00+00:00
[2025-01-19T19:32:35.464+0000] {processor.py:208} INFO - Processing /home/airflow/.local/lib/python3.12/site-packages/airflow/example_dags/example_branch_python_dop_operator_3.py took 0.052 seconds
[2025-01-19T19:33:06.301+0000] {processor.py:186} INFO - Started process (PID=1065) to work on /home/airflow/.local/lib/python3.12/site-packages/airflow/example_dags/example_branch_python_dop_operator_3.py
[2025-01-19T19:33:06.301+0000] {processor.py:914} INFO - Processing file /home/airflow/.local/lib/python3.12/site-packages/airflow/example_dags/example_branch_python_dop_operator_3.py for tasks to queue
[2025-01-19T19:33:06.303+0000] {logging_mixin.py:190} INFO - [2025-01-19T19:33:06.302+0000] {dagbag.py:588} INFO - Filling up the DagBag from /home/airflow/.local/lib/python3.12/site-packages/airflow/example_dags/example_branch_python_dop_operator_3.py
[2025-01-19T19:33:06.308+0000] {processor.py:925} INFO - DAG(s) 'example_branch_dop_operator_v3' retrieved from /home/airflow/.local/lib/python3.12/site-packages/airflow/example_dags/example_branch_python_dop_operator_3.py
[2025-01-19T19:33:06.319+0000] {logging_mixin.py:190} INFO - [2025-01-19T19:33:06.319+0000] {dag.py:3239} INFO - Sync 1 DAGs
[2025-01-19T19:33:06.333+0000] {logging_mixin.py:190} INFO - [2025-01-19T19:33:06.333+0000] {dag.py:4180} INFO - Setting next_dagrun for example_branch_dop_operator_v3 to 2025-01-19 19:32:00+00:00, run_after=2025-01-19 19:33:00+00:00
[2025-01-19T19:33:06.343+0000] {processor.py:208} INFO - Processing /home/airflow/.local/lib/python3.12/site-packages/airflow/example_dags/example_branch_python_dop_operator_3.py took 0.046 seconds
[2025-01-19T19:34:48.289+0000] {processor.py:186} INFO - Started process (PID=91) to work on /home/airflow/.local/lib/python3.12/site-packages/airflow/example_dags/example_branch_python_dop_operator_3.py
[2025-01-19T19:34:48.290+0000] {processor.py:914} INFO - Processing file /home/airflow/.local/lib/python3.12/site-packages/airflow/example_dags/example_branch_python_dop_operator_3.py for tasks to queue
[2025-01-19T19:34:48.291+0000] {logging_mixin.py:190} INFO - [2025-01-19T19:34:48.291+0000] {dagbag.py:588} INFO - Filling up the DagBag from /home/airflow/.local/lib/python3.12/site-packages/airflow/example_dags/example_branch_python_dop_operator_3.py
[2025-01-19T19:34:48.297+0000] {processor.py:925} INFO - DAG(s) 'example_branch_dop_operator_v3' retrieved from /home/airflow/.local/lib/python3.12/site-packages/airflow/example_dags/example_branch_python_dop_operator_3.py
[2025-01-19T19:34:48.308+0000] {logging_mixin.py:190} INFO - [2025-01-19T19:34:48.308+0000] {dag.py:3239} INFO - Sync 1 DAGs
[2025-01-19T19:34:48.321+0000] {logging_mixin.py:190} INFO - [2025-01-19T19:34:48.321+0000] {dag.py:4180} INFO - Setting next_dagrun for example_branch_dop_operator_v3 to 2025-01-19 19:33:00+00:00, run_after=2025-01-19 19:34:00+00:00
[2025-01-19T19:34:48.331+0000] {processor.py:208} INFO - Processing /home/airflow/.local/lib/python3.12/site-packages/airflow/example_dags/example_branch_python_dop_operator_3.py took 0.045 seconds
[2025-01-19T19:35:18.848+0000] {processor.py:186} INFO - Started process (PID=156) to work on /home/airflow/.local/lib/python3.12/site-packages/airflow/example_dags/example_branch_python_dop_operator_3.py
[2025-01-19T19:35:18.849+0000] {processor.py:914} INFO - Processing file /home/airflow/.local/lib/python3.12/site-packages/airflow/example_dags/example_branch_python_dop_operator_3.py for tasks to queue
[2025-01-19T19:35:18.850+0000] {logging_mixin.py:190} INFO - [2025-01-19T19:35:18.850+0000] {dagbag.py:588} INFO - Filling up the DagBag from /home/airflow/.local/lib/python3.12/site-packages/airflow/example_dags/example_branch_python_dop_operator_3.py
[2025-01-19T19:35:18.856+0000] {processor.py:925} INFO - DAG(s) 'example_branch_dop_operator_v3' retrieved from /home/airflow/.local/lib/python3.12/site-packages/airflow/example_dags/example_branch_python_dop_operator_3.py
[2025-01-19T19:35:18.867+0000] {logging_mixin.py:190} INFO - [2025-01-19T19:35:18.867+0000] {dag.py:3239} INFO - Sync 1 DAGs
[2025-01-19T19:35:18.881+0000] {logging_mixin.py:190} INFO - [2025-01-19T19:35:18.881+0000] {dag.py:4180} INFO - Setting next_dagrun for example_branch_dop_operator_v3 to 2025-01-19 19:34:00+00:00, run_after=2025-01-19 19:35:00+00:00
[2025-01-19T19:35:18.891+0000] {processor.py:208} INFO - Processing /home/airflow/.local/lib/python3.12/site-packages/airflow/example_dags/example_branch_python_dop_operator_3.py took 0.046 seconds
[2025-01-19T19:35:49.595+0000] {processor.py:186} INFO - Started process (PID=221) to work on /home/airflow/.local/lib/python3.12/site-packages/airflow/example_dags/example_branch_python_dop_operator_3.py
[2025-01-19T19:35:49.595+0000] {processor.py:914} INFO - Processing file /home/airflow/.local/lib/python3.12/site-packages/airflow/example_dags/example_branch_python_dop_operator_3.py for tasks to queue
[2025-01-19T19:35:49.596+0000] {logging_mixin.py:190} INFO - [2025-01-19T19:35:49.596+0000] {dagbag.py:588} INFO - Filling up the DagBag from /home/airflow/.local/lib/python3.12/site-packages/airflow/example_dags/example_branch_python_dop_operator_3.py
[2025-01-19T19:35:49.602+0000] {processor.py:925} INFO - DAG(s) 'example_branch_dop_operator_v3' retrieved from /home/airflow/.local/lib/python3.12/site-packages/airflow/example_dags/example_branch_python_dop_operator_3.py
[2025-01-19T19:35:49.613+0000] {logging_mixin.py:190} INFO - [2025-01-19T19:35:49.613+0000] {dag.py:3239} INFO - Sync 1 DAGs
[2025-01-19T19:35:49.627+0000] {logging_mixin.py:190} INFO - [2025-01-19T19:35:49.626+0000] {dag.py:4180} INFO - Setting next_dagrun for example_branch_dop_operator_v3 to 2025-01-19 19:34:00+00:00, run_after=2025-01-19 19:35:00+00:00
[2025-01-19T19:35:49.636+0000] {processor.py:208} INFO - Processing /home/airflow/.local/lib/python3.12/site-packages/airflow/example_dags/example_branch_python_dop_operator_3.py took 0.045 seconds
[2025-01-19T19:36:19.969+0000] {processor.py:186} INFO - Started process (PID=286) to work on /home/airflow/.local/lib/python3.12/site-packages/airflow/example_dags/example_branch_python_dop_operator_3.py
[2025-01-19T19:36:19.969+0000] {processor.py:914} INFO - Processing file /home/airflow/.local/lib/python3.12/site-packages/airflow/example_dags/example_branch_python_dop_operator_3.py for tasks to queue
[2025-01-19T19:36:19.971+0000] {logging_mixin.py:190} INFO - [2025-01-19T19:36:19.971+0000] {dagbag.py:588} INFO - Filling up the DagBag from /home/airflow/.local/lib/python3.12/site-packages/airflow/example_dags/example_branch_python_dop_operator_3.py
[2025-01-19T19:36:19.977+0000] {processor.py:925} INFO - DAG(s) 'example_branch_dop_operator_v3' retrieved from /home/airflow/.local/lib/python3.12/site-packages/airflow/example_dags/example_branch_python_dop_operator_3.py
[2025-01-19T19:36:19.988+0000] {logging_mixin.py:190} INFO - [2025-01-19T19:36:19.988+0000] {dag.py:3239} INFO - Sync 1 DAGs
[2025-01-19T19:36:20.002+0000] {logging_mixin.py:190} INFO - [2025-01-19T19:36:20.002+0000] {dag.py:4180} INFO - Setting next_dagrun for example_branch_dop_operator_v3 to 2025-01-19 19:35:00+00:00, run_after=2025-01-19 19:36:00+00:00
[2025-01-19T19:36:20.012+0000] {processor.py:208} INFO - Processing /home/airflow/.local/lib/python3.12/site-packages/airflow/example_dags/example_branch_python_dop_operator_3.py took 0.047 seconds
[2025-01-19T19:36:50.507+0000] {processor.py:186} INFO - Started process (PID=352) to work on /home/airflow/.local/lib/python3.12/site-packages/airflow/example_dags/example_branch_python_dop_operator_3.py
[2025-01-19T19:36:50.508+0000] {processor.py:914} INFO - Processing file /home/airflow/.local/lib/python3.12/site-packages/airflow/example_dags/example_branch_python_dop_operator_3.py for tasks to queue
[2025-01-19T19:36:50.510+0000] {logging_mixin.py:190} INFO - [2025-01-19T19:36:50.510+0000] {dagbag.py:588} INFO - Filling up the DagBag from /home/airflow/.local/lib/python3.12/site-packages/airflow/example_dags/example_branch_python_dop_operator_3.py
[2025-01-19T19:36:50.516+0000] {processor.py:925} INFO - DAG(s) 'example_branch_dop_operator_v3' retrieved from /home/airflow/.local/lib/python3.12/site-packages/airflow/example_dags/example_branch_python_dop_operator_3.py
[2025-01-19T19:36:50.527+0000] {logging_mixin.py:190} INFO - [2025-01-19T19:36:50.527+0000] {dag.py:3239} INFO - Sync 1 DAGs
[2025-01-19T19:36:50.541+0000] {logging_mixin.py:190} INFO - [2025-01-19T19:36:50.541+0000] {dag.py:4180} INFO - Setting next_dagrun for example_branch_dop_operator_v3 to 2025-01-19 19:35:00+00:00, run_after=2025-01-19 19:36:00+00:00
[2025-01-19T19:36:50.550+0000] {processor.py:208} INFO - Processing /home/airflow/.local/lib/python3.12/site-packages/airflow/example_dags/example_branch_python_dop_operator_3.py took 0.047 seconds
