[2025-01-19T19:25:28.032+0000] {processor.py:186} INFO - Started process (PID=105) to work on /home/airflow/.local/lib/python3.12/site-packages/airflow/example_dags/example_sensor_decorator.py
[2025-01-19T19:25:28.033+0000] {processor.py:914} INFO - Processing file /home/airflow/.local/lib/python3.12/site-packages/airflow/example_dags/example_sensor_decorator.py for tasks to queue
[2025-01-19T19:25:28.034+0000] {logging_mixin.py:190} INFO - [2025-01-19T19:25:28.034+0000] {dagbag.py:588} INFO - Filling up the DagBag from /home/airflow/.local/lib/python3.12/site-packages/airflow/example_dags/example_sensor_decorator.py
[2025-01-19T19:25:28.221+0000] {processor.py:925} INFO - DAG(s) 'example_sensor_decorator' retrieved from /home/airflow/.local/lib/python3.12/site-packages/airflow/example_dags/example_sensor_decorator.py
[2025-01-19T19:25:28.278+0000] {logging_mixin.py:190} INFO - [2025-01-19T19:25:28.277+0000] {override.py:1911} INFO - Created Permission View: can read on DAG:example_sensor_decorator
[2025-01-19T19:25:28.284+0000] {logging_mixin.py:190} INFO - [2025-01-19T19:25:28.284+0000] {override.py:1911} INFO - Created Permission View: can edit on DAG:example_sensor_decorator
[2025-01-19T19:25:28.289+0000] {logging_mixin.py:190} INFO - [2025-01-19T19:25:28.288+0000] {override.py:1911} INFO - Created Permission View: can delete on DAG:example_sensor_decorator
[2025-01-19T19:25:28.294+0000] {logging_mixin.py:190} INFO - [2025-01-19T19:25:28.293+0000] {override.py:1911} INFO - Created Permission View: can read on DAG Run:example_sensor_decorator
[2025-01-19T19:25:28.298+0000] {logging_mixin.py:190} INFO - [2025-01-19T19:25:28.297+0000] {override.py:1911} INFO - Created Permission View: menu access on DAG Run:example_sensor_decorator
[2025-01-19T19:25:28.302+0000] {logging_mixin.py:190} INFO - [2025-01-19T19:25:28.301+0000] {override.py:1911} INFO - Created Permission View: can create on DAG Run:example_sensor_decorator
[2025-01-19T19:25:28.305+0000] {logging_mixin.py:190} INFO - [2025-01-19T19:25:28.305+0000] {override.py:1911} INFO - Created Permission View: can delete on DAG Run:example_sensor_decorator
[2025-01-19T19:25:28.306+0000] {logging_mixin.py:190} INFO - [2025-01-19T19:25:28.305+0000] {dag.py:3239} INFO - Sync 1 DAGs
[2025-01-19T19:25:28.313+0000] {logging_mixin.py:190} INFO - [2025-01-19T19:25:28.313+0000] {dag.py:3262} INFO - Creating ORM DAG for example_sensor_decorator
[2025-01-19T19:25:28.314+0000] {logging_mixin.py:190} INFO - [2025-01-19T19:25:28.314+0000] {dag.py:4180} INFO - Setting next_dagrun for example_sensor_decorator to None, run_after=None
[2025-01-19T19:25:28.326+0000] {processor.py:208} INFO - Processing /home/airflow/.local/lib/python3.12/site-packages/airflow/example_dags/example_sensor_decorator.py took 0.297 seconds
[2025-01-19T19:25:58.424+0000] {processor.py:186} INFO - Started process (PID=170) to work on /home/airflow/.local/lib/python3.12/site-packages/airflow/example_dags/example_sensor_decorator.py
[2025-01-19T19:25:58.425+0000] {processor.py:914} INFO - Processing file /home/airflow/.local/lib/python3.12/site-packages/airflow/example_dags/example_sensor_decorator.py for tasks to queue
[2025-01-19T19:25:58.426+0000] {logging_mixin.py:190} INFO - [2025-01-19T19:25:58.426+0000] {dagbag.py:588} INFO - Filling up the DagBag from /home/airflow/.local/lib/python3.12/site-packages/airflow/example_dags/example_sensor_decorator.py
[2025-01-19T19:25:58.431+0000] {processor.py:925} INFO - DAG(s) 'example_sensor_decorator' retrieved from /home/airflow/.local/lib/python3.12/site-packages/airflow/example_dags/example_sensor_decorator.py
[2025-01-19T19:25:58.441+0000] {logging_mixin.py:190} INFO - [2025-01-19T19:25:58.441+0000] {dag.py:3239} INFO - Sync 1 DAGs
[2025-01-19T19:25:58.449+0000] {logging_mixin.py:190} INFO - [2025-01-19T19:25:58.449+0000] {dag.py:4180} INFO - Setting next_dagrun for example_sensor_decorator to None, run_after=None
[2025-01-19T19:25:58.459+0000] {processor.py:208} INFO - Processing /home/airflow/.local/lib/python3.12/site-packages/airflow/example_dags/example_sensor_decorator.py took 0.039 seconds
[2025-01-19T19:26:28.780+0000] {processor.py:186} INFO - Started process (PID=235) to work on /home/airflow/.local/lib/python3.12/site-packages/airflow/example_dags/example_sensor_decorator.py
[2025-01-19T19:26:28.781+0000] {processor.py:914} INFO - Processing file /home/airflow/.local/lib/python3.12/site-packages/airflow/example_dags/example_sensor_decorator.py for tasks to queue
[2025-01-19T19:26:28.782+0000] {logging_mixin.py:190} INFO - [2025-01-19T19:26:28.782+0000] {dagbag.py:588} INFO - Filling up the DagBag from /home/airflow/.local/lib/python3.12/site-packages/airflow/example_dags/example_sensor_decorator.py
[2025-01-19T19:26:28.787+0000] {processor.py:925} INFO - DAG(s) 'example_sensor_decorator' retrieved from /home/airflow/.local/lib/python3.12/site-packages/airflow/example_dags/example_sensor_decorator.py
[2025-01-19T19:26:28.797+0000] {logging_mixin.py:190} INFO - [2025-01-19T19:26:28.796+0000] {dag.py:3239} INFO - Sync 1 DAGs
[2025-01-19T19:26:28.804+0000] {logging_mixin.py:190} INFO - [2025-01-19T19:26:28.804+0000] {dag.py:4180} INFO - Setting next_dagrun for example_sensor_decorator to None, run_after=None
[2025-01-19T19:26:28.815+0000] {processor.py:208} INFO - Processing /home/airflow/.local/lib/python3.12/site-packages/airflow/example_dags/example_sensor_decorator.py took 0.038 seconds
[2025-01-19T19:26:58.963+0000] {processor.py:186} INFO - Started process (PID=300) to work on /home/airflow/.local/lib/python3.12/site-packages/airflow/example_dags/example_sensor_decorator.py
[2025-01-19T19:26:58.964+0000] {processor.py:914} INFO - Processing file /home/airflow/.local/lib/python3.12/site-packages/airflow/example_dags/example_sensor_decorator.py for tasks to queue
[2025-01-19T19:26:58.965+0000] {logging_mixin.py:190} INFO - [2025-01-19T19:26:58.965+0000] {dagbag.py:588} INFO - Filling up the DagBag from /home/airflow/.local/lib/python3.12/site-packages/airflow/example_dags/example_sensor_decorator.py
[2025-01-19T19:26:58.971+0000] {processor.py:925} INFO - DAG(s) 'example_sensor_decorator' retrieved from /home/airflow/.local/lib/python3.12/site-packages/airflow/example_dags/example_sensor_decorator.py
[2025-01-19T19:26:58.982+0000] {logging_mixin.py:190} INFO - [2025-01-19T19:26:58.982+0000] {dag.py:3239} INFO - Sync 1 DAGs
[2025-01-19T19:26:58.991+0000] {logging_mixin.py:190} INFO - [2025-01-19T19:26:58.990+0000] {dag.py:4180} INFO - Setting next_dagrun for example_sensor_decorator to None, run_after=None
[2025-01-19T19:26:59.003+0000] {processor.py:208} INFO - Processing /home/airflow/.local/lib/python3.12/site-packages/airflow/example_dags/example_sensor_decorator.py took 0.043 seconds
[2025-01-19T19:27:29.414+0000] {processor.py:186} INFO - Started process (PID=365) to work on /home/airflow/.local/lib/python3.12/site-packages/airflow/example_dags/example_sensor_decorator.py
[2025-01-19T19:27:29.414+0000] {processor.py:914} INFO - Processing file /home/airflow/.local/lib/python3.12/site-packages/airflow/example_dags/example_sensor_decorator.py for tasks to queue
[2025-01-19T19:27:29.416+0000] {logging_mixin.py:190} INFO - [2025-01-19T19:27:29.415+0000] {dagbag.py:588} INFO - Filling up the DagBag from /home/airflow/.local/lib/python3.12/site-packages/airflow/example_dags/example_sensor_decorator.py
[2025-01-19T19:27:29.421+0000] {processor.py:925} INFO - DAG(s) 'example_sensor_decorator' retrieved from /home/airflow/.local/lib/python3.12/site-packages/airflow/example_dags/example_sensor_decorator.py
[2025-01-19T19:27:29.431+0000] {logging_mixin.py:190} INFO - [2025-01-19T19:27:29.431+0000] {dag.py:3239} INFO - Sync 1 DAGs
[2025-01-19T19:27:29.439+0000] {logging_mixin.py:190} INFO - [2025-01-19T19:27:29.439+0000] {dag.py:4180} INFO - Setting next_dagrun for example_sensor_decorator to None, run_after=None
[2025-01-19T19:27:29.449+0000] {processor.py:208} INFO - Processing /home/airflow/.local/lib/python3.12/site-packages/airflow/example_dags/example_sensor_decorator.py took 0.039 seconds
[2025-01-19T19:28:00.146+0000] {processor.py:186} INFO - Started process (PID=430) to work on /home/airflow/.local/lib/python3.12/site-packages/airflow/example_dags/example_sensor_decorator.py
[2025-01-19T19:28:00.147+0000] {processor.py:914} INFO - Processing file /home/airflow/.local/lib/python3.12/site-packages/airflow/example_dags/example_sensor_decorator.py for tasks to queue
[2025-01-19T19:28:00.148+0000] {logging_mixin.py:190} INFO - [2025-01-19T19:28:00.148+0000] {dagbag.py:588} INFO - Filling up the DagBag from /home/airflow/.local/lib/python3.12/site-packages/airflow/example_dags/example_sensor_decorator.py
[2025-01-19T19:28:00.153+0000] {processor.py:925} INFO - DAG(s) 'example_sensor_decorator' retrieved from /home/airflow/.local/lib/python3.12/site-packages/airflow/example_dags/example_sensor_decorator.py
[2025-01-19T19:28:00.164+0000] {logging_mixin.py:190} INFO - [2025-01-19T19:28:00.164+0000] {dag.py:3239} INFO - Sync 1 DAGs
[2025-01-19T19:28:00.172+0000] {logging_mixin.py:190} INFO - [2025-01-19T19:28:00.171+0000] {dag.py:4180} INFO - Setting next_dagrun for example_sensor_decorator to None, run_after=None
[2025-01-19T19:28:00.183+0000] {processor.py:208} INFO - Processing /home/airflow/.local/lib/python3.12/site-packages/airflow/example_dags/example_sensor_decorator.py took 0.040 seconds
[2025-01-19T19:28:30.605+0000] {processor.py:186} INFO - Started process (PID=495) to work on /home/airflow/.local/lib/python3.12/site-packages/airflow/example_dags/example_sensor_decorator.py
[2025-01-19T19:28:30.606+0000] {processor.py:914} INFO - Processing file /home/airflow/.local/lib/python3.12/site-packages/airflow/example_dags/example_sensor_decorator.py for tasks to queue
[2025-01-19T19:28:30.607+0000] {logging_mixin.py:190} INFO - [2025-01-19T19:28:30.607+0000] {dagbag.py:588} INFO - Filling up the DagBag from /home/airflow/.local/lib/python3.12/site-packages/airflow/example_dags/example_sensor_decorator.py
[2025-01-19T19:28:30.612+0000] {processor.py:925} INFO - DAG(s) 'example_sensor_decorator' retrieved from /home/airflow/.local/lib/python3.12/site-packages/airflow/example_dags/example_sensor_decorator.py
[2025-01-19T19:28:30.623+0000] {logging_mixin.py:190} INFO - [2025-01-19T19:28:30.623+0000] {dag.py:3239} INFO - Sync 1 DAGs
[2025-01-19T19:28:30.631+0000] {logging_mixin.py:190} INFO - [2025-01-19T19:28:30.631+0000] {dag.py:4180} INFO - Setting next_dagrun for example_sensor_decorator to None, run_after=None
[2025-01-19T19:28:30.643+0000] {processor.py:208} INFO - Processing /home/airflow/.local/lib/python3.12/site-packages/airflow/example_dags/example_sensor_decorator.py took 0.041 seconds
[2025-01-19T19:29:01.667+0000] {processor.py:186} INFO - Started process (PID=560) to work on /home/airflow/.local/lib/python3.12/site-packages/airflow/example_dags/example_sensor_decorator.py
[2025-01-19T19:29:01.668+0000] {processor.py:914} INFO - Processing file /home/airflow/.local/lib/python3.12/site-packages/airflow/example_dags/example_sensor_decorator.py for tasks to queue
[2025-01-19T19:29:01.670+0000] {logging_mixin.py:190} INFO - [2025-01-19T19:29:01.670+0000] {dagbag.py:588} INFO - Filling up the DagBag from /home/airflow/.local/lib/python3.12/site-packages/airflow/example_dags/example_sensor_decorator.py
[2025-01-19T19:29:01.676+0000] {processor.py:925} INFO - DAG(s) 'example_sensor_decorator' retrieved from /home/airflow/.local/lib/python3.12/site-packages/airflow/example_dags/example_sensor_decorator.py
[2025-01-19T19:29:01.689+0000] {logging_mixin.py:190} INFO - [2025-01-19T19:29:01.689+0000] {dag.py:3239} INFO - Sync 1 DAGs
[2025-01-19T19:29:01.698+0000] {logging_mixin.py:190} INFO - [2025-01-19T19:29:01.697+0000] {dag.py:4180} INFO - Setting next_dagrun for example_sensor_decorator to None, run_after=None
[2025-01-19T19:29:01.710+0000] {processor.py:208} INFO - Processing /home/airflow/.local/lib/python3.12/site-packages/airflow/example_dags/example_sensor_decorator.py took 0.047 seconds
[2025-01-19T19:29:32.807+0000] {processor.py:186} INFO - Started process (PID=625) to work on /home/airflow/.local/lib/python3.12/site-packages/airflow/example_dags/example_sensor_decorator.py
[2025-01-19T19:29:32.807+0000] {processor.py:914} INFO - Processing file /home/airflow/.local/lib/python3.12/site-packages/airflow/example_dags/example_sensor_decorator.py for tasks to queue
[2025-01-19T19:29:32.809+0000] {logging_mixin.py:190} INFO - [2025-01-19T19:29:32.809+0000] {dagbag.py:588} INFO - Filling up the DagBag from /home/airflow/.local/lib/python3.12/site-packages/airflow/example_dags/example_sensor_decorator.py
[2025-01-19T19:29:32.814+0000] {processor.py:925} INFO - DAG(s) 'example_sensor_decorator' retrieved from /home/airflow/.local/lib/python3.12/site-packages/airflow/example_dags/example_sensor_decorator.py
[2025-01-19T19:29:32.825+0000] {logging_mixin.py:190} INFO - [2025-01-19T19:29:32.824+0000] {dag.py:3239} INFO - Sync 1 DAGs
[2025-01-19T19:29:32.833+0000] {logging_mixin.py:190} INFO - [2025-01-19T19:29:32.832+0000] {dag.py:4180} INFO - Setting next_dagrun for example_sensor_decorator to None, run_after=None
[2025-01-19T19:29:32.843+0000] {processor.py:208} INFO - Processing /home/airflow/.local/lib/python3.12/site-packages/airflow/example_dags/example_sensor_decorator.py took 0.039 seconds
[2025-01-19T19:30:02.959+0000] {processor.py:186} INFO - Started process (PID=690) to work on /home/airflow/.local/lib/python3.12/site-packages/airflow/example_dags/example_sensor_decorator.py
[2025-01-19T19:30:02.960+0000] {processor.py:914} INFO - Processing file /home/airflow/.local/lib/python3.12/site-packages/airflow/example_dags/example_sensor_decorator.py for tasks to queue
[2025-01-19T19:30:02.962+0000] {logging_mixin.py:190} INFO - [2025-01-19T19:30:02.962+0000] {dagbag.py:588} INFO - Filling up the DagBag from /home/airflow/.local/lib/python3.12/site-packages/airflow/example_dags/example_sensor_decorator.py
[2025-01-19T19:30:02.975+0000] {processor.py:925} INFO - DAG(s) 'example_sensor_decorator' retrieved from /home/airflow/.local/lib/python3.12/site-packages/airflow/example_dags/example_sensor_decorator.py
[2025-01-19T19:30:02.986+0000] {logging_mixin.py:190} INFO - [2025-01-19T19:30:02.986+0000] {dag.py:3239} INFO - Sync 1 DAGs
[2025-01-19T19:30:02.994+0000] {logging_mixin.py:190} INFO - [2025-01-19T19:30:02.994+0000] {dag.py:4180} INFO - Setting next_dagrun for example_sensor_decorator to None, run_after=None
[2025-01-19T19:30:03.013+0000] {processor.py:208} INFO - Processing /home/airflow/.local/lib/python3.12/site-packages/airflow/example_dags/example_sensor_decorator.py took 0.058 seconds
[2025-01-19T19:30:33.926+0000] {processor.py:186} INFO - Started process (PID=755) to work on /home/airflow/.local/lib/python3.12/site-packages/airflow/example_dags/example_sensor_decorator.py
[2025-01-19T19:30:33.927+0000] {processor.py:914} INFO - Processing file /home/airflow/.local/lib/python3.12/site-packages/airflow/example_dags/example_sensor_decorator.py for tasks to queue
[2025-01-19T19:30:33.928+0000] {logging_mixin.py:190} INFO - [2025-01-19T19:30:33.928+0000] {dagbag.py:588} INFO - Filling up the DagBag from /home/airflow/.local/lib/python3.12/site-packages/airflow/example_dags/example_sensor_decorator.py
[2025-01-19T19:30:33.933+0000] {processor.py:925} INFO - DAG(s) 'example_sensor_decorator' retrieved from /home/airflow/.local/lib/python3.12/site-packages/airflow/example_dags/example_sensor_decorator.py
[2025-01-19T19:30:33.945+0000] {logging_mixin.py:190} INFO - [2025-01-19T19:30:33.944+0000] {dag.py:3239} INFO - Sync 1 DAGs
[2025-01-19T19:30:33.954+0000] {logging_mixin.py:190} INFO - [2025-01-19T19:30:33.953+0000] {dag.py:4180} INFO - Setting next_dagrun for example_sensor_decorator to None, run_after=None
[2025-01-19T19:30:33.964+0000] {processor.py:208} INFO - Processing /home/airflow/.local/lib/python3.12/site-packages/airflow/example_dags/example_sensor_decorator.py took 0.041 seconds
[2025-01-19T19:31:04.952+0000] {processor.py:186} INFO - Started process (PID=820) to work on /home/airflow/.local/lib/python3.12/site-packages/airflow/example_dags/example_sensor_decorator.py
[2025-01-19T19:31:04.952+0000] {processor.py:914} INFO - Processing file /home/airflow/.local/lib/python3.12/site-packages/airflow/example_dags/example_sensor_decorator.py for tasks to queue
[2025-01-19T19:31:04.954+0000] {logging_mixin.py:190} INFO - [2025-01-19T19:31:04.953+0000] {dagbag.py:588} INFO - Filling up the DagBag from /home/airflow/.local/lib/python3.12/site-packages/airflow/example_dags/example_sensor_decorator.py
[2025-01-19T19:31:04.958+0000] {processor.py:925} INFO - DAG(s) 'example_sensor_decorator' retrieved from /home/airflow/.local/lib/python3.12/site-packages/airflow/example_dags/example_sensor_decorator.py
[2025-01-19T19:31:04.969+0000] {logging_mixin.py:190} INFO - [2025-01-19T19:31:04.969+0000] {dag.py:3239} INFO - Sync 1 DAGs
[2025-01-19T19:31:04.976+0000] {logging_mixin.py:190} INFO - [2025-01-19T19:31:04.976+0000] {dag.py:4180} INFO - Setting next_dagrun for example_sensor_decorator to None, run_after=None
[2025-01-19T19:31:04.987+0000] {processor.py:208} INFO - Processing /home/airflow/.local/lib/python3.12/site-packages/airflow/example_dags/example_sensor_decorator.py took 0.038 seconds
[2025-01-19T19:31:35.683+0000] {processor.py:186} INFO - Started process (PID=885) to work on /home/airflow/.local/lib/python3.12/site-packages/airflow/example_dags/example_sensor_decorator.py
[2025-01-19T19:31:35.684+0000] {processor.py:914} INFO - Processing file /home/airflow/.local/lib/python3.12/site-packages/airflow/example_dags/example_sensor_decorator.py for tasks to queue
[2025-01-19T19:31:35.685+0000] {logging_mixin.py:190} INFO - [2025-01-19T19:31:35.685+0000] {dagbag.py:588} INFO - Filling up the DagBag from /home/airflow/.local/lib/python3.12/site-packages/airflow/example_dags/example_sensor_decorator.py
[2025-01-19T19:31:35.690+0000] {processor.py:925} INFO - DAG(s) 'example_sensor_decorator' retrieved from /home/airflow/.local/lib/python3.12/site-packages/airflow/example_dags/example_sensor_decorator.py
[2025-01-19T19:31:35.700+0000] {logging_mixin.py:190} INFO - [2025-01-19T19:31:35.700+0000] {dag.py:3239} INFO - Sync 1 DAGs
[2025-01-19T19:31:35.708+0000] {logging_mixin.py:190} INFO - [2025-01-19T19:31:35.708+0000] {dag.py:4180} INFO - Setting next_dagrun for example_sensor_decorator to None, run_after=None
[2025-01-19T19:31:35.718+0000] {processor.py:208} INFO - Processing /home/airflow/.local/lib/python3.12/site-packages/airflow/example_dags/example_sensor_decorator.py took 0.039 seconds
[2025-01-19T19:32:06.628+0000] {processor.py:186} INFO - Started process (PID=950) to work on /home/airflow/.local/lib/python3.12/site-packages/airflow/example_dags/example_sensor_decorator.py
[2025-01-19T19:32:06.628+0000] {processor.py:914} INFO - Processing file /home/airflow/.local/lib/python3.12/site-packages/airflow/example_dags/example_sensor_decorator.py for tasks to queue
[2025-01-19T19:32:06.630+0000] {logging_mixin.py:190} INFO - [2025-01-19T19:32:06.629+0000] {dagbag.py:588} INFO - Filling up the DagBag from /home/airflow/.local/lib/python3.12/site-packages/airflow/example_dags/example_sensor_decorator.py
[2025-01-19T19:32:06.634+0000] {processor.py:925} INFO - DAG(s) 'example_sensor_decorator' retrieved from /home/airflow/.local/lib/python3.12/site-packages/airflow/example_dags/example_sensor_decorator.py
[2025-01-19T19:32:06.646+0000] {logging_mixin.py:190} INFO - [2025-01-19T19:32:06.645+0000] {dag.py:3239} INFO - Sync 1 DAGs
[2025-01-19T19:32:06.654+0000] {logging_mixin.py:190} INFO - [2025-01-19T19:32:06.654+0000] {dag.py:4180} INFO - Setting next_dagrun for example_sensor_decorator to None, run_after=None
[2025-01-19T19:32:06.665+0000] {processor.py:208} INFO - Processing /home/airflow/.local/lib/python3.12/site-packages/airflow/example_dags/example_sensor_decorator.py took 0.041 seconds
[2025-01-19T19:32:37.111+0000] {processor.py:186} INFO - Started process (PID=1015) to work on /home/airflow/.local/lib/python3.12/site-packages/airflow/example_dags/example_sensor_decorator.py
[2025-01-19T19:32:37.111+0000] {processor.py:914} INFO - Processing file /home/airflow/.local/lib/python3.12/site-packages/airflow/example_dags/example_sensor_decorator.py for tasks to queue
[2025-01-19T19:32:37.113+0000] {logging_mixin.py:190} INFO - [2025-01-19T19:32:37.113+0000] {dagbag.py:588} INFO - Filling up the DagBag from /home/airflow/.local/lib/python3.12/site-packages/airflow/example_dags/example_sensor_decorator.py
[2025-01-19T19:32:37.118+0000] {processor.py:925} INFO - DAG(s) 'example_sensor_decorator' retrieved from /home/airflow/.local/lib/python3.12/site-packages/airflow/example_dags/example_sensor_decorator.py
[2025-01-19T19:32:37.129+0000] {logging_mixin.py:190} INFO - [2025-01-19T19:32:37.129+0000] {dag.py:3239} INFO - Sync 1 DAGs
[2025-01-19T19:32:37.137+0000] {logging_mixin.py:190} INFO - [2025-01-19T19:32:37.137+0000] {dag.py:4180} INFO - Setting next_dagrun for example_sensor_decorator to None, run_after=None
[2025-01-19T19:32:37.149+0000] {processor.py:208} INFO - Processing /home/airflow/.local/lib/python3.12/site-packages/airflow/example_dags/example_sensor_decorator.py took 0.042 seconds
[2025-01-19T19:33:08.056+0000] {processor.py:186} INFO - Started process (PID=1086) to work on /home/airflow/.local/lib/python3.12/site-packages/airflow/example_dags/example_sensor_decorator.py
[2025-01-19T19:33:08.056+0000] {processor.py:914} INFO - Processing file /home/airflow/.local/lib/python3.12/site-packages/airflow/example_dags/example_sensor_decorator.py for tasks to queue
[2025-01-19T19:33:08.058+0000] {logging_mixin.py:190} INFO - [2025-01-19T19:33:08.058+0000] {dagbag.py:588} INFO - Filling up the DagBag from /home/airflow/.local/lib/python3.12/site-packages/airflow/example_dags/example_sensor_decorator.py
[2025-01-19T19:33:08.064+0000] {processor.py:925} INFO - DAG(s) 'example_sensor_decorator' retrieved from /home/airflow/.local/lib/python3.12/site-packages/airflow/example_dags/example_sensor_decorator.py
[2025-01-19T19:33:08.077+0000] {logging_mixin.py:190} INFO - [2025-01-19T19:33:08.076+0000] {dag.py:3239} INFO - Sync 1 DAGs
[2025-01-19T19:33:08.085+0000] {logging_mixin.py:190} INFO - [2025-01-19T19:33:08.085+0000] {dag.py:4180} INFO - Setting next_dagrun for example_sensor_decorator to None, run_after=None
[2025-01-19T19:33:08.098+0000] {processor.py:208} INFO - Processing /home/airflow/.local/lib/python3.12/site-packages/airflow/example_dags/example_sensor_decorator.py took 0.046 seconds
[2025-01-19T19:34:48.780+0000] {processor.py:186} INFO - Started process (PID=105) to work on /home/airflow/.local/lib/python3.12/site-packages/airflow/example_dags/example_sensor_decorator.py
[2025-01-19T19:34:48.781+0000] {processor.py:914} INFO - Processing file /home/airflow/.local/lib/python3.12/site-packages/airflow/example_dags/example_sensor_decorator.py for tasks to queue
[2025-01-19T19:34:48.782+0000] {logging_mixin.py:190} INFO - [2025-01-19T19:34:48.782+0000] {dagbag.py:588} INFO - Filling up the DagBag from /home/airflow/.local/lib/python3.12/site-packages/airflow/example_dags/example_sensor_decorator.py
[2025-01-19T19:34:48.788+0000] {processor.py:925} INFO - DAG(s) 'example_sensor_decorator' retrieved from /home/airflow/.local/lib/python3.12/site-packages/airflow/example_dags/example_sensor_decorator.py
[2025-01-19T19:34:48.798+0000] {logging_mixin.py:190} INFO - [2025-01-19T19:34:48.798+0000] {dag.py:3239} INFO - Sync 1 DAGs
[2025-01-19T19:34:48.806+0000] {logging_mixin.py:190} INFO - [2025-01-19T19:34:48.805+0000] {dag.py:4180} INFO - Setting next_dagrun for example_sensor_decorator to None, run_after=None
[2025-01-19T19:34:48.816+0000] {processor.py:208} INFO - Processing /home/airflow/.local/lib/python3.12/site-packages/airflow/example_dags/example_sensor_decorator.py took 0.039 seconds
[2025-01-19T19:35:19.463+0000] {processor.py:186} INFO - Started process (PID=170) to work on /home/airflow/.local/lib/python3.12/site-packages/airflow/example_dags/example_sensor_decorator.py
[2025-01-19T19:35:19.463+0000] {processor.py:914} INFO - Processing file /home/airflow/.local/lib/python3.12/site-packages/airflow/example_dags/example_sensor_decorator.py for tasks to queue
[2025-01-19T19:35:19.464+0000] {logging_mixin.py:190} INFO - [2025-01-19T19:35:19.464+0000] {dagbag.py:588} INFO - Filling up the DagBag from /home/airflow/.local/lib/python3.12/site-packages/airflow/example_dags/example_sensor_decorator.py
[2025-01-19T19:35:19.469+0000] {processor.py:925} INFO - DAG(s) 'example_sensor_decorator' retrieved from /home/airflow/.local/lib/python3.12/site-packages/airflow/example_dags/example_sensor_decorator.py
[2025-01-19T19:35:19.480+0000] {logging_mixin.py:190} INFO - [2025-01-19T19:35:19.480+0000] {dag.py:3239} INFO - Sync 1 DAGs
[2025-01-19T19:35:19.488+0000] {logging_mixin.py:190} INFO - [2025-01-19T19:35:19.488+0000] {dag.py:4180} INFO - Setting next_dagrun for example_sensor_decorator to None, run_after=None
[2025-01-19T19:35:19.499+0000] {processor.py:208} INFO - Processing /home/airflow/.local/lib/python3.12/site-packages/airflow/example_dags/example_sensor_decorator.py took 0.040 seconds
[2025-01-19T19:35:50.842+0000] {processor.py:186} INFO - Started process (PID=236) to work on /home/airflow/.local/lib/python3.12/site-packages/airflow/example_dags/example_sensor_decorator.py
[2025-01-19T19:35:50.843+0000] {processor.py:914} INFO - Processing file /home/airflow/.local/lib/python3.12/site-packages/airflow/example_dags/example_sensor_decorator.py for tasks to queue
[2025-01-19T19:35:50.844+0000] {logging_mixin.py:190} INFO - [2025-01-19T19:35:50.844+0000] {dagbag.py:588} INFO - Filling up the DagBag from /home/airflow/.local/lib/python3.12/site-packages/airflow/example_dags/example_sensor_decorator.py
[2025-01-19T19:35:50.849+0000] {processor.py:925} INFO - DAG(s) 'example_sensor_decorator' retrieved from /home/airflow/.local/lib/python3.12/site-packages/airflow/example_dags/example_sensor_decorator.py
[2025-01-19T19:35:50.859+0000] {logging_mixin.py:190} INFO - [2025-01-19T19:35:50.859+0000] {dag.py:3239} INFO - Sync 1 DAGs
[2025-01-19T19:35:50.866+0000] {logging_mixin.py:190} INFO - [2025-01-19T19:35:50.866+0000] {dag.py:4180} INFO - Setting next_dagrun for example_sensor_decorator to None, run_after=None
[2025-01-19T19:35:50.876+0000] {processor.py:208} INFO - Processing /home/airflow/.local/lib/python3.12/site-packages/airflow/example_dags/example_sensor_decorator.py took 0.037 seconds
[2025-01-19T19:36:21.761+0000] {processor.py:186} INFO - Started process (PID=301) to work on /home/airflow/.local/lib/python3.12/site-packages/airflow/example_dags/example_sensor_decorator.py
[2025-01-19T19:36:21.762+0000] {processor.py:914} INFO - Processing file /home/airflow/.local/lib/python3.12/site-packages/airflow/example_dags/example_sensor_decorator.py for tasks to queue
[2025-01-19T19:36:21.763+0000] {logging_mixin.py:190} INFO - [2025-01-19T19:36:21.763+0000] {dagbag.py:588} INFO - Filling up the DagBag from /home/airflow/.local/lib/python3.12/site-packages/airflow/example_dags/example_sensor_decorator.py
[2025-01-19T19:36:21.768+0000] {processor.py:925} INFO - DAG(s) 'example_sensor_decorator' retrieved from /home/airflow/.local/lib/python3.12/site-packages/airflow/example_dags/example_sensor_decorator.py
[2025-01-19T19:36:21.778+0000] {logging_mixin.py:190} INFO - [2025-01-19T19:36:21.777+0000] {dag.py:3239} INFO - Sync 1 DAGs
[2025-01-19T19:36:21.785+0000] {logging_mixin.py:190} INFO - [2025-01-19T19:36:21.785+0000] {dag.py:4180} INFO - Setting next_dagrun for example_sensor_decorator to None, run_after=None
[2025-01-19T19:36:21.797+0000] {processor.py:208} INFO - Processing /home/airflow/.local/lib/python3.12/site-packages/airflow/example_dags/example_sensor_decorator.py took 0.039 seconds
[2025-01-19T19:36:52.327+0000] {processor.py:186} INFO - Started process (PID=367) to work on /home/airflow/.local/lib/python3.12/site-packages/airflow/example_dags/example_sensor_decorator.py
[2025-01-19T19:36:52.328+0000] {processor.py:914} INFO - Processing file /home/airflow/.local/lib/python3.12/site-packages/airflow/example_dags/example_sensor_decorator.py for tasks to queue
[2025-01-19T19:36:52.329+0000] {logging_mixin.py:190} INFO - [2025-01-19T19:36:52.329+0000] {dagbag.py:588} INFO - Filling up the DagBag from /home/airflow/.local/lib/python3.12/site-packages/airflow/example_dags/example_sensor_decorator.py
[2025-01-19T19:36:52.334+0000] {processor.py:925} INFO - DAG(s) 'example_sensor_decorator' retrieved from /home/airflow/.local/lib/python3.12/site-packages/airflow/example_dags/example_sensor_decorator.py
[2025-01-19T19:36:52.344+0000] {logging_mixin.py:190} INFO - [2025-01-19T19:36:52.344+0000] {dag.py:3239} INFO - Sync 1 DAGs
[2025-01-19T19:36:52.352+0000] {logging_mixin.py:190} INFO - [2025-01-19T19:36:52.352+0000] {dag.py:4180} INFO - Setting next_dagrun for example_sensor_decorator to None, run_after=None
[2025-01-19T19:36:52.362+0000] {processor.py:208} INFO - Processing /home/airflow/.local/lib/python3.12/site-packages/airflow/example_dags/example_sensor_decorator.py took 0.038 seconds
