[2025-01-19T19:25:23.958+0000] {processor.py:186} INFO - Started process (PID=80) to work on /home/airflow/.local/lib/python3.12/site-packages/airflow/example_dags/example_dataset_alias.py
[2025-01-19T19:25:23.959+0000] {processor.py:914} INFO - Processing file /home/airflow/.local/lib/python3.12/site-packages/airflow/example_dags/example_dataset_alias.py for tasks to queue
[2025-01-19T19:25:23.961+0000] {logging_mixin.py:190} INFO - [2025-01-19T19:25:23.961+0000] {dagbag.py:588} INFO - Filling up the DagBag from /home/airflow/.local/lib/python3.12/site-packages/airflow/example_dags/example_dataset_alias.py
[2025-01-19T19:25:24.479+0000] {processor.py:925} INFO - DAG(s) 'dataset_alias_example_alias_consumer', 'dataset_s3_bucket_producer', 'dataset_alias_example_alias_producer', 'dataset_s3_bucket_consumer' retrieved from /home/airflow/.local/lib/python3.12/site-packages/airflow/example_dags/example_dataset_alias.py
[2025-01-19T19:25:24.545+0000] {logging_mixin.py:190} INFO - [2025-01-19T19:25:24.545+0000] {override.py:1911} INFO - Created Permission View: can read on DAG:dataset_alias_example_alias_consumer
[2025-01-19T19:25:24.554+0000] {logging_mixin.py:190} INFO - [2025-01-19T19:25:24.554+0000] {override.py:1911} INFO - Created Permission View: can edit on DAG:dataset_alias_example_alias_consumer
[2025-01-19T19:25:24.560+0000] {logging_mixin.py:190} INFO - [2025-01-19T19:25:24.559+0000] {override.py:1911} INFO - Created Permission View: can delete on DAG:dataset_alias_example_alias_consumer
[2025-01-19T19:25:24.566+0000] {logging_mixin.py:190} INFO - [2025-01-19T19:25:24.566+0000] {override.py:1911} INFO - Created Permission View: can read on DAG Run:dataset_alias_example_alias_consumer
[2025-01-19T19:25:24.572+0000] {logging_mixin.py:190} INFO - [2025-01-19T19:25:24.571+0000] {override.py:1911} INFO - Created Permission View: menu access on DAG Run:dataset_alias_example_alias_consumer
[2025-01-19T19:25:24.577+0000] {logging_mixin.py:190} INFO - [2025-01-19T19:25:24.577+0000] {override.py:1911} INFO - Created Permission View: can create on DAG Run:dataset_alias_example_alias_consumer
[2025-01-19T19:25:24.582+0000] {logging_mixin.py:190} INFO - [2025-01-19T19:25:24.582+0000] {override.py:1911} INFO - Created Permission View: can delete on DAG Run:dataset_alias_example_alias_consumer
[2025-01-19T19:25:24.594+0000] {logging_mixin.py:190} INFO - [2025-01-19T19:25:24.593+0000] {override.py:1911} INFO - Created Permission View: can read on DAG:dataset_s3_bucket_producer
[2025-01-19T19:25:24.599+0000] {logging_mixin.py:190} INFO - [2025-01-19T19:25:24.599+0000] {override.py:1911} INFO - Created Permission View: can edit on DAG:dataset_s3_bucket_producer
[2025-01-19T19:25:24.604+0000] {logging_mixin.py:190} INFO - [2025-01-19T19:25:24.604+0000] {override.py:1911} INFO - Created Permission View: can delete on DAG:dataset_s3_bucket_producer
[2025-01-19T19:25:24.610+0000] {logging_mixin.py:190} INFO - [2025-01-19T19:25:24.610+0000] {override.py:1911} INFO - Created Permission View: can read on DAG Run:dataset_s3_bucket_producer
[2025-01-19T19:25:24.616+0000] {logging_mixin.py:190} INFO - [2025-01-19T19:25:24.615+0000] {override.py:1911} INFO - Created Permission View: menu access on DAG Run:dataset_s3_bucket_producer
[2025-01-19T19:25:24.621+0000] {logging_mixin.py:190} INFO - [2025-01-19T19:25:24.620+0000] {override.py:1911} INFO - Created Permission View: can create on DAG Run:dataset_s3_bucket_producer
[2025-01-19T19:25:24.626+0000] {logging_mixin.py:190} INFO - [2025-01-19T19:25:24.626+0000] {override.py:1911} INFO - Created Permission View: can delete on DAG Run:dataset_s3_bucket_producer
[2025-01-19T19:25:24.636+0000] {logging_mixin.py:190} INFO - [2025-01-19T19:25:24.636+0000] {override.py:1911} INFO - Created Permission View: can read on DAG:dataset_alias_example_alias_producer
[2025-01-19T19:25:24.641+0000] {logging_mixin.py:190} INFO - [2025-01-19T19:25:24.641+0000] {override.py:1911} INFO - Created Permission View: can edit on DAG:dataset_alias_example_alias_producer
[2025-01-19T19:25:24.647+0000] {logging_mixin.py:190} INFO - [2025-01-19T19:25:24.646+0000] {override.py:1911} INFO - Created Permission View: can delete on DAG:dataset_alias_example_alias_producer
[2025-01-19T19:25:24.653+0000] {logging_mixin.py:190} INFO - [2025-01-19T19:25:24.653+0000] {override.py:1911} INFO - Created Permission View: can read on DAG Run:dataset_alias_example_alias_producer
[2025-01-19T19:25:24.658+0000] {logging_mixin.py:190} INFO - [2025-01-19T19:25:24.658+0000] {override.py:1911} INFO - Created Permission View: menu access on DAG Run:dataset_alias_example_alias_producer
[2025-01-19T19:25:24.663+0000] {logging_mixin.py:190} INFO - [2025-01-19T19:25:24.663+0000] {override.py:1911} INFO - Created Permission View: can create on DAG Run:dataset_alias_example_alias_producer
[2025-01-19T19:25:24.668+0000] {logging_mixin.py:190} INFO - [2025-01-19T19:25:24.668+0000] {override.py:1911} INFO - Created Permission View: can delete on DAG Run:dataset_alias_example_alias_producer
[2025-01-19T19:25:24.677+0000] {logging_mixin.py:190} INFO - [2025-01-19T19:25:24.676+0000] {override.py:1911} INFO - Created Permission View: can read on DAG:dataset_s3_bucket_consumer
[2025-01-19T19:25:24.681+0000] {logging_mixin.py:190} INFO - [2025-01-19T19:25:24.681+0000] {override.py:1911} INFO - Created Permission View: can edit on DAG:dataset_s3_bucket_consumer
[2025-01-19T19:25:24.686+0000] {logging_mixin.py:190} INFO - [2025-01-19T19:25:24.686+0000] {override.py:1911} INFO - Created Permission View: can delete on DAG:dataset_s3_bucket_consumer
[2025-01-19T19:25:24.693+0000] {logging_mixin.py:190} INFO - [2025-01-19T19:25:24.693+0000] {override.py:1911} INFO - Created Permission View: can read on DAG Run:dataset_s3_bucket_consumer
[2025-01-19T19:25:24.698+0000] {logging_mixin.py:190} INFO - [2025-01-19T19:25:24.698+0000] {override.py:1911} INFO - Created Permission View: menu access on DAG Run:dataset_s3_bucket_consumer
[2025-01-19T19:25:24.702+0000] {logging_mixin.py:190} INFO - [2025-01-19T19:25:24.702+0000] {override.py:1911} INFO - Created Permission View: can create on DAG Run:dataset_s3_bucket_consumer
[2025-01-19T19:25:24.707+0000] {logging_mixin.py:190} INFO - [2025-01-19T19:25:24.706+0000] {override.py:1911} INFO - Created Permission View: can delete on DAG Run:dataset_s3_bucket_consumer
[2025-01-19T19:25:24.707+0000] {logging_mixin.py:190} INFO - [2025-01-19T19:25:24.707+0000] {dag.py:3239} INFO - Sync 4 DAGs
[2025-01-19T19:25:24.739+0000] {logging_mixin.py:190} INFO - [2025-01-19T19:25:24.739+0000] {dag.py:3262} INFO - Creating ORM DAG for dataset_s3_bucket_producer
[2025-01-19T19:25:24.740+0000] {logging_mixin.py:190} INFO - [2025-01-19T19:25:24.740+0000] {dag.py:3262} INFO - Creating ORM DAG for dataset_alias_example_alias_consumer
[2025-01-19T19:25:24.740+0000] {logging_mixin.py:190} INFO - [2025-01-19T19:25:24.740+0000] {dag.py:3262} INFO - Creating ORM DAG for dataset_s3_bucket_consumer
[2025-01-19T19:25:24.741+0000] {logging_mixin.py:190} INFO - [2025-01-19T19:25:24.741+0000] {dag.py:3262} INFO - Creating ORM DAG for dataset_alias_example_alias_producer
[2025-01-19T19:25:24.746+0000] {logging_mixin.py:190} INFO - [2025-01-19T19:25:24.746+0000] {dag.py:4180} INFO - Setting next_dagrun for dataset_alias_example_alias_consumer to None, run_after=None
[2025-01-19T19:25:24.746+0000] {logging_mixin.py:190} INFO - [2025-01-19T19:25:24.746+0000] {dag.py:4180} INFO - Setting next_dagrun for dataset_alias_example_alias_producer to None, run_after=None
[2025-01-19T19:25:24.747+0000] {logging_mixin.py:190} INFO - [2025-01-19T19:25:24.747+0000] {dag.py:4180} INFO - Setting next_dagrun for dataset_s3_bucket_consumer to None, run_after=None
[2025-01-19T19:25:24.747+0000] {logging_mixin.py:190} INFO - [2025-01-19T19:25:24.747+0000] {dag.py:4180} INFO - Setting next_dagrun for dataset_s3_bucket_producer to None, run_after=None
[2025-01-19T19:25:24.764+0000] {processor.py:208} INFO - Processing /home/airflow/.local/lib/python3.12/site-packages/airflow/example_dags/example_dataset_alias.py took 0.809 seconds
[2025-01-19T19:25:55.356+0000] {processor.py:186} INFO - Started process (PID=145) to work on /home/airflow/.local/lib/python3.12/site-packages/airflow/example_dags/example_dataset_alias.py
[2025-01-19T19:25:55.357+0000] {processor.py:914} INFO - Processing file /home/airflow/.local/lib/python3.12/site-packages/airflow/example_dags/example_dataset_alias.py for tasks to queue
[2025-01-19T19:25:55.358+0000] {logging_mixin.py:190} INFO - [2025-01-19T19:25:55.358+0000] {dagbag.py:588} INFO - Filling up the DagBag from /home/airflow/.local/lib/python3.12/site-packages/airflow/example_dags/example_dataset_alias.py
[2025-01-19T19:25:55.673+0000] {processor.py:925} INFO - DAG(s) 'dataset_s3_bucket_producer', 'dataset_alias_example_alias_producer', 'dataset_s3_bucket_consumer', 'dataset_alias_example_alias_consumer' retrieved from /home/airflow/.local/lib/python3.12/site-packages/airflow/example_dags/example_dataset_alias.py
[2025-01-19T19:25:55.687+0000] {logging_mixin.py:190} INFO - [2025-01-19T19:25:55.686+0000] {dag.py:3239} INFO - Sync 4 DAGs
[2025-01-19T19:25:55.698+0000] {logging_mixin.py:190} INFO - [2025-01-19T19:25:55.698+0000] {dag.py:4180} INFO - Setting next_dagrun for dataset_alias_example_alias_consumer to None, run_after=None
[2025-01-19T19:25:55.700+0000] {logging_mixin.py:190} INFO - [2025-01-19T19:25:55.700+0000] {dag.py:4180} INFO - Setting next_dagrun for dataset_alias_example_alias_producer to None, run_after=None
[2025-01-19T19:25:55.701+0000] {logging_mixin.py:190} INFO - [2025-01-19T19:25:55.701+0000] {dag.py:4180} INFO - Setting next_dagrun for dataset_s3_bucket_consumer to None, run_after=None
[2025-01-19T19:25:55.701+0000] {logging_mixin.py:190} INFO - [2025-01-19T19:25:55.701+0000] {dag.py:4180} INFO - Setting next_dagrun for dataset_s3_bucket_producer to None, run_after=None
[2025-01-19T19:25:55.713+0000] {processor.py:208} INFO - Processing /home/airflow/.local/lib/python3.12/site-packages/airflow/example_dags/example_dataset_alias.py took 0.361 seconds
[2025-01-19T19:26:26.212+0000] {processor.py:186} INFO - Started process (PID=210) to work on /home/airflow/.local/lib/python3.12/site-packages/airflow/example_dags/example_dataset_alias.py
[2025-01-19T19:26:26.212+0000] {processor.py:914} INFO - Processing file /home/airflow/.local/lib/python3.12/site-packages/airflow/example_dags/example_dataset_alias.py for tasks to queue
[2025-01-19T19:26:26.214+0000] {logging_mixin.py:190} INFO - [2025-01-19T19:26:26.214+0000] {dagbag.py:588} INFO - Filling up the DagBag from /home/airflow/.local/lib/python3.12/site-packages/airflow/example_dags/example_dataset_alias.py
[2025-01-19T19:26:26.600+0000] {processor.py:925} INFO - DAG(s) 'dataset_alias_example_alias_consumer', 'dataset_alias_example_alias_producer', 'dataset_s3_bucket_producer', 'dataset_s3_bucket_consumer' retrieved from /home/airflow/.local/lib/python3.12/site-packages/airflow/example_dags/example_dataset_alias.py
[2025-01-19T19:26:26.612+0000] {logging_mixin.py:190} INFO - [2025-01-19T19:26:26.612+0000] {dag.py:3239} INFO - Sync 4 DAGs
[2025-01-19T19:26:26.625+0000] {logging_mixin.py:190} INFO - [2025-01-19T19:26:26.625+0000] {dag.py:4180} INFO - Setting next_dagrun for dataset_alias_example_alias_consumer to None, run_after=None
[2025-01-19T19:26:26.627+0000] {logging_mixin.py:190} INFO - [2025-01-19T19:26:26.627+0000] {dag.py:4180} INFO - Setting next_dagrun for dataset_alias_example_alias_producer to None, run_after=None
[2025-01-19T19:26:26.628+0000] {logging_mixin.py:190} INFO - [2025-01-19T19:26:26.628+0000] {dag.py:4180} INFO - Setting next_dagrun for dataset_s3_bucket_consumer to None, run_after=None
[2025-01-19T19:26:26.628+0000] {logging_mixin.py:190} INFO - [2025-01-19T19:26:26.628+0000] {dag.py:4180} INFO - Setting next_dagrun for dataset_s3_bucket_producer to None, run_after=None
[2025-01-19T19:26:26.640+0000] {processor.py:208} INFO - Processing /home/airflow/.local/lib/python3.12/site-packages/airflow/example_dags/example_dataset_alias.py took 0.432 seconds
[2025-01-19T19:26:57.584+0000] {processor.py:186} INFO - Started process (PID=277) to work on /home/airflow/.local/lib/python3.12/site-packages/airflow/example_dags/example_dataset_alias.py
[2025-01-19T19:26:57.584+0000] {processor.py:914} INFO - Processing file /home/airflow/.local/lib/python3.12/site-packages/airflow/example_dags/example_dataset_alias.py for tasks to queue
[2025-01-19T19:26:57.586+0000] {logging_mixin.py:190} INFO - [2025-01-19T19:26:57.585+0000] {dagbag.py:588} INFO - Filling up the DagBag from /home/airflow/.local/lib/python3.12/site-packages/airflow/example_dags/example_dataset_alias.py
[2025-01-19T19:26:57.905+0000] {processor.py:925} INFO - DAG(s) 'dataset_alias_example_alias_producer', 'dataset_alias_example_alias_consumer', 'dataset_s3_bucket_producer', 'dataset_s3_bucket_consumer' retrieved from /home/airflow/.local/lib/python3.12/site-packages/airflow/example_dags/example_dataset_alias.py
[2025-01-19T19:26:57.915+0000] {logging_mixin.py:190} INFO - [2025-01-19T19:26:57.915+0000] {dag.py:3239} INFO - Sync 4 DAGs
[2025-01-19T19:26:57.927+0000] {logging_mixin.py:190} INFO - [2025-01-19T19:26:57.927+0000] {dag.py:4180} INFO - Setting next_dagrun for dataset_alias_example_alias_consumer to None, run_after=None
[2025-01-19T19:26:57.928+0000] {logging_mixin.py:190} INFO - [2025-01-19T19:26:57.928+0000] {dag.py:4180} INFO - Setting next_dagrun for dataset_alias_example_alias_producer to None, run_after=None
[2025-01-19T19:26:57.929+0000] {logging_mixin.py:190} INFO - [2025-01-19T19:26:57.929+0000] {dag.py:4180} INFO - Setting next_dagrun for dataset_s3_bucket_consumer to None, run_after=None
[2025-01-19T19:26:57.929+0000] {logging_mixin.py:190} INFO - [2025-01-19T19:26:57.929+0000] {dag.py:4180} INFO - Setting next_dagrun for dataset_s3_bucket_producer to None, run_after=None
[2025-01-19T19:26:57.941+0000] {processor.py:208} INFO - Processing /home/airflow/.local/lib/python3.12/site-packages/airflow/example_dags/example_dataset_alias.py took 0.361 seconds
[2025-01-19T19:27:28.073+0000] {processor.py:186} INFO - Started process (PID=342) to work on /home/airflow/.local/lib/python3.12/site-packages/airflow/example_dags/example_dataset_alias.py
[2025-01-19T19:27:28.074+0000] {processor.py:914} INFO - Processing file /home/airflow/.local/lib/python3.12/site-packages/airflow/example_dags/example_dataset_alias.py for tasks to queue
[2025-01-19T19:27:28.075+0000] {logging_mixin.py:190} INFO - [2025-01-19T19:27:28.075+0000] {dagbag.py:588} INFO - Filling up the DagBag from /home/airflow/.local/lib/python3.12/site-packages/airflow/example_dags/example_dataset_alias.py
[2025-01-19T19:27:28.515+0000] {processor.py:925} INFO - DAG(s) 'dataset_s3_bucket_producer', 'dataset_alias_example_alias_consumer', 'dataset_s3_bucket_consumer', 'dataset_alias_example_alias_producer' retrieved from /home/airflow/.local/lib/python3.12/site-packages/airflow/example_dags/example_dataset_alias.py
[2025-01-19T19:27:28.526+0000] {logging_mixin.py:190} INFO - [2025-01-19T19:27:28.526+0000] {dag.py:3239} INFO - Sync 4 DAGs
[2025-01-19T19:27:28.539+0000] {logging_mixin.py:190} INFO - [2025-01-19T19:27:28.539+0000] {dag.py:4180} INFO - Setting next_dagrun for dataset_alias_example_alias_consumer to None, run_after=None
[2025-01-19T19:27:28.540+0000] {logging_mixin.py:190} INFO - [2025-01-19T19:27:28.540+0000] {dag.py:4180} INFO - Setting next_dagrun for dataset_alias_example_alias_producer to None, run_after=None
[2025-01-19T19:27:28.541+0000] {logging_mixin.py:190} INFO - [2025-01-19T19:27:28.541+0000] {dag.py:4180} INFO - Setting next_dagrun for dataset_s3_bucket_consumer to None, run_after=None
[2025-01-19T19:27:28.542+0000] {logging_mixin.py:190} INFO - [2025-01-19T19:27:28.542+0000] {dag.py:4180} INFO - Setting next_dagrun for dataset_s3_bucket_producer to None, run_after=None
[2025-01-19T19:27:28.553+0000] {processor.py:208} INFO - Processing /home/airflow/.local/lib/python3.12/site-packages/airflow/example_dags/example_dataset_alias.py took 0.483 seconds
[2025-01-19T19:27:58.644+0000] {processor.py:186} INFO - Started process (PID=407) to work on /home/airflow/.local/lib/python3.12/site-packages/airflow/example_dags/example_dataset_alias.py
[2025-01-19T19:27:58.650+0000] {processor.py:914} INFO - Processing file /home/airflow/.local/lib/python3.12/site-packages/airflow/example_dags/example_dataset_alias.py for tasks to queue
[2025-01-19T19:27:58.652+0000] {logging_mixin.py:190} INFO - [2025-01-19T19:27:58.651+0000] {dagbag.py:588} INFO - Filling up the DagBag from /home/airflow/.local/lib/python3.12/site-packages/airflow/example_dags/example_dataset_alias.py
[2025-01-19T19:27:59.017+0000] {processor.py:925} INFO - DAG(s) 'dataset_s3_bucket_producer', 'dataset_alias_example_alias_consumer', 'dataset_alias_example_alias_producer', 'dataset_s3_bucket_consumer' retrieved from /home/airflow/.local/lib/python3.12/site-packages/airflow/example_dags/example_dataset_alias.py
[2025-01-19T19:27:59.029+0000] {logging_mixin.py:190} INFO - [2025-01-19T19:27:59.028+0000] {dag.py:3239} INFO - Sync 4 DAGs
[2025-01-19T19:27:59.043+0000] {logging_mixin.py:190} INFO - [2025-01-19T19:27:59.042+0000] {dag.py:4180} INFO - Setting next_dagrun for dataset_alias_example_alias_consumer to None, run_after=None
[2025-01-19T19:27:59.044+0000] {logging_mixin.py:190} INFO - [2025-01-19T19:27:59.044+0000] {dag.py:4180} INFO - Setting next_dagrun for dataset_alias_example_alias_producer to None, run_after=None
[2025-01-19T19:27:59.045+0000] {logging_mixin.py:190} INFO - [2025-01-19T19:27:59.045+0000] {dag.py:4180} INFO - Setting next_dagrun for dataset_s3_bucket_consumer to None, run_after=None
[2025-01-19T19:27:59.046+0000] {logging_mixin.py:190} INFO - [2025-01-19T19:27:59.046+0000] {dag.py:4180} INFO - Setting next_dagrun for dataset_s3_bucket_producer to None, run_after=None
[2025-01-19T19:27:59.058+0000] {processor.py:208} INFO - Processing /home/airflow/.local/lib/python3.12/site-packages/airflow/example_dags/example_dataset_alias.py took 0.418 seconds
[2025-01-19T19:28:29.250+0000] {processor.py:186} INFO - Started process (PID=472) to work on /home/airflow/.local/lib/python3.12/site-packages/airflow/example_dags/example_dataset_alias.py
[2025-01-19T19:28:29.250+0000] {processor.py:914} INFO - Processing file /home/airflow/.local/lib/python3.12/site-packages/airflow/example_dags/example_dataset_alias.py for tasks to queue
[2025-01-19T19:28:29.252+0000] {logging_mixin.py:190} INFO - [2025-01-19T19:28:29.252+0000] {dagbag.py:588} INFO - Filling up the DagBag from /home/airflow/.local/lib/python3.12/site-packages/airflow/example_dags/example_dataset_alias.py
[2025-01-19T19:28:29.570+0000] {processor.py:925} INFO - DAG(s) 'dataset_alias_example_alias_consumer', 'dataset_alias_example_alias_producer', 'dataset_s3_bucket_producer', 'dataset_s3_bucket_consumer' retrieved from /home/airflow/.local/lib/python3.12/site-packages/airflow/example_dags/example_dataset_alias.py
[2025-01-19T19:28:29.581+0000] {logging_mixin.py:190} INFO - [2025-01-19T19:28:29.580+0000] {dag.py:3239} INFO - Sync 4 DAGs
[2025-01-19T19:28:29.593+0000] {logging_mixin.py:190} INFO - [2025-01-19T19:28:29.592+0000] {dag.py:4180} INFO - Setting next_dagrun for dataset_alias_example_alias_consumer to None, run_after=None
[2025-01-19T19:28:29.594+0000] {logging_mixin.py:190} INFO - [2025-01-19T19:28:29.594+0000] {dag.py:4180} INFO - Setting next_dagrun for dataset_alias_example_alias_producer to None, run_after=None
[2025-01-19T19:28:29.595+0000] {logging_mixin.py:190} INFO - [2025-01-19T19:28:29.595+0000] {dag.py:4180} INFO - Setting next_dagrun for dataset_s3_bucket_consumer to None, run_after=None
[2025-01-19T19:28:29.596+0000] {logging_mixin.py:190} INFO - [2025-01-19T19:28:29.595+0000] {dag.py:4180} INFO - Setting next_dagrun for dataset_s3_bucket_producer to None, run_after=None
[2025-01-19T19:28:29.607+0000] {processor.py:208} INFO - Processing /home/airflow/.local/lib/python3.12/site-packages/airflow/example_dags/example_dataset_alias.py took 0.360 seconds
[2025-01-19T19:28:59.763+0000] {processor.py:186} INFO - Started process (PID=537) to work on /home/airflow/.local/lib/python3.12/site-packages/airflow/example_dags/example_dataset_alias.py
[2025-01-19T19:28:59.764+0000] {processor.py:914} INFO - Processing file /home/airflow/.local/lib/python3.12/site-packages/airflow/example_dags/example_dataset_alias.py for tasks to queue
[2025-01-19T19:28:59.765+0000] {logging_mixin.py:190} INFO - [2025-01-19T19:28:59.765+0000] {dagbag.py:588} INFO - Filling up the DagBag from /home/airflow/.local/lib/python3.12/site-packages/airflow/example_dags/example_dataset_alias.py
[2025-01-19T19:29:00.143+0000] {processor.py:925} INFO - DAG(s) 'dataset_s3_bucket_consumer', 'dataset_alias_example_alias_producer', 'dataset_s3_bucket_producer', 'dataset_alias_example_alias_consumer' retrieved from /home/airflow/.local/lib/python3.12/site-packages/airflow/example_dags/example_dataset_alias.py
[2025-01-19T19:29:00.174+0000] {logging_mixin.py:190} INFO - [2025-01-19T19:29:00.174+0000] {dag.py:3239} INFO - Sync 4 DAGs
[2025-01-19T19:29:00.187+0000] {logging_mixin.py:190} INFO - [2025-01-19T19:29:00.187+0000] {dag.py:4180} INFO - Setting next_dagrun for dataset_alias_example_alias_consumer to None, run_after=None
[2025-01-19T19:29:00.189+0000] {logging_mixin.py:190} INFO - [2025-01-19T19:29:00.189+0000] {dag.py:4180} INFO - Setting next_dagrun for dataset_alias_example_alias_producer to None, run_after=None
[2025-01-19T19:29:00.190+0000] {logging_mixin.py:190} INFO - [2025-01-19T19:29:00.190+0000] {dag.py:4180} INFO - Setting next_dagrun for dataset_s3_bucket_consumer to None, run_after=None
[2025-01-19T19:29:00.190+0000] {logging_mixin.py:190} INFO - [2025-01-19T19:29:00.190+0000] {dag.py:4180} INFO - Setting next_dagrun for dataset_s3_bucket_producer to None, run_after=None
[2025-01-19T19:29:00.203+0000] {processor.py:208} INFO - Processing /home/airflow/.local/lib/python3.12/site-packages/airflow/example_dags/example_dataset_alias.py took 0.444 seconds
[2025-01-19T19:29:30.507+0000] {processor.py:186} INFO - Started process (PID=602) to work on /home/airflow/.local/lib/python3.12/site-packages/airflow/example_dags/example_dataset_alias.py
[2025-01-19T19:29:30.509+0000] {processor.py:914} INFO - Processing file /home/airflow/.local/lib/python3.12/site-packages/airflow/example_dags/example_dataset_alias.py for tasks to queue
[2025-01-19T19:29:30.510+0000] {logging_mixin.py:190} INFO - [2025-01-19T19:29:30.510+0000] {dagbag.py:588} INFO - Filling up the DagBag from /home/airflow/.local/lib/python3.12/site-packages/airflow/example_dags/example_dataset_alias.py
[2025-01-19T19:29:30.854+0000] {processor.py:925} INFO - DAG(s) 'dataset_s3_bucket_consumer', 'dataset_s3_bucket_producer', 'dataset_alias_example_alias_consumer', 'dataset_alias_example_alias_producer' retrieved from /home/airflow/.local/lib/python3.12/site-packages/airflow/example_dags/example_dataset_alias.py
[2025-01-19T19:29:30.865+0000] {logging_mixin.py:190} INFO - [2025-01-19T19:29:30.865+0000] {dag.py:3239} INFO - Sync 4 DAGs
[2025-01-19T19:29:30.877+0000] {logging_mixin.py:190} INFO - [2025-01-19T19:29:30.877+0000] {dag.py:4180} INFO - Setting next_dagrun for dataset_alias_example_alias_consumer to None, run_after=None
[2025-01-19T19:29:30.879+0000] {logging_mixin.py:190} INFO - [2025-01-19T19:29:30.878+0000] {dag.py:4180} INFO - Setting next_dagrun for dataset_alias_example_alias_producer to None, run_after=None
[2025-01-19T19:29:30.879+0000] {logging_mixin.py:190} INFO - [2025-01-19T19:29:30.879+0000] {dag.py:4180} INFO - Setting next_dagrun for dataset_s3_bucket_consumer to None, run_after=None
[2025-01-19T19:29:30.880+0000] {logging_mixin.py:190} INFO - [2025-01-19T19:29:30.880+0000] {dag.py:4180} INFO - Setting next_dagrun for dataset_s3_bucket_producer to None, run_after=None
[2025-01-19T19:29:30.891+0000] {processor.py:208} INFO - Processing /home/airflow/.local/lib/python3.12/site-packages/airflow/example_dags/example_dataset_alias.py took 0.388 seconds
[2025-01-19T19:30:00.949+0000] {processor.py:186} INFO - Started process (PID=667) to work on /home/airflow/.local/lib/python3.12/site-packages/airflow/example_dags/example_dataset_alias.py
[2025-01-19T19:30:00.949+0000] {processor.py:914} INFO - Processing file /home/airflow/.local/lib/python3.12/site-packages/airflow/example_dags/example_dataset_alias.py for tasks to queue
[2025-01-19T19:30:00.951+0000] {logging_mixin.py:190} INFO - [2025-01-19T19:30:00.951+0000] {dagbag.py:588} INFO - Filling up the DagBag from /home/airflow/.local/lib/python3.12/site-packages/airflow/example_dags/example_dataset_alias.py
[2025-01-19T19:30:01.293+0000] {processor.py:925} INFO - DAG(s) 'dataset_s3_bucket_producer', 'dataset_alias_example_alias_consumer', 'dataset_s3_bucket_consumer', 'dataset_alias_example_alias_producer' retrieved from /home/airflow/.local/lib/python3.12/site-packages/airflow/example_dags/example_dataset_alias.py
[2025-01-19T19:30:01.305+0000] {logging_mixin.py:190} INFO - [2025-01-19T19:30:01.304+0000] {dag.py:3239} INFO - Sync 4 DAGs
[2025-01-19T19:30:01.317+0000] {logging_mixin.py:190} INFO - [2025-01-19T19:30:01.317+0000] {dag.py:4180} INFO - Setting next_dagrun for dataset_alias_example_alias_consumer to None, run_after=None
[2025-01-19T19:30:01.319+0000] {logging_mixin.py:190} INFO - [2025-01-19T19:30:01.319+0000] {dag.py:4180} INFO - Setting next_dagrun for dataset_alias_example_alias_producer to None, run_after=None
[2025-01-19T19:30:01.320+0000] {logging_mixin.py:190} INFO - [2025-01-19T19:30:01.320+0000] {dag.py:4180} INFO - Setting next_dagrun for dataset_s3_bucket_consumer to None, run_after=None
[2025-01-19T19:30:01.321+0000] {logging_mixin.py:190} INFO - [2025-01-19T19:30:01.321+0000] {dag.py:4180} INFO - Setting next_dagrun for dataset_s3_bucket_producer to None, run_after=None
[2025-01-19T19:30:01.333+0000] {processor.py:208} INFO - Processing /home/airflow/.local/lib/python3.12/site-packages/airflow/example_dags/example_dataset_alias.py took 0.388 seconds
[2025-01-19T19:30:31.731+0000] {processor.py:186} INFO - Started process (PID=732) to work on /home/airflow/.local/lib/python3.12/site-packages/airflow/example_dags/example_dataset_alias.py
[2025-01-19T19:30:31.732+0000] {processor.py:914} INFO - Processing file /home/airflow/.local/lib/python3.12/site-packages/airflow/example_dags/example_dataset_alias.py for tasks to queue
[2025-01-19T19:30:31.733+0000] {logging_mixin.py:190} INFO - [2025-01-19T19:30:31.733+0000] {dagbag.py:588} INFO - Filling up the DagBag from /home/airflow/.local/lib/python3.12/site-packages/airflow/example_dags/example_dataset_alias.py
[2025-01-19T19:30:32.143+0000] {processor.py:925} INFO - DAG(s) 'dataset_alias_example_alias_consumer', 'dataset_s3_bucket_producer', 'dataset_s3_bucket_consumer', 'dataset_alias_example_alias_producer' retrieved from /home/airflow/.local/lib/python3.12/site-packages/airflow/example_dags/example_dataset_alias.py
[2025-01-19T19:30:32.153+0000] {logging_mixin.py:190} INFO - [2025-01-19T19:30:32.153+0000] {dag.py:3239} INFO - Sync 4 DAGs
[2025-01-19T19:30:32.164+0000] {logging_mixin.py:190} INFO - [2025-01-19T19:30:32.164+0000] {dag.py:4180} INFO - Setting next_dagrun for dataset_alias_example_alias_consumer to None, run_after=None
[2025-01-19T19:30:32.166+0000] {logging_mixin.py:190} INFO - [2025-01-19T19:30:32.166+0000] {dag.py:4180} INFO - Setting next_dagrun for dataset_alias_example_alias_producer to None, run_after=None
[2025-01-19T19:30:32.166+0000] {logging_mixin.py:190} INFO - [2025-01-19T19:30:32.166+0000] {dag.py:4180} INFO - Setting next_dagrun for dataset_s3_bucket_consumer to None, run_after=None
[2025-01-19T19:30:32.167+0000] {logging_mixin.py:190} INFO - [2025-01-19T19:30:32.167+0000] {dag.py:4180} INFO - Setting next_dagrun for dataset_s3_bucket_producer to None, run_after=None
[2025-01-19T19:30:32.178+0000] {processor.py:208} INFO - Processing /home/airflow/.local/lib/python3.12/site-packages/airflow/example_dags/example_dataset_alias.py took 0.451 seconds
[2025-01-19T19:31:02.301+0000] {processor.py:186} INFO - Started process (PID=797) to work on /home/airflow/.local/lib/python3.12/site-packages/airflow/example_dags/example_dataset_alias.py
[2025-01-19T19:31:02.301+0000] {processor.py:914} INFO - Processing file /home/airflow/.local/lib/python3.12/site-packages/airflow/example_dags/example_dataset_alias.py for tasks to queue
[2025-01-19T19:31:02.303+0000] {logging_mixin.py:190} INFO - [2025-01-19T19:31:02.302+0000] {dagbag.py:588} INFO - Filling up the DagBag from /home/airflow/.local/lib/python3.12/site-packages/airflow/example_dags/example_dataset_alias.py
[2025-01-19T19:31:02.626+0000] {processor.py:925} INFO - DAG(s) 'dataset_alias_example_alias_producer', 'dataset_s3_bucket_consumer', 'dataset_s3_bucket_producer', 'dataset_alias_example_alias_consumer' retrieved from /home/airflow/.local/lib/python3.12/site-packages/airflow/example_dags/example_dataset_alias.py
[2025-01-19T19:31:02.637+0000] {logging_mixin.py:190} INFO - [2025-01-19T19:31:02.637+0000] {dag.py:3239} INFO - Sync 4 DAGs
[2025-01-19T19:31:02.649+0000] {logging_mixin.py:190} INFO - [2025-01-19T19:31:02.649+0000] {dag.py:4180} INFO - Setting next_dagrun for dataset_alias_example_alias_consumer to None, run_after=None
[2025-01-19T19:31:02.652+0000] {logging_mixin.py:190} INFO - [2025-01-19T19:31:02.652+0000] {dag.py:4180} INFO - Setting next_dagrun for dataset_alias_example_alias_producer to None, run_after=None
[2025-01-19T19:31:02.654+0000] {logging_mixin.py:190} INFO - [2025-01-19T19:31:02.653+0000] {dag.py:4180} INFO - Setting next_dagrun for dataset_s3_bucket_consumer to None, run_after=None
[2025-01-19T19:31:02.654+0000] {logging_mixin.py:190} INFO - [2025-01-19T19:31:02.654+0000] {dag.py:4180} INFO - Setting next_dagrun for dataset_s3_bucket_producer to None, run_after=None
[2025-01-19T19:31:02.666+0000] {processor.py:208} INFO - Processing /home/airflow/.local/lib/python3.12/site-packages/airflow/example_dags/example_dataset_alias.py took 0.369 seconds
[2025-01-19T19:31:32.834+0000] {processor.py:186} INFO - Started process (PID=862) to work on /home/airflow/.local/lib/python3.12/site-packages/airflow/example_dags/example_dataset_alias.py
[2025-01-19T19:31:32.834+0000] {processor.py:914} INFO - Processing file /home/airflow/.local/lib/python3.12/site-packages/airflow/example_dags/example_dataset_alias.py for tasks to queue
[2025-01-19T19:31:32.836+0000] {logging_mixin.py:190} INFO - [2025-01-19T19:31:32.836+0000] {dagbag.py:588} INFO - Filling up the DagBag from /home/airflow/.local/lib/python3.12/site-packages/airflow/example_dags/example_dataset_alias.py
[2025-01-19T19:31:33.162+0000] {processor.py:925} INFO - DAG(s) 'dataset_alias_example_alias_producer', 'dataset_alias_example_alias_consumer', 'dataset_s3_bucket_consumer', 'dataset_s3_bucket_producer' retrieved from /home/airflow/.local/lib/python3.12/site-packages/airflow/example_dags/example_dataset_alias.py
[2025-01-19T19:31:33.175+0000] {logging_mixin.py:190} INFO - [2025-01-19T19:31:33.174+0000] {dag.py:3239} INFO - Sync 4 DAGs
[2025-01-19T19:31:33.187+0000] {logging_mixin.py:190} INFO - [2025-01-19T19:31:33.187+0000] {dag.py:4180} INFO - Setting next_dagrun for dataset_alias_example_alias_consumer to None, run_after=None
[2025-01-19T19:31:33.189+0000] {logging_mixin.py:190} INFO - [2025-01-19T19:31:33.189+0000] {dag.py:4180} INFO - Setting next_dagrun for dataset_alias_example_alias_producer to None, run_after=None
[2025-01-19T19:31:33.192+0000] {logging_mixin.py:190} INFO - [2025-01-19T19:31:33.192+0000] {dag.py:4180} INFO - Setting next_dagrun for dataset_s3_bucket_consumer to None, run_after=None
[2025-01-19T19:31:33.193+0000] {logging_mixin.py:190} INFO - [2025-01-19T19:31:33.193+0000] {dag.py:4180} INFO - Setting next_dagrun for dataset_s3_bucket_producer to None, run_after=None
[2025-01-19T19:31:33.208+0000] {processor.py:208} INFO - Processing /home/airflow/.local/lib/python3.12/site-packages/airflow/example_dags/example_dataset_alias.py took 0.377 seconds
[2025-01-19T19:32:03.741+0000] {processor.py:186} INFO - Started process (PID=927) to work on /home/airflow/.local/lib/python3.12/site-packages/airflow/example_dags/example_dataset_alias.py
[2025-01-19T19:32:03.741+0000] {processor.py:914} INFO - Processing file /home/airflow/.local/lib/python3.12/site-packages/airflow/example_dags/example_dataset_alias.py for tasks to queue
[2025-01-19T19:32:03.743+0000] {logging_mixin.py:190} INFO - [2025-01-19T19:32:03.743+0000] {dagbag.py:588} INFO - Filling up the DagBag from /home/airflow/.local/lib/python3.12/site-packages/airflow/example_dags/example_dataset_alias.py
[2025-01-19T19:32:04.086+0000] {processor.py:925} INFO - DAG(s) 'dataset_s3_bucket_consumer', 'dataset_s3_bucket_producer', 'dataset_alias_example_alias_producer', 'dataset_alias_example_alias_consumer' retrieved from /home/airflow/.local/lib/python3.12/site-packages/airflow/example_dags/example_dataset_alias.py
[2025-01-19T19:32:04.103+0000] {logging_mixin.py:190} INFO - [2025-01-19T19:32:04.103+0000] {dag.py:3239} INFO - Sync 4 DAGs
[2025-01-19T19:32:04.116+0000] {logging_mixin.py:190} INFO - [2025-01-19T19:32:04.116+0000] {dag.py:4180} INFO - Setting next_dagrun for dataset_alias_example_alias_consumer to None, run_after=None
[2025-01-19T19:32:04.118+0000] {logging_mixin.py:190} INFO - [2025-01-19T19:32:04.117+0000] {dag.py:4180} INFO - Setting next_dagrun for dataset_alias_example_alias_producer to None, run_after=None
[2025-01-19T19:32:04.119+0000] {logging_mixin.py:190} INFO - [2025-01-19T19:32:04.119+0000] {dag.py:4180} INFO - Setting next_dagrun for dataset_s3_bucket_consumer to None, run_after=None
[2025-01-19T19:32:04.120+0000] {logging_mixin.py:190} INFO - [2025-01-19T19:32:04.120+0000] {dag.py:4180} INFO - Setting next_dagrun for dataset_s3_bucket_producer to None, run_after=None
[2025-01-19T19:32:04.133+0000] {processor.py:208} INFO - Processing /home/airflow/.local/lib/python3.12/site-packages/airflow/example_dags/example_dataset_alias.py took 0.396 seconds
[2025-01-19T19:32:34.354+0000] {processor.py:186} INFO - Started process (PID=992) to work on /home/airflow/.local/lib/python3.12/site-packages/airflow/example_dags/example_dataset_alias.py
[2025-01-19T19:32:34.354+0000] {processor.py:914} INFO - Processing file /home/airflow/.local/lib/python3.12/site-packages/airflow/example_dags/example_dataset_alias.py for tasks to queue
[2025-01-19T19:32:34.355+0000] {logging_mixin.py:190} INFO - [2025-01-19T19:32:34.355+0000] {dagbag.py:588} INFO - Filling up the DagBag from /home/airflow/.local/lib/python3.12/site-packages/airflow/example_dags/example_dataset_alias.py
[2025-01-19T19:32:34.697+0000] {processor.py:925} INFO - DAG(s) 'dataset_alias_example_alias_producer', 'dataset_s3_bucket_producer', 'dataset_s3_bucket_consumer', 'dataset_alias_example_alias_consumer' retrieved from /home/airflow/.local/lib/python3.12/site-packages/airflow/example_dags/example_dataset_alias.py
[2025-01-19T19:32:34.709+0000] {logging_mixin.py:190} INFO - [2025-01-19T19:32:34.709+0000] {dag.py:3239} INFO - Sync 4 DAGs
[2025-01-19T19:32:34.720+0000] {logging_mixin.py:190} INFO - [2025-01-19T19:32:34.720+0000] {dag.py:4180} INFO - Setting next_dagrun for dataset_alias_example_alias_consumer to None, run_after=None
[2025-01-19T19:32:34.722+0000] {logging_mixin.py:190} INFO - [2025-01-19T19:32:34.722+0000] {dag.py:4180} INFO - Setting next_dagrun for dataset_alias_example_alias_producer to None, run_after=None
[2025-01-19T19:32:34.723+0000] {logging_mixin.py:190} INFO - [2025-01-19T19:32:34.723+0000] {dag.py:4180} INFO - Setting next_dagrun for dataset_s3_bucket_consumer to None, run_after=None
[2025-01-19T19:32:34.725+0000] {logging_mixin.py:190} INFO - [2025-01-19T19:32:34.724+0000] {dag.py:4180} INFO - Setting next_dagrun for dataset_s3_bucket_producer to None, run_after=None
[2025-01-19T19:32:34.740+0000] {processor.py:208} INFO - Processing /home/airflow/.local/lib/python3.12/site-packages/airflow/example_dags/example_dataset_alias.py took 0.390 seconds
[2025-01-19T19:33:05.062+0000] {processor.py:186} INFO - Started process (PID=1057) to work on /home/airflow/.local/lib/python3.12/site-packages/airflow/example_dags/example_dataset_alias.py
[2025-01-19T19:33:05.062+0000] {processor.py:914} INFO - Processing file /home/airflow/.local/lib/python3.12/site-packages/airflow/example_dags/example_dataset_alias.py for tasks to queue
[2025-01-19T19:33:05.064+0000] {logging_mixin.py:190} INFO - [2025-01-19T19:33:05.063+0000] {dagbag.py:588} INFO - Filling up the DagBag from /home/airflow/.local/lib/python3.12/site-packages/airflow/example_dags/example_dataset_alias.py
[2025-01-19T19:33:05.379+0000] {processor.py:925} INFO - DAG(s) 'dataset_s3_bucket_consumer', 'dataset_s3_bucket_producer', 'dataset_alias_example_alias_consumer', 'dataset_alias_example_alias_producer' retrieved from /home/airflow/.local/lib/python3.12/site-packages/airflow/example_dags/example_dataset_alias.py
[2025-01-19T19:33:05.489+0000] {logging_mixin.py:190} INFO - [2025-01-19T19:33:05.489+0000] {dag.py:3239} INFO - Sync 4 DAGs
[2025-01-19T19:33:05.500+0000] {logging_mixin.py:190} INFO - [2025-01-19T19:33:05.500+0000] {dag.py:4180} INFO - Setting next_dagrun for dataset_alias_example_alias_consumer to None, run_after=None
[2025-01-19T19:33:05.502+0000] {logging_mixin.py:190} INFO - [2025-01-19T19:33:05.502+0000] {dag.py:4180} INFO - Setting next_dagrun for dataset_alias_example_alias_producer to None, run_after=None
[2025-01-19T19:33:05.503+0000] {logging_mixin.py:190} INFO - [2025-01-19T19:33:05.503+0000] {dag.py:4180} INFO - Setting next_dagrun for dataset_s3_bucket_consumer to None, run_after=None
[2025-01-19T19:33:05.504+0000] {logging_mixin.py:190} INFO - [2025-01-19T19:33:05.503+0000] {dag.py:4180} INFO - Setting next_dagrun for dataset_s3_bucket_producer to None, run_after=None
[2025-01-19T19:33:05.515+0000] {processor.py:208} INFO - Processing /home/airflow/.local/lib/python3.12/site-packages/airflow/example_dags/example_dataset_alias.py took 0.457 seconds
[2025-01-19T19:34:46.803+0000] {processor.py:186} INFO - Started process (PID=80) to work on /home/airflow/.local/lib/python3.12/site-packages/airflow/example_dags/example_dataset_alias.py
[2025-01-19T19:34:46.804+0000] {processor.py:914} INFO - Processing file /home/airflow/.local/lib/python3.12/site-packages/airflow/example_dags/example_dataset_alias.py for tasks to queue
[2025-01-19T19:34:46.805+0000] {logging_mixin.py:190} INFO - [2025-01-19T19:34:46.805+0000] {dagbag.py:588} INFO - Filling up the DagBag from /home/airflow/.local/lib/python3.12/site-packages/airflow/example_dags/example_dataset_alias.py
[2025-01-19T19:34:47.205+0000] {processor.py:925} INFO - DAG(s) 'dataset_alias_example_alias_consumer', 'dataset_s3_bucket_producer', 'dataset_s3_bucket_consumer', 'dataset_alias_example_alias_producer' retrieved from /home/airflow/.local/lib/python3.12/site-packages/airflow/example_dags/example_dataset_alias.py
[2025-01-19T19:34:47.227+0000] {logging_mixin.py:190} INFO - [2025-01-19T19:34:47.227+0000] {dag.py:3239} INFO - Sync 4 DAGs
[2025-01-19T19:34:47.244+0000] {logging_mixin.py:190} INFO - [2025-01-19T19:34:47.244+0000] {dag.py:4180} INFO - Setting next_dagrun for dataset_alias_example_alias_consumer to None, run_after=None
[2025-01-19T19:34:47.246+0000] {logging_mixin.py:190} INFO - [2025-01-19T19:34:47.246+0000] {dag.py:4180} INFO - Setting next_dagrun for dataset_alias_example_alias_producer to None, run_after=None
[2025-01-19T19:34:47.247+0000] {logging_mixin.py:190} INFO - [2025-01-19T19:34:47.247+0000] {dag.py:4180} INFO - Setting next_dagrun for dataset_s3_bucket_consumer to None, run_after=None
[2025-01-19T19:34:47.247+0000] {logging_mixin.py:190} INFO - [2025-01-19T19:34:47.247+0000] {dag.py:4180} INFO - Setting next_dagrun for dataset_s3_bucket_producer to None, run_after=None
[2025-01-19T19:34:47.259+0000] {processor.py:208} INFO - Processing /home/airflow/.local/lib/python3.12/site-packages/airflow/example_dags/example_dataset_alias.py took 0.460 seconds
[2025-01-19T19:35:17.971+0000] {processor.py:186} INFO - Started process (PID=145) to work on /home/airflow/.local/lib/python3.12/site-packages/airflow/example_dags/example_dataset_alias.py
[2025-01-19T19:35:17.971+0000] {processor.py:914} INFO - Processing file /home/airflow/.local/lib/python3.12/site-packages/airflow/example_dags/example_dataset_alias.py for tasks to queue
[2025-01-19T19:35:17.973+0000] {logging_mixin.py:190} INFO - [2025-01-19T19:35:17.973+0000] {dagbag.py:588} INFO - Filling up the DagBag from /home/airflow/.local/lib/python3.12/site-packages/airflow/example_dags/example_dataset_alias.py
[2025-01-19T19:35:18.368+0000] {processor.py:925} INFO - DAG(s) 'dataset_alias_example_alias_consumer', 'dataset_s3_bucket_consumer', 'dataset_alias_example_alias_producer', 'dataset_s3_bucket_producer' retrieved from /home/airflow/.local/lib/python3.12/site-packages/airflow/example_dags/example_dataset_alias.py
[2025-01-19T19:35:18.386+0000] {logging_mixin.py:190} INFO - [2025-01-19T19:35:18.386+0000] {dag.py:3239} INFO - Sync 4 DAGs
[2025-01-19T19:35:18.398+0000] {logging_mixin.py:190} INFO - [2025-01-19T19:35:18.398+0000] {dag.py:4180} INFO - Setting next_dagrun for dataset_alias_example_alias_consumer to None, run_after=None
[2025-01-19T19:35:18.399+0000] {logging_mixin.py:190} INFO - [2025-01-19T19:35:18.399+0000] {dag.py:4180} INFO - Setting next_dagrun for dataset_alias_example_alias_producer to None, run_after=None
[2025-01-19T19:35:18.400+0000] {logging_mixin.py:190} INFO - [2025-01-19T19:35:18.400+0000] {dag.py:4180} INFO - Setting next_dagrun for dataset_s3_bucket_consumer to None, run_after=None
[2025-01-19T19:35:18.401+0000] {logging_mixin.py:190} INFO - [2025-01-19T19:35:18.401+0000] {dag.py:4180} INFO - Setting next_dagrun for dataset_s3_bucket_producer to None, run_after=None
[2025-01-19T19:35:18.412+0000] {processor.py:208} INFO - Processing /home/airflow/.local/lib/python3.12/site-packages/airflow/example_dags/example_dataset_alias.py took 0.445 seconds
[2025-01-19T19:35:48.510+0000] {processor.py:186} INFO - Started process (PID=212) to work on /home/airflow/.local/lib/python3.12/site-packages/airflow/example_dags/example_dataset_alias.py
[2025-01-19T19:35:48.511+0000] {processor.py:914} INFO - Processing file /home/airflow/.local/lib/python3.12/site-packages/airflow/example_dags/example_dataset_alias.py for tasks to queue
[2025-01-19T19:35:48.513+0000] {logging_mixin.py:190} INFO - [2025-01-19T19:35:48.512+0000] {dagbag.py:588} INFO - Filling up the DagBag from /home/airflow/.local/lib/python3.12/site-packages/airflow/example_dags/example_dataset_alias.py
[2025-01-19T19:35:48.865+0000] {processor.py:925} INFO - DAG(s) 'dataset_alias_example_alias_producer', 'dataset_s3_bucket_producer', 'dataset_alias_example_alias_consumer', 'dataset_s3_bucket_consumer' retrieved from /home/airflow/.local/lib/python3.12/site-packages/airflow/example_dags/example_dataset_alias.py
[2025-01-19T19:35:48.877+0000] {logging_mixin.py:190} INFO - [2025-01-19T19:35:48.877+0000] {dag.py:3239} INFO - Sync 4 DAGs
[2025-01-19T19:35:48.891+0000] {logging_mixin.py:190} INFO - [2025-01-19T19:35:48.891+0000] {dag.py:4180} INFO - Setting next_dagrun for dataset_alias_example_alias_consumer to None, run_after=None
[2025-01-19T19:35:48.893+0000] {logging_mixin.py:190} INFO - [2025-01-19T19:35:48.893+0000] {dag.py:4180} INFO - Setting next_dagrun for dataset_alias_example_alias_producer to None, run_after=None
[2025-01-19T19:35:48.894+0000] {logging_mixin.py:190} INFO - [2025-01-19T19:35:48.894+0000] {dag.py:4180} INFO - Setting next_dagrun for dataset_s3_bucket_consumer to None, run_after=None
[2025-01-19T19:35:48.895+0000] {logging_mixin.py:190} INFO - [2025-01-19T19:35:48.895+0000] {dag.py:4180} INFO - Setting next_dagrun for dataset_s3_bucket_producer to None, run_after=None
[2025-01-19T19:35:48.908+0000] {processor.py:208} INFO - Processing /home/airflow/.local/lib/python3.12/site-packages/airflow/example_dags/example_dataset_alias.py took 0.401 seconds
[2025-01-19T19:36:18.975+0000] {processor.py:186} INFO - Started process (PID=277) to work on /home/airflow/.local/lib/python3.12/site-packages/airflow/example_dags/example_dataset_alias.py
[2025-01-19T19:36:18.976+0000] {processor.py:914} INFO - Processing file /home/airflow/.local/lib/python3.12/site-packages/airflow/example_dags/example_dataset_alias.py for tasks to queue
[2025-01-19T19:36:18.977+0000] {logging_mixin.py:190} INFO - [2025-01-19T19:36:18.977+0000] {dagbag.py:588} INFO - Filling up the DagBag from /home/airflow/.local/lib/python3.12/site-packages/airflow/example_dags/example_dataset_alias.py
[2025-01-19T19:36:19.285+0000] {processor.py:925} INFO - DAG(s) 'dataset_alias_example_alias_producer', 'dataset_s3_bucket_producer', 'dataset_s3_bucket_consumer', 'dataset_alias_example_alias_consumer' retrieved from /home/airflow/.local/lib/python3.12/site-packages/airflow/example_dags/example_dataset_alias.py
[2025-01-19T19:36:19.295+0000] {logging_mixin.py:190} INFO - [2025-01-19T19:36:19.295+0000] {dag.py:3239} INFO - Sync 4 DAGs
[2025-01-19T19:36:19.308+0000] {logging_mixin.py:190} INFO - [2025-01-19T19:36:19.308+0000] {dag.py:4180} INFO - Setting next_dagrun for dataset_alias_example_alias_consumer to None, run_after=None
[2025-01-19T19:36:19.310+0000] {logging_mixin.py:190} INFO - [2025-01-19T19:36:19.309+0000] {dag.py:4180} INFO - Setting next_dagrun for dataset_alias_example_alias_producer to None, run_after=None
[2025-01-19T19:36:19.310+0000] {logging_mixin.py:190} INFO - [2025-01-19T19:36:19.310+0000] {dag.py:4180} INFO - Setting next_dagrun for dataset_s3_bucket_consumer to None, run_after=None
[2025-01-19T19:36:19.312+0000] {logging_mixin.py:190} INFO - [2025-01-19T19:36:19.311+0000] {dag.py:4180} INFO - Setting next_dagrun for dataset_s3_bucket_producer to None, run_after=None
[2025-01-19T19:36:19.322+0000] {processor.py:208} INFO - Processing /home/airflow/.local/lib/python3.12/site-packages/airflow/example_dags/example_dataset_alias.py took 0.350 seconds
[2025-01-19T19:36:49.648+0000] {processor.py:186} INFO - Started process (PID=343) to work on /home/airflow/.local/lib/python3.12/site-packages/airflow/example_dags/example_dataset_alias.py
[2025-01-19T19:36:49.649+0000] {processor.py:914} INFO - Processing file /home/airflow/.local/lib/python3.12/site-packages/airflow/example_dags/example_dataset_alias.py for tasks to queue
[2025-01-19T19:36:49.650+0000] {logging_mixin.py:190} INFO - [2025-01-19T19:36:49.650+0000] {dagbag.py:588} INFO - Filling up the DagBag from /home/airflow/.local/lib/python3.12/site-packages/airflow/example_dags/example_dataset_alias.py
[2025-01-19T19:36:49.967+0000] {processor.py:925} INFO - DAG(s) 'dataset_alias_example_alias_producer', 'dataset_s3_bucket_producer', 'dataset_alias_example_alias_consumer', 'dataset_s3_bucket_consumer' retrieved from /home/airflow/.local/lib/python3.12/site-packages/airflow/example_dags/example_dataset_alias.py
[2025-01-19T19:36:49.977+0000] {logging_mixin.py:190} INFO - [2025-01-19T19:36:49.976+0000] {dag.py:3239} INFO - Sync 4 DAGs
[2025-01-19T19:36:49.989+0000] {logging_mixin.py:190} INFO - [2025-01-19T19:36:49.988+0000] {dag.py:4180} INFO - Setting next_dagrun for dataset_alias_example_alias_consumer to None, run_after=None
[2025-01-19T19:36:49.990+0000] {logging_mixin.py:190} INFO - [2025-01-19T19:36:49.990+0000] {dag.py:4180} INFO - Setting next_dagrun for dataset_alias_example_alias_producer to None, run_after=None
[2025-01-19T19:36:49.991+0000] {logging_mixin.py:190} INFO - [2025-01-19T19:36:49.991+0000] {dag.py:4180} INFO - Setting next_dagrun for dataset_s3_bucket_consumer to None, run_after=None
[2025-01-19T19:36:49.991+0000] {logging_mixin.py:190} INFO - [2025-01-19T19:36:49.991+0000] {dag.py:4180} INFO - Setting next_dagrun for dataset_s3_bucket_producer to None, run_after=None
[2025-01-19T19:36:50.002+0000] {processor.py:208} INFO - Processing /home/airflow/.local/lib/python3.12/site-packages/airflow/example_dags/example_dataset_alias.py took 0.357 seconds
