[2025-01-19T19:25:26.582+0000] {processor.py:186} INFO - Started process (PID=95) to work on /home/airflow/.local/lib/python3.12/site-packages/airflow/example_dags/example_branch_operator.py
[2025-01-19T19:25:26.583+0000] {processor.py:914} INFO - Processing file /home/airflow/.local/lib/python3.12/site-packages/airflow/example_dags/example_branch_operator.py for tasks to queue
[2025-01-19T19:25:26.585+0000] {logging_mixin.py:190} INFO - [2025-01-19T19:25:26.585+0000] {dagbag.py:588} INFO - Filling up the DagBag from /home/airflow/.local/lib/python3.12/site-packages/airflow/example_dags/example_branch_operator.py
[2025-01-19T19:25:26.627+0000] {processor.py:925} INFO - DAG(s) 'example_branch_operator' retrieved from /home/airflow/.local/lib/python3.12/site-packages/airflow/example_dags/example_branch_operator.py
[2025-01-19T19:25:26.692+0000] {logging_mixin.py:190} INFO - [2025-01-19T19:25:26.692+0000] {override.py:1911} INFO - Created Permission View: can read on DAG:example_branch_operator
[2025-01-19T19:25:26.698+0000] {logging_mixin.py:190} INFO - [2025-01-19T19:25:26.698+0000] {override.py:1911} INFO - Created Permission View: can edit on DAG:example_branch_operator
[2025-01-19T19:25:26.702+0000] {logging_mixin.py:190} INFO - [2025-01-19T19:25:26.702+0000] {override.py:1911} INFO - Created Permission View: can delete on DAG:example_branch_operator
[2025-01-19T19:25:26.707+0000] {logging_mixin.py:190} INFO - [2025-01-19T19:25:26.707+0000] {override.py:1911} INFO - Created Permission View: can read on DAG Run:example_branch_operator
[2025-01-19T19:25:26.711+0000] {logging_mixin.py:190} INFO - [2025-01-19T19:25:26.711+0000] {override.py:1911} INFO - Created Permission View: menu access on DAG Run:example_branch_operator
[2025-01-19T19:25:26.715+0000] {logging_mixin.py:190} INFO - [2025-01-19T19:25:26.715+0000] {override.py:1911} INFO - Created Permission View: can create on DAG Run:example_branch_operator
[2025-01-19T19:25:26.720+0000] {logging_mixin.py:190} INFO - [2025-01-19T19:25:26.720+0000] {override.py:1911} INFO - Created Permission View: can delete on DAG Run:example_branch_operator
[2025-01-19T19:25:26.720+0000] {logging_mixin.py:190} INFO - [2025-01-19T19:25:26.720+0000] {dag.py:3239} INFO - Sync 1 DAGs
[2025-01-19T19:25:26.727+0000] {logging_mixin.py:190} INFO - [2025-01-19T19:25:26.727+0000] {dag.py:3262} INFO - Creating ORM DAG for example_branch_operator
[2025-01-19T19:25:26.732+0000] {logging_mixin.py:190} INFO - [2025-01-19T19:25:26.732+0000] {dag.py:4180} INFO - Setting next_dagrun for example_branch_operator to 2025-01-18 00:00:00+00:00, run_after=2025-01-19 00:00:00+00:00
[2025-01-19T19:25:26.741+0000] {processor.py:208} INFO - Processing /home/airflow/.local/lib/python3.12/site-packages/airflow/example_dags/example_branch_operator.py took 0.163 seconds
[2025-01-19T19:25:57.696+0000] {processor.py:186} INFO - Started process (PID=160) to work on /home/airflow/.local/lib/python3.12/site-packages/airflow/example_dags/example_branch_operator.py
[2025-01-19T19:25:57.696+0000] {processor.py:914} INFO - Processing file /home/airflow/.local/lib/python3.12/site-packages/airflow/example_dags/example_branch_operator.py for tasks to queue
[2025-01-19T19:25:57.698+0000] {logging_mixin.py:190} INFO - [2025-01-19T19:25:57.698+0000] {dagbag.py:588} INFO - Filling up the DagBag from /home/airflow/.local/lib/python3.12/site-packages/airflow/example_dags/example_branch_operator.py
[2025-01-19T19:25:57.709+0000] {processor.py:925} INFO - DAG(s) 'example_branch_operator' retrieved from /home/airflow/.local/lib/python3.12/site-packages/airflow/example_dags/example_branch_operator.py
[2025-01-19T19:25:57.724+0000] {logging_mixin.py:190} INFO - [2025-01-19T19:25:57.724+0000] {dag.py:3239} INFO - Sync 1 DAGs
[2025-01-19T19:25:57.737+0000] {logging_mixin.py:190} INFO - [2025-01-19T19:25:57.737+0000] {dag.py:4180} INFO - Setting next_dagrun for example_branch_operator to 2025-01-18 00:00:00+00:00, run_after=2025-01-19 00:00:00+00:00
[2025-01-19T19:25:57.748+0000] {processor.py:208} INFO - Processing /home/airflow/.local/lib/python3.12/site-packages/airflow/example_dags/example_branch_operator.py took 0.057 seconds
[2025-01-19T19:26:28.364+0000] {processor.py:186} INFO - Started process (PID=225) to work on /home/airflow/.local/lib/python3.12/site-packages/airflow/example_dags/example_branch_operator.py
[2025-01-19T19:26:28.364+0000] {processor.py:914} INFO - Processing file /home/airflow/.local/lib/python3.12/site-packages/airflow/example_dags/example_branch_operator.py for tasks to queue
[2025-01-19T19:26:28.366+0000] {logging_mixin.py:190} INFO - [2025-01-19T19:26:28.365+0000] {dagbag.py:588} INFO - Filling up the DagBag from /home/airflow/.local/lib/python3.12/site-packages/airflow/example_dags/example_branch_operator.py
[2025-01-19T19:26:28.376+0000] {processor.py:925} INFO - DAG(s) 'example_branch_operator' retrieved from /home/airflow/.local/lib/python3.12/site-packages/airflow/example_dags/example_branch_operator.py
[2025-01-19T19:26:28.392+0000] {logging_mixin.py:190} INFO - [2025-01-19T19:26:28.392+0000] {dag.py:3239} INFO - Sync 1 DAGs
[2025-01-19T19:26:28.404+0000] {logging_mixin.py:190} INFO - [2025-01-19T19:26:28.404+0000] {dag.py:4180} INFO - Setting next_dagrun for example_branch_operator to 2025-01-18 00:00:00+00:00, run_after=2025-01-19 00:00:00+00:00
[2025-01-19T19:26:28.415+0000] {processor.py:208} INFO - Processing /home/airflow/.local/lib/python3.12/site-packages/airflow/example_dags/example_branch_operator.py took 0.055 seconds
[2025-01-19T19:26:58.501+0000] {processor.py:186} INFO - Started process (PID=290) to work on /home/airflow/.local/lib/python3.12/site-packages/airflow/example_dags/example_branch_operator.py
[2025-01-19T19:26:58.501+0000] {processor.py:914} INFO - Processing file /home/airflow/.local/lib/python3.12/site-packages/airflow/example_dags/example_branch_operator.py for tasks to queue
[2025-01-19T19:26:58.503+0000] {logging_mixin.py:190} INFO - [2025-01-19T19:26:58.503+0000] {dagbag.py:588} INFO - Filling up the DagBag from /home/airflow/.local/lib/python3.12/site-packages/airflow/example_dags/example_branch_operator.py
[2025-01-19T19:26:58.513+0000] {processor.py:925} INFO - DAG(s) 'example_branch_operator' retrieved from /home/airflow/.local/lib/python3.12/site-packages/airflow/example_dags/example_branch_operator.py
[2025-01-19T19:26:58.527+0000] {logging_mixin.py:190} INFO - [2025-01-19T19:26:58.527+0000] {dag.py:3239} INFO - Sync 1 DAGs
[2025-01-19T19:26:58.540+0000] {logging_mixin.py:190} INFO - [2025-01-19T19:26:58.539+0000] {dag.py:4180} INFO - Setting next_dagrun for example_branch_operator to 2025-01-18 00:00:00+00:00, run_after=2025-01-19 00:00:00+00:00
[2025-01-19T19:26:58.549+0000] {processor.py:208} INFO - Processing /home/airflow/.local/lib/python3.12/site-packages/airflow/example_dags/example_branch_operator.py took 0.052 seconds
[2025-01-19T19:27:29.036+0000] {processor.py:186} INFO - Started process (PID=355) to work on /home/airflow/.local/lib/python3.12/site-packages/airflow/example_dags/example_branch_operator.py
[2025-01-19T19:27:29.037+0000] {processor.py:914} INFO - Processing file /home/airflow/.local/lib/python3.12/site-packages/airflow/example_dags/example_branch_operator.py for tasks to queue
[2025-01-19T19:27:29.038+0000] {logging_mixin.py:190} INFO - [2025-01-19T19:27:29.038+0000] {dagbag.py:588} INFO - Filling up the DagBag from /home/airflow/.local/lib/python3.12/site-packages/airflow/example_dags/example_branch_operator.py
[2025-01-19T19:27:29.049+0000] {processor.py:925} INFO - DAG(s) 'example_branch_operator' retrieved from /home/airflow/.local/lib/python3.12/site-packages/airflow/example_dags/example_branch_operator.py
[2025-01-19T19:27:29.063+0000] {logging_mixin.py:190} INFO - [2025-01-19T19:27:29.063+0000] {dag.py:3239} INFO - Sync 1 DAGs
[2025-01-19T19:27:29.075+0000] {logging_mixin.py:190} INFO - [2025-01-19T19:27:29.075+0000] {dag.py:4180} INFO - Setting next_dagrun for example_branch_operator to 2025-01-18 00:00:00+00:00, run_after=2025-01-19 00:00:00+00:00
[2025-01-19T19:27:29.085+0000] {processor.py:208} INFO - Processing /home/airflow/.local/lib/python3.12/site-packages/airflow/example_dags/example_branch_operator.py took 0.052 seconds
[2025-01-19T19:27:59.726+0000] {processor.py:186} INFO - Started process (PID=420) to work on /home/airflow/.local/lib/python3.12/site-packages/airflow/example_dags/example_branch_operator.py
[2025-01-19T19:27:59.726+0000] {processor.py:914} INFO - Processing file /home/airflow/.local/lib/python3.12/site-packages/airflow/example_dags/example_branch_operator.py for tasks to queue
[2025-01-19T19:27:59.728+0000] {logging_mixin.py:190} INFO - [2025-01-19T19:27:59.728+0000] {dagbag.py:588} INFO - Filling up the DagBag from /home/airflow/.local/lib/python3.12/site-packages/airflow/example_dags/example_branch_operator.py
[2025-01-19T19:27:59.738+0000] {processor.py:925} INFO - DAG(s) 'example_branch_operator' retrieved from /home/airflow/.local/lib/python3.12/site-packages/airflow/example_dags/example_branch_operator.py
[2025-01-19T19:27:59.752+0000] {logging_mixin.py:190} INFO - [2025-01-19T19:27:59.752+0000] {dag.py:3239} INFO - Sync 1 DAGs
[2025-01-19T19:27:59.765+0000] {logging_mixin.py:190} INFO - [2025-01-19T19:27:59.765+0000] {dag.py:4180} INFO - Setting next_dagrun for example_branch_operator to 2025-01-18 00:00:00+00:00, run_after=2025-01-19 00:00:00+00:00
[2025-01-19T19:27:59.775+0000] {processor.py:208} INFO - Processing /home/airflow/.local/lib/python3.12/site-packages/airflow/example_dags/example_branch_operator.py took 0.052 seconds
[2025-01-19T19:28:30.222+0000] {processor.py:186} INFO - Started process (PID=485) to work on /home/airflow/.local/lib/python3.12/site-packages/airflow/example_dags/example_branch_operator.py
[2025-01-19T19:28:30.223+0000] {processor.py:914} INFO - Processing file /home/airflow/.local/lib/python3.12/site-packages/airflow/example_dags/example_branch_operator.py for tasks to queue
[2025-01-19T19:28:30.224+0000] {logging_mixin.py:190} INFO - [2025-01-19T19:28:30.224+0000] {dagbag.py:588} INFO - Filling up the DagBag from /home/airflow/.local/lib/python3.12/site-packages/airflow/example_dags/example_branch_operator.py
[2025-01-19T19:28:30.235+0000] {processor.py:925} INFO - DAG(s) 'example_branch_operator' retrieved from /home/airflow/.local/lib/python3.12/site-packages/airflow/example_dags/example_branch_operator.py
[2025-01-19T19:28:30.252+0000] {logging_mixin.py:190} INFO - [2025-01-19T19:28:30.251+0000] {dag.py:3239} INFO - Sync 1 DAGs
[2025-01-19T19:28:30.265+0000] {logging_mixin.py:190} INFO - [2025-01-19T19:28:30.265+0000] {dag.py:4180} INFO - Setting next_dagrun for example_branch_operator to 2025-01-18 00:00:00+00:00, run_after=2025-01-19 00:00:00+00:00
[2025-01-19T19:28:30.276+0000] {processor.py:208} INFO - Processing /home/airflow/.local/lib/python3.12/site-packages/airflow/example_dags/example_branch_operator.py took 0.057 seconds
[2025-01-19T19:29:01.020+0000] {processor.py:186} INFO - Started process (PID=550) to work on /home/airflow/.local/lib/python3.12/site-packages/airflow/example_dags/example_branch_operator.py
[2025-01-19T19:29:01.021+0000] {processor.py:914} INFO - Processing file /home/airflow/.local/lib/python3.12/site-packages/airflow/example_dags/example_branch_operator.py for tasks to queue
[2025-01-19T19:29:01.023+0000] {logging_mixin.py:190} INFO - [2025-01-19T19:29:01.022+0000] {dagbag.py:588} INFO - Filling up the DagBag from /home/airflow/.local/lib/python3.12/site-packages/airflow/example_dags/example_branch_operator.py
[2025-01-19T19:29:01.034+0000] {processor.py:925} INFO - DAG(s) 'example_branch_operator' retrieved from /home/airflow/.local/lib/python3.12/site-packages/airflow/example_dags/example_branch_operator.py
[2025-01-19T19:29:01.051+0000] {logging_mixin.py:190} INFO - [2025-01-19T19:29:01.050+0000] {dag.py:3239} INFO - Sync 1 DAGs
[2025-01-19T19:29:01.063+0000] {logging_mixin.py:190} INFO - [2025-01-19T19:29:01.063+0000] {dag.py:4180} INFO - Setting next_dagrun for example_branch_operator to 2025-01-18 00:00:00+00:00, run_after=2025-01-19 00:00:00+00:00
[2025-01-19T19:29:01.074+0000] {processor.py:208} INFO - Processing /home/airflow/.local/lib/python3.12/site-packages/airflow/example_dags/example_branch_operator.py took 0.057 seconds
[2025-01-19T19:29:32.097+0000] {processor.py:186} INFO - Started process (PID=615) to work on /home/airflow/.local/lib/python3.12/site-packages/airflow/example_dags/example_branch_operator.py
[2025-01-19T19:29:32.098+0000] {processor.py:914} INFO - Processing file /home/airflow/.local/lib/python3.12/site-packages/airflow/example_dags/example_branch_operator.py for tasks to queue
[2025-01-19T19:29:32.099+0000] {logging_mixin.py:190} INFO - [2025-01-19T19:29:32.099+0000] {dagbag.py:588} INFO - Filling up the DagBag from /home/airflow/.local/lib/python3.12/site-packages/airflow/example_dags/example_branch_operator.py
[2025-01-19T19:29:32.109+0000] {processor.py:925} INFO - DAG(s) 'example_branch_operator' retrieved from /home/airflow/.local/lib/python3.12/site-packages/airflow/example_dags/example_branch_operator.py
[2025-01-19T19:29:32.124+0000] {logging_mixin.py:190} INFO - [2025-01-19T19:29:32.123+0000] {dag.py:3239} INFO - Sync 1 DAGs
[2025-01-19T19:29:32.136+0000] {logging_mixin.py:190} INFO - [2025-01-19T19:29:32.136+0000] {dag.py:4180} INFO - Setting next_dagrun for example_branch_operator to 2025-01-18 00:00:00+00:00, run_after=2025-01-19 00:00:00+00:00
[2025-01-19T19:29:32.146+0000] {processor.py:208} INFO - Processing /home/airflow/.local/lib/python3.12/site-packages/airflow/example_dags/example_branch_operator.py took 0.053 seconds
[2025-01-19T19:30:02.389+0000] {processor.py:186} INFO - Started process (PID=680) to work on /home/airflow/.local/lib/python3.12/site-packages/airflow/example_dags/example_branch_operator.py
[2025-01-19T19:30:02.389+0000] {processor.py:914} INFO - Processing file /home/airflow/.local/lib/python3.12/site-packages/airflow/example_dags/example_branch_operator.py for tasks to queue
[2025-01-19T19:30:02.391+0000] {logging_mixin.py:190} INFO - [2025-01-19T19:30:02.391+0000] {dagbag.py:588} INFO - Filling up the DagBag from /home/airflow/.local/lib/python3.12/site-packages/airflow/example_dags/example_branch_operator.py
[2025-01-19T19:30:02.401+0000] {processor.py:925} INFO - DAG(s) 'example_branch_operator' retrieved from /home/airflow/.local/lib/python3.12/site-packages/airflow/example_dags/example_branch_operator.py
[2025-01-19T19:30:02.416+0000] {logging_mixin.py:190} INFO - [2025-01-19T19:30:02.416+0000] {dag.py:3239} INFO - Sync 1 DAGs
[2025-01-19T19:30:02.430+0000] {logging_mixin.py:190} INFO - [2025-01-19T19:30:02.430+0000] {dag.py:4180} INFO - Setting next_dagrun for example_branch_operator to 2025-01-18 00:00:00+00:00, run_after=2025-01-19 00:00:00+00:00
[2025-01-19T19:30:02.441+0000] {processor.py:208} INFO - Processing /home/airflow/.local/lib/python3.12/site-packages/airflow/example_dags/example_branch_operator.py took 0.055 seconds
[2025-01-19T19:30:33.375+0000] {processor.py:186} INFO - Started process (PID=745) to work on /home/airflow/.local/lib/python3.12/site-packages/airflow/example_dags/example_branch_operator.py
[2025-01-19T19:30:33.375+0000] {processor.py:914} INFO - Processing file /home/airflow/.local/lib/python3.12/site-packages/airflow/example_dags/example_branch_operator.py for tasks to queue
[2025-01-19T19:30:33.377+0000] {logging_mixin.py:190} INFO - [2025-01-19T19:30:33.377+0000] {dagbag.py:588} INFO - Filling up the DagBag from /home/airflow/.local/lib/python3.12/site-packages/airflow/example_dags/example_branch_operator.py
[2025-01-19T19:30:33.389+0000] {processor.py:925} INFO - DAG(s) 'example_branch_operator' retrieved from /home/airflow/.local/lib/python3.12/site-packages/airflow/example_dags/example_branch_operator.py
[2025-01-19T19:30:33.411+0000] {logging_mixin.py:190} INFO - [2025-01-19T19:30:33.411+0000] {dag.py:3239} INFO - Sync 1 DAGs
[2025-01-19T19:30:33.431+0000] {logging_mixin.py:190} INFO - [2025-01-19T19:30:33.430+0000] {dag.py:4180} INFO - Setting next_dagrun for example_branch_operator to 2025-01-18 00:00:00+00:00, run_after=2025-01-19 00:00:00+00:00
[2025-01-19T19:30:33.445+0000] {processor.py:208} INFO - Processing /home/airflow/.local/lib/python3.12/site-packages/airflow/example_dags/example_branch_operator.py took 0.074 seconds
[2025-01-19T19:31:04.411+0000] {processor.py:186} INFO - Started process (PID=810) to work on /home/airflow/.local/lib/python3.12/site-packages/airflow/example_dags/example_branch_operator.py
[2025-01-19T19:31:04.412+0000] {processor.py:914} INFO - Processing file /home/airflow/.local/lib/python3.12/site-packages/airflow/example_dags/example_branch_operator.py for tasks to queue
[2025-01-19T19:31:04.414+0000] {logging_mixin.py:190} INFO - [2025-01-19T19:31:04.413+0000] {dagbag.py:588} INFO - Filling up the DagBag from /home/airflow/.local/lib/python3.12/site-packages/airflow/example_dags/example_branch_operator.py
[2025-01-19T19:31:04.427+0000] {processor.py:925} INFO - DAG(s) 'example_branch_operator' retrieved from /home/airflow/.local/lib/python3.12/site-packages/airflow/example_dags/example_branch_operator.py
[2025-01-19T19:31:04.446+0000] {logging_mixin.py:190} INFO - [2025-01-19T19:31:04.445+0000] {dag.py:3239} INFO - Sync 1 DAGs
[2025-01-19T19:31:04.462+0000] {logging_mixin.py:190} INFO - [2025-01-19T19:31:04.462+0000] {dag.py:4180} INFO - Setting next_dagrun for example_branch_operator to 2025-01-18 00:00:00+00:00, run_after=2025-01-19 00:00:00+00:00
[2025-01-19T19:31:04.475+0000] {processor.py:208} INFO - Processing /home/airflow/.local/lib/python3.12/site-packages/airflow/example_dags/example_branch_operator.py took 0.068 seconds
[2025-01-19T19:31:35.139+0000] {processor.py:186} INFO - Started process (PID=875) to work on /home/airflow/.local/lib/python3.12/site-packages/airflow/example_dags/example_branch_operator.py
[2025-01-19T19:31:35.140+0000] {processor.py:914} INFO - Processing file /home/airflow/.local/lib/python3.12/site-packages/airflow/example_dags/example_branch_operator.py for tasks to queue
[2025-01-19T19:31:35.141+0000] {logging_mixin.py:190} INFO - [2025-01-19T19:31:35.141+0000] {dagbag.py:588} INFO - Filling up the DagBag from /home/airflow/.local/lib/python3.12/site-packages/airflow/example_dags/example_branch_operator.py
[2025-01-19T19:31:35.151+0000] {processor.py:925} INFO - DAG(s) 'example_branch_operator' retrieved from /home/airflow/.local/lib/python3.12/site-packages/airflow/example_dags/example_branch_operator.py
[2025-01-19T19:31:35.165+0000] {logging_mixin.py:190} INFO - [2025-01-19T19:31:35.165+0000] {dag.py:3239} INFO - Sync 1 DAGs
[2025-01-19T19:31:35.178+0000] {logging_mixin.py:190} INFO - [2025-01-19T19:31:35.178+0000] {dag.py:4180} INFO - Setting next_dagrun for example_branch_operator to 2025-01-18 00:00:00+00:00, run_after=2025-01-19 00:00:00+00:00
[2025-01-19T19:31:35.188+0000] {processor.py:208} INFO - Processing /home/airflow/.local/lib/python3.12/site-packages/airflow/example_dags/example_branch_operator.py took 0.053 seconds
[2025-01-19T19:32:06.182+0000] {processor.py:186} INFO - Started process (PID=940) to work on /home/airflow/.local/lib/python3.12/site-packages/airflow/example_dags/example_branch_operator.py
[2025-01-19T19:32:06.183+0000] {processor.py:914} INFO - Processing file /home/airflow/.local/lib/python3.12/site-packages/airflow/example_dags/example_branch_operator.py for tasks to queue
[2025-01-19T19:32:06.185+0000] {logging_mixin.py:190} INFO - [2025-01-19T19:32:06.185+0000] {dagbag.py:588} INFO - Filling up the DagBag from /home/airflow/.local/lib/python3.12/site-packages/airflow/example_dags/example_branch_operator.py
[2025-01-19T19:32:06.197+0000] {processor.py:925} INFO - DAG(s) 'example_branch_operator' retrieved from /home/airflow/.local/lib/python3.12/site-packages/airflow/example_dags/example_branch_operator.py
[2025-01-19T19:32:06.215+0000] {logging_mixin.py:190} INFO - [2025-01-19T19:32:06.214+0000] {dag.py:3239} INFO - Sync 1 DAGs
[2025-01-19T19:32:06.228+0000] {logging_mixin.py:190} INFO - [2025-01-19T19:32:06.228+0000] {dag.py:4180} INFO - Setting next_dagrun for example_branch_operator to 2025-01-18 00:00:00+00:00, run_after=2025-01-19 00:00:00+00:00
[2025-01-19T19:32:06.241+0000] {processor.py:208} INFO - Processing /home/airflow/.local/lib/python3.12/site-packages/airflow/example_dags/example_branch_operator.py took 0.063 seconds
[2025-01-19T19:32:36.585+0000] {processor.py:186} INFO - Started process (PID=1005) to work on /home/airflow/.local/lib/python3.12/site-packages/airflow/example_dags/example_branch_operator.py
[2025-01-19T19:32:36.586+0000] {processor.py:914} INFO - Processing file /home/airflow/.local/lib/python3.12/site-packages/airflow/example_dags/example_branch_operator.py for tasks to queue
[2025-01-19T19:32:36.587+0000] {logging_mixin.py:190} INFO - [2025-01-19T19:32:36.587+0000] {dagbag.py:588} INFO - Filling up the DagBag from /home/airflow/.local/lib/python3.12/site-packages/airflow/example_dags/example_branch_operator.py
[2025-01-19T19:32:36.598+0000] {processor.py:925} INFO - DAG(s) 'example_branch_operator' retrieved from /home/airflow/.local/lib/python3.12/site-packages/airflow/example_dags/example_branch_operator.py
[2025-01-19T19:32:36.615+0000] {logging_mixin.py:190} INFO - [2025-01-19T19:32:36.615+0000] {dag.py:3239} INFO - Sync 1 DAGs
[2025-01-19T19:32:36.629+0000] {logging_mixin.py:190} INFO - [2025-01-19T19:32:36.629+0000] {dag.py:4180} INFO - Setting next_dagrun for example_branch_operator to 2025-01-18 00:00:00+00:00, run_after=2025-01-19 00:00:00+00:00
[2025-01-19T19:32:36.640+0000] {processor.py:208} INFO - Processing /home/airflow/.local/lib/python3.12/site-packages/airflow/example_dags/example_branch_operator.py took 0.059 seconds
[2025-01-19T19:33:07.529+0000] {processor.py:186} INFO - Started process (PID=1070) to work on /home/airflow/.local/lib/python3.12/site-packages/airflow/example_dags/example_branch_operator.py
[2025-01-19T19:33:07.530+0000] {processor.py:914} INFO - Processing file /home/airflow/.local/lib/python3.12/site-packages/airflow/example_dags/example_branch_operator.py for tasks to queue
[2025-01-19T19:33:07.531+0000] {logging_mixin.py:190} INFO - [2025-01-19T19:33:07.531+0000] {dagbag.py:588} INFO - Filling up the DagBag from /home/airflow/.local/lib/python3.12/site-packages/airflow/example_dags/example_branch_operator.py
[2025-01-19T19:33:07.541+0000] {processor.py:925} INFO - DAG(s) 'example_branch_operator' retrieved from /home/airflow/.local/lib/python3.12/site-packages/airflow/example_dags/example_branch_operator.py
[2025-01-19T19:33:07.557+0000] {logging_mixin.py:190} INFO - [2025-01-19T19:33:07.557+0000] {dag.py:3239} INFO - Sync 1 DAGs
[2025-01-19T19:33:07.570+0000] {logging_mixin.py:190} INFO - [2025-01-19T19:33:07.570+0000] {dag.py:4180} INFO - Setting next_dagrun for example_branch_operator to 2025-01-18 00:00:00+00:00, run_after=2025-01-19 00:00:00+00:00
[2025-01-19T19:33:07.581+0000] {processor.py:208} INFO - Processing /home/airflow/.local/lib/python3.12/site-packages/airflow/example_dags/example_branch_operator.py took 0.055 seconds
[2025-01-19T19:34:48.410+0000] {processor.py:186} INFO - Started process (PID=95) to work on /home/airflow/.local/lib/python3.12/site-packages/airflow/example_dags/example_branch_operator.py
[2025-01-19T19:34:48.411+0000] {processor.py:914} INFO - Processing file /home/airflow/.local/lib/python3.12/site-packages/airflow/example_dags/example_branch_operator.py for tasks to queue
[2025-01-19T19:34:48.412+0000] {logging_mixin.py:190} INFO - [2025-01-19T19:34:48.412+0000] {dagbag.py:588} INFO - Filling up the DagBag from /home/airflow/.local/lib/python3.12/site-packages/airflow/example_dags/example_branch_operator.py
[2025-01-19T19:34:48.423+0000] {processor.py:925} INFO - DAG(s) 'example_branch_operator' retrieved from /home/airflow/.local/lib/python3.12/site-packages/airflow/example_dags/example_branch_operator.py
[2025-01-19T19:34:48.483+0000] {logging_mixin.py:190} INFO - [2025-01-19T19:34:48.483+0000] {dag.py:3239} INFO - Sync 1 DAGs
[2025-01-19T19:34:48.495+0000] {logging_mixin.py:190} INFO - [2025-01-19T19:34:48.495+0000] {dag.py:4180} INFO - Setting next_dagrun for example_branch_operator to 2025-01-18 00:00:00+00:00, run_after=2025-01-19 00:00:00+00:00
[2025-01-19T19:34:48.513+0000] {processor.py:208} INFO - Processing /home/airflow/.local/lib/python3.12/site-packages/airflow/example_dags/example_branch_operator.py took 0.106 seconds
[2025-01-19T19:35:19.108+0000] {processor.py:186} INFO - Started process (PID=160) to work on /home/airflow/.local/lib/python3.12/site-packages/airflow/example_dags/example_branch_operator.py
[2025-01-19T19:35:19.108+0000] {processor.py:914} INFO - Processing file /home/airflow/.local/lib/python3.12/site-packages/airflow/example_dags/example_branch_operator.py for tasks to queue
[2025-01-19T19:35:19.110+0000] {logging_mixin.py:190} INFO - [2025-01-19T19:35:19.110+0000] {dagbag.py:588} INFO - Filling up the DagBag from /home/airflow/.local/lib/python3.12/site-packages/airflow/example_dags/example_branch_operator.py
[2025-01-19T19:35:19.120+0000] {processor.py:925} INFO - DAG(s) 'example_branch_operator' retrieved from /home/airflow/.local/lib/python3.12/site-packages/airflow/example_dags/example_branch_operator.py
[2025-01-19T19:35:19.136+0000] {logging_mixin.py:190} INFO - [2025-01-19T19:35:19.136+0000] {dag.py:3239} INFO - Sync 1 DAGs
[2025-01-19T19:35:19.149+0000] {logging_mixin.py:190} INFO - [2025-01-19T19:35:19.149+0000] {dag.py:4180} INFO - Setting next_dagrun for example_branch_operator to 2025-01-18 00:00:00+00:00, run_after=2025-01-19 00:00:00+00:00
[2025-01-19T19:35:19.159+0000] {processor.py:208} INFO - Processing /home/airflow/.local/lib/python3.12/site-packages/airflow/example_dags/example_branch_operator.py took 0.055 seconds
[2025-01-19T19:35:50.468+0000] {processor.py:186} INFO - Started process (PID=226) to work on /home/airflow/.local/lib/python3.12/site-packages/airflow/example_dags/example_branch_operator.py
[2025-01-19T19:35:50.468+0000] {processor.py:914} INFO - Processing file /home/airflow/.local/lib/python3.12/site-packages/airflow/example_dags/example_branch_operator.py for tasks to queue
[2025-01-19T19:35:50.470+0000] {logging_mixin.py:190} INFO - [2025-01-19T19:35:50.469+0000] {dagbag.py:588} INFO - Filling up the DagBag from /home/airflow/.local/lib/python3.12/site-packages/airflow/example_dags/example_branch_operator.py
[2025-01-19T19:35:50.480+0000] {processor.py:925} INFO - DAG(s) 'example_branch_operator' retrieved from /home/airflow/.local/lib/python3.12/site-packages/airflow/example_dags/example_branch_operator.py
[2025-01-19T19:35:50.495+0000] {logging_mixin.py:190} INFO - [2025-01-19T19:35:50.494+0000] {dag.py:3239} INFO - Sync 1 DAGs
[2025-01-19T19:35:50.507+0000] {logging_mixin.py:190} INFO - [2025-01-19T19:35:50.507+0000] {dag.py:4180} INFO - Setting next_dagrun for example_branch_operator to 2025-01-18 00:00:00+00:00, run_after=2025-01-19 00:00:00+00:00
[2025-01-19T19:35:50.517+0000] {processor.py:208} INFO - Processing /home/airflow/.local/lib/python3.12/site-packages/airflow/example_dags/example_branch_operator.py took 0.053 seconds
[2025-01-19T19:36:21.342+0000] {processor.py:186} INFO - Started process (PID=291) to work on /home/airflow/.local/lib/python3.12/site-packages/airflow/example_dags/example_branch_operator.py
[2025-01-19T19:36:21.343+0000] {processor.py:914} INFO - Processing file /home/airflow/.local/lib/python3.12/site-packages/airflow/example_dags/example_branch_operator.py for tasks to queue
[2025-01-19T19:36:21.344+0000] {logging_mixin.py:190} INFO - [2025-01-19T19:36:21.344+0000] {dagbag.py:588} INFO - Filling up the DagBag from /home/airflow/.local/lib/python3.12/site-packages/airflow/example_dags/example_branch_operator.py
[2025-01-19T19:36:21.355+0000] {processor.py:925} INFO - DAG(s) 'example_branch_operator' retrieved from /home/airflow/.local/lib/python3.12/site-packages/airflow/example_dags/example_branch_operator.py
[2025-01-19T19:36:21.370+0000] {logging_mixin.py:190} INFO - [2025-01-19T19:36:21.370+0000] {dag.py:3239} INFO - Sync 1 DAGs
[2025-01-19T19:36:21.383+0000] {logging_mixin.py:190} INFO - [2025-01-19T19:36:21.383+0000] {dag.py:4180} INFO - Setting next_dagrun for example_branch_operator to 2025-01-18 00:00:00+00:00, run_after=2025-01-19 00:00:00+00:00
[2025-01-19T19:36:21.393+0000] {processor.py:208} INFO - Processing /home/airflow/.local/lib/python3.12/site-packages/airflow/example_dags/example_branch_operator.py took 0.054 seconds
[2025-01-19T19:36:51.837+0000] {processor.py:186} INFO - Started process (PID=357) to work on /home/airflow/.local/lib/python3.12/site-packages/airflow/example_dags/example_branch_operator.py
[2025-01-19T19:36:51.838+0000] {processor.py:914} INFO - Processing file /home/airflow/.local/lib/python3.12/site-packages/airflow/example_dags/example_branch_operator.py for tasks to queue
[2025-01-19T19:36:51.840+0000] {logging_mixin.py:190} INFO - [2025-01-19T19:36:51.839+0000] {dagbag.py:588} INFO - Filling up the DagBag from /home/airflow/.local/lib/python3.12/site-packages/airflow/example_dags/example_branch_operator.py
[2025-01-19T19:36:51.851+0000] {processor.py:925} INFO - DAG(s) 'example_branch_operator' retrieved from /home/airflow/.local/lib/python3.12/site-packages/airflow/example_dags/example_branch_operator.py
[2025-01-19T19:36:51.867+0000] {logging_mixin.py:190} INFO - [2025-01-19T19:36:51.867+0000] {dag.py:3239} INFO - Sync 1 DAGs
[2025-01-19T19:36:51.880+0000] {logging_mixin.py:190} INFO - [2025-01-19T19:36:51.880+0000] {dag.py:4180} INFO - Setting next_dagrun for example_branch_operator to 2025-01-18 00:00:00+00:00, run_after=2025-01-19 00:00:00+00:00
[2025-01-19T19:36:51.893+0000] {processor.py:208} INFO - Processing /home/airflow/.local/lib/python3.12/site-packages/airflow/example_dags/example_branch_operator.py took 0.059 seconds
