[2025-01-19T19:25:27.838+0000] {processor.py:186} INFO - Started process (PID=103) to work on /home/airflow/.local/lib/python3.12/site-packages/airflow/example_dags/example_branch_datetime_operator.py
[2025-01-19T19:25:27.838+0000] {processor.py:914} INFO - Processing file /home/airflow/.local/lib/python3.12/site-packages/airflow/example_dags/example_branch_datetime_operator.py for tasks to queue
[2025-01-19T19:25:27.840+0000] {logging_mixin.py:190} INFO - [2025-01-19T19:25:27.840+0000] {dagbag.py:588} INFO - Filling up the DagBag from /home/airflow/.local/lib/python3.12/site-packages/airflow/example_dags/example_branch_datetime_operator.py
[2025-01-19T19:25:27.873+0000] {processor.py:925} INFO - DAG(s) 'example_branch_datetime_operator_3', 'example_branch_datetime_operator_2', 'example_branch_datetime_operator' retrieved from /home/airflow/.local/lib/python3.12/site-packages/airflow/example_dags/example_branch_datetime_operator.py
[2025-01-19T19:25:27.929+0000] {logging_mixin.py:190} INFO - [2025-01-19T19:25:27.928+0000] {override.py:1911} INFO - Created Permission View: can read on DAG:example_branch_datetime_operator_3
[2025-01-19T19:25:27.934+0000] {logging_mixin.py:190} INFO - [2025-01-19T19:25:27.934+0000] {override.py:1911} INFO - Created Permission View: can edit on DAG:example_branch_datetime_operator_3
[2025-01-19T19:25:27.938+0000] {logging_mixin.py:190} INFO - [2025-01-19T19:25:27.938+0000] {override.py:1911} INFO - Created Permission View: can delete on DAG:example_branch_datetime_operator_3
[2025-01-19T19:25:27.943+0000] {logging_mixin.py:190} INFO - [2025-01-19T19:25:27.943+0000] {override.py:1911} INFO - Created Permission View: can read on DAG Run:example_branch_datetime_operator_3
[2025-01-19T19:25:27.947+0000] {logging_mixin.py:190} INFO - [2025-01-19T19:25:27.947+0000] {override.py:1911} INFO - Created Permission View: menu access on DAG Run:example_branch_datetime_operator_3
[2025-01-19T19:25:27.950+0000] {logging_mixin.py:190} INFO - [2025-01-19T19:25:27.950+0000] {override.py:1911} INFO - Created Permission View: can create on DAG Run:example_branch_datetime_operator_3
[2025-01-19T19:25:27.954+0000] {logging_mixin.py:190} INFO - [2025-01-19T19:25:27.954+0000] {override.py:1911} INFO - Created Permission View: can delete on DAG Run:example_branch_datetime_operator_3
[2025-01-19T19:25:27.962+0000] {logging_mixin.py:190} INFO - [2025-01-19T19:25:27.962+0000] {override.py:1911} INFO - Created Permission View: can read on DAG:example_branch_datetime_operator_2
[2025-01-19T19:25:27.966+0000] {logging_mixin.py:190} INFO - [2025-01-19T19:25:27.965+0000] {override.py:1911} INFO - Created Permission View: can edit on DAG:example_branch_datetime_operator_2
[2025-01-19T19:25:27.970+0000] {logging_mixin.py:190} INFO - [2025-01-19T19:25:27.969+0000] {override.py:1911} INFO - Created Permission View: can delete on DAG:example_branch_datetime_operator_2
[2025-01-19T19:25:27.974+0000] {logging_mixin.py:190} INFO - [2025-01-19T19:25:27.974+0000] {override.py:1911} INFO - Created Permission View: can read on DAG Run:example_branch_datetime_operator_2
[2025-01-19T19:25:27.978+0000] {logging_mixin.py:190} INFO - [2025-01-19T19:25:27.978+0000] {override.py:1911} INFO - Created Permission View: menu access on DAG Run:example_branch_datetime_operator_2
[2025-01-19T19:25:27.982+0000] {logging_mixin.py:190} INFO - [2025-01-19T19:25:27.982+0000] {override.py:1911} INFO - Created Permission View: can create on DAG Run:example_branch_datetime_operator_2
[2025-01-19T19:25:27.985+0000] {logging_mixin.py:190} INFO - [2025-01-19T19:25:27.985+0000] {override.py:1911} INFO - Created Permission View: can delete on DAG Run:example_branch_datetime_operator_2
[2025-01-19T19:25:27.994+0000] {logging_mixin.py:190} INFO - [2025-01-19T19:25:27.993+0000] {override.py:1911} INFO - Created Permission View: can read on DAG:example_branch_datetime_operator
[2025-01-19T19:25:27.997+0000] {logging_mixin.py:190} INFO - [2025-01-19T19:25:27.997+0000] {override.py:1911} INFO - Created Permission View: can edit on DAG:example_branch_datetime_operator
[2025-01-19T19:25:28.001+0000] {logging_mixin.py:190} INFO - [2025-01-19T19:25:28.001+0000] {override.py:1911} INFO - Created Permission View: can delete on DAG:example_branch_datetime_operator
[2025-01-19T19:25:28.006+0000] {logging_mixin.py:190} INFO - [2025-01-19T19:25:28.006+0000] {override.py:1911} INFO - Created Permission View: can read on DAG Run:example_branch_datetime_operator
[2025-01-19T19:25:28.010+0000] {logging_mixin.py:190} INFO - [2025-01-19T19:25:28.010+0000] {override.py:1911} INFO - Created Permission View: menu access on DAG Run:example_branch_datetime_operator
[2025-01-19T19:25:28.014+0000] {logging_mixin.py:190} INFO - [2025-01-19T19:25:28.013+0000] {override.py:1911} INFO - Created Permission View: can create on DAG Run:example_branch_datetime_operator
[2025-01-19T19:25:28.017+0000] {logging_mixin.py:190} INFO - [2025-01-19T19:25:28.017+0000] {override.py:1911} INFO - Created Permission View: can delete on DAG Run:example_branch_datetime_operator
[2025-01-19T19:25:28.018+0000] {logging_mixin.py:190} INFO - [2025-01-19T19:25:28.018+0000] {dag.py:3239} INFO - Sync 3 DAGs
[2025-01-19T19:25:28.026+0000] {logging_mixin.py:190} INFO - [2025-01-19T19:25:28.026+0000] {dag.py:3262} INFO - Creating ORM DAG for example_branch_datetime_operator_2
[2025-01-19T19:25:28.027+0000] {logging_mixin.py:190} INFO - [2025-01-19T19:25:28.027+0000] {dag.py:3262} INFO - Creating ORM DAG for example_branch_datetime_operator_3
[2025-01-19T19:25:28.027+0000] {logging_mixin.py:190} INFO - [2025-01-19T19:25:28.027+0000] {dag.py:3262} INFO - Creating ORM DAG for example_branch_datetime_operator
[2025-01-19T19:25:28.033+0000] {logging_mixin.py:190} INFO - [2025-01-19T19:25:28.033+0000] {dag.py:4180} INFO - Setting next_dagrun for example_branch_datetime_operator to 2025-01-18 00:00:00+00:00, run_after=2025-01-19 00:00:00+00:00
[2025-01-19T19:25:28.034+0000] {logging_mixin.py:190} INFO - [2025-01-19T19:25:28.034+0000] {dag.py:4180} INFO - Setting next_dagrun for example_branch_datetime_operator_2 to 2025-01-18 00:00:00+00:00, run_after=2025-01-19 00:00:00+00:00
[2025-01-19T19:25:28.035+0000] {logging_mixin.py:190} INFO - [2025-01-19T19:25:28.035+0000] {dag.py:4180} INFO - Setting next_dagrun for example_branch_datetime_operator_3 to 2025-01-18 00:00:00+00:00, run_after=2025-01-19 00:00:00+00:00
[2025-01-19T19:25:28.044+0000] {processor.py:208} INFO - Processing /home/airflow/.local/lib/python3.12/site-packages/airflow/example_dags/example_branch_datetime_operator.py took 0.210 seconds
[2025-01-19T19:25:58.348+0000] {processor.py:186} INFO - Started process (PID=169) to work on /home/airflow/.local/lib/python3.12/site-packages/airflow/example_dags/example_branch_datetime_operator.py
[2025-01-19T19:25:58.349+0000] {processor.py:914} INFO - Processing file /home/airflow/.local/lib/python3.12/site-packages/airflow/example_dags/example_branch_datetime_operator.py for tasks to queue
[2025-01-19T19:25:58.350+0000] {logging_mixin.py:190} INFO - [2025-01-19T19:25:58.350+0000] {dagbag.py:588} INFO - Filling up the DagBag from /home/airflow/.local/lib/python3.12/site-packages/airflow/example_dags/example_branch_datetime_operator.py
[2025-01-19T19:25:58.358+0000] {processor.py:925} INFO - DAG(s) 'example_branch_datetime_operator', 'example_branch_datetime_operator_3', 'example_branch_datetime_operator_2' retrieved from /home/airflow/.local/lib/python3.12/site-packages/airflow/example_dags/example_branch_datetime_operator.py
[2025-01-19T19:25:58.373+0000] {logging_mixin.py:190} INFO - [2025-01-19T19:25:58.373+0000] {dag.py:3239} INFO - Sync 3 DAGs
[2025-01-19T19:25:58.388+0000] {logging_mixin.py:190} INFO - [2025-01-19T19:25:58.388+0000] {dag.py:4180} INFO - Setting next_dagrun for example_branch_datetime_operator to 2025-01-18 00:00:00+00:00, run_after=2025-01-19 00:00:00+00:00
[2025-01-19T19:25:58.391+0000] {logging_mixin.py:190} INFO - [2025-01-19T19:25:58.390+0000] {dag.py:4180} INFO - Setting next_dagrun for example_branch_datetime_operator_2 to 2025-01-18 00:00:00+00:00, run_after=2025-01-19 00:00:00+00:00
[2025-01-19T19:25:58.392+0000] {logging_mixin.py:190} INFO - [2025-01-19T19:25:58.392+0000] {dag.py:4180} INFO - Setting next_dagrun for example_branch_datetime_operator_3 to 2025-01-18 00:00:00+00:00, run_after=2025-01-19 00:00:00+00:00
[2025-01-19T19:25:58.402+0000] {processor.py:208} INFO - Processing /home/airflow/.local/lib/python3.12/site-packages/airflow/example_dags/example_branch_datetime_operator.py took 0.058 seconds
[2025-01-19T19:26:28.734+0000] {processor.py:186} INFO - Started process (PID=234) to work on /home/airflow/.local/lib/python3.12/site-packages/airflow/example_dags/example_branch_datetime_operator.py
[2025-01-19T19:26:28.734+0000] {processor.py:914} INFO - Processing file /home/airflow/.local/lib/python3.12/site-packages/airflow/example_dags/example_branch_datetime_operator.py for tasks to queue
[2025-01-19T19:26:28.736+0000] {logging_mixin.py:190} INFO - [2025-01-19T19:26:28.736+0000] {dagbag.py:588} INFO - Filling up the DagBag from /home/airflow/.local/lib/python3.12/site-packages/airflow/example_dags/example_branch_datetime_operator.py
[2025-01-19T19:26:28.742+0000] {processor.py:925} INFO - DAG(s) 'example_branch_datetime_operator_3', 'example_branch_datetime_operator_2', 'example_branch_datetime_operator' retrieved from /home/airflow/.local/lib/python3.12/site-packages/airflow/example_dags/example_branch_datetime_operator.py
[2025-01-19T19:26:28.756+0000] {logging_mixin.py:190} INFO - [2025-01-19T19:26:28.756+0000] {dag.py:3239} INFO - Sync 3 DAGs
[2025-01-19T19:26:28.769+0000] {logging_mixin.py:190} INFO - [2025-01-19T19:26:28.769+0000] {dag.py:4180} INFO - Setting next_dagrun for example_branch_datetime_operator to 2025-01-18 00:00:00+00:00, run_after=2025-01-19 00:00:00+00:00
[2025-01-19T19:26:28.772+0000] {logging_mixin.py:190} INFO - [2025-01-19T19:26:28.771+0000] {dag.py:4180} INFO - Setting next_dagrun for example_branch_datetime_operator_2 to 2025-01-18 00:00:00+00:00, run_after=2025-01-19 00:00:00+00:00
[2025-01-19T19:26:28.773+0000] {logging_mixin.py:190} INFO - [2025-01-19T19:26:28.773+0000] {dag.py:4180} INFO - Setting next_dagrun for example_branch_datetime_operator_3 to 2025-01-18 00:00:00+00:00, run_after=2025-01-19 00:00:00+00:00
[2025-01-19T19:26:28.782+0000] {processor.py:208} INFO - Processing /home/airflow/.local/lib/python3.12/site-packages/airflow/example_dags/example_branch_datetime_operator.py took 0.051 seconds
[2025-01-19T19:26:58.823+0000] {processor.py:186} INFO - Started process (PID=298) to work on /home/airflow/.local/lib/python3.12/site-packages/airflow/example_dags/example_branch_datetime_operator.py
[2025-01-19T19:26:58.824+0000] {processor.py:914} INFO - Processing file /home/airflow/.local/lib/python3.12/site-packages/airflow/example_dags/example_branch_datetime_operator.py for tasks to queue
[2025-01-19T19:26:58.826+0000] {logging_mixin.py:190} INFO - [2025-01-19T19:26:58.825+0000] {dagbag.py:588} INFO - Filling up the DagBag from /home/airflow/.local/lib/python3.12/site-packages/airflow/example_dags/example_branch_datetime_operator.py
[2025-01-19T19:26:58.832+0000] {processor.py:925} INFO - DAG(s) 'example_branch_datetime_operator', 'example_branch_datetime_operator_2', 'example_branch_datetime_operator_3' retrieved from /home/airflow/.local/lib/python3.12/site-packages/airflow/example_dags/example_branch_datetime_operator.py
[2025-01-19T19:26:58.847+0000] {logging_mixin.py:190} INFO - [2025-01-19T19:26:58.847+0000] {dag.py:3239} INFO - Sync 3 DAGs
[2025-01-19T19:26:58.861+0000] {logging_mixin.py:190} INFO - [2025-01-19T19:26:58.861+0000] {dag.py:4180} INFO - Setting next_dagrun for example_branch_datetime_operator to 2025-01-18 00:00:00+00:00, run_after=2025-01-19 00:00:00+00:00
[2025-01-19T19:26:58.863+0000] {logging_mixin.py:190} INFO - [2025-01-19T19:26:58.863+0000] {dag.py:4180} INFO - Setting next_dagrun for example_branch_datetime_operator_2 to 2025-01-18 00:00:00+00:00, run_after=2025-01-19 00:00:00+00:00
[2025-01-19T19:26:58.865+0000] {logging_mixin.py:190} INFO - [2025-01-19T19:26:58.865+0000] {dag.py:4180} INFO - Setting next_dagrun for example_branch_datetime_operator_3 to 2025-01-18 00:00:00+00:00, run_after=2025-01-19 00:00:00+00:00
[2025-01-19T19:26:58.874+0000] {processor.py:208} INFO - Processing /home/airflow/.local/lib/python3.12/site-packages/airflow/example_dags/example_branch_datetime_operator.py took 0.054 seconds
[2025-01-19T19:27:29.348+0000] {processor.py:186} INFO - Started process (PID=363) to work on /home/airflow/.local/lib/python3.12/site-packages/airflow/example_dags/example_branch_datetime_operator.py
[2025-01-19T19:27:29.348+0000] {processor.py:914} INFO - Processing file /home/airflow/.local/lib/python3.12/site-packages/airflow/example_dags/example_branch_datetime_operator.py for tasks to queue
[2025-01-19T19:27:29.349+0000] {logging_mixin.py:190} INFO - [2025-01-19T19:27:29.349+0000] {dagbag.py:588} INFO - Filling up the DagBag from /home/airflow/.local/lib/python3.12/site-packages/airflow/example_dags/example_branch_datetime_operator.py
[2025-01-19T19:27:29.356+0000] {processor.py:925} INFO - DAG(s) 'example_branch_datetime_operator', 'example_branch_datetime_operator_2', 'example_branch_datetime_operator_3' retrieved from /home/airflow/.local/lib/python3.12/site-packages/airflow/example_dags/example_branch_datetime_operator.py
[2025-01-19T19:27:29.369+0000] {logging_mixin.py:190} INFO - [2025-01-19T19:27:29.369+0000] {dag.py:3239} INFO - Sync 3 DAGs
[2025-01-19T19:27:29.382+0000] {logging_mixin.py:190} INFO - [2025-01-19T19:27:29.381+0000] {dag.py:4180} INFO - Setting next_dagrun for example_branch_datetime_operator to 2025-01-18 00:00:00+00:00, run_after=2025-01-19 00:00:00+00:00
[2025-01-19T19:27:29.384+0000] {logging_mixin.py:190} INFO - [2025-01-19T19:27:29.384+0000] {dag.py:4180} INFO - Setting next_dagrun for example_branch_datetime_operator_2 to 2025-01-18 00:00:00+00:00, run_after=2025-01-19 00:00:00+00:00
[2025-01-19T19:27:29.385+0000] {logging_mixin.py:190} INFO - [2025-01-19T19:27:29.385+0000] {dag.py:4180} INFO - Setting next_dagrun for example_branch_datetime_operator_3 to 2025-01-18 00:00:00+00:00, run_after=2025-01-19 00:00:00+00:00
[2025-01-19T19:27:29.394+0000] {processor.py:208} INFO - Processing /home/airflow/.local/lib/python3.12/site-packages/airflow/example_dags/example_branch_datetime_operator.py took 0.050 seconds
[2025-01-19T19:28:00.075+0000] {processor.py:186} INFO - Started process (PID=428) to work on /home/airflow/.local/lib/python3.12/site-packages/airflow/example_dags/example_branch_datetime_operator.py
[2025-01-19T19:28:00.075+0000] {processor.py:914} INFO - Processing file /home/airflow/.local/lib/python3.12/site-packages/airflow/example_dags/example_branch_datetime_operator.py for tasks to queue
[2025-01-19T19:28:00.077+0000] {logging_mixin.py:190} INFO - [2025-01-19T19:28:00.077+0000] {dagbag.py:588} INFO - Filling up the DagBag from /home/airflow/.local/lib/python3.12/site-packages/airflow/example_dags/example_branch_datetime_operator.py
[2025-01-19T19:28:00.084+0000] {processor.py:925} INFO - DAG(s) 'example_branch_datetime_operator_2', 'example_branch_datetime_operator_3', 'example_branch_datetime_operator' retrieved from /home/airflow/.local/lib/python3.12/site-packages/airflow/example_dags/example_branch_datetime_operator.py
[2025-01-19T19:28:00.098+0000] {logging_mixin.py:190} INFO - [2025-01-19T19:28:00.098+0000] {dag.py:3239} INFO - Sync 3 DAGs
[2025-01-19T19:28:00.111+0000] {logging_mixin.py:190} INFO - [2025-01-19T19:28:00.111+0000] {dag.py:4180} INFO - Setting next_dagrun for example_branch_datetime_operator to 2025-01-18 00:00:00+00:00, run_after=2025-01-19 00:00:00+00:00
[2025-01-19T19:28:00.114+0000] {logging_mixin.py:190} INFO - [2025-01-19T19:28:00.114+0000] {dag.py:4180} INFO - Setting next_dagrun for example_branch_datetime_operator_2 to 2025-01-18 00:00:00+00:00, run_after=2025-01-19 00:00:00+00:00
[2025-01-19T19:28:00.115+0000] {logging_mixin.py:190} INFO - [2025-01-19T19:28:00.115+0000] {dag.py:4180} INFO - Setting next_dagrun for example_branch_datetime_operator_3 to 2025-01-18 00:00:00+00:00, run_after=2025-01-19 00:00:00+00:00
[2025-01-19T19:28:00.125+0000] {processor.py:208} INFO - Processing /home/airflow/.local/lib/python3.12/site-packages/airflow/example_dags/example_branch_datetime_operator.py took 0.054 seconds
[2025-01-19T19:28:30.510+0000] {processor.py:186} INFO - Started process (PID=493) to work on /home/airflow/.local/lib/python3.12/site-packages/airflow/example_dags/example_branch_datetime_operator.py
[2025-01-19T19:28:30.510+0000] {processor.py:914} INFO - Processing file /home/airflow/.local/lib/python3.12/site-packages/airflow/example_dags/example_branch_datetime_operator.py for tasks to queue
[2025-01-19T19:28:30.512+0000] {logging_mixin.py:190} INFO - [2025-01-19T19:28:30.512+0000] {dagbag.py:588} INFO - Filling up the DagBag from /home/airflow/.local/lib/python3.12/site-packages/airflow/example_dags/example_branch_datetime_operator.py
[2025-01-19T19:28:30.519+0000] {processor.py:925} INFO - DAG(s) 'example_branch_datetime_operator_2', 'example_branch_datetime_operator', 'example_branch_datetime_operator_3' retrieved from /home/airflow/.local/lib/python3.12/site-packages/airflow/example_dags/example_branch_datetime_operator.py
[2025-01-19T19:28:30.535+0000] {logging_mixin.py:190} INFO - [2025-01-19T19:28:30.535+0000] {dag.py:3239} INFO - Sync 3 DAGs
[2025-01-19T19:28:30.549+0000] {logging_mixin.py:190} INFO - [2025-01-19T19:28:30.548+0000] {dag.py:4180} INFO - Setting next_dagrun for example_branch_datetime_operator to 2025-01-18 00:00:00+00:00, run_after=2025-01-19 00:00:00+00:00
[2025-01-19T19:28:30.567+0000] {logging_mixin.py:190} INFO - [2025-01-19T19:28:30.567+0000] {dag.py:4180} INFO - Setting next_dagrun for example_branch_datetime_operator_2 to 2025-01-18 00:00:00+00:00, run_after=2025-01-19 00:00:00+00:00
[2025-01-19T19:28:30.574+0000] {logging_mixin.py:190} INFO - [2025-01-19T19:28:30.573+0000] {dag.py:4180} INFO - Setting next_dagrun for example_branch_datetime_operator_3 to 2025-01-18 00:00:00+00:00, run_after=2025-01-19 00:00:00+00:00
[2025-01-19T19:28:30.584+0000] {processor.py:208} INFO - Processing /home/airflow/.local/lib/python3.12/site-packages/airflow/example_dags/example_branch_datetime_operator.py took 0.078 seconds
[2025-01-19T19:29:01.351+0000] {processor.py:186} INFO - Started process (PID=558) to work on /home/airflow/.local/lib/python3.12/site-packages/airflow/example_dags/example_branch_datetime_operator.py
[2025-01-19T19:29:01.352+0000] {processor.py:914} INFO - Processing file /home/airflow/.local/lib/python3.12/site-packages/airflow/example_dags/example_branch_datetime_operator.py for tasks to queue
[2025-01-19T19:29:01.353+0000] {logging_mixin.py:190} INFO - [2025-01-19T19:29:01.353+0000] {dagbag.py:588} INFO - Filling up the DagBag from /home/airflow/.local/lib/python3.12/site-packages/airflow/example_dags/example_branch_datetime_operator.py
[2025-01-19T19:29:01.359+0000] {processor.py:925} INFO - DAG(s) 'example_branch_datetime_operator', 'example_branch_datetime_operator_3', 'example_branch_datetime_operator_2' retrieved from /home/airflow/.local/lib/python3.12/site-packages/airflow/example_dags/example_branch_datetime_operator.py
[2025-01-19T19:29:01.374+0000] {logging_mixin.py:190} INFO - [2025-01-19T19:29:01.373+0000] {dag.py:3239} INFO - Sync 3 DAGs
[2025-01-19T19:29:01.386+0000] {logging_mixin.py:190} INFO - [2025-01-19T19:29:01.386+0000] {dag.py:4180} INFO - Setting next_dagrun for example_branch_datetime_operator to 2025-01-18 00:00:00+00:00, run_after=2025-01-19 00:00:00+00:00
[2025-01-19T19:29:01.388+0000] {logging_mixin.py:190} INFO - [2025-01-19T19:29:01.388+0000] {dag.py:4180} INFO - Setting next_dagrun for example_branch_datetime_operator_2 to 2025-01-18 00:00:00+00:00, run_after=2025-01-19 00:00:00+00:00
[2025-01-19T19:29:01.390+0000] {logging_mixin.py:190} INFO - [2025-01-19T19:29:01.389+0000] {dag.py:4180} INFO - Setting next_dagrun for example_branch_datetime_operator_3 to 2025-01-18 00:00:00+00:00, run_after=2025-01-19 00:00:00+00:00
[2025-01-19T19:29:01.398+0000] {processor.py:208} INFO - Processing /home/airflow/.local/lib/python3.12/site-packages/airflow/example_dags/example_branch_datetime_operator.py took 0.050 seconds
[2025-01-19T19:29:32.806+0000] {processor.py:186} INFO - Started process (PID=624) to work on /home/airflow/.local/lib/python3.12/site-packages/airflow/example_dags/example_branch_datetime_operator.py
[2025-01-19T19:29:32.807+0000] {processor.py:914} INFO - Processing file /home/airflow/.local/lib/python3.12/site-packages/airflow/example_dags/example_branch_datetime_operator.py for tasks to queue
[2025-01-19T19:29:32.808+0000] {logging_mixin.py:190} INFO - [2025-01-19T19:29:32.808+0000] {dagbag.py:588} INFO - Filling up the DagBag from /home/airflow/.local/lib/python3.12/site-packages/airflow/example_dags/example_branch_datetime_operator.py
[2025-01-19T19:29:32.815+0000] {processor.py:925} INFO - DAG(s) 'example_branch_datetime_operator_2', 'example_branch_datetime_operator_3', 'example_branch_datetime_operator' retrieved from /home/airflow/.local/lib/python3.12/site-packages/airflow/example_dags/example_branch_datetime_operator.py
[2025-01-19T19:29:32.828+0000] {logging_mixin.py:190} INFO - [2025-01-19T19:29:32.828+0000] {dag.py:3239} INFO - Sync 3 DAGs
[2025-01-19T19:29:32.841+0000] {logging_mixin.py:190} INFO - [2025-01-19T19:29:32.841+0000] {dag.py:4180} INFO - Setting next_dagrun for example_branch_datetime_operator to 2025-01-18 00:00:00+00:00, run_after=2025-01-19 00:00:00+00:00
[2025-01-19T19:29:32.843+0000] {logging_mixin.py:190} INFO - [2025-01-19T19:29:32.843+0000] {dag.py:4180} INFO - Setting next_dagrun for example_branch_datetime_operator_2 to 2025-01-18 00:00:00+00:00, run_after=2025-01-19 00:00:00+00:00
[2025-01-19T19:29:32.844+0000] {logging_mixin.py:190} INFO - [2025-01-19T19:29:32.844+0000] {dag.py:4180} INFO - Setting next_dagrun for example_branch_datetime_operator_3 to 2025-01-18 00:00:00+00:00, run_after=2025-01-19 00:00:00+00:00
[2025-01-19T19:29:32.853+0000] {processor.py:208} INFO - Processing /home/airflow/.local/lib/python3.12/site-packages/airflow/example_dags/example_branch_datetime_operator.py took 0.051 seconds
[2025-01-19T19:30:02.890+0000] {processor.py:186} INFO - Started process (PID=688) to work on /home/airflow/.local/lib/python3.12/site-packages/airflow/example_dags/example_branch_datetime_operator.py
[2025-01-19T19:30:02.891+0000] {processor.py:914} INFO - Processing file /home/airflow/.local/lib/python3.12/site-packages/airflow/example_dags/example_branch_datetime_operator.py for tasks to queue
[2025-01-19T19:30:02.893+0000] {logging_mixin.py:190} INFO - [2025-01-19T19:30:02.893+0000] {dagbag.py:588} INFO - Filling up the DagBag from /home/airflow/.local/lib/python3.12/site-packages/airflow/example_dags/example_branch_datetime_operator.py
[2025-01-19T19:30:02.901+0000] {processor.py:925} INFO - DAG(s) 'example_branch_datetime_operator_2', 'example_branch_datetime_operator', 'example_branch_datetime_operator_3' retrieved from /home/airflow/.local/lib/python3.12/site-packages/airflow/example_dags/example_branch_datetime_operator.py
[2025-01-19T19:30:02.919+0000] {logging_mixin.py:190} INFO - [2025-01-19T19:30:02.918+0000] {dag.py:3239} INFO - Sync 3 DAGs
[2025-01-19T19:30:02.935+0000] {logging_mixin.py:190} INFO - [2025-01-19T19:30:02.935+0000] {dag.py:4180} INFO - Setting next_dagrun for example_branch_datetime_operator to 2025-01-18 00:00:00+00:00, run_after=2025-01-19 00:00:00+00:00
[2025-01-19T19:30:02.938+0000] {logging_mixin.py:190} INFO - [2025-01-19T19:30:02.938+0000] {dag.py:4180} INFO - Setting next_dagrun for example_branch_datetime_operator_2 to 2025-01-18 00:00:00+00:00, run_after=2025-01-19 00:00:00+00:00
[2025-01-19T19:30:02.939+0000] {logging_mixin.py:190} INFO - [2025-01-19T19:30:02.939+0000] {dag.py:4180} INFO - Setting next_dagrun for example_branch_datetime_operator_3 to 2025-01-18 00:00:00+00:00, run_after=2025-01-19 00:00:00+00:00
[2025-01-19T19:30:02.949+0000] {processor.py:208} INFO - Processing /home/airflow/.local/lib/python3.12/site-packages/airflow/example_dags/example_branch_datetime_operator.py took 0.063 seconds
[2025-01-19T19:30:33.851+0000] {processor.py:186} INFO - Started process (PID=753) to work on /home/airflow/.local/lib/python3.12/site-packages/airflow/example_dags/example_branch_datetime_operator.py
[2025-01-19T19:30:33.851+0000] {processor.py:914} INFO - Processing file /home/airflow/.local/lib/python3.12/site-packages/airflow/example_dags/example_branch_datetime_operator.py for tasks to queue
[2025-01-19T19:30:33.853+0000] {logging_mixin.py:190} INFO - [2025-01-19T19:30:33.852+0000] {dagbag.py:588} INFO - Filling up the DagBag from /home/airflow/.local/lib/python3.12/site-packages/airflow/example_dags/example_branch_datetime_operator.py
[2025-01-19T19:30:33.860+0000] {processor.py:925} INFO - DAG(s) 'example_branch_datetime_operator', 'example_branch_datetime_operator_2', 'example_branch_datetime_operator_3' retrieved from /home/airflow/.local/lib/python3.12/site-packages/airflow/example_dags/example_branch_datetime_operator.py
[2025-01-19T19:30:33.874+0000] {logging_mixin.py:190} INFO - [2025-01-19T19:30:33.874+0000] {dag.py:3239} INFO - Sync 3 DAGs
[2025-01-19T19:30:33.888+0000] {logging_mixin.py:190} INFO - [2025-01-19T19:30:33.888+0000] {dag.py:4180} INFO - Setting next_dagrun for example_branch_datetime_operator to 2025-01-18 00:00:00+00:00, run_after=2025-01-19 00:00:00+00:00
[2025-01-19T19:30:33.890+0000] {logging_mixin.py:190} INFO - [2025-01-19T19:30:33.890+0000] {dag.py:4180} INFO - Setting next_dagrun for example_branch_datetime_operator_2 to 2025-01-18 00:00:00+00:00, run_after=2025-01-19 00:00:00+00:00
[2025-01-19T19:30:33.892+0000] {logging_mixin.py:190} INFO - [2025-01-19T19:30:33.892+0000] {dag.py:4180} INFO - Setting next_dagrun for example_branch_datetime_operator_3 to 2025-01-18 00:00:00+00:00, run_after=2025-01-19 00:00:00+00:00
[2025-01-19T19:30:33.902+0000] {processor.py:208} INFO - Processing /home/airflow/.local/lib/python3.12/site-packages/airflow/example_dags/example_branch_datetime_operator.py took 0.055 seconds
[2025-01-19T19:31:04.876+0000] {processor.py:186} INFO - Started process (PID=818) to work on /home/airflow/.local/lib/python3.12/site-packages/airflow/example_dags/example_branch_datetime_operator.py
[2025-01-19T19:31:04.877+0000] {processor.py:914} INFO - Processing file /home/airflow/.local/lib/python3.12/site-packages/airflow/example_dags/example_branch_datetime_operator.py for tasks to queue
[2025-01-19T19:31:04.878+0000] {logging_mixin.py:190} INFO - [2025-01-19T19:31:04.878+0000] {dagbag.py:588} INFO - Filling up the DagBag from /home/airflow/.local/lib/python3.12/site-packages/airflow/example_dags/example_branch_datetime_operator.py
[2025-01-19T19:31:04.885+0000] {processor.py:925} INFO - DAG(s) 'example_branch_datetime_operator_2', 'example_branch_datetime_operator_3', 'example_branch_datetime_operator' retrieved from /home/airflow/.local/lib/python3.12/site-packages/airflow/example_dags/example_branch_datetime_operator.py
[2025-01-19T19:31:04.900+0000] {logging_mixin.py:190} INFO - [2025-01-19T19:31:04.900+0000] {dag.py:3239} INFO - Sync 3 DAGs
[2025-01-19T19:31:04.915+0000] {logging_mixin.py:190} INFO - [2025-01-19T19:31:04.915+0000] {dag.py:4180} INFO - Setting next_dagrun for example_branch_datetime_operator to 2025-01-18 00:00:00+00:00, run_after=2025-01-19 00:00:00+00:00
[2025-01-19T19:31:04.917+0000] {logging_mixin.py:190} INFO - [2025-01-19T19:31:04.917+0000] {dag.py:4180} INFO - Setting next_dagrun for example_branch_datetime_operator_2 to 2025-01-18 00:00:00+00:00, run_after=2025-01-19 00:00:00+00:00
[2025-01-19T19:31:04.919+0000] {logging_mixin.py:190} INFO - [2025-01-19T19:31:04.919+0000] {dag.py:4180} INFO - Setting next_dagrun for example_branch_datetime_operator_3 to 2025-01-18 00:00:00+00:00, run_after=2025-01-19 00:00:00+00:00
[2025-01-19T19:31:04.929+0000] {processor.py:208} INFO - Processing /home/airflow/.local/lib/python3.12/site-packages/airflow/example_dags/example_branch_datetime_operator.py took 0.057 seconds
[2025-01-19T19:31:35.598+0000] {processor.py:186} INFO - Started process (PID=883) to work on /home/airflow/.local/lib/python3.12/site-packages/airflow/example_dags/example_branch_datetime_operator.py
[2025-01-19T19:31:35.599+0000] {processor.py:914} INFO - Processing file /home/airflow/.local/lib/python3.12/site-packages/airflow/example_dags/example_branch_datetime_operator.py for tasks to queue
[2025-01-19T19:31:35.601+0000] {logging_mixin.py:190} INFO - [2025-01-19T19:31:35.600+0000] {dagbag.py:588} INFO - Filling up the DagBag from /home/airflow/.local/lib/python3.12/site-packages/airflow/example_dags/example_branch_datetime_operator.py
[2025-01-19T19:31:35.608+0000] {processor.py:925} INFO - DAG(s) 'example_branch_datetime_operator_2', 'example_branch_datetime_operator_3', 'example_branch_datetime_operator' retrieved from /home/airflow/.local/lib/python3.12/site-packages/airflow/example_dags/example_branch_datetime_operator.py
[2025-01-19T19:31:35.626+0000] {logging_mixin.py:190} INFO - [2025-01-19T19:31:35.626+0000] {dag.py:3239} INFO - Sync 3 DAGs
[2025-01-19T19:31:35.642+0000] {logging_mixin.py:190} INFO - [2025-01-19T19:31:35.642+0000] {dag.py:4180} INFO - Setting next_dagrun for example_branch_datetime_operator to 2025-01-18 00:00:00+00:00, run_after=2025-01-19 00:00:00+00:00
[2025-01-19T19:31:35.646+0000] {logging_mixin.py:190} INFO - [2025-01-19T19:31:35.646+0000] {dag.py:4180} INFO - Setting next_dagrun for example_branch_datetime_operator_2 to 2025-01-18 00:00:00+00:00, run_after=2025-01-19 00:00:00+00:00
[2025-01-19T19:31:35.648+0000] {logging_mixin.py:190} INFO - [2025-01-19T19:31:35.647+0000] {dag.py:4180} INFO - Setting next_dagrun for example_branch_datetime_operator_3 to 2025-01-18 00:00:00+00:00, run_after=2025-01-19 00:00:00+00:00
[2025-01-19T19:31:35.660+0000] {processor.py:208} INFO - Processing /home/airflow/.local/lib/python3.12/site-packages/airflow/example_dags/example_branch_datetime_operator.py took 0.066 seconds
[2025-01-19T19:32:06.552+0000] {processor.py:186} INFO - Started process (PID=948) to work on /home/airflow/.local/lib/python3.12/site-packages/airflow/example_dags/example_branch_datetime_operator.py
[2025-01-19T19:32:06.553+0000] {processor.py:914} INFO - Processing file /home/airflow/.local/lib/python3.12/site-packages/airflow/example_dags/example_branch_datetime_operator.py for tasks to queue
[2025-01-19T19:32:06.554+0000] {logging_mixin.py:190} INFO - [2025-01-19T19:32:06.554+0000] {dagbag.py:588} INFO - Filling up the DagBag from /home/airflow/.local/lib/python3.12/site-packages/airflow/example_dags/example_branch_datetime_operator.py
[2025-01-19T19:32:06.562+0000] {processor.py:925} INFO - DAG(s) 'example_branch_datetime_operator_2', 'example_branch_datetime_operator', 'example_branch_datetime_operator_3' retrieved from /home/airflow/.local/lib/python3.12/site-packages/airflow/example_dags/example_branch_datetime_operator.py
[2025-01-19T19:32:06.577+0000] {logging_mixin.py:190} INFO - [2025-01-19T19:32:06.577+0000] {dag.py:3239} INFO - Sync 3 DAGs
[2025-01-19T19:32:06.591+0000] {logging_mixin.py:190} INFO - [2025-01-19T19:32:06.591+0000] {dag.py:4180} INFO - Setting next_dagrun for example_branch_datetime_operator to 2025-01-18 00:00:00+00:00, run_after=2025-01-19 00:00:00+00:00
[2025-01-19T19:32:06.594+0000] {logging_mixin.py:190} INFO - [2025-01-19T19:32:06.594+0000] {dag.py:4180} INFO - Setting next_dagrun for example_branch_datetime_operator_2 to 2025-01-18 00:00:00+00:00, run_after=2025-01-19 00:00:00+00:00
[2025-01-19T19:32:06.595+0000] {logging_mixin.py:190} INFO - [2025-01-19T19:32:06.595+0000] {dag.py:4180} INFO - Setting next_dagrun for example_branch_datetime_operator_3 to 2025-01-18 00:00:00+00:00, run_after=2025-01-19 00:00:00+00:00
[2025-01-19T19:32:06.605+0000] {processor.py:208} INFO - Processing /home/airflow/.local/lib/python3.12/site-packages/airflow/example_dags/example_branch_datetime_operator.py took 0.056 seconds
[2025-01-19T19:32:37.042+0000] {processor.py:186} INFO - Started process (PID=1013) to work on /home/airflow/.local/lib/python3.12/site-packages/airflow/example_dags/example_branch_datetime_operator.py
[2025-01-19T19:32:37.043+0000] {processor.py:914} INFO - Processing file /home/airflow/.local/lib/python3.12/site-packages/airflow/example_dags/example_branch_datetime_operator.py for tasks to queue
[2025-01-19T19:32:37.044+0000] {logging_mixin.py:190} INFO - [2025-01-19T19:32:37.044+0000] {dagbag.py:588} INFO - Filling up the DagBag from /home/airflow/.local/lib/python3.12/site-packages/airflow/example_dags/example_branch_datetime_operator.py
[2025-01-19T19:32:37.053+0000] {processor.py:925} INFO - DAG(s) 'example_branch_datetime_operator_3', 'example_branch_datetime_operator_2', 'example_branch_datetime_operator' retrieved from /home/airflow/.local/lib/python3.12/site-packages/airflow/example_dags/example_branch_datetime_operator.py
[2025-01-19T19:32:37.070+0000] {logging_mixin.py:190} INFO - [2025-01-19T19:32:37.070+0000] {dag.py:3239} INFO - Sync 3 DAGs
[2025-01-19T19:32:37.087+0000] {logging_mixin.py:190} INFO - [2025-01-19T19:32:37.086+0000] {dag.py:4180} INFO - Setting next_dagrun for example_branch_datetime_operator to 2025-01-18 00:00:00+00:00, run_after=2025-01-19 00:00:00+00:00
[2025-01-19T19:32:37.090+0000] {logging_mixin.py:190} INFO - [2025-01-19T19:32:37.090+0000] {dag.py:4180} INFO - Setting next_dagrun for example_branch_datetime_operator_2 to 2025-01-18 00:00:00+00:00, run_after=2025-01-19 00:00:00+00:00
[2025-01-19T19:32:37.092+0000] {logging_mixin.py:190} INFO - [2025-01-19T19:32:37.092+0000] {dag.py:4180} INFO - Setting next_dagrun for example_branch_datetime_operator_3 to 2025-01-18 00:00:00+00:00, run_after=2025-01-19 00:00:00+00:00
[2025-01-19T19:32:37.103+0000] {processor.py:208} INFO - Processing /home/airflow/.local/lib/python3.12/site-packages/airflow/example_dags/example_branch_datetime_operator.py took 0.065 seconds
[2025-01-19T19:33:07.988+0000] {processor.py:186} INFO - Started process (PID=1084) to work on /home/airflow/.local/lib/python3.12/site-packages/airflow/example_dags/example_branch_datetime_operator.py
[2025-01-19T19:33:07.989+0000] {processor.py:914} INFO - Processing file /home/airflow/.local/lib/python3.12/site-packages/airflow/example_dags/example_branch_datetime_operator.py for tasks to queue
[2025-01-19T19:33:07.990+0000] {logging_mixin.py:190} INFO - [2025-01-19T19:33:07.990+0000] {dagbag.py:588} INFO - Filling up the DagBag from /home/airflow/.local/lib/python3.12/site-packages/airflow/example_dags/example_branch_datetime_operator.py
[2025-01-19T19:33:07.997+0000] {processor.py:925} INFO - DAG(s) 'example_branch_datetime_operator_2', 'example_branch_datetime_operator', 'example_branch_datetime_operator_3' retrieved from /home/airflow/.local/lib/python3.12/site-packages/airflow/example_dags/example_branch_datetime_operator.py
[2025-01-19T19:33:08.011+0000] {logging_mixin.py:190} INFO - [2025-01-19T19:33:08.011+0000] {dag.py:3239} INFO - Sync 3 DAGs
[2025-01-19T19:33:08.023+0000] {logging_mixin.py:190} INFO - [2025-01-19T19:33:08.023+0000] {dag.py:4180} INFO - Setting next_dagrun for example_branch_datetime_operator to 2025-01-18 00:00:00+00:00, run_after=2025-01-19 00:00:00+00:00
[2025-01-19T19:33:08.026+0000] {logging_mixin.py:190} INFO - [2025-01-19T19:33:08.026+0000] {dag.py:4180} INFO - Setting next_dagrun for example_branch_datetime_operator_2 to 2025-01-18 00:00:00+00:00, run_after=2025-01-19 00:00:00+00:00
[2025-01-19T19:33:08.027+0000] {logging_mixin.py:190} INFO - [2025-01-19T19:33:08.027+0000] {dag.py:4180} INFO - Setting next_dagrun for example_branch_datetime_operator_3 to 2025-01-18 00:00:00+00:00, run_after=2025-01-19 00:00:00+00:00
[2025-01-19T19:33:08.036+0000] {processor.py:208} INFO - Processing /home/airflow/.local/lib/python3.12/site-packages/airflow/example_dags/example_branch_datetime_operator.py took 0.051 seconds
[2025-01-19T19:34:48.713+0000] {processor.py:186} INFO - Started process (PID=103) to work on /home/airflow/.local/lib/python3.12/site-packages/airflow/example_dags/example_branch_datetime_operator.py
[2025-01-19T19:34:48.713+0000] {processor.py:914} INFO - Processing file /home/airflow/.local/lib/python3.12/site-packages/airflow/example_dags/example_branch_datetime_operator.py for tasks to queue
[2025-01-19T19:34:48.715+0000] {logging_mixin.py:190} INFO - [2025-01-19T19:34:48.715+0000] {dagbag.py:588} INFO - Filling up the DagBag from /home/airflow/.local/lib/python3.12/site-packages/airflow/example_dags/example_branch_datetime_operator.py
[2025-01-19T19:34:48.721+0000] {processor.py:925} INFO - DAG(s) 'example_branch_datetime_operator_2', 'example_branch_datetime_operator_3', 'example_branch_datetime_operator' retrieved from /home/airflow/.local/lib/python3.12/site-packages/airflow/example_dags/example_branch_datetime_operator.py
[2025-01-19T19:34:48.736+0000] {logging_mixin.py:190} INFO - [2025-01-19T19:34:48.736+0000] {dag.py:3239} INFO - Sync 3 DAGs
[2025-01-19T19:34:48.749+0000] {logging_mixin.py:190} INFO - [2025-01-19T19:34:48.749+0000] {dag.py:4180} INFO - Setting next_dagrun for example_branch_datetime_operator to 2025-01-18 00:00:00+00:00, run_after=2025-01-19 00:00:00+00:00
[2025-01-19T19:34:48.751+0000] {logging_mixin.py:190} INFO - [2025-01-19T19:34:48.751+0000] {dag.py:4180} INFO - Setting next_dagrun for example_branch_datetime_operator_2 to 2025-01-18 00:00:00+00:00, run_after=2025-01-19 00:00:00+00:00
[2025-01-19T19:34:48.753+0000] {logging_mixin.py:190} INFO - [2025-01-19T19:34:48.753+0000] {dag.py:4180} INFO - Setting next_dagrun for example_branch_datetime_operator_3 to 2025-01-18 00:00:00+00:00, run_after=2025-01-19 00:00:00+00:00
[2025-01-19T19:34:48.763+0000] {processor.py:208} INFO - Processing /home/airflow/.local/lib/python3.12/site-packages/airflow/example_dags/example_branch_datetime_operator.py took 0.053 seconds
[2025-01-19T19:35:19.392+0000] {processor.py:186} INFO - Started process (PID=168) to work on /home/airflow/.local/lib/python3.12/site-packages/airflow/example_dags/example_branch_datetime_operator.py
[2025-01-19T19:35:19.393+0000] {processor.py:914} INFO - Processing file /home/airflow/.local/lib/python3.12/site-packages/airflow/example_dags/example_branch_datetime_operator.py for tasks to queue
[2025-01-19T19:35:19.394+0000] {logging_mixin.py:190} INFO - [2025-01-19T19:35:19.394+0000] {dagbag.py:588} INFO - Filling up the DagBag from /home/airflow/.local/lib/python3.12/site-packages/airflow/example_dags/example_branch_datetime_operator.py
[2025-01-19T19:35:19.401+0000] {processor.py:925} INFO - DAG(s) 'example_branch_datetime_operator_2', 'example_branch_datetime_operator', 'example_branch_datetime_operator_3' retrieved from /home/airflow/.local/lib/python3.12/site-packages/airflow/example_dags/example_branch_datetime_operator.py
[2025-01-19T19:35:19.416+0000] {logging_mixin.py:190} INFO - [2025-01-19T19:35:19.416+0000] {dag.py:3239} INFO - Sync 3 DAGs
[2025-01-19T19:35:19.430+0000] {logging_mixin.py:190} INFO - [2025-01-19T19:35:19.430+0000] {dag.py:4180} INFO - Setting next_dagrun for example_branch_datetime_operator to 2025-01-18 00:00:00+00:00, run_after=2025-01-19 00:00:00+00:00
[2025-01-19T19:35:19.433+0000] {logging_mixin.py:190} INFO - [2025-01-19T19:35:19.432+0000] {dag.py:4180} INFO - Setting next_dagrun for example_branch_datetime_operator_2 to 2025-01-18 00:00:00+00:00, run_after=2025-01-19 00:00:00+00:00
[2025-01-19T19:35:19.434+0000] {logging_mixin.py:190} INFO - [2025-01-19T19:35:19.434+0000] {dag.py:4180} INFO - Setting next_dagrun for example_branch_datetime_operator_3 to 2025-01-18 00:00:00+00:00, run_after=2025-01-19 00:00:00+00:00
[2025-01-19T19:35:19.443+0000] {processor.py:208} INFO - Processing /home/airflow/.local/lib/python3.12/site-packages/airflow/example_dags/example_branch_datetime_operator.py took 0.056 seconds
[2025-01-19T19:35:50.785+0000] {processor.py:186} INFO - Started process (PID=234) to work on /home/airflow/.local/lib/python3.12/site-packages/airflow/example_dags/example_branch_datetime_operator.py
[2025-01-19T19:35:50.785+0000] {processor.py:914} INFO - Processing file /home/airflow/.local/lib/python3.12/site-packages/airflow/example_dags/example_branch_datetime_operator.py for tasks to queue
[2025-01-19T19:35:50.787+0000] {logging_mixin.py:190} INFO - [2025-01-19T19:35:50.787+0000] {dagbag.py:588} INFO - Filling up the DagBag from /home/airflow/.local/lib/python3.12/site-packages/airflow/example_dags/example_branch_datetime_operator.py
[2025-01-19T19:35:50.794+0000] {processor.py:925} INFO - DAG(s) 'example_branch_datetime_operator_3', 'example_branch_datetime_operator', 'example_branch_datetime_operator_2' retrieved from /home/airflow/.local/lib/python3.12/site-packages/airflow/example_dags/example_branch_datetime_operator.py
[2025-01-19T19:35:50.808+0000] {logging_mixin.py:190} INFO - [2025-01-19T19:35:50.808+0000] {dag.py:3239} INFO - Sync 3 DAGs
[2025-01-19T19:35:50.822+0000] {logging_mixin.py:190} INFO - [2025-01-19T19:35:50.822+0000] {dag.py:4180} INFO - Setting next_dagrun for example_branch_datetime_operator to 2025-01-18 00:00:00+00:00, run_after=2025-01-19 00:00:00+00:00
[2025-01-19T19:35:50.824+0000] {logging_mixin.py:190} INFO - [2025-01-19T19:35:50.824+0000] {dag.py:4180} INFO - Setting next_dagrun for example_branch_datetime_operator_2 to 2025-01-18 00:00:00+00:00, run_after=2025-01-19 00:00:00+00:00
[2025-01-19T19:35:50.825+0000] {logging_mixin.py:190} INFO - [2025-01-19T19:35:50.825+0000] {dag.py:4180} INFO - Setting next_dagrun for example_branch_datetime_operator_3 to 2025-01-18 00:00:00+00:00, run_after=2025-01-19 00:00:00+00:00
[2025-01-19T19:35:50.835+0000] {processor.py:208} INFO - Processing /home/airflow/.local/lib/python3.12/site-packages/airflow/example_dags/example_branch_datetime_operator.py took 0.054 seconds
[2025-01-19T19:36:21.696+0000] {processor.py:186} INFO - Started process (PID=299) to work on /home/airflow/.local/lib/python3.12/site-packages/airflow/example_dags/example_branch_datetime_operator.py
[2025-01-19T19:36:21.697+0000] {processor.py:914} INFO - Processing file /home/airflow/.local/lib/python3.12/site-packages/airflow/example_dags/example_branch_datetime_operator.py for tasks to queue
[2025-01-19T19:36:21.698+0000] {logging_mixin.py:190} INFO - [2025-01-19T19:36:21.698+0000] {dagbag.py:588} INFO - Filling up the DagBag from /home/airflow/.local/lib/python3.12/site-packages/airflow/example_dags/example_branch_datetime_operator.py
[2025-01-19T19:36:21.705+0000] {processor.py:925} INFO - DAG(s) 'example_branch_datetime_operator_2', 'example_branch_datetime_operator', 'example_branch_datetime_operator_3' retrieved from /home/airflow/.local/lib/python3.12/site-packages/airflow/example_dags/example_branch_datetime_operator.py
[2025-01-19T19:36:21.718+0000] {logging_mixin.py:190} INFO - [2025-01-19T19:36:21.718+0000] {dag.py:3239} INFO - Sync 3 DAGs
[2025-01-19T19:36:21.731+0000] {logging_mixin.py:190} INFO - [2025-01-19T19:36:21.731+0000] {dag.py:4180} INFO - Setting next_dagrun for example_branch_datetime_operator to 2025-01-18 00:00:00+00:00, run_after=2025-01-19 00:00:00+00:00
[2025-01-19T19:36:21.733+0000] {logging_mixin.py:190} INFO - [2025-01-19T19:36:21.733+0000] {dag.py:4180} INFO - Setting next_dagrun for example_branch_datetime_operator_2 to 2025-01-18 00:00:00+00:00, run_after=2025-01-19 00:00:00+00:00
[2025-01-19T19:36:21.734+0000] {logging_mixin.py:190} INFO - [2025-01-19T19:36:21.734+0000] {dag.py:4180} INFO - Setting next_dagrun for example_branch_datetime_operator_3 to 2025-01-18 00:00:00+00:00, run_after=2025-01-19 00:00:00+00:00
[2025-01-19T19:36:21.743+0000] {processor.py:208} INFO - Processing /home/airflow/.local/lib/python3.12/site-packages/airflow/example_dags/example_branch_datetime_operator.py took 0.050 seconds
[2025-01-19T19:36:52.220+0000] {processor.py:186} INFO - Started process (PID=365) to work on /home/airflow/.local/lib/python3.12/site-packages/airflow/example_dags/example_branch_datetime_operator.py
[2025-01-19T19:36:52.221+0000] {processor.py:914} INFO - Processing file /home/airflow/.local/lib/python3.12/site-packages/airflow/example_dags/example_branch_datetime_operator.py for tasks to queue
[2025-01-19T19:36:52.223+0000] {logging_mixin.py:190} INFO - [2025-01-19T19:36:52.222+0000] {dagbag.py:588} INFO - Filling up the DagBag from /home/airflow/.local/lib/python3.12/site-packages/airflow/example_dags/example_branch_datetime_operator.py
[2025-01-19T19:36:52.230+0000] {processor.py:925} INFO - DAG(s) 'example_branch_datetime_operator_2', 'example_branch_datetime_operator_3', 'example_branch_datetime_operator' retrieved from /home/airflow/.local/lib/python3.12/site-packages/airflow/example_dags/example_branch_datetime_operator.py
[2025-01-19T19:36:52.247+0000] {logging_mixin.py:190} INFO - [2025-01-19T19:36:52.247+0000] {dag.py:3239} INFO - Sync 3 DAGs
[2025-01-19T19:36:52.260+0000] {logging_mixin.py:190} INFO - [2025-01-19T19:36:52.260+0000] {dag.py:4180} INFO - Setting next_dagrun for example_branch_datetime_operator to 2025-01-18 00:00:00+00:00, run_after=2025-01-19 00:00:00+00:00
[2025-01-19T19:36:52.263+0000] {logging_mixin.py:190} INFO - [2025-01-19T19:36:52.263+0000] {dag.py:4180} INFO - Setting next_dagrun for example_branch_datetime_operator_2 to 2025-01-18 00:00:00+00:00, run_after=2025-01-19 00:00:00+00:00
[2025-01-19T19:36:52.264+0000] {logging_mixin.py:190} INFO - [2025-01-19T19:36:52.264+0000] {dag.py:4180} INFO - Setting next_dagrun for example_branch_datetime_operator_3 to 2025-01-18 00:00:00+00:00, run_after=2025-01-19 00:00:00+00:00
[2025-01-19T19:36:52.274+0000] {processor.py:208} INFO - Processing /home/airflow/.local/lib/python3.12/site-packages/airflow/example_dags/example_branch_datetime_operator.py took 0.058 seconds
