[2025-01-19T19:25:21.559+0000] {processor.py:186} INFO - Started process (PID=65) to work on /home/airflow/.local/lib/python3.12/site-packages/airflow/example_dags/example_nested_branch_dag.py
[2025-01-19T19:25:21.560+0000] {processor.py:914} INFO - Processing file /home/airflow/.local/lib/python3.12/site-packages/airflow/example_dags/example_nested_branch_dag.py for tasks to queue
[2025-01-19T19:25:21.561+0000] {logging_mixin.py:190} INFO - [2025-01-19T19:25:21.561+0000] {dagbag.py:588} INFO - Filling up the DagBag from /home/airflow/.local/lib/python3.12/site-packages/airflow/example_dags/example_nested_branch_dag.py
[2025-01-19T19:25:21.589+0000] {processor.py:925} INFO - DAG(s) 'example_nested_branch_dag' retrieved from /home/airflow/.local/lib/python3.12/site-packages/airflow/example_dags/example_nested_branch_dag.py
[2025-01-19T19:25:21.660+0000] {logging_mixin.py:190} INFO - [2025-01-19T19:25:21.659+0000] {override.py:1911} INFO - Created Permission View: can read on DAG:example_nested_branch_dag
[2025-01-19T19:25:21.667+0000] {logging_mixin.py:190} INFO - [2025-01-19T19:25:21.666+0000] {override.py:1911} INFO - Created Permission View: can edit on DAG:example_nested_branch_dag
[2025-01-19T19:25:21.671+0000] {logging_mixin.py:190} INFO - [2025-01-19T19:25:21.671+0000] {override.py:1911} INFO - Created Permission View: can delete on DAG:example_nested_branch_dag
[2025-01-19T19:25:21.677+0000] {logging_mixin.py:190} INFO - [2025-01-19T19:25:21.677+0000] {override.py:1911} INFO - Created Permission View: can read on DAG Run:example_nested_branch_dag
[2025-01-19T19:25:21.681+0000] {logging_mixin.py:190} INFO - [2025-01-19T19:25:21.681+0000] {override.py:1911} INFO - Created Permission View: menu access on DAG Run:example_nested_branch_dag
[2025-01-19T19:25:21.685+0000] {logging_mixin.py:190} INFO - [2025-01-19T19:25:21.685+0000] {override.py:1911} INFO - Created Permission View: can create on DAG Run:example_nested_branch_dag
[2025-01-19T19:25:21.689+0000] {logging_mixin.py:190} INFO - [2025-01-19T19:25:21.689+0000] {override.py:1911} INFO - Created Permission View: can delete on DAG Run:example_nested_branch_dag
[2025-01-19T19:25:21.690+0000] {logging_mixin.py:190} INFO - [2025-01-19T19:25:21.690+0000] {dag.py:3239} INFO - Sync 1 DAGs
[2025-01-19T19:25:21.697+0000] {logging_mixin.py:190} INFO - [2025-01-19T19:25:21.697+0000] {dag.py:3262} INFO - Creating ORM DAG for example_nested_branch_dag
[2025-01-19T19:25:21.703+0000] {logging_mixin.py:190} INFO - [2025-01-19T19:25:21.703+0000] {dag.py:4180} INFO - Setting next_dagrun for example_nested_branch_dag to 2025-01-18 00:00:00+00:00, run_after=2025-01-19 00:00:00+00:00
[2025-01-19T19:25:21.713+0000] {processor.py:208} INFO - Processing /home/airflow/.local/lib/python3.12/site-packages/airflow/example_dags/example_nested_branch_dag.py took 0.157 seconds
[2025-01-19T19:25:52.547+0000] {processor.py:186} INFO - Started process (PID=130) to work on /home/airflow/.local/lib/python3.12/site-packages/airflow/example_dags/example_nested_branch_dag.py
[2025-01-19T19:25:52.548+0000] {processor.py:914} INFO - Processing file /home/airflow/.local/lib/python3.12/site-packages/airflow/example_dags/example_nested_branch_dag.py for tasks to queue
[2025-01-19T19:25:52.549+0000] {logging_mixin.py:190} INFO - [2025-01-19T19:25:52.549+0000] {dagbag.py:588} INFO - Filling up the DagBag from /home/airflow/.local/lib/python3.12/site-packages/airflow/example_dags/example_nested_branch_dag.py
[2025-01-19T19:25:52.556+0000] {processor.py:925} INFO - DAG(s) 'example_nested_branch_dag' retrieved from /home/airflow/.local/lib/python3.12/site-packages/airflow/example_dags/example_nested_branch_dag.py
[2025-01-19T19:25:52.567+0000] {logging_mixin.py:190} INFO - [2025-01-19T19:25:52.567+0000] {dag.py:3239} INFO - Sync 1 DAGs
[2025-01-19T19:25:52.579+0000] {logging_mixin.py:190} INFO - [2025-01-19T19:25:52.579+0000] {dag.py:4180} INFO - Setting next_dagrun for example_nested_branch_dag to 2025-01-18 00:00:00+00:00, run_after=2025-01-19 00:00:00+00:00
[2025-01-19T19:25:52.589+0000] {processor.py:208} INFO - Processing /home/airflow/.local/lib/python3.12/site-packages/airflow/example_dags/example_nested_branch_dag.py took 0.045 seconds
[2025-01-19T19:26:23.424+0000] {processor.py:186} INFO - Started process (PID=195) to work on /home/airflow/.local/lib/python3.12/site-packages/airflow/example_dags/example_nested_branch_dag.py
[2025-01-19T19:26:23.425+0000] {processor.py:914} INFO - Processing file /home/airflow/.local/lib/python3.12/site-packages/airflow/example_dags/example_nested_branch_dag.py for tasks to queue
[2025-01-19T19:26:23.426+0000] {logging_mixin.py:190} INFO - [2025-01-19T19:26:23.426+0000] {dagbag.py:588} INFO - Filling up the DagBag from /home/airflow/.local/lib/python3.12/site-packages/airflow/example_dags/example_nested_branch_dag.py
[2025-01-19T19:26:23.432+0000] {processor.py:925} INFO - DAG(s) 'example_nested_branch_dag' retrieved from /home/airflow/.local/lib/python3.12/site-packages/airflow/example_dags/example_nested_branch_dag.py
[2025-01-19T19:26:23.443+0000] {logging_mixin.py:190} INFO - [2025-01-19T19:26:23.443+0000] {dag.py:3239} INFO - Sync 1 DAGs
[2025-01-19T19:26:23.457+0000] {logging_mixin.py:190} INFO - [2025-01-19T19:26:23.456+0000] {dag.py:4180} INFO - Setting next_dagrun for example_nested_branch_dag to 2025-01-18 00:00:00+00:00, run_after=2025-01-19 00:00:00+00:00
[2025-01-19T19:26:23.467+0000] {processor.py:208} INFO - Processing /home/airflow/.local/lib/python3.12/site-packages/airflow/example_dags/example_nested_branch_dag.py took 0.047 seconds
[2025-01-19T19:26:53.738+0000] {processor.py:186} INFO - Started process (PID=259) to work on /home/airflow/.local/lib/python3.12/site-packages/airflow/example_dags/example_nested_branch_dag.py
[2025-01-19T19:26:53.738+0000] {processor.py:914} INFO - Processing file /home/airflow/.local/lib/python3.12/site-packages/airflow/example_dags/example_nested_branch_dag.py for tasks to queue
[2025-01-19T19:26:53.740+0000] {logging_mixin.py:190} INFO - [2025-01-19T19:26:53.740+0000] {dagbag.py:588} INFO - Filling up the DagBag from /home/airflow/.local/lib/python3.12/site-packages/airflow/example_dags/example_nested_branch_dag.py
[2025-01-19T19:26:53.746+0000] {processor.py:925} INFO - DAG(s) 'example_nested_branch_dag' retrieved from /home/airflow/.local/lib/python3.12/site-packages/airflow/example_dags/example_nested_branch_dag.py
[2025-01-19T19:26:53.757+0000] {logging_mixin.py:190} INFO - [2025-01-19T19:26:53.757+0000] {dag.py:3239} INFO - Sync 1 DAGs
[2025-01-19T19:26:53.770+0000] {logging_mixin.py:190} INFO - [2025-01-19T19:26:53.770+0000] {dag.py:4180} INFO - Setting next_dagrun for example_nested_branch_dag to 2025-01-18 00:00:00+00:00, run_after=2025-01-19 00:00:00+00:00
[2025-01-19T19:26:53.781+0000] {processor.py:208} INFO - Processing /home/airflow/.local/lib/python3.12/site-packages/airflow/example_dags/example_nested_branch_dag.py took 0.049 seconds
[2025-01-19T19:27:24.084+0000] {processor.py:186} INFO - Started process (PID=324) to work on /home/airflow/.local/lib/python3.12/site-packages/airflow/example_dags/example_nested_branch_dag.py
[2025-01-19T19:27:24.085+0000] {processor.py:914} INFO - Processing file /home/airflow/.local/lib/python3.12/site-packages/airflow/example_dags/example_nested_branch_dag.py for tasks to queue
[2025-01-19T19:27:24.087+0000] {logging_mixin.py:190} INFO - [2025-01-19T19:27:24.087+0000] {dagbag.py:588} INFO - Filling up the DagBag from /home/airflow/.local/lib/python3.12/site-packages/airflow/example_dags/example_nested_branch_dag.py
[2025-01-19T19:27:24.094+0000] {processor.py:925} INFO - DAG(s) 'example_nested_branch_dag' retrieved from /home/airflow/.local/lib/python3.12/site-packages/airflow/example_dags/example_nested_branch_dag.py
[2025-01-19T19:27:24.107+0000] {logging_mixin.py:190} INFO - [2025-01-19T19:27:24.107+0000] {dag.py:3239} INFO - Sync 1 DAGs
[2025-01-19T19:27:24.120+0000] {logging_mixin.py:190} INFO - [2025-01-19T19:27:24.120+0000] {dag.py:4180} INFO - Setting next_dagrun for example_nested_branch_dag to 2025-01-18 00:00:00+00:00, run_after=2025-01-19 00:00:00+00:00
[2025-01-19T19:27:24.129+0000] {processor.py:208} INFO - Processing /home/airflow/.local/lib/python3.12/site-packages/airflow/example_dags/example_nested_branch_dag.py took 0.050 seconds
[2025-01-19T19:27:54.345+0000] {processor.py:186} INFO - Started process (PID=389) to work on /home/airflow/.local/lib/python3.12/site-packages/airflow/example_dags/example_nested_branch_dag.py
[2025-01-19T19:27:54.345+0000] {processor.py:914} INFO - Processing file /home/airflow/.local/lib/python3.12/site-packages/airflow/example_dags/example_nested_branch_dag.py for tasks to queue
[2025-01-19T19:27:54.367+0000] {logging_mixin.py:190} INFO - [2025-01-19T19:27:54.367+0000] {dagbag.py:588} INFO - Filling up the DagBag from /home/airflow/.local/lib/python3.12/site-packages/airflow/example_dags/example_nested_branch_dag.py
[2025-01-19T19:27:54.374+0000] {processor.py:925} INFO - DAG(s) 'example_nested_branch_dag' retrieved from /home/airflow/.local/lib/python3.12/site-packages/airflow/example_dags/example_nested_branch_dag.py
[2025-01-19T19:27:54.438+0000] {logging_mixin.py:190} INFO - [2025-01-19T19:27:54.438+0000] {dag.py:3239} INFO - Sync 1 DAGs
[2025-01-19T19:27:54.452+0000] {logging_mixin.py:190} INFO - [2025-01-19T19:27:54.452+0000] {dag.py:4180} INFO - Setting next_dagrun for example_nested_branch_dag to 2025-01-18 00:00:00+00:00, run_after=2025-01-19 00:00:00+00:00
[2025-01-19T19:27:54.466+0000] {processor.py:208} INFO - Processing /home/airflow/.local/lib/python3.12/site-packages/airflow/example_dags/example_nested_branch_dag.py took 0.126 seconds
[2025-01-19T19:28:25.325+0000] {processor.py:186} INFO - Started process (PID=454) to work on /home/airflow/.local/lib/python3.12/site-packages/airflow/example_dags/example_nested_branch_dag.py
[2025-01-19T19:28:25.325+0000] {processor.py:914} INFO - Processing file /home/airflow/.local/lib/python3.12/site-packages/airflow/example_dags/example_nested_branch_dag.py for tasks to queue
[2025-01-19T19:28:25.327+0000] {logging_mixin.py:190} INFO - [2025-01-19T19:28:25.326+0000] {dagbag.py:588} INFO - Filling up the DagBag from /home/airflow/.local/lib/python3.12/site-packages/airflow/example_dags/example_nested_branch_dag.py
[2025-01-19T19:28:25.333+0000] {processor.py:925} INFO - DAG(s) 'example_nested_branch_dag' retrieved from /home/airflow/.local/lib/python3.12/site-packages/airflow/example_dags/example_nested_branch_dag.py
[2025-01-19T19:28:25.343+0000] {logging_mixin.py:190} INFO - [2025-01-19T19:28:25.343+0000] {dag.py:3239} INFO - Sync 1 DAGs
[2025-01-19T19:28:25.356+0000] {logging_mixin.py:190} INFO - [2025-01-19T19:28:25.356+0000] {dag.py:4180} INFO - Setting next_dagrun for example_nested_branch_dag to 2025-01-18 00:00:00+00:00, run_after=2025-01-19 00:00:00+00:00
[2025-01-19T19:28:25.366+0000] {processor.py:208} INFO - Processing /home/airflow/.local/lib/python3.12/site-packages/airflow/example_dags/example_nested_branch_dag.py took 0.045 seconds
[2025-01-19T19:28:55.509+0000] {processor.py:186} INFO - Started process (PID=519) to work on /home/airflow/.local/lib/python3.12/site-packages/airflow/example_dags/example_nested_branch_dag.py
[2025-01-19T19:28:55.509+0000] {processor.py:914} INFO - Processing file /home/airflow/.local/lib/python3.12/site-packages/airflow/example_dags/example_nested_branch_dag.py for tasks to queue
[2025-01-19T19:28:55.511+0000] {logging_mixin.py:190} INFO - [2025-01-19T19:28:55.511+0000] {dagbag.py:588} INFO - Filling up the DagBag from /home/airflow/.local/lib/python3.12/site-packages/airflow/example_dags/example_nested_branch_dag.py
[2025-01-19T19:28:55.518+0000] {processor.py:925} INFO - DAG(s) 'example_nested_branch_dag' retrieved from /home/airflow/.local/lib/python3.12/site-packages/airflow/example_dags/example_nested_branch_dag.py
[2025-01-19T19:28:55.530+0000] {logging_mixin.py:190} INFO - [2025-01-19T19:28:55.530+0000] {dag.py:3239} INFO - Sync 1 DAGs
[2025-01-19T19:28:55.543+0000] {logging_mixin.py:190} INFO - [2025-01-19T19:28:55.543+0000] {dag.py:4180} INFO - Setting next_dagrun for example_nested_branch_dag to 2025-01-18 00:00:00+00:00, run_after=2025-01-19 00:00:00+00:00
[2025-01-19T19:28:55.553+0000] {processor.py:208} INFO - Processing /home/airflow/.local/lib/python3.12/site-packages/airflow/example_dags/example_nested_branch_dag.py took 0.049 seconds
[2025-01-19T19:29:25.789+0000] {processor.py:186} INFO - Started process (PID=584) to work on /home/airflow/.local/lib/python3.12/site-packages/airflow/example_dags/example_nested_branch_dag.py
[2025-01-19T19:29:25.789+0000] {processor.py:914} INFO - Processing file /home/airflow/.local/lib/python3.12/site-packages/airflow/example_dags/example_nested_branch_dag.py for tasks to queue
[2025-01-19T19:29:25.791+0000] {logging_mixin.py:190} INFO - [2025-01-19T19:29:25.791+0000] {dagbag.py:588} INFO - Filling up the DagBag from /home/airflow/.local/lib/python3.12/site-packages/airflow/example_dags/example_nested_branch_dag.py
[2025-01-19T19:29:25.799+0000] {processor.py:925} INFO - DAG(s) 'example_nested_branch_dag' retrieved from /home/airflow/.local/lib/python3.12/site-packages/airflow/example_dags/example_nested_branch_dag.py
[2025-01-19T19:29:25.811+0000] {logging_mixin.py:190} INFO - [2025-01-19T19:29:25.811+0000] {dag.py:3239} INFO - Sync 1 DAGs
[2025-01-19T19:29:25.825+0000] {logging_mixin.py:190} INFO - [2025-01-19T19:29:25.825+0000] {dag.py:4180} INFO - Setting next_dagrun for example_nested_branch_dag to 2025-01-18 00:00:00+00:00, run_after=2025-01-19 00:00:00+00:00
[2025-01-19T19:29:25.838+0000] {processor.py:208} INFO - Processing /home/airflow/.local/lib/python3.12/site-packages/airflow/example_dags/example_nested_branch_dag.py took 0.053 seconds
[2025-01-19T19:29:56.784+0000] {processor.py:186} INFO - Started process (PID=649) to work on /home/airflow/.local/lib/python3.12/site-packages/airflow/example_dags/example_nested_branch_dag.py
[2025-01-19T19:29:56.785+0000] {processor.py:914} INFO - Processing file /home/airflow/.local/lib/python3.12/site-packages/airflow/example_dags/example_nested_branch_dag.py for tasks to queue
[2025-01-19T19:29:56.786+0000] {logging_mixin.py:190} INFO - [2025-01-19T19:29:56.786+0000] {dagbag.py:588} INFO - Filling up the DagBag from /home/airflow/.local/lib/python3.12/site-packages/airflow/example_dags/example_nested_branch_dag.py
[2025-01-19T19:29:56.793+0000] {processor.py:925} INFO - DAG(s) 'example_nested_branch_dag' retrieved from /home/airflow/.local/lib/python3.12/site-packages/airflow/example_dags/example_nested_branch_dag.py
[2025-01-19T19:29:56.804+0000] {logging_mixin.py:190} INFO - [2025-01-19T19:29:56.804+0000] {dag.py:3239} INFO - Sync 1 DAGs
[2025-01-19T19:29:56.855+0000] {logging_mixin.py:190} INFO - [2025-01-19T19:29:56.855+0000] {dag.py:4180} INFO - Setting next_dagrun for example_nested_branch_dag to 2025-01-18 00:00:00+00:00, run_after=2025-01-19 00:00:00+00:00
[2025-01-19T19:29:56.867+0000] {processor.py:208} INFO - Processing /home/airflow/.local/lib/python3.12/site-packages/airflow/example_dags/example_nested_branch_dag.py took 0.087 seconds
[2025-01-19T19:30:27.107+0000] {processor.py:186} INFO - Started process (PID=714) to work on /home/airflow/.local/lib/python3.12/site-packages/airflow/example_dags/example_nested_branch_dag.py
[2025-01-19T19:30:27.108+0000] {processor.py:914} INFO - Processing file /home/airflow/.local/lib/python3.12/site-packages/airflow/example_dags/example_nested_branch_dag.py for tasks to queue
[2025-01-19T19:30:27.109+0000] {logging_mixin.py:190} INFO - [2025-01-19T19:30:27.109+0000] {dagbag.py:588} INFO - Filling up the DagBag from /home/airflow/.local/lib/python3.12/site-packages/airflow/example_dags/example_nested_branch_dag.py
[2025-01-19T19:30:27.116+0000] {processor.py:925} INFO - DAG(s) 'example_nested_branch_dag' retrieved from /home/airflow/.local/lib/python3.12/site-packages/airflow/example_dags/example_nested_branch_dag.py
[2025-01-19T19:30:27.128+0000] {logging_mixin.py:190} INFO - [2025-01-19T19:30:27.128+0000] {dag.py:3239} INFO - Sync 1 DAGs
[2025-01-19T19:30:27.141+0000] {logging_mixin.py:190} INFO - [2025-01-19T19:30:27.141+0000] {dag.py:4180} INFO - Setting next_dagrun for example_nested_branch_dag to 2025-01-18 00:00:00+00:00, run_after=2025-01-19 00:00:00+00:00
[2025-01-19T19:30:27.153+0000] {processor.py:208} INFO - Processing /home/airflow/.local/lib/python3.12/site-packages/airflow/example_dags/example_nested_branch_dag.py took 0.049 seconds
[2025-01-19T19:30:57.778+0000] {processor.py:186} INFO - Started process (PID=779) to work on /home/airflow/.local/lib/python3.12/site-packages/airflow/example_dags/example_nested_branch_dag.py
[2025-01-19T19:30:57.779+0000] {processor.py:914} INFO - Processing file /home/airflow/.local/lib/python3.12/site-packages/airflow/example_dags/example_nested_branch_dag.py for tasks to queue
[2025-01-19T19:30:57.780+0000] {logging_mixin.py:190} INFO - [2025-01-19T19:30:57.780+0000] {dagbag.py:588} INFO - Filling up the DagBag from /home/airflow/.local/lib/python3.12/site-packages/airflow/example_dags/example_nested_branch_dag.py
[2025-01-19T19:30:57.787+0000] {processor.py:925} INFO - DAG(s) 'example_nested_branch_dag' retrieved from /home/airflow/.local/lib/python3.12/site-packages/airflow/example_dags/example_nested_branch_dag.py
[2025-01-19T19:30:57.798+0000] {logging_mixin.py:190} INFO - [2025-01-19T19:30:57.798+0000] {dag.py:3239} INFO - Sync 1 DAGs
[2025-01-19T19:30:57.810+0000] {logging_mixin.py:190} INFO - [2025-01-19T19:30:57.810+0000] {dag.py:4180} INFO - Setting next_dagrun for example_nested_branch_dag to 2025-01-18 00:00:00+00:00, run_after=2025-01-19 00:00:00+00:00
[2025-01-19T19:30:57.819+0000] {processor.py:208} INFO - Processing /home/airflow/.local/lib/python3.12/site-packages/airflow/example_dags/example_nested_branch_dag.py took 0.045 seconds
[2025-01-19T19:31:28.106+0000] {processor.py:186} INFO - Started process (PID=844) to work on /home/airflow/.local/lib/python3.12/site-packages/airflow/example_dags/example_nested_branch_dag.py
[2025-01-19T19:31:28.107+0000] {processor.py:914} INFO - Processing file /home/airflow/.local/lib/python3.12/site-packages/airflow/example_dags/example_nested_branch_dag.py for tasks to queue
[2025-01-19T19:31:28.108+0000] {logging_mixin.py:190} INFO - [2025-01-19T19:31:28.108+0000] {dagbag.py:588} INFO - Filling up the DagBag from /home/airflow/.local/lib/python3.12/site-packages/airflow/example_dags/example_nested_branch_dag.py
[2025-01-19T19:31:28.116+0000] {processor.py:925} INFO - DAG(s) 'example_nested_branch_dag' retrieved from /home/airflow/.local/lib/python3.12/site-packages/airflow/example_dags/example_nested_branch_dag.py
[2025-01-19T19:31:28.130+0000] {logging_mixin.py:190} INFO - [2025-01-19T19:31:28.129+0000] {dag.py:3239} INFO - Sync 1 DAGs
[2025-01-19T19:31:28.144+0000] {logging_mixin.py:190} INFO - [2025-01-19T19:31:28.143+0000] {dag.py:4180} INFO - Setting next_dagrun for example_nested_branch_dag to 2025-01-18 00:00:00+00:00, run_after=2025-01-19 00:00:00+00:00
[2025-01-19T19:31:28.155+0000] {processor.py:208} INFO - Processing /home/airflow/.local/lib/python3.12/site-packages/airflow/example_dags/example_nested_branch_dag.py took 0.053 seconds
[2025-01-19T19:31:58.716+0000] {processor.py:186} INFO - Started process (PID=909) to work on /home/airflow/.local/lib/python3.12/site-packages/airflow/example_dags/example_nested_branch_dag.py
[2025-01-19T19:31:58.716+0000] {processor.py:914} INFO - Processing file /home/airflow/.local/lib/python3.12/site-packages/airflow/example_dags/example_nested_branch_dag.py for tasks to queue
[2025-01-19T19:31:58.718+0000] {logging_mixin.py:190} INFO - [2025-01-19T19:31:58.717+0000] {dagbag.py:588} INFO - Filling up the DagBag from /home/airflow/.local/lib/python3.12/site-packages/airflow/example_dags/example_nested_branch_dag.py
[2025-01-19T19:31:58.724+0000] {processor.py:925} INFO - DAG(s) 'example_nested_branch_dag' retrieved from /home/airflow/.local/lib/python3.12/site-packages/airflow/example_dags/example_nested_branch_dag.py
[2025-01-19T19:31:58.735+0000] {logging_mixin.py:190} INFO - [2025-01-19T19:31:58.735+0000] {dag.py:3239} INFO - Sync 1 DAGs
[2025-01-19T19:31:58.748+0000] {logging_mixin.py:190} INFO - [2025-01-19T19:31:58.748+0000] {dag.py:4180} INFO - Setting next_dagrun for example_nested_branch_dag to 2025-01-18 00:00:00+00:00, run_after=2025-01-19 00:00:00+00:00
[2025-01-19T19:31:58.761+0000] {processor.py:208} INFO - Processing /home/airflow/.local/lib/python3.12/site-packages/airflow/example_dags/example_nested_branch_dag.py took 0.049 seconds
[2025-01-19T19:32:29.713+0000] {processor.py:186} INFO - Started process (PID=974) to work on /home/airflow/.local/lib/python3.12/site-packages/airflow/example_dags/example_nested_branch_dag.py
[2025-01-19T19:32:29.713+0000] {processor.py:914} INFO - Processing file /home/airflow/.local/lib/python3.12/site-packages/airflow/example_dags/example_nested_branch_dag.py for tasks to queue
[2025-01-19T19:32:29.715+0000] {logging_mixin.py:190} INFO - [2025-01-19T19:32:29.715+0000] {dagbag.py:588} INFO - Filling up the DagBag from /home/airflow/.local/lib/python3.12/site-packages/airflow/example_dags/example_nested_branch_dag.py
[2025-01-19T19:32:29.721+0000] {processor.py:925} INFO - DAG(s) 'example_nested_branch_dag' retrieved from /home/airflow/.local/lib/python3.12/site-packages/airflow/example_dags/example_nested_branch_dag.py
[2025-01-19T19:32:29.732+0000] {logging_mixin.py:190} INFO - [2025-01-19T19:32:29.732+0000] {dag.py:3239} INFO - Sync 1 DAGs
[2025-01-19T19:32:29.744+0000] {logging_mixin.py:190} INFO - [2025-01-19T19:32:29.744+0000] {dag.py:4180} INFO - Setting next_dagrun for example_nested_branch_dag to 2025-01-18 00:00:00+00:00, run_after=2025-01-19 00:00:00+00:00
[2025-01-19T19:32:29.754+0000] {processor.py:208} INFO - Processing /home/airflow/.local/lib/python3.12/site-packages/airflow/example_dags/example_nested_branch_dag.py took 0.045 seconds
[2025-01-19T19:33:00.343+0000] {processor.py:186} INFO - Started process (PID=1039) to work on /home/airflow/.local/lib/python3.12/site-packages/airflow/example_dags/example_nested_branch_dag.py
[2025-01-19T19:33:00.343+0000] {processor.py:914} INFO - Processing file /home/airflow/.local/lib/python3.12/site-packages/airflow/example_dags/example_nested_branch_dag.py for tasks to queue
[2025-01-19T19:33:00.345+0000] {logging_mixin.py:190} INFO - [2025-01-19T19:33:00.345+0000] {dagbag.py:588} INFO - Filling up the DagBag from /home/airflow/.local/lib/python3.12/site-packages/airflow/example_dags/example_nested_branch_dag.py
[2025-01-19T19:33:00.352+0000] {processor.py:925} INFO - DAG(s) 'example_nested_branch_dag' retrieved from /home/airflow/.local/lib/python3.12/site-packages/airflow/example_dags/example_nested_branch_dag.py
[2025-01-19T19:33:00.363+0000] {logging_mixin.py:190} INFO - [2025-01-19T19:33:00.362+0000] {dag.py:3239} INFO - Sync 1 DAGs
[2025-01-19T19:33:00.375+0000] {logging_mixin.py:190} INFO - [2025-01-19T19:33:00.375+0000] {dag.py:4180} INFO - Setting next_dagrun for example_nested_branch_dag to 2025-01-18 00:00:00+00:00, run_after=2025-01-19 00:00:00+00:00
[2025-01-19T19:33:00.385+0000] {processor.py:208} INFO - Processing /home/airflow/.local/lib/python3.12/site-packages/airflow/example_dags/example_nested_branch_dag.py took 0.046 seconds
[2025-01-19T19:33:31.399+0000] {processor.py:186} INFO - Started process (PID=1104) to work on /home/airflow/.local/lib/python3.12/site-packages/airflow/example_dags/example_nested_branch_dag.py
[2025-01-19T19:33:31.400+0000] {processor.py:914} INFO - Processing file /home/airflow/.local/lib/python3.12/site-packages/airflow/example_dags/example_nested_branch_dag.py for tasks to queue
[2025-01-19T19:33:31.402+0000] {logging_mixin.py:190} INFO - [2025-01-19T19:33:31.402+0000] {dagbag.py:588} INFO - Filling up the DagBag from /home/airflow/.local/lib/python3.12/site-packages/airflow/example_dags/example_nested_branch_dag.py
[2025-01-19T19:33:31.409+0000] {processor.py:925} INFO - DAG(s) 'example_nested_branch_dag' retrieved from /home/airflow/.local/lib/python3.12/site-packages/airflow/example_dags/example_nested_branch_dag.py
[2025-01-19T19:33:31.425+0000] {logging_mixin.py:190} INFO - [2025-01-19T19:33:31.424+0000] {dag.py:3239} INFO - Sync 1 DAGs
[2025-01-19T19:33:31.441+0000] {logging_mixin.py:190} INFO - [2025-01-19T19:33:31.441+0000] {dag.py:4180} INFO - Setting next_dagrun for example_nested_branch_dag to 2025-01-18 00:00:00+00:00, run_after=2025-01-19 00:00:00+00:00
[2025-01-19T19:33:31.456+0000] {processor.py:208} INFO - Processing /home/airflow/.local/lib/python3.12/site-packages/airflow/example_dags/example_nested_branch_dag.py took 0.060 seconds
[2025-01-19T19:34:45.877+0000] {processor.py:186} INFO - Started process (PID=65) to work on /home/airflow/.local/lib/python3.12/site-packages/airflow/example_dags/example_nested_branch_dag.py
[2025-01-19T19:34:45.878+0000] {processor.py:914} INFO - Processing file /home/airflow/.local/lib/python3.12/site-packages/airflow/example_dags/example_nested_branch_dag.py for tasks to queue
[2025-01-19T19:34:45.879+0000] {logging_mixin.py:190} INFO - [2025-01-19T19:34:45.879+0000] {dagbag.py:588} INFO - Filling up the DagBag from /home/airflow/.local/lib/python3.12/site-packages/airflow/example_dags/example_nested_branch_dag.py
[2025-01-19T19:34:45.886+0000] {processor.py:925} INFO - DAG(s) 'example_nested_branch_dag' retrieved from /home/airflow/.local/lib/python3.12/site-packages/airflow/example_dags/example_nested_branch_dag.py
[2025-01-19T19:34:45.903+0000] {logging_mixin.py:190} INFO - [2025-01-19T19:34:45.903+0000] {dag.py:3239} INFO - Sync 1 DAGs
[2025-01-19T19:34:45.933+0000] {logging_mixin.py:190} INFO - [2025-01-19T19:34:45.932+0000] {dag.py:4180} INFO - Setting next_dagrun for example_nested_branch_dag to 2025-01-18 00:00:00+00:00, run_after=2025-01-19 00:00:00+00:00
[2025-01-19T19:34:45.944+0000] {processor.py:208} INFO - Processing /home/airflow/.local/lib/python3.12/site-packages/airflow/example_dags/example_nested_branch_dag.py took 0.070 seconds
[2025-01-19T19:35:16.083+0000] {processor.py:186} INFO - Started process (PID=129) to work on /home/airflow/.local/lib/python3.12/site-packages/airflow/example_dags/example_nested_branch_dag.py
[2025-01-19T19:35:16.084+0000] {processor.py:914} INFO - Processing file /home/airflow/.local/lib/python3.12/site-packages/airflow/example_dags/example_nested_branch_dag.py for tasks to queue
[2025-01-19T19:35:16.085+0000] {logging_mixin.py:190} INFO - [2025-01-19T19:35:16.085+0000] {dagbag.py:588} INFO - Filling up the DagBag from /home/airflow/.local/lib/python3.12/site-packages/airflow/example_dags/example_nested_branch_dag.py
[2025-01-19T19:35:16.091+0000] {processor.py:925} INFO - DAG(s) 'example_nested_branch_dag' retrieved from /home/airflow/.local/lib/python3.12/site-packages/airflow/example_dags/example_nested_branch_dag.py
[2025-01-19T19:35:16.102+0000] {logging_mixin.py:190} INFO - [2025-01-19T19:35:16.102+0000] {dag.py:3239} INFO - Sync 1 DAGs
[2025-01-19T19:35:16.115+0000] {logging_mixin.py:190} INFO - [2025-01-19T19:35:16.115+0000] {dag.py:4180} INFO - Setting next_dagrun for example_nested_branch_dag to 2025-01-18 00:00:00+00:00, run_after=2025-01-19 00:00:00+00:00
[2025-01-19T19:35:16.124+0000] {processor.py:208} INFO - Processing /home/airflow/.local/lib/python3.12/site-packages/airflow/example_dags/example_nested_branch_dag.py took 0.044 seconds
[2025-01-19T19:35:46.648+0000] {processor.py:186} INFO - Started process (PID=196) to work on /home/airflow/.local/lib/python3.12/site-packages/airflow/example_dags/example_nested_branch_dag.py
[2025-01-19T19:35:46.648+0000] {processor.py:914} INFO - Processing file /home/airflow/.local/lib/python3.12/site-packages/airflow/example_dags/example_nested_branch_dag.py for tasks to queue
[2025-01-19T19:35:46.649+0000] {logging_mixin.py:190} INFO - [2025-01-19T19:35:46.649+0000] {dagbag.py:588} INFO - Filling up the DagBag from /home/airflow/.local/lib/python3.12/site-packages/airflow/example_dags/example_nested_branch_dag.py
[2025-01-19T19:35:46.656+0000] {processor.py:925} INFO - DAG(s) 'example_nested_branch_dag' retrieved from /home/airflow/.local/lib/python3.12/site-packages/airflow/example_dags/example_nested_branch_dag.py
[2025-01-19T19:35:46.668+0000] {logging_mixin.py:190} INFO - [2025-01-19T19:35:46.668+0000] {dag.py:3239} INFO - Sync 1 DAGs
[2025-01-19T19:35:46.681+0000] {logging_mixin.py:190} INFO - [2025-01-19T19:35:46.680+0000] {dag.py:4180} INFO - Setting next_dagrun for example_nested_branch_dag to 2025-01-18 00:00:00+00:00, run_after=2025-01-19 00:00:00+00:00
[2025-01-19T19:35:46.690+0000] {processor.py:208} INFO - Processing /home/airflow/.local/lib/python3.12/site-packages/airflow/example_dags/example_nested_branch_dag.py took 0.045 seconds
[2025-01-19T19:36:16.796+0000] {processor.py:186} INFO - Started process (PID=260) to work on /home/airflow/.local/lib/python3.12/site-packages/airflow/example_dags/example_nested_branch_dag.py
[2025-01-19T19:36:16.796+0000] {processor.py:914} INFO - Processing file /home/airflow/.local/lib/python3.12/site-packages/airflow/example_dags/example_nested_branch_dag.py for tasks to queue
[2025-01-19T19:36:16.797+0000] {logging_mixin.py:190} INFO - [2025-01-19T19:36:16.797+0000] {dagbag.py:588} INFO - Filling up the DagBag from /home/airflow/.local/lib/python3.12/site-packages/airflow/example_dags/example_nested_branch_dag.py
[2025-01-19T19:36:16.804+0000] {processor.py:925} INFO - DAG(s) 'example_nested_branch_dag' retrieved from /home/airflow/.local/lib/python3.12/site-packages/airflow/example_dags/example_nested_branch_dag.py
[2025-01-19T19:36:16.815+0000] {logging_mixin.py:190} INFO - [2025-01-19T19:36:16.815+0000] {dag.py:3239} INFO - Sync 1 DAGs
[2025-01-19T19:36:16.828+0000] {logging_mixin.py:190} INFO - [2025-01-19T19:36:16.828+0000] {dag.py:4180} INFO - Setting next_dagrun for example_nested_branch_dag to 2025-01-18 00:00:00+00:00, run_after=2025-01-19 00:00:00+00:00
[2025-01-19T19:36:16.838+0000] {processor.py:208} INFO - Processing /home/airflow/.local/lib/python3.12/site-packages/airflow/example_dags/example_nested_branch_dag.py took 0.046 seconds
[2025-01-19T19:36:47.654+0000] {processor.py:186} INFO - Started process (PID=326) to work on /home/airflow/.local/lib/python3.12/site-packages/airflow/example_dags/example_nested_branch_dag.py
[2025-01-19T19:36:47.654+0000] {processor.py:914} INFO - Processing file /home/airflow/.local/lib/python3.12/site-packages/airflow/example_dags/example_nested_branch_dag.py for tasks to queue
[2025-01-19T19:36:47.656+0000] {logging_mixin.py:190} INFO - [2025-01-19T19:36:47.656+0000] {dagbag.py:588} INFO - Filling up the DagBag from /home/airflow/.local/lib/python3.12/site-packages/airflow/example_dags/example_nested_branch_dag.py
[2025-01-19T19:36:47.663+0000] {processor.py:925} INFO - DAG(s) 'example_nested_branch_dag' retrieved from /home/airflow/.local/lib/python3.12/site-packages/airflow/example_dags/example_nested_branch_dag.py
[2025-01-19T19:36:47.676+0000] {logging_mixin.py:190} INFO - [2025-01-19T19:36:47.676+0000] {dag.py:3239} INFO - Sync 1 DAGs
[2025-01-19T19:36:47.690+0000] {logging_mixin.py:190} INFO - [2025-01-19T19:36:47.690+0000] {dag.py:4180} INFO - Setting next_dagrun for example_nested_branch_dag to 2025-01-18 00:00:00+00:00, run_after=2025-01-19 00:00:00+00:00
[2025-01-19T19:36:47.700+0000] {processor.py:208} INFO - Processing /home/airflow/.local/lib/python3.12/site-packages/airflow/example_dags/example_nested_branch_dag.py took 0.050 seconds
