[2025-01-19T19:25:22.308+0000] {processor.py:186} INFO - Started process (PID=71) to work on /home/airflow/.local/lib/python3.12/site-packages/airflow/example_dags/example_dataset_alias_with_no_taskflow.py
[2025-01-19T19:25:22.309+0000] {processor.py:914} INFO - Processing file /home/airflow/.local/lib/python3.12/site-packages/airflow/example_dags/example_dataset_alias_with_no_taskflow.py for tasks to queue
[2025-01-19T19:25:22.311+0000] {logging_mixin.py:190} INFO - [2025-01-19T19:25:22.311+0000] {dagbag.py:588} INFO - Filling up the DagBag from /home/airflow/.local/lib/python3.12/site-packages/airflow/example_dags/example_dataset_alias_with_no_taskflow.py
[2025-01-19T19:25:22.680+0000] {processor.py:925} INFO - DAG(s) 'dataset_s3_bucket_consumer_with_no_taskflow', 'dataset_alias_example_alias_consumer_with_no_taskflow', 'dataset_s3_bucket_producer_with_no_taskflow', 'dataset_alias_example_alias_producer_with_no_taskflow' retrieved from /home/airflow/.local/lib/python3.12/site-packages/airflow/example_dags/example_dataset_alias_with_no_taskflow.py
[2025-01-19T19:25:22.731+0000] {logging_mixin.py:190} INFO - [2025-01-19T19:25:22.730+0000] {override.py:1911} INFO - Created Permission View: can read on DAG:dataset_s3_bucket_consumer_with_no_taskflow
[2025-01-19T19:25:22.740+0000] {logging_mixin.py:190} INFO - [2025-01-19T19:25:22.740+0000] {override.py:1911} INFO - Created Permission View: can edit on DAG:dataset_s3_bucket_consumer_with_no_taskflow
[2025-01-19T19:25:22.745+0000] {logging_mixin.py:190} INFO - [2025-01-19T19:25:22.745+0000] {override.py:1911} INFO - Created Permission View: can delete on DAG:dataset_s3_bucket_consumer_with_no_taskflow
[2025-01-19T19:25:22.764+0000] {logging_mixin.py:190} INFO - [2025-01-19T19:25:22.764+0000] {override.py:1911} INFO - Created Permission View: can read on DAG Run:dataset_s3_bucket_consumer_with_no_taskflow
[2025-01-19T19:25:22.769+0000] {logging_mixin.py:190} INFO - [2025-01-19T19:25:22.768+0000] {override.py:1911} INFO - Created Permission View: menu access on DAG Run:dataset_s3_bucket_consumer_with_no_taskflow
[2025-01-19T19:25:22.773+0000] {logging_mixin.py:190} INFO - [2025-01-19T19:25:22.773+0000] {override.py:1911} INFO - Created Permission View: can create on DAG Run:dataset_s3_bucket_consumer_with_no_taskflow
[2025-01-19T19:25:22.778+0000] {logging_mixin.py:190} INFO - [2025-01-19T19:25:22.778+0000] {override.py:1911} INFO - Created Permission View: can delete on DAG Run:dataset_s3_bucket_consumer_with_no_taskflow
[2025-01-19T19:25:22.786+0000] {logging_mixin.py:190} INFO - [2025-01-19T19:25:22.786+0000] {override.py:1911} INFO - Created Permission View: can read on DAG:dataset_alias_example_alias_consumer_with_no_taskflow
[2025-01-19T19:25:22.790+0000] {logging_mixin.py:190} INFO - [2025-01-19T19:25:22.790+0000] {override.py:1911} INFO - Created Permission View: can edit on DAG:dataset_alias_example_alias_consumer_with_no_taskflow
[2025-01-19T19:25:22.794+0000] {logging_mixin.py:190} INFO - [2025-01-19T19:25:22.794+0000] {override.py:1911} INFO - Created Permission View: can delete on DAG:dataset_alias_example_alias_consumer_with_no_taskflow
[2025-01-19T19:25:22.800+0000] {logging_mixin.py:190} INFO - [2025-01-19T19:25:22.800+0000] {override.py:1911} INFO - Created Permission View: can read on DAG Run:dataset_alias_example_alias_consumer_with_no_taskflow
[2025-01-19T19:25:22.806+0000] {logging_mixin.py:190} INFO - [2025-01-19T19:25:22.806+0000] {override.py:1911} INFO - Created Permission View: menu access on DAG Run:dataset_alias_example_alias_consumer_with_no_taskflow
[2025-01-19T19:25:22.810+0000] {logging_mixin.py:190} INFO - [2025-01-19T19:25:22.810+0000] {override.py:1911} INFO - Created Permission View: can create on DAG Run:dataset_alias_example_alias_consumer_with_no_taskflow
[2025-01-19T19:25:22.815+0000] {logging_mixin.py:190} INFO - [2025-01-19T19:25:22.814+0000] {override.py:1911} INFO - Created Permission View: can delete on DAG Run:dataset_alias_example_alias_consumer_with_no_taskflow
[2025-01-19T19:25:22.823+0000] {logging_mixin.py:190} INFO - [2025-01-19T19:25:22.823+0000] {override.py:1911} INFO - Created Permission View: can read on DAG:dataset_s3_bucket_producer_with_no_taskflow
[2025-01-19T19:25:22.827+0000] {logging_mixin.py:190} INFO - [2025-01-19T19:25:22.827+0000] {override.py:1911} INFO - Created Permission View: can edit on DAG:dataset_s3_bucket_producer_with_no_taskflow
[2025-01-19T19:25:22.832+0000] {logging_mixin.py:190} INFO - [2025-01-19T19:25:22.832+0000] {override.py:1911} INFO - Created Permission View: can delete on DAG:dataset_s3_bucket_producer_with_no_taskflow
[2025-01-19T19:25:22.838+0000] {logging_mixin.py:190} INFO - [2025-01-19T19:25:22.838+0000] {override.py:1911} INFO - Created Permission View: can read on DAG Run:dataset_s3_bucket_producer_with_no_taskflow
[2025-01-19T19:25:22.843+0000] {logging_mixin.py:190} INFO - [2025-01-19T19:25:22.843+0000] {override.py:1911} INFO - Created Permission View: menu access on DAG Run:dataset_s3_bucket_producer_with_no_taskflow
[2025-01-19T19:25:22.848+0000] {logging_mixin.py:190} INFO - [2025-01-19T19:25:22.848+0000] {override.py:1911} INFO - Created Permission View: can create on DAG Run:dataset_s3_bucket_producer_with_no_taskflow
[2025-01-19T19:25:22.852+0000] {logging_mixin.py:190} INFO - [2025-01-19T19:25:22.852+0000] {override.py:1911} INFO - Created Permission View: can delete on DAG Run:dataset_s3_bucket_producer_with_no_taskflow
[2025-01-19T19:25:22.862+0000] {logging_mixin.py:190} INFO - [2025-01-19T19:25:22.861+0000] {override.py:1911} INFO - Created Permission View: can read on DAG:dataset_alias_example_alias_producer_with_no_taskflow
[2025-01-19T19:25:22.866+0000] {logging_mixin.py:190} INFO - [2025-01-19T19:25:22.866+0000] {override.py:1911} INFO - Created Permission View: can edit on DAG:dataset_alias_example_alias_producer_with_no_taskflow
[2025-01-19T19:25:22.871+0000] {logging_mixin.py:190} INFO - [2025-01-19T19:25:22.871+0000] {override.py:1911} INFO - Created Permission View: can delete on DAG:dataset_alias_example_alias_producer_with_no_taskflow
[2025-01-19T19:25:22.876+0000] {logging_mixin.py:190} INFO - [2025-01-19T19:25:22.876+0000] {override.py:1911} INFO - Created Permission View: can read on DAG Run:dataset_alias_example_alias_producer_with_no_taskflow
[2025-01-19T19:25:22.881+0000] {logging_mixin.py:190} INFO - [2025-01-19T19:25:22.881+0000] {override.py:1911} INFO - Created Permission View: menu access on DAG Run:dataset_alias_example_alias_producer_with_no_taskflow
[2025-01-19T19:25:22.885+0000] {logging_mixin.py:190} INFO - [2025-01-19T19:25:22.885+0000] {override.py:1911} INFO - Created Permission View: can create on DAG Run:dataset_alias_example_alias_producer_with_no_taskflow
[2025-01-19T19:25:22.889+0000] {logging_mixin.py:190} INFO - [2025-01-19T19:25:22.889+0000] {override.py:1911} INFO - Created Permission View: can delete on DAG Run:dataset_alias_example_alias_producer_with_no_taskflow
[2025-01-19T19:25:22.890+0000] {logging_mixin.py:190} INFO - [2025-01-19T19:25:22.890+0000] {dag.py:3239} INFO - Sync 4 DAGs
[2025-01-19T19:25:22.920+0000] {logging_mixin.py:190} INFO - [2025-01-19T19:25:22.920+0000] {dag.py:3262} INFO - Creating ORM DAG for dataset_alias_example_alias_producer_with_no_taskflow
[2025-01-19T19:25:22.921+0000] {logging_mixin.py:190} INFO - [2025-01-19T19:25:22.921+0000] {dag.py:3262} INFO - Creating ORM DAG for dataset_s3_bucket_consumer_with_no_taskflow
[2025-01-19T19:25:22.921+0000] {logging_mixin.py:190} INFO - [2025-01-19T19:25:22.921+0000] {dag.py:3262} INFO - Creating ORM DAG for dataset_alias_example_alias_consumer_with_no_taskflow
[2025-01-19T19:25:22.922+0000] {logging_mixin.py:190} INFO - [2025-01-19T19:25:22.922+0000] {dag.py:3262} INFO - Creating ORM DAG for dataset_s3_bucket_producer_with_no_taskflow
[2025-01-19T19:25:22.928+0000] {logging_mixin.py:190} INFO - [2025-01-19T19:25:22.927+0000] {dag.py:4180} INFO - Setting next_dagrun for dataset_alias_example_alias_consumer_with_no_taskflow to None, run_after=None
[2025-01-19T19:25:22.928+0000] {logging_mixin.py:190} INFO - [2025-01-19T19:25:22.928+0000] {dag.py:4180} INFO - Setting next_dagrun for dataset_alias_example_alias_producer_with_no_taskflow to None, run_after=None
[2025-01-19T19:25:22.929+0000] {logging_mixin.py:190} INFO - [2025-01-19T19:25:22.929+0000] {dag.py:4180} INFO - Setting next_dagrun for dataset_s3_bucket_consumer_with_no_taskflow to None, run_after=None
[2025-01-19T19:25:22.929+0000] {logging_mixin.py:190} INFO - [2025-01-19T19:25:22.929+0000] {dag.py:4180} INFO - Setting next_dagrun for dataset_s3_bucket_producer_with_no_taskflow to None, run_after=None
[2025-01-19T19:25:22.947+0000] {processor.py:208} INFO - Processing /home/airflow/.local/lib/python3.12/site-packages/airflow/example_dags/example_dataset_alias_with_no_taskflow.py took 0.642 seconds
[2025-01-19T19:25:53.938+0000] {processor.py:186} INFO - Started process (PID=137) to work on /home/airflow/.local/lib/python3.12/site-packages/airflow/example_dags/example_dataset_alias_with_no_taskflow.py
[2025-01-19T19:25:53.938+0000] {processor.py:914} INFO - Processing file /home/airflow/.local/lib/python3.12/site-packages/airflow/example_dags/example_dataset_alias_with_no_taskflow.py for tasks to queue
[2025-01-19T19:25:53.940+0000] {logging_mixin.py:190} INFO - [2025-01-19T19:25:53.940+0000] {dagbag.py:588} INFO - Filling up the DagBag from /home/airflow/.local/lib/python3.12/site-packages/airflow/example_dags/example_dataset_alias_with_no_taskflow.py
[2025-01-19T19:25:54.286+0000] {processor.py:925} INFO - DAG(s) 'dataset_alias_example_alias_consumer_with_no_taskflow', 'dataset_alias_example_alias_producer_with_no_taskflow', 'dataset_s3_bucket_consumer_with_no_taskflow', 'dataset_s3_bucket_producer_with_no_taskflow' retrieved from /home/airflow/.local/lib/python3.12/site-packages/airflow/example_dags/example_dataset_alias_with_no_taskflow.py
[2025-01-19T19:25:54.298+0000] {logging_mixin.py:190} INFO - [2025-01-19T19:25:54.297+0000] {dag.py:3239} INFO - Sync 4 DAGs
[2025-01-19T19:25:54.311+0000] {logging_mixin.py:190} INFO - [2025-01-19T19:25:54.311+0000] {dag.py:4180} INFO - Setting next_dagrun for dataset_alias_example_alias_consumer_with_no_taskflow to None, run_after=None
[2025-01-19T19:25:54.312+0000] {logging_mixin.py:190} INFO - [2025-01-19T19:25:54.312+0000] {dag.py:4180} INFO - Setting next_dagrun for dataset_alias_example_alias_producer_with_no_taskflow to None, run_after=None
[2025-01-19T19:25:54.313+0000] {logging_mixin.py:190} INFO - [2025-01-19T19:25:54.313+0000] {dag.py:4180} INFO - Setting next_dagrun for dataset_s3_bucket_consumer_with_no_taskflow to None, run_after=None
[2025-01-19T19:25:54.314+0000] {logging_mixin.py:190} INFO - [2025-01-19T19:25:54.314+0000] {dag.py:4180} INFO - Setting next_dagrun for dataset_s3_bucket_producer_with_no_taskflow to None, run_after=None
[2025-01-19T19:25:54.325+0000] {processor.py:208} INFO - Processing /home/airflow/.local/lib/python3.12/site-packages/airflow/example_dags/example_dataset_alias_with_no_taskflow.py took 0.391 seconds
[2025-01-19T19:26:24.811+0000] {processor.py:186} INFO - Started process (PID=202) to work on /home/airflow/.local/lib/python3.12/site-packages/airflow/example_dags/example_dataset_alias_with_no_taskflow.py
[2025-01-19T19:26:24.812+0000] {processor.py:914} INFO - Processing file /home/airflow/.local/lib/python3.12/site-packages/airflow/example_dags/example_dataset_alias_with_no_taskflow.py for tasks to queue
[2025-01-19T19:26:24.813+0000] {logging_mixin.py:190} INFO - [2025-01-19T19:26:24.813+0000] {dagbag.py:588} INFO - Filling up the DagBag from /home/airflow/.local/lib/python3.12/site-packages/airflow/example_dags/example_dataset_alias_with_no_taskflow.py
[2025-01-19T19:26:25.142+0000] {processor.py:925} INFO - DAG(s) 'dataset_alias_example_alias_producer_with_no_taskflow', 'dataset_s3_bucket_consumer_with_no_taskflow', 'dataset_alias_example_alias_consumer_with_no_taskflow', 'dataset_s3_bucket_producer_with_no_taskflow' retrieved from /home/airflow/.local/lib/python3.12/site-packages/airflow/example_dags/example_dataset_alias_with_no_taskflow.py
[2025-01-19T19:26:25.153+0000] {logging_mixin.py:190} INFO - [2025-01-19T19:26:25.153+0000] {dag.py:3239} INFO - Sync 4 DAGs
[2025-01-19T19:26:25.166+0000] {logging_mixin.py:190} INFO - [2025-01-19T19:26:25.166+0000] {dag.py:4180} INFO - Setting next_dagrun for dataset_alias_example_alias_consumer_with_no_taskflow to None, run_after=None
[2025-01-19T19:26:25.167+0000] {logging_mixin.py:190} INFO - [2025-01-19T19:26:25.167+0000] {dag.py:4180} INFO - Setting next_dagrun for dataset_alias_example_alias_producer_with_no_taskflow to None, run_after=None
[2025-01-19T19:26:25.168+0000] {logging_mixin.py:190} INFO - [2025-01-19T19:26:25.168+0000] {dag.py:4180} INFO - Setting next_dagrun for dataset_s3_bucket_consumer_with_no_taskflow to None, run_after=None
[2025-01-19T19:26:25.169+0000] {logging_mixin.py:190} INFO - [2025-01-19T19:26:25.169+0000] {dag.py:4180} INFO - Setting next_dagrun for dataset_s3_bucket_producer_with_no_taskflow to None, run_after=None
[2025-01-19T19:26:25.180+0000] {processor.py:208} INFO - Processing /home/airflow/.local/lib/python3.12/site-packages/airflow/example_dags/example_dataset_alias_with_no_taskflow.py took 0.373 seconds
[2025-01-19T19:26:55.328+0000] {processor.py:186} INFO - Started process (PID=271) to work on /home/airflow/.local/lib/python3.12/site-packages/airflow/example_dags/example_dataset_alias_with_no_taskflow.py
[2025-01-19T19:26:55.329+0000] {processor.py:914} INFO - Processing file /home/airflow/.local/lib/python3.12/site-packages/airflow/example_dags/example_dataset_alias_with_no_taskflow.py for tasks to queue
[2025-01-19T19:26:55.330+0000] {logging_mixin.py:190} INFO - [2025-01-19T19:26:55.330+0000] {dagbag.py:588} INFO - Filling up the DagBag from /home/airflow/.local/lib/python3.12/site-packages/airflow/example_dags/example_dataset_alias_with_no_taskflow.py
[2025-01-19T19:26:55.679+0000] {processor.py:925} INFO - DAG(s) 'dataset_alias_example_alias_producer_with_no_taskflow', 'dataset_s3_bucket_producer_with_no_taskflow', 'dataset_s3_bucket_consumer_with_no_taskflow', 'dataset_alias_example_alias_consumer_with_no_taskflow' retrieved from /home/airflow/.local/lib/python3.12/site-packages/airflow/example_dags/example_dataset_alias_with_no_taskflow.py
[2025-01-19T19:26:55.749+0000] {logging_mixin.py:190} INFO - [2025-01-19T19:26:55.749+0000] {dag.py:3239} INFO - Sync 4 DAGs
[2025-01-19T19:26:55.766+0000] {logging_mixin.py:190} INFO - [2025-01-19T19:26:55.766+0000] {dag.py:4180} INFO - Setting next_dagrun for dataset_alias_example_alias_consumer_with_no_taskflow to None, run_after=None
[2025-01-19T19:26:55.768+0000] {logging_mixin.py:190} INFO - [2025-01-19T19:26:55.768+0000] {dag.py:4180} INFO - Setting next_dagrun for dataset_alias_example_alias_producer_with_no_taskflow to None, run_after=None
[2025-01-19T19:26:55.769+0000] {logging_mixin.py:190} INFO - [2025-01-19T19:26:55.769+0000] {dag.py:4180} INFO - Setting next_dagrun for dataset_s3_bucket_consumer_with_no_taskflow to None, run_after=None
[2025-01-19T19:26:55.769+0000] {logging_mixin.py:190} INFO - [2025-01-19T19:26:55.769+0000] {dag.py:4180} INFO - Setting next_dagrun for dataset_s3_bucket_producer_with_no_taskflow to None, run_after=None
[2025-01-19T19:26:55.781+0000] {processor.py:208} INFO - Processing /home/airflow/.local/lib/python3.12/site-packages/airflow/example_dags/example_dataset_alias_with_no_taskflow.py took 0.456 seconds
[2025-01-19T19:27:25.881+0000] {processor.py:186} INFO - Started process (PID=338) to work on /home/airflow/.local/lib/python3.12/site-packages/airflow/example_dags/example_dataset_alias_with_no_taskflow.py
[2025-01-19T19:27:25.882+0000] {processor.py:914} INFO - Processing file /home/airflow/.local/lib/python3.12/site-packages/airflow/example_dags/example_dataset_alias_with_no_taskflow.py for tasks to queue
[2025-01-19T19:27:25.883+0000] {logging_mixin.py:190} INFO - [2025-01-19T19:27:25.883+0000] {dagbag.py:588} INFO - Filling up the DagBag from /home/airflow/.local/lib/python3.12/site-packages/airflow/example_dags/example_dataset_alias_with_no_taskflow.py
[2025-01-19T19:27:26.196+0000] {processor.py:925} INFO - DAG(s) 'dataset_alias_example_alias_consumer_with_no_taskflow', 'dataset_s3_bucket_consumer_with_no_taskflow', 'dataset_alias_example_alias_producer_with_no_taskflow', 'dataset_s3_bucket_producer_with_no_taskflow' retrieved from /home/airflow/.local/lib/python3.12/site-packages/airflow/example_dags/example_dataset_alias_with_no_taskflow.py
[2025-01-19T19:27:26.206+0000] {logging_mixin.py:190} INFO - [2025-01-19T19:27:26.206+0000] {dag.py:3239} INFO - Sync 4 DAGs
[2025-01-19T19:27:26.218+0000] {logging_mixin.py:190} INFO - [2025-01-19T19:27:26.218+0000] {dag.py:4180} INFO - Setting next_dagrun for dataset_alias_example_alias_consumer_with_no_taskflow to None, run_after=None
[2025-01-19T19:27:26.219+0000] {logging_mixin.py:190} INFO - [2025-01-19T19:27:26.219+0000] {dag.py:4180} INFO - Setting next_dagrun for dataset_alias_example_alias_producer_with_no_taskflow to None, run_after=None
[2025-01-19T19:27:26.220+0000] {logging_mixin.py:190} INFO - [2025-01-19T19:27:26.220+0000] {dag.py:4180} INFO - Setting next_dagrun for dataset_s3_bucket_consumer_with_no_taskflow to None, run_after=None
[2025-01-19T19:27:26.221+0000] {logging_mixin.py:190} INFO - [2025-01-19T19:27:26.221+0000] {dag.py:4180} INFO - Setting next_dagrun for dataset_s3_bucket_producer_with_no_taskflow to None, run_after=None
[2025-01-19T19:27:26.231+0000] {processor.py:208} INFO - Processing /home/airflow/.local/lib/python3.12/site-packages/airflow/example_dags/example_dataset_alias_with_no_taskflow.py took 0.354 seconds
[2025-01-19T19:27:57.164+0000] {processor.py:186} INFO - Started process (PID=404) to work on /home/airflow/.local/lib/python3.12/site-packages/airflow/example_dags/example_dataset_alias_with_no_taskflow.py
[2025-01-19T19:27:57.164+0000] {processor.py:914} INFO - Processing file /home/airflow/.local/lib/python3.12/site-packages/airflow/example_dags/example_dataset_alias_with_no_taskflow.py for tasks to queue
[2025-01-19T19:27:57.166+0000] {logging_mixin.py:190} INFO - [2025-01-19T19:27:57.165+0000] {dagbag.py:588} INFO - Filling up the DagBag from /home/airflow/.local/lib/python3.12/site-packages/airflow/example_dags/example_dataset_alias_with_no_taskflow.py
[2025-01-19T19:27:57.487+0000] {processor.py:925} INFO - DAG(s) 'dataset_alias_example_alias_consumer_with_no_taskflow', 'dataset_s3_bucket_consumer_with_no_taskflow', 'dataset_s3_bucket_producer_with_no_taskflow', 'dataset_alias_example_alias_producer_with_no_taskflow' retrieved from /home/airflow/.local/lib/python3.12/site-packages/airflow/example_dags/example_dataset_alias_with_no_taskflow.py
[2025-01-19T19:27:57.498+0000] {logging_mixin.py:190} INFO - [2025-01-19T19:27:57.498+0000] {dag.py:3239} INFO - Sync 4 DAGs
[2025-01-19T19:27:57.510+0000] {logging_mixin.py:190} INFO - [2025-01-19T19:27:57.510+0000] {dag.py:4180} INFO - Setting next_dagrun for dataset_alias_example_alias_consumer_with_no_taskflow to None, run_after=None
[2025-01-19T19:27:57.511+0000] {logging_mixin.py:190} INFO - [2025-01-19T19:27:57.511+0000] {dag.py:4180} INFO - Setting next_dagrun for dataset_alias_example_alias_producer_with_no_taskflow to None, run_after=None
[2025-01-19T19:27:57.512+0000] {logging_mixin.py:190} INFO - [2025-01-19T19:27:57.512+0000] {dag.py:4180} INFO - Setting next_dagrun for dataset_s3_bucket_consumer_with_no_taskflow to None, run_after=None
[2025-01-19T19:27:57.514+0000] {logging_mixin.py:190} INFO - [2025-01-19T19:27:57.514+0000] {dag.py:4180} INFO - Setting next_dagrun for dataset_s3_bucket_producer_with_no_taskflow to None, run_after=None
[2025-01-19T19:27:57.525+0000] {processor.py:208} INFO - Processing /home/airflow/.local/lib/python3.12/site-packages/airflow/example_dags/example_dataset_alias_with_no_taskflow.py took 0.365 seconds
[2025-01-19T19:28:28.108+0000] {processor.py:186} INFO - Started process (PID=469) to work on /home/airflow/.local/lib/python3.12/site-packages/airflow/example_dags/example_dataset_alias_with_no_taskflow.py
[2025-01-19T19:28:28.108+0000] {processor.py:914} INFO - Processing file /home/airflow/.local/lib/python3.12/site-packages/airflow/example_dags/example_dataset_alias_with_no_taskflow.py for tasks to queue
[2025-01-19T19:28:28.110+0000] {logging_mixin.py:190} INFO - [2025-01-19T19:28:28.110+0000] {dagbag.py:588} INFO - Filling up the DagBag from /home/airflow/.local/lib/python3.12/site-packages/airflow/example_dags/example_dataset_alias_with_no_taskflow.py
[2025-01-19T19:28:28.439+0000] {processor.py:925} INFO - DAG(s) 'dataset_s3_bucket_consumer_with_no_taskflow', 'dataset_alias_example_alias_producer_with_no_taskflow', 'dataset_alias_example_alias_consumer_with_no_taskflow', 'dataset_s3_bucket_producer_with_no_taskflow' retrieved from /home/airflow/.local/lib/python3.12/site-packages/airflow/example_dags/example_dataset_alias_with_no_taskflow.py
[2025-01-19T19:28:28.450+0000] {logging_mixin.py:190} INFO - [2025-01-19T19:28:28.450+0000] {dag.py:3239} INFO - Sync 4 DAGs
[2025-01-19T19:28:28.463+0000] {logging_mixin.py:190} INFO - [2025-01-19T19:28:28.463+0000] {dag.py:4180} INFO - Setting next_dagrun for dataset_alias_example_alias_consumer_with_no_taskflow to None, run_after=None
[2025-01-19T19:28:28.465+0000] {logging_mixin.py:190} INFO - [2025-01-19T19:28:28.465+0000] {dag.py:4180} INFO - Setting next_dagrun for dataset_alias_example_alias_producer_with_no_taskflow to None, run_after=None
[2025-01-19T19:28:28.466+0000] {logging_mixin.py:190} INFO - [2025-01-19T19:28:28.466+0000] {dag.py:4180} INFO - Setting next_dagrun for dataset_s3_bucket_consumer_with_no_taskflow to None, run_after=None
[2025-01-19T19:28:28.466+0000] {logging_mixin.py:190} INFO - [2025-01-19T19:28:28.466+0000] {dag.py:4180} INFO - Setting next_dagrun for dataset_s3_bucket_producer_with_no_taskflow to None, run_after=None
[2025-01-19T19:28:28.479+0000] {processor.py:208} INFO - Processing /home/airflow/.local/lib/python3.12/site-packages/airflow/example_dags/example_dataset_alias_with_no_taskflow.py took 0.374 seconds
[2025-01-19T19:28:59.339+0000] {processor.py:186} INFO - Started process (PID=536) to work on /home/airflow/.local/lib/python3.12/site-packages/airflow/example_dags/example_dataset_alias_with_no_taskflow.py
[2025-01-19T19:28:59.339+0000] {processor.py:914} INFO - Processing file /home/airflow/.local/lib/python3.12/site-packages/airflow/example_dags/example_dataset_alias_with_no_taskflow.py for tasks to queue
[2025-01-19T19:28:59.341+0000] {logging_mixin.py:190} INFO - [2025-01-19T19:28:59.340+0000] {dagbag.py:588} INFO - Filling up the DagBag from /home/airflow/.local/lib/python3.12/site-packages/airflow/example_dags/example_dataset_alias_with_no_taskflow.py
[2025-01-19T19:28:59.688+0000] {processor.py:925} INFO - DAG(s) 'dataset_alias_example_alias_producer_with_no_taskflow', 'dataset_alias_example_alias_consumer_with_no_taskflow', 'dataset_s3_bucket_consumer_with_no_taskflow', 'dataset_s3_bucket_producer_with_no_taskflow' retrieved from /home/airflow/.local/lib/python3.12/site-packages/airflow/example_dags/example_dataset_alias_with_no_taskflow.py
[2025-01-19T19:28:59.700+0000] {logging_mixin.py:190} INFO - [2025-01-19T19:28:59.700+0000] {dag.py:3239} INFO - Sync 4 DAGs
[2025-01-19T19:28:59.714+0000] {logging_mixin.py:190} INFO - [2025-01-19T19:28:59.714+0000] {dag.py:4180} INFO - Setting next_dagrun for dataset_alias_example_alias_consumer_with_no_taskflow to None, run_after=None
[2025-01-19T19:28:59.716+0000] {logging_mixin.py:190} INFO - [2025-01-19T19:28:59.716+0000] {dag.py:4180} INFO - Setting next_dagrun for dataset_alias_example_alias_producer_with_no_taskflow to None, run_after=None
[2025-01-19T19:28:59.717+0000] {logging_mixin.py:190} INFO - [2025-01-19T19:28:59.717+0000] {dag.py:4180} INFO - Setting next_dagrun for dataset_s3_bucket_consumer_with_no_taskflow to None, run_after=None
[2025-01-19T19:28:59.718+0000] {logging_mixin.py:190} INFO - [2025-01-19T19:28:59.718+0000] {dag.py:4180} INFO - Setting next_dagrun for dataset_s3_bucket_producer_with_no_taskflow to None, run_after=None
[2025-01-19T19:28:59.731+0000] {processor.py:208} INFO - Processing /home/airflow/.local/lib/python3.12/site-packages/airflow/example_dags/example_dataset_alias_with_no_taskflow.py took 0.397 seconds
[2025-01-19T19:29:30.508+0000] {processor.py:186} INFO - Started process (PID=601) to work on /home/airflow/.local/lib/python3.12/site-packages/airflow/example_dags/example_dataset_alias_with_no_taskflow.py
[2025-01-19T19:29:30.509+0000] {processor.py:914} INFO - Processing file /home/airflow/.local/lib/python3.12/site-packages/airflow/example_dags/example_dataset_alias_with_no_taskflow.py for tasks to queue
[2025-01-19T19:29:30.510+0000] {logging_mixin.py:190} INFO - [2025-01-19T19:29:30.510+0000] {dagbag.py:588} INFO - Filling up the DagBag from /home/airflow/.local/lib/python3.12/site-packages/airflow/example_dags/example_dataset_alias_with_no_taskflow.py
[2025-01-19T19:29:30.854+0000] {processor.py:925} INFO - DAG(s) 'dataset_s3_bucket_consumer_with_no_taskflow', 'dataset_alias_example_alias_producer_with_no_taskflow', 'dataset_s3_bucket_producer_with_no_taskflow', 'dataset_alias_example_alias_consumer_with_no_taskflow' retrieved from /home/airflow/.local/lib/python3.12/site-packages/airflow/example_dags/example_dataset_alias_with_no_taskflow.py
[2025-01-19T19:29:30.865+0000] {logging_mixin.py:190} INFO - [2025-01-19T19:29:30.865+0000] {dag.py:3239} INFO - Sync 4 DAGs
[2025-01-19T19:29:30.877+0000] {logging_mixin.py:190} INFO - [2025-01-19T19:29:30.877+0000] {dag.py:4180} INFO - Setting next_dagrun for dataset_alias_example_alias_consumer_with_no_taskflow to None, run_after=None
[2025-01-19T19:29:30.879+0000] {logging_mixin.py:190} INFO - [2025-01-19T19:29:30.879+0000] {dag.py:4180} INFO - Setting next_dagrun for dataset_alias_example_alias_producer_with_no_taskflow to None, run_after=None
[2025-01-19T19:29:30.880+0000] {logging_mixin.py:190} INFO - [2025-01-19T19:29:30.879+0000] {dag.py:4180} INFO - Setting next_dagrun for dataset_s3_bucket_consumer_with_no_taskflow to None, run_after=None
[2025-01-19T19:29:30.880+0000] {logging_mixin.py:190} INFO - [2025-01-19T19:29:30.880+0000] {dag.py:4180} INFO - Setting next_dagrun for dataset_s3_bucket_producer_with_no_taskflow to None, run_after=None
[2025-01-19T19:29:30.892+0000] {processor.py:208} INFO - Processing /home/airflow/.local/lib/python3.12/site-packages/airflow/example_dags/example_dataset_alias_with_no_taskflow.py took 0.388 seconds
[2025-01-19T19:30:00.949+0000] {processor.py:186} INFO - Started process (PID=666) to work on /home/airflow/.local/lib/python3.12/site-packages/airflow/example_dags/example_dataset_alias_with_no_taskflow.py
[2025-01-19T19:30:00.949+0000] {processor.py:914} INFO - Processing file /home/airflow/.local/lib/python3.12/site-packages/airflow/example_dags/example_dataset_alias_with_no_taskflow.py for tasks to queue
[2025-01-19T19:30:00.951+0000] {logging_mixin.py:190} INFO - [2025-01-19T19:30:00.951+0000] {dagbag.py:588} INFO - Filling up the DagBag from /home/airflow/.local/lib/python3.12/site-packages/airflow/example_dags/example_dataset_alias_with_no_taskflow.py
[2025-01-19T19:30:01.293+0000] {processor.py:925} INFO - DAG(s) 'dataset_s3_bucket_producer_with_no_taskflow', 'dataset_alias_example_alias_consumer_with_no_taskflow', 'dataset_alias_example_alias_producer_with_no_taskflow', 'dataset_s3_bucket_consumer_with_no_taskflow' retrieved from /home/airflow/.local/lib/python3.12/site-packages/airflow/example_dags/example_dataset_alias_with_no_taskflow.py
[2025-01-19T19:30:01.304+0000] {logging_mixin.py:190} INFO - [2025-01-19T19:30:01.304+0000] {dag.py:3239} INFO - Sync 4 DAGs
[2025-01-19T19:30:01.317+0000] {logging_mixin.py:190} INFO - [2025-01-19T19:30:01.317+0000] {dag.py:4180} INFO - Setting next_dagrun for dataset_alias_example_alias_consumer_with_no_taskflow to None, run_after=None
[2025-01-19T19:30:01.319+0000] {logging_mixin.py:190} INFO - [2025-01-19T19:30:01.318+0000] {dag.py:4180} INFO - Setting next_dagrun for dataset_alias_example_alias_producer_with_no_taskflow to None, run_after=None
[2025-01-19T19:30:01.320+0000] {logging_mixin.py:190} INFO - [2025-01-19T19:30:01.320+0000] {dag.py:4180} INFO - Setting next_dagrun for dataset_s3_bucket_consumer_with_no_taskflow to None, run_after=None
[2025-01-19T19:30:01.321+0000] {logging_mixin.py:190} INFO - [2025-01-19T19:30:01.321+0000] {dag.py:4180} INFO - Setting next_dagrun for dataset_s3_bucket_producer_with_no_taskflow to None, run_after=None
[2025-01-19T19:30:01.335+0000] {processor.py:208} INFO - Processing /home/airflow/.local/lib/python3.12/site-packages/airflow/example_dags/example_dataset_alias_with_no_taskflow.py took 0.390 seconds
[2025-01-19T19:30:31.731+0000] {processor.py:186} INFO - Started process (PID=731) to work on /home/airflow/.local/lib/python3.12/site-packages/airflow/example_dags/example_dataset_alias_with_no_taskflow.py
[2025-01-19T19:30:31.732+0000] {processor.py:914} INFO - Processing file /home/airflow/.local/lib/python3.12/site-packages/airflow/example_dags/example_dataset_alias_with_no_taskflow.py for tasks to queue
[2025-01-19T19:30:31.734+0000] {logging_mixin.py:190} INFO - [2025-01-19T19:30:31.734+0000] {dagbag.py:588} INFO - Filling up the DagBag from /home/airflow/.local/lib/python3.12/site-packages/airflow/example_dags/example_dataset_alias_with_no_taskflow.py
[2025-01-19T19:30:32.143+0000] {processor.py:925} INFO - DAG(s) 'dataset_s3_bucket_producer_with_no_taskflow', 'dataset_s3_bucket_consumer_with_no_taskflow', 'dataset_alias_example_alias_producer_with_no_taskflow', 'dataset_alias_example_alias_consumer_with_no_taskflow' retrieved from /home/airflow/.local/lib/python3.12/site-packages/airflow/example_dags/example_dataset_alias_with_no_taskflow.py
[2025-01-19T19:30:32.153+0000] {logging_mixin.py:190} INFO - [2025-01-19T19:30:32.152+0000] {dag.py:3239} INFO - Sync 4 DAGs
[2025-01-19T19:30:32.165+0000] {logging_mixin.py:190} INFO - [2025-01-19T19:30:32.165+0000] {dag.py:4180} INFO - Setting next_dagrun for dataset_alias_example_alias_consumer_with_no_taskflow to None, run_after=None
[2025-01-19T19:30:32.166+0000] {logging_mixin.py:190} INFO - [2025-01-19T19:30:32.166+0000] {dag.py:4180} INFO - Setting next_dagrun for dataset_alias_example_alias_producer_with_no_taskflow to None, run_after=None
[2025-01-19T19:30:32.167+0000] {logging_mixin.py:190} INFO - [2025-01-19T19:30:32.167+0000] {dag.py:4180} INFO - Setting next_dagrun for dataset_s3_bucket_consumer_with_no_taskflow to None, run_after=None
[2025-01-19T19:30:32.168+0000] {logging_mixin.py:190} INFO - [2025-01-19T19:30:32.167+0000] {dag.py:4180} INFO - Setting next_dagrun for dataset_s3_bucket_producer_with_no_taskflow to None, run_after=None
[2025-01-19T19:30:32.180+0000] {processor.py:208} INFO - Processing /home/airflow/.local/lib/python3.12/site-packages/airflow/example_dags/example_dataset_alias_with_no_taskflow.py took 0.452 seconds
[2025-01-19T19:31:02.300+0000] {processor.py:186} INFO - Started process (PID=796) to work on /home/airflow/.local/lib/python3.12/site-packages/airflow/example_dags/example_dataset_alias_with_no_taskflow.py
[2025-01-19T19:31:02.301+0000] {processor.py:914} INFO - Processing file /home/airflow/.local/lib/python3.12/site-packages/airflow/example_dags/example_dataset_alias_with_no_taskflow.py for tasks to queue
[2025-01-19T19:31:02.302+0000] {logging_mixin.py:190} INFO - [2025-01-19T19:31:02.302+0000] {dagbag.py:588} INFO - Filling up the DagBag from /home/airflow/.local/lib/python3.12/site-packages/airflow/example_dags/example_dataset_alias_with_no_taskflow.py
[2025-01-19T19:31:02.641+0000] {processor.py:925} INFO - DAG(s) 'dataset_alias_example_alias_consumer_with_no_taskflow', 'dataset_s3_bucket_consumer_with_no_taskflow', 'dataset_alias_example_alias_producer_with_no_taskflow', 'dataset_s3_bucket_producer_with_no_taskflow' retrieved from /home/airflow/.local/lib/python3.12/site-packages/airflow/example_dags/example_dataset_alias_with_no_taskflow.py
[2025-01-19T19:31:02.652+0000] {logging_mixin.py:190} INFO - [2025-01-19T19:31:02.652+0000] {dag.py:3239} INFO - Sync 4 DAGs
[2025-01-19T19:31:02.664+0000] {logging_mixin.py:190} INFO - [2025-01-19T19:31:02.664+0000] {dag.py:4180} INFO - Setting next_dagrun for dataset_alias_example_alias_consumer_with_no_taskflow to None, run_after=None
[2025-01-19T19:31:02.666+0000] {logging_mixin.py:190} INFO - [2025-01-19T19:31:02.665+0000] {dag.py:4180} INFO - Setting next_dagrun for dataset_alias_example_alias_producer_with_no_taskflow to None, run_after=None
[2025-01-19T19:31:02.668+0000] {logging_mixin.py:190} INFO - [2025-01-19T19:31:02.667+0000] {dag.py:4180} INFO - Setting next_dagrun for dataset_s3_bucket_consumer_with_no_taskflow to None, run_after=None
[2025-01-19T19:31:02.670+0000] {logging_mixin.py:190} INFO - [2025-01-19T19:31:02.670+0000] {dag.py:4180} INFO - Setting next_dagrun for dataset_s3_bucket_producer_with_no_taskflow to None, run_after=None
[2025-01-19T19:31:02.683+0000] {processor.py:208} INFO - Processing /home/airflow/.local/lib/python3.12/site-packages/airflow/example_dags/example_dataset_alias_with_no_taskflow.py took 0.386 seconds
[2025-01-19T19:31:32.833+0000] {processor.py:186} INFO - Started process (PID=861) to work on /home/airflow/.local/lib/python3.12/site-packages/airflow/example_dags/example_dataset_alias_with_no_taskflow.py
[2025-01-19T19:31:32.834+0000] {processor.py:914} INFO - Processing file /home/airflow/.local/lib/python3.12/site-packages/airflow/example_dags/example_dataset_alias_with_no_taskflow.py for tasks to queue
[2025-01-19T19:31:32.836+0000] {logging_mixin.py:190} INFO - [2025-01-19T19:31:32.835+0000] {dagbag.py:588} INFO - Filling up the DagBag from /home/airflow/.local/lib/python3.12/site-packages/airflow/example_dags/example_dataset_alias_with_no_taskflow.py
[2025-01-19T19:31:33.176+0000] {processor.py:925} INFO - DAG(s) 'dataset_alias_example_alias_consumer_with_no_taskflow', 'dataset_s3_bucket_consumer_with_no_taskflow', 'dataset_alias_example_alias_producer_with_no_taskflow', 'dataset_s3_bucket_producer_with_no_taskflow' retrieved from /home/airflow/.local/lib/python3.12/site-packages/airflow/example_dags/example_dataset_alias_with_no_taskflow.py
[2025-01-19T19:31:33.191+0000] {logging_mixin.py:190} INFO - [2025-01-19T19:31:33.190+0000] {dag.py:3239} INFO - Sync 4 DAGs
[2025-01-19T19:31:33.204+0000] {logging_mixin.py:190} INFO - [2025-01-19T19:31:33.203+0000] {dag.py:4180} INFO - Setting next_dagrun for dataset_alias_example_alias_consumer_with_no_taskflow to None, run_after=None
[2025-01-19T19:31:33.206+0000] {logging_mixin.py:190} INFO - [2025-01-19T19:31:33.206+0000] {dag.py:4180} INFO - Setting next_dagrun for dataset_alias_example_alias_producer_with_no_taskflow to None, run_after=None
[2025-01-19T19:31:33.208+0000] {logging_mixin.py:190} INFO - [2025-01-19T19:31:33.207+0000] {dag.py:4180} INFO - Setting next_dagrun for dataset_s3_bucket_consumer_with_no_taskflow to None, run_after=None
[2025-01-19T19:31:33.209+0000] {logging_mixin.py:190} INFO - [2025-01-19T19:31:33.209+0000] {dag.py:4180} INFO - Setting next_dagrun for dataset_s3_bucket_producer_with_no_taskflow to None, run_after=None
[2025-01-19T19:31:33.223+0000] {processor.py:208} INFO - Processing /home/airflow/.local/lib/python3.12/site-packages/airflow/example_dags/example_dataset_alias_with_no_taskflow.py took 0.393 seconds
[2025-01-19T19:32:03.740+0000] {processor.py:186} INFO - Started process (PID=926) to work on /home/airflow/.local/lib/python3.12/site-packages/airflow/example_dags/example_dataset_alias_with_no_taskflow.py
[2025-01-19T19:32:03.740+0000] {processor.py:914} INFO - Processing file /home/airflow/.local/lib/python3.12/site-packages/airflow/example_dags/example_dataset_alias_with_no_taskflow.py for tasks to queue
[2025-01-19T19:32:03.742+0000] {logging_mixin.py:190} INFO - [2025-01-19T19:32:03.741+0000] {dagbag.py:588} INFO - Filling up the DagBag from /home/airflow/.local/lib/python3.12/site-packages/airflow/example_dags/example_dataset_alias_with_no_taskflow.py
[2025-01-19T19:32:04.086+0000] {processor.py:925} INFO - DAG(s) 'dataset_alias_example_alias_producer_with_no_taskflow', 'dataset_s3_bucket_consumer_with_no_taskflow', 'dataset_alias_example_alias_consumer_with_no_taskflow', 'dataset_s3_bucket_producer_with_no_taskflow' retrieved from /home/airflow/.local/lib/python3.12/site-packages/airflow/example_dags/example_dataset_alias_with_no_taskflow.py
[2025-01-19T19:32:04.101+0000] {logging_mixin.py:190} INFO - [2025-01-19T19:32:04.100+0000] {dag.py:3239} INFO - Sync 4 DAGs
[2025-01-19T19:32:04.114+0000] {logging_mixin.py:190} INFO - [2025-01-19T19:32:04.114+0000] {dag.py:4180} INFO - Setting next_dagrun for dataset_alias_example_alias_consumer_with_no_taskflow to None, run_after=None
[2025-01-19T19:32:04.117+0000] {logging_mixin.py:190} INFO - [2025-01-19T19:32:04.117+0000] {dag.py:4180} INFO - Setting next_dagrun for dataset_alias_example_alias_producer_with_no_taskflow to None, run_after=None
[2025-01-19T19:32:04.118+0000] {logging_mixin.py:190} INFO - [2025-01-19T19:32:04.118+0000] {dag.py:4180} INFO - Setting next_dagrun for dataset_s3_bucket_consumer_with_no_taskflow to None, run_after=None
[2025-01-19T19:32:04.119+0000] {logging_mixin.py:190} INFO - [2025-01-19T19:32:04.119+0000] {dag.py:4180} INFO - Setting next_dagrun for dataset_s3_bucket_producer_with_no_taskflow to None, run_after=None
[2025-01-19T19:32:04.132+0000] {processor.py:208} INFO - Processing /home/airflow/.local/lib/python3.12/site-packages/airflow/example_dags/example_dataset_alias_with_no_taskflow.py took 0.396 seconds
[2025-01-19T19:32:34.353+0000] {processor.py:186} INFO - Started process (PID=991) to work on /home/airflow/.local/lib/python3.12/site-packages/airflow/example_dags/example_dataset_alias_with_no_taskflow.py
[2025-01-19T19:32:34.354+0000] {processor.py:914} INFO - Processing file /home/airflow/.local/lib/python3.12/site-packages/airflow/example_dags/example_dataset_alias_with_no_taskflow.py for tasks to queue
[2025-01-19T19:32:34.355+0000] {logging_mixin.py:190} INFO - [2025-01-19T19:32:34.355+0000] {dagbag.py:588} INFO - Filling up the DagBag from /home/airflow/.local/lib/python3.12/site-packages/airflow/example_dags/example_dataset_alias_with_no_taskflow.py
[2025-01-19T19:32:34.688+0000] {processor.py:925} INFO - DAG(s) 'dataset_s3_bucket_producer_with_no_taskflow', 'dataset_alias_example_alias_consumer_with_no_taskflow', 'dataset_alias_example_alias_producer_with_no_taskflow', 'dataset_s3_bucket_consumer_with_no_taskflow' retrieved from /home/airflow/.local/lib/python3.12/site-packages/airflow/example_dags/example_dataset_alias_with_no_taskflow.py
[2025-01-19T19:32:34.705+0000] {logging_mixin.py:190} INFO - [2025-01-19T19:32:34.705+0000] {dag.py:3239} INFO - Sync 4 DAGs
[2025-01-19T19:32:34.718+0000] {logging_mixin.py:190} INFO - [2025-01-19T19:32:34.717+0000] {dag.py:4180} INFO - Setting next_dagrun for dataset_alias_example_alias_consumer_with_no_taskflow to None, run_after=None
[2025-01-19T19:32:34.719+0000] {logging_mixin.py:190} INFO - [2025-01-19T19:32:34.719+0000] {dag.py:4180} INFO - Setting next_dagrun for dataset_alias_example_alias_producer_with_no_taskflow to None, run_after=None
[2025-01-19T19:32:34.720+0000] {logging_mixin.py:190} INFO - [2025-01-19T19:32:34.720+0000] {dag.py:4180} INFO - Setting next_dagrun for dataset_s3_bucket_consumer_with_no_taskflow to None, run_after=None
[2025-01-19T19:32:34.721+0000] {logging_mixin.py:190} INFO - [2025-01-19T19:32:34.721+0000] {dag.py:4180} INFO - Setting next_dagrun for dataset_s3_bucket_producer_with_no_taskflow to None, run_after=None
[2025-01-19T19:32:34.737+0000] {processor.py:208} INFO - Processing /home/airflow/.local/lib/python3.12/site-packages/airflow/example_dags/example_dataset_alias_with_no_taskflow.py took 0.387 seconds
[2025-01-19T19:33:05.061+0000] {processor.py:186} INFO - Started process (PID=1056) to work on /home/airflow/.local/lib/python3.12/site-packages/airflow/example_dags/example_dataset_alias_with_no_taskflow.py
[2025-01-19T19:33:05.062+0000] {processor.py:914} INFO - Processing file /home/airflow/.local/lib/python3.12/site-packages/airflow/example_dags/example_dataset_alias_with_no_taskflow.py for tasks to queue
[2025-01-19T19:33:05.063+0000] {logging_mixin.py:190} INFO - [2025-01-19T19:33:05.063+0000] {dagbag.py:588} INFO - Filling up the DagBag from /home/airflow/.local/lib/python3.12/site-packages/airflow/example_dags/example_dataset_alias_with_no_taskflow.py
[2025-01-19T19:33:05.392+0000] {processor.py:925} INFO - DAG(s) 'dataset_s3_bucket_consumer_with_no_taskflow', 'dataset_s3_bucket_producer_with_no_taskflow', 'dataset_alias_example_alias_producer_with_no_taskflow', 'dataset_alias_example_alias_consumer_with_no_taskflow' retrieved from /home/airflow/.local/lib/python3.12/site-packages/airflow/example_dags/example_dataset_alias_with_no_taskflow.py
[2025-01-19T19:33:05.490+0000] {logging_mixin.py:190} INFO - [2025-01-19T19:33:05.490+0000] {dag.py:3239} INFO - Sync 4 DAGs
[2025-01-19T19:33:05.501+0000] {logging_mixin.py:190} INFO - [2025-01-19T19:33:05.501+0000] {dag.py:4180} INFO - Setting next_dagrun for dataset_alias_example_alias_consumer_with_no_taskflow to None, run_after=None
[2025-01-19T19:33:05.502+0000] {logging_mixin.py:190} INFO - [2025-01-19T19:33:05.502+0000] {dag.py:4180} INFO - Setting next_dagrun for dataset_alias_example_alias_producer_with_no_taskflow to None, run_after=None
[2025-01-19T19:33:05.503+0000] {logging_mixin.py:190} INFO - [2025-01-19T19:33:05.503+0000] {dag.py:4180} INFO - Setting next_dagrun for dataset_s3_bucket_consumer_with_no_taskflow to None, run_after=None
[2025-01-19T19:33:05.504+0000] {logging_mixin.py:190} INFO - [2025-01-19T19:33:05.504+0000] {dag.py:4180} INFO - Setting next_dagrun for dataset_s3_bucket_producer_with_no_taskflow to None, run_after=None
[2025-01-19T19:33:05.516+0000] {processor.py:208} INFO - Processing /home/airflow/.local/lib/python3.12/site-packages/airflow/example_dags/example_dataset_alias_with_no_taskflow.py took 0.459 seconds
[2025-01-19T19:34:46.219+0000] {processor.py:186} INFO - Started process (PID=71) to work on /home/airflow/.local/lib/python3.12/site-packages/airflow/example_dags/example_dataset_alias_with_no_taskflow.py
[2025-01-19T19:34:46.220+0000] {processor.py:914} INFO - Processing file /home/airflow/.local/lib/python3.12/site-packages/airflow/example_dags/example_dataset_alias_with_no_taskflow.py for tasks to queue
[2025-01-19T19:34:46.223+0000] {logging_mixin.py:190} INFO - [2025-01-19T19:34:46.222+0000] {dagbag.py:588} INFO - Filling up the DagBag from /home/airflow/.local/lib/python3.12/site-packages/airflow/example_dags/example_dataset_alias_with_no_taskflow.py
[2025-01-19T19:34:46.543+0000] {processor.py:925} INFO - DAG(s) 'dataset_alias_example_alias_consumer_with_no_taskflow', 'dataset_s3_bucket_consumer_with_no_taskflow', 'dataset_s3_bucket_producer_with_no_taskflow', 'dataset_alias_example_alias_producer_with_no_taskflow' retrieved from /home/airflow/.local/lib/python3.12/site-packages/airflow/example_dags/example_dataset_alias_with_no_taskflow.py
[2025-01-19T19:34:46.573+0000] {logging_mixin.py:190} INFO - [2025-01-19T19:34:46.573+0000] {dag.py:3239} INFO - Sync 4 DAGs
[2025-01-19T19:34:46.591+0000] {logging_mixin.py:190} INFO - [2025-01-19T19:34:46.591+0000] {dag.py:4180} INFO - Setting next_dagrun for dataset_alias_example_alias_consumer_with_no_taskflow to None, run_after=None
[2025-01-19T19:34:46.631+0000] {logging_mixin.py:190} INFO - [2025-01-19T19:34:46.631+0000] {dag.py:4180} INFO - Setting next_dagrun for dataset_alias_example_alias_producer_with_no_taskflow to None, run_after=None
[2025-01-19T19:34:46.640+0000] {logging_mixin.py:190} INFO - [2025-01-19T19:34:46.640+0000] {dag.py:4180} INFO - Setting next_dagrun for dataset_s3_bucket_consumer_with_no_taskflow to None, run_after=None
[2025-01-19T19:34:46.653+0000] {logging_mixin.py:190} INFO - [2025-01-19T19:34:46.653+0000] {dag.py:4180} INFO - Setting next_dagrun for dataset_s3_bucket_producer_with_no_taskflow to None, run_after=None
[2025-01-19T19:34:46.677+0000] {processor.py:208} INFO - Processing /home/airflow/.local/lib/python3.12/site-packages/airflow/example_dags/example_dataset_alias_with_no_taskflow.py took 0.461 seconds
[2025-01-19T19:35:17.600+0000] {processor.py:186} INFO - Started process (PID=139) to work on /home/airflow/.local/lib/python3.12/site-packages/airflow/example_dags/example_dataset_alias_with_no_taskflow.py
[2025-01-19T19:35:17.601+0000] {processor.py:914} INFO - Processing file /home/airflow/.local/lib/python3.12/site-packages/airflow/example_dags/example_dataset_alias_with_no_taskflow.py for tasks to queue
[2025-01-19T19:35:17.602+0000] {logging_mixin.py:190} INFO - [2025-01-19T19:35:17.602+0000] {dagbag.py:588} INFO - Filling up the DagBag from /home/airflow/.local/lib/python3.12/site-packages/airflow/example_dags/example_dataset_alias_with_no_taskflow.py
[2025-01-19T19:35:17.947+0000] {processor.py:925} INFO - DAG(s) 'dataset_s3_bucket_producer_with_no_taskflow', 'dataset_alias_example_alias_producer_with_no_taskflow', 'dataset_s3_bucket_consumer_with_no_taskflow', 'dataset_alias_example_alias_consumer_with_no_taskflow' retrieved from /home/airflow/.local/lib/python3.12/site-packages/airflow/example_dags/example_dataset_alias_with_no_taskflow.py
[2025-01-19T19:35:17.958+0000] {logging_mixin.py:190} INFO - [2025-01-19T19:35:17.958+0000] {dag.py:3239} INFO - Sync 4 DAGs
[2025-01-19T19:35:17.973+0000] {logging_mixin.py:190} INFO - [2025-01-19T19:35:17.973+0000] {dag.py:4180} INFO - Setting next_dagrun for dataset_alias_example_alias_consumer_with_no_taskflow to None, run_after=None
[2025-01-19T19:35:17.974+0000] {logging_mixin.py:190} INFO - [2025-01-19T19:35:17.974+0000] {dag.py:4180} INFO - Setting next_dagrun for dataset_alias_example_alias_producer_with_no_taskflow to None, run_after=None
[2025-01-19T19:35:17.975+0000] {logging_mixin.py:190} INFO - [2025-01-19T19:35:17.975+0000] {dag.py:4180} INFO - Setting next_dagrun for dataset_s3_bucket_consumer_with_no_taskflow to None, run_after=None
[2025-01-19T19:35:17.976+0000] {logging_mixin.py:190} INFO - [2025-01-19T19:35:17.976+0000] {dag.py:4180} INFO - Setting next_dagrun for dataset_s3_bucket_producer_with_no_taskflow to None, run_after=None
[2025-01-19T19:35:17.987+0000] {processor.py:208} INFO - Processing /home/airflow/.local/lib/python3.12/site-packages/airflow/example_dags/example_dataset_alias_with_no_taskflow.py took 0.391 seconds
[2025-01-19T19:35:48.132+0000] {processor.py:186} INFO - Started process (PID=205) to work on /home/airflow/.local/lib/python3.12/site-packages/airflow/example_dags/example_dataset_alias_with_no_taskflow.py
[2025-01-19T19:35:48.133+0000] {processor.py:914} INFO - Processing file /home/airflow/.local/lib/python3.12/site-packages/airflow/example_dags/example_dataset_alias_with_no_taskflow.py for tasks to queue
[2025-01-19T19:35:48.134+0000] {logging_mixin.py:190} INFO - [2025-01-19T19:35:48.134+0000] {dagbag.py:588} INFO - Filling up the DagBag from /home/airflow/.local/lib/python3.12/site-packages/airflow/example_dags/example_dataset_alias_with_no_taskflow.py
[2025-01-19T19:35:48.447+0000] {processor.py:925} INFO - DAG(s) 'dataset_s3_bucket_producer_with_no_taskflow', 'dataset_alias_example_alias_producer_with_no_taskflow', 'dataset_s3_bucket_consumer_with_no_taskflow', 'dataset_alias_example_alias_consumer_with_no_taskflow' retrieved from /home/airflow/.local/lib/python3.12/site-packages/airflow/example_dags/example_dataset_alias_with_no_taskflow.py
[2025-01-19T19:35:48.457+0000] {logging_mixin.py:190} INFO - [2025-01-19T19:35:48.457+0000] {dag.py:3239} INFO - Sync 4 DAGs
[2025-01-19T19:35:48.469+0000] {logging_mixin.py:190} INFO - [2025-01-19T19:35:48.469+0000] {dag.py:4180} INFO - Setting next_dagrun for dataset_alias_example_alias_consumer_with_no_taskflow to None, run_after=None
[2025-01-19T19:35:48.471+0000] {logging_mixin.py:190} INFO - [2025-01-19T19:35:48.470+0000] {dag.py:4180} INFO - Setting next_dagrun for dataset_alias_example_alias_producer_with_no_taskflow to None, run_after=None
[2025-01-19T19:35:48.471+0000] {logging_mixin.py:190} INFO - [2025-01-19T19:35:48.471+0000] {dag.py:4180} INFO - Setting next_dagrun for dataset_s3_bucket_consumer_with_no_taskflow to None, run_after=None
[2025-01-19T19:35:48.472+0000] {logging_mixin.py:190} INFO - [2025-01-19T19:35:48.472+0000] {dag.py:4180} INFO - Setting next_dagrun for dataset_s3_bucket_producer_with_no_taskflow to None, run_after=None
[2025-01-19T19:35:48.483+0000] {processor.py:208} INFO - Processing /home/airflow/.local/lib/python3.12/site-packages/airflow/example_dags/example_dataset_alias_with_no_taskflow.py took 0.355 seconds
[2025-01-19T19:36:18.548+0000] {processor.py:186} INFO - Started process (PID=275) to work on /home/airflow/.local/lib/python3.12/site-packages/airflow/example_dags/example_dataset_alias_with_no_taskflow.py
[2025-01-19T19:36:18.549+0000] {processor.py:914} INFO - Processing file /home/airflow/.local/lib/python3.12/site-packages/airflow/example_dags/example_dataset_alias_with_no_taskflow.py for tasks to queue
[2025-01-19T19:36:18.550+0000] {logging_mixin.py:190} INFO - [2025-01-19T19:36:18.550+0000] {dagbag.py:588} INFO - Filling up the DagBag from /home/airflow/.local/lib/python3.12/site-packages/airflow/example_dags/example_dataset_alias_with_no_taskflow.py
[2025-01-19T19:36:18.909+0000] {processor.py:925} INFO - DAG(s) 'dataset_alias_example_alias_consumer_with_no_taskflow', 'dataset_s3_bucket_producer_with_no_taskflow', 'dataset_s3_bucket_consumer_with_no_taskflow', 'dataset_alias_example_alias_producer_with_no_taskflow' retrieved from /home/airflow/.local/lib/python3.12/site-packages/airflow/example_dags/example_dataset_alias_with_no_taskflow.py
[2025-01-19T19:36:18.919+0000] {logging_mixin.py:190} INFO - [2025-01-19T19:36:18.919+0000] {dag.py:3239} INFO - Sync 4 DAGs
[2025-01-19T19:36:18.933+0000] {logging_mixin.py:190} INFO - [2025-01-19T19:36:18.933+0000] {dag.py:4180} INFO - Setting next_dagrun for dataset_alias_example_alias_consumer_with_no_taskflow to None, run_after=None
[2025-01-19T19:36:18.935+0000] {logging_mixin.py:190} INFO - [2025-01-19T19:36:18.934+0000] {dag.py:4180} INFO - Setting next_dagrun for dataset_alias_example_alias_producer_with_no_taskflow to None, run_after=None
[2025-01-19T19:36:18.935+0000] {logging_mixin.py:190} INFO - [2025-01-19T19:36:18.935+0000] {dag.py:4180} INFO - Setting next_dagrun for dataset_s3_bucket_consumer_with_no_taskflow to None, run_after=None
[2025-01-19T19:36:18.936+0000] {logging_mixin.py:190} INFO - [2025-01-19T19:36:18.936+0000] {dag.py:4180} INFO - Setting next_dagrun for dataset_s3_bucket_producer_with_no_taskflow to None, run_after=None
[2025-01-19T19:36:18.946+0000] {processor.py:208} INFO - Processing /home/airflow/.local/lib/python3.12/site-packages/airflow/example_dags/example_dataset_alias_with_no_taskflow.py took 0.402 seconds
[2025-01-19T19:36:49.648+0000] {processor.py:186} INFO - Started process (PID=342) to work on /home/airflow/.local/lib/python3.12/site-packages/airflow/example_dags/example_dataset_alias_with_no_taskflow.py
[2025-01-19T19:36:49.649+0000] {processor.py:914} INFO - Processing file /home/airflow/.local/lib/python3.12/site-packages/airflow/example_dags/example_dataset_alias_with_no_taskflow.py for tasks to queue
[2025-01-19T19:36:49.650+0000] {logging_mixin.py:190} INFO - [2025-01-19T19:36:49.650+0000] {dagbag.py:588} INFO - Filling up the DagBag from /home/airflow/.local/lib/python3.12/site-packages/airflow/example_dags/example_dataset_alias_with_no_taskflow.py
[2025-01-19T19:36:49.967+0000] {processor.py:925} INFO - DAG(s) 'dataset_alias_example_alias_consumer_with_no_taskflow', 'dataset_s3_bucket_consumer_with_no_taskflow', 'dataset_s3_bucket_producer_with_no_taskflow', 'dataset_alias_example_alias_producer_with_no_taskflow' retrieved from /home/airflow/.local/lib/python3.12/site-packages/airflow/example_dags/example_dataset_alias_with_no_taskflow.py
[2025-01-19T19:36:49.976+0000] {logging_mixin.py:190} INFO - [2025-01-19T19:36:49.976+0000] {dag.py:3239} INFO - Sync 4 DAGs
[2025-01-19T19:36:49.989+0000] {logging_mixin.py:190} INFO - [2025-01-19T19:36:49.988+0000] {dag.py:4180} INFO - Setting next_dagrun for dataset_alias_example_alias_consumer_with_no_taskflow to None, run_after=None
[2025-01-19T19:36:49.990+0000] {logging_mixin.py:190} INFO - [2025-01-19T19:36:49.990+0000] {dag.py:4180} INFO - Setting next_dagrun for dataset_alias_example_alias_producer_with_no_taskflow to None, run_after=None
[2025-01-19T19:36:49.991+0000] {logging_mixin.py:190} INFO - [2025-01-19T19:36:49.991+0000] {dag.py:4180} INFO - Setting next_dagrun for dataset_s3_bucket_consumer_with_no_taskflow to None, run_after=None
[2025-01-19T19:36:49.991+0000] {logging_mixin.py:190} INFO - [2025-01-19T19:36:49.991+0000] {dag.py:4180} INFO - Setting next_dagrun for dataset_s3_bucket_producer_with_no_taskflow to None, run_after=None
[2025-01-19T19:36:50.003+0000] {processor.py:208} INFO - Processing /home/airflow/.local/lib/python3.12/site-packages/airflow/example_dags/example_dataset_alias_with_no_taskflow.py took 0.358 seconds
