[2025-01-19T19:25:21.227+0000] {processor.py:186} INFO - Started process (PID=63) to work on /home/airflow/.local/lib/python3.12/site-packages/airflow/example_dags/example_display_name.py
[2025-01-19T19:25:21.228+0000] {processor.py:914} INFO - Processing file /home/airflow/.local/lib/python3.12/site-packages/airflow/example_dags/example_display_name.py for tasks to queue
[2025-01-19T19:25:21.230+0000] {logging_mixin.py:190} INFO - [2025-01-19T19:25:21.230+0000] {dagbag.py:588} INFO - Filling up the DagBag from /home/airflow/.local/lib/python3.12/site-packages/airflow/example_dags/example_display_name.py
[2025-01-19T19:25:21.261+0000] {processor.py:925} INFO - DAG(s) 'example_display_name' retrieved from /home/airflow/.local/lib/python3.12/site-packages/airflow/example_dags/example_display_name.py
[2025-01-19T19:25:21.322+0000] {logging_mixin.py:190} INFO - [2025-01-19T19:25:21.322+0000] {override.py:1911} INFO - Created Permission View: can read on DAG:example_display_name
[2025-01-19T19:25:21.330+0000] {logging_mixin.py:190} INFO - [2025-01-19T19:25:21.330+0000] {override.py:1911} INFO - Created Permission View: can edit on DAG:example_display_name
[2025-01-19T19:25:21.336+0000] {logging_mixin.py:190} INFO - [2025-01-19T19:25:21.336+0000] {override.py:1911} INFO - Created Permission View: can delete on DAG:example_display_name
[2025-01-19T19:25:21.341+0000] {logging_mixin.py:190} INFO - [2025-01-19T19:25:21.341+0000] {override.py:1911} INFO - Created Permission View: can read on DAG Run:example_display_name
[2025-01-19T19:25:21.345+0000] {logging_mixin.py:190} INFO - [2025-01-19T19:25:21.345+0000] {override.py:1911} INFO - Created Permission View: menu access on DAG Run:example_display_name
[2025-01-19T19:25:21.350+0000] {logging_mixin.py:190} INFO - [2025-01-19T19:25:21.349+0000] {override.py:1911} INFO - Created Permission View: can create on DAG Run:example_display_name
[2025-01-19T19:25:21.354+0000] {logging_mixin.py:190} INFO - [2025-01-19T19:25:21.354+0000] {override.py:1911} INFO - Created Permission View: can delete on DAG Run:example_display_name
[2025-01-19T19:25:21.354+0000] {logging_mixin.py:190} INFO - [2025-01-19T19:25:21.354+0000] {dag.py:3239} INFO - Sync 1 DAGs
[2025-01-19T19:25:21.361+0000] {logging_mixin.py:190} INFO - [2025-01-19T19:25:21.361+0000] {dag.py:3262} INFO - Creating ORM DAG for example_display_name
[2025-01-19T19:25:21.362+0000] {logging_mixin.py:190} INFO - [2025-01-19T19:25:21.362+0000] {dag.py:4180} INFO - Setting next_dagrun for example_display_name to None, run_after=None
[2025-01-19T19:25:21.372+0000] {processor.py:208} INFO - Processing /home/airflow/.local/lib/python3.12/site-packages/airflow/example_dags/example_display_name.py took 0.148 seconds
[2025-01-19T19:25:51.414+0000] {processor.py:186} INFO - Started process (PID=127) to work on /home/airflow/.local/lib/python3.12/site-packages/airflow/example_dags/example_display_name.py
[2025-01-19T19:25:51.414+0000] {processor.py:914} INFO - Processing file /home/airflow/.local/lib/python3.12/site-packages/airflow/example_dags/example_display_name.py for tasks to queue
[2025-01-19T19:25:51.416+0000] {logging_mixin.py:190} INFO - [2025-01-19T19:25:51.415+0000] {dagbag.py:588} INFO - Filling up the DagBag from /home/airflow/.local/lib/python3.12/site-packages/airflow/example_dags/example_display_name.py
[2025-01-19T19:25:51.420+0000] {processor.py:925} INFO - DAG(s) 'example_display_name' retrieved from /home/airflow/.local/lib/python3.12/site-packages/airflow/example_dags/example_display_name.py
[2025-01-19T19:25:51.430+0000] {logging_mixin.py:190} INFO - [2025-01-19T19:25:51.430+0000] {dag.py:3239} INFO - Sync 1 DAGs
[2025-01-19T19:25:51.438+0000] {logging_mixin.py:190} INFO - [2025-01-19T19:25:51.438+0000] {dag.py:4180} INFO - Setting next_dagrun for example_display_name to None, run_after=None
[2025-01-19T19:25:51.448+0000] {processor.py:208} INFO - Processing /home/airflow/.local/lib/python3.12/site-packages/airflow/example_dags/example_display_name.py took 0.037 seconds
[2025-01-19T19:26:22.249+0000] {processor.py:186} INFO - Started process (PID=192) to work on /home/airflow/.local/lib/python3.12/site-packages/airflow/example_dags/example_display_name.py
[2025-01-19T19:26:22.250+0000] {processor.py:914} INFO - Processing file /home/airflow/.local/lib/python3.12/site-packages/airflow/example_dags/example_display_name.py for tasks to queue
[2025-01-19T19:26:22.251+0000] {logging_mixin.py:190} INFO - [2025-01-19T19:26:22.251+0000] {dagbag.py:588} INFO - Filling up the DagBag from /home/airflow/.local/lib/python3.12/site-packages/airflow/example_dags/example_display_name.py
[2025-01-19T19:26:22.256+0000] {processor.py:925} INFO - DAG(s) 'example_display_name' retrieved from /home/airflow/.local/lib/python3.12/site-packages/airflow/example_dags/example_display_name.py
[2025-01-19T19:26:22.266+0000] {logging_mixin.py:190} INFO - [2025-01-19T19:26:22.266+0000] {dag.py:3239} INFO - Sync 1 DAGs
[2025-01-19T19:26:22.273+0000] {logging_mixin.py:190} INFO - [2025-01-19T19:26:22.273+0000] {dag.py:4180} INFO - Setting next_dagrun for example_display_name to None, run_after=None
[2025-01-19T19:26:22.284+0000] {processor.py:208} INFO - Processing /home/airflow/.local/lib/python3.12/site-packages/airflow/example_dags/example_display_name.py took 0.039 seconds
[2025-01-19T19:26:52.673+0000] {processor.py:186} INFO - Started process (PID=257) to work on /home/airflow/.local/lib/python3.12/site-packages/airflow/example_dags/example_display_name.py
[2025-01-19T19:26:52.674+0000] {processor.py:914} INFO - Processing file /home/airflow/.local/lib/python3.12/site-packages/airflow/example_dags/example_display_name.py for tasks to queue
[2025-01-19T19:26:52.676+0000] {logging_mixin.py:190} INFO - [2025-01-19T19:26:52.675+0000] {dagbag.py:588} INFO - Filling up the DagBag from /home/airflow/.local/lib/python3.12/site-packages/airflow/example_dags/example_display_name.py
[2025-01-19T19:26:52.680+0000] {processor.py:925} INFO - DAG(s) 'example_display_name' retrieved from /home/airflow/.local/lib/python3.12/site-packages/airflow/example_dags/example_display_name.py
[2025-01-19T19:26:52.691+0000] {logging_mixin.py:190} INFO - [2025-01-19T19:26:52.691+0000] {dag.py:3239} INFO - Sync 1 DAGs
[2025-01-19T19:26:52.699+0000] {logging_mixin.py:190} INFO - [2025-01-19T19:26:52.699+0000] {dag.py:4180} INFO - Setting next_dagrun for example_display_name to None, run_after=None
[2025-01-19T19:26:52.710+0000] {processor.py:208} INFO - Processing /home/airflow/.local/lib/python3.12/site-packages/airflow/example_dags/example_display_name.py took 0.041 seconds
[2025-01-19T19:27:23.016+0000] {processor.py:186} INFO - Started process (PID=322) to work on /home/airflow/.local/lib/python3.12/site-packages/airflow/example_dags/example_display_name.py
[2025-01-19T19:27:23.017+0000] {processor.py:914} INFO - Processing file /home/airflow/.local/lib/python3.12/site-packages/airflow/example_dags/example_display_name.py for tasks to queue
[2025-01-19T19:27:23.018+0000] {logging_mixin.py:190} INFO - [2025-01-19T19:27:23.018+0000] {dagbag.py:588} INFO - Filling up the DagBag from /home/airflow/.local/lib/python3.12/site-packages/airflow/example_dags/example_display_name.py
[2025-01-19T19:27:23.023+0000] {processor.py:925} INFO - DAG(s) 'example_display_name' retrieved from /home/airflow/.local/lib/python3.12/site-packages/airflow/example_dags/example_display_name.py
[2025-01-19T19:27:23.034+0000] {logging_mixin.py:190} INFO - [2025-01-19T19:27:23.033+0000] {dag.py:3239} INFO - Sync 1 DAGs
[2025-01-19T19:27:23.041+0000] {logging_mixin.py:190} INFO - [2025-01-19T19:27:23.041+0000] {dag.py:4180} INFO - Setting next_dagrun for example_display_name to None, run_after=None
[2025-01-19T19:27:23.052+0000] {processor.py:208} INFO - Processing /home/airflow/.local/lib/python3.12/site-packages/airflow/example_dags/example_display_name.py took 0.041 seconds
[2025-01-19T19:27:53.332+0000] {processor.py:186} INFO - Started process (PID=387) to work on /home/airflow/.local/lib/python3.12/site-packages/airflow/example_dags/example_display_name.py
[2025-01-19T19:27:53.333+0000] {processor.py:914} INFO - Processing file /home/airflow/.local/lib/python3.12/site-packages/airflow/example_dags/example_display_name.py for tasks to queue
[2025-01-19T19:27:53.334+0000] {logging_mixin.py:190} INFO - [2025-01-19T19:27:53.334+0000] {dagbag.py:588} INFO - Filling up the DagBag from /home/airflow/.local/lib/python3.12/site-packages/airflow/example_dags/example_display_name.py
[2025-01-19T19:27:53.339+0000] {processor.py:925} INFO - DAG(s) 'example_display_name' retrieved from /home/airflow/.local/lib/python3.12/site-packages/airflow/example_dags/example_display_name.py
[2025-01-19T19:27:53.349+0000] {logging_mixin.py:190} INFO - [2025-01-19T19:27:53.349+0000] {dag.py:3239} INFO - Sync 1 DAGs
[2025-01-19T19:27:53.357+0000] {logging_mixin.py:190} INFO - [2025-01-19T19:27:53.357+0000] {dag.py:4180} INFO - Setting next_dagrun for example_display_name to None, run_after=None
[2025-01-19T19:27:53.368+0000] {processor.py:208} INFO - Processing /home/airflow/.local/lib/python3.12/site-packages/airflow/example_dags/example_display_name.py took 0.040 seconds
[2025-01-19T19:28:24.199+0000] {processor.py:186} INFO - Started process (PID=452) to work on /home/airflow/.local/lib/python3.12/site-packages/airflow/example_dags/example_display_name.py
[2025-01-19T19:28:24.200+0000] {processor.py:914} INFO - Processing file /home/airflow/.local/lib/python3.12/site-packages/airflow/example_dags/example_display_name.py for tasks to queue
[2025-01-19T19:28:24.201+0000] {logging_mixin.py:190} INFO - [2025-01-19T19:28:24.201+0000] {dagbag.py:588} INFO - Filling up the DagBag from /home/airflow/.local/lib/python3.12/site-packages/airflow/example_dags/example_display_name.py
[2025-01-19T19:28:24.206+0000] {processor.py:925} INFO - DAG(s) 'example_display_name' retrieved from /home/airflow/.local/lib/python3.12/site-packages/airflow/example_dags/example_display_name.py
[2025-01-19T19:28:24.216+0000] {logging_mixin.py:190} INFO - [2025-01-19T19:28:24.216+0000] {dag.py:3239} INFO - Sync 1 DAGs
[2025-01-19T19:28:24.223+0000] {logging_mixin.py:190} INFO - [2025-01-19T19:28:24.223+0000] {dag.py:4180} INFO - Setting next_dagrun for example_display_name to None, run_after=None
[2025-01-19T19:28:24.234+0000] {processor.py:208} INFO - Processing /home/airflow/.local/lib/python3.12/site-packages/airflow/example_dags/example_display_name.py took 0.038 seconds
[2025-01-19T19:28:55.373+0000] {processor.py:186} INFO - Started process (PID=517) to work on /home/airflow/.local/lib/python3.12/site-packages/airflow/example_dags/example_display_name.py
[2025-01-19T19:28:55.373+0000] {processor.py:914} INFO - Processing file /home/airflow/.local/lib/python3.12/site-packages/airflow/example_dags/example_display_name.py for tasks to queue
[2025-01-19T19:28:55.375+0000] {logging_mixin.py:190} INFO - [2025-01-19T19:28:55.375+0000] {dagbag.py:588} INFO - Filling up the DagBag from /home/airflow/.local/lib/python3.12/site-packages/airflow/example_dags/example_display_name.py
[2025-01-19T19:28:55.379+0000] {processor.py:925} INFO - DAG(s) 'example_display_name' retrieved from /home/airflow/.local/lib/python3.12/site-packages/airflow/example_dags/example_display_name.py
[2025-01-19T19:28:55.389+0000] {logging_mixin.py:190} INFO - [2025-01-19T19:28:55.389+0000] {dag.py:3239} INFO - Sync 1 DAGs
[2025-01-19T19:28:55.397+0000] {logging_mixin.py:190} INFO - [2025-01-19T19:28:55.397+0000] {dag.py:4180} INFO - Setting next_dagrun for example_display_name to None, run_after=None
[2025-01-19T19:28:55.406+0000] {processor.py:208} INFO - Processing /home/airflow/.local/lib/python3.12/site-packages/airflow/example_dags/example_display_name.py took 0.037 seconds
[2025-01-19T19:29:25.636+0000] {processor.py:186} INFO - Started process (PID=582) to work on /home/airflow/.local/lib/python3.12/site-packages/airflow/example_dags/example_display_name.py
[2025-01-19T19:29:25.637+0000] {processor.py:914} INFO - Processing file /home/airflow/.local/lib/python3.12/site-packages/airflow/example_dags/example_display_name.py for tasks to queue
[2025-01-19T19:29:25.641+0000] {logging_mixin.py:190} INFO - [2025-01-19T19:29:25.641+0000] {dagbag.py:588} INFO - Filling up the DagBag from /home/airflow/.local/lib/python3.12/site-packages/airflow/example_dags/example_display_name.py
[2025-01-19T19:29:25.647+0000] {processor.py:925} INFO - DAG(s) 'example_display_name' retrieved from /home/airflow/.local/lib/python3.12/site-packages/airflow/example_dags/example_display_name.py
[2025-01-19T19:29:25.659+0000] {logging_mixin.py:190} INFO - [2025-01-19T19:29:25.659+0000] {dag.py:3239} INFO - Sync 1 DAGs
[2025-01-19T19:29:25.671+0000] {logging_mixin.py:190} INFO - [2025-01-19T19:29:25.671+0000] {dag.py:4180} INFO - Setting next_dagrun for example_display_name to None, run_after=None
[2025-01-19T19:29:25.683+0000] {processor.py:208} INFO - Processing /home/airflow/.local/lib/python3.12/site-packages/airflow/example_dags/example_display_name.py took 0.051 seconds
[2025-01-19T19:29:56.653+0000] {processor.py:186} INFO - Started process (PID=647) to work on /home/airflow/.local/lib/python3.12/site-packages/airflow/example_dags/example_display_name.py
[2025-01-19T19:29:56.654+0000] {processor.py:914} INFO - Processing file /home/airflow/.local/lib/python3.12/site-packages/airflow/example_dags/example_display_name.py for tasks to queue
[2025-01-19T19:29:56.655+0000] {logging_mixin.py:190} INFO - [2025-01-19T19:29:56.655+0000] {dagbag.py:588} INFO - Filling up the DagBag from /home/airflow/.local/lib/python3.12/site-packages/airflow/example_dags/example_display_name.py
[2025-01-19T19:29:56.660+0000] {processor.py:925} INFO - DAG(s) 'example_display_name' retrieved from /home/airflow/.local/lib/python3.12/site-packages/airflow/example_dags/example_display_name.py
[2025-01-19T19:29:56.670+0000] {logging_mixin.py:190} INFO - [2025-01-19T19:29:56.670+0000] {dag.py:3239} INFO - Sync 1 DAGs
[2025-01-19T19:29:56.678+0000] {logging_mixin.py:190} INFO - [2025-01-19T19:29:56.678+0000] {dag.py:4180} INFO - Setting next_dagrun for example_display_name to None, run_after=None
[2025-01-19T19:29:56.687+0000] {processor.py:208} INFO - Processing /home/airflow/.local/lib/python3.12/site-packages/airflow/example_dags/example_display_name.py took 0.038 seconds
[2025-01-19T19:30:26.997+0000] {processor.py:186} INFO - Started process (PID=712) to work on /home/airflow/.local/lib/python3.12/site-packages/airflow/example_dags/example_display_name.py
[2025-01-19T19:30:26.999+0000] {processor.py:914} INFO - Processing file /home/airflow/.local/lib/python3.12/site-packages/airflow/example_dags/example_display_name.py for tasks to queue
[2025-01-19T19:30:27.001+0000] {logging_mixin.py:190} INFO - [2025-01-19T19:30:27.001+0000] {dagbag.py:588} INFO - Filling up the DagBag from /home/airflow/.local/lib/python3.12/site-packages/airflow/example_dags/example_display_name.py
[2025-01-19T19:30:27.006+0000] {processor.py:925} INFO - DAG(s) 'example_display_name' retrieved from /home/airflow/.local/lib/python3.12/site-packages/airflow/example_dags/example_display_name.py
[2025-01-19T19:30:27.016+0000] {logging_mixin.py:190} INFO - [2025-01-19T19:30:27.016+0000] {dag.py:3239} INFO - Sync 1 DAGs
[2025-01-19T19:30:27.023+0000] {logging_mixin.py:190} INFO - [2025-01-19T19:30:27.023+0000] {dag.py:4180} INFO - Setting next_dagrun for example_display_name to None, run_after=None
[2025-01-19T19:30:27.035+0000] {processor.py:208} INFO - Processing /home/airflow/.local/lib/python3.12/site-packages/airflow/example_dags/example_display_name.py took 0.042 seconds
[2025-01-19T19:30:57.674+0000] {processor.py:186} INFO - Started process (PID=777) to work on /home/airflow/.local/lib/python3.12/site-packages/airflow/example_dags/example_display_name.py
[2025-01-19T19:30:57.675+0000] {processor.py:914} INFO - Processing file /home/airflow/.local/lib/python3.12/site-packages/airflow/example_dags/example_display_name.py for tasks to queue
[2025-01-19T19:30:57.676+0000] {logging_mixin.py:190} INFO - [2025-01-19T19:30:57.676+0000] {dagbag.py:588} INFO - Filling up the DagBag from /home/airflow/.local/lib/python3.12/site-packages/airflow/example_dags/example_display_name.py
[2025-01-19T19:30:57.681+0000] {processor.py:925} INFO - DAG(s) 'example_display_name' retrieved from /home/airflow/.local/lib/python3.12/site-packages/airflow/example_dags/example_display_name.py
[2025-01-19T19:30:57.691+0000] {logging_mixin.py:190} INFO - [2025-01-19T19:30:57.690+0000] {dag.py:3239} INFO - Sync 1 DAGs
[2025-01-19T19:30:57.698+0000] {logging_mixin.py:190} INFO - [2025-01-19T19:30:57.698+0000] {dag.py:4180} INFO - Setting next_dagrun for example_display_name to None, run_after=None
[2025-01-19T19:30:57.708+0000] {processor.py:208} INFO - Processing /home/airflow/.local/lib/python3.12/site-packages/airflow/example_dags/example_display_name.py took 0.038 seconds
[2025-01-19T19:31:27.875+0000] {processor.py:186} INFO - Started process (PID=841) to work on /home/airflow/.local/lib/python3.12/site-packages/airflow/example_dags/example_display_name.py
[2025-01-19T19:31:27.899+0000] {processor.py:914} INFO - Processing file /home/airflow/.local/lib/python3.12/site-packages/airflow/example_dags/example_display_name.py for tasks to queue
[2025-01-19T19:31:27.906+0000] {logging_mixin.py:190} INFO - [2025-01-19T19:31:27.906+0000] {dagbag.py:588} INFO - Filling up the DagBag from /home/airflow/.local/lib/python3.12/site-packages/airflow/example_dags/example_display_name.py
[2025-01-19T19:31:27.911+0000] {processor.py:925} INFO - DAG(s) 'example_display_name' retrieved from /home/airflow/.local/lib/python3.12/site-packages/airflow/example_dags/example_display_name.py
[2025-01-19T19:31:27.923+0000] {logging_mixin.py:190} INFO - [2025-01-19T19:31:27.923+0000] {dag.py:3239} INFO - Sync 1 DAGs
[2025-01-19T19:31:27.933+0000] {logging_mixin.py:190} INFO - [2025-01-19T19:31:27.933+0000] {dag.py:4180} INFO - Setting next_dagrun for example_display_name to None, run_after=None
[2025-01-19T19:31:27.951+0000] {processor.py:208} INFO - Processing /home/airflow/.local/lib/python3.12/site-packages/airflow/example_dags/example_display_name.py took 0.080 seconds
[2025-01-19T19:31:58.600+0000] {processor.py:186} INFO - Started process (PID=907) to work on /home/airflow/.local/lib/python3.12/site-packages/airflow/example_dags/example_display_name.py
[2025-01-19T19:31:58.601+0000] {processor.py:914} INFO - Processing file /home/airflow/.local/lib/python3.12/site-packages/airflow/example_dags/example_display_name.py for tasks to queue
[2025-01-19T19:31:58.602+0000] {logging_mixin.py:190} INFO - [2025-01-19T19:31:58.602+0000] {dagbag.py:588} INFO - Filling up the DagBag from /home/airflow/.local/lib/python3.12/site-packages/airflow/example_dags/example_display_name.py
[2025-01-19T19:31:58.607+0000] {processor.py:925} INFO - DAG(s) 'example_display_name' retrieved from /home/airflow/.local/lib/python3.12/site-packages/airflow/example_dags/example_display_name.py
[2025-01-19T19:31:58.617+0000] {logging_mixin.py:190} INFO - [2025-01-19T19:31:58.617+0000] {dag.py:3239} INFO - Sync 1 DAGs
[2025-01-19T19:31:58.625+0000] {logging_mixin.py:190} INFO - [2025-01-19T19:31:58.624+0000] {dag.py:4180} INFO - Setting next_dagrun for example_display_name to None, run_after=None
[2025-01-19T19:31:58.634+0000] {processor.py:208} INFO - Processing /home/airflow/.local/lib/python3.12/site-packages/airflow/example_dags/example_display_name.py took 0.037 seconds
[2025-01-19T19:32:29.594+0000] {processor.py:186} INFO - Started process (PID=972) to work on /home/airflow/.local/lib/python3.12/site-packages/airflow/example_dags/example_display_name.py
[2025-01-19T19:32:29.594+0000] {processor.py:914} INFO - Processing file /home/airflow/.local/lib/python3.12/site-packages/airflow/example_dags/example_display_name.py for tasks to queue
[2025-01-19T19:32:29.596+0000] {logging_mixin.py:190} INFO - [2025-01-19T19:32:29.596+0000] {dagbag.py:588} INFO - Filling up the DagBag from /home/airflow/.local/lib/python3.12/site-packages/airflow/example_dags/example_display_name.py
[2025-01-19T19:32:29.600+0000] {processor.py:925} INFO - DAG(s) 'example_display_name' retrieved from /home/airflow/.local/lib/python3.12/site-packages/airflow/example_dags/example_display_name.py
[2025-01-19T19:32:29.611+0000] {logging_mixin.py:190} INFO - [2025-01-19T19:32:29.610+0000] {dag.py:3239} INFO - Sync 1 DAGs
[2025-01-19T19:32:29.618+0000] {logging_mixin.py:190} INFO - [2025-01-19T19:32:29.618+0000] {dag.py:4180} INFO - Setting next_dagrun for example_display_name to None, run_after=None
[2025-01-19T19:32:29.630+0000] {processor.py:208} INFO - Processing /home/airflow/.local/lib/python3.12/site-packages/airflow/example_dags/example_display_name.py took 0.040 seconds
[2025-01-19T19:33:00.289+0000] {processor.py:186} INFO - Started process (PID=1037) to work on /home/airflow/.local/lib/python3.12/site-packages/airflow/example_dags/example_display_name.py
[2025-01-19T19:33:00.290+0000] {processor.py:914} INFO - Processing file /home/airflow/.local/lib/python3.12/site-packages/airflow/example_dags/example_display_name.py for tasks to queue
[2025-01-19T19:33:00.291+0000] {logging_mixin.py:190} INFO - [2025-01-19T19:33:00.291+0000] {dagbag.py:588} INFO - Filling up the DagBag from /home/airflow/.local/lib/python3.12/site-packages/airflow/example_dags/example_display_name.py
[2025-01-19T19:33:00.296+0000] {processor.py:925} INFO - DAG(s) 'example_display_name' retrieved from /home/airflow/.local/lib/python3.12/site-packages/airflow/example_dags/example_display_name.py
[2025-01-19T19:33:00.305+0000] {logging_mixin.py:190} INFO - [2025-01-19T19:33:00.305+0000] {dag.py:3239} INFO - Sync 1 DAGs
[2025-01-19T19:33:00.313+0000] {logging_mixin.py:190} INFO - [2025-01-19T19:33:00.312+0000] {dag.py:4180} INFO - Setting next_dagrun for example_display_name to None, run_after=None
[2025-01-19T19:33:00.323+0000] {processor.py:208} INFO - Processing /home/airflow/.local/lib/python3.12/site-packages/airflow/example_dags/example_display_name.py took 0.038 seconds
[2025-01-19T19:33:31.258+0000] {processor.py:186} INFO - Started process (PID=1102) to work on /home/airflow/.local/lib/python3.12/site-packages/airflow/example_dags/example_display_name.py
[2025-01-19T19:33:31.259+0000] {processor.py:914} INFO - Processing file /home/airflow/.local/lib/python3.12/site-packages/airflow/example_dags/example_display_name.py for tasks to queue
[2025-01-19T19:33:31.260+0000] {logging_mixin.py:190} INFO - [2025-01-19T19:33:31.260+0000] {dagbag.py:588} INFO - Filling up the DagBag from /home/airflow/.local/lib/python3.12/site-packages/airflow/example_dags/example_display_name.py
[2025-01-19T19:33:31.266+0000] {processor.py:925} INFO - DAG(s) 'example_display_name' retrieved from /home/airflow/.local/lib/python3.12/site-packages/airflow/example_dags/example_display_name.py
[2025-01-19T19:33:31.279+0000] {logging_mixin.py:190} INFO - [2025-01-19T19:33:31.279+0000] {dag.py:3239} INFO - Sync 1 DAGs
[2025-01-19T19:33:31.289+0000] {logging_mixin.py:190} INFO - [2025-01-19T19:33:31.289+0000] {dag.py:4180} INFO - Setting next_dagrun for example_display_name to None, run_after=None
[2025-01-19T19:33:31.299+0000] {processor.py:208} INFO - Processing /home/airflow/.local/lib/python3.12/site-packages/airflow/example_dags/example_display_name.py took 0.046 seconds
[2025-01-19T19:34:45.747+0000] {processor.py:186} INFO - Started process (PID=63) to work on /home/airflow/.local/lib/python3.12/site-packages/airflow/example_dags/example_display_name.py
[2025-01-19T19:34:45.748+0000] {processor.py:914} INFO - Processing file /home/airflow/.local/lib/python3.12/site-packages/airflow/example_dags/example_display_name.py for tasks to queue
[2025-01-19T19:34:45.750+0000] {logging_mixin.py:190} INFO - [2025-01-19T19:34:45.749+0000] {dagbag.py:588} INFO - Filling up the DagBag from /home/airflow/.local/lib/python3.12/site-packages/airflow/example_dags/example_display_name.py
[2025-01-19T19:34:45.755+0000] {processor.py:925} INFO - DAG(s) 'example_display_name' retrieved from /home/airflow/.local/lib/python3.12/site-packages/airflow/example_dags/example_display_name.py
[2025-01-19T19:34:45.771+0000] {logging_mixin.py:190} INFO - [2025-01-19T19:34:45.771+0000] {dag.py:3239} INFO - Sync 1 DAGs
[2025-01-19T19:34:45.781+0000] {logging_mixin.py:190} INFO - [2025-01-19T19:34:45.781+0000] {dag.py:4180} INFO - Setting next_dagrun for example_display_name to None, run_after=None
[2025-01-19T19:34:45.792+0000] {processor.py:208} INFO - Processing /home/airflow/.local/lib/python3.12/site-packages/airflow/example_dags/example_display_name.py took 0.049 seconds
[2025-01-19T19:35:15.983+0000] {processor.py:186} INFO - Started process (PID=127) to work on /home/airflow/.local/lib/python3.12/site-packages/airflow/example_dags/example_display_name.py
[2025-01-19T19:35:15.984+0000] {processor.py:914} INFO - Processing file /home/airflow/.local/lib/python3.12/site-packages/airflow/example_dags/example_display_name.py for tasks to queue
[2025-01-19T19:35:15.985+0000] {logging_mixin.py:190} INFO - [2025-01-19T19:35:15.985+0000] {dagbag.py:588} INFO - Filling up the DagBag from /home/airflow/.local/lib/python3.12/site-packages/airflow/example_dags/example_display_name.py
[2025-01-19T19:35:15.989+0000] {processor.py:925} INFO - DAG(s) 'example_display_name' retrieved from /home/airflow/.local/lib/python3.12/site-packages/airflow/example_dags/example_display_name.py
[2025-01-19T19:35:15.999+0000] {logging_mixin.py:190} INFO - [2025-01-19T19:35:15.999+0000] {dag.py:3239} INFO - Sync 1 DAGs
[2025-01-19T19:35:16.008+0000] {logging_mixin.py:190} INFO - [2025-01-19T19:35:16.007+0000] {dag.py:4180} INFO - Setting next_dagrun for example_display_name to None, run_after=None
[2025-01-19T19:35:16.018+0000] {processor.py:208} INFO - Processing /home/airflow/.local/lib/python3.12/site-packages/airflow/example_dags/example_display_name.py took 0.038 seconds
[2025-01-19T19:35:46.536+0000] {processor.py:186} INFO - Started process (PID=193) to work on /home/airflow/.local/lib/python3.12/site-packages/airflow/example_dags/example_display_name.py
[2025-01-19T19:35:46.537+0000] {processor.py:914} INFO - Processing file /home/airflow/.local/lib/python3.12/site-packages/airflow/example_dags/example_display_name.py for tasks to queue
[2025-01-19T19:35:46.538+0000] {logging_mixin.py:190} INFO - [2025-01-19T19:35:46.538+0000] {dagbag.py:588} INFO - Filling up the DagBag from /home/airflow/.local/lib/python3.12/site-packages/airflow/example_dags/example_display_name.py
[2025-01-19T19:35:46.543+0000] {processor.py:925} INFO - DAG(s) 'example_display_name' retrieved from /home/airflow/.local/lib/python3.12/site-packages/airflow/example_dags/example_display_name.py
[2025-01-19T19:35:46.554+0000] {logging_mixin.py:190} INFO - [2025-01-19T19:35:46.554+0000] {dag.py:3239} INFO - Sync 1 DAGs
[2025-01-19T19:35:46.561+0000] {logging_mixin.py:190} INFO - [2025-01-19T19:35:46.561+0000] {dag.py:4180} INFO - Setting next_dagrun for example_display_name to None, run_after=None
[2025-01-19T19:35:46.572+0000] {processor.py:208} INFO - Processing /home/airflow/.local/lib/python3.12/site-packages/airflow/example_dags/example_display_name.py took 0.039 seconds
[2025-01-19T19:36:16.687+0000] {processor.py:186} INFO - Started process (PID=257) to work on /home/airflow/.local/lib/python3.12/site-packages/airflow/example_dags/example_display_name.py
[2025-01-19T19:36:16.687+0000] {processor.py:914} INFO - Processing file /home/airflow/.local/lib/python3.12/site-packages/airflow/example_dags/example_display_name.py for tasks to queue
[2025-01-19T19:36:16.688+0000] {logging_mixin.py:190} INFO - [2025-01-19T19:36:16.688+0000] {dagbag.py:588} INFO - Filling up the DagBag from /home/airflow/.local/lib/python3.12/site-packages/airflow/example_dags/example_display_name.py
[2025-01-19T19:36:16.693+0000] {processor.py:925} INFO - DAG(s) 'example_display_name' retrieved from /home/airflow/.local/lib/python3.12/site-packages/airflow/example_dags/example_display_name.py
[2025-01-19T19:36:16.703+0000] {logging_mixin.py:190} INFO - [2025-01-19T19:36:16.703+0000] {dag.py:3239} INFO - Sync 1 DAGs
[2025-01-19T19:36:16.710+0000] {logging_mixin.py:190} INFO - [2025-01-19T19:36:16.710+0000] {dag.py:4180} INFO - Setting next_dagrun for example_display_name to None, run_after=None
[2025-01-19T19:36:16.720+0000] {processor.py:208} INFO - Processing /home/airflow/.local/lib/python3.12/site-packages/airflow/example_dags/example_display_name.py took 0.037 seconds
[2025-01-19T19:36:47.581+0000] {processor.py:186} INFO - Started process (PID=324) to work on /home/airflow/.local/lib/python3.12/site-packages/airflow/example_dags/example_display_name.py
[2025-01-19T19:36:47.581+0000] {processor.py:914} INFO - Processing file /home/airflow/.local/lib/python3.12/site-packages/airflow/example_dags/example_display_name.py for tasks to queue
[2025-01-19T19:36:47.583+0000] {logging_mixin.py:190} INFO - [2025-01-19T19:36:47.583+0000] {dagbag.py:588} INFO - Filling up the DagBag from /home/airflow/.local/lib/python3.12/site-packages/airflow/example_dags/example_display_name.py
[2025-01-19T19:36:47.587+0000] {processor.py:925} INFO - DAG(s) 'example_display_name' retrieved from /home/airflow/.local/lib/python3.12/site-packages/airflow/example_dags/example_display_name.py
[2025-01-19T19:36:47.599+0000] {logging_mixin.py:190} INFO - [2025-01-19T19:36:47.599+0000] {dag.py:3239} INFO - Sync 1 DAGs
[2025-01-19T19:36:47.609+0000] {logging_mixin.py:190} INFO - [2025-01-19T19:36:47.609+0000] {dag.py:4180} INFO - Setting next_dagrun for example_display_name to None, run_after=None
[2025-01-19T19:36:47.624+0000] {processor.py:208} INFO - Processing /home/airflow/.local/lib/python3.12/site-packages/airflow/example_dags/example_display_name.py took 0.046 seconds
