[2025-01-19T19:25:26.562+0000] {processor.py:186} INFO - Started process (PID=94) to work on /home/airflow/.local/lib/python3.12/site-packages/airflow/example_dags/example_external_task_marker_dag.py
[2025-01-19T19:25:26.563+0000] {processor.py:914} INFO - Processing file /home/airflow/.local/lib/python3.12/site-packages/airflow/example_dags/example_external_task_marker_dag.py for tasks to queue
[2025-01-19T19:25:26.565+0000] {logging_mixin.py:190} INFO - [2025-01-19T19:25:26.564+0000] {dagbag.py:588} INFO - Filling up the DagBag from /home/airflow/.local/lib/python3.12/site-packages/airflow/example_dags/example_external_task_marker_dag.py
[2025-01-19T19:25:26.596+0000] {processor.py:925} INFO - DAG(s) 'example_external_task_marker_child', 'example_external_task_marker_parent' retrieved from /home/airflow/.local/lib/python3.12/site-packages/airflow/example_dags/example_external_task_marker_dag.py
[2025-01-19T19:25:26.661+0000] {logging_mixin.py:190} INFO - [2025-01-19T19:25:26.661+0000] {override.py:1911} INFO - Created Permission View: can read on DAG:example_external_task_marker_child
[2025-01-19T19:25:26.668+0000] {logging_mixin.py:190} INFO - [2025-01-19T19:25:26.668+0000] {override.py:1911} INFO - Created Permission View: can edit on DAG:example_external_task_marker_child
[2025-01-19T19:25:26.672+0000] {logging_mixin.py:190} INFO - [2025-01-19T19:25:26.672+0000] {override.py:1911} INFO - Created Permission View: can delete on DAG:example_external_task_marker_child
[2025-01-19T19:25:26.678+0000] {logging_mixin.py:190} INFO - [2025-01-19T19:25:26.677+0000] {override.py:1911} INFO - Created Permission View: can read on DAG Run:example_external_task_marker_child
[2025-01-19T19:25:26.681+0000] {logging_mixin.py:190} INFO - [2025-01-19T19:25:26.681+0000] {override.py:1911} INFO - Created Permission View: menu access on DAG Run:example_external_task_marker_child
[2025-01-19T19:25:26.686+0000] {logging_mixin.py:190} INFO - [2025-01-19T19:25:26.686+0000] {override.py:1911} INFO - Created Permission View: can create on DAG Run:example_external_task_marker_child
[2025-01-19T19:25:26.691+0000] {logging_mixin.py:190} INFO - [2025-01-19T19:25:26.690+0000] {override.py:1911} INFO - Created Permission View: can delete on DAG Run:example_external_task_marker_child
[2025-01-19T19:25:26.699+0000] {logging_mixin.py:190} INFO - [2025-01-19T19:25:26.699+0000] {override.py:1911} INFO - Created Permission View: can read on DAG:example_external_task_marker_parent
[2025-01-19T19:25:26.703+0000] {logging_mixin.py:190} INFO - [2025-01-19T19:25:26.703+0000] {override.py:1911} INFO - Created Permission View: can edit on DAG:example_external_task_marker_parent
[2025-01-19T19:25:26.708+0000] {logging_mixin.py:190} INFO - [2025-01-19T19:25:26.708+0000] {override.py:1911} INFO - Created Permission View: can delete on DAG:example_external_task_marker_parent
[2025-01-19T19:25:26.714+0000] {logging_mixin.py:190} INFO - [2025-01-19T19:25:26.714+0000] {override.py:1911} INFO - Created Permission View: can read on DAG Run:example_external_task_marker_parent
[2025-01-19T19:25:26.719+0000] {logging_mixin.py:190} INFO - [2025-01-19T19:25:26.718+0000] {override.py:1911} INFO - Created Permission View: menu access on DAG Run:example_external_task_marker_parent
[2025-01-19T19:25:26.722+0000] {logging_mixin.py:190} INFO - [2025-01-19T19:25:26.722+0000] {override.py:1911} INFO - Created Permission View: can create on DAG Run:example_external_task_marker_parent
[2025-01-19T19:25:26.726+0000] {logging_mixin.py:190} INFO - [2025-01-19T19:25:26.726+0000] {override.py:1911} INFO - Created Permission View: can delete on DAG Run:example_external_task_marker_parent
[2025-01-19T19:25:26.726+0000] {logging_mixin.py:190} INFO - [2025-01-19T19:25:26.726+0000] {dag.py:3239} INFO - Sync 2 DAGs
[2025-01-19T19:25:26.733+0000] {logging_mixin.py:190} INFO - [2025-01-19T19:25:26.732+0000] {dag.py:3262} INFO - Creating ORM DAG for example_external_task_marker_child
[2025-01-19T19:25:26.733+0000] {logging_mixin.py:190} INFO - [2025-01-19T19:25:26.733+0000] {dag.py:3262} INFO - Creating ORM DAG for example_external_task_marker_parent
[2025-01-19T19:25:26.733+0000] {logging_mixin.py:190} INFO - [2025-01-19T19:25:26.733+0000] {dag.py:4180} INFO - Setting next_dagrun for example_external_task_marker_child to None, run_after=None
[2025-01-19T19:25:26.734+0000] {logging_mixin.py:190} INFO - [2025-01-19T19:25:26.734+0000] {dag.py:4180} INFO - Setting next_dagrun for example_external_task_marker_parent to None, run_after=None
[2025-01-19T19:25:26.742+0000] {processor.py:208} INFO - Processing /home/airflow/.local/lib/python3.12/site-packages/airflow/example_dags/example_external_task_marker_dag.py took 0.184 seconds
[2025-01-19T19:25:57.694+0000] {processor.py:186} INFO - Started process (PID=159) to work on /home/airflow/.local/lib/python3.12/site-packages/airflow/example_dags/example_external_task_marker_dag.py
[2025-01-19T19:25:57.696+0000] {processor.py:914} INFO - Processing file /home/airflow/.local/lib/python3.12/site-packages/airflow/example_dags/example_external_task_marker_dag.py for tasks to queue
[2025-01-19T19:25:57.698+0000] {logging_mixin.py:190} INFO - [2025-01-19T19:25:57.698+0000] {dagbag.py:588} INFO - Filling up the DagBag from /home/airflow/.local/lib/python3.12/site-packages/airflow/example_dags/example_external_task_marker_dag.py
[2025-01-19T19:25:57.704+0000] {processor.py:925} INFO - DAG(s) 'example_external_task_marker_child', 'example_external_task_marker_parent' retrieved from /home/airflow/.local/lib/python3.12/site-packages/airflow/example_dags/example_external_task_marker_dag.py
[2025-01-19T19:25:57.722+0000] {logging_mixin.py:190} INFO - [2025-01-19T19:25:57.721+0000] {dag.py:3239} INFO - Sync 2 DAGs
[2025-01-19T19:25:57.730+0000] {logging_mixin.py:190} INFO - [2025-01-19T19:25:57.729+0000] {dag.py:4180} INFO - Setting next_dagrun for example_external_task_marker_child to None, run_after=None
[2025-01-19T19:25:57.732+0000] {logging_mixin.py:190} INFO - [2025-01-19T19:25:57.732+0000] {dag.py:4180} INFO - Setting next_dagrun for example_external_task_marker_parent to None, run_after=None
[2025-01-19T19:25:57.741+0000] {processor.py:208} INFO - Processing /home/airflow/.local/lib/python3.12/site-packages/airflow/example_dags/example_external_task_marker_dag.py took 0.051 seconds
[2025-01-19T19:26:28.364+0000] {processor.py:186} INFO - Started process (PID=224) to work on /home/airflow/.local/lib/python3.12/site-packages/airflow/example_dags/example_external_task_marker_dag.py
[2025-01-19T19:26:28.364+0000] {processor.py:914} INFO - Processing file /home/airflow/.local/lib/python3.12/site-packages/airflow/example_dags/example_external_task_marker_dag.py for tasks to queue
[2025-01-19T19:26:28.366+0000] {logging_mixin.py:190} INFO - [2025-01-19T19:26:28.365+0000] {dagbag.py:588} INFO - Filling up the DagBag from /home/airflow/.local/lib/python3.12/site-packages/airflow/example_dags/example_external_task_marker_dag.py
[2025-01-19T19:26:28.370+0000] {processor.py:925} INFO - DAG(s) 'example_external_task_marker_parent', 'example_external_task_marker_child' retrieved from /home/airflow/.local/lib/python3.12/site-packages/airflow/example_dags/example_external_task_marker_dag.py
[2025-01-19T19:26:28.384+0000] {logging_mixin.py:190} INFO - [2025-01-19T19:26:28.383+0000] {dag.py:3239} INFO - Sync 2 DAGs
[2025-01-19T19:26:28.392+0000] {logging_mixin.py:190} INFO - [2025-01-19T19:26:28.392+0000] {dag.py:4180} INFO - Setting next_dagrun for example_external_task_marker_child to None, run_after=None
[2025-01-19T19:26:28.394+0000] {logging_mixin.py:190} INFO - [2025-01-19T19:26:28.394+0000] {dag.py:4180} INFO - Setting next_dagrun for example_external_task_marker_parent to None, run_after=None
[2025-01-19T19:26:28.403+0000] {processor.py:208} INFO - Processing /home/airflow/.local/lib/python3.12/site-packages/airflow/example_dags/example_external_task_marker_dag.py took 0.043 seconds
[2025-01-19T19:26:58.467+0000] {processor.py:186} INFO - Started process (PID=289) to work on /home/airflow/.local/lib/python3.12/site-packages/airflow/example_dags/example_external_task_marker_dag.py
[2025-01-19T19:26:58.467+0000] {processor.py:914} INFO - Processing file /home/airflow/.local/lib/python3.12/site-packages/airflow/example_dags/example_external_task_marker_dag.py for tasks to queue
[2025-01-19T19:26:58.469+0000] {logging_mixin.py:190} INFO - [2025-01-19T19:26:58.469+0000] {dagbag.py:588} INFO - Filling up the DagBag from /home/airflow/.local/lib/python3.12/site-packages/airflow/example_dags/example_external_task_marker_dag.py
[2025-01-19T19:26:58.474+0000] {processor.py:925} INFO - DAG(s) 'example_external_task_marker_child', 'example_external_task_marker_parent' retrieved from /home/airflow/.local/lib/python3.12/site-packages/airflow/example_dags/example_external_task_marker_dag.py
[2025-01-19T19:26:58.486+0000] {logging_mixin.py:190} INFO - [2025-01-19T19:26:58.486+0000] {dag.py:3239} INFO - Sync 2 DAGs
[2025-01-19T19:26:58.495+0000] {logging_mixin.py:190} INFO - [2025-01-19T19:26:58.494+0000] {dag.py:4180} INFO - Setting next_dagrun for example_external_task_marker_child to None, run_after=None
[2025-01-19T19:26:58.497+0000] {logging_mixin.py:190} INFO - [2025-01-19T19:26:58.497+0000] {dag.py:4180} INFO - Setting next_dagrun for example_external_task_marker_parent to None, run_after=None
[2025-01-19T19:26:58.506+0000] {processor.py:208} INFO - Processing /home/airflow/.local/lib/python3.12/site-packages/airflow/example_dags/example_external_task_marker_dag.py took 0.043 seconds
[2025-01-19T19:27:29.021+0000] {processor.py:186} INFO - Started process (PID=354) to work on /home/airflow/.local/lib/python3.12/site-packages/airflow/example_dags/example_external_task_marker_dag.py
[2025-01-19T19:27:29.022+0000] {processor.py:914} INFO - Processing file /home/airflow/.local/lib/python3.12/site-packages/airflow/example_dags/example_external_task_marker_dag.py for tasks to queue
[2025-01-19T19:27:29.023+0000] {logging_mixin.py:190} INFO - [2025-01-19T19:27:29.023+0000] {dagbag.py:588} INFO - Filling up the DagBag from /home/airflow/.local/lib/python3.12/site-packages/airflow/example_dags/example_external_task_marker_dag.py
[2025-01-19T19:27:29.028+0000] {processor.py:925} INFO - DAG(s) 'example_external_task_marker_child', 'example_external_task_marker_parent' retrieved from /home/airflow/.local/lib/python3.12/site-packages/airflow/example_dags/example_external_task_marker_dag.py
[2025-01-19T19:27:29.040+0000] {logging_mixin.py:190} INFO - [2025-01-19T19:27:29.040+0000] {dag.py:3239} INFO - Sync 2 DAGs
[2025-01-19T19:27:29.049+0000] {logging_mixin.py:190} INFO - [2025-01-19T19:27:29.049+0000] {dag.py:4180} INFO - Setting next_dagrun for example_external_task_marker_child to None, run_after=None
[2025-01-19T19:27:29.051+0000] {logging_mixin.py:190} INFO - [2025-01-19T19:27:29.051+0000] {dag.py:4180} INFO - Setting next_dagrun for example_external_task_marker_parent to None, run_after=None
[2025-01-19T19:27:29.059+0000] {processor.py:208} INFO - Processing /home/airflow/.local/lib/python3.12/site-packages/airflow/example_dags/example_external_task_marker_dag.py took 0.041 seconds
[2025-01-19T19:27:59.665+0000] {processor.py:186} INFO - Started process (PID=419) to work on /home/airflow/.local/lib/python3.12/site-packages/airflow/example_dags/example_external_task_marker_dag.py
[2025-01-19T19:27:59.666+0000] {processor.py:914} INFO - Processing file /home/airflow/.local/lib/python3.12/site-packages/airflow/example_dags/example_external_task_marker_dag.py for tasks to queue
[2025-01-19T19:27:59.667+0000] {logging_mixin.py:190} INFO - [2025-01-19T19:27:59.667+0000] {dagbag.py:588} INFO - Filling up the DagBag from /home/airflow/.local/lib/python3.12/site-packages/airflow/example_dags/example_external_task_marker_dag.py
[2025-01-19T19:27:59.672+0000] {processor.py:925} INFO - DAG(s) 'example_external_task_marker_parent', 'example_external_task_marker_child' retrieved from /home/airflow/.local/lib/python3.12/site-packages/airflow/example_dags/example_external_task_marker_dag.py
[2025-01-19T19:27:59.684+0000] {logging_mixin.py:190} INFO - [2025-01-19T19:27:59.684+0000] {dag.py:3239} INFO - Sync 2 DAGs
[2025-01-19T19:27:59.692+0000] {logging_mixin.py:190} INFO - [2025-01-19T19:27:59.692+0000] {dag.py:4180} INFO - Setting next_dagrun for example_external_task_marker_child to None, run_after=None
[2025-01-19T19:27:59.695+0000] {logging_mixin.py:190} INFO - [2025-01-19T19:27:59.695+0000] {dag.py:4180} INFO - Setting next_dagrun for example_external_task_marker_parent to None, run_after=None
[2025-01-19T19:27:59.704+0000] {processor.py:208} INFO - Processing /home/airflow/.local/lib/python3.12/site-packages/airflow/example_dags/example_external_task_marker_dag.py took 0.042 seconds
[2025-01-19T19:28:30.222+0000] {processor.py:186} INFO - Started process (PID=484) to work on /home/airflow/.local/lib/python3.12/site-packages/airflow/example_dags/example_external_task_marker_dag.py
[2025-01-19T19:28:30.222+0000] {processor.py:914} INFO - Processing file /home/airflow/.local/lib/python3.12/site-packages/airflow/example_dags/example_external_task_marker_dag.py for tasks to queue
[2025-01-19T19:28:30.224+0000] {logging_mixin.py:190} INFO - [2025-01-19T19:28:30.224+0000] {dagbag.py:588} INFO - Filling up the DagBag from /home/airflow/.local/lib/python3.12/site-packages/airflow/example_dags/example_external_task_marker_dag.py
[2025-01-19T19:28:30.229+0000] {processor.py:925} INFO - DAG(s) 'example_external_task_marker_parent', 'example_external_task_marker_child' retrieved from /home/airflow/.local/lib/python3.12/site-packages/airflow/example_dags/example_external_task_marker_dag.py
[2025-01-19T19:28:30.243+0000] {logging_mixin.py:190} INFO - [2025-01-19T19:28:30.243+0000] {dag.py:3239} INFO - Sync 2 DAGs
[2025-01-19T19:28:30.251+0000] {logging_mixin.py:190} INFO - [2025-01-19T19:28:30.251+0000] {dag.py:4180} INFO - Setting next_dagrun for example_external_task_marker_child to None, run_after=None
[2025-01-19T19:28:30.253+0000] {logging_mixin.py:190} INFO - [2025-01-19T19:28:30.253+0000] {dag.py:4180} INFO - Setting next_dagrun for example_external_task_marker_parent to None, run_after=None
[2025-01-19T19:28:30.263+0000] {processor.py:208} INFO - Processing /home/airflow/.local/lib/python3.12/site-packages/airflow/example_dags/example_external_task_marker_dag.py took 0.045 seconds
[2025-01-19T19:29:01.020+0000] {processor.py:186} INFO - Started process (PID=549) to work on /home/airflow/.local/lib/python3.12/site-packages/airflow/example_dags/example_external_task_marker_dag.py
[2025-01-19T19:29:01.021+0000] {processor.py:914} INFO - Processing file /home/airflow/.local/lib/python3.12/site-packages/airflow/example_dags/example_external_task_marker_dag.py for tasks to queue
[2025-01-19T19:29:01.023+0000] {logging_mixin.py:190} INFO - [2025-01-19T19:29:01.022+0000] {dagbag.py:588} INFO - Filling up the DagBag from /home/airflow/.local/lib/python3.12/site-packages/airflow/example_dags/example_external_task_marker_dag.py
[2025-01-19T19:29:01.027+0000] {processor.py:925} INFO - DAG(s) 'example_external_task_marker_child', 'example_external_task_marker_parent' retrieved from /home/airflow/.local/lib/python3.12/site-packages/airflow/example_dags/example_external_task_marker_dag.py
[2025-01-19T19:29:01.041+0000] {logging_mixin.py:190} INFO - [2025-01-19T19:29:01.041+0000] {dag.py:3239} INFO - Sync 2 DAGs
[2025-01-19T19:29:01.050+0000] {logging_mixin.py:190} INFO - [2025-01-19T19:29:01.049+0000] {dag.py:4180} INFO - Setting next_dagrun for example_external_task_marker_child to None, run_after=None
[2025-01-19T19:29:01.052+0000] {logging_mixin.py:190} INFO - [2025-01-19T19:29:01.052+0000] {dag.py:4180} INFO - Setting next_dagrun for example_external_task_marker_parent to None, run_after=None
[2025-01-19T19:29:01.062+0000] {processor.py:208} INFO - Processing /home/airflow/.local/lib/python3.12/site-packages/airflow/example_dags/example_external_task_marker_dag.py took 0.045 seconds
[2025-01-19T19:29:32.036+0000] {processor.py:186} INFO - Started process (PID=614) to work on /home/airflow/.local/lib/python3.12/site-packages/airflow/example_dags/example_external_task_marker_dag.py
[2025-01-19T19:29:32.037+0000] {processor.py:914} INFO - Processing file /home/airflow/.local/lib/python3.12/site-packages/airflow/example_dags/example_external_task_marker_dag.py for tasks to queue
[2025-01-19T19:29:32.039+0000] {logging_mixin.py:190} INFO - [2025-01-19T19:29:32.038+0000] {dagbag.py:588} INFO - Filling up the DagBag from /home/airflow/.local/lib/python3.12/site-packages/airflow/example_dags/example_external_task_marker_dag.py
[2025-01-19T19:29:32.043+0000] {processor.py:925} INFO - DAG(s) 'example_external_task_marker_parent', 'example_external_task_marker_child' retrieved from /home/airflow/.local/lib/python3.12/site-packages/airflow/example_dags/example_external_task_marker_dag.py
[2025-01-19T19:29:32.056+0000] {logging_mixin.py:190} INFO - [2025-01-19T19:29:32.056+0000] {dag.py:3239} INFO - Sync 2 DAGs
[2025-01-19T19:29:32.064+0000] {logging_mixin.py:190} INFO - [2025-01-19T19:29:32.064+0000] {dag.py:4180} INFO - Setting next_dagrun for example_external_task_marker_child to None, run_after=None
[2025-01-19T19:29:32.066+0000] {logging_mixin.py:190} INFO - [2025-01-19T19:29:32.066+0000] {dag.py:4180} INFO - Setting next_dagrun for example_external_task_marker_parent to None, run_after=None
[2025-01-19T19:29:32.075+0000] {processor.py:208} INFO - Processing /home/airflow/.local/lib/python3.12/site-packages/airflow/example_dags/example_external_task_marker_dag.py took 0.042 seconds
[2025-01-19T19:30:02.363+0000] {processor.py:186} INFO - Started process (PID=679) to work on /home/airflow/.local/lib/python3.12/site-packages/airflow/example_dags/example_external_task_marker_dag.py
[2025-01-19T19:30:02.364+0000] {processor.py:914} INFO - Processing file /home/airflow/.local/lib/python3.12/site-packages/airflow/example_dags/example_external_task_marker_dag.py for tasks to queue
[2025-01-19T19:30:02.365+0000] {logging_mixin.py:190} INFO - [2025-01-19T19:30:02.365+0000] {dagbag.py:588} INFO - Filling up the DagBag from /home/airflow/.local/lib/python3.12/site-packages/airflow/example_dags/example_external_task_marker_dag.py
[2025-01-19T19:30:02.373+0000] {processor.py:925} INFO - DAG(s) 'example_external_task_marker_child', 'example_external_task_marker_parent' retrieved from /home/airflow/.local/lib/python3.12/site-packages/airflow/example_dags/example_external_task_marker_dag.py
[2025-01-19T19:30:02.387+0000] {logging_mixin.py:190} INFO - [2025-01-19T19:30:02.387+0000] {dag.py:3239} INFO - Sync 2 DAGs
[2025-01-19T19:30:02.395+0000] {logging_mixin.py:190} INFO - [2025-01-19T19:30:02.395+0000] {dag.py:4180} INFO - Setting next_dagrun for example_external_task_marker_child to None, run_after=None
[2025-01-19T19:30:02.397+0000] {logging_mixin.py:190} INFO - [2025-01-19T19:30:02.397+0000] {dag.py:4180} INFO - Setting next_dagrun for example_external_task_marker_parent to None, run_after=None
[2025-01-19T19:30:02.406+0000] {processor.py:208} INFO - Processing /home/airflow/.local/lib/python3.12/site-packages/airflow/example_dags/example_external_task_marker_dag.py took 0.047 seconds
[2025-01-19T19:30:33.103+0000] {processor.py:186} INFO - Started process (PID=744) to work on /home/airflow/.local/lib/python3.12/site-packages/airflow/example_dags/example_external_task_marker_dag.py
[2025-01-19T19:30:33.104+0000] {processor.py:914} INFO - Processing file /home/airflow/.local/lib/python3.12/site-packages/airflow/example_dags/example_external_task_marker_dag.py for tasks to queue
[2025-01-19T19:30:33.106+0000] {logging_mixin.py:190} INFO - [2025-01-19T19:30:33.105+0000] {dagbag.py:588} INFO - Filling up the DagBag from /home/airflow/.local/lib/python3.12/site-packages/airflow/example_dags/example_external_task_marker_dag.py
[2025-01-19T19:30:33.110+0000] {processor.py:925} INFO - DAG(s) 'example_external_task_marker_parent', 'example_external_task_marker_child' retrieved from /home/airflow/.local/lib/python3.12/site-packages/airflow/example_dags/example_external_task_marker_dag.py
[2025-01-19T19:30:33.123+0000] {logging_mixin.py:190} INFO - [2025-01-19T19:30:33.123+0000] {dag.py:3239} INFO - Sync 2 DAGs
[2025-01-19T19:30:33.131+0000] {logging_mixin.py:190} INFO - [2025-01-19T19:30:33.131+0000] {dag.py:4180} INFO - Setting next_dagrun for example_external_task_marker_child to None, run_after=None
[2025-01-19T19:30:33.346+0000] {logging_mixin.py:190} INFO - [2025-01-19T19:30:33.345+0000] {dag.py:4180} INFO - Setting next_dagrun for example_external_task_marker_parent to None, run_after=None
[2025-01-19T19:30:33.356+0000] {processor.py:208} INFO - Processing /home/airflow/.local/lib/python3.12/site-packages/airflow/example_dags/example_external_task_marker_dag.py took 0.256 seconds
[2025-01-19T19:31:04.341+0000] {processor.py:186} INFO - Started process (PID=809) to work on /home/airflow/.local/lib/python3.12/site-packages/airflow/example_dags/example_external_task_marker_dag.py
[2025-01-19T19:31:04.342+0000] {processor.py:914} INFO - Processing file /home/airflow/.local/lib/python3.12/site-packages/airflow/example_dags/example_external_task_marker_dag.py for tasks to queue
[2025-01-19T19:31:04.344+0000] {logging_mixin.py:190} INFO - [2025-01-19T19:31:04.343+0000] {dagbag.py:588} INFO - Filling up the DagBag from /home/airflow/.local/lib/python3.12/site-packages/airflow/example_dags/example_external_task_marker_dag.py
[2025-01-19T19:31:04.349+0000] {processor.py:925} INFO - DAG(s) 'example_external_task_marker_child', 'example_external_task_marker_parent' retrieved from /home/airflow/.local/lib/python3.12/site-packages/airflow/example_dags/example_external_task_marker_dag.py
[2025-01-19T19:31:04.365+0000] {logging_mixin.py:190} INFO - [2025-01-19T19:31:04.364+0000] {dag.py:3239} INFO - Sync 2 DAGs
[2025-01-19T19:31:04.374+0000] {logging_mixin.py:190} INFO - [2025-01-19T19:31:04.374+0000] {dag.py:4180} INFO - Setting next_dagrun for example_external_task_marker_child to None, run_after=None
[2025-01-19T19:31:04.377+0000] {logging_mixin.py:190} INFO - [2025-01-19T19:31:04.377+0000] {dag.py:4180} INFO - Setting next_dagrun for example_external_task_marker_parent to None, run_after=None
[2025-01-19T19:31:04.389+0000] {processor.py:208} INFO - Processing /home/airflow/.local/lib/python3.12/site-packages/airflow/example_dags/example_external_task_marker_dag.py took 0.051 seconds
[2025-01-19T19:31:35.079+0000] {processor.py:186} INFO - Started process (PID=874) to work on /home/airflow/.local/lib/python3.12/site-packages/airflow/example_dags/example_external_task_marker_dag.py
[2025-01-19T19:31:35.080+0000] {processor.py:914} INFO - Processing file /home/airflow/.local/lib/python3.12/site-packages/airflow/example_dags/example_external_task_marker_dag.py for tasks to queue
[2025-01-19T19:31:35.081+0000] {logging_mixin.py:190} INFO - [2025-01-19T19:31:35.081+0000] {dagbag.py:588} INFO - Filling up the DagBag from /home/airflow/.local/lib/python3.12/site-packages/airflow/example_dags/example_external_task_marker_dag.py
[2025-01-19T19:31:35.087+0000] {processor.py:925} INFO - DAG(s) 'example_external_task_marker_parent', 'example_external_task_marker_child' retrieved from /home/airflow/.local/lib/python3.12/site-packages/airflow/example_dags/example_external_task_marker_dag.py
[2025-01-19T19:31:35.100+0000] {logging_mixin.py:190} INFO - [2025-01-19T19:31:35.100+0000] {dag.py:3239} INFO - Sync 2 DAGs
[2025-01-19T19:31:35.109+0000] {logging_mixin.py:190} INFO - [2025-01-19T19:31:35.109+0000] {dag.py:4180} INFO - Setting next_dagrun for example_external_task_marker_child to None, run_after=None
[2025-01-19T19:31:35.111+0000] {logging_mixin.py:190} INFO - [2025-01-19T19:31:35.111+0000] {dag.py:4180} INFO - Setting next_dagrun for example_external_task_marker_parent to None, run_after=None
[2025-01-19T19:31:35.121+0000] {processor.py:208} INFO - Processing /home/airflow/.local/lib/python3.12/site-packages/airflow/example_dags/example_external_task_marker_dag.py took 0.045 seconds
[2025-01-19T19:32:05.668+0000] {processor.py:186} INFO - Started process (PID=939) to work on /home/airflow/.local/lib/python3.12/site-packages/airflow/example_dags/example_external_task_marker_dag.py
[2025-01-19T19:32:05.669+0000] {processor.py:914} INFO - Processing file /home/airflow/.local/lib/python3.12/site-packages/airflow/example_dags/example_external_task_marker_dag.py for tasks to queue
[2025-01-19T19:32:05.670+0000] {logging_mixin.py:190} INFO - [2025-01-19T19:32:05.670+0000] {dagbag.py:588} INFO - Filling up the DagBag from /home/airflow/.local/lib/python3.12/site-packages/airflow/example_dags/example_external_task_marker_dag.py
[2025-01-19T19:32:05.675+0000] {processor.py:925} INFO - DAG(s) 'example_external_task_marker_child', 'example_external_task_marker_parent' retrieved from /home/airflow/.local/lib/python3.12/site-packages/airflow/example_dags/example_external_task_marker_dag.py
[2025-01-19T19:32:05.688+0000] {logging_mixin.py:190} INFO - [2025-01-19T19:32:05.688+0000] {dag.py:3239} INFO - Sync 2 DAGs
[2025-01-19T19:32:05.697+0000] {logging_mixin.py:190} INFO - [2025-01-19T19:32:05.696+0000] {dag.py:4180} INFO - Setting next_dagrun for example_external_task_marker_child to None, run_after=None
[2025-01-19T19:32:05.699+0000] {logging_mixin.py:190} INFO - [2025-01-19T19:32:05.699+0000] {dag.py:4180} INFO - Setting next_dagrun for example_external_task_marker_parent to None, run_after=None
[2025-01-19T19:32:05.708+0000] {processor.py:208} INFO - Processing /home/airflow/.local/lib/python3.12/site-packages/airflow/example_dags/example_external_task_marker_dag.py took 0.043 seconds
[2025-01-19T19:32:36.524+0000] {processor.py:186} INFO - Started process (PID=1004) to work on /home/airflow/.local/lib/python3.12/site-packages/airflow/example_dags/example_external_task_marker_dag.py
[2025-01-19T19:32:36.525+0000] {processor.py:914} INFO - Processing file /home/airflow/.local/lib/python3.12/site-packages/airflow/example_dags/example_external_task_marker_dag.py for tasks to queue
[2025-01-19T19:32:36.526+0000] {logging_mixin.py:190} INFO - [2025-01-19T19:32:36.526+0000] {dagbag.py:588} INFO - Filling up the DagBag from /home/airflow/.local/lib/python3.12/site-packages/airflow/example_dags/example_external_task_marker_dag.py
[2025-01-19T19:32:36.531+0000] {processor.py:925} INFO - DAG(s) 'example_external_task_marker_child', 'example_external_task_marker_parent' retrieved from /home/airflow/.local/lib/python3.12/site-packages/airflow/example_dags/example_external_task_marker_dag.py
[2025-01-19T19:32:36.544+0000] {logging_mixin.py:190} INFO - [2025-01-19T19:32:36.544+0000] {dag.py:3239} INFO - Sync 2 DAGs
[2025-01-19T19:32:36.553+0000] {logging_mixin.py:190} INFO - [2025-01-19T19:32:36.553+0000] {dag.py:4180} INFO - Setting next_dagrun for example_external_task_marker_child to None, run_after=None
[2025-01-19T19:32:36.555+0000] {logging_mixin.py:190} INFO - [2025-01-19T19:32:36.555+0000] {dag.py:4180} INFO - Setting next_dagrun for example_external_task_marker_parent to None, run_after=None
[2025-01-19T19:32:36.565+0000] {processor.py:208} INFO - Processing /home/airflow/.local/lib/python3.12/site-packages/airflow/example_dags/example_external_task_marker_dag.py took 0.045 seconds
[2025-01-19T19:33:07.456+0000] {processor.py:186} INFO - Started process (PID=1069) to work on /home/airflow/.local/lib/python3.12/site-packages/airflow/example_dags/example_external_task_marker_dag.py
[2025-01-19T19:33:07.465+0000] {processor.py:914} INFO - Processing file /home/airflow/.local/lib/python3.12/site-packages/airflow/example_dags/example_external_task_marker_dag.py for tasks to queue
[2025-01-19T19:33:07.467+0000] {logging_mixin.py:190} INFO - [2025-01-19T19:33:07.466+0000] {dagbag.py:588} INFO - Filling up the DagBag from /home/airflow/.local/lib/python3.12/site-packages/airflow/example_dags/example_external_task_marker_dag.py
[2025-01-19T19:33:07.472+0000] {processor.py:925} INFO - DAG(s) 'example_external_task_marker_child', 'example_external_task_marker_parent' retrieved from /home/airflow/.local/lib/python3.12/site-packages/airflow/example_dags/example_external_task_marker_dag.py
[2025-01-19T19:33:07.486+0000] {logging_mixin.py:190} INFO - [2025-01-19T19:33:07.486+0000] {dag.py:3239} INFO - Sync 2 DAGs
[2025-01-19T19:33:07.495+0000] {logging_mixin.py:190} INFO - [2025-01-19T19:33:07.495+0000] {dag.py:4180} INFO - Setting next_dagrun for example_external_task_marker_child to None, run_after=None
[2025-01-19T19:33:07.498+0000] {logging_mixin.py:190} INFO - [2025-01-19T19:33:07.498+0000] {dag.py:4180} INFO - Setting next_dagrun for example_external_task_marker_parent to None, run_after=None
[2025-01-19T19:33:07.508+0000] {processor.py:208} INFO - Processing /home/airflow/.local/lib/python3.12/site-packages/airflow/example_dags/example_external_task_marker_dag.py took 0.056 seconds
[2025-01-19T19:34:48.365+0000] {processor.py:186} INFO - Started process (PID=94) to work on /home/airflow/.local/lib/python3.12/site-packages/airflow/example_dags/example_external_task_marker_dag.py
[2025-01-19T19:34:48.365+0000] {processor.py:914} INFO - Processing file /home/airflow/.local/lib/python3.12/site-packages/airflow/example_dags/example_external_task_marker_dag.py for tasks to queue
[2025-01-19T19:34:48.367+0000] {logging_mixin.py:190} INFO - [2025-01-19T19:34:48.367+0000] {dagbag.py:588} INFO - Filling up the DagBag from /home/airflow/.local/lib/python3.12/site-packages/airflow/example_dags/example_external_task_marker_dag.py
[2025-01-19T19:34:48.372+0000] {processor.py:925} INFO - DAG(s) 'example_external_task_marker_parent', 'example_external_task_marker_child' retrieved from /home/airflow/.local/lib/python3.12/site-packages/airflow/example_dags/example_external_task_marker_dag.py
[2025-01-19T19:34:48.384+0000] {logging_mixin.py:190} INFO - [2025-01-19T19:34:48.384+0000] {dag.py:3239} INFO - Sync 2 DAGs
[2025-01-19T19:34:48.392+0000] {logging_mixin.py:190} INFO - [2025-01-19T19:34:48.392+0000] {dag.py:4180} INFO - Setting next_dagrun for example_external_task_marker_child to None, run_after=None
[2025-01-19T19:34:48.394+0000] {logging_mixin.py:190} INFO - [2025-01-19T19:34:48.394+0000] {dag.py:4180} INFO - Setting next_dagrun for example_external_task_marker_parent to None, run_after=None
[2025-01-19T19:34:48.403+0000] {processor.py:208} INFO - Processing /home/airflow/.local/lib/python3.12/site-packages/airflow/example_dags/example_external_task_marker_dag.py took 0.042 seconds
[2025-01-19T19:35:19.048+0000] {processor.py:186} INFO - Started process (PID=159) to work on /home/airflow/.local/lib/python3.12/site-packages/airflow/example_dags/example_external_task_marker_dag.py
[2025-01-19T19:35:19.048+0000] {processor.py:914} INFO - Processing file /home/airflow/.local/lib/python3.12/site-packages/airflow/example_dags/example_external_task_marker_dag.py for tasks to queue
[2025-01-19T19:35:19.050+0000] {logging_mixin.py:190} INFO - [2025-01-19T19:35:19.050+0000] {dagbag.py:588} INFO - Filling up the DagBag from /home/airflow/.local/lib/python3.12/site-packages/airflow/example_dags/example_external_task_marker_dag.py
[2025-01-19T19:35:19.055+0000] {processor.py:925} INFO - DAG(s) 'example_external_task_marker_child', 'example_external_task_marker_parent' retrieved from /home/airflow/.local/lib/python3.12/site-packages/airflow/example_dags/example_external_task_marker_dag.py
[2025-01-19T19:35:19.067+0000] {logging_mixin.py:190} INFO - [2025-01-19T19:35:19.066+0000] {dag.py:3239} INFO - Sync 2 DAGs
[2025-01-19T19:35:19.074+0000] {logging_mixin.py:190} INFO - [2025-01-19T19:35:19.074+0000] {dag.py:4180} INFO - Setting next_dagrun for example_external_task_marker_child to None, run_after=None
[2025-01-19T19:35:19.076+0000] {logging_mixin.py:190} INFO - [2025-01-19T19:35:19.076+0000] {dag.py:4180} INFO - Setting next_dagrun for example_external_task_marker_parent to None, run_after=None
[2025-01-19T19:35:19.085+0000] {processor.py:208} INFO - Processing /home/airflow/.local/lib/python3.12/site-packages/airflow/example_dags/example_external_task_marker_dag.py took 0.041 seconds
[2025-01-19T19:35:50.410+0000] {processor.py:186} INFO - Started process (PID=225) to work on /home/airflow/.local/lib/python3.12/site-packages/airflow/example_dags/example_external_task_marker_dag.py
[2025-01-19T19:35:50.410+0000] {processor.py:914} INFO - Processing file /home/airflow/.local/lib/python3.12/site-packages/airflow/example_dags/example_external_task_marker_dag.py for tasks to queue
[2025-01-19T19:35:50.412+0000] {logging_mixin.py:190} INFO - [2025-01-19T19:35:50.412+0000] {dagbag.py:588} INFO - Filling up the DagBag from /home/airflow/.local/lib/python3.12/site-packages/airflow/example_dags/example_external_task_marker_dag.py
[2025-01-19T19:35:50.416+0000] {processor.py:925} INFO - DAG(s) 'example_external_task_marker_parent', 'example_external_task_marker_child' retrieved from /home/airflow/.local/lib/python3.12/site-packages/airflow/example_dags/example_external_task_marker_dag.py
[2025-01-19T19:35:50.429+0000] {logging_mixin.py:190} INFO - [2025-01-19T19:35:50.429+0000] {dag.py:3239} INFO - Sync 2 DAGs
[2025-01-19T19:35:50.437+0000] {logging_mixin.py:190} INFO - [2025-01-19T19:35:50.436+0000] {dag.py:4180} INFO - Setting next_dagrun for example_external_task_marker_child to None, run_after=None
[2025-01-19T19:35:50.438+0000] {logging_mixin.py:190} INFO - [2025-01-19T19:35:50.438+0000] {dag.py:4180} INFO - Setting next_dagrun for example_external_task_marker_parent to None, run_after=None
[2025-01-19T19:35:50.448+0000] {processor.py:208} INFO - Processing /home/airflow/.local/lib/python3.12/site-packages/airflow/example_dags/example_external_task_marker_dag.py took 0.042 seconds
[2025-01-19T19:36:21.288+0000] {processor.py:186} INFO - Started process (PID=290) to work on /home/airflow/.local/lib/python3.12/site-packages/airflow/example_dags/example_external_task_marker_dag.py
[2025-01-19T19:36:21.288+0000] {processor.py:914} INFO - Processing file /home/airflow/.local/lib/python3.12/site-packages/airflow/example_dags/example_external_task_marker_dag.py for tasks to queue
[2025-01-19T19:36:21.290+0000] {logging_mixin.py:190} INFO - [2025-01-19T19:36:21.290+0000] {dagbag.py:588} INFO - Filling up the DagBag from /home/airflow/.local/lib/python3.12/site-packages/airflow/example_dags/example_external_task_marker_dag.py
[2025-01-19T19:36:21.295+0000] {processor.py:925} INFO - DAG(s) 'example_external_task_marker_child', 'example_external_task_marker_parent' retrieved from /home/airflow/.local/lib/python3.12/site-packages/airflow/example_dags/example_external_task_marker_dag.py
[2025-01-19T19:36:21.307+0000] {logging_mixin.py:190} INFO - [2025-01-19T19:36:21.307+0000] {dag.py:3239} INFO - Sync 2 DAGs
[2025-01-19T19:36:21.315+0000] {logging_mixin.py:190} INFO - [2025-01-19T19:36:21.315+0000] {dag.py:4180} INFO - Setting next_dagrun for example_external_task_marker_child to None, run_after=None
[2025-01-19T19:36:21.317+0000] {logging_mixin.py:190} INFO - [2025-01-19T19:36:21.317+0000] {dag.py:4180} INFO - Setting next_dagrun for example_external_task_marker_parent to None, run_after=None
[2025-01-19T19:36:21.325+0000] {processor.py:208} INFO - Processing /home/airflow/.local/lib/python3.12/site-packages/airflow/example_dags/example_external_task_marker_dag.py took 0.041 seconds
[2025-01-19T19:36:51.770+0000] {processor.py:186} INFO - Started process (PID=356) to work on /home/airflow/.local/lib/python3.12/site-packages/airflow/example_dags/example_external_task_marker_dag.py
[2025-01-19T19:36:51.771+0000] {processor.py:914} INFO - Processing file /home/airflow/.local/lib/python3.12/site-packages/airflow/example_dags/example_external_task_marker_dag.py for tasks to queue
[2025-01-19T19:36:51.773+0000] {logging_mixin.py:190} INFO - [2025-01-19T19:36:51.773+0000] {dagbag.py:588} INFO - Filling up the DagBag from /home/airflow/.local/lib/python3.12/site-packages/airflow/example_dags/example_external_task_marker_dag.py
[2025-01-19T19:36:51.778+0000] {processor.py:925} INFO - DAG(s) 'example_external_task_marker_parent', 'example_external_task_marker_child' retrieved from /home/airflow/.local/lib/python3.12/site-packages/airflow/example_dags/example_external_task_marker_dag.py
[2025-01-19T19:36:51.793+0000] {logging_mixin.py:190} INFO - [2025-01-19T19:36:51.793+0000] {dag.py:3239} INFO - Sync 2 DAGs
[2025-01-19T19:36:51.802+0000] {logging_mixin.py:190} INFO - [2025-01-19T19:36:51.802+0000] {dag.py:4180} INFO - Setting next_dagrun for example_external_task_marker_child to None, run_after=None
[2025-01-19T19:36:51.805+0000] {logging_mixin.py:190} INFO - [2025-01-19T19:36:51.805+0000] {dag.py:4180} INFO - Setting next_dagrun for example_external_task_marker_parent to None, run_after=None
[2025-01-19T19:36:51.816+0000] {processor.py:208} INFO - Processing /home/airflow/.local/lib/python3.12/site-packages/airflow/example_dags/example_external_task_marker_dag.py took 0.050 seconds
