[2025-01-19T19:25:27.238+0000] {processor.py:186} INFO - Started process (PID=97) to work on /home/airflow/.local/lib/python3.12/site-packages/airflow/example_dags/example_params_trigger_ui.py
[2025-01-19T19:25:27.238+0000] {processor.py:914} INFO - Processing file /home/airflow/.local/lib/python3.12/site-packages/airflow/example_dags/example_params_trigger_ui.py for tasks to queue
[2025-01-19T19:25:27.240+0000] {logging_mixin.py:190} INFO - [2025-01-19T19:25:27.240+0000] {dagbag.py:588} INFO - Filling up the DagBag from /home/airflow/.local/lib/python3.12/site-packages/airflow/example_dags/example_params_trigger_ui.py
[2025-01-19T19:25:27.389+0000] {processor.py:925} INFO - DAG(s) 'example_params_trigger_ui' retrieved from /home/airflow/.local/lib/python3.12/site-packages/airflow/example_dags/example_params_trigger_ui.py
[2025-01-19T19:25:27.462+0000] {logging_mixin.py:190} INFO - [2025-01-19T19:25:27.462+0000] {override.py:1911} INFO - Created Permission View: can read on DAG:example_params_trigger_ui
[2025-01-19T19:25:27.469+0000] {logging_mixin.py:190} INFO - [2025-01-19T19:25:27.469+0000] {override.py:1911} INFO - Created Permission View: can edit on DAG:example_params_trigger_ui
[2025-01-19T19:25:27.474+0000] {logging_mixin.py:190} INFO - [2025-01-19T19:25:27.474+0000] {override.py:1911} INFO - Created Permission View: can delete on DAG:example_params_trigger_ui
[2025-01-19T19:25:27.481+0000] {logging_mixin.py:190} INFO - [2025-01-19T19:25:27.481+0000] {override.py:1911} INFO - Created Permission View: can read on DAG Run:example_params_trigger_ui
[2025-01-19T19:25:27.485+0000] {logging_mixin.py:190} INFO - [2025-01-19T19:25:27.485+0000] {override.py:1911} INFO - Created Permission View: menu access on DAG Run:example_params_trigger_ui
[2025-01-19T19:25:27.490+0000] {logging_mixin.py:190} INFO - [2025-01-19T19:25:27.489+0000] {override.py:1911} INFO - Created Permission View: can create on DAG Run:example_params_trigger_ui
[2025-01-19T19:25:27.494+0000] {logging_mixin.py:190} INFO - [2025-01-19T19:25:27.494+0000] {override.py:1911} INFO - Created Permission View: can delete on DAG Run:example_params_trigger_ui
[2025-01-19T19:25:27.494+0000] {logging_mixin.py:190} INFO - [2025-01-19T19:25:27.494+0000] {dag.py:3239} INFO - Sync 1 DAGs
[2025-01-19T19:25:27.502+0000] {logging_mixin.py:190} INFO - [2025-01-19T19:25:27.502+0000] {dag.py:3262} INFO - Creating ORM DAG for example_params_trigger_ui
[2025-01-19T19:25:27.503+0000] {logging_mixin.py:190} INFO - [2025-01-19T19:25:27.503+0000] {dag.py:4180} INFO - Setting next_dagrun for example_params_trigger_ui to None, run_after=None
[2025-01-19T19:25:27.513+0000] {processor.py:208} INFO - Processing /home/airflow/.local/lib/python3.12/site-packages/airflow/example_dags/example_params_trigger_ui.py took 0.279 seconds
[2025-01-19T19:25:57.795+0000] {processor.py:186} INFO - Started process (PID=162) to work on /home/airflow/.local/lib/python3.12/site-packages/airflow/example_dags/example_params_trigger_ui.py
[2025-01-19T19:25:57.832+0000] {processor.py:914} INFO - Processing file /home/airflow/.local/lib/python3.12/site-packages/airflow/example_dags/example_params_trigger_ui.py for tasks to queue
[2025-01-19T19:25:57.864+0000] {logging_mixin.py:190} INFO - [2025-01-19T19:25:57.864+0000] {dagbag.py:588} INFO - Filling up the DagBag from /home/airflow/.local/lib/python3.12/site-packages/airflow/example_dags/example_params_trigger_ui.py
[2025-01-19T19:25:57.871+0000] {processor.py:925} INFO - DAG(s) 'example_params_trigger_ui' retrieved from /home/airflow/.local/lib/python3.12/site-packages/airflow/example_dags/example_params_trigger_ui.py
[2025-01-19T19:25:57.936+0000] {logging_mixin.py:190} INFO - [2025-01-19T19:25:57.936+0000] {dag.py:3239} INFO - Sync 1 DAGs
[2025-01-19T19:25:57.944+0000] {logging_mixin.py:190} INFO - [2025-01-19T19:25:57.944+0000] {dag.py:4180} INFO - Setting next_dagrun for example_params_trigger_ui to None, run_after=None
[2025-01-19T19:25:57.956+0000] {processor.py:208} INFO - Processing /home/airflow/.local/lib/python3.12/site-packages/airflow/example_dags/example_params_trigger_ui.py took 0.164 seconds
[2025-01-19T19:26:28.433+0000] {processor.py:186} INFO - Started process (PID=227) to work on /home/airflow/.local/lib/python3.12/site-packages/airflow/example_dags/example_params_trigger_ui.py
[2025-01-19T19:26:28.461+0000] {processor.py:914} INFO - Processing file /home/airflow/.local/lib/python3.12/site-packages/airflow/example_dags/example_params_trigger_ui.py for tasks to queue
[2025-01-19T19:26:28.462+0000] {logging_mixin.py:190} INFO - [2025-01-19T19:26:28.462+0000] {dagbag.py:588} INFO - Filling up the DagBag from /home/airflow/.local/lib/python3.12/site-packages/airflow/example_dags/example_params_trigger_ui.py
[2025-01-19T19:26:28.469+0000] {processor.py:925} INFO - DAG(s) 'example_params_trigger_ui' retrieved from /home/airflow/.local/lib/python3.12/site-packages/airflow/example_dags/example_params_trigger_ui.py
[2025-01-19T19:26:28.495+0000] {logging_mixin.py:190} INFO - [2025-01-19T19:26:28.495+0000] {dag.py:3239} INFO - Sync 1 DAGs
[2025-01-19T19:26:28.505+0000] {logging_mixin.py:190} INFO - [2025-01-19T19:26:28.505+0000] {dag.py:4180} INFO - Setting next_dagrun for example_params_trigger_ui to None, run_after=None
[2025-01-19T19:26:28.518+0000] {processor.py:208} INFO - Processing /home/airflow/.local/lib/python3.12/site-packages/airflow/example_dags/example_params_trigger_ui.py took 0.089 seconds
[2025-01-19T19:26:58.568+0000] {processor.py:186} INFO - Started process (PID=292) to work on /home/airflow/.local/lib/python3.12/site-packages/airflow/example_dags/example_params_trigger_ui.py
[2025-01-19T19:26:58.569+0000] {processor.py:914} INFO - Processing file /home/airflow/.local/lib/python3.12/site-packages/airflow/example_dags/example_params_trigger_ui.py for tasks to queue
[2025-01-19T19:26:58.570+0000] {logging_mixin.py:190} INFO - [2025-01-19T19:26:58.570+0000] {dagbag.py:588} INFO - Filling up the DagBag from /home/airflow/.local/lib/python3.12/site-packages/airflow/example_dags/example_params_trigger_ui.py
[2025-01-19T19:26:58.576+0000] {processor.py:925} INFO - DAG(s) 'example_params_trigger_ui' retrieved from /home/airflow/.local/lib/python3.12/site-packages/airflow/example_dags/example_params_trigger_ui.py
[2025-01-19T19:26:58.598+0000] {logging_mixin.py:190} INFO - [2025-01-19T19:26:58.598+0000] {dag.py:3239} INFO - Sync 1 DAGs
[2025-01-19T19:26:58.605+0000] {logging_mixin.py:190} INFO - [2025-01-19T19:26:58.605+0000] {dag.py:4180} INFO - Setting next_dagrun for example_params_trigger_ui to None, run_after=None
[2025-01-19T19:26:58.615+0000] {processor.py:208} INFO - Processing /home/airflow/.local/lib/python3.12/site-packages/airflow/example_dags/example_params_trigger_ui.py took 0.050 seconds
[2025-01-19T19:27:29.102+0000] {processor.py:186} INFO - Started process (PID=357) to work on /home/airflow/.local/lib/python3.12/site-packages/airflow/example_dags/example_params_trigger_ui.py
[2025-01-19T19:27:29.103+0000] {processor.py:914} INFO - Processing file /home/airflow/.local/lib/python3.12/site-packages/airflow/example_dags/example_params_trigger_ui.py for tasks to queue
[2025-01-19T19:27:29.105+0000] {logging_mixin.py:190} INFO - [2025-01-19T19:27:29.104+0000] {dagbag.py:588} INFO - Filling up the DagBag from /home/airflow/.local/lib/python3.12/site-packages/airflow/example_dags/example_params_trigger_ui.py
[2025-01-19T19:27:29.111+0000] {processor.py:925} INFO - DAG(s) 'example_params_trigger_ui' retrieved from /home/airflow/.local/lib/python3.12/site-packages/airflow/example_dags/example_params_trigger_ui.py
[2025-01-19T19:27:29.135+0000] {logging_mixin.py:190} INFO - [2025-01-19T19:27:29.135+0000] {dag.py:3239} INFO - Sync 1 DAGs
[2025-01-19T19:27:29.144+0000] {logging_mixin.py:190} INFO - [2025-01-19T19:27:29.144+0000] {dag.py:4180} INFO - Setting next_dagrun for example_params_trigger_ui to None, run_after=None
[2025-01-19T19:27:29.155+0000] {processor.py:208} INFO - Processing /home/airflow/.local/lib/python3.12/site-packages/airflow/example_dags/example_params_trigger_ui.py took 0.056 seconds
[2025-01-19T19:27:59.781+0000] {processor.py:186} INFO - Started process (PID=422) to work on /home/airflow/.local/lib/python3.12/site-packages/airflow/example_dags/example_params_trigger_ui.py
[2025-01-19T19:27:59.781+0000] {processor.py:914} INFO - Processing file /home/airflow/.local/lib/python3.12/site-packages/airflow/example_dags/example_params_trigger_ui.py for tasks to queue
[2025-01-19T19:27:59.783+0000] {logging_mixin.py:190} INFO - [2025-01-19T19:27:59.783+0000] {dagbag.py:588} INFO - Filling up the DagBag from /home/airflow/.local/lib/python3.12/site-packages/airflow/example_dags/example_params_trigger_ui.py
[2025-01-19T19:27:59.791+0000] {processor.py:925} INFO - DAG(s) 'example_params_trigger_ui' retrieved from /home/airflow/.local/lib/python3.12/site-packages/airflow/example_dags/example_params_trigger_ui.py
[2025-01-19T19:27:59.812+0000] {logging_mixin.py:190} INFO - [2025-01-19T19:27:59.812+0000] {dag.py:3239} INFO - Sync 1 DAGs
[2025-01-19T19:27:59.819+0000] {logging_mixin.py:190} INFO - [2025-01-19T19:27:59.819+0000] {dag.py:4180} INFO - Setting next_dagrun for example_params_trigger_ui to None, run_after=None
[2025-01-19T19:27:59.829+0000] {processor.py:208} INFO - Processing /home/airflow/.local/lib/python3.12/site-packages/airflow/example_dags/example_params_trigger_ui.py took 0.052 seconds
[2025-01-19T19:28:30.300+0000] {processor.py:186} INFO - Started process (PID=487) to work on /home/airflow/.local/lib/python3.12/site-packages/airflow/example_dags/example_params_trigger_ui.py
[2025-01-19T19:28:30.301+0000] {processor.py:914} INFO - Processing file /home/airflow/.local/lib/python3.12/site-packages/airflow/example_dags/example_params_trigger_ui.py for tasks to queue
[2025-01-19T19:28:30.303+0000] {logging_mixin.py:190} INFO - [2025-01-19T19:28:30.302+0000] {dagbag.py:588} INFO - Filling up the DagBag from /home/airflow/.local/lib/python3.12/site-packages/airflow/example_dags/example_params_trigger_ui.py
[2025-01-19T19:28:30.310+0000] {processor.py:925} INFO - DAG(s) 'example_params_trigger_ui' retrieved from /home/airflow/.local/lib/python3.12/site-packages/airflow/example_dags/example_params_trigger_ui.py
[2025-01-19T19:28:30.333+0000] {logging_mixin.py:190} INFO - [2025-01-19T19:28:30.333+0000] {dag.py:3239} INFO - Sync 1 DAGs
[2025-01-19T19:28:30.342+0000] {logging_mixin.py:190} INFO - [2025-01-19T19:28:30.342+0000] {dag.py:4180} INFO - Setting next_dagrun for example_params_trigger_ui to None, run_after=None
[2025-01-19T19:28:30.355+0000] {processor.py:208} INFO - Processing /home/airflow/.local/lib/python3.12/site-packages/airflow/example_dags/example_params_trigger_ui.py took 0.059 seconds
[2025-01-19T19:29:01.095+0000] {processor.py:186} INFO - Started process (PID=552) to work on /home/airflow/.local/lib/python3.12/site-packages/airflow/example_dags/example_params_trigger_ui.py
[2025-01-19T19:29:01.095+0000] {processor.py:914} INFO - Processing file /home/airflow/.local/lib/python3.12/site-packages/airflow/example_dags/example_params_trigger_ui.py for tasks to queue
[2025-01-19T19:29:01.097+0000] {logging_mixin.py:190} INFO - [2025-01-19T19:29:01.097+0000] {dagbag.py:588} INFO - Filling up the DagBag from /home/airflow/.local/lib/python3.12/site-packages/airflow/example_dags/example_params_trigger_ui.py
[2025-01-19T19:29:01.104+0000] {processor.py:925} INFO - DAG(s) 'example_params_trigger_ui' retrieved from /home/airflow/.local/lib/python3.12/site-packages/airflow/example_dags/example_params_trigger_ui.py
[2025-01-19T19:29:01.129+0000] {logging_mixin.py:190} INFO - [2025-01-19T19:29:01.129+0000] {dag.py:3239} INFO - Sync 1 DAGs
[2025-01-19T19:29:01.140+0000] {logging_mixin.py:190} INFO - [2025-01-19T19:29:01.140+0000] {dag.py:4180} INFO - Setting next_dagrun for example_params_trigger_ui to None, run_after=None
[2025-01-19T19:29:01.153+0000] {processor.py:208} INFO - Processing /home/airflow/.local/lib/python3.12/site-packages/airflow/example_dags/example_params_trigger_ui.py took 0.062 seconds
[2025-01-19T19:29:32.155+0000] {processor.py:186} INFO - Started process (PID=617) to work on /home/airflow/.local/lib/python3.12/site-packages/airflow/example_dags/example_params_trigger_ui.py
[2025-01-19T19:29:32.155+0000] {processor.py:914} INFO - Processing file /home/airflow/.local/lib/python3.12/site-packages/airflow/example_dags/example_params_trigger_ui.py for tasks to queue
[2025-01-19T19:29:32.157+0000] {logging_mixin.py:190} INFO - [2025-01-19T19:29:32.156+0000] {dagbag.py:588} INFO - Filling up the DagBag from /home/airflow/.local/lib/python3.12/site-packages/airflow/example_dags/example_params_trigger_ui.py
[2025-01-19T19:29:32.163+0000] {processor.py:925} INFO - DAG(s) 'example_params_trigger_ui' retrieved from /home/airflow/.local/lib/python3.12/site-packages/airflow/example_dags/example_params_trigger_ui.py
[2025-01-19T19:29:32.327+0000] {logging_mixin.py:190} INFO - [2025-01-19T19:29:32.327+0000] {dag.py:3239} INFO - Sync 1 DAGs
[2025-01-19T19:29:32.337+0000] {logging_mixin.py:190} INFO - [2025-01-19T19:29:32.337+0000] {dag.py:4180} INFO - Setting next_dagrun for example_params_trigger_ui to None, run_after=None
[2025-01-19T19:29:32.348+0000] {processor.py:208} INFO - Processing /home/airflow/.local/lib/python3.12/site-packages/airflow/example_dags/example_params_trigger_ui.py took 0.197 seconds
[2025-01-19T19:30:02.462+0000] {processor.py:186} INFO - Started process (PID=682) to work on /home/airflow/.local/lib/python3.12/site-packages/airflow/example_dags/example_params_trigger_ui.py
[2025-01-19T19:30:02.463+0000] {processor.py:914} INFO - Processing file /home/airflow/.local/lib/python3.12/site-packages/airflow/example_dags/example_params_trigger_ui.py for tasks to queue
[2025-01-19T19:30:02.466+0000] {logging_mixin.py:190} INFO - [2025-01-19T19:30:02.465+0000] {dagbag.py:588} INFO - Filling up the DagBag from /home/airflow/.local/lib/python3.12/site-packages/airflow/example_dags/example_params_trigger_ui.py
[2025-01-19T19:30:02.473+0000] {processor.py:925} INFO - DAG(s) 'example_params_trigger_ui' retrieved from /home/airflow/.local/lib/python3.12/site-packages/airflow/example_dags/example_params_trigger_ui.py
[2025-01-19T19:30:02.495+0000] {logging_mixin.py:190} INFO - [2025-01-19T19:30:02.495+0000] {dag.py:3239} INFO - Sync 1 DAGs
[2025-01-19T19:30:02.502+0000] {logging_mixin.py:190} INFO - [2025-01-19T19:30:02.502+0000] {dag.py:4180} INFO - Setting next_dagrun for example_params_trigger_ui to None, run_after=None
[2025-01-19T19:30:02.513+0000] {processor.py:208} INFO - Processing /home/airflow/.local/lib/python3.12/site-packages/airflow/example_dags/example_params_trigger_ui.py took 0.056 seconds
[2025-01-19T19:30:33.472+0000] {processor.py:186} INFO - Started process (PID=747) to work on /home/airflow/.local/lib/python3.12/site-packages/airflow/example_dags/example_params_trigger_ui.py
[2025-01-19T19:30:33.473+0000] {processor.py:914} INFO - Processing file /home/airflow/.local/lib/python3.12/site-packages/airflow/example_dags/example_params_trigger_ui.py for tasks to queue
[2025-01-19T19:30:33.474+0000] {logging_mixin.py:190} INFO - [2025-01-19T19:30:33.474+0000] {dagbag.py:588} INFO - Filling up the DagBag from /home/airflow/.local/lib/python3.12/site-packages/airflow/example_dags/example_params_trigger_ui.py
[2025-01-19T19:30:33.481+0000] {processor.py:925} INFO - DAG(s) 'example_params_trigger_ui' retrieved from /home/airflow/.local/lib/python3.12/site-packages/airflow/example_dags/example_params_trigger_ui.py
[2025-01-19T19:30:33.504+0000] {logging_mixin.py:190} INFO - [2025-01-19T19:30:33.504+0000] {dag.py:3239} INFO - Sync 1 DAGs
[2025-01-19T19:30:33.512+0000] {logging_mixin.py:190} INFO - [2025-01-19T19:30:33.512+0000] {dag.py:4180} INFO - Setting next_dagrun for example_params_trigger_ui to None, run_after=None
[2025-01-19T19:30:33.524+0000] {processor.py:208} INFO - Processing /home/airflow/.local/lib/python3.12/site-packages/airflow/example_dags/example_params_trigger_ui.py took 0.055 seconds
[2025-01-19T19:31:04.568+0000] {processor.py:186} INFO - Started process (PID=812) to work on /home/airflow/.local/lib/python3.12/site-packages/airflow/example_dags/example_params_trigger_ui.py
[2025-01-19T19:31:04.569+0000] {processor.py:914} INFO - Processing file /home/airflow/.local/lib/python3.12/site-packages/airflow/example_dags/example_params_trigger_ui.py for tasks to queue
[2025-01-19T19:31:04.570+0000] {logging_mixin.py:190} INFO - [2025-01-19T19:31:04.570+0000] {dagbag.py:588} INFO - Filling up the DagBag from /home/airflow/.local/lib/python3.12/site-packages/airflow/example_dags/example_params_trigger_ui.py
[2025-01-19T19:31:04.577+0000] {processor.py:925} INFO - DAG(s) 'example_params_trigger_ui' retrieved from /home/airflow/.local/lib/python3.12/site-packages/airflow/example_dags/example_params_trigger_ui.py
[2025-01-19T19:31:04.601+0000] {logging_mixin.py:190} INFO - [2025-01-19T19:31:04.601+0000] {dag.py:3239} INFO - Sync 1 DAGs
[2025-01-19T19:31:04.610+0000] {logging_mixin.py:190} INFO - [2025-01-19T19:31:04.610+0000] {dag.py:4180} INFO - Setting next_dagrun for example_params_trigger_ui to None, run_after=None
[2025-01-19T19:31:04.621+0000] {processor.py:208} INFO - Processing /home/airflow/.local/lib/python3.12/site-packages/airflow/example_dags/example_params_trigger_ui.py took 0.057 seconds
[2025-01-19T19:31:35.273+0000] {processor.py:186} INFO - Started process (PID=877) to work on /home/airflow/.local/lib/python3.12/site-packages/airflow/example_dags/example_params_trigger_ui.py
[2025-01-19T19:31:35.274+0000] {processor.py:914} INFO - Processing file /home/airflow/.local/lib/python3.12/site-packages/airflow/example_dags/example_params_trigger_ui.py for tasks to queue
[2025-01-19T19:31:35.276+0000] {logging_mixin.py:190} INFO - [2025-01-19T19:31:35.275+0000] {dagbag.py:588} INFO - Filling up the DagBag from /home/airflow/.local/lib/python3.12/site-packages/airflow/example_dags/example_params_trigger_ui.py
[2025-01-19T19:31:35.283+0000] {processor.py:925} INFO - DAG(s) 'example_params_trigger_ui' retrieved from /home/airflow/.local/lib/python3.12/site-packages/airflow/example_dags/example_params_trigger_ui.py
[2025-01-19T19:31:35.306+0000] {logging_mixin.py:190} INFO - [2025-01-19T19:31:35.306+0000] {dag.py:3239} INFO - Sync 1 DAGs
[2025-01-19T19:31:35.314+0000] {logging_mixin.py:190} INFO - [2025-01-19T19:31:35.313+0000] {dag.py:4180} INFO - Setting next_dagrun for example_params_trigger_ui to None, run_after=None
[2025-01-19T19:31:35.324+0000] {processor.py:208} INFO - Processing /home/airflow/.local/lib/python3.12/site-packages/airflow/example_dags/example_params_trigger_ui.py took 0.055 seconds
[2025-01-19T19:32:06.262+0000] {processor.py:186} INFO - Started process (PID=942) to work on /home/airflow/.local/lib/python3.12/site-packages/airflow/example_dags/example_params_trigger_ui.py
[2025-01-19T19:32:06.262+0000] {processor.py:914} INFO - Processing file /home/airflow/.local/lib/python3.12/site-packages/airflow/example_dags/example_params_trigger_ui.py for tasks to queue
[2025-01-19T19:32:06.264+0000] {logging_mixin.py:190} INFO - [2025-01-19T19:32:06.264+0000] {dagbag.py:588} INFO - Filling up the DagBag from /home/airflow/.local/lib/python3.12/site-packages/airflow/example_dags/example_params_trigger_ui.py
[2025-01-19T19:32:06.271+0000] {processor.py:925} INFO - DAG(s) 'example_params_trigger_ui' retrieved from /home/airflow/.local/lib/python3.12/site-packages/airflow/example_dags/example_params_trigger_ui.py
[2025-01-19T19:32:06.297+0000] {logging_mixin.py:190} INFO - [2025-01-19T19:32:06.297+0000] {dag.py:3239} INFO - Sync 1 DAGs
[2025-01-19T19:32:06.306+0000] {logging_mixin.py:190} INFO - [2025-01-19T19:32:06.305+0000] {dag.py:4180} INFO - Setting next_dagrun for example_params_trigger_ui to None, run_after=None
[2025-01-19T19:32:06.318+0000] {processor.py:208} INFO - Processing /home/airflow/.local/lib/python3.12/site-packages/airflow/example_dags/example_params_trigger_ui.py took 0.060 seconds
[2025-01-19T19:32:36.728+0000] {processor.py:186} INFO - Started process (PID=1007) to work on /home/airflow/.local/lib/python3.12/site-packages/airflow/example_dags/example_params_trigger_ui.py
[2025-01-19T19:32:36.728+0000] {processor.py:914} INFO - Processing file /home/airflow/.local/lib/python3.12/site-packages/airflow/example_dags/example_params_trigger_ui.py for tasks to queue
[2025-01-19T19:32:36.730+0000] {logging_mixin.py:190} INFO - [2025-01-19T19:32:36.730+0000] {dagbag.py:588} INFO - Filling up the DagBag from /home/airflow/.local/lib/python3.12/site-packages/airflow/example_dags/example_params_trigger_ui.py
[2025-01-19T19:32:36.737+0000] {processor.py:925} INFO - DAG(s) 'example_params_trigger_ui' retrieved from /home/airflow/.local/lib/python3.12/site-packages/airflow/example_dags/example_params_trigger_ui.py
[2025-01-19T19:32:36.760+0000] {logging_mixin.py:190} INFO - [2025-01-19T19:32:36.760+0000] {dag.py:3239} INFO - Sync 1 DAGs
[2025-01-19T19:32:36.768+0000] {logging_mixin.py:190} INFO - [2025-01-19T19:32:36.768+0000] {dag.py:4180} INFO - Setting next_dagrun for example_params_trigger_ui to None, run_after=None
[2025-01-19T19:32:36.779+0000] {processor.py:208} INFO - Processing /home/airflow/.local/lib/python3.12/site-packages/airflow/example_dags/example_params_trigger_ui.py took 0.055 seconds
[2025-01-19T19:33:07.741+0000] {processor.py:186} INFO - Started process (PID=1078) to work on /home/airflow/.local/lib/python3.12/site-packages/airflow/example_dags/example_params_trigger_ui.py
[2025-01-19T19:33:07.741+0000] {processor.py:914} INFO - Processing file /home/airflow/.local/lib/python3.12/site-packages/airflow/example_dags/example_params_trigger_ui.py for tasks to queue
[2025-01-19T19:33:07.743+0000] {logging_mixin.py:190} INFO - [2025-01-19T19:33:07.743+0000] {dagbag.py:588} INFO - Filling up the DagBag from /home/airflow/.local/lib/python3.12/site-packages/airflow/example_dags/example_params_trigger_ui.py
[2025-01-19T19:33:07.750+0000] {processor.py:925} INFO - DAG(s) 'example_params_trigger_ui' retrieved from /home/airflow/.local/lib/python3.12/site-packages/airflow/example_dags/example_params_trigger_ui.py
[2025-01-19T19:33:07.774+0000] {logging_mixin.py:190} INFO - [2025-01-19T19:33:07.774+0000] {dag.py:3239} INFO - Sync 1 DAGs
[2025-01-19T19:33:07.783+0000] {logging_mixin.py:190} INFO - [2025-01-19T19:33:07.782+0000] {dag.py:4180} INFO - Setting next_dagrun for example_params_trigger_ui to None, run_after=None
[2025-01-19T19:33:07.794+0000] {processor.py:208} INFO - Processing /home/airflow/.local/lib/python3.12/site-packages/airflow/example_dags/example_params_trigger_ui.py took 0.056 seconds
[2025-01-19T19:34:48.476+0000] {processor.py:186} INFO - Started process (PID=97) to work on /home/airflow/.local/lib/python3.12/site-packages/airflow/example_dags/example_params_trigger_ui.py
[2025-01-19T19:34:48.476+0000] {processor.py:914} INFO - Processing file /home/airflow/.local/lib/python3.12/site-packages/airflow/example_dags/example_params_trigger_ui.py for tasks to queue
[2025-01-19T19:34:48.478+0000] {logging_mixin.py:190} INFO - [2025-01-19T19:34:48.477+0000] {dagbag.py:588} INFO - Filling up the DagBag from /home/airflow/.local/lib/python3.12/site-packages/airflow/example_dags/example_params_trigger_ui.py
[2025-01-19T19:34:48.485+0000] {processor.py:925} INFO - DAG(s) 'example_params_trigger_ui' retrieved from /home/airflow/.local/lib/python3.12/site-packages/airflow/example_dags/example_params_trigger_ui.py
[2025-01-19T19:34:48.509+0000] {logging_mixin.py:190} INFO - [2025-01-19T19:34:48.509+0000] {dag.py:3239} INFO - Sync 1 DAGs
[2025-01-19T19:34:48.517+0000] {logging_mixin.py:190} INFO - [2025-01-19T19:34:48.517+0000] {dag.py:4180} INFO - Setting next_dagrun for example_params_trigger_ui to None, run_after=None
[2025-01-19T19:34:48.527+0000] {processor.py:208} INFO - Processing /home/airflow/.local/lib/python3.12/site-packages/airflow/example_dags/example_params_trigger_ui.py took 0.055 seconds
[2025-01-19T19:35:19.180+0000] {processor.py:186} INFO - Started process (PID=162) to work on /home/airflow/.local/lib/python3.12/site-packages/airflow/example_dags/example_params_trigger_ui.py
[2025-01-19T19:35:19.181+0000] {processor.py:914} INFO - Processing file /home/airflow/.local/lib/python3.12/site-packages/airflow/example_dags/example_params_trigger_ui.py for tasks to queue
[2025-01-19T19:35:19.182+0000] {logging_mixin.py:190} INFO - [2025-01-19T19:35:19.182+0000] {dagbag.py:588} INFO - Filling up the DagBag from /home/airflow/.local/lib/python3.12/site-packages/airflow/example_dags/example_params_trigger_ui.py
[2025-01-19T19:35:19.189+0000] {processor.py:925} INFO - DAG(s) 'example_params_trigger_ui' retrieved from /home/airflow/.local/lib/python3.12/site-packages/airflow/example_dags/example_params_trigger_ui.py
[2025-01-19T19:35:19.212+0000] {logging_mixin.py:190} INFO - [2025-01-19T19:35:19.212+0000] {dag.py:3239} INFO - Sync 1 DAGs
[2025-01-19T19:35:19.220+0000] {logging_mixin.py:190} INFO - [2025-01-19T19:35:19.220+0000] {dag.py:4180} INFO - Setting next_dagrun for example_params_trigger_ui to None, run_after=None
[2025-01-19T19:35:19.230+0000] {processor.py:208} INFO - Processing /home/airflow/.local/lib/python3.12/site-packages/airflow/example_dags/example_params_trigger_ui.py took 0.053 seconds
[2025-01-19T19:35:50.539+0000] {processor.py:186} INFO - Started process (PID=228) to work on /home/airflow/.local/lib/python3.12/site-packages/airflow/example_dags/example_params_trigger_ui.py
[2025-01-19T19:35:50.539+0000] {processor.py:914} INFO - Processing file /home/airflow/.local/lib/python3.12/site-packages/airflow/example_dags/example_params_trigger_ui.py for tasks to queue
[2025-01-19T19:35:50.540+0000] {logging_mixin.py:190} INFO - [2025-01-19T19:35:50.540+0000] {dagbag.py:588} INFO - Filling up the DagBag from /home/airflow/.local/lib/python3.12/site-packages/airflow/example_dags/example_params_trigger_ui.py
[2025-01-19T19:35:50.546+0000] {processor.py:925} INFO - DAG(s) 'example_params_trigger_ui' retrieved from /home/airflow/.local/lib/python3.12/site-packages/airflow/example_dags/example_params_trigger_ui.py
[2025-01-19T19:35:50.568+0000] {logging_mixin.py:190} INFO - [2025-01-19T19:35:50.568+0000] {dag.py:3239} INFO - Sync 1 DAGs
[2025-01-19T19:35:50.576+0000] {logging_mixin.py:190} INFO - [2025-01-19T19:35:50.576+0000] {dag.py:4180} INFO - Setting next_dagrun for example_params_trigger_ui to None, run_after=None
[2025-01-19T19:35:50.587+0000] {processor.py:208} INFO - Processing /home/airflow/.local/lib/python3.12/site-packages/airflow/example_dags/example_params_trigger_ui.py took 0.051 seconds
[2025-01-19T19:36:21.469+0000] {processor.py:186} INFO - Started process (PID=293) to work on /home/airflow/.local/lib/python3.12/site-packages/airflow/example_dags/example_params_trigger_ui.py
[2025-01-19T19:36:21.470+0000] {processor.py:914} INFO - Processing file /home/airflow/.local/lib/python3.12/site-packages/airflow/example_dags/example_params_trigger_ui.py for tasks to queue
[2025-01-19T19:36:21.471+0000] {logging_mixin.py:190} INFO - [2025-01-19T19:36:21.471+0000] {dagbag.py:588} INFO - Filling up the DagBag from /home/airflow/.local/lib/python3.12/site-packages/airflow/example_dags/example_params_trigger_ui.py
[2025-01-19T19:36:21.478+0000] {processor.py:925} INFO - DAG(s) 'example_params_trigger_ui' retrieved from /home/airflow/.local/lib/python3.12/site-packages/airflow/example_dags/example_params_trigger_ui.py
[2025-01-19T19:36:21.500+0000] {logging_mixin.py:190} INFO - [2025-01-19T19:36:21.500+0000] {dag.py:3239} INFO - Sync 1 DAGs
[2025-01-19T19:36:21.508+0000] {logging_mixin.py:190} INFO - [2025-01-19T19:36:21.507+0000] {dag.py:4180} INFO - Setting next_dagrun for example_params_trigger_ui to None, run_after=None
[2025-01-19T19:36:21.518+0000] {processor.py:208} INFO - Processing /home/airflow/.local/lib/python3.12/site-packages/airflow/example_dags/example_params_trigger_ui.py took 0.052 seconds
[2025-01-19T19:36:51.965+0000] {processor.py:186} INFO - Started process (PID=359) to work on /home/airflow/.local/lib/python3.12/site-packages/airflow/example_dags/example_params_trigger_ui.py
[2025-01-19T19:36:51.966+0000] {processor.py:914} INFO - Processing file /home/airflow/.local/lib/python3.12/site-packages/airflow/example_dags/example_params_trigger_ui.py for tasks to queue
[2025-01-19T19:36:51.967+0000] {logging_mixin.py:190} INFO - [2025-01-19T19:36:51.967+0000] {dagbag.py:588} INFO - Filling up the DagBag from /home/airflow/.local/lib/python3.12/site-packages/airflow/example_dags/example_params_trigger_ui.py
[2025-01-19T19:36:51.974+0000] {processor.py:925} INFO - DAG(s) 'example_params_trigger_ui' retrieved from /home/airflow/.local/lib/python3.12/site-packages/airflow/example_dags/example_params_trigger_ui.py
[2025-01-19T19:36:51.996+0000] {logging_mixin.py:190} INFO - [2025-01-19T19:36:51.996+0000] {dag.py:3239} INFO - Sync 1 DAGs
[2025-01-19T19:36:52.004+0000] {logging_mixin.py:190} INFO - [2025-01-19T19:36:52.004+0000] {dag.py:4180} INFO - Setting next_dagrun for example_params_trigger_ui to None, run_after=None
[2025-01-19T19:36:52.014+0000] {processor.py:208} INFO - Processing /home/airflow/.local/lib/python3.12/site-packages/airflow/example_dags/example_params_trigger_ui.py took 0.052 seconds
