[2025-01-19T19:25:22.052+0000] {processor.py:186} INFO - Started process (PID=68) to work on /home/airflow/.local/lib/python3.12/site-packages/airflow/example_dags/example_subdag_operator.py
[2025-01-19T19:25:22.053+0000] {processor.py:914} INFO - Processing file /home/airflow/.local/lib/python3.12/site-packages/airflow/example_dags/example_subdag_operator.py for tasks to queue
[2025-01-19T19:25:22.055+0000] {logging_mixin.py:190} INFO - [2025-01-19T19:25:22.054+0000] {dagbag.py:588} INFO - Filling up the DagBag from /home/airflow/.local/lib/python3.12/site-packages/airflow/example_dags/example_subdag_operator.py
[2025-01-19T19:25:22.098+0000] {processor.py:925} INFO - DAG(s) 'example_subdag_operator.section-1', 'example_subdag_operator.section-2', 'example_subdag_operator' retrieved from /home/airflow/.local/lib/python3.12/site-packages/airflow/example_dags/example_subdag_operator.py
[2025-01-19T19:25:22.159+0000] {logging_mixin.py:190} INFO - [2025-01-19T19:25:22.159+0000] {override.py:1911} INFO - Created Permission View: can read on DAG:example_subdag_operator
[2025-01-19T19:25:22.165+0000] {logging_mixin.py:190} INFO - [2025-01-19T19:25:22.165+0000] {override.py:1911} INFO - Created Permission View: can edit on DAG:example_subdag_operator
[2025-01-19T19:25:22.170+0000] {logging_mixin.py:190} INFO - [2025-01-19T19:25:22.170+0000] {override.py:1911} INFO - Created Permission View: can delete on DAG:example_subdag_operator
[2025-01-19T19:25:22.175+0000] {logging_mixin.py:190} INFO - [2025-01-19T19:25:22.175+0000] {override.py:1911} INFO - Created Permission View: can read on DAG Run:example_subdag_operator
[2025-01-19T19:25:22.179+0000] {logging_mixin.py:190} INFO - [2025-01-19T19:25:22.179+0000] {override.py:1911} INFO - Created Permission View: menu access on DAG Run:example_subdag_operator
[2025-01-19T19:25:22.184+0000] {logging_mixin.py:190} INFO - [2025-01-19T19:25:22.183+0000] {override.py:1911} INFO - Created Permission View: can create on DAG Run:example_subdag_operator
[2025-01-19T19:25:22.189+0000] {logging_mixin.py:190} INFO - [2025-01-19T19:25:22.189+0000] {override.py:1911} INFO - Created Permission View: can delete on DAG Run:example_subdag_operator
[2025-01-19T19:25:22.189+0000] {logging_mixin.py:190} INFO - [2025-01-19T19:25:22.189+0000] {dag.py:3239} INFO - Sync 3 DAGs
[2025-01-19T19:25:22.218+0000] {logging_mixin.py:190} INFO - [2025-01-19T19:25:22.218+0000] {dag.py:3262} INFO - Creating ORM DAG for example_subdag_operator.section-1
[2025-01-19T19:25:22.219+0000] {logging_mixin.py:190} INFO - [2025-01-19T19:25:22.218+0000] {dag.py:3262} INFO - Creating ORM DAG for example_subdag_operator
[2025-01-19T19:25:22.219+0000] {logging_mixin.py:190} INFO - [2025-01-19T19:25:22.219+0000] {dag.py:3262} INFO - Creating ORM DAG for example_subdag_operator.section-2
[2025-01-19T19:25:22.224+0000] {logging_mixin.py:190} INFO - [2025-01-19T19:25:22.224+0000] {dag.py:4180} INFO - Setting next_dagrun for example_subdag_operator to 2022-01-01 00:00:00+00:00, run_after=2022-01-01 00:00:00+00:00
[2025-01-19T19:25:22.225+0000] {logging_mixin.py:190} INFO - [2025-01-19T19:25:22.224+0000] {dag.py:4180} INFO - Setting next_dagrun for example_subdag_operator.section-1 to None, run_after=None
[2025-01-19T19:25:22.225+0000] {logging_mixin.py:190} INFO - [2025-01-19T19:25:22.225+0000] {dag.py:4180} INFO - Setting next_dagrun for example_subdag_operator.section-2 to None, run_after=None
[2025-01-19T19:25:22.229+0000] {logging_mixin.py:190} INFO - [2025-01-19T19:25:22.229+0000] {dag.py:3239} INFO - Sync 2 DAGs
[2025-01-19T19:25:22.245+0000] {logging_mixin.py:190} INFO - [2025-01-19T19:25:22.245+0000] {dag.py:4180} INFO - Setting next_dagrun for example_subdag_operator.section-1 to None, run_after=None
[2025-01-19T19:25:22.247+0000] {logging_mixin.py:190} INFO - [2025-01-19T19:25:22.246+0000] {dag.py:4180} INFO - Setting next_dagrun for example_subdag_operator.section-2 to None, run_after=None
[2025-01-19T19:25:22.253+0000] {processor.py:208} INFO - Processing /home/airflow/.local/lib/python3.12/site-packages/airflow/example_dags/example_subdag_operator.py took 0.205 seconds
[2025-01-19T19:25:52.721+0000] {processor.py:186} INFO - Started process (PID=133) to work on /home/airflow/.local/lib/python3.12/site-packages/airflow/example_dags/example_subdag_operator.py
[2025-01-19T19:25:52.722+0000] {processor.py:914} INFO - Processing file /home/airflow/.local/lib/python3.12/site-packages/airflow/example_dags/example_subdag_operator.py for tasks to queue
[2025-01-19T19:25:52.724+0000] {logging_mixin.py:190} INFO - [2025-01-19T19:25:52.723+0000] {dagbag.py:588} INFO - Filling up the DagBag from /home/airflow/.local/lib/python3.12/site-packages/airflow/example_dags/example_subdag_operator.py
[2025-01-19T19:25:52.738+0000] {processor.py:925} INFO - DAG(s) 'example_subdag_operator.section-1', 'example_subdag_operator.section-2', 'example_subdag_operator' retrieved from /home/airflow/.local/lib/python3.12/site-packages/airflow/example_dags/example_subdag_operator.py
[2025-01-19T19:25:52.748+0000] {logging_mixin.py:190} INFO - [2025-01-19T19:25:52.748+0000] {dag.py:3239} INFO - Sync 3 DAGs
[2025-01-19T19:25:52.760+0000] {logging_mixin.py:190} INFO - [2025-01-19T19:25:52.760+0000] {dag.py:4180} INFO - Setting next_dagrun for example_subdag_operator to 2022-01-01 00:00:00+00:00, run_after=2022-01-01 00:00:00+00:00
[2025-01-19T19:25:52.762+0000] {logging_mixin.py:190} INFO - [2025-01-19T19:25:52.762+0000] {dag.py:4180} INFO - Setting next_dagrun for example_subdag_operator.section-1 to None, run_after=None
[2025-01-19T19:25:52.763+0000] {logging_mixin.py:190} INFO - [2025-01-19T19:25:52.763+0000] {dag.py:4180} INFO - Setting next_dagrun for example_subdag_operator.section-2 to None, run_after=None
[2025-01-19T19:25:52.766+0000] {logging_mixin.py:190} INFO - [2025-01-19T19:25:52.766+0000] {dag.py:3239} INFO - Sync 2 DAGs
[2025-01-19T19:25:52.769+0000] {logging_mixin.py:190} INFO - [2025-01-19T19:25:52.769+0000] {dag.py:4180} INFO - Setting next_dagrun for example_subdag_operator.section-1 to None, run_after=None
[2025-01-19T19:25:52.769+0000] {logging_mixin.py:190} INFO - [2025-01-19T19:25:52.769+0000] {dag.py:4180} INFO - Setting next_dagrun for example_subdag_operator.section-2 to None, run_after=None
[2025-01-19T19:25:52.775+0000] {processor.py:208} INFO - Processing /home/airflow/.local/lib/python3.12/site-packages/airflow/example_dags/example_subdag_operator.py took 0.057 seconds
[2025-01-19T19:26:23.599+0000] {processor.py:186} INFO - Started process (PID=198) to work on /home/airflow/.local/lib/python3.12/site-packages/airflow/example_dags/example_subdag_operator.py
[2025-01-19T19:26:23.600+0000] {processor.py:914} INFO - Processing file /home/airflow/.local/lib/python3.12/site-packages/airflow/example_dags/example_subdag_operator.py for tasks to queue
[2025-01-19T19:26:23.601+0000] {logging_mixin.py:190} INFO - [2025-01-19T19:26:23.601+0000] {dagbag.py:588} INFO - Filling up the DagBag from /home/airflow/.local/lib/python3.12/site-packages/airflow/example_dags/example_subdag_operator.py
[2025-01-19T19:26:23.617+0000] {processor.py:925} INFO - DAG(s) 'example_subdag_operator.section-1', 'example_subdag_operator.section-2', 'example_subdag_operator' retrieved from /home/airflow/.local/lib/python3.12/site-packages/airflow/example_dags/example_subdag_operator.py
[2025-01-19T19:26:23.626+0000] {logging_mixin.py:190} INFO - [2025-01-19T19:26:23.626+0000] {dag.py:3239} INFO - Sync 3 DAGs
[2025-01-19T19:26:23.639+0000] {logging_mixin.py:190} INFO - [2025-01-19T19:26:23.639+0000] {dag.py:4180} INFO - Setting next_dagrun for example_subdag_operator to 2022-01-01 00:00:00+00:00, run_after=2022-01-01 00:00:00+00:00
[2025-01-19T19:26:23.641+0000] {logging_mixin.py:190} INFO - [2025-01-19T19:26:23.641+0000] {dag.py:4180} INFO - Setting next_dagrun for example_subdag_operator.section-1 to None, run_after=None
[2025-01-19T19:26:23.642+0000] {logging_mixin.py:190} INFO - [2025-01-19T19:26:23.642+0000] {dag.py:4180} INFO - Setting next_dagrun for example_subdag_operator.section-2 to None, run_after=None
[2025-01-19T19:26:23.646+0000] {logging_mixin.py:190} INFO - [2025-01-19T19:26:23.646+0000] {dag.py:3239} INFO - Sync 2 DAGs
[2025-01-19T19:26:23.649+0000] {logging_mixin.py:190} INFO - [2025-01-19T19:26:23.649+0000] {dag.py:4180} INFO - Setting next_dagrun for example_subdag_operator.section-1 to None, run_after=None
[2025-01-19T19:26:23.649+0000] {logging_mixin.py:190} INFO - [2025-01-19T19:26:23.649+0000] {dag.py:4180} INFO - Setting next_dagrun for example_subdag_operator.section-2 to None, run_after=None
[2025-01-19T19:26:23.656+0000] {processor.py:208} INFO - Processing /home/airflow/.local/lib/python3.12/site-packages/airflow/example_dags/example_subdag_operator.py took 0.061 seconds
[2025-01-19T19:26:53.867+0000] {processor.py:186} INFO - Started process (PID=262) to work on /home/airflow/.local/lib/python3.12/site-packages/airflow/example_dags/example_subdag_operator.py
[2025-01-19T19:26:53.867+0000] {processor.py:914} INFO - Processing file /home/airflow/.local/lib/python3.12/site-packages/airflow/example_dags/example_subdag_operator.py for tasks to queue
[2025-01-19T19:26:53.868+0000] {logging_mixin.py:190} INFO - [2025-01-19T19:26:53.868+0000] {dagbag.py:588} INFO - Filling up the DagBag from /home/airflow/.local/lib/python3.12/site-packages/airflow/example_dags/example_subdag_operator.py
[2025-01-19T19:26:53.881+0000] {processor.py:925} INFO - DAG(s) 'example_subdag_operator.section-1', 'example_subdag_operator.section-2', 'example_subdag_operator' retrieved from /home/airflow/.local/lib/python3.12/site-packages/airflow/example_dags/example_subdag_operator.py
[2025-01-19T19:26:53.889+0000] {logging_mixin.py:190} INFO - [2025-01-19T19:26:53.889+0000] {dag.py:3239} INFO - Sync 3 DAGs
[2025-01-19T19:26:53.902+0000] {logging_mixin.py:190} INFO - [2025-01-19T19:26:53.902+0000] {dag.py:4180} INFO - Setting next_dagrun for example_subdag_operator to 2022-01-01 00:00:00+00:00, run_after=2022-01-01 00:00:00+00:00
[2025-01-19T19:26:53.904+0000] {logging_mixin.py:190} INFO - [2025-01-19T19:26:53.904+0000] {dag.py:4180} INFO - Setting next_dagrun for example_subdag_operator.section-1 to None, run_after=None
[2025-01-19T19:26:53.905+0000] {logging_mixin.py:190} INFO - [2025-01-19T19:26:53.905+0000] {dag.py:4180} INFO - Setting next_dagrun for example_subdag_operator.section-2 to None, run_after=None
[2025-01-19T19:26:53.908+0000] {logging_mixin.py:190} INFO - [2025-01-19T19:26:53.908+0000] {dag.py:3239} INFO - Sync 2 DAGs
[2025-01-19T19:26:53.911+0000] {logging_mixin.py:190} INFO - [2025-01-19T19:26:53.911+0000] {dag.py:4180} INFO - Setting next_dagrun for example_subdag_operator.section-1 to None, run_after=None
[2025-01-19T19:26:53.912+0000] {logging_mixin.py:190} INFO - [2025-01-19T19:26:53.912+0000] {dag.py:4180} INFO - Setting next_dagrun for example_subdag_operator.section-2 to None, run_after=None
[2025-01-19T19:26:53.918+0000] {processor.py:208} INFO - Processing /home/airflow/.local/lib/python3.12/site-packages/airflow/example_dags/example_subdag_operator.py took 0.054 seconds
[2025-01-19T19:27:24.216+0000] {processor.py:186} INFO - Started process (PID=327) to work on /home/airflow/.local/lib/python3.12/site-packages/airflow/example_dags/example_subdag_operator.py
[2025-01-19T19:27:24.217+0000] {processor.py:914} INFO - Processing file /home/airflow/.local/lib/python3.12/site-packages/airflow/example_dags/example_subdag_operator.py for tasks to queue
[2025-01-19T19:27:24.218+0000] {logging_mixin.py:190} INFO - [2025-01-19T19:27:24.218+0000] {dagbag.py:588} INFO - Filling up the DagBag from /home/airflow/.local/lib/python3.12/site-packages/airflow/example_dags/example_subdag_operator.py
[2025-01-19T19:27:24.232+0000] {processor.py:925} INFO - DAG(s) 'example_subdag_operator.section-1', 'example_subdag_operator.section-2', 'example_subdag_operator' retrieved from /home/airflow/.local/lib/python3.12/site-packages/airflow/example_dags/example_subdag_operator.py
[2025-01-19T19:27:24.240+0000] {logging_mixin.py:190} INFO - [2025-01-19T19:27:24.240+0000] {dag.py:3239} INFO - Sync 3 DAGs
[2025-01-19T19:27:24.252+0000] {logging_mixin.py:190} INFO - [2025-01-19T19:27:24.252+0000] {dag.py:4180} INFO - Setting next_dagrun for example_subdag_operator to 2022-01-01 00:00:00+00:00, run_after=2022-01-01 00:00:00+00:00
[2025-01-19T19:27:24.254+0000] {logging_mixin.py:190} INFO - [2025-01-19T19:27:24.254+0000] {dag.py:4180} INFO - Setting next_dagrun for example_subdag_operator.section-1 to None, run_after=None
[2025-01-19T19:27:24.255+0000] {logging_mixin.py:190} INFO - [2025-01-19T19:27:24.255+0000] {dag.py:4180} INFO - Setting next_dagrun for example_subdag_operator.section-2 to None, run_after=None
[2025-01-19T19:27:24.259+0000] {logging_mixin.py:190} INFO - [2025-01-19T19:27:24.259+0000] {dag.py:3239} INFO - Sync 2 DAGs
[2025-01-19T19:27:24.262+0000] {logging_mixin.py:190} INFO - [2025-01-19T19:27:24.262+0000] {dag.py:4180} INFO - Setting next_dagrun for example_subdag_operator.section-1 to None, run_after=None
[2025-01-19T19:27:24.262+0000] {logging_mixin.py:190} INFO - [2025-01-19T19:27:24.262+0000] {dag.py:4180} INFO - Setting next_dagrun for example_subdag_operator.section-2 to None, run_after=None
[2025-01-19T19:27:24.269+0000] {processor.py:208} INFO - Processing /home/airflow/.local/lib/python3.12/site-packages/airflow/example_dags/example_subdag_operator.py took 0.056 seconds
[2025-01-19T19:27:54.553+0000] {processor.py:186} INFO - Started process (PID=392) to work on /home/airflow/.local/lib/python3.12/site-packages/airflow/example_dags/example_subdag_operator.py
[2025-01-19T19:27:54.554+0000] {processor.py:914} INFO - Processing file /home/airflow/.local/lib/python3.12/site-packages/airflow/example_dags/example_subdag_operator.py for tasks to queue
[2025-01-19T19:27:54.555+0000] {logging_mixin.py:190} INFO - [2025-01-19T19:27:54.555+0000] {dagbag.py:588} INFO - Filling up the DagBag from /home/airflow/.local/lib/python3.12/site-packages/airflow/example_dags/example_subdag_operator.py
[2025-01-19T19:27:54.569+0000] {processor.py:925} INFO - DAG(s) 'example_subdag_operator.section-1', 'example_subdag_operator.section-2', 'example_subdag_operator' retrieved from /home/airflow/.local/lib/python3.12/site-packages/airflow/example_dags/example_subdag_operator.py
[2025-01-19T19:27:54.579+0000] {logging_mixin.py:190} INFO - [2025-01-19T19:27:54.579+0000] {dag.py:3239} INFO - Sync 3 DAGs
[2025-01-19T19:27:54.593+0000] {logging_mixin.py:190} INFO - [2025-01-19T19:27:54.593+0000] {dag.py:4180} INFO - Setting next_dagrun for example_subdag_operator to 2022-01-01 00:00:00+00:00, run_after=2022-01-01 00:00:00+00:00
[2025-01-19T19:27:54.595+0000] {logging_mixin.py:190} INFO - [2025-01-19T19:27:54.595+0000] {dag.py:4180} INFO - Setting next_dagrun for example_subdag_operator.section-1 to None, run_after=None
[2025-01-19T19:27:54.596+0000] {logging_mixin.py:190} INFO - [2025-01-19T19:27:54.596+0000] {dag.py:4180} INFO - Setting next_dagrun for example_subdag_operator.section-2 to None, run_after=None
[2025-01-19T19:27:54.600+0000] {logging_mixin.py:190} INFO - [2025-01-19T19:27:54.600+0000] {dag.py:3239} INFO - Sync 2 DAGs
[2025-01-19T19:27:54.603+0000] {logging_mixin.py:190} INFO - [2025-01-19T19:27:54.603+0000] {dag.py:4180} INFO - Setting next_dagrun for example_subdag_operator.section-1 to None, run_after=None
[2025-01-19T19:27:54.604+0000] {logging_mixin.py:190} INFO - [2025-01-19T19:27:54.603+0000] {dag.py:4180} INFO - Setting next_dagrun for example_subdag_operator.section-2 to None, run_after=None
[2025-01-19T19:27:54.610+0000] {processor.py:208} INFO - Processing /home/airflow/.local/lib/python3.12/site-packages/airflow/example_dags/example_subdag_operator.py took 0.060 seconds
[2025-01-19T19:28:25.455+0000] {processor.py:186} INFO - Started process (PID=457) to work on /home/airflow/.local/lib/python3.12/site-packages/airflow/example_dags/example_subdag_operator.py
[2025-01-19T19:28:25.456+0000] {processor.py:914} INFO - Processing file /home/airflow/.local/lib/python3.12/site-packages/airflow/example_dags/example_subdag_operator.py for tasks to queue
[2025-01-19T19:28:25.457+0000] {logging_mixin.py:190} INFO - [2025-01-19T19:28:25.457+0000] {dagbag.py:588} INFO - Filling up the DagBag from /home/airflow/.local/lib/python3.12/site-packages/airflow/example_dags/example_subdag_operator.py
[2025-01-19T19:28:25.472+0000] {processor.py:925} INFO - DAG(s) 'example_subdag_operator.section-1', 'example_subdag_operator.section-2', 'example_subdag_operator' retrieved from /home/airflow/.local/lib/python3.12/site-packages/airflow/example_dags/example_subdag_operator.py
[2025-01-19T19:28:25.480+0000] {logging_mixin.py:190} INFO - [2025-01-19T19:28:25.480+0000] {dag.py:3239} INFO - Sync 3 DAGs
[2025-01-19T19:28:25.493+0000] {logging_mixin.py:190} INFO - [2025-01-19T19:28:25.493+0000] {dag.py:4180} INFO - Setting next_dagrun for example_subdag_operator to 2022-01-01 00:00:00+00:00, run_after=2022-01-01 00:00:00+00:00
[2025-01-19T19:28:25.496+0000] {logging_mixin.py:190} INFO - [2025-01-19T19:28:25.495+0000] {dag.py:4180} INFO - Setting next_dagrun for example_subdag_operator.section-1 to None, run_after=None
[2025-01-19T19:28:25.496+0000] {logging_mixin.py:190} INFO - [2025-01-19T19:28:25.496+0000] {dag.py:4180} INFO - Setting next_dagrun for example_subdag_operator.section-2 to None, run_after=None
[2025-01-19T19:28:25.500+0000] {logging_mixin.py:190} INFO - [2025-01-19T19:28:25.500+0000] {dag.py:3239} INFO - Sync 2 DAGs
[2025-01-19T19:28:25.503+0000] {logging_mixin.py:190} INFO - [2025-01-19T19:28:25.503+0000] {dag.py:4180} INFO - Setting next_dagrun for example_subdag_operator.section-1 to None, run_after=None
[2025-01-19T19:28:25.504+0000] {logging_mixin.py:190} INFO - [2025-01-19T19:28:25.504+0000] {dag.py:4180} INFO - Setting next_dagrun for example_subdag_operator.section-2 to None, run_after=None
[2025-01-19T19:28:25.511+0000] {processor.py:208} INFO - Processing /home/airflow/.local/lib/python3.12/site-packages/airflow/example_dags/example_subdag_operator.py took 0.059 seconds
[2025-01-19T19:28:55.633+0000] {processor.py:186} INFO - Started process (PID=522) to work on /home/airflow/.local/lib/python3.12/site-packages/airflow/example_dags/example_subdag_operator.py
[2025-01-19T19:28:55.633+0000] {processor.py:914} INFO - Processing file /home/airflow/.local/lib/python3.12/site-packages/airflow/example_dags/example_subdag_operator.py for tasks to queue
[2025-01-19T19:28:55.635+0000] {logging_mixin.py:190} INFO - [2025-01-19T19:28:55.635+0000] {dagbag.py:588} INFO - Filling up the DagBag from /home/airflow/.local/lib/python3.12/site-packages/airflow/example_dags/example_subdag_operator.py
[2025-01-19T19:28:55.649+0000] {processor.py:925} INFO - DAG(s) 'example_subdag_operator.section-1', 'example_subdag_operator.section-2', 'example_subdag_operator' retrieved from /home/airflow/.local/lib/python3.12/site-packages/airflow/example_dags/example_subdag_operator.py
[2025-01-19T19:28:55.658+0000] {logging_mixin.py:190} INFO - [2025-01-19T19:28:55.658+0000] {dag.py:3239} INFO - Sync 3 DAGs
[2025-01-19T19:28:55.670+0000] {logging_mixin.py:190} INFO - [2025-01-19T19:28:55.670+0000] {dag.py:4180} INFO - Setting next_dagrun for example_subdag_operator to 2022-01-01 00:00:00+00:00, run_after=2022-01-01 00:00:00+00:00
[2025-01-19T19:28:55.672+0000] {logging_mixin.py:190} INFO - [2025-01-19T19:28:55.672+0000] {dag.py:4180} INFO - Setting next_dagrun for example_subdag_operator.section-1 to None, run_after=None
[2025-01-19T19:28:55.673+0000] {logging_mixin.py:190} INFO - [2025-01-19T19:28:55.673+0000] {dag.py:4180} INFO - Setting next_dagrun for example_subdag_operator.section-2 to None, run_after=None
[2025-01-19T19:28:55.677+0000] {logging_mixin.py:190} INFO - [2025-01-19T19:28:55.677+0000] {dag.py:3239} INFO - Sync 2 DAGs
[2025-01-19T19:28:55.680+0000] {logging_mixin.py:190} INFO - [2025-01-19T19:28:55.680+0000] {dag.py:4180} INFO - Setting next_dagrun for example_subdag_operator.section-1 to None, run_after=None
[2025-01-19T19:28:55.680+0000] {logging_mixin.py:190} INFO - [2025-01-19T19:28:55.680+0000] {dag.py:4180} INFO - Setting next_dagrun for example_subdag_operator.section-2 to None, run_after=None
[2025-01-19T19:28:55.687+0000] {processor.py:208} INFO - Processing /home/airflow/.local/lib/python3.12/site-packages/airflow/example_dags/example_subdag_operator.py took 0.058 seconds
[2025-01-19T19:29:25.927+0000] {processor.py:186} INFO - Started process (PID=587) to work on /home/airflow/.local/lib/python3.12/site-packages/airflow/example_dags/example_subdag_operator.py
[2025-01-19T19:29:25.927+0000] {processor.py:914} INFO - Processing file /home/airflow/.local/lib/python3.12/site-packages/airflow/example_dags/example_subdag_operator.py for tasks to queue
[2025-01-19T19:29:25.929+0000] {logging_mixin.py:190} INFO - [2025-01-19T19:29:25.929+0000] {dagbag.py:588} INFO - Filling up the DagBag from /home/airflow/.local/lib/python3.12/site-packages/airflow/example_dags/example_subdag_operator.py
[2025-01-19T19:29:25.942+0000] {processor.py:925} INFO - DAG(s) 'example_subdag_operator.section-1', 'example_subdag_operator.section-2', 'example_subdag_operator' retrieved from /home/airflow/.local/lib/python3.12/site-packages/airflow/example_dags/example_subdag_operator.py
[2025-01-19T19:29:25.950+0000] {logging_mixin.py:190} INFO - [2025-01-19T19:29:25.950+0000] {dag.py:3239} INFO - Sync 3 DAGs
[2025-01-19T19:29:25.962+0000] {logging_mixin.py:190} INFO - [2025-01-19T19:29:25.961+0000] {dag.py:4180} INFO - Setting next_dagrun for example_subdag_operator to 2022-01-01 00:00:00+00:00, run_after=2022-01-01 00:00:00+00:00
[2025-01-19T19:29:25.964+0000] {logging_mixin.py:190} INFO - [2025-01-19T19:29:25.963+0000] {dag.py:4180} INFO - Setting next_dagrun for example_subdag_operator.section-1 to None, run_after=None
[2025-01-19T19:29:25.964+0000] {logging_mixin.py:190} INFO - [2025-01-19T19:29:25.964+0000] {dag.py:4180} INFO - Setting next_dagrun for example_subdag_operator.section-2 to None, run_after=None
[2025-01-19T19:29:25.968+0000] {logging_mixin.py:190} INFO - [2025-01-19T19:29:25.968+0000] {dag.py:3239} INFO - Sync 2 DAGs
[2025-01-19T19:29:25.971+0000] {logging_mixin.py:190} INFO - [2025-01-19T19:29:25.971+0000] {dag.py:4180} INFO - Setting next_dagrun for example_subdag_operator.section-1 to None, run_after=None
[2025-01-19T19:29:25.971+0000] {logging_mixin.py:190} INFO - [2025-01-19T19:29:25.971+0000] {dag.py:4180} INFO - Setting next_dagrun for example_subdag_operator.section-2 to None, run_after=None
[2025-01-19T19:29:25.977+0000] {processor.py:208} INFO - Processing /home/airflow/.local/lib/python3.12/site-packages/airflow/example_dags/example_subdag_operator.py took 0.054 seconds
[2025-01-19T19:29:56.970+0000] {processor.py:186} INFO - Started process (PID=652) to work on /home/airflow/.local/lib/python3.12/site-packages/airflow/example_dags/example_subdag_operator.py
[2025-01-19T19:29:56.970+0000] {processor.py:914} INFO - Processing file /home/airflow/.local/lib/python3.12/site-packages/airflow/example_dags/example_subdag_operator.py for tasks to queue
[2025-01-19T19:29:56.972+0000] {logging_mixin.py:190} INFO - [2025-01-19T19:29:56.972+0000] {dagbag.py:588} INFO - Filling up the DagBag from /home/airflow/.local/lib/python3.12/site-packages/airflow/example_dags/example_subdag_operator.py
[2025-01-19T19:29:56.987+0000] {processor.py:925} INFO - DAG(s) 'example_subdag_operator.section-1', 'example_subdag_operator.section-2', 'example_subdag_operator' retrieved from /home/airflow/.local/lib/python3.12/site-packages/airflow/example_dags/example_subdag_operator.py
[2025-01-19T19:29:56.996+0000] {logging_mixin.py:190} INFO - [2025-01-19T19:29:56.995+0000] {dag.py:3239} INFO - Sync 3 DAGs
[2025-01-19T19:29:57.009+0000] {logging_mixin.py:190} INFO - [2025-01-19T19:29:57.009+0000] {dag.py:4180} INFO - Setting next_dagrun for example_subdag_operator to 2022-01-01 00:00:00+00:00, run_after=2022-01-01 00:00:00+00:00
[2025-01-19T19:29:57.012+0000] {logging_mixin.py:190} INFO - [2025-01-19T19:29:57.011+0000] {dag.py:4180} INFO - Setting next_dagrun for example_subdag_operator.section-1 to None, run_after=None
[2025-01-19T19:29:57.012+0000] {logging_mixin.py:190} INFO - [2025-01-19T19:29:57.012+0000] {dag.py:4180} INFO - Setting next_dagrun for example_subdag_operator.section-2 to None, run_after=None
[2025-01-19T19:29:57.017+0000] {logging_mixin.py:190} INFO - [2025-01-19T19:29:57.017+0000] {dag.py:3239} INFO - Sync 2 DAGs
[2025-01-19T19:29:57.020+0000] {logging_mixin.py:190} INFO - [2025-01-19T19:29:57.020+0000] {dag.py:4180} INFO - Setting next_dagrun for example_subdag_operator.section-1 to None, run_after=None
[2025-01-19T19:29:57.020+0000] {logging_mixin.py:190} INFO - [2025-01-19T19:29:57.020+0000] {dag.py:4180} INFO - Setting next_dagrun for example_subdag_operator.section-2 to None, run_after=None
[2025-01-19T19:29:57.026+0000] {processor.py:208} INFO - Processing /home/airflow/.local/lib/python3.12/site-packages/airflow/example_dags/example_subdag_operator.py took 0.060 seconds
[2025-01-19T19:30:27.196+0000] {processor.py:186} INFO - Started process (PID=717) to work on /home/airflow/.local/lib/python3.12/site-packages/airflow/example_dags/example_subdag_operator.py
[2025-01-19T19:30:27.197+0000] {processor.py:914} INFO - Processing file /home/airflow/.local/lib/python3.12/site-packages/airflow/example_dags/example_subdag_operator.py for tasks to queue
[2025-01-19T19:30:27.198+0000] {logging_mixin.py:190} INFO - [2025-01-19T19:30:27.198+0000] {dagbag.py:588} INFO - Filling up the DagBag from /home/airflow/.local/lib/python3.12/site-packages/airflow/example_dags/example_subdag_operator.py
[2025-01-19T19:30:27.211+0000] {processor.py:925} INFO - DAG(s) 'example_subdag_operator.section-1', 'example_subdag_operator.section-2', 'example_subdag_operator' retrieved from /home/airflow/.local/lib/python3.12/site-packages/airflow/example_dags/example_subdag_operator.py
[2025-01-19T19:30:27.219+0000] {logging_mixin.py:190} INFO - [2025-01-19T19:30:27.219+0000] {dag.py:3239} INFO - Sync 3 DAGs
[2025-01-19T19:30:27.232+0000] {logging_mixin.py:190} INFO - [2025-01-19T19:30:27.231+0000] {dag.py:4180} INFO - Setting next_dagrun for example_subdag_operator to 2022-01-01 00:00:00+00:00, run_after=2022-01-01 00:00:00+00:00
[2025-01-19T19:30:27.233+0000] {logging_mixin.py:190} INFO - [2025-01-19T19:30:27.233+0000] {dag.py:4180} INFO - Setting next_dagrun for example_subdag_operator.section-1 to None, run_after=None
[2025-01-19T19:30:27.234+0000] {logging_mixin.py:190} INFO - [2025-01-19T19:30:27.234+0000] {dag.py:4180} INFO - Setting next_dagrun for example_subdag_operator.section-2 to None, run_after=None
[2025-01-19T19:30:27.238+0000] {logging_mixin.py:190} INFO - [2025-01-19T19:30:27.237+0000] {dag.py:3239} INFO - Sync 2 DAGs
[2025-01-19T19:30:27.240+0000] {logging_mixin.py:190} INFO - [2025-01-19T19:30:27.240+0000] {dag.py:4180} INFO - Setting next_dagrun for example_subdag_operator.section-1 to None, run_after=None
[2025-01-19T19:30:27.241+0000] {logging_mixin.py:190} INFO - [2025-01-19T19:30:27.240+0000] {dag.py:4180} INFO - Setting next_dagrun for example_subdag_operator.section-2 to None, run_after=None
[2025-01-19T19:30:27.246+0000] {processor.py:208} INFO - Processing /home/airflow/.local/lib/python3.12/site-packages/airflow/example_dags/example_subdag_operator.py took 0.054 seconds
[2025-01-19T19:30:57.843+0000] {processor.py:186} INFO - Started process (PID=782) to work on /home/airflow/.local/lib/python3.12/site-packages/airflow/example_dags/example_subdag_operator.py
[2025-01-19T19:30:57.843+0000] {processor.py:914} INFO - Processing file /home/airflow/.local/lib/python3.12/site-packages/airflow/example_dags/example_subdag_operator.py for tasks to queue
[2025-01-19T19:30:57.845+0000] {logging_mixin.py:190} INFO - [2025-01-19T19:30:57.844+0000] {dagbag.py:588} INFO - Filling up the DagBag from /home/airflow/.local/lib/python3.12/site-packages/airflow/example_dags/example_subdag_operator.py
[2025-01-19T19:30:57.859+0000] {processor.py:925} INFO - DAG(s) 'example_subdag_operator.section-1', 'example_subdag_operator.section-2', 'example_subdag_operator' retrieved from /home/airflow/.local/lib/python3.12/site-packages/airflow/example_dags/example_subdag_operator.py
[2025-01-19T19:30:57.867+0000] {logging_mixin.py:190} INFO - [2025-01-19T19:30:57.866+0000] {dag.py:3239} INFO - Sync 3 DAGs
[2025-01-19T19:30:57.878+0000] {logging_mixin.py:190} INFO - [2025-01-19T19:30:57.878+0000] {dag.py:4180} INFO - Setting next_dagrun for example_subdag_operator to 2022-01-01 00:00:00+00:00, run_after=2022-01-01 00:00:00+00:00
[2025-01-19T19:30:57.880+0000] {logging_mixin.py:190} INFO - [2025-01-19T19:30:57.880+0000] {dag.py:4180} INFO - Setting next_dagrun for example_subdag_operator.section-1 to None, run_after=None
[2025-01-19T19:30:57.881+0000] {logging_mixin.py:190} INFO - [2025-01-19T19:30:57.881+0000] {dag.py:4180} INFO - Setting next_dagrun for example_subdag_operator.section-2 to None, run_after=None
[2025-01-19T19:30:57.884+0000] {logging_mixin.py:190} INFO - [2025-01-19T19:30:57.884+0000] {dag.py:3239} INFO - Sync 2 DAGs
[2025-01-19T19:30:57.887+0000] {logging_mixin.py:190} INFO - [2025-01-19T19:30:57.887+0000] {dag.py:4180} INFO - Setting next_dagrun for example_subdag_operator.section-1 to None, run_after=None
[2025-01-19T19:30:57.887+0000] {logging_mixin.py:190} INFO - [2025-01-19T19:30:57.887+0000] {dag.py:4180} INFO - Setting next_dagrun for example_subdag_operator.section-2 to None, run_after=None
[2025-01-19T19:30:57.893+0000] {processor.py:208} INFO - Processing /home/airflow/.local/lib/python3.12/site-packages/airflow/example_dags/example_subdag_operator.py took 0.054 seconds
[2025-01-19T19:31:28.215+0000] {processor.py:186} INFO - Started process (PID=847) to work on /home/airflow/.local/lib/python3.12/site-packages/airflow/example_dags/example_subdag_operator.py
[2025-01-19T19:31:28.215+0000] {processor.py:914} INFO - Processing file /home/airflow/.local/lib/python3.12/site-packages/airflow/example_dags/example_subdag_operator.py for tasks to queue
[2025-01-19T19:31:28.217+0000] {logging_mixin.py:190} INFO - [2025-01-19T19:31:28.217+0000] {dagbag.py:588} INFO - Filling up the DagBag from /home/airflow/.local/lib/python3.12/site-packages/airflow/example_dags/example_subdag_operator.py
[2025-01-19T19:31:28.238+0000] {processor.py:925} INFO - DAG(s) 'example_subdag_operator.section-1', 'example_subdag_operator.section-2', 'example_subdag_operator' retrieved from /home/airflow/.local/lib/python3.12/site-packages/airflow/example_dags/example_subdag_operator.py
[2025-01-19T19:31:28.252+0000] {logging_mixin.py:190} INFO - [2025-01-19T19:31:28.252+0000] {dag.py:3239} INFO - Sync 3 DAGs
[2025-01-19T19:31:28.269+0000] {logging_mixin.py:190} INFO - [2025-01-19T19:31:28.269+0000] {dag.py:4180} INFO - Setting next_dagrun for example_subdag_operator to 2022-01-01 00:00:00+00:00, run_after=2022-01-01 00:00:00+00:00
[2025-01-19T19:31:28.272+0000] {logging_mixin.py:190} INFO - [2025-01-19T19:31:28.272+0000] {dag.py:4180} INFO - Setting next_dagrun for example_subdag_operator.section-1 to None, run_after=None
[2025-01-19T19:31:28.273+0000] {logging_mixin.py:190} INFO - [2025-01-19T19:31:28.273+0000] {dag.py:4180} INFO - Setting next_dagrun for example_subdag_operator.section-2 to None, run_after=None
[2025-01-19T19:31:28.279+0000] {logging_mixin.py:190} INFO - [2025-01-19T19:31:28.279+0000] {dag.py:3239} INFO - Sync 2 DAGs
[2025-01-19T19:31:28.282+0000] {logging_mixin.py:190} INFO - [2025-01-19T19:31:28.282+0000] {dag.py:4180} INFO - Setting next_dagrun for example_subdag_operator.section-1 to None, run_after=None
[2025-01-19T19:31:28.282+0000] {logging_mixin.py:190} INFO - [2025-01-19T19:31:28.282+0000] {dag.py:4180} INFO - Setting next_dagrun for example_subdag_operator.section-2 to None, run_after=None
[2025-01-19T19:31:28.289+0000] {processor.py:208} INFO - Processing /home/airflow/.local/lib/python3.12/site-packages/airflow/example_dags/example_subdag_operator.py took 0.077 seconds
[2025-01-19T19:31:59.115+0000] {processor.py:186} INFO - Started process (PID=912) to work on /home/airflow/.local/lib/python3.12/site-packages/airflow/example_dags/example_subdag_operator.py
[2025-01-19T19:31:59.115+0000] {processor.py:914} INFO - Processing file /home/airflow/.local/lib/python3.12/site-packages/airflow/example_dags/example_subdag_operator.py for tasks to queue
[2025-01-19T19:31:59.117+0000] {logging_mixin.py:190} INFO - [2025-01-19T19:31:59.117+0000] {dagbag.py:588} INFO - Filling up the DagBag from /home/airflow/.local/lib/python3.12/site-packages/airflow/example_dags/example_subdag_operator.py
[2025-01-19T19:31:59.132+0000] {processor.py:925} INFO - DAG(s) 'example_subdag_operator.section-1', 'example_subdag_operator.section-2', 'example_subdag_operator' retrieved from /home/airflow/.local/lib/python3.12/site-packages/airflow/example_dags/example_subdag_operator.py
[2025-01-19T19:31:59.140+0000] {logging_mixin.py:190} INFO - [2025-01-19T19:31:59.140+0000] {dag.py:3239} INFO - Sync 3 DAGs
[2025-01-19T19:31:59.154+0000] {logging_mixin.py:190} INFO - [2025-01-19T19:31:59.154+0000] {dag.py:4180} INFO - Setting next_dagrun for example_subdag_operator to 2022-01-01 00:00:00+00:00, run_after=2022-01-01 00:00:00+00:00
[2025-01-19T19:31:59.156+0000] {logging_mixin.py:190} INFO - [2025-01-19T19:31:59.156+0000] {dag.py:4180} INFO - Setting next_dagrun for example_subdag_operator.section-1 to None, run_after=None
[2025-01-19T19:31:59.157+0000] {logging_mixin.py:190} INFO - [2025-01-19T19:31:59.157+0000] {dag.py:4180} INFO - Setting next_dagrun for example_subdag_operator.section-2 to None, run_after=None
[2025-01-19T19:31:59.161+0000] {logging_mixin.py:190} INFO - [2025-01-19T19:31:59.161+0000] {dag.py:3239} INFO - Sync 2 DAGs
[2025-01-19T19:31:59.165+0000] {logging_mixin.py:190} INFO - [2025-01-19T19:31:59.164+0000] {dag.py:4180} INFO - Setting next_dagrun for example_subdag_operator.section-1 to None, run_after=None
[2025-01-19T19:31:59.165+0000] {logging_mixin.py:190} INFO - [2025-01-19T19:31:59.165+0000] {dag.py:4180} INFO - Setting next_dagrun for example_subdag_operator.section-2 to None, run_after=None
[2025-01-19T19:31:59.173+0000] {processor.py:208} INFO - Processing /home/airflow/.local/lib/python3.12/site-packages/airflow/example_dags/example_subdag_operator.py took 0.061 seconds
[2025-01-19T19:32:29.888+0000] {processor.py:186} INFO - Started process (PID=978) to work on /home/airflow/.local/lib/python3.12/site-packages/airflow/example_dags/example_subdag_operator.py
[2025-01-19T19:32:29.889+0000] {processor.py:914} INFO - Processing file /home/airflow/.local/lib/python3.12/site-packages/airflow/example_dags/example_subdag_operator.py for tasks to queue
[2025-01-19T19:32:29.890+0000] {logging_mixin.py:190} INFO - [2025-01-19T19:32:29.890+0000] {dagbag.py:588} INFO - Filling up the DagBag from /home/airflow/.local/lib/python3.12/site-packages/airflow/example_dags/example_subdag_operator.py
[2025-01-19T19:32:29.904+0000] {processor.py:925} INFO - DAG(s) 'example_subdag_operator.section-1', 'example_subdag_operator.section-2', 'example_subdag_operator' retrieved from /home/airflow/.local/lib/python3.12/site-packages/airflow/example_dags/example_subdag_operator.py
[2025-01-19T19:32:29.911+0000] {logging_mixin.py:190} INFO - [2025-01-19T19:32:29.911+0000] {dag.py:3239} INFO - Sync 3 DAGs
[2025-01-19T19:32:29.924+0000] {logging_mixin.py:190} INFO - [2025-01-19T19:32:29.924+0000] {dag.py:4180} INFO - Setting next_dagrun for example_subdag_operator to 2022-01-01 00:00:00+00:00, run_after=2022-01-01 00:00:00+00:00
[2025-01-19T19:32:29.927+0000] {logging_mixin.py:190} INFO - [2025-01-19T19:32:29.927+0000] {dag.py:4180} INFO - Setting next_dagrun for example_subdag_operator.section-1 to None, run_after=None
[2025-01-19T19:32:29.928+0000] {logging_mixin.py:190} INFO - [2025-01-19T19:32:29.928+0000] {dag.py:4180} INFO - Setting next_dagrun for example_subdag_operator.section-2 to None, run_after=None
[2025-01-19T19:32:29.931+0000] {logging_mixin.py:190} INFO - [2025-01-19T19:32:29.931+0000] {dag.py:3239} INFO - Sync 2 DAGs
[2025-01-19T19:32:29.934+0000] {logging_mixin.py:190} INFO - [2025-01-19T19:32:29.934+0000] {dag.py:4180} INFO - Setting next_dagrun for example_subdag_operator.section-1 to None, run_after=None
[2025-01-19T19:32:29.935+0000] {logging_mixin.py:190} INFO - [2025-01-19T19:32:29.935+0000] {dag.py:4180} INFO - Setting next_dagrun for example_subdag_operator.section-2 to None, run_after=None
[2025-01-19T19:32:29.941+0000] {processor.py:208} INFO - Processing /home/airflow/.local/lib/python3.12/site-packages/airflow/example_dags/example_subdag_operator.py took 0.056 seconds
[2025-01-19T19:33:00.427+0000] {processor.py:186} INFO - Started process (PID=1042) to work on /home/airflow/.local/lib/python3.12/site-packages/airflow/example_dags/example_subdag_operator.py
[2025-01-19T19:33:00.428+0000] {processor.py:914} INFO - Processing file /home/airflow/.local/lib/python3.12/site-packages/airflow/example_dags/example_subdag_operator.py for tasks to queue
[2025-01-19T19:33:00.429+0000] {logging_mixin.py:190} INFO - [2025-01-19T19:33:00.429+0000] {dagbag.py:588} INFO - Filling up the DagBag from /home/airflow/.local/lib/python3.12/site-packages/airflow/example_dags/example_subdag_operator.py
[2025-01-19T19:33:00.443+0000] {processor.py:925} INFO - DAG(s) 'example_subdag_operator.section-1', 'example_subdag_operator.section-2', 'example_subdag_operator' retrieved from /home/airflow/.local/lib/python3.12/site-packages/airflow/example_dags/example_subdag_operator.py
[2025-01-19T19:33:00.451+0000] {logging_mixin.py:190} INFO - [2025-01-19T19:33:00.451+0000] {dag.py:3239} INFO - Sync 3 DAGs
[2025-01-19T19:33:00.463+0000] {logging_mixin.py:190} INFO - [2025-01-19T19:33:00.463+0000] {dag.py:4180} INFO - Setting next_dagrun for example_subdag_operator to 2022-01-01 00:00:00+00:00, run_after=2022-01-01 00:00:00+00:00
[2025-01-19T19:33:00.465+0000] {logging_mixin.py:190} INFO - [2025-01-19T19:33:00.465+0000] {dag.py:4180} INFO - Setting next_dagrun for example_subdag_operator.section-1 to None, run_after=None
[2025-01-19T19:33:00.466+0000] {logging_mixin.py:190} INFO - [2025-01-19T19:33:00.465+0000] {dag.py:4180} INFO - Setting next_dagrun for example_subdag_operator.section-2 to None, run_after=None
[2025-01-19T19:33:00.469+0000] {logging_mixin.py:190} INFO - [2025-01-19T19:33:00.469+0000] {dag.py:3239} INFO - Sync 2 DAGs
[2025-01-19T19:33:00.472+0000] {logging_mixin.py:190} INFO - [2025-01-19T19:33:00.472+0000] {dag.py:4180} INFO - Setting next_dagrun for example_subdag_operator.section-1 to None, run_after=None
[2025-01-19T19:33:00.473+0000] {logging_mixin.py:190} INFO - [2025-01-19T19:33:00.472+0000] {dag.py:4180} INFO - Setting next_dagrun for example_subdag_operator.section-2 to None, run_after=None
[2025-01-19T19:33:00.479+0000] {processor.py:208} INFO - Processing /home/airflow/.local/lib/python3.12/site-packages/airflow/example_dags/example_subdag_operator.py took 0.055 seconds
[2025-01-19T19:33:31.567+0000] {processor.py:186} INFO - Started process (PID=1107) to work on /home/airflow/.local/lib/python3.12/site-packages/airflow/example_dags/example_subdag_operator.py
[2025-01-19T19:33:31.568+0000] {processor.py:914} INFO - Processing file /home/airflow/.local/lib/python3.12/site-packages/airflow/example_dags/example_subdag_operator.py for tasks to queue
[2025-01-19T19:33:31.569+0000] {logging_mixin.py:190} INFO - [2025-01-19T19:33:31.569+0000] {dagbag.py:588} INFO - Filling up the DagBag from /home/airflow/.local/lib/python3.12/site-packages/airflow/example_dags/example_subdag_operator.py
[2025-01-19T19:33:31.586+0000] {processor.py:925} INFO - DAG(s) 'example_subdag_operator.section-1', 'example_subdag_operator.section-2', 'example_subdag_operator' retrieved from /home/airflow/.local/lib/python3.12/site-packages/airflow/example_dags/example_subdag_operator.py
[2025-01-19T19:33:31.597+0000] {logging_mixin.py:190} INFO - [2025-01-19T19:33:31.597+0000] {dag.py:3239} INFO - Sync 3 DAGs
[2025-01-19T19:33:31.613+0000] {logging_mixin.py:190} INFO - [2025-01-19T19:33:31.613+0000] {dag.py:4180} INFO - Setting next_dagrun for example_subdag_operator to 2022-01-01 00:00:00+00:00, run_after=2022-01-01 00:00:00+00:00
[2025-01-19T19:33:31.616+0000] {logging_mixin.py:190} INFO - [2025-01-19T19:33:31.615+0000] {dag.py:4180} INFO - Setting next_dagrun for example_subdag_operator.section-1 to None, run_after=None
[2025-01-19T19:33:31.617+0000] {logging_mixin.py:190} INFO - [2025-01-19T19:33:31.617+0000] {dag.py:4180} INFO - Setting next_dagrun for example_subdag_operator.section-2 to None, run_after=None
[2025-01-19T19:33:31.623+0000] {logging_mixin.py:190} INFO - [2025-01-19T19:33:31.622+0000] {dag.py:3239} INFO - Sync 2 DAGs
[2025-01-19T19:33:31.627+0000] {logging_mixin.py:190} INFO - [2025-01-19T19:33:31.626+0000] {dag.py:4180} INFO - Setting next_dagrun for example_subdag_operator.section-1 to None, run_after=None
[2025-01-19T19:33:31.627+0000] {logging_mixin.py:190} INFO - [2025-01-19T19:33:31.627+0000] {dag.py:4180} INFO - Setting next_dagrun for example_subdag_operator.section-2 to None, run_after=None
[2025-01-19T19:33:31.635+0000] {processor.py:208} INFO - Processing /home/airflow/.local/lib/python3.12/site-packages/airflow/example_dags/example_subdag_operator.py took 0.073 seconds
[2025-01-19T19:34:46.086+0000] {processor.py:186} INFO - Started process (PID=68) to work on /home/airflow/.local/lib/python3.12/site-packages/airflow/example_dags/example_subdag_operator.py
[2025-01-19T19:34:46.087+0000] {processor.py:914} INFO - Processing file /home/airflow/.local/lib/python3.12/site-packages/airflow/example_dags/example_subdag_operator.py for tasks to queue
[2025-01-19T19:34:46.088+0000] {logging_mixin.py:190} INFO - [2025-01-19T19:34:46.088+0000] {dagbag.py:588} INFO - Filling up the DagBag from /home/airflow/.local/lib/python3.12/site-packages/airflow/example_dags/example_subdag_operator.py
[2025-01-19T19:34:46.102+0000] {processor.py:925} INFO - DAG(s) 'example_subdag_operator.section-1', 'example_subdag_operator.section-2', 'example_subdag_operator' retrieved from /home/airflow/.local/lib/python3.12/site-packages/airflow/example_dags/example_subdag_operator.py
[2025-01-19T19:34:46.116+0000] {logging_mixin.py:190} INFO - [2025-01-19T19:34:46.115+0000] {dag.py:3239} INFO - Sync 3 DAGs
[2025-01-19T19:34:46.127+0000] {logging_mixin.py:190} INFO - [2025-01-19T19:34:46.127+0000] {dag.py:4180} INFO - Setting next_dagrun for example_subdag_operator to 2022-01-01 00:00:00+00:00, run_after=2022-01-01 00:00:00+00:00
[2025-01-19T19:34:46.129+0000] {logging_mixin.py:190} INFO - [2025-01-19T19:34:46.129+0000] {dag.py:4180} INFO - Setting next_dagrun for example_subdag_operator.section-1 to None, run_after=None
[2025-01-19T19:34:46.130+0000] {logging_mixin.py:190} INFO - [2025-01-19T19:34:46.130+0000] {dag.py:4180} INFO - Setting next_dagrun for example_subdag_operator.section-2 to None, run_after=None
[2025-01-19T19:34:46.134+0000] {logging_mixin.py:190} INFO - [2025-01-19T19:34:46.134+0000] {dag.py:3239} INFO - Sync 2 DAGs
[2025-01-19T19:34:46.136+0000] {logging_mixin.py:190} INFO - [2025-01-19T19:34:46.136+0000] {dag.py:4180} INFO - Setting next_dagrun for example_subdag_operator.section-1 to None, run_after=None
[2025-01-19T19:34:46.137+0000] {logging_mixin.py:190} INFO - [2025-01-19T19:34:46.136+0000] {dag.py:4180} INFO - Setting next_dagrun for example_subdag_operator.section-2 to None, run_after=None
[2025-01-19T19:34:46.142+0000] {processor.py:208} INFO - Processing /home/airflow/.local/lib/python3.12/site-packages/airflow/example_dags/example_subdag_operator.py took 0.060 seconds
[2025-01-19T19:35:16.199+0000] {processor.py:186} INFO - Started process (PID=133) to work on /home/airflow/.local/lib/python3.12/site-packages/airflow/example_dags/example_subdag_operator.py
[2025-01-19T19:35:16.200+0000] {processor.py:914} INFO - Processing file /home/airflow/.local/lib/python3.12/site-packages/airflow/example_dags/example_subdag_operator.py for tasks to queue
[2025-01-19T19:35:16.201+0000] {logging_mixin.py:190} INFO - [2025-01-19T19:35:16.201+0000] {dagbag.py:588} INFO - Filling up the DagBag from /home/airflow/.local/lib/python3.12/site-packages/airflow/example_dags/example_subdag_operator.py
[2025-01-19T19:35:16.215+0000] {processor.py:925} INFO - DAG(s) 'example_subdag_operator.section-1', 'example_subdag_operator.section-2', 'example_subdag_operator' retrieved from /home/airflow/.local/lib/python3.12/site-packages/airflow/example_dags/example_subdag_operator.py
[2025-01-19T19:35:16.224+0000] {logging_mixin.py:190} INFO - [2025-01-19T19:35:16.224+0000] {dag.py:3239} INFO - Sync 3 DAGs
[2025-01-19T19:35:16.237+0000] {logging_mixin.py:190} INFO - [2025-01-19T19:35:16.237+0000] {dag.py:4180} INFO - Setting next_dagrun for example_subdag_operator to 2022-01-01 00:00:00+00:00, run_after=2022-01-01 00:00:00+00:00
[2025-01-19T19:35:16.239+0000] {logging_mixin.py:190} INFO - [2025-01-19T19:35:16.239+0000] {dag.py:4180} INFO - Setting next_dagrun for example_subdag_operator.section-1 to None, run_after=None
[2025-01-19T19:35:16.239+0000] {logging_mixin.py:190} INFO - [2025-01-19T19:35:16.239+0000] {dag.py:4180} INFO - Setting next_dagrun for example_subdag_operator.section-2 to None, run_after=None
[2025-01-19T19:35:16.243+0000] {logging_mixin.py:190} INFO - [2025-01-19T19:35:16.243+0000] {dag.py:3239} INFO - Sync 2 DAGs
[2025-01-19T19:35:16.246+0000] {logging_mixin.py:190} INFO - [2025-01-19T19:35:16.246+0000] {dag.py:4180} INFO - Setting next_dagrun for example_subdag_operator.section-1 to None, run_after=None
[2025-01-19T19:35:16.246+0000] {logging_mixin.py:190} INFO - [2025-01-19T19:35:16.246+0000] {dag.py:4180} INFO - Setting next_dagrun for example_subdag_operator.section-2 to None, run_after=None
[2025-01-19T19:35:16.252+0000] {processor.py:208} INFO - Processing /home/airflow/.local/lib/python3.12/site-packages/airflow/example_dags/example_subdag_operator.py took 0.056 seconds
[2025-01-19T19:35:46.833+0000] {processor.py:186} INFO - Started process (PID=199) to work on /home/airflow/.local/lib/python3.12/site-packages/airflow/example_dags/example_subdag_operator.py
[2025-01-19T19:35:46.834+0000] {processor.py:914} INFO - Processing file /home/airflow/.local/lib/python3.12/site-packages/airflow/example_dags/example_subdag_operator.py for tasks to queue
[2025-01-19T19:35:46.835+0000] {logging_mixin.py:190} INFO - [2025-01-19T19:35:46.835+0000] {dagbag.py:588} INFO - Filling up the DagBag from /home/airflow/.local/lib/python3.12/site-packages/airflow/example_dags/example_subdag_operator.py
[2025-01-19T19:35:46.853+0000] {processor.py:925} INFO - DAG(s) 'example_subdag_operator.section-1', 'example_subdag_operator.section-2', 'example_subdag_operator' retrieved from /home/airflow/.local/lib/python3.12/site-packages/airflow/example_dags/example_subdag_operator.py
[2025-01-19T19:35:46.861+0000] {logging_mixin.py:190} INFO - [2025-01-19T19:35:46.861+0000] {dag.py:3239} INFO - Sync 3 DAGs
[2025-01-19T19:35:46.874+0000] {logging_mixin.py:190} INFO - [2025-01-19T19:35:46.874+0000] {dag.py:4180} INFO - Setting next_dagrun for example_subdag_operator to 2022-01-01 00:00:00+00:00, run_after=2022-01-01 00:00:00+00:00
[2025-01-19T19:35:46.876+0000] {logging_mixin.py:190} INFO - [2025-01-19T19:35:46.876+0000] {dag.py:4180} INFO - Setting next_dagrun for example_subdag_operator.section-1 to None, run_after=None
[2025-01-19T19:35:46.877+0000] {logging_mixin.py:190} INFO - [2025-01-19T19:35:46.877+0000] {dag.py:4180} INFO - Setting next_dagrun for example_subdag_operator.section-2 to None, run_after=None
[2025-01-19T19:35:46.881+0000] {logging_mixin.py:190} INFO - [2025-01-19T19:35:46.881+0000] {dag.py:3239} INFO - Sync 2 DAGs
[2025-01-19T19:35:46.884+0000] {logging_mixin.py:190} INFO - [2025-01-19T19:35:46.883+0000] {dag.py:4180} INFO - Setting next_dagrun for example_subdag_operator.section-1 to None, run_after=None
[2025-01-19T19:35:46.884+0000] {logging_mixin.py:190} INFO - [2025-01-19T19:35:46.884+0000] {dag.py:4180} INFO - Setting next_dagrun for example_subdag_operator.section-2 to None, run_after=None
[2025-01-19T19:35:46.890+0000] {processor.py:208} INFO - Processing /home/airflow/.local/lib/python3.12/site-packages/airflow/example_dags/example_subdag_operator.py took 0.062 seconds
[2025-01-19T19:36:16.913+0000] {processor.py:186} INFO - Started process (PID=263) to work on /home/airflow/.local/lib/python3.12/site-packages/airflow/example_dags/example_subdag_operator.py
[2025-01-19T19:36:16.913+0000] {processor.py:914} INFO - Processing file /home/airflow/.local/lib/python3.12/site-packages/airflow/example_dags/example_subdag_operator.py for tasks to queue
[2025-01-19T19:36:16.915+0000] {logging_mixin.py:190} INFO - [2025-01-19T19:36:16.915+0000] {dagbag.py:588} INFO - Filling up the DagBag from /home/airflow/.local/lib/python3.12/site-packages/airflow/example_dags/example_subdag_operator.py
[2025-01-19T19:36:16.929+0000] {processor.py:925} INFO - DAG(s) 'example_subdag_operator.section-1', 'example_subdag_operator.section-2', 'example_subdag_operator' retrieved from /home/airflow/.local/lib/python3.12/site-packages/airflow/example_dags/example_subdag_operator.py
[2025-01-19T19:36:16.938+0000] {logging_mixin.py:190} INFO - [2025-01-19T19:36:16.938+0000] {dag.py:3239} INFO - Sync 3 DAGs
[2025-01-19T19:36:16.950+0000] {logging_mixin.py:190} INFO - [2025-01-19T19:36:16.950+0000] {dag.py:4180} INFO - Setting next_dagrun for example_subdag_operator to 2022-01-01 00:00:00+00:00, run_after=2022-01-01 00:00:00+00:00
[2025-01-19T19:36:16.953+0000] {logging_mixin.py:190} INFO - [2025-01-19T19:36:16.953+0000] {dag.py:4180} INFO - Setting next_dagrun for example_subdag_operator.section-1 to None, run_after=None
[2025-01-19T19:36:16.954+0000] {logging_mixin.py:190} INFO - [2025-01-19T19:36:16.954+0000] {dag.py:4180} INFO - Setting next_dagrun for example_subdag_operator.section-2 to None, run_after=None
[2025-01-19T19:36:16.957+0000] {logging_mixin.py:190} INFO - [2025-01-19T19:36:16.957+0000] {dag.py:3239} INFO - Sync 2 DAGs
[2025-01-19T19:36:16.960+0000] {logging_mixin.py:190} INFO - [2025-01-19T19:36:16.960+0000] {dag.py:4180} INFO - Setting next_dagrun for example_subdag_operator.section-1 to None, run_after=None
[2025-01-19T19:36:16.960+0000] {logging_mixin.py:190} INFO - [2025-01-19T19:36:16.960+0000] {dag.py:4180} INFO - Setting next_dagrun for example_subdag_operator.section-2 to None, run_after=None
[2025-01-19T19:36:16.966+0000] {processor.py:208} INFO - Processing /home/airflow/.local/lib/python3.12/site-packages/airflow/example_dags/example_subdag_operator.py took 0.057 seconds
[2025-01-19T19:36:47.800+0000] {processor.py:186} INFO - Started process (PID=329) to work on /home/airflow/.local/lib/python3.12/site-packages/airflow/example_dags/example_subdag_operator.py
[2025-01-19T19:36:47.801+0000] {processor.py:914} INFO - Processing file /home/airflow/.local/lib/python3.12/site-packages/airflow/example_dags/example_subdag_operator.py for tasks to queue
[2025-01-19T19:36:47.802+0000] {logging_mixin.py:190} INFO - [2025-01-19T19:36:47.802+0000] {dagbag.py:588} INFO - Filling up the DagBag from /home/airflow/.local/lib/python3.12/site-packages/airflow/example_dags/example_subdag_operator.py
[2025-01-19T19:36:47.817+0000] {processor.py:925} INFO - DAG(s) 'example_subdag_operator.section-1', 'example_subdag_operator.section-2', 'example_subdag_operator' retrieved from /home/airflow/.local/lib/python3.12/site-packages/airflow/example_dags/example_subdag_operator.py
[2025-01-19T19:36:47.825+0000] {logging_mixin.py:190} INFO - [2025-01-19T19:36:47.824+0000] {dag.py:3239} INFO - Sync 3 DAGs
[2025-01-19T19:36:47.837+0000] {logging_mixin.py:190} INFO - [2025-01-19T19:36:47.836+0000] {dag.py:4180} INFO - Setting next_dagrun for example_subdag_operator to 2022-01-01 00:00:00+00:00, run_after=2022-01-01 00:00:00+00:00
[2025-01-19T19:36:47.847+0000] {logging_mixin.py:190} INFO - [2025-01-19T19:36:47.847+0000] {dag.py:4180} INFO - Setting next_dagrun for example_subdag_operator.section-1 to None, run_after=None
[2025-01-19T19:36:47.848+0000] {logging_mixin.py:190} INFO - [2025-01-19T19:36:47.848+0000] {dag.py:4180} INFO - Setting next_dagrun for example_subdag_operator.section-2 to None, run_after=None
[2025-01-19T19:36:47.851+0000] {logging_mixin.py:190} INFO - [2025-01-19T19:36:47.851+0000] {dag.py:3239} INFO - Sync 2 DAGs
[2025-01-19T19:36:47.855+0000] {logging_mixin.py:190} INFO - [2025-01-19T19:36:47.855+0000] {dag.py:4180} INFO - Setting next_dagrun for example_subdag_operator.section-1 to None, run_after=None
[2025-01-19T19:36:47.855+0000] {logging_mixin.py:190} INFO - [2025-01-19T19:36:47.855+0000] {dag.py:4180} INFO - Setting next_dagrun for example_subdag_operator.section-2 to None, run_after=None
[2025-01-19T19:36:47.861+0000] {processor.py:208} INFO - Processing /home/airflow/.local/lib/python3.12/site-packages/airflow/example_dags/example_subdag_operator.py took 0.064 seconds
