[2025-01-19T19:25:22.477+0000] {processor.py:186} INFO - Started process (PID=72) to work on /home/airflow/.local/lib/python3.12/site-packages/airflow/example_dags/example_xcomargs.py
[2025-01-19T19:25:22.478+0000] {processor.py:914} INFO - Processing file /home/airflow/.local/lib/python3.12/site-packages/airflow/example_dags/example_xcomargs.py for tasks to queue
[2025-01-19T19:25:22.479+0000] {logging_mixin.py:190} INFO - [2025-01-19T19:25:22.479+0000] {dagbag.py:588} INFO - Filling up the DagBag from /home/airflow/.local/lib/python3.12/site-packages/airflow/example_dags/example_xcomargs.py
[2025-01-19T19:25:22.513+0000] {processor.py:925} INFO - DAG(s) 'example_xcom_args', 'example_xcom_args_with_operators' retrieved from /home/airflow/.local/lib/python3.12/site-packages/airflow/example_dags/example_xcomargs.py
[2025-01-19T19:25:22.575+0000] {logging_mixin.py:190} INFO - [2025-01-19T19:25:22.574+0000] {override.py:1911} INFO - Created Permission View: can read on DAG:example_xcom_args
[2025-01-19T19:25:22.581+0000] {logging_mixin.py:190} INFO - [2025-01-19T19:25:22.580+0000] {override.py:1911} INFO - Created Permission View: can edit on DAG:example_xcom_args
[2025-01-19T19:25:22.585+0000] {logging_mixin.py:190} INFO - [2025-01-19T19:25:22.585+0000] {override.py:1911} INFO - Created Permission View: can delete on DAG:example_xcom_args
[2025-01-19T19:25:22.591+0000] {logging_mixin.py:190} INFO - [2025-01-19T19:25:22.590+0000] {override.py:1911} INFO - Created Permission View: can read on DAG Run:example_xcom_args
[2025-01-19T19:25:22.595+0000] {logging_mixin.py:190} INFO - [2025-01-19T19:25:22.595+0000] {override.py:1911} INFO - Created Permission View: menu access on DAG Run:example_xcom_args
[2025-01-19T19:25:22.599+0000] {logging_mixin.py:190} INFO - [2025-01-19T19:25:22.599+0000] {override.py:1911} INFO - Created Permission View: can create on DAG Run:example_xcom_args
[2025-01-19T19:25:22.607+0000] {logging_mixin.py:190} INFO - [2025-01-19T19:25:22.607+0000] {override.py:1911} INFO - Created Permission View: can delete on DAG Run:example_xcom_args
[2025-01-19T19:25:22.617+0000] {logging_mixin.py:190} INFO - [2025-01-19T19:25:22.616+0000] {override.py:1911} INFO - Created Permission View: can read on DAG:example_xcom_args_with_operators
[2025-01-19T19:25:22.622+0000] {logging_mixin.py:190} INFO - [2025-01-19T19:25:22.621+0000] {override.py:1911} INFO - Created Permission View: can edit on DAG:example_xcom_args_with_operators
[2025-01-19T19:25:22.627+0000] {logging_mixin.py:190} INFO - [2025-01-19T19:25:22.626+0000] {override.py:1911} INFO - Created Permission View: can delete on DAG:example_xcom_args_with_operators
[2025-01-19T19:25:22.632+0000] {logging_mixin.py:190} INFO - [2025-01-19T19:25:22.632+0000] {override.py:1911} INFO - Created Permission View: can read on DAG Run:example_xcom_args_with_operators
[2025-01-19T19:25:22.637+0000] {logging_mixin.py:190} INFO - [2025-01-19T19:25:22.636+0000] {override.py:1911} INFO - Created Permission View: menu access on DAG Run:example_xcom_args_with_operators
[2025-01-19T19:25:22.641+0000] {logging_mixin.py:190} INFO - [2025-01-19T19:25:22.640+0000] {override.py:1911} INFO - Created Permission View: can create on DAG Run:example_xcom_args_with_operators
[2025-01-19T19:25:22.645+0000] {logging_mixin.py:190} INFO - [2025-01-19T19:25:22.645+0000] {override.py:1911} INFO - Created Permission View: can delete on DAG Run:example_xcom_args_with_operators
[2025-01-19T19:25:22.645+0000] {logging_mixin.py:190} INFO - [2025-01-19T19:25:22.645+0000] {dag.py:3239} INFO - Sync 2 DAGs
[2025-01-19T19:25:22.673+0000] {logging_mixin.py:190} INFO - [2025-01-19T19:25:22.673+0000] {dag.py:3262} INFO - Creating ORM DAG for example_xcom_args
[2025-01-19T19:25:22.674+0000] {logging_mixin.py:190} INFO - [2025-01-19T19:25:22.674+0000] {dag.py:3262} INFO - Creating ORM DAG for example_xcom_args_with_operators
[2025-01-19T19:25:22.675+0000] {logging_mixin.py:190} INFO - [2025-01-19T19:25:22.674+0000] {dag.py:4180} INFO - Setting next_dagrun for example_xcom_args to None, run_after=None
[2025-01-19T19:25:22.675+0000] {logging_mixin.py:190} INFO - [2025-01-19T19:25:22.675+0000] {dag.py:4180} INFO - Setting next_dagrun for example_xcom_args_with_operators to None, run_after=None
[2025-01-19T19:25:22.686+0000] {processor.py:208} INFO - Processing /home/airflow/.local/lib/python3.12/site-packages/airflow/example_dags/example_xcomargs.py took 0.213 seconds
[2025-01-19T19:25:52.911+0000] {processor.py:186} INFO - Started process (PID=136) to work on /home/airflow/.local/lib/python3.12/site-packages/airflow/example_dags/example_xcomargs.py
[2025-01-19T19:25:52.912+0000] {processor.py:914} INFO - Processing file /home/airflow/.local/lib/python3.12/site-packages/airflow/example_dags/example_xcomargs.py for tasks to queue
[2025-01-19T19:25:52.913+0000] {logging_mixin.py:190} INFO - [2025-01-19T19:25:52.913+0000] {dagbag.py:588} INFO - Filling up the DagBag from /home/airflow/.local/lib/python3.12/site-packages/airflow/example_dags/example_xcomargs.py
[2025-01-19T19:25:52.919+0000] {processor.py:925} INFO - DAG(s) 'example_xcom_args_with_operators', 'example_xcom_args' retrieved from /home/airflow/.local/lib/python3.12/site-packages/airflow/example_dags/example_xcomargs.py
[2025-01-19T19:25:52.931+0000] {logging_mixin.py:190} INFO - [2025-01-19T19:25:52.931+0000] {dag.py:3239} INFO - Sync 2 DAGs
[2025-01-19T19:25:52.938+0000] {logging_mixin.py:190} INFO - [2025-01-19T19:25:52.938+0000] {dag.py:4180} INFO - Setting next_dagrun for example_xcom_args to None, run_after=None
[2025-01-19T19:25:52.940+0000] {logging_mixin.py:190} INFO - [2025-01-19T19:25:52.940+0000] {dag.py:4180} INFO - Setting next_dagrun for example_xcom_args_with_operators to None, run_after=None
[2025-01-19T19:25:52.949+0000] {processor.py:208} INFO - Processing /home/airflow/.local/lib/python3.12/site-packages/airflow/example_dags/example_xcomargs.py took 0.041 seconds
[2025-01-19T19:26:23.783+0000] {processor.py:186} INFO - Started process (PID=201) to work on /home/airflow/.local/lib/python3.12/site-packages/airflow/example_dags/example_xcomargs.py
[2025-01-19T19:26:23.784+0000] {processor.py:914} INFO - Processing file /home/airflow/.local/lib/python3.12/site-packages/airflow/example_dags/example_xcomargs.py for tasks to queue
[2025-01-19T19:26:23.785+0000] {logging_mixin.py:190} INFO - [2025-01-19T19:26:23.785+0000] {dagbag.py:588} INFO - Filling up the DagBag from /home/airflow/.local/lib/python3.12/site-packages/airflow/example_dags/example_xcomargs.py
[2025-01-19T19:26:23.791+0000] {processor.py:925} INFO - DAG(s) 'example_xcom_args_with_operators', 'example_xcom_args' retrieved from /home/airflow/.local/lib/python3.12/site-packages/airflow/example_dags/example_xcomargs.py
[2025-01-19T19:26:23.803+0000] {logging_mixin.py:190} INFO - [2025-01-19T19:26:23.802+0000] {dag.py:3239} INFO - Sync 2 DAGs
[2025-01-19T19:26:23.811+0000] {logging_mixin.py:190} INFO - [2025-01-19T19:26:23.811+0000] {dag.py:4180} INFO - Setting next_dagrun for example_xcom_args to None, run_after=None
[2025-01-19T19:26:23.813+0000] {logging_mixin.py:190} INFO - [2025-01-19T19:26:23.813+0000] {dag.py:4180} INFO - Setting next_dagrun for example_xcom_args_with_operators to None, run_after=None
[2025-01-19T19:26:23.829+0000] {processor.py:208} INFO - Processing /home/airflow/.local/lib/python3.12/site-packages/airflow/example_dags/example_xcomargs.py took 0.050 seconds
[2025-01-19T19:26:54.047+0000] {processor.py:186} INFO - Started process (PID=266) to work on /home/airflow/.local/lib/python3.12/site-packages/airflow/example_dags/example_xcomargs.py
[2025-01-19T19:26:54.047+0000] {processor.py:914} INFO - Processing file /home/airflow/.local/lib/python3.12/site-packages/airflow/example_dags/example_xcomargs.py for tasks to queue
[2025-01-19T19:26:54.049+0000] {logging_mixin.py:190} INFO - [2025-01-19T19:26:54.049+0000] {dagbag.py:588} INFO - Filling up the DagBag from /home/airflow/.local/lib/python3.12/site-packages/airflow/example_dags/example_xcomargs.py
[2025-01-19T19:26:54.055+0000] {processor.py:925} INFO - DAG(s) 'example_xcom_args_with_operators', 'example_xcom_args' retrieved from /home/airflow/.local/lib/python3.12/site-packages/airflow/example_dags/example_xcomargs.py
[2025-01-19T19:26:54.067+0000] {logging_mixin.py:190} INFO - [2025-01-19T19:26:54.067+0000] {dag.py:3239} INFO - Sync 2 DAGs
[2025-01-19T19:26:54.076+0000] {logging_mixin.py:190} INFO - [2025-01-19T19:26:54.076+0000] {dag.py:4180} INFO - Setting next_dagrun for example_xcom_args to None, run_after=None
[2025-01-19T19:26:54.078+0000] {logging_mixin.py:190} INFO - [2025-01-19T19:26:54.078+0000] {dag.py:4180} INFO - Setting next_dagrun for example_xcom_args_with_operators to None, run_after=None
[2025-01-19T19:26:54.088+0000] {processor.py:208} INFO - Processing /home/airflow/.local/lib/python3.12/site-packages/airflow/example_dags/example_xcomargs.py took 0.044 seconds
[2025-01-19T19:27:24.331+0000] {processor.py:186} INFO - Started process (PID=330) to work on /home/airflow/.local/lib/python3.12/site-packages/airflow/example_dags/example_xcomargs.py
[2025-01-19T19:27:24.331+0000] {processor.py:914} INFO - Processing file /home/airflow/.local/lib/python3.12/site-packages/airflow/example_dags/example_xcomargs.py for tasks to queue
[2025-01-19T19:27:24.333+0000] {logging_mixin.py:190} INFO - [2025-01-19T19:27:24.333+0000] {dagbag.py:588} INFO - Filling up the DagBag from /home/airflow/.local/lib/python3.12/site-packages/airflow/example_dags/example_xcomargs.py
[2025-01-19T19:27:24.340+0000] {processor.py:925} INFO - DAG(s) 'example_xcom_args_with_operators', 'example_xcom_args' retrieved from /home/airflow/.local/lib/python3.12/site-packages/airflow/example_dags/example_xcomargs.py
[2025-01-19T19:27:24.353+0000] {logging_mixin.py:190} INFO - [2025-01-19T19:27:24.353+0000] {dag.py:3239} INFO - Sync 2 DAGs
[2025-01-19T19:27:24.362+0000] {logging_mixin.py:190} INFO - [2025-01-19T19:27:24.362+0000] {dag.py:4180} INFO - Setting next_dagrun for example_xcom_args to None, run_after=None
[2025-01-19T19:27:24.365+0000] {logging_mixin.py:190} INFO - [2025-01-19T19:27:24.365+0000] {dag.py:4180} INFO - Setting next_dagrun for example_xcom_args_with_operators to None, run_after=None
[2025-01-19T19:27:24.374+0000] {processor.py:208} INFO - Processing /home/airflow/.local/lib/python3.12/site-packages/airflow/example_dags/example_xcomargs.py took 0.047 seconds
[2025-01-19T19:27:54.674+0000] {processor.py:186} INFO - Started process (PID=395) to work on /home/airflow/.local/lib/python3.12/site-packages/airflow/example_dags/example_xcomargs.py
[2025-01-19T19:27:54.678+0000] {processor.py:914} INFO - Processing file /home/airflow/.local/lib/python3.12/site-packages/airflow/example_dags/example_xcomargs.py for tasks to queue
[2025-01-19T19:27:54.680+0000] {logging_mixin.py:190} INFO - [2025-01-19T19:27:54.679+0000] {dagbag.py:588} INFO - Filling up the DagBag from /home/airflow/.local/lib/python3.12/site-packages/airflow/example_dags/example_xcomargs.py
[2025-01-19T19:27:54.686+0000] {processor.py:925} INFO - DAG(s) 'example_xcom_args', 'example_xcom_args_with_operators' retrieved from /home/airflow/.local/lib/python3.12/site-packages/airflow/example_dags/example_xcomargs.py
[2025-01-19T19:27:54.699+0000] {logging_mixin.py:190} INFO - [2025-01-19T19:27:54.699+0000] {dag.py:3239} INFO - Sync 2 DAGs
[2025-01-19T19:27:54.707+0000] {logging_mixin.py:190} INFO - [2025-01-19T19:27:54.707+0000] {dag.py:4180} INFO - Setting next_dagrun for example_xcom_args to None, run_after=None
[2025-01-19T19:27:54.709+0000] {logging_mixin.py:190} INFO - [2025-01-19T19:27:54.709+0000] {dag.py:4180} INFO - Setting next_dagrun for example_xcom_args_with_operators to None, run_after=None
[2025-01-19T19:27:54.718+0000] {processor.py:208} INFO - Processing /home/airflow/.local/lib/python3.12/site-packages/airflow/example_dags/example_xcomargs.py took 0.048 seconds
[2025-01-19T19:28:25.654+0000] {processor.py:186} INFO - Started process (PID=460) to work on /home/airflow/.local/lib/python3.12/site-packages/airflow/example_dags/example_xcomargs.py
[2025-01-19T19:28:25.658+0000] {processor.py:914} INFO - Processing file /home/airflow/.local/lib/python3.12/site-packages/airflow/example_dags/example_xcomargs.py for tasks to queue
[2025-01-19T19:28:25.664+0000] {logging_mixin.py:190} INFO - [2025-01-19T19:28:25.663+0000] {dagbag.py:588} INFO - Filling up the DagBag from /home/airflow/.local/lib/python3.12/site-packages/airflow/example_dags/example_xcomargs.py
[2025-01-19T19:28:25.671+0000] {processor.py:925} INFO - DAG(s) 'example_xcom_args', 'example_xcom_args_with_operators' retrieved from /home/airflow/.local/lib/python3.12/site-packages/airflow/example_dags/example_xcomargs.py
[2025-01-19T19:28:25.684+0000] {logging_mixin.py:190} INFO - [2025-01-19T19:28:25.684+0000] {dag.py:3239} INFO - Sync 2 DAGs
[2025-01-19T19:28:25.692+0000] {logging_mixin.py:190} INFO - [2025-01-19T19:28:25.692+0000] {dag.py:4180} INFO - Setting next_dagrun for example_xcom_args to None, run_after=None
[2025-01-19T19:28:25.695+0000] {logging_mixin.py:190} INFO - [2025-01-19T19:28:25.694+0000] {dag.py:4180} INFO - Setting next_dagrun for example_xcom_args_with_operators to None, run_after=None
[2025-01-19T19:28:25.703+0000] {processor.py:208} INFO - Processing /home/airflow/.local/lib/python3.12/site-packages/airflow/example_dags/example_xcomargs.py took 0.053 seconds
[2025-01-19T19:28:55.767+0000] {processor.py:186} INFO - Started process (PID=525) to work on /home/airflow/.local/lib/python3.12/site-packages/airflow/example_dags/example_xcomargs.py
[2025-01-19T19:28:55.767+0000] {processor.py:914} INFO - Processing file /home/airflow/.local/lib/python3.12/site-packages/airflow/example_dags/example_xcomargs.py for tasks to queue
[2025-01-19T19:28:55.769+0000] {logging_mixin.py:190} INFO - [2025-01-19T19:28:55.769+0000] {dagbag.py:588} INFO - Filling up the DagBag from /home/airflow/.local/lib/python3.12/site-packages/airflow/example_dags/example_xcomargs.py
[2025-01-19T19:28:55.775+0000] {processor.py:925} INFO - DAG(s) 'example_xcom_args', 'example_xcom_args_with_operators' retrieved from /home/airflow/.local/lib/python3.12/site-packages/airflow/example_dags/example_xcomargs.py
[2025-01-19T19:28:55.786+0000] {logging_mixin.py:190} INFO - [2025-01-19T19:28:55.786+0000] {dag.py:3239} INFO - Sync 2 DAGs
[2025-01-19T19:28:55.794+0000] {logging_mixin.py:190} INFO - [2025-01-19T19:28:55.794+0000] {dag.py:4180} INFO - Setting next_dagrun for example_xcom_args to None, run_after=None
[2025-01-19T19:28:55.796+0000] {logging_mixin.py:190} INFO - [2025-01-19T19:28:55.796+0000] {dag.py:4180} INFO - Setting next_dagrun for example_xcom_args_with_operators to None, run_after=None
[2025-01-19T19:28:55.805+0000] {processor.py:208} INFO - Processing /home/airflow/.local/lib/python3.12/site-packages/airflow/example_dags/example_xcomargs.py took 0.042 seconds
[2025-01-19T19:29:25.998+0000] {processor.py:186} INFO - Started process (PID=590) to work on /home/airflow/.local/lib/python3.12/site-packages/airflow/example_dags/example_xcomargs.py
[2025-01-19T19:29:25.999+0000] {processor.py:914} INFO - Processing file /home/airflow/.local/lib/python3.12/site-packages/airflow/example_dags/example_xcomargs.py for tasks to queue
[2025-01-19T19:29:26.000+0000] {logging_mixin.py:190} INFO - [2025-01-19T19:29:26.000+0000] {dagbag.py:588} INFO - Filling up the DagBag from /home/airflow/.local/lib/python3.12/site-packages/airflow/example_dags/example_xcomargs.py
[2025-01-19T19:29:26.006+0000] {processor.py:925} INFO - DAG(s) 'example_xcom_args', 'example_xcom_args_with_operators' retrieved from /home/airflow/.local/lib/python3.12/site-packages/airflow/example_dags/example_xcomargs.py
[2025-01-19T19:29:26.019+0000] {logging_mixin.py:190} INFO - [2025-01-19T19:29:26.019+0000] {dag.py:3239} INFO - Sync 2 DAGs
[2025-01-19T19:29:26.029+0000] {logging_mixin.py:190} INFO - [2025-01-19T19:29:26.028+0000] {dag.py:4180} INFO - Setting next_dagrun for example_xcom_args to None, run_after=None
[2025-01-19T19:29:26.031+0000] {logging_mixin.py:190} INFO - [2025-01-19T19:29:26.031+0000] {dag.py:4180} INFO - Setting next_dagrun for example_xcom_args_with_operators to None, run_after=None
[2025-01-19T19:29:26.041+0000] {processor.py:208} INFO - Processing /home/airflow/.local/lib/python3.12/site-packages/airflow/example_dags/example_xcomargs.py took 0.047 seconds
[2025-01-19T19:29:57.044+0000] {processor.py:186} INFO - Started process (PID=655) to work on /home/airflow/.local/lib/python3.12/site-packages/airflow/example_dags/example_xcomargs.py
[2025-01-19T19:29:57.045+0000] {processor.py:914} INFO - Processing file /home/airflow/.local/lib/python3.12/site-packages/airflow/example_dags/example_xcomargs.py for tasks to queue
[2025-01-19T19:29:57.046+0000] {logging_mixin.py:190} INFO - [2025-01-19T19:29:57.046+0000] {dagbag.py:588} INFO - Filling up the DagBag from /home/airflow/.local/lib/python3.12/site-packages/airflow/example_dags/example_xcomargs.py
[2025-01-19T19:29:57.052+0000] {processor.py:925} INFO - DAG(s) 'example_xcom_args', 'example_xcom_args_with_operators' retrieved from /home/airflow/.local/lib/python3.12/site-packages/airflow/example_dags/example_xcomargs.py
[2025-01-19T19:29:57.065+0000] {logging_mixin.py:190} INFO - [2025-01-19T19:29:57.065+0000] {dag.py:3239} INFO - Sync 2 DAGs
[2025-01-19T19:29:57.073+0000] {logging_mixin.py:190} INFO - [2025-01-19T19:29:57.073+0000] {dag.py:4180} INFO - Setting next_dagrun for example_xcom_args to None, run_after=None
[2025-01-19T19:29:57.076+0000] {logging_mixin.py:190} INFO - [2025-01-19T19:29:57.076+0000] {dag.py:4180} INFO - Setting next_dagrun for example_xcom_args_with_operators to None, run_after=None
[2025-01-19T19:29:57.086+0000] {processor.py:208} INFO - Processing /home/airflow/.local/lib/python3.12/site-packages/airflow/example_dags/example_xcomargs.py took 0.045 seconds
[2025-01-19T19:30:27.286+0000] {processor.py:186} INFO - Started process (PID=720) to work on /home/airflow/.local/lib/python3.12/site-packages/airflow/example_dags/example_xcomargs.py
[2025-01-19T19:30:27.287+0000] {processor.py:914} INFO - Processing file /home/airflow/.local/lib/python3.12/site-packages/airflow/example_dags/example_xcomargs.py for tasks to queue
[2025-01-19T19:30:27.288+0000] {logging_mixin.py:190} INFO - [2025-01-19T19:30:27.288+0000] {dagbag.py:588} INFO - Filling up the DagBag from /home/airflow/.local/lib/python3.12/site-packages/airflow/example_dags/example_xcomargs.py
[2025-01-19T19:30:27.294+0000] {processor.py:925} INFO - DAG(s) 'example_xcom_args', 'example_xcom_args_with_operators' retrieved from /home/airflow/.local/lib/python3.12/site-packages/airflow/example_dags/example_xcomargs.py
[2025-01-19T19:30:27.306+0000] {logging_mixin.py:190} INFO - [2025-01-19T19:30:27.306+0000] {dag.py:3239} INFO - Sync 2 DAGs
[2025-01-19T19:30:27.314+0000] {logging_mixin.py:190} INFO - [2025-01-19T19:30:27.313+0000] {dag.py:4180} INFO - Setting next_dagrun for example_xcom_args to None, run_after=None
[2025-01-19T19:30:27.316+0000] {logging_mixin.py:190} INFO - [2025-01-19T19:30:27.316+0000] {dag.py:4180} INFO - Setting next_dagrun for example_xcom_args_with_operators to None, run_after=None
[2025-01-19T19:30:27.325+0000] {processor.py:208} INFO - Processing /home/airflow/.local/lib/python3.12/site-packages/airflow/example_dags/example_xcomargs.py took 0.042 seconds
[2025-01-19T19:30:57.947+0000] {processor.py:186} INFO - Started process (PID=785) to work on /home/airflow/.local/lib/python3.12/site-packages/airflow/example_dags/example_xcomargs.py
[2025-01-19T19:30:57.947+0000] {processor.py:914} INFO - Processing file /home/airflow/.local/lib/python3.12/site-packages/airflow/example_dags/example_xcomargs.py for tasks to queue
[2025-01-19T19:30:57.949+0000] {logging_mixin.py:190} INFO - [2025-01-19T19:30:57.949+0000] {dagbag.py:588} INFO - Filling up the DagBag from /home/airflow/.local/lib/python3.12/site-packages/airflow/example_dags/example_xcomargs.py
[2025-01-19T19:30:57.955+0000] {processor.py:925} INFO - DAG(s) 'example_xcom_args', 'example_xcom_args_with_operators' retrieved from /home/airflow/.local/lib/python3.12/site-packages/airflow/example_dags/example_xcomargs.py
[2025-01-19T19:30:57.967+0000] {logging_mixin.py:190} INFO - [2025-01-19T19:30:57.966+0000] {dag.py:3239} INFO - Sync 2 DAGs
[2025-01-19T19:30:57.975+0000] {logging_mixin.py:190} INFO - [2025-01-19T19:30:57.974+0000] {dag.py:4180} INFO - Setting next_dagrun for example_xcom_args to None, run_after=None
[2025-01-19T19:30:57.977+0000] {logging_mixin.py:190} INFO - [2025-01-19T19:30:57.976+0000] {dag.py:4180} INFO - Setting next_dagrun for example_xcom_args_with_operators to None, run_after=None
[2025-01-19T19:30:57.985+0000] {processor.py:208} INFO - Processing /home/airflow/.local/lib/python3.12/site-packages/airflow/example_dags/example_xcomargs.py took 0.042 seconds
[2025-01-19T19:31:28.310+0000] {processor.py:186} INFO - Started process (PID=850) to work on /home/airflow/.local/lib/python3.12/site-packages/airflow/example_dags/example_xcomargs.py
[2025-01-19T19:31:28.311+0000] {processor.py:914} INFO - Processing file /home/airflow/.local/lib/python3.12/site-packages/airflow/example_dags/example_xcomargs.py for tasks to queue
[2025-01-19T19:31:28.313+0000] {logging_mixin.py:190} INFO - [2025-01-19T19:31:28.312+0000] {dagbag.py:588} INFO - Filling up the DagBag from /home/airflow/.local/lib/python3.12/site-packages/airflow/example_dags/example_xcomargs.py
[2025-01-19T19:31:28.318+0000] {processor.py:925} INFO - DAG(s) 'example_xcom_args_with_operators', 'example_xcom_args' retrieved from /home/airflow/.local/lib/python3.12/site-packages/airflow/example_dags/example_xcomargs.py
[2025-01-19T19:31:28.331+0000] {logging_mixin.py:190} INFO - [2025-01-19T19:31:28.331+0000] {dag.py:3239} INFO - Sync 2 DAGs
[2025-01-19T19:31:28.339+0000] {logging_mixin.py:190} INFO - [2025-01-19T19:31:28.339+0000] {dag.py:4180} INFO - Setting next_dagrun for example_xcom_args to None, run_after=None
[2025-01-19T19:31:28.341+0000] {logging_mixin.py:190} INFO - [2025-01-19T19:31:28.341+0000] {dag.py:4180} INFO - Setting next_dagrun for example_xcom_args_with_operators to None, run_after=None
[2025-01-19T19:31:28.351+0000] {processor.py:208} INFO - Processing /home/airflow/.local/lib/python3.12/site-packages/airflow/example_dags/example_xcomargs.py took 0.044 seconds
[2025-01-19T19:31:59.196+0000] {processor.py:186} INFO - Started process (PID=915) to work on /home/airflow/.local/lib/python3.12/site-packages/airflow/example_dags/example_xcomargs.py
[2025-01-19T19:31:59.197+0000] {processor.py:914} INFO - Processing file /home/airflow/.local/lib/python3.12/site-packages/airflow/example_dags/example_xcomargs.py for tasks to queue
[2025-01-19T19:31:59.199+0000] {logging_mixin.py:190} INFO - [2025-01-19T19:31:59.198+0000] {dagbag.py:588} INFO - Filling up the DagBag from /home/airflow/.local/lib/python3.12/site-packages/airflow/example_dags/example_xcomargs.py
[2025-01-19T19:31:59.205+0000] {processor.py:925} INFO - DAG(s) 'example_xcom_args', 'example_xcom_args_with_operators' retrieved from /home/airflow/.local/lib/python3.12/site-packages/airflow/example_dags/example_xcomargs.py
[2025-01-19T19:31:59.218+0000] {logging_mixin.py:190} INFO - [2025-01-19T19:31:59.218+0000] {dag.py:3239} INFO - Sync 2 DAGs
[2025-01-19T19:31:59.229+0000] {logging_mixin.py:190} INFO - [2025-01-19T19:31:59.229+0000] {dag.py:4180} INFO - Setting next_dagrun for example_xcom_args to None, run_after=None
[2025-01-19T19:31:59.232+0000] {logging_mixin.py:190} INFO - [2025-01-19T19:31:59.231+0000] {dag.py:4180} INFO - Setting next_dagrun for example_xcom_args_with_operators to None, run_after=None
[2025-01-19T19:31:59.241+0000] {processor.py:208} INFO - Processing /home/airflow/.local/lib/python3.12/site-packages/airflow/example_dags/example_xcomargs.py took 0.048 seconds
[2025-01-19T19:32:29.965+0000] {processor.py:186} INFO - Started process (PID=980) to work on /home/airflow/.local/lib/python3.12/site-packages/airflow/example_dags/example_xcomargs.py
[2025-01-19T19:32:29.965+0000] {processor.py:914} INFO - Processing file /home/airflow/.local/lib/python3.12/site-packages/airflow/example_dags/example_xcomargs.py for tasks to queue
[2025-01-19T19:32:29.967+0000] {logging_mixin.py:190} INFO - [2025-01-19T19:32:29.967+0000] {dagbag.py:588} INFO - Filling up the DagBag from /home/airflow/.local/lib/python3.12/site-packages/airflow/example_dags/example_xcomargs.py
[2025-01-19T19:32:29.973+0000] {processor.py:925} INFO - DAG(s) 'example_xcom_args', 'example_xcom_args_with_operators' retrieved from /home/airflow/.local/lib/python3.12/site-packages/airflow/example_dags/example_xcomargs.py
[2025-01-19T19:32:29.988+0000] {logging_mixin.py:190} INFO - [2025-01-19T19:32:29.988+0000] {dag.py:3239} INFO - Sync 2 DAGs
[2025-01-19T19:32:29.997+0000] {logging_mixin.py:190} INFO - [2025-01-19T19:32:29.997+0000] {dag.py:4180} INFO - Setting next_dagrun for example_xcom_args to None, run_after=None
[2025-01-19T19:32:29.999+0000] {logging_mixin.py:190} INFO - [2025-01-19T19:32:29.999+0000] {dag.py:4180} INFO - Setting next_dagrun for example_xcom_args_with_operators to None, run_after=None
[2025-01-19T19:32:30.008+0000] {processor.py:208} INFO - Processing /home/airflow/.local/lib/python3.12/site-packages/airflow/example_dags/example_xcomargs.py took 0.047 seconds
[2025-01-19T19:33:00.515+0000] {processor.py:186} INFO - Started process (PID=1045) to work on /home/airflow/.local/lib/python3.12/site-packages/airflow/example_dags/example_xcomargs.py
[2025-01-19T19:33:00.516+0000] {processor.py:914} INFO - Processing file /home/airflow/.local/lib/python3.12/site-packages/airflow/example_dags/example_xcomargs.py for tasks to queue
[2025-01-19T19:33:00.518+0000] {logging_mixin.py:190} INFO - [2025-01-19T19:33:00.517+0000] {dagbag.py:588} INFO - Filling up the DagBag from /home/airflow/.local/lib/python3.12/site-packages/airflow/example_dags/example_xcomargs.py
[2025-01-19T19:33:00.524+0000] {processor.py:925} INFO - DAG(s) 'example_xcom_args_with_operators', 'example_xcom_args' retrieved from /home/airflow/.local/lib/python3.12/site-packages/airflow/example_dags/example_xcomargs.py
[2025-01-19T19:33:00.536+0000] {logging_mixin.py:190} INFO - [2025-01-19T19:33:00.536+0000] {dag.py:3239} INFO - Sync 2 DAGs
[2025-01-19T19:33:00.544+0000] {logging_mixin.py:190} INFO - [2025-01-19T19:33:00.544+0000] {dag.py:4180} INFO - Setting next_dagrun for example_xcom_args to None, run_after=None
[2025-01-19T19:33:00.546+0000] {logging_mixin.py:190} INFO - [2025-01-19T19:33:00.546+0000] {dag.py:4180} INFO - Setting next_dagrun for example_xcom_args_with_operators to None, run_after=None
[2025-01-19T19:33:00.555+0000] {processor.py:208} INFO - Processing /home/airflow/.local/lib/python3.12/site-packages/airflow/example_dags/example_xcomargs.py took 0.043 seconds
[2025-01-19T19:33:31.659+0000] {processor.py:186} INFO - Started process (PID=1110) to work on /home/airflow/.local/lib/python3.12/site-packages/airflow/example_dags/example_xcomargs.py
[2025-01-19T19:33:31.659+0000] {processor.py:914} INFO - Processing file /home/airflow/.local/lib/python3.12/site-packages/airflow/example_dags/example_xcomargs.py for tasks to queue
[2025-01-19T19:33:31.661+0000] {logging_mixin.py:190} INFO - [2025-01-19T19:33:31.661+0000] {dagbag.py:588} INFO - Filling up the DagBag from /home/airflow/.local/lib/python3.12/site-packages/airflow/example_dags/example_xcomargs.py
[2025-01-19T19:33:31.668+0000] {processor.py:925} INFO - DAG(s) 'example_xcom_args_with_operators', 'example_xcom_args' retrieved from /home/airflow/.local/lib/python3.12/site-packages/airflow/example_dags/example_xcomargs.py
[2025-01-19T19:33:31.682+0000] {logging_mixin.py:190} INFO - [2025-01-19T19:33:31.682+0000] {dag.py:3239} INFO - Sync 2 DAGs
[2025-01-19T19:33:31.691+0000] {logging_mixin.py:190} INFO - [2025-01-19T19:33:31.691+0000] {dag.py:4180} INFO - Setting next_dagrun for example_xcom_args to None, run_after=None
[2025-01-19T19:33:31.694+0000] {logging_mixin.py:190} INFO - [2025-01-19T19:33:31.694+0000] {dag.py:4180} INFO - Setting next_dagrun for example_xcom_args_with_operators to None, run_after=None
[2025-01-19T19:33:31.705+0000] {processor.py:208} INFO - Processing /home/airflow/.local/lib/python3.12/site-packages/airflow/example_dags/example_xcomargs.py took 0.050 seconds
[2025-01-19T19:34:46.271+0000] {processor.py:186} INFO - Started process (PID=72) to work on /home/airflow/.local/lib/python3.12/site-packages/airflow/example_dags/example_xcomargs.py
[2025-01-19T19:34:46.272+0000] {processor.py:914} INFO - Processing file /home/airflow/.local/lib/python3.12/site-packages/airflow/example_dags/example_xcomargs.py for tasks to queue
[2025-01-19T19:34:46.273+0000] {logging_mixin.py:190} INFO - [2025-01-19T19:34:46.273+0000] {dagbag.py:588} INFO - Filling up the DagBag from /home/airflow/.local/lib/python3.12/site-packages/airflow/example_dags/example_xcomargs.py
[2025-01-19T19:34:46.279+0000] {processor.py:925} INFO - DAG(s) 'example_xcom_args_with_operators', 'example_xcom_args' retrieved from /home/airflow/.local/lib/python3.12/site-packages/airflow/example_dags/example_xcomargs.py
[2025-01-19T19:34:46.298+0000] {logging_mixin.py:190} INFO - [2025-01-19T19:34:46.298+0000] {dag.py:3239} INFO - Sync 2 DAGs
[2025-01-19T19:34:46.306+0000] {logging_mixin.py:190} INFO - [2025-01-19T19:34:46.306+0000] {dag.py:4180} INFO - Setting next_dagrun for example_xcom_args to None, run_after=None
[2025-01-19T19:34:46.308+0000] {logging_mixin.py:190} INFO - [2025-01-19T19:34:46.308+0000] {dag.py:4180} INFO - Setting next_dagrun for example_xcom_args_with_operators to None, run_after=None
[2025-01-19T19:34:46.318+0000] {processor.py:208} INFO - Processing /home/airflow/.local/lib/python3.12/site-packages/airflow/example_dags/example_xcomargs.py took 0.050 seconds
[2025-01-19T19:35:16.405+0000] {processor.py:186} INFO - Started process (PID=136) to work on /home/airflow/.local/lib/python3.12/site-packages/airflow/example_dags/example_xcomargs.py
[2025-01-19T19:35:16.405+0000] {processor.py:914} INFO - Processing file /home/airflow/.local/lib/python3.12/site-packages/airflow/example_dags/example_xcomargs.py for tasks to queue
[2025-01-19T19:35:16.407+0000] {logging_mixin.py:190} INFO - [2025-01-19T19:35:16.407+0000] {dagbag.py:588} INFO - Filling up the DagBag from /home/airflow/.local/lib/python3.12/site-packages/airflow/example_dags/example_xcomargs.py
[2025-01-19T19:35:16.413+0000] {processor.py:925} INFO - DAG(s) 'example_xcom_args_with_operators', 'example_xcom_args' retrieved from /home/airflow/.local/lib/python3.12/site-packages/airflow/example_dags/example_xcomargs.py
[2025-01-19T19:35:16.427+0000] {logging_mixin.py:190} INFO - [2025-01-19T19:35:16.427+0000] {dag.py:3239} INFO - Sync 2 DAGs
[2025-01-19T19:35:16.436+0000] {logging_mixin.py:190} INFO - [2025-01-19T19:35:16.436+0000] {dag.py:4180} INFO - Setting next_dagrun for example_xcom_args to None, run_after=None
[2025-01-19T19:35:16.438+0000] {logging_mixin.py:190} INFO - [2025-01-19T19:35:16.438+0000] {dag.py:4180} INFO - Setting next_dagrun for example_xcom_args_with_operators to None, run_after=None
[2025-01-19T19:35:16.448+0000] {processor.py:208} INFO - Processing /home/airflow/.local/lib/python3.12/site-packages/airflow/example_dags/example_xcomargs.py took 0.047 seconds
[2025-01-19T19:35:47.053+0000] {processor.py:186} INFO - Started process (PID=202) to work on /home/airflow/.local/lib/python3.12/site-packages/airflow/example_dags/example_xcomargs.py
[2025-01-19T19:35:47.054+0000] {processor.py:914} INFO - Processing file /home/airflow/.local/lib/python3.12/site-packages/airflow/example_dags/example_xcomargs.py for tasks to queue
[2025-01-19T19:35:47.055+0000] {logging_mixin.py:190} INFO - [2025-01-19T19:35:47.055+0000] {dagbag.py:588} INFO - Filling up the DagBag from /home/airflow/.local/lib/python3.12/site-packages/airflow/example_dags/example_xcomargs.py
[2025-01-19T19:35:47.061+0000] {processor.py:925} INFO - DAG(s) 'example_xcom_args_with_operators', 'example_xcom_args' retrieved from /home/airflow/.local/lib/python3.12/site-packages/airflow/example_dags/example_xcomargs.py
[2025-01-19T19:35:47.074+0000] {logging_mixin.py:190} INFO - [2025-01-19T19:35:47.074+0000] {dag.py:3239} INFO - Sync 2 DAGs
[2025-01-19T19:35:47.082+0000] {logging_mixin.py:190} INFO - [2025-01-19T19:35:47.082+0000] {dag.py:4180} INFO - Setting next_dagrun for example_xcom_args to None, run_after=None
[2025-01-19T19:35:47.084+0000] {logging_mixin.py:190} INFO - [2025-01-19T19:35:47.084+0000] {dag.py:4180} INFO - Setting next_dagrun for example_xcom_args_with_operators to None, run_after=None
[2025-01-19T19:35:47.093+0000] {processor.py:208} INFO - Processing /home/airflow/.local/lib/python3.12/site-packages/airflow/example_dags/example_xcomargs.py took 0.043 seconds
[2025-01-19T19:36:17.136+0000] {processor.py:186} INFO - Started process (PID=267) to work on /home/airflow/.local/lib/python3.12/site-packages/airflow/example_dags/example_xcomargs.py
[2025-01-19T19:36:17.136+0000] {processor.py:914} INFO - Processing file /home/airflow/.local/lib/python3.12/site-packages/airflow/example_dags/example_xcomargs.py for tasks to queue
[2025-01-19T19:36:17.137+0000] {logging_mixin.py:190} INFO - [2025-01-19T19:36:17.137+0000] {dagbag.py:588} INFO - Filling up the DagBag from /home/airflow/.local/lib/python3.12/site-packages/airflow/example_dags/example_xcomargs.py
[2025-01-19T19:36:17.143+0000] {processor.py:925} INFO - DAG(s) 'example_xcom_args', 'example_xcom_args_with_operators' retrieved from /home/airflow/.local/lib/python3.12/site-packages/airflow/example_dags/example_xcomargs.py
[2025-01-19T19:36:17.156+0000] {logging_mixin.py:190} INFO - [2025-01-19T19:36:17.155+0000] {dag.py:3239} INFO - Sync 2 DAGs
[2025-01-19T19:36:17.163+0000] {logging_mixin.py:190} INFO - [2025-01-19T19:36:17.163+0000] {dag.py:4180} INFO - Setting next_dagrun for example_xcom_args to None, run_after=None
[2025-01-19T19:36:17.166+0000] {logging_mixin.py:190} INFO - [2025-01-19T19:36:17.165+0000] {dag.py:4180} INFO - Setting next_dagrun for example_xcom_args_with_operators to None, run_after=None
[2025-01-19T19:36:17.175+0000] {processor.py:208} INFO - Processing /home/airflow/.local/lib/python3.12/site-packages/airflow/example_dags/example_xcomargs.py took 0.043 seconds
[2025-01-19T19:36:47.878+0000] {processor.py:186} INFO - Started process (PID=332) to work on /home/airflow/.local/lib/python3.12/site-packages/airflow/example_dags/example_xcomargs.py
[2025-01-19T19:36:47.879+0000] {processor.py:914} INFO - Processing file /home/airflow/.local/lib/python3.12/site-packages/airflow/example_dags/example_xcomargs.py for tasks to queue
[2025-01-19T19:36:47.881+0000] {logging_mixin.py:190} INFO - [2025-01-19T19:36:47.880+0000] {dagbag.py:588} INFO - Filling up the DagBag from /home/airflow/.local/lib/python3.12/site-packages/airflow/example_dags/example_xcomargs.py
[2025-01-19T19:36:47.886+0000] {processor.py:925} INFO - DAG(s) 'example_xcom_args', 'example_xcom_args_with_operators' retrieved from /home/airflow/.local/lib/python3.12/site-packages/airflow/example_dags/example_xcomargs.py
[2025-01-19T19:36:47.898+0000] {logging_mixin.py:190} INFO - [2025-01-19T19:36:47.898+0000] {dag.py:3239} INFO - Sync 2 DAGs
[2025-01-19T19:36:47.906+0000] {logging_mixin.py:190} INFO - [2025-01-19T19:36:47.906+0000] {dag.py:4180} INFO - Setting next_dagrun for example_xcom_args to None, run_after=None
[2025-01-19T19:36:47.908+0000] {logging_mixin.py:190} INFO - [2025-01-19T19:36:47.908+0000] {dag.py:4180} INFO - Setting next_dagrun for example_xcom_args_with_operators to None, run_after=None
[2025-01-19T19:36:47.918+0000] {processor.py:208} INFO - Processing /home/airflow/.local/lib/python3.12/site-packages/airflow/example_dags/example_xcomargs.py took 0.043 seconds
