[2025-01-19T19:25:24.790+0000] {processor.py:186} INFO - Started process (PID=83) to work on /home/airflow/.local/lib/python3.12/site-packages/airflow/example_dags/example_inlet_event_extra.py
[2025-01-19T19:25:24.791+0000] {processor.py:914} INFO - Processing file /home/airflow/.local/lib/python3.12/site-packages/airflow/example_dags/example_inlet_event_extra.py for tasks to queue
[2025-01-19T19:25:24.792+0000] {logging_mixin.py:190} INFO - [2025-01-19T19:25:24.792+0000] {dagbag.py:588} INFO - Filling up the DagBag from /home/airflow/.local/lib/python3.12/site-packages/airflow/example_dags/example_inlet_event_extra.py
[2025-01-19T19:25:25.167+0000] {processor.py:925} INFO - DAG(s) 'read_dataset_event', 'read_dataset_event_from_classic' retrieved from /home/airflow/.local/lib/python3.12/site-packages/airflow/example_dags/example_inlet_event_extra.py
[2025-01-19T19:25:25.219+0000] {logging_mixin.py:190} INFO - [2025-01-19T19:25:25.219+0000] {override.py:1911} INFO - Created Permission View: can read on DAG:read_dataset_event
[2025-01-19T19:25:25.225+0000] {logging_mixin.py:190} INFO - [2025-01-19T19:25:25.225+0000] {override.py:1911} INFO - Created Permission View: can edit on DAG:read_dataset_event
[2025-01-19T19:25:25.229+0000] {logging_mixin.py:190} INFO - [2025-01-19T19:25:25.229+0000] {override.py:1911} INFO - Created Permission View: can delete on DAG:read_dataset_event
[2025-01-19T19:25:25.234+0000] {logging_mixin.py:190} INFO - [2025-01-19T19:25:25.233+0000] {override.py:1911} INFO - Created Permission View: can read on DAG Run:read_dataset_event
[2025-01-19T19:25:25.237+0000] {logging_mixin.py:190} INFO - [2025-01-19T19:25:25.237+0000] {override.py:1911} INFO - Created Permission View: menu access on DAG Run:read_dataset_event
[2025-01-19T19:25:25.242+0000] {logging_mixin.py:190} INFO - [2025-01-19T19:25:25.241+0000] {override.py:1911} INFO - Created Permission View: can create on DAG Run:read_dataset_event
[2025-01-19T19:25:25.245+0000] {logging_mixin.py:190} INFO - [2025-01-19T19:25:25.245+0000] {override.py:1911} INFO - Created Permission View: can delete on DAG Run:read_dataset_event
[2025-01-19T19:25:25.253+0000] {logging_mixin.py:190} INFO - [2025-01-19T19:25:25.253+0000] {override.py:1911} INFO - Created Permission View: can read on DAG:read_dataset_event_from_classic
[2025-01-19T19:25:25.257+0000] {logging_mixin.py:190} INFO - [2025-01-19T19:25:25.257+0000] {override.py:1911} INFO - Created Permission View: can edit on DAG:read_dataset_event_from_classic
[2025-01-19T19:25:25.261+0000] {logging_mixin.py:190} INFO - [2025-01-19T19:25:25.261+0000] {override.py:1911} INFO - Created Permission View: can delete on DAG:read_dataset_event_from_classic
[2025-01-19T19:25:25.266+0000] {logging_mixin.py:190} INFO - [2025-01-19T19:25:25.266+0000] {override.py:1911} INFO - Created Permission View: can read on DAG Run:read_dataset_event_from_classic
[2025-01-19T19:25:25.270+0000] {logging_mixin.py:190} INFO - [2025-01-19T19:25:25.270+0000] {override.py:1911} INFO - Created Permission View: menu access on DAG Run:read_dataset_event_from_classic
[2025-01-19T19:25:25.274+0000] {logging_mixin.py:190} INFO - [2025-01-19T19:25:25.274+0000] {override.py:1911} INFO - Created Permission View: can create on DAG Run:read_dataset_event_from_classic
[2025-01-19T19:25:25.278+0000] {logging_mixin.py:190} INFO - [2025-01-19T19:25:25.277+0000] {override.py:1911} INFO - Created Permission View: can delete on DAG Run:read_dataset_event_from_classic
[2025-01-19T19:25:25.278+0000] {logging_mixin.py:190} INFO - [2025-01-19T19:25:25.278+0000] {dag.py:3239} INFO - Sync 2 DAGs
[2025-01-19T19:25:25.284+0000] {logging_mixin.py:190} INFO - [2025-01-19T19:25:25.284+0000] {dag.py:3262} INFO - Creating ORM DAG for read_dataset_event
[2025-01-19T19:25:25.285+0000] {logging_mixin.py:190} INFO - [2025-01-19T19:25:25.285+0000] {dag.py:3262} INFO - Creating ORM DAG for read_dataset_event_from_classic
[2025-01-19T19:25:25.291+0000] {logging_mixin.py:190} INFO - [2025-01-19T19:25:25.291+0000] {dag.py:4180} INFO - Setting next_dagrun for read_dataset_event to 2025-01-18 00:00:00+00:00, run_after=2025-01-19 00:00:00+00:00
[2025-01-19T19:25:25.292+0000] {logging_mixin.py:190} INFO - [2025-01-19T19:25:25.292+0000] {dag.py:4180} INFO - Setting next_dagrun for read_dataset_event_from_classic to 2025-01-18 00:00:00+00:00, run_after=2025-01-19 00:00:00+00:00
[2025-01-19T19:25:25.301+0000] {processor.py:208} INFO - Processing /home/airflow/.local/lib/python3.12/site-packages/airflow/example_dags/example_inlet_event_extra.py took 0.515 seconds
[2025-01-19T19:25:55.487+0000] {processor.py:186} INFO - Started process (PID=148) to work on /home/airflow/.local/lib/python3.12/site-packages/airflow/example_dags/example_inlet_event_extra.py
[2025-01-19T19:25:55.488+0000] {processor.py:914} INFO - Processing file /home/airflow/.local/lib/python3.12/site-packages/airflow/example_dags/example_inlet_event_extra.py for tasks to queue
[2025-01-19T19:25:55.489+0000] {logging_mixin.py:190} INFO - [2025-01-19T19:25:55.489+0000] {dagbag.py:588} INFO - Filling up the DagBag from /home/airflow/.local/lib/python3.12/site-packages/airflow/example_dags/example_inlet_event_extra.py
[2025-01-19T19:25:55.858+0000] {processor.py:925} INFO - DAG(s) 'read_dataset_event', 'read_dataset_event_from_classic' retrieved from /home/airflow/.local/lib/python3.12/site-packages/airflow/example_dags/example_inlet_event_extra.py
[2025-01-19T19:25:55.990+0000] {logging_mixin.py:190} INFO - [2025-01-19T19:25:55.990+0000] {dag.py:3239} INFO - Sync 2 DAGs
[2025-01-19T19:25:56.003+0000] {logging_mixin.py:190} INFO - [2025-01-19T19:25:56.002+0000] {dag.py:4180} INFO - Setting next_dagrun for read_dataset_event to 2025-01-18 00:00:00+00:00, run_after=2025-01-19 00:00:00+00:00
[2025-01-19T19:25:56.005+0000] {logging_mixin.py:190} INFO - [2025-01-19T19:25:56.005+0000] {dag.py:4180} INFO - Setting next_dagrun for read_dataset_event_from_classic to 2025-01-18 00:00:00+00:00, run_after=2025-01-19 00:00:00+00:00
[2025-01-19T19:25:56.015+0000] {processor.py:208} INFO - Processing /home/airflow/.local/lib/python3.12/site-packages/airflow/example_dags/example_inlet_event_extra.py took 0.532 seconds
[2025-01-19T19:26:26.410+0000] {processor.py:186} INFO - Started process (PID=213) to work on /home/airflow/.local/lib/python3.12/site-packages/airflow/example_dags/example_inlet_event_extra.py
[2025-01-19T19:26:26.410+0000] {processor.py:914} INFO - Processing file /home/airflow/.local/lib/python3.12/site-packages/airflow/example_dags/example_inlet_event_extra.py for tasks to queue
[2025-01-19T19:26:26.412+0000] {logging_mixin.py:190} INFO - [2025-01-19T19:26:26.411+0000] {dagbag.py:588} INFO - Filling up the DagBag from /home/airflow/.local/lib/python3.12/site-packages/airflow/example_dags/example_inlet_event_extra.py
[2025-01-19T19:26:26.725+0000] {processor.py:925} INFO - DAG(s) 'read_dataset_event', 'read_dataset_event_from_classic' retrieved from /home/airflow/.local/lib/python3.12/site-packages/airflow/example_dags/example_inlet_event_extra.py
[2025-01-19T19:26:26.736+0000] {logging_mixin.py:190} INFO - [2025-01-19T19:26:26.736+0000] {dag.py:3239} INFO - Sync 2 DAGs
[2025-01-19T19:26:26.748+0000] {logging_mixin.py:190} INFO - [2025-01-19T19:26:26.748+0000] {dag.py:4180} INFO - Setting next_dagrun for read_dataset_event to 2025-01-18 00:00:00+00:00, run_after=2025-01-19 00:00:00+00:00
[2025-01-19T19:26:26.751+0000] {logging_mixin.py:190} INFO - [2025-01-19T19:26:26.751+0000] {dag.py:4180} INFO - Setting next_dagrun for read_dataset_event_from_classic to 2025-01-18 00:00:00+00:00, run_after=2025-01-19 00:00:00+00:00
[2025-01-19T19:26:26.759+0000] {processor.py:208} INFO - Processing /home/airflow/.local/lib/python3.12/site-packages/airflow/example_dags/example_inlet_event_extra.py took 0.353 seconds
[2025-01-19T19:26:57.584+0000] {processor.py:186} INFO - Started process (PID=278) to work on /home/airflow/.local/lib/python3.12/site-packages/airflow/example_dags/example_inlet_event_extra.py
[2025-01-19T19:26:57.584+0000] {processor.py:914} INFO - Processing file /home/airflow/.local/lib/python3.12/site-packages/airflow/example_dags/example_inlet_event_extra.py for tasks to queue
[2025-01-19T19:26:57.586+0000] {logging_mixin.py:190} INFO - [2025-01-19T19:26:57.585+0000] {dagbag.py:588} INFO - Filling up the DagBag from /home/airflow/.local/lib/python3.12/site-packages/airflow/example_dags/example_inlet_event_extra.py
[2025-01-19T19:26:57.912+0000] {processor.py:925} INFO - DAG(s) 'read_dataset_event_from_classic', 'read_dataset_event' retrieved from /home/airflow/.local/lib/python3.12/site-packages/airflow/example_dags/example_inlet_event_extra.py
[2025-01-19T19:26:57.922+0000] {logging_mixin.py:190} INFO - [2025-01-19T19:26:57.922+0000] {dag.py:3239} INFO - Sync 2 DAGs
[2025-01-19T19:26:57.935+0000] {logging_mixin.py:190} INFO - [2025-01-19T19:26:57.935+0000] {dag.py:4180} INFO - Setting next_dagrun for read_dataset_event to 2025-01-18 00:00:00+00:00, run_after=2025-01-19 00:00:00+00:00
[2025-01-19T19:26:57.938+0000] {logging_mixin.py:190} INFO - [2025-01-19T19:26:57.937+0000] {dag.py:4180} INFO - Setting next_dagrun for read_dataset_event_from_classic to 2025-01-18 00:00:00+00:00, run_after=2025-01-19 00:00:00+00:00
[2025-01-19T19:26:57.947+0000] {processor.py:208} INFO - Processing /home/airflow/.local/lib/python3.12/site-packages/airflow/example_dags/example_inlet_event_extra.py took 0.367 seconds
[2025-01-19T19:27:28.073+0000] {processor.py:186} INFO - Started process (PID=343) to work on /home/airflow/.local/lib/python3.12/site-packages/airflow/example_dags/example_inlet_event_extra.py
[2025-01-19T19:27:28.074+0000] {processor.py:914} INFO - Processing file /home/airflow/.local/lib/python3.12/site-packages/airflow/example_dags/example_inlet_event_extra.py for tasks to queue
[2025-01-19T19:27:28.075+0000] {logging_mixin.py:190} INFO - [2025-01-19T19:27:28.075+0000] {dagbag.py:588} INFO - Filling up the DagBag from /home/airflow/.local/lib/python3.12/site-packages/airflow/example_dags/example_inlet_event_extra.py
[2025-01-19T19:27:28.508+0000] {processor.py:925} INFO - DAG(s) 'read_dataset_event', 'read_dataset_event_from_classic' retrieved from /home/airflow/.local/lib/python3.12/site-packages/airflow/example_dags/example_inlet_event_extra.py
[2025-01-19T19:27:28.519+0000] {logging_mixin.py:190} INFO - [2025-01-19T19:27:28.518+0000] {dag.py:3239} INFO - Sync 2 DAGs
[2025-01-19T19:27:28.532+0000] {logging_mixin.py:190} INFO - [2025-01-19T19:27:28.532+0000] {dag.py:4180} INFO - Setting next_dagrun for read_dataset_event to 2025-01-18 00:00:00+00:00, run_after=2025-01-19 00:00:00+00:00
[2025-01-19T19:27:28.535+0000] {logging_mixin.py:190} INFO - [2025-01-19T19:27:28.535+0000] {dag.py:4180} INFO - Setting next_dagrun for read_dataset_event_from_classic to 2025-01-18 00:00:00+00:00, run_after=2025-01-19 00:00:00+00:00
[2025-01-19T19:27:28.544+0000] {processor.py:208} INFO - Processing /home/airflow/.local/lib/python3.12/site-packages/airflow/example_dags/example_inlet_event_extra.py took 0.474 seconds
[2025-01-19T19:27:58.645+0000] {processor.py:186} INFO - Started process (PID=408) to work on /home/airflow/.local/lib/python3.12/site-packages/airflow/example_dags/example_inlet_event_extra.py
[2025-01-19T19:27:58.650+0000] {processor.py:914} INFO - Processing file /home/airflow/.local/lib/python3.12/site-packages/airflow/example_dags/example_inlet_event_extra.py for tasks to queue
[2025-01-19T19:27:58.652+0000] {logging_mixin.py:190} INFO - [2025-01-19T19:27:58.651+0000] {dagbag.py:588} INFO - Filling up the DagBag from /home/airflow/.local/lib/python3.12/site-packages/airflow/example_dags/example_inlet_event_extra.py
[2025-01-19T19:27:59.009+0000] {processor.py:925} INFO - DAG(s) 'read_dataset_event', 'read_dataset_event_from_classic' retrieved from /home/airflow/.local/lib/python3.12/site-packages/airflow/example_dags/example_inlet_event_extra.py
[2025-01-19T19:27:59.021+0000] {logging_mixin.py:190} INFO - [2025-01-19T19:27:59.021+0000] {dag.py:3239} INFO - Sync 2 DAGs
[2025-01-19T19:27:59.036+0000] {logging_mixin.py:190} INFO - [2025-01-19T19:27:59.036+0000] {dag.py:4180} INFO - Setting next_dagrun for read_dataset_event to 2025-01-18 00:00:00+00:00, run_after=2025-01-19 00:00:00+00:00
[2025-01-19T19:27:59.039+0000] {logging_mixin.py:190} INFO - [2025-01-19T19:27:59.039+0000] {dag.py:4180} INFO - Setting next_dagrun for read_dataset_event_from_classic to 2025-01-18 00:00:00+00:00, run_after=2025-01-19 00:00:00+00:00
[2025-01-19T19:27:59.050+0000] {processor.py:208} INFO - Processing /home/airflow/.local/lib/python3.12/site-packages/airflow/example_dags/example_inlet_event_extra.py took 0.409 seconds
[2025-01-19T19:28:29.250+0000] {processor.py:186} INFO - Started process (PID=473) to work on /home/airflow/.local/lib/python3.12/site-packages/airflow/example_dags/example_inlet_event_extra.py
[2025-01-19T19:28:29.250+0000] {processor.py:914} INFO - Processing file /home/airflow/.local/lib/python3.12/site-packages/airflow/example_dags/example_inlet_event_extra.py for tasks to queue
[2025-01-19T19:28:29.252+0000] {logging_mixin.py:190} INFO - [2025-01-19T19:28:29.251+0000] {dagbag.py:588} INFO - Filling up the DagBag from /home/airflow/.local/lib/python3.12/site-packages/airflow/example_dags/example_inlet_event_extra.py
[2025-01-19T19:28:29.563+0000] {processor.py:925} INFO - DAG(s) 'read_dataset_event', 'read_dataset_event_from_classic' retrieved from /home/airflow/.local/lib/python3.12/site-packages/airflow/example_dags/example_inlet_event_extra.py
[2025-01-19T19:28:29.573+0000] {logging_mixin.py:190} INFO - [2025-01-19T19:28:29.573+0000] {dag.py:3239} INFO - Sync 2 DAGs
[2025-01-19T19:28:29.586+0000] {logging_mixin.py:190} INFO - [2025-01-19T19:28:29.586+0000] {dag.py:4180} INFO - Setting next_dagrun for read_dataset_event to 2025-01-18 00:00:00+00:00, run_after=2025-01-19 00:00:00+00:00
[2025-01-19T19:28:29.589+0000] {logging_mixin.py:190} INFO - [2025-01-19T19:28:29.589+0000] {dag.py:4180} INFO - Setting next_dagrun for read_dataset_event_from_classic to 2025-01-18 00:00:00+00:00, run_after=2025-01-19 00:00:00+00:00
[2025-01-19T19:28:29.597+0000] {processor.py:208} INFO - Processing /home/airflow/.local/lib/python3.12/site-packages/airflow/example_dags/example_inlet_event_extra.py took 0.351 seconds
[2025-01-19T19:28:59.763+0000] {processor.py:186} INFO - Started process (PID=538) to work on /home/airflow/.local/lib/python3.12/site-packages/airflow/example_dags/example_inlet_event_extra.py
[2025-01-19T19:28:59.763+0000] {processor.py:914} INFO - Processing file /home/airflow/.local/lib/python3.12/site-packages/airflow/example_dags/example_inlet_event_extra.py for tasks to queue
[2025-01-19T19:28:59.765+0000] {logging_mixin.py:190} INFO - [2025-01-19T19:28:59.765+0000] {dagbag.py:588} INFO - Filling up the DagBag from /home/airflow/.local/lib/python3.12/site-packages/airflow/example_dags/example_inlet_event_extra.py
[2025-01-19T19:29:00.152+0000] {processor.py:925} INFO - DAG(s) 'read_dataset_event', 'read_dataset_event_from_classic' retrieved from /home/airflow/.local/lib/python3.12/site-packages/airflow/example_dags/example_inlet_event_extra.py
[2025-01-19T19:29:00.173+0000] {logging_mixin.py:190} INFO - [2025-01-19T19:29:00.173+0000] {dag.py:3239} INFO - Sync 2 DAGs
[2025-01-19T19:29:00.188+0000] {logging_mixin.py:190} INFO - [2025-01-19T19:29:00.188+0000] {dag.py:4180} INFO - Setting next_dagrun for read_dataset_event to 2025-01-18 00:00:00+00:00, run_after=2025-01-19 00:00:00+00:00
[2025-01-19T19:29:00.191+0000] {logging_mixin.py:190} INFO - [2025-01-19T19:29:00.190+0000] {dag.py:4180} INFO - Setting next_dagrun for read_dataset_event_from_classic to 2025-01-18 00:00:00+00:00, run_after=2025-01-19 00:00:00+00:00
[2025-01-19T19:29:00.201+0000] {processor.py:208} INFO - Processing /home/airflow/.local/lib/python3.12/site-packages/airflow/example_dags/example_inlet_event_extra.py took 0.442 seconds
[2025-01-19T19:29:30.915+0000] {processor.py:186} INFO - Started process (PID=603) to work on /home/airflow/.local/lib/python3.12/site-packages/airflow/example_dags/example_inlet_event_extra.py
[2025-01-19T19:29:30.916+0000] {processor.py:914} INFO - Processing file /home/airflow/.local/lib/python3.12/site-packages/airflow/example_dags/example_inlet_event_extra.py for tasks to queue
[2025-01-19T19:29:30.918+0000] {logging_mixin.py:190} INFO - [2025-01-19T19:29:30.917+0000] {dagbag.py:588} INFO - Filling up the DagBag from /home/airflow/.local/lib/python3.12/site-packages/airflow/example_dags/example_inlet_event_extra.py
[2025-01-19T19:29:31.235+0000] {processor.py:925} INFO - DAG(s) 'read_dataset_event_from_classic', 'read_dataset_event' retrieved from /home/airflow/.local/lib/python3.12/site-packages/airflow/example_dags/example_inlet_event_extra.py
[2025-01-19T19:29:31.248+0000] {logging_mixin.py:190} INFO - [2025-01-19T19:29:31.248+0000] {dag.py:3239} INFO - Sync 2 DAGs
[2025-01-19T19:29:31.262+0000] {logging_mixin.py:190} INFO - [2025-01-19T19:29:31.261+0000] {dag.py:4180} INFO - Setting next_dagrun for read_dataset_event to 2025-01-18 00:00:00+00:00, run_after=2025-01-19 00:00:00+00:00
[2025-01-19T19:29:31.265+0000] {logging_mixin.py:190} INFO - [2025-01-19T19:29:31.264+0000] {dag.py:4180} INFO - Setting next_dagrun for read_dataset_event_from_classic to 2025-01-18 00:00:00+00:00, run_after=2025-01-19 00:00:00+00:00
[2025-01-19T19:29:31.273+0000] {processor.py:208} INFO - Processing /home/airflow/.local/lib/python3.12/site-packages/airflow/example_dags/example_inlet_event_extra.py took 0.362 seconds
[2025-01-19T19:30:01.360+0000] {processor.py:186} INFO - Started process (PID=668) to work on /home/airflow/.local/lib/python3.12/site-packages/airflow/example_dags/example_inlet_event_extra.py
[2025-01-19T19:30:01.360+0000] {processor.py:914} INFO - Processing file /home/airflow/.local/lib/python3.12/site-packages/airflow/example_dags/example_inlet_event_extra.py for tasks to queue
[2025-01-19T19:30:01.362+0000] {logging_mixin.py:190} INFO - [2025-01-19T19:30:01.362+0000] {dagbag.py:588} INFO - Filling up the DagBag from /home/airflow/.local/lib/python3.12/site-packages/airflow/example_dags/example_inlet_event_extra.py
[2025-01-19T19:30:01.775+0000] {processor.py:925} INFO - DAG(s) 'read_dataset_event_from_classic', 'read_dataset_event' retrieved from /home/airflow/.local/lib/python3.12/site-packages/airflow/example_dags/example_inlet_event_extra.py
[2025-01-19T19:30:01.788+0000] {logging_mixin.py:190} INFO - [2025-01-19T19:30:01.788+0000] {dag.py:3239} INFO - Sync 2 DAGs
[2025-01-19T19:30:01.866+0000] {logging_mixin.py:190} INFO - [2025-01-19T19:30:01.866+0000] {dag.py:4180} INFO - Setting next_dagrun for read_dataset_event to 2025-01-18 00:00:00+00:00, run_after=2025-01-19 00:00:00+00:00
[2025-01-19T19:30:01.868+0000] {logging_mixin.py:190} INFO - [2025-01-19T19:30:01.868+0000] {dag.py:4180} INFO - Setting next_dagrun for read_dataset_event_from_classic to 2025-01-18 00:00:00+00:00, run_after=2025-01-19 00:00:00+00:00
[2025-01-19T19:30:01.877+0000] {processor.py:208} INFO - Processing /home/airflow/.local/lib/python3.12/site-packages/airflow/example_dags/example_inlet_event_extra.py took 0.521 seconds
[2025-01-19T19:30:32.204+0000] {processor.py:186} INFO - Started process (PID=733) to work on /home/airflow/.local/lib/python3.12/site-packages/airflow/example_dags/example_inlet_event_extra.py
[2025-01-19T19:30:32.205+0000] {processor.py:914} INFO - Processing file /home/airflow/.local/lib/python3.12/site-packages/airflow/example_dags/example_inlet_event_extra.py for tasks to queue
[2025-01-19T19:30:32.206+0000] {logging_mixin.py:190} INFO - [2025-01-19T19:30:32.206+0000] {dagbag.py:588} INFO - Filling up the DagBag from /home/airflow/.local/lib/python3.12/site-packages/airflow/example_dags/example_inlet_event_extra.py
[2025-01-19T19:30:32.532+0000] {processor.py:925} INFO - DAG(s) 'read_dataset_event', 'read_dataset_event_from_classic' retrieved from /home/airflow/.local/lib/python3.12/site-packages/airflow/example_dags/example_inlet_event_extra.py
[2025-01-19T19:30:32.544+0000] {logging_mixin.py:190} INFO - [2025-01-19T19:30:32.543+0000] {dag.py:3239} INFO - Sync 2 DAGs
[2025-01-19T19:30:32.558+0000] {logging_mixin.py:190} INFO - [2025-01-19T19:30:32.557+0000] {dag.py:4180} INFO - Setting next_dagrun for read_dataset_event to 2025-01-18 00:00:00+00:00, run_after=2025-01-19 00:00:00+00:00
[2025-01-19T19:30:32.560+0000] {logging_mixin.py:190} INFO - [2025-01-19T19:30:32.560+0000] {dag.py:4180} INFO - Setting next_dagrun for read_dataset_event_from_classic to 2025-01-18 00:00:00+00:00, run_after=2025-01-19 00:00:00+00:00
[2025-01-19T19:30:32.572+0000] {processor.py:208} INFO - Processing /home/airflow/.local/lib/python3.12/site-packages/airflow/example_dags/example_inlet_event_extra.py took 0.371 seconds
[2025-01-19T19:31:02.691+0000] {processor.py:186} INFO - Started process (PID=798) to work on /home/airflow/.local/lib/python3.12/site-packages/airflow/example_dags/example_inlet_event_extra.py
[2025-01-19T19:31:02.691+0000] {processor.py:914} INFO - Processing file /home/airflow/.local/lib/python3.12/site-packages/airflow/example_dags/example_inlet_event_extra.py for tasks to queue
[2025-01-19T19:31:02.692+0000] {logging_mixin.py:190} INFO - [2025-01-19T19:31:02.692+0000] {dagbag.py:588} INFO - Filling up the DagBag from /home/airflow/.local/lib/python3.12/site-packages/airflow/example_dags/example_inlet_event_extra.py
[2025-01-19T19:31:02.994+0000] {processor.py:925} INFO - DAG(s) 'read_dataset_event', 'read_dataset_event_from_classic' retrieved from /home/airflow/.local/lib/python3.12/site-packages/airflow/example_dags/example_inlet_event_extra.py
[2025-01-19T19:31:03.004+0000] {logging_mixin.py:190} INFO - [2025-01-19T19:31:03.004+0000] {dag.py:3239} INFO - Sync 2 DAGs
[2025-01-19T19:31:03.015+0000] {logging_mixin.py:190} INFO - [2025-01-19T19:31:03.015+0000] {dag.py:4180} INFO - Setting next_dagrun for read_dataset_event to 2025-01-18 00:00:00+00:00, run_after=2025-01-19 00:00:00+00:00
[2025-01-19T19:31:03.019+0000] {logging_mixin.py:190} INFO - [2025-01-19T19:31:03.019+0000] {dag.py:4180} INFO - Setting next_dagrun for read_dataset_event_from_classic to 2025-01-18 00:00:00+00:00, run_after=2025-01-19 00:00:00+00:00
[2025-01-19T19:31:03.029+0000] {processor.py:208} INFO - Processing /home/airflow/.local/lib/python3.12/site-packages/airflow/example_dags/example_inlet_event_extra.py took 0.342 seconds
[2025-01-19T19:31:33.325+0000] {processor.py:186} INFO - Started process (PID=865) to work on /home/airflow/.local/lib/python3.12/site-packages/airflow/example_dags/example_inlet_event_extra.py
[2025-01-19T19:31:33.326+0000] {processor.py:914} INFO - Processing file /home/airflow/.local/lib/python3.12/site-packages/airflow/example_dags/example_inlet_event_extra.py for tasks to queue
[2025-01-19T19:31:33.335+0000] {logging_mixin.py:190} INFO - [2025-01-19T19:31:33.335+0000] {dagbag.py:588} INFO - Filling up the DagBag from /home/airflow/.local/lib/python3.12/site-packages/airflow/example_dags/example_inlet_event_extra.py
[2025-01-19T19:31:33.716+0000] {processor.py:925} INFO - DAG(s) 'read_dataset_event_from_classic', 'read_dataset_event' retrieved from /home/airflow/.local/lib/python3.12/site-packages/airflow/example_dags/example_inlet_event_extra.py
[2025-01-19T19:31:33.727+0000] {logging_mixin.py:190} INFO - [2025-01-19T19:31:33.727+0000] {dag.py:3239} INFO - Sync 2 DAGs
[2025-01-19T19:31:33.740+0000] {logging_mixin.py:190} INFO - [2025-01-19T19:31:33.740+0000] {dag.py:4180} INFO - Setting next_dagrun for read_dataset_event to 2025-01-18 00:00:00+00:00, run_after=2025-01-19 00:00:00+00:00
[2025-01-19T19:31:33.743+0000] {logging_mixin.py:190} INFO - [2025-01-19T19:31:33.743+0000] {dag.py:4180} INFO - Setting next_dagrun for read_dataset_event_from_classic to 2025-01-18 00:00:00+00:00, run_after=2025-01-19 00:00:00+00:00
[2025-01-19T19:31:33.752+0000] {processor.py:208} INFO - Processing /home/airflow/.local/lib/python3.12/site-packages/airflow/example_dags/example_inlet_event_extra.py took 0.431 seconds
[2025-01-19T19:32:04.281+0000] {processor.py:186} INFO - Started process (PID=930) to work on /home/airflow/.local/lib/python3.12/site-packages/airflow/example_dags/example_inlet_event_extra.py
[2025-01-19T19:32:04.282+0000] {processor.py:914} INFO - Processing file /home/airflow/.local/lib/python3.12/site-packages/airflow/example_dags/example_inlet_event_extra.py for tasks to queue
[2025-01-19T19:32:04.283+0000] {logging_mixin.py:190} INFO - [2025-01-19T19:32:04.283+0000] {dagbag.py:588} INFO - Filling up the DagBag from /home/airflow/.local/lib/python3.12/site-packages/airflow/example_dags/example_inlet_event_extra.py
[2025-01-19T19:32:04.596+0000] {processor.py:925} INFO - DAG(s) 'read_dataset_event_from_classic', 'read_dataset_event' retrieved from /home/airflow/.local/lib/python3.12/site-packages/airflow/example_dags/example_inlet_event_extra.py
[2025-01-19T19:32:04.608+0000] {logging_mixin.py:190} INFO - [2025-01-19T19:32:04.608+0000] {dag.py:3239} INFO - Sync 2 DAGs
[2025-01-19T19:32:04.621+0000] {logging_mixin.py:190} INFO - [2025-01-19T19:32:04.621+0000] {dag.py:4180} INFO - Setting next_dagrun for read_dataset_event to 2025-01-18 00:00:00+00:00, run_after=2025-01-19 00:00:00+00:00
[2025-01-19T19:32:04.624+0000] {logging_mixin.py:190} INFO - [2025-01-19T19:32:04.624+0000] {dag.py:4180} INFO - Setting next_dagrun for read_dataset_event_from_classic to 2025-01-18 00:00:00+00:00, run_after=2025-01-19 00:00:00+00:00
[2025-01-19T19:32:04.634+0000] {processor.py:208} INFO - Processing /home/airflow/.local/lib/python3.12/site-packages/airflow/example_dags/example_inlet_event_extra.py took 0.356 seconds
[2025-01-19T19:32:34.883+0000] {processor.py:186} INFO - Started process (PID=996) to work on /home/airflow/.local/lib/python3.12/site-packages/airflow/example_dags/example_inlet_event_extra.py
[2025-01-19T19:32:34.883+0000] {processor.py:914} INFO - Processing file /home/airflow/.local/lib/python3.12/site-packages/airflow/example_dags/example_inlet_event_extra.py for tasks to queue
[2025-01-19T19:32:34.885+0000] {logging_mixin.py:190} INFO - [2025-01-19T19:32:34.884+0000] {dagbag.py:588} INFO - Filling up the DagBag from /home/airflow/.local/lib/python3.12/site-packages/airflow/example_dags/example_inlet_event_extra.py
[2025-01-19T19:32:35.272+0000] {processor.py:925} INFO - DAG(s) 'read_dataset_event', 'read_dataset_event_from_classic' retrieved from /home/airflow/.local/lib/python3.12/site-packages/airflow/example_dags/example_inlet_event_extra.py
[2025-01-19T19:32:35.286+0000] {logging_mixin.py:190} INFO - [2025-01-19T19:32:35.285+0000] {dag.py:3239} INFO - Sync 2 DAGs
[2025-01-19T19:32:35.298+0000] {logging_mixin.py:190} INFO - [2025-01-19T19:32:35.298+0000] {dag.py:4180} INFO - Setting next_dagrun for read_dataset_event to 2025-01-18 00:00:00+00:00, run_after=2025-01-19 00:00:00+00:00
[2025-01-19T19:32:35.300+0000] {logging_mixin.py:190} INFO - [2025-01-19T19:32:35.300+0000] {dag.py:4180} INFO - Setting next_dagrun for read_dataset_event_from_classic to 2025-01-18 00:00:00+00:00, run_after=2025-01-19 00:00:00+00:00
[2025-01-19T19:32:35.309+0000] {processor.py:208} INFO - Processing /home/airflow/.local/lib/python3.12/site-packages/airflow/example_dags/example_inlet_event_extra.py took 0.430 seconds
[2025-01-19T19:33:05.773+0000] {processor.py:186} INFO - Started process (PID=1061) to work on /home/airflow/.local/lib/python3.12/site-packages/airflow/example_dags/example_inlet_event_extra.py
[2025-01-19T19:33:05.773+0000] {processor.py:914} INFO - Processing file /home/airflow/.local/lib/python3.12/site-packages/airflow/example_dags/example_inlet_event_extra.py for tasks to queue
[2025-01-19T19:33:05.775+0000] {logging_mixin.py:190} INFO - [2025-01-19T19:33:05.775+0000] {dagbag.py:588} INFO - Filling up the DagBag from /home/airflow/.local/lib/python3.12/site-packages/airflow/example_dags/example_inlet_event_extra.py
[2025-01-19T19:33:06.107+0000] {processor.py:925} INFO - DAG(s) 'read_dataset_event_from_classic', 'read_dataset_event' retrieved from /home/airflow/.local/lib/python3.12/site-packages/airflow/example_dags/example_inlet_event_extra.py
[2025-01-19T19:33:06.119+0000] {logging_mixin.py:190} INFO - [2025-01-19T19:33:06.119+0000] {dag.py:3239} INFO - Sync 2 DAGs
[2025-01-19T19:33:06.133+0000] {logging_mixin.py:190} INFO - [2025-01-19T19:33:06.133+0000] {dag.py:4180} INFO - Setting next_dagrun for read_dataset_event to 2025-01-18 00:00:00+00:00, run_after=2025-01-19 00:00:00+00:00
[2025-01-19T19:33:06.136+0000] {logging_mixin.py:190} INFO - [2025-01-19T19:33:06.136+0000] {dag.py:4180} INFO - Setting next_dagrun for read_dataset_event_from_classic to 2025-01-18 00:00:00+00:00, run_after=2025-01-19 00:00:00+00:00
[2025-01-19T19:33:06.146+0000] {processor.py:208} INFO - Processing /home/airflow/.local/lib/python3.12/site-packages/airflow/example_dags/example_inlet_event_extra.py took 0.378 seconds
[2025-01-19T19:34:47.399+0000] {processor.py:186} INFO - Started process (PID=83) to work on /home/airflow/.local/lib/python3.12/site-packages/airflow/example_dags/example_inlet_event_extra.py
[2025-01-19T19:34:47.399+0000] {processor.py:914} INFO - Processing file /home/airflow/.local/lib/python3.12/site-packages/airflow/example_dags/example_inlet_event_extra.py for tasks to queue
[2025-01-19T19:34:47.401+0000] {logging_mixin.py:190} INFO - [2025-01-19T19:34:47.401+0000] {dagbag.py:588} INFO - Filling up the DagBag from /home/airflow/.local/lib/python3.12/site-packages/airflow/example_dags/example_inlet_event_extra.py
[2025-01-19T19:34:47.732+0000] {processor.py:925} INFO - DAG(s) 'read_dataset_event', 'read_dataset_event_from_classic' retrieved from /home/airflow/.local/lib/python3.12/site-packages/airflow/example_dags/example_inlet_event_extra.py
[2025-01-19T19:34:47.746+0000] {logging_mixin.py:190} INFO - [2025-01-19T19:34:47.746+0000] {dag.py:3239} INFO - Sync 2 DAGs
[2025-01-19T19:34:47.759+0000] {logging_mixin.py:190} INFO - [2025-01-19T19:34:47.758+0000] {dag.py:4180} INFO - Setting next_dagrun for read_dataset_event to 2025-01-18 00:00:00+00:00, run_after=2025-01-19 00:00:00+00:00
[2025-01-19T19:34:47.761+0000] {logging_mixin.py:190} INFO - [2025-01-19T19:34:47.761+0000] {dag.py:4180} INFO - Setting next_dagrun for read_dataset_event_from_classic to 2025-01-18 00:00:00+00:00, run_after=2025-01-19 00:00:00+00:00
[2025-01-19T19:34:47.771+0000] {processor.py:208} INFO - Processing /home/airflow/.local/lib/python3.12/site-packages/airflow/example_dags/example_inlet_event_extra.py took 0.376 seconds
[2025-01-19T19:35:18.141+0000] {processor.py:186} INFO - Started process (PID=148) to work on /home/airflow/.local/lib/python3.12/site-packages/airflow/example_dags/example_inlet_event_extra.py
[2025-01-19T19:35:18.142+0000] {processor.py:914} INFO - Processing file /home/airflow/.local/lib/python3.12/site-packages/airflow/example_dags/example_inlet_event_extra.py for tasks to queue
[2025-01-19T19:35:18.143+0000] {logging_mixin.py:190} INFO - [2025-01-19T19:35:18.143+0000] {dagbag.py:588} INFO - Filling up the DagBag from /home/airflow/.local/lib/python3.12/site-packages/airflow/example_dags/example_inlet_event_extra.py
[2025-01-19T19:35:18.609+0000] {processor.py:925} INFO - DAG(s) 'read_dataset_event_from_classic', 'read_dataset_event' retrieved from /home/airflow/.local/lib/python3.12/site-packages/airflow/example_dags/example_inlet_event_extra.py
[2025-01-19T19:35:18.622+0000] {logging_mixin.py:190} INFO - [2025-01-19T19:35:18.621+0000] {dag.py:3239} INFO - Sync 2 DAGs
[2025-01-19T19:35:18.635+0000] {logging_mixin.py:190} INFO - [2025-01-19T19:35:18.634+0000] {dag.py:4180} INFO - Setting next_dagrun for read_dataset_event to 2025-01-18 00:00:00+00:00, run_after=2025-01-19 00:00:00+00:00
[2025-01-19T19:35:18.637+0000] {logging_mixin.py:190} INFO - [2025-01-19T19:35:18.637+0000] {dag.py:4180} INFO - Setting next_dagrun for read_dataset_event_from_classic to 2025-01-18 00:00:00+00:00, run_after=2025-01-19 00:00:00+00:00
[2025-01-19T19:35:18.646+0000] {processor.py:208} INFO - Processing /home/airflow/.local/lib/python3.12/site-packages/airflow/example_dags/example_inlet_event_extra.py took 0.508 seconds
[2025-01-19T19:35:49.007+0000] {processor.py:186} INFO - Started process (PID=214) to work on /home/airflow/.local/lib/python3.12/site-packages/airflow/example_dags/example_inlet_event_extra.py
[2025-01-19T19:35:49.008+0000] {processor.py:914} INFO - Processing file /home/airflow/.local/lib/python3.12/site-packages/airflow/example_dags/example_inlet_event_extra.py for tasks to queue
[2025-01-19T19:35:49.009+0000] {logging_mixin.py:190} INFO - [2025-01-19T19:35:49.009+0000] {dagbag.py:588} INFO - Filling up the DagBag from /home/airflow/.local/lib/python3.12/site-packages/airflow/example_dags/example_inlet_event_extra.py
[2025-01-19T19:35:49.418+0000] {processor.py:925} INFO - DAG(s) 'read_dataset_event_from_classic', 'read_dataset_event' retrieved from /home/airflow/.local/lib/python3.12/site-packages/airflow/example_dags/example_inlet_event_extra.py
[2025-01-19T19:35:49.429+0000] {logging_mixin.py:190} INFO - [2025-01-19T19:35:49.428+0000] {dag.py:3239} INFO - Sync 2 DAGs
[2025-01-19T19:35:49.442+0000] {logging_mixin.py:190} INFO - [2025-01-19T19:35:49.441+0000] {dag.py:4180} INFO - Setting next_dagrun for read_dataset_event to 2025-01-18 00:00:00+00:00, run_after=2025-01-19 00:00:00+00:00
[2025-01-19T19:35:49.444+0000] {logging_mixin.py:190} INFO - [2025-01-19T19:35:49.444+0000] {dag.py:4180} INFO - Setting next_dagrun for read_dataset_event_from_classic to 2025-01-18 00:00:00+00:00, run_after=2025-01-19 00:00:00+00:00
[2025-01-19T19:35:49.453+0000] {processor.py:208} INFO - Processing /home/airflow/.local/lib/python3.12/site-packages/airflow/example_dags/example_inlet_event_extra.py took 0.449 seconds
[2025-01-19T19:36:19.523+0000] {processor.py:186} INFO - Started process (PID=283) to work on /home/airflow/.local/lib/python3.12/site-packages/airflow/example_dags/example_inlet_event_extra.py
[2025-01-19T19:36:19.524+0000] {processor.py:914} INFO - Processing file /home/airflow/.local/lib/python3.12/site-packages/airflow/example_dags/example_inlet_event_extra.py for tasks to queue
[2025-01-19T19:36:19.526+0000] {logging_mixin.py:190} INFO - [2025-01-19T19:36:19.526+0000] {dagbag.py:588} INFO - Filling up the DagBag from /home/airflow/.local/lib/python3.12/site-packages/airflow/example_dags/example_inlet_event_extra.py
[2025-01-19T19:36:19.838+0000] {processor.py:925} INFO - DAG(s) 'read_dataset_event', 'read_dataset_event_from_classic' retrieved from /home/airflow/.local/lib/python3.12/site-packages/airflow/example_dags/example_inlet_event_extra.py
[2025-01-19T19:36:19.849+0000] {logging_mixin.py:190} INFO - [2025-01-19T19:36:19.849+0000] {dag.py:3239} INFO - Sync 2 DAGs
[2025-01-19T19:36:19.863+0000] {logging_mixin.py:190} INFO - [2025-01-19T19:36:19.863+0000] {dag.py:4180} INFO - Setting next_dagrun for read_dataset_event to 2025-01-18 00:00:00+00:00, run_after=2025-01-19 00:00:00+00:00
[2025-01-19T19:36:19.865+0000] {logging_mixin.py:190} INFO - [2025-01-19T19:36:19.865+0000] {dag.py:4180} INFO - Setting next_dagrun for read_dataset_event_from_classic to 2025-01-18 00:00:00+00:00, run_after=2025-01-19 00:00:00+00:00
[2025-01-19T19:36:19.874+0000] {processor.py:208} INFO - Processing /home/airflow/.local/lib/python3.12/site-packages/airflow/example_dags/example_inlet_event_extra.py took 0.354 seconds
[2025-01-19T19:36:50.398+0000] {processor.py:186} INFO - Started process (PID=349) to work on /home/airflow/.local/lib/python3.12/site-packages/airflow/example_dags/example_inlet_event_extra.py
[2025-01-19T19:36:50.399+0000] {processor.py:914} INFO - Processing file /home/airflow/.local/lib/python3.12/site-packages/airflow/example_dags/example_inlet_event_extra.py for tasks to queue
[2025-01-19T19:36:50.400+0000] {logging_mixin.py:190} INFO - [2025-01-19T19:36:50.400+0000] {dagbag.py:588} INFO - Filling up the DagBag from /home/airflow/.local/lib/python3.12/site-packages/airflow/example_dags/example_inlet_event_extra.py
[2025-01-19T19:36:50.717+0000] {processor.py:925} INFO - DAG(s) 'read_dataset_event_from_classic', 'read_dataset_event' retrieved from /home/airflow/.local/lib/python3.12/site-packages/airflow/example_dags/example_inlet_event_extra.py
[2025-01-19T19:36:50.727+0000] {logging_mixin.py:190} INFO - [2025-01-19T19:36:50.727+0000] {dag.py:3239} INFO - Sync 2 DAGs
[2025-01-19T19:36:50.740+0000] {logging_mixin.py:190} INFO - [2025-01-19T19:36:50.740+0000] {dag.py:4180} INFO - Setting next_dagrun for read_dataset_event to 2025-01-18 00:00:00+00:00, run_after=2025-01-19 00:00:00+00:00
[2025-01-19T19:36:50.743+0000] {logging_mixin.py:190} INFO - [2025-01-19T19:36:50.743+0000] {dag.py:4180} INFO - Setting next_dagrun for read_dataset_event_from_classic to 2025-01-18 00:00:00+00:00, run_after=2025-01-19 00:00:00+00:00
[2025-01-19T19:36:50.753+0000] {processor.py:208} INFO - Processing /home/airflow/.local/lib/python3.12/site-packages/airflow/example_dags/example_inlet_event_extra.py took 0.359 seconds
