[2025-01-19T19:25:25.937+0000] {processor.py:186} INFO - Started process (PID=88) to work on /home/airflow/.local/lib/python3.12/site-packages/airflow/example_dags/example_latest_only_with_trigger.py
[2025-01-19T19:25:25.938+0000] {processor.py:914} INFO - Processing file /home/airflow/.local/lib/python3.12/site-packages/airflow/example_dags/example_latest_only_with_trigger.py for tasks to queue
[2025-01-19T19:25:25.939+0000] {logging_mixin.py:190} INFO - [2025-01-19T19:25:25.939+0000] {dagbag.py:588} INFO - Filling up the DagBag from /home/airflow/.local/lib/python3.12/site-packages/airflow/example_dags/example_latest_only_with_trigger.py
[2025-01-19T19:25:25.970+0000] {processor.py:925} INFO - DAG(s) 'latest_only_with_trigger' retrieved from /home/airflow/.local/lib/python3.12/site-packages/airflow/example_dags/example_latest_only_with_trigger.py
[2025-01-19T19:25:26.050+0000] {logging_mixin.py:190} INFO - [2025-01-19T19:25:26.050+0000] {override.py:1911} INFO - Created Permission View: can read on DAG:latest_only_with_trigger
[2025-01-19T19:25:26.059+0000] {logging_mixin.py:190} INFO - [2025-01-19T19:25:26.059+0000] {override.py:1911} INFO - Created Permission View: can edit on DAG:latest_only_with_trigger
[2025-01-19T19:25:26.065+0000] {logging_mixin.py:190} INFO - [2025-01-19T19:25:26.064+0000] {override.py:1911} INFO - Created Permission View: can delete on DAG:latest_only_with_trigger
[2025-01-19T19:25:26.072+0000] {logging_mixin.py:190} INFO - [2025-01-19T19:25:26.072+0000] {override.py:1911} INFO - Created Permission View: can read on DAG Run:latest_only_with_trigger
[2025-01-19T19:25:26.079+0000] {logging_mixin.py:190} INFO - [2025-01-19T19:25:26.078+0000] {override.py:1911} INFO - Created Permission View: menu access on DAG Run:latest_only_with_trigger
[2025-01-19T19:25:26.085+0000] {logging_mixin.py:190} INFO - [2025-01-19T19:25:26.085+0000] {override.py:1911} INFO - Created Permission View: can create on DAG Run:latest_only_with_trigger
[2025-01-19T19:25:26.092+0000] {logging_mixin.py:190} INFO - [2025-01-19T19:25:26.091+0000] {override.py:1911} INFO - Created Permission View: can delete on DAG Run:latest_only_with_trigger
[2025-01-19T19:25:26.092+0000] {logging_mixin.py:190} INFO - [2025-01-19T19:25:26.092+0000] {dag.py:3239} INFO - Sync 1 DAGs
[2025-01-19T19:25:26.099+0000] {logging_mixin.py:190} INFO - [2025-01-19T19:25:26.099+0000] {dag.py:3262} INFO - Creating ORM DAG for latest_only_with_trigger
[2025-01-19T19:25:26.105+0000] {logging_mixin.py:190} INFO - [2025-01-19T19:25:26.105+0000] {dag.py:4180} INFO - Setting next_dagrun for latest_only_with_trigger to 2025-01-19 12:00:00+00:00, run_after=2025-01-19 16:00:00+00:00
[2025-01-19T19:25:26.117+0000] {processor.py:208} INFO - Processing /home/airflow/.local/lib/python3.12/site-packages/airflow/example_dags/example_latest_only_with_trigger.py took 0.184 seconds
[2025-01-19T19:25:56.497+0000] {processor.py:186} INFO - Started process (PID=153) to work on /home/airflow/.local/lib/python3.12/site-packages/airflow/example_dags/example_latest_only_with_trigger.py
[2025-01-19T19:25:56.497+0000] {processor.py:914} INFO - Processing file /home/airflow/.local/lib/python3.12/site-packages/airflow/example_dags/example_latest_only_with_trigger.py for tasks to queue
[2025-01-19T19:25:56.499+0000] {logging_mixin.py:190} INFO - [2025-01-19T19:25:56.499+0000] {dagbag.py:588} INFO - Filling up the DagBag from /home/airflow/.local/lib/python3.12/site-packages/airflow/example_dags/example_latest_only_with_trigger.py
[2025-01-19T19:25:56.504+0000] {processor.py:925} INFO - DAG(s) 'latest_only_with_trigger' retrieved from /home/airflow/.local/lib/python3.12/site-packages/airflow/example_dags/example_latest_only_with_trigger.py
[2025-01-19T19:25:56.515+0000] {logging_mixin.py:190} INFO - [2025-01-19T19:25:56.514+0000] {dag.py:3239} INFO - Sync 1 DAGs
[2025-01-19T19:25:56.526+0000] {logging_mixin.py:190} INFO - [2025-01-19T19:25:56.526+0000] {dag.py:4180} INFO - Setting next_dagrun for latest_only_with_trigger to 2025-01-19 12:00:00+00:00, run_after=2025-01-19 16:00:00+00:00
[2025-01-19T19:25:56.536+0000] {processor.py:208} INFO - Processing /home/airflow/.local/lib/python3.12/site-packages/airflow/example_dags/example_latest_only_with_trigger.py took 0.043 seconds
[2025-01-19T19:26:27.033+0000] {processor.py:186} INFO - Started process (PID=218) to work on /home/airflow/.local/lib/python3.12/site-packages/airflow/example_dags/example_latest_only_with_trigger.py
[2025-01-19T19:26:27.034+0000] {processor.py:914} INFO - Processing file /home/airflow/.local/lib/python3.12/site-packages/airflow/example_dags/example_latest_only_with_trigger.py for tasks to queue
[2025-01-19T19:26:27.035+0000] {logging_mixin.py:190} INFO - [2025-01-19T19:26:27.035+0000] {dagbag.py:588} INFO - Filling up the DagBag from /home/airflow/.local/lib/python3.12/site-packages/airflow/example_dags/example_latest_only_with_trigger.py
[2025-01-19T19:26:27.040+0000] {processor.py:925} INFO - DAG(s) 'latest_only_with_trigger' retrieved from /home/airflow/.local/lib/python3.12/site-packages/airflow/example_dags/example_latest_only_with_trigger.py
[2025-01-19T19:26:27.051+0000] {logging_mixin.py:190} INFO - [2025-01-19T19:26:27.050+0000] {dag.py:3239} INFO - Sync 1 DAGs
[2025-01-19T19:26:27.070+0000] {logging_mixin.py:190} INFO - [2025-01-19T19:26:27.070+0000] {dag.py:4180} INFO - Setting next_dagrun for latest_only_with_trigger to 2025-01-19 12:00:00+00:00, run_after=2025-01-19 16:00:00+00:00
[2025-01-19T19:26:27.080+0000] {processor.py:208} INFO - Processing /home/airflow/.local/lib/python3.12/site-packages/airflow/example_dags/example_latest_only_with_trigger.py took 0.050 seconds
[2025-01-19T19:26:58.181+0000] {processor.py:186} INFO - Started process (PID=283) to work on /home/airflow/.local/lib/python3.12/site-packages/airflow/example_dags/example_latest_only_with_trigger.py
[2025-01-19T19:26:58.182+0000] {processor.py:914} INFO - Processing file /home/airflow/.local/lib/python3.12/site-packages/airflow/example_dags/example_latest_only_with_trigger.py for tasks to queue
[2025-01-19T19:26:58.183+0000] {logging_mixin.py:190} INFO - [2025-01-19T19:26:58.183+0000] {dagbag.py:588} INFO - Filling up the DagBag from /home/airflow/.local/lib/python3.12/site-packages/airflow/example_dags/example_latest_only_with_trigger.py
[2025-01-19T19:26:58.187+0000] {processor.py:925} INFO - DAG(s) 'latest_only_with_trigger' retrieved from /home/airflow/.local/lib/python3.12/site-packages/airflow/example_dags/example_latest_only_with_trigger.py
[2025-01-19T19:26:58.199+0000] {logging_mixin.py:190} INFO - [2025-01-19T19:26:58.198+0000] {dag.py:3239} INFO - Sync 1 DAGs
[2025-01-19T19:26:58.210+0000] {logging_mixin.py:190} INFO - [2025-01-19T19:26:58.210+0000] {dag.py:4180} INFO - Setting next_dagrun for latest_only_with_trigger to 2025-01-19 12:00:00+00:00, run_after=2025-01-19 16:00:00+00:00
[2025-01-19T19:26:58.220+0000] {processor.py:208} INFO - Processing /home/airflow/.local/lib/python3.12/site-packages/airflow/example_dags/example_latest_only_with_trigger.py took 0.042 seconds
[2025-01-19T19:27:28.721+0000] {processor.py:186} INFO - Started process (PID=348) to work on /home/airflow/.local/lib/python3.12/site-packages/airflow/example_dags/example_latest_only_with_trigger.py
[2025-01-19T19:27:28.721+0000] {processor.py:914} INFO - Processing file /home/airflow/.local/lib/python3.12/site-packages/airflow/example_dags/example_latest_only_with_trigger.py for tasks to queue
[2025-01-19T19:27:28.722+0000] {logging_mixin.py:190} INFO - [2025-01-19T19:27:28.722+0000] {dagbag.py:588} INFO - Filling up the DagBag from /home/airflow/.local/lib/python3.12/site-packages/airflow/example_dags/example_latest_only_with_trigger.py
[2025-01-19T19:27:28.727+0000] {processor.py:925} INFO - DAG(s) 'latest_only_with_trigger' retrieved from /home/airflow/.local/lib/python3.12/site-packages/airflow/example_dags/example_latest_only_with_trigger.py
[2025-01-19T19:27:28.738+0000] {logging_mixin.py:190} INFO - [2025-01-19T19:27:28.738+0000] {dag.py:3239} INFO - Sync 1 DAGs
[2025-01-19T19:27:28.750+0000] {logging_mixin.py:190} INFO - [2025-01-19T19:27:28.750+0000] {dag.py:4180} INFO - Setting next_dagrun for latest_only_with_trigger to 2025-01-19 12:00:00+00:00, run_after=2025-01-19 16:00:00+00:00
[2025-01-19T19:27:28.759+0000] {processor.py:208} INFO - Processing /home/airflow/.local/lib/python3.12/site-packages/airflow/example_dags/example_latest_only_with_trigger.py took 0.042 seconds
[2025-01-19T19:27:59.262+0000] {processor.py:186} INFO - Started process (PID=413) to work on /home/airflow/.local/lib/python3.12/site-packages/airflow/example_dags/example_latest_only_with_trigger.py
[2025-01-19T19:27:59.351+0000] {processor.py:914} INFO - Processing file /home/airflow/.local/lib/python3.12/site-packages/airflow/example_dags/example_latest_only_with_trigger.py for tasks to queue
[2025-01-19T19:27:59.365+0000] {logging_mixin.py:190} INFO - [2025-01-19T19:27:59.364+0000] {dagbag.py:588} INFO - Filling up the DagBag from /home/airflow/.local/lib/python3.12/site-packages/airflow/example_dags/example_latest_only_with_trigger.py
[2025-01-19T19:27:59.371+0000] {processor.py:925} INFO - DAG(s) 'latest_only_with_trigger' retrieved from /home/airflow/.local/lib/python3.12/site-packages/airflow/example_dags/example_latest_only_with_trigger.py
[2025-01-19T19:27:59.382+0000] {logging_mixin.py:190} INFO - [2025-01-19T19:27:59.382+0000] {dag.py:3239} INFO - Sync 1 DAGs
[2025-01-19T19:27:59.394+0000] {logging_mixin.py:190} INFO - [2025-01-19T19:27:59.394+0000] {dag.py:4180} INFO - Setting next_dagrun for latest_only_with_trigger to 2025-01-19 12:00:00+00:00, run_after=2025-01-19 16:00:00+00:00
[2025-01-19T19:27:59.405+0000] {processor.py:208} INFO - Processing /home/airflow/.local/lib/python3.12/site-packages/airflow/example_dags/example_latest_only_with_trigger.py took 0.146 seconds
[2025-01-19T19:28:29.733+0000] {processor.py:186} INFO - Started process (PID=478) to work on /home/airflow/.local/lib/python3.12/site-packages/airflow/example_dags/example_latest_only_with_trigger.py
[2025-01-19T19:28:29.734+0000] {processor.py:914} INFO - Processing file /home/airflow/.local/lib/python3.12/site-packages/airflow/example_dags/example_latest_only_with_trigger.py for tasks to queue
[2025-01-19T19:28:29.735+0000] {logging_mixin.py:190} INFO - [2025-01-19T19:28:29.735+0000] {dagbag.py:588} INFO - Filling up the DagBag from /home/airflow/.local/lib/python3.12/site-packages/airflow/example_dags/example_latest_only_with_trigger.py
[2025-01-19T19:28:29.740+0000] {processor.py:925} INFO - DAG(s) 'latest_only_with_trigger' retrieved from /home/airflow/.local/lib/python3.12/site-packages/airflow/example_dags/example_latest_only_with_trigger.py
[2025-01-19T19:28:29.752+0000] {logging_mixin.py:190} INFO - [2025-01-19T19:28:29.752+0000] {dag.py:3239} INFO - Sync 1 DAGs
[2025-01-19T19:28:29.766+0000] {logging_mixin.py:190} INFO - [2025-01-19T19:28:29.765+0000] {dag.py:4180} INFO - Setting next_dagrun for latest_only_with_trigger to 2025-01-19 12:00:00+00:00, run_after=2025-01-19 16:00:00+00:00
[2025-01-19T19:28:29.833+0000] {processor.py:208} INFO - Processing /home/airflow/.local/lib/python3.12/site-packages/airflow/example_dags/example_latest_only_with_trigger.py took 0.104 seconds
[2025-01-19T19:29:00.772+0000] {processor.py:186} INFO - Started process (PID=543) to work on /home/airflow/.local/lib/python3.12/site-packages/airflow/example_dags/example_latest_only_with_trigger.py
[2025-01-19T19:29:00.772+0000] {processor.py:914} INFO - Processing file /home/airflow/.local/lib/python3.12/site-packages/airflow/example_dags/example_latest_only_with_trigger.py for tasks to queue
[2025-01-19T19:29:00.774+0000] {logging_mixin.py:190} INFO - [2025-01-19T19:29:00.774+0000] {dagbag.py:588} INFO - Filling up the DagBag from /home/airflow/.local/lib/python3.12/site-packages/airflow/example_dags/example_latest_only_with_trigger.py
[2025-01-19T19:29:00.778+0000] {processor.py:925} INFO - DAG(s) 'latest_only_with_trigger' retrieved from /home/airflow/.local/lib/python3.12/site-packages/airflow/example_dags/example_latest_only_with_trigger.py
[2025-01-19T19:29:00.789+0000] {logging_mixin.py:190} INFO - [2025-01-19T19:29:00.789+0000] {dag.py:3239} INFO - Sync 1 DAGs
[2025-01-19T19:29:00.802+0000] {logging_mixin.py:190} INFO - [2025-01-19T19:29:00.801+0000] {dag.py:4180} INFO - Setting next_dagrun for latest_only_with_trigger to 2025-01-19 12:00:00+00:00, run_after=2025-01-19 16:00:00+00:00
[2025-01-19T19:29:00.812+0000] {processor.py:208} INFO - Processing /home/airflow/.local/lib/python3.12/site-packages/airflow/example_dags/example_latest_only_with_trigger.py took 0.044 seconds
[2025-01-19T19:29:31.462+0000] {processor.py:186} INFO - Started process (PID=608) to work on /home/airflow/.local/lib/python3.12/site-packages/airflow/example_dags/example_latest_only_with_trigger.py
[2025-01-19T19:29:31.463+0000] {processor.py:914} INFO - Processing file /home/airflow/.local/lib/python3.12/site-packages/airflow/example_dags/example_latest_only_with_trigger.py for tasks to queue
[2025-01-19T19:29:31.464+0000] {logging_mixin.py:190} INFO - [2025-01-19T19:29:31.464+0000] {dagbag.py:588} INFO - Filling up the DagBag from /home/airflow/.local/lib/python3.12/site-packages/airflow/example_dags/example_latest_only_with_trigger.py
[2025-01-19T19:29:31.468+0000] {processor.py:925} INFO - DAG(s) 'latest_only_with_trigger' retrieved from /home/airflow/.local/lib/python3.12/site-packages/airflow/example_dags/example_latest_only_with_trigger.py
[2025-01-19T19:29:31.479+0000] {logging_mixin.py:190} INFO - [2025-01-19T19:29:31.479+0000] {dag.py:3239} INFO - Sync 1 DAGs
[2025-01-19T19:29:31.492+0000] {logging_mixin.py:190} INFO - [2025-01-19T19:29:31.492+0000] {dag.py:4180} INFO - Setting next_dagrun for latest_only_with_trigger to 2025-01-19 12:00:00+00:00, run_after=2025-01-19 16:00:00+00:00
[2025-01-19T19:29:31.502+0000] {processor.py:208} INFO - Processing /home/airflow/.local/lib/python3.12/site-packages/airflow/example_dags/example_latest_only_with_trigger.py took 0.044 seconds
[2025-01-19T19:30:02.078+0000] {processor.py:186} INFO - Started process (PID=673) to work on /home/airflow/.local/lib/python3.12/site-packages/airflow/example_dags/example_latest_only_with_trigger.py
[2025-01-19T19:30:02.079+0000] {processor.py:914} INFO - Processing file /home/airflow/.local/lib/python3.12/site-packages/airflow/example_dags/example_latest_only_with_trigger.py for tasks to queue
[2025-01-19T19:30:02.080+0000] {logging_mixin.py:190} INFO - [2025-01-19T19:30:02.080+0000] {dagbag.py:588} INFO - Filling up the DagBag from /home/airflow/.local/lib/python3.12/site-packages/airflow/example_dags/example_latest_only_with_trigger.py
[2025-01-19T19:30:02.085+0000] {processor.py:925} INFO - DAG(s) 'latest_only_with_trigger' retrieved from /home/airflow/.local/lib/python3.12/site-packages/airflow/example_dags/example_latest_only_with_trigger.py
[2025-01-19T19:30:02.097+0000] {logging_mixin.py:190} INFO - [2025-01-19T19:30:02.097+0000] {dag.py:3239} INFO - Sync 1 DAGs
[2025-01-19T19:30:02.111+0000] {logging_mixin.py:190} INFO - [2025-01-19T19:30:02.111+0000] {dag.py:4180} INFO - Setting next_dagrun for latest_only_with_trigger to 2025-01-19 12:00:00+00:00, run_after=2025-01-19 16:00:00+00:00
[2025-01-19T19:30:02.121+0000] {processor.py:208} INFO - Processing /home/airflow/.local/lib/python3.12/site-packages/airflow/example_dags/example_latest_only_with_trigger.py took 0.046 seconds
[2025-01-19T19:30:32.723+0000] {processor.py:186} INFO - Started process (PID=737) to work on /home/airflow/.local/lib/python3.12/site-packages/airflow/example_dags/example_latest_only_with_trigger.py
[2025-01-19T19:30:32.724+0000] {processor.py:914} INFO - Processing file /home/airflow/.local/lib/python3.12/site-packages/airflow/example_dags/example_latest_only_with_trigger.py for tasks to queue
[2025-01-19T19:30:32.725+0000] {logging_mixin.py:190} INFO - [2025-01-19T19:30:32.725+0000] {dagbag.py:588} INFO - Filling up the DagBag from /home/airflow/.local/lib/python3.12/site-packages/airflow/example_dags/example_latest_only_with_trigger.py
[2025-01-19T19:30:32.730+0000] {processor.py:925} INFO - DAG(s) 'latest_only_with_trigger' retrieved from /home/airflow/.local/lib/python3.12/site-packages/airflow/example_dags/example_latest_only_with_trigger.py
[2025-01-19T19:30:32.743+0000] {logging_mixin.py:190} INFO - [2025-01-19T19:30:32.742+0000] {dag.py:3239} INFO - Sync 1 DAGs
[2025-01-19T19:30:32.756+0000] {logging_mixin.py:190} INFO - [2025-01-19T19:30:32.756+0000] {dag.py:4180} INFO - Setting next_dagrun for latest_only_with_trigger to 2025-01-19 12:00:00+00:00, run_after=2025-01-19 16:00:00+00:00
[2025-01-19T19:30:32.766+0000] {processor.py:208} INFO - Processing /home/airflow/.local/lib/python3.12/site-packages/airflow/example_dags/example_latest_only_with_trigger.py took 0.047 seconds
[2025-01-19T19:31:02.872+0000] {processor.py:186} INFO - Started process (PID=802) to work on /home/airflow/.local/lib/python3.12/site-packages/airflow/example_dags/example_latest_only_with_trigger.py
[2025-01-19T19:31:02.873+0000] {processor.py:914} INFO - Processing file /home/airflow/.local/lib/python3.12/site-packages/airflow/example_dags/example_latest_only_with_trigger.py for tasks to queue
[2025-01-19T19:31:02.874+0000] {logging_mixin.py:190} INFO - [2025-01-19T19:31:02.874+0000] {dagbag.py:588} INFO - Filling up the DagBag from /home/airflow/.local/lib/python3.12/site-packages/airflow/example_dags/example_latest_only_with_trigger.py
[2025-01-19T19:31:02.879+0000] {processor.py:925} INFO - DAG(s) 'latest_only_with_trigger' retrieved from /home/airflow/.local/lib/python3.12/site-packages/airflow/example_dags/example_latest_only_with_trigger.py
[2025-01-19T19:31:02.890+0000] {logging_mixin.py:190} INFO - [2025-01-19T19:31:02.890+0000] {dag.py:3239} INFO - Sync 1 DAGs
[2025-01-19T19:31:02.903+0000] {logging_mixin.py:190} INFO - [2025-01-19T19:31:02.903+0000] {dag.py:4180} INFO - Setting next_dagrun for latest_only_with_trigger to 2025-01-19 12:00:00+00:00, run_after=2025-01-19 16:00:00+00:00
[2025-01-19T19:31:02.913+0000] {processor.py:208} INFO - Processing /home/airflow/.local/lib/python3.12/site-packages/airflow/example_dags/example_latest_only_with_trigger.py took 0.044 seconds
[2025-01-19T19:31:33.790+0000] {processor.py:186} INFO - Started process (PID=867) to work on /home/airflow/.local/lib/python3.12/site-packages/airflow/example_dags/example_latest_only_with_trigger.py
[2025-01-19T19:31:33.790+0000] {processor.py:914} INFO - Processing file /home/airflow/.local/lib/python3.12/site-packages/airflow/example_dags/example_latest_only_with_trigger.py for tasks to queue
[2025-01-19T19:31:33.792+0000] {logging_mixin.py:190} INFO - [2025-01-19T19:31:33.791+0000] {dagbag.py:588} INFO - Filling up the DagBag from /home/airflow/.local/lib/python3.12/site-packages/airflow/example_dags/example_latest_only_with_trigger.py
[2025-01-19T19:31:33.796+0000] {processor.py:925} INFO - DAG(s) 'latest_only_with_trigger' retrieved from /home/airflow/.local/lib/python3.12/site-packages/airflow/example_dags/example_latest_only_with_trigger.py
[2025-01-19T19:31:33.808+0000] {logging_mixin.py:190} INFO - [2025-01-19T19:31:33.808+0000] {dag.py:3239} INFO - Sync 1 DAGs
[2025-01-19T19:31:33.823+0000] {logging_mixin.py:190} INFO - [2025-01-19T19:31:33.823+0000] {dag.py:4180} INFO - Setting next_dagrun for latest_only_with_trigger to 2025-01-19 12:00:00+00:00, run_after=2025-01-19 16:00:00+00:00
[2025-01-19T19:31:33.835+0000] {processor.py:208} INFO - Processing /home/airflow/.local/lib/python3.12/site-packages/airflow/example_dags/example_latest_only_with_trigger.py took 0.049 seconds
[2025-01-19T19:32:04.336+0000] {processor.py:186} INFO - Started process (PID=932) to work on /home/airflow/.local/lib/python3.12/site-packages/airflow/example_dags/example_latest_only_with_trigger.py
[2025-01-19T19:32:04.336+0000] {processor.py:914} INFO - Processing file /home/airflow/.local/lib/python3.12/site-packages/airflow/example_dags/example_latest_only_with_trigger.py for tasks to queue
[2025-01-19T19:32:04.338+0000] {logging_mixin.py:190} INFO - [2025-01-19T19:32:04.338+0000] {dagbag.py:588} INFO - Filling up the DagBag from /home/airflow/.local/lib/python3.12/site-packages/airflow/example_dags/example_latest_only_with_trigger.py
[2025-01-19T19:32:04.342+0000] {processor.py:925} INFO - DAG(s) 'latest_only_with_trigger' retrieved from /home/airflow/.local/lib/python3.12/site-packages/airflow/example_dags/example_latest_only_with_trigger.py
[2025-01-19T19:32:04.353+0000] {logging_mixin.py:190} INFO - [2025-01-19T19:32:04.353+0000] {dag.py:3239} INFO - Sync 1 DAGs
[2025-01-19T19:32:04.365+0000] {logging_mixin.py:190} INFO - [2025-01-19T19:32:04.365+0000] {dag.py:4180} INFO - Setting next_dagrun for latest_only_with_trigger to 2025-01-19 12:00:00+00:00, run_after=2025-01-19 16:00:00+00:00
[2025-01-19T19:32:04.377+0000] {processor.py:208} INFO - Processing /home/airflow/.local/lib/python3.12/site-packages/airflow/example_dags/example_latest_only_with_trigger.py took 0.045 seconds
[2025-01-19T19:32:35.349+0000] {processor.py:186} INFO - Started process (PID=997) to work on /home/airflow/.local/lib/python3.12/site-packages/airflow/example_dags/example_latest_only_with_trigger.py
[2025-01-19T19:32:35.349+0000] {processor.py:914} INFO - Processing file /home/airflow/.local/lib/python3.12/site-packages/airflow/example_dags/example_latest_only_with_trigger.py for tasks to queue
[2025-01-19T19:32:35.351+0000] {logging_mixin.py:190} INFO - [2025-01-19T19:32:35.350+0000] {dagbag.py:588} INFO - Filling up the DagBag from /home/airflow/.local/lib/python3.12/site-packages/airflow/example_dags/example_latest_only_with_trigger.py
[2025-01-19T19:32:35.355+0000] {processor.py:925} INFO - DAG(s) 'latest_only_with_trigger' retrieved from /home/airflow/.local/lib/python3.12/site-packages/airflow/example_dags/example_latest_only_with_trigger.py
[2025-01-19T19:32:35.366+0000] {logging_mixin.py:190} INFO - [2025-01-19T19:32:35.366+0000] {dag.py:3239} INFO - Sync 1 DAGs
[2025-01-19T19:32:35.383+0000] {logging_mixin.py:190} INFO - [2025-01-19T19:32:35.383+0000] {dag.py:4180} INFO - Setting next_dagrun for latest_only_with_trigger to 2025-01-19 12:00:00+00:00, run_after=2025-01-19 16:00:00+00:00
[2025-01-19T19:32:35.393+0000] {processor.py:208} INFO - Processing /home/airflow/.local/lib/python3.12/site-packages/airflow/example_dags/example_latest_only_with_trigger.py took 0.048 seconds
[2025-01-19T19:33:06.175+0000] {processor.py:186} INFO - Started process (PID=1062) to work on /home/airflow/.local/lib/python3.12/site-packages/airflow/example_dags/example_latest_only_with_trigger.py
[2025-01-19T19:33:06.175+0000] {processor.py:914} INFO - Processing file /home/airflow/.local/lib/python3.12/site-packages/airflow/example_dags/example_latest_only_with_trigger.py for tasks to queue
[2025-01-19T19:33:06.177+0000] {logging_mixin.py:190} INFO - [2025-01-19T19:33:06.177+0000] {dagbag.py:588} INFO - Filling up the DagBag from /home/airflow/.local/lib/python3.12/site-packages/airflow/example_dags/example_latest_only_with_trigger.py
[2025-01-19T19:33:06.183+0000] {processor.py:925} INFO - DAG(s) 'latest_only_with_trigger' retrieved from /home/airflow/.local/lib/python3.12/site-packages/airflow/example_dags/example_latest_only_with_trigger.py
[2025-01-19T19:33:06.196+0000] {logging_mixin.py:190} INFO - [2025-01-19T19:33:06.196+0000] {dag.py:3239} INFO - Sync 1 DAGs
[2025-01-19T19:33:06.211+0000] {logging_mixin.py:190} INFO - [2025-01-19T19:33:06.211+0000] {dag.py:4180} INFO - Setting next_dagrun for latest_only_with_trigger to 2025-01-19 12:00:00+00:00, run_after=2025-01-19 16:00:00+00:00
[2025-01-19T19:33:06.221+0000] {processor.py:208} INFO - Processing /home/airflow/.local/lib/python3.12/site-packages/airflow/example_dags/example_latest_only_with_trigger.py took 0.050 seconds
[2025-01-19T19:34:48.033+0000] {processor.py:186} INFO - Started process (PID=88) to work on /home/airflow/.local/lib/python3.12/site-packages/airflow/example_dags/example_latest_only_with_trigger.py
[2025-01-19T19:34:48.034+0000] {processor.py:914} INFO - Processing file /home/airflow/.local/lib/python3.12/site-packages/airflow/example_dags/example_latest_only_with_trigger.py for tasks to queue
[2025-01-19T19:34:48.036+0000] {logging_mixin.py:190} INFO - [2025-01-19T19:34:48.035+0000] {dagbag.py:588} INFO - Filling up the DagBag from /home/airflow/.local/lib/python3.12/site-packages/airflow/example_dags/example_latest_only_with_trigger.py
[2025-01-19T19:34:48.041+0000] {processor.py:925} INFO - DAG(s) 'latest_only_with_trigger' retrieved from /home/airflow/.local/lib/python3.12/site-packages/airflow/example_dags/example_latest_only_with_trigger.py
[2025-01-19T19:34:48.056+0000] {logging_mixin.py:190} INFO - [2025-01-19T19:34:48.056+0000] {dag.py:3239} INFO - Sync 1 DAGs
[2025-01-19T19:34:48.069+0000] {logging_mixin.py:190} INFO - [2025-01-19T19:34:48.069+0000] {dag.py:4180} INFO - Setting next_dagrun for latest_only_with_trigger to 2025-01-19 12:00:00+00:00, run_after=2025-01-19 16:00:00+00:00
[2025-01-19T19:34:48.081+0000] {processor.py:208} INFO - Processing /home/airflow/.local/lib/python3.12/site-packages/airflow/example_dags/example_latest_only_with_trigger.py took 0.051 seconds
[2025-01-19T19:35:18.671+0000] {processor.py:186} INFO - Started process (PID=152) to work on /home/airflow/.local/lib/python3.12/site-packages/airflow/example_dags/example_latest_only_with_trigger.py
[2025-01-19T19:35:18.672+0000] {processor.py:914} INFO - Processing file /home/airflow/.local/lib/python3.12/site-packages/airflow/example_dags/example_latest_only_with_trigger.py for tasks to queue
[2025-01-19T19:35:18.673+0000] {logging_mixin.py:190} INFO - [2025-01-19T19:35:18.673+0000] {dagbag.py:588} INFO - Filling up the DagBag from /home/airflow/.local/lib/python3.12/site-packages/airflow/example_dags/example_latest_only_with_trigger.py
[2025-01-19T19:35:18.678+0000] {processor.py:925} INFO - DAG(s) 'latest_only_with_trigger' retrieved from /home/airflow/.local/lib/python3.12/site-packages/airflow/example_dags/example_latest_only_with_trigger.py
[2025-01-19T19:35:18.689+0000] {logging_mixin.py:190} INFO - [2025-01-19T19:35:18.689+0000] {dag.py:3239} INFO - Sync 1 DAGs
[2025-01-19T19:35:18.702+0000] {logging_mixin.py:190} INFO - [2025-01-19T19:35:18.702+0000] {dag.py:4180} INFO - Setting next_dagrun for latest_only_with_trigger to 2025-01-19 12:00:00+00:00, run_after=2025-01-19 16:00:00+00:00
[2025-01-19T19:35:18.712+0000] {processor.py:208} INFO - Processing /home/airflow/.local/lib/python3.12/site-packages/airflow/example_dags/example_latest_only_with_trigger.py took 0.045 seconds
[2025-01-19T19:35:49.281+0000] {processor.py:186} INFO - Started process (PID=218) to work on /home/airflow/.local/lib/python3.12/site-packages/airflow/example_dags/example_latest_only_with_trigger.py
[2025-01-19T19:35:49.282+0000] {processor.py:914} INFO - Processing file /home/airflow/.local/lib/python3.12/site-packages/airflow/example_dags/example_latest_only_with_trigger.py for tasks to queue
[2025-01-19T19:35:49.283+0000] {logging_mixin.py:190} INFO - [2025-01-19T19:35:49.283+0000] {dagbag.py:588} INFO - Filling up the DagBag from /home/airflow/.local/lib/python3.12/site-packages/airflow/example_dags/example_latest_only_with_trigger.py
[2025-01-19T19:35:49.287+0000] {processor.py:925} INFO - DAG(s) 'latest_only_with_trigger' retrieved from /home/airflow/.local/lib/python3.12/site-packages/airflow/example_dags/example_latest_only_with_trigger.py
[2025-01-19T19:35:49.299+0000] {logging_mixin.py:190} INFO - [2025-01-19T19:35:49.298+0000] {dag.py:3239} INFO - Sync 1 DAGs
[2025-01-19T19:35:49.311+0000] {logging_mixin.py:190} INFO - [2025-01-19T19:35:49.311+0000] {dag.py:4180} INFO - Setting next_dagrun for latest_only_with_trigger to 2025-01-19 12:00:00+00:00, run_after=2025-01-19 16:00:00+00:00
[2025-01-19T19:35:49.321+0000] {processor.py:208} INFO - Processing /home/airflow/.local/lib/python3.12/site-packages/airflow/example_dags/example_latest_only_with_trigger.py took 0.043 seconds
[2025-01-19T19:36:19.456+0000] {processor.py:186} INFO - Started process (PID=282) to work on /home/airflow/.local/lib/python3.12/site-packages/airflow/example_dags/example_latest_only_with_trigger.py
[2025-01-19T19:36:19.456+0000] {processor.py:914} INFO - Processing file /home/airflow/.local/lib/python3.12/site-packages/airflow/example_dags/example_latest_only_with_trigger.py for tasks to queue
[2025-01-19T19:36:19.458+0000] {logging_mixin.py:190} INFO - [2025-01-19T19:36:19.457+0000] {dagbag.py:588} INFO - Filling up the DagBag from /home/airflow/.local/lib/python3.12/site-packages/airflow/example_dags/example_latest_only_with_trigger.py
[2025-01-19T19:36:19.462+0000] {processor.py:925} INFO - DAG(s) 'latest_only_with_trigger' retrieved from /home/airflow/.local/lib/python3.12/site-packages/airflow/example_dags/example_latest_only_with_trigger.py
[2025-01-19T19:36:19.472+0000] {logging_mixin.py:190} INFO - [2025-01-19T19:36:19.472+0000] {dag.py:3239} INFO - Sync 1 DAGs
[2025-01-19T19:36:19.485+0000] {logging_mixin.py:190} INFO - [2025-01-19T19:36:19.485+0000] {dag.py:4180} INFO - Setting next_dagrun for latest_only_with_trigger to 2025-01-19 12:00:00+00:00, run_after=2025-01-19 16:00:00+00:00
[2025-01-19T19:36:19.495+0000] {processor.py:208} INFO - Processing /home/airflow/.local/lib/python3.12/site-packages/airflow/example_dags/example_latest_only_with_trigger.py took 0.043 seconds
[2025-01-19T19:36:50.266+0000] {processor.py:186} INFO - Started process (PID=348) to work on /home/airflow/.local/lib/python3.12/site-packages/airflow/example_dags/example_latest_only_with_trigger.py
[2025-01-19T19:36:50.333+0000] {processor.py:914} INFO - Processing file /home/airflow/.local/lib/python3.12/site-packages/airflow/example_dags/example_latest_only_with_trigger.py for tasks to queue
[2025-01-19T19:36:50.334+0000] {logging_mixin.py:190} INFO - [2025-01-19T19:36:50.334+0000] {dagbag.py:588} INFO - Filling up the DagBag from /home/airflow/.local/lib/python3.12/site-packages/airflow/example_dags/example_latest_only_with_trigger.py
[2025-01-19T19:36:50.339+0000] {processor.py:925} INFO - DAG(s) 'latest_only_with_trigger' retrieved from /home/airflow/.local/lib/python3.12/site-packages/airflow/example_dags/example_latest_only_with_trigger.py
[2025-01-19T19:36:50.351+0000] {logging_mixin.py:190} INFO - [2025-01-19T19:36:50.351+0000] {dag.py:3239} INFO - Sync 1 DAGs
[2025-01-19T19:36:50.365+0000] {logging_mixin.py:190} INFO - [2025-01-19T19:36:50.364+0000] {dag.py:4180} INFO - Setting next_dagrun for latest_only_with_trigger to 2025-01-19 12:00:00+00:00, run_after=2025-01-19 16:00:00+00:00
[2025-01-19T19:36:50.375+0000] {processor.py:208} INFO - Processing /home/airflow/.local/lib/python3.12/site-packages/airflow/example_dags/example_latest_only_with_trigger.py took 0.112 seconds
