[2025-01-19T19:25:21.975+0000] {processor.py:186} INFO - Started process (PID=67) to work on /home/airflow/.local/lib/python3.12/site-packages/airflow/example_dags/example_setup_teardown.py
[2025-01-19T19:25:21.976+0000] {processor.py:914} INFO - Processing file /home/airflow/.local/lib/python3.12/site-packages/airflow/example_dags/example_setup_teardown.py for tasks to queue
[2025-01-19T19:25:21.978+0000] {logging_mixin.py:190} INFO - [2025-01-19T19:25:21.978+0000] {dagbag.py:588} INFO - Filling up the DagBag from /home/airflow/.local/lib/python3.12/site-packages/airflow/example_dags/example_setup_teardown.py
[2025-01-19T19:25:22.003+0000] {processor.py:925} INFO - DAG(s) 'example_setup_teardown' retrieved from /home/airflow/.local/lib/python3.12/site-packages/airflow/example_dags/example_setup_teardown.py
[2025-01-19T19:25:22.067+0000] {logging_mixin.py:190} INFO - [2025-01-19T19:25:22.067+0000] {override.py:1911} INFO - Created Permission View: can read on DAG:example_setup_teardown
[2025-01-19T19:25:22.074+0000] {logging_mixin.py:190} INFO - [2025-01-19T19:25:22.074+0000] {override.py:1911} INFO - Created Permission View: can edit on DAG:example_setup_teardown
[2025-01-19T19:25:22.079+0000] {logging_mixin.py:190} INFO - [2025-01-19T19:25:22.079+0000] {override.py:1911} INFO - Created Permission View: can delete on DAG:example_setup_teardown
[2025-01-19T19:25:22.085+0000] {logging_mixin.py:190} INFO - [2025-01-19T19:25:22.085+0000] {override.py:1911} INFO - Created Permission View: can read on DAG Run:example_setup_teardown
[2025-01-19T19:25:22.090+0000] {logging_mixin.py:190} INFO - [2025-01-19T19:25:22.089+0000] {override.py:1911} INFO - Created Permission View: menu access on DAG Run:example_setup_teardown
[2025-01-19T19:25:22.095+0000] {logging_mixin.py:190} INFO - [2025-01-19T19:25:22.095+0000] {override.py:1911} INFO - Created Permission View: can create on DAG Run:example_setup_teardown
[2025-01-19T19:25:22.100+0000] {logging_mixin.py:190} INFO - [2025-01-19T19:25:22.099+0000] {override.py:1911} INFO - Created Permission View: can delete on DAG Run:example_setup_teardown
[2025-01-19T19:25:22.100+0000] {logging_mixin.py:190} INFO - [2025-01-19T19:25:22.100+0000] {dag.py:3239} INFO - Sync 1 DAGs
[2025-01-19T19:25:22.107+0000] {logging_mixin.py:190} INFO - [2025-01-19T19:25:22.107+0000] {dag.py:3262} INFO - Creating ORM DAG for example_setup_teardown
[2025-01-19T19:25:22.108+0000] {logging_mixin.py:190} INFO - [2025-01-19T19:25:22.108+0000] {dag.py:4180} INFO - Setting next_dagrun for example_setup_teardown to None, run_after=None
[2025-01-19T19:25:22.119+0000] {processor.py:208} INFO - Processing /home/airflow/.local/lib/python3.12/site-packages/airflow/example_dags/example_setup_teardown.py took 0.150 seconds
[2025-01-19T19:25:52.663+0000] {processor.py:186} INFO - Started process (PID=132) to work on /home/airflow/.local/lib/python3.12/site-packages/airflow/example_dags/example_setup_teardown.py
[2025-01-19T19:25:52.664+0000] {processor.py:914} INFO - Processing file /home/airflow/.local/lib/python3.12/site-packages/airflow/example_dags/example_setup_teardown.py for tasks to queue
[2025-01-19T19:25:52.665+0000] {logging_mixin.py:190} INFO - [2025-01-19T19:25:52.665+0000] {dagbag.py:588} INFO - Filling up the DagBag from /home/airflow/.local/lib/python3.12/site-packages/airflow/example_dags/example_setup_teardown.py
[2025-01-19T19:25:52.671+0000] {processor.py:925} INFO - DAG(s) 'example_setup_teardown' retrieved from /home/airflow/.local/lib/python3.12/site-packages/airflow/example_dags/example_setup_teardown.py
[2025-01-19T19:25:52.684+0000] {logging_mixin.py:190} INFO - [2025-01-19T19:25:52.684+0000] {dag.py:3239} INFO - Sync 1 DAGs
[2025-01-19T19:25:52.693+0000] {logging_mixin.py:190} INFO - [2025-01-19T19:25:52.692+0000] {dag.py:4180} INFO - Setting next_dagrun for example_setup_teardown to None, run_after=None
[2025-01-19T19:25:52.703+0000] {processor.py:208} INFO - Processing /home/airflow/.local/lib/python3.12/site-packages/airflow/example_dags/example_setup_teardown.py took 0.045 seconds
[2025-01-19T19:26:23.544+0000] {processor.py:186} INFO - Started process (PID=197) to work on /home/airflow/.local/lib/python3.12/site-packages/airflow/example_dags/example_setup_teardown.py
[2025-01-19T19:26:23.544+0000] {processor.py:914} INFO - Processing file /home/airflow/.local/lib/python3.12/site-packages/airflow/example_dags/example_setup_teardown.py for tasks to queue
[2025-01-19T19:26:23.546+0000] {logging_mixin.py:190} INFO - [2025-01-19T19:26:23.546+0000] {dagbag.py:588} INFO - Filling up the DagBag from /home/airflow/.local/lib/python3.12/site-packages/airflow/example_dags/example_setup_teardown.py
[2025-01-19T19:26:23.550+0000] {processor.py:925} INFO - DAG(s) 'example_setup_teardown' retrieved from /home/airflow/.local/lib/python3.12/site-packages/airflow/example_dags/example_setup_teardown.py
[2025-01-19T19:26:23.561+0000] {logging_mixin.py:190} INFO - [2025-01-19T19:26:23.561+0000] {dag.py:3239} INFO - Sync 1 DAGs
[2025-01-19T19:26:23.569+0000] {logging_mixin.py:190} INFO - [2025-01-19T19:26:23.569+0000] {dag.py:4180} INFO - Setting next_dagrun for example_setup_teardown to None, run_after=None
[2025-01-19T19:26:23.579+0000] {processor.py:208} INFO - Processing /home/airflow/.local/lib/python3.12/site-packages/airflow/example_dags/example_setup_teardown.py took 0.039 seconds
[2025-01-19T19:26:53.866+0000] {processor.py:186} INFO - Started process (PID=261) to work on /home/airflow/.local/lib/python3.12/site-packages/airflow/example_dags/example_setup_teardown.py
[2025-01-19T19:26:53.867+0000] {processor.py:914} INFO - Processing file /home/airflow/.local/lib/python3.12/site-packages/airflow/example_dags/example_setup_teardown.py for tasks to queue
[2025-01-19T19:26:53.868+0000] {logging_mixin.py:190} INFO - [2025-01-19T19:26:53.868+0000] {dagbag.py:588} INFO - Filling up the DagBag from /home/airflow/.local/lib/python3.12/site-packages/airflow/example_dags/example_setup_teardown.py
[2025-01-19T19:26:53.873+0000] {processor.py:925} INFO - DAG(s) 'example_setup_teardown' retrieved from /home/airflow/.local/lib/python3.12/site-packages/airflow/example_dags/example_setup_teardown.py
[2025-01-19T19:26:53.883+0000] {logging_mixin.py:190} INFO - [2025-01-19T19:26:53.883+0000] {dag.py:3239} INFO - Sync 1 DAGs
[2025-01-19T19:26:53.891+0000] {logging_mixin.py:190} INFO - [2025-01-19T19:26:53.891+0000] {dag.py:4180} INFO - Setting next_dagrun for example_setup_teardown to None, run_after=None
[2025-01-19T19:26:53.901+0000] {processor.py:208} INFO - Processing /home/airflow/.local/lib/python3.12/site-packages/airflow/example_dags/example_setup_teardown.py took 0.038 seconds
[2025-01-19T19:27:24.215+0000] {processor.py:186} INFO - Started process (PID=326) to work on /home/airflow/.local/lib/python3.12/site-packages/airflow/example_dags/example_setup_teardown.py
[2025-01-19T19:27:24.216+0000] {processor.py:914} INFO - Processing file /home/airflow/.local/lib/python3.12/site-packages/airflow/example_dags/example_setup_teardown.py for tasks to queue
[2025-01-19T19:27:24.217+0000] {logging_mixin.py:190} INFO - [2025-01-19T19:27:24.217+0000] {dagbag.py:588} INFO - Filling up the DagBag from /home/airflow/.local/lib/python3.12/site-packages/airflow/example_dags/example_setup_teardown.py
[2025-01-19T19:27:24.222+0000] {processor.py:925} INFO - DAG(s) 'example_setup_teardown' retrieved from /home/airflow/.local/lib/python3.12/site-packages/airflow/example_dags/example_setup_teardown.py
[2025-01-19T19:27:24.233+0000] {logging_mixin.py:190} INFO - [2025-01-19T19:27:24.233+0000] {dag.py:3239} INFO - Sync 1 DAGs
[2025-01-19T19:27:24.241+0000] {logging_mixin.py:190} INFO - [2025-01-19T19:27:24.241+0000] {dag.py:4180} INFO - Setting next_dagrun for example_setup_teardown to None, run_after=None
[2025-01-19T19:27:24.252+0000] {processor.py:208} INFO - Processing /home/airflow/.local/lib/python3.12/site-packages/airflow/example_dags/example_setup_teardown.py took 0.041 seconds
[2025-01-19T19:27:54.552+0000] {processor.py:186} INFO - Started process (PID=391) to work on /home/airflow/.local/lib/python3.12/site-packages/airflow/example_dags/example_setup_teardown.py
[2025-01-19T19:27:54.553+0000] {processor.py:914} INFO - Processing file /home/airflow/.local/lib/python3.12/site-packages/airflow/example_dags/example_setup_teardown.py for tasks to queue
[2025-01-19T19:27:54.554+0000] {logging_mixin.py:190} INFO - [2025-01-19T19:27:54.554+0000] {dagbag.py:588} INFO - Filling up the DagBag from /home/airflow/.local/lib/python3.12/site-packages/airflow/example_dags/example_setup_teardown.py
[2025-01-19T19:27:54.560+0000] {processor.py:925} INFO - DAG(s) 'example_setup_teardown' retrieved from /home/airflow/.local/lib/python3.12/site-packages/airflow/example_dags/example_setup_teardown.py
[2025-01-19T19:27:54.571+0000] {logging_mixin.py:190} INFO - [2025-01-19T19:27:54.571+0000] {dag.py:3239} INFO - Sync 1 DAGs
[2025-01-19T19:27:54.579+0000] {logging_mixin.py:190} INFO - [2025-01-19T19:27:54.579+0000] {dag.py:4180} INFO - Setting next_dagrun for example_setup_teardown to None, run_after=None
[2025-01-19T19:27:54.591+0000] {processor.py:208} INFO - Processing /home/airflow/.local/lib/python3.12/site-packages/airflow/example_dags/example_setup_teardown.py took 0.043 seconds
[2025-01-19T19:28:25.455+0000] {processor.py:186} INFO - Started process (PID=456) to work on /home/airflow/.local/lib/python3.12/site-packages/airflow/example_dags/example_setup_teardown.py
[2025-01-19T19:28:25.455+0000] {processor.py:914} INFO - Processing file /home/airflow/.local/lib/python3.12/site-packages/airflow/example_dags/example_setup_teardown.py for tasks to queue
[2025-01-19T19:28:25.457+0000] {logging_mixin.py:190} INFO - [2025-01-19T19:28:25.457+0000] {dagbag.py:588} INFO - Filling up the DagBag from /home/airflow/.local/lib/python3.12/site-packages/airflow/example_dags/example_setup_teardown.py
[2025-01-19T19:28:25.462+0000] {processor.py:925} INFO - DAG(s) 'example_setup_teardown' retrieved from /home/airflow/.local/lib/python3.12/site-packages/airflow/example_dags/example_setup_teardown.py
[2025-01-19T19:28:25.474+0000] {logging_mixin.py:190} INFO - [2025-01-19T19:28:25.474+0000] {dag.py:3239} INFO - Sync 1 DAGs
[2025-01-19T19:28:25.482+0000] {logging_mixin.py:190} INFO - [2025-01-19T19:28:25.482+0000] {dag.py:4180} INFO - Setting next_dagrun for example_setup_teardown to None, run_after=None
[2025-01-19T19:28:25.493+0000] {processor.py:208} INFO - Processing /home/airflow/.local/lib/python3.12/site-packages/airflow/example_dags/example_setup_teardown.py took 0.042 seconds
[2025-01-19T19:28:55.574+0000] {processor.py:186} INFO - Started process (PID=521) to work on /home/airflow/.local/lib/python3.12/site-packages/airflow/example_dags/example_setup_teardown.py
[2025-01-19T19:28:55.574+0000] {processor.py:914} INFO - Processing file /home/airflow/.local/lib/python3.12/site-packages/airflow/example_dags/example_setup_teardown.py for tasks to queue
[2025-01-19T19:28:55.576+0000] {logging_mixin.py:190} INFO - [2025-01-19T19:28:55.575+0000] {dagbag.py:588} INFO - Filling up the DagBag from /home/airflow/.local/lib/python3.12/site-packages/airflow/example_dags/example_setup_teardown.py
[2025-01-19T19:28:55.580+0000] {processor.py:925} INFO - DAG(s) 'example_setup_teardown' retrieved from /home/airflow/.local/lib/python3.12/site-packages/airflow/example_dags/example_setup_teardown.py
[2025-01-19T19:28:55.590+0000] {logging_mixin.py:190} INFO - [2025-01-19T19:28:55.590+0000] {dag.py:3239} INFO - Sync 1 DAGs
[2025-01-19T19:28:55.598+0000] {logging_mixin.py:190} INFO - [2025-01-19T19:28:55.598+0000] {dag.py:4180} INFO - Setting next_dagrun for example_setup_teardown to None, run_after=None
[2025-01-19T19:28:55.608+0000] {processor.py:208} INFO - Processing /home/airflow/.local/lib/python3.12/site-packages/airflow/example_dags/example_setup_teardown.py took 0.037 seconds
[2025-01-19T19:29:25.862+0000] {processor.py:186} INFO - Started process (PID=586) to work on /home/airflow/.local/lib/python3.12/site-packages/airflow/example_dags/example_setup_teardown.py
[2025-01-19T19:29:25.863+0000] {processor.py:914} INFO - Processing file /home/airflow/.local/lib/python3.12/site-packages/airflow/example_dags/example_setup_teardown.py for tasks to queue
[2025-01-19T19:29:25.864+0000] {logging_mixin.py:190} INFO - [2025-01-19T19:29:25.864+0000] {dagbag.py:588} INFO - Filling up the DagBag from /home/airflow/.local/lib/python3.12/site-packages/airflow/example_dags/example_setup_teardown.py
[2025-01-19T19:29:25.870+0000] {processor.py:925} INFO - DAG(s) 'example_setup_teardown' retrieved from /home/airflow/.local/lib/python3.12/site-packages/airflow/example_dags/example_setup_teardown.py
[2025-01-19T19:29:25.882+0000] {logging_mixin.py:190} INFO - [2025-01-19T19:29:25.882+0000] {dag.py:3239} INFO - Sync 1 DAGs
[2025-01-19T19:29:25.890+0000] {logging_mixin.py:190} INFO - [2025-01-19T19:29:25.890+0000] {dag.py:4180} INFO - Setting next_dagrun for example_setup_teardown to None, run_after=None
[2025-01-19T19:29:25.903+0000] {processor.py:208} INFO - Processing /home/airflow/.local/lib/python3.12/site-packages/airflow/example_dags/example_setup_teardown.py took 0.045 seconds
[2025-01-19T19:29:56.894+0000] {processor.py:186} INFO - Started process (PID=651) to work on /home/airflow/.local/lib/python3.12/site-packages/airflow/example_dags/example_setup_teardown.py
[2025-01-19T19:29:56.911+0000] {processor.py:914} INFO - Processing file /home/airflow/.local/lib/python3.12/site-packages/airflow/example_dags/example_setup_teardown.py for tasks to queue
[2025-01-19T19:29:56.913+0000] {logging_mixin.py:190} INFO - [2025-01-19T19:29:56.913+0000] {dagbag.py:588} INFO - Filling up the DagBag from /home/airflow/.local/lib/python3.12/site-packages/airflow/example_dags/example_setup_teardown.py
[2025-01-19T19:29:56.918+0000] {processor.py:925} INFO - DAG(s) 'example_setup_teardown' retrieved from /home/airflow/.local/lib/python3.12/site-packages/airflow/example_dags/example_setup_teardown.py
[2025-01-19T19:29:56.930+0000] {logging_mixin.py:190} INFO - [2025-01-19T19:29:56.930+0000] {dag.py:3239} INFO - Sync 1 DAGs
[2025-01-19T19:29:56.938+0000] {logging_mixin.py:190} INFO - [2025-01-19T19:29:56.938+0000] {dag.py:4180} INFO - Setting next_dagrun for example_setup_teardown to None, run_after=None
[2025-01-19T19:29:56.949+0000] {processor.py:208} INFO - Processing /home/airflow/.local/lib/python3.12/site-packages/airflow/example_dags/example_setup_teardown.py took 0.059 seconds
[2025-01-19T19:30:27.180+0000] {processor.py:186} INFO - Started process (PID=716) to work on /home/airflow/.local/lib/python3.12/site-packages/airflow/example_dags/example_setup_teardown.py
[2025-01-19T19:30:27.180+0000] {processor.py:914} INFO - Processing file /home/airflow/.local/lib/python3.12/site-packages/airflow/example_dags/example_setup_teardown.py for tasks to queue
[2025-01-19T19:30:27.182+0000] {logging_mixin.py:190} INFO - [2025-01-19T19:30:27.182+0000] {dagbag.py:588} INFO - Filling up the DagBag from /home/airflow/.local/lib/python3.12/site-packages/airflow/example_dags/example_setup_teardown.py
[2025-01-19T19:30:27.187+0000] {processor.py:925} INFO - DAG(s) 'example_setup_teardown' retrieved from /home/airflow/.local/lib/python3.12/site-packages/airflow/example_dags/example_setup_teardown.py
[2025-01-19T19:30:27.197+0000] {logging_mixin.py:190} INFO - [2025-01-19T19:30:27.197+0000] {dag.py:3239} INFO - Sync 1 DAGs
[2025-01-19T19:30:27.205+0000] {logging_mixin.py:190} INFO - [2025-01-19T19:30:27.205+0000] {dag.py:4180} INFO - Setting next_dagrun for example_setup_teardown to None, run_after=None
[2025-01-19T19:30:27.215+0000] {processor.py:208} INFO - Processing /home/airflow/.local/lib/python3.12/site-packages/airflow/example_dags/example_setup_teardown.py took 0.039 seconds
[2025-01-19T19:30:57.839+0000] {processor.py:186} INFO - Started process (PID=781) to work on /home/airflow/.local/lib/python3.12/site-packages/airflow/example_dags/example_setup_teardown.py
[2025-01-19T19:30:57.840+0000] {processor.py:914} INFO - Processing file /home/airflow/.local/lib/python3.12/site-packages/airflow/example_dags/example_setup_teardown.py for tasks to queue
[2025-01-19T19:30:57.841+0000] {logging_mixin.py:190} INFO - [2025-01-19T19:30:57.841+0000] {dagbag.py:588} INFO - Filling up the DagBag from /home/airflow/.local/lib/python3.12/site-packages/airflow/example_dags/example_setup_teardown.py
[2025-01-19T19:30:57.846+0000] {processor.py:925} INFO - DAG(s) 'example_setup_teardown' retrieved from /home/airflow/.local/lib/python3.12/site-packages/airflow/example_dags/example_setup_teardown.py
[2025-01-19T19:30:57.857+0000] {logging_mixin.py:190} INFO - [2025-01-19T19:30:57.857+0000] {dag.py:3239} INFO - Sync 1 DAGs
[2025-01-19T19:30:57.866+0000] {logging_mixin.py:190} INFO - [2025-01-19T19:30:57.866+0000] {dag.py:4180} INFO - Setting next_dagrun for example_setup_teardown to None, run_after=None
[2025-01-19T19:30:57.877+0000] {processor.py:208} INFO - Processing /home/airflow/.local/lib/python3.12/site-packages/airflow/example_dags/example_setup_teardown.py took 0.041 seconds
[2025-01-19T19:31:28.175+0000] {processor.py:186} INFO - Started process (PID=846) to work on /home/airflow/.local/lib/python3.12/site-packages/airflow/example_dags/example_setup_teardown.py
[2025-01-19T19:31:28.176+0000] {processor.py:914} INFO - Processing file /home/airflow/.local/lib/python3.12/site-packages/airflow/example_dags/example_setup_teardown.py for tasks to queue
[2025-01-19T19:31:28.177+0000] {logging_mixin.py:190} INFO - [2025-01-19T19:31:28.177+0000] {dagbag.py:588} INFO - Filling up the DagBag from /home/airflow/.local/lib/python3.12/site-packages/airflow/example_dags/example_setup_teardown.py
[2025-01-19T19:31:28.183+0000] {processor.py:925} INFO - DAG(s) 'example_setup_teardown' retrieved from /home/airflow/.local/lib/python3.12/site-packages/airflow/example_dags/example_setup_teardown.py
[2025-01-19T19:31:28.194+0000] {logging_mixin.py:190} INFO - [2025-01-19T19:31:28.194+0000] {dag.py:3239} INFO - Sync 1 DAGs
[2025-01-19T19:31:28.202+0000] {logging_mixin.py:190} INFO - [2025-01-19T19:31:28.202+0000] {dag.py:4180} INFO - Setting next_dagrun for example_setup_teardown to None, run_after=None
[2025-01-19T19:31:28.212+0000] {processor.py:208} INFO - Processing /home/airflow/.local/lib/python3.12/site-packages/airflow/example_dags/example_setup_teardown.py took 0.040 seconds
[2025-01-19T19:31:58.784+0000] {processor.py:186} INFO - Started process (PID=911) to work on /home/airflow/.local/lib/python3.12/site-packages/airflow/example_dags/example_setup_teardown.py
[2025-01-19T19:31:58.785+0000] {processor.py:914} INFO - Processing file /home/airflow/.local/lib/python3.12/site-packages/airflow/example_dags/example_setup_teardown.py for tasks to queue
[2025-01-19T19:31:58.786+0000] {logging_mixin.py:190} INFO - [2025-01-19T19:31:58.786+0000] {dagbag.py:588} INFO - Filling up the DagBag from /home/airflow/.local/lib/python3.12/site-packages/airflow/example_dags/example_setup_teardown.py
[2025-01-19T19:31:58.792+0000] {processor.py:925} INFO - DAG(s) 'example_setup_teardown' retrieved from /home/airflow/.local/lib/python3.12/site-packages/airflow/example_dags/example_setup_teardown.py
[2025-01-19T19:31:58.805+0000] {logging_mixin.py:190} INFO - [2025-01-19T19:31:58.805+0000] {dag.py:3239} INFO - Sync 1 DAGs
[2025-01-19T19:31:58.813+0000] {logging_mixin.py:190} INFO - [2025-01-19T19:31:58.812+0000] {dag.py:4180} INFO - Setting next_dagrun for example_setup_teardown to None, run_after=None
[2025-01-19T19:31:58.825+0000] {processor.py:208} INFO - Processing /home/airflow/.local/lib/python3.12/site-packages/airflow/example_dags/example_setup_teardown.py took 0.045 seconds
[2025-01-19T19:32:29.771+0000] {processor.py:186} INFO - Started process (PID=976) to work on /home/airflow/.local/lib/python3.12/site-packages/airflow/example_dags/example_setup_teardown.py
[2025-01-19T19:32:29.772+0000] {processor.py:914} INFO - Processing file /home/airflow/.local/lib/python3.12/site-packages/airflow/example_dags/example_setup_teardown.py for tasks to queue
[2025-01-19T19:32:29.773+0000] {logging_mixin.py:190} INFO - [2025-01-19T19:32:29.773+0000] {dagbag.py:588} INFO - Filling up the DagBag from /home/airflow/.local/lib/python3.12/site-packages/airflow/example_dags/example_setup_teardown.py
[2025-01-19T19:32:29.778+0000] {processor.py:925} INFO - DAG(s) 'example_setup_teardown' retrieved from /home/airflow/.local/lib/python3.12/site-packages/airflow/example_dags/example_setup_teardown.py
[2025-01-19T19:32:29.790+0000] {logging_mixin.py:190} INFO - [2025-01-19T19:32:29.790+0000] {dag.py:3239} INFO - Sync 1 DAGs
[2025-01-19T19:32:29.798+0000] {logging_mixin.py:190} INFO - [2025-01-19T19:32:29.798+0000] {dag.py:4180} INFO - Setting next_dagrun for example_setup_teardown to None, run_after=None
[2025-01-19T19:32:29.808+0000] {processor.py:208} INFO - Processing /home/airflow/.local/lib/python3.12/site-packages/airflow/example_dags/example_setup_teardown.py took 0.041 seconds
[2025-01-19T19:33:00.402+0000] {processor.py:186} INFO - Started process (PID=1041) to work on /home/airflow/.local/lib/python3.12/site-packages/airflow/example_dags/example_setup_teardown.py
[2025-01-19T19:33:00.402+0000] {processor.py:914} INFO - Processing file /home/airflow/.local/lib/python3.12/site-packages/airflow/example_dags/example_setup_teardown.py for tasks to queue
[2025-01-19T19:33:00.404+0000] {logging_mixin.py:190} INFO - [2025-01-19T19:33:00.404+0000] {dagbag.py:588} INFO - Filling up the DagBag from /home/airflow/.local/lib/python3.12/site-packages/airflow/example_dags/example_setup_teardown.py
[2025-01-19T19:33:00.409+0000] {processor.py:925} INFO - DAG(s) 'example_setup_teardown' retrieved from /home/airflow/.local/lib/python3.12/site-packages/airflow/example_dags/example_setup_teardown.py
[2025-01-19T19:33:00.424+0000] {logging_mixin.py:190} INFO - [2025-01-19T19:33:00.424+0000] {dag.py:3239} INFO - Sync 1 DAGs
[2025-01-19T19:33:00.431+0000] {logging_mixin.py:190} INFO - [2025-01-19T19:33:00.431+0000] {dag.py:4180} INFO - Setting next_dagrun for example_setup_teardown to None, run_after=None
[2025-01-19T19:33:00.441+0000] {processor.py:208} INFO - Processing /home/airflow/.local/lib/python3.12/site-packages/airflow/example_dags/example_setup_teardown.py took 0.043 seconds
[2025-01-19T19:33:31.488+0000] {processor.py:186} INFO - Started process (PID=1106) to work on /home/airflow/.local/lib/python3.12/site-packages/airflow/example_dags/example_setup_teardown.py
[2025-01-19T19:33:31.489+0000] {processor.py:914} INFO - Processing file /home/airflow/.local/lib/python3.12/site-packages/airflow/example_dags/example_setup_teardown.py for tasks to queue
[2025-01-19T19:33:31.492+0000] {logging_mixin.py:190} INFO - [2025-01-19T19:33:31.491+0000] {dagbag.py:588} INFO - Filling up the DagBag from /home/airflow/.local/lib/python3.12/site-packages/airflow/example_dags/example_setup_teardown.py
[2025-01-19T19:33:31.500+0000] {processor.py:925} INFO - DAG(s) 'example_setup_teardown' retrieved from /home/airflow/.local/lib/python3.12/site-packages/airflow/example_dags/example_setup_teardown.py
[2025-01-19T19:33:31.516+0000] {logging_mixin.py:190} INFO - [2025-01-19T19:33:31.516+0000] {dag.py:3239} INFO - Sync 1 DAGs
[2025-01-19T19:33:31.528+0000] {logging_mixin.py:190} INFO - [2025-01-19T19:33:31.528+0000] {dag.py:4180} INFO - Setting next_dagrun for example_setup_teardown to None, run_after=None
[2025-01-19T19:33:31.541+0000] {processor.py:208} INFO - Processing /home/airflow/.local/lib/python3.12/site-packages/airflow/example_dags/example_setup_teardown.py took 0.058 seconds
[2025-01-19T19:34:46.029+0000] {processor.py:186} INFO - Started process (PID=67) to work on /home/airflow/.local/lib/python3.12/site-packages/airflow/example_dags/example_setup_teardown.py
[2025-01-19T19:34:46.030+0000] {processor.py:914} INFO - Processing file /home/airflow/.local/lib/python3.12/site-packages/airflow/example_dags/example_setup_teardown.py for tasks to queue
[2025-01-19T19:34:46.032+0000] {logging_mixin.py:190} INFO - [2025-01-19T19:34:46.032+0000] {dagbag.py:588} INFO - Filling up the DagBag from /home/airflow/.local/lib/python3.12/site-packages/airflow/example_dags/example_setup_teardown.py
[2025-01-19T19:34:46.037+0000] {processor.py:925} INFO - DAG(s) 'example_setup_teardown' retrieved from /home/airflow/.local/lib/python3.12/site-packages/airflow/example_dags/example_setup_teardown.py
[2025-01-19T19:34:46.052+0000] {logging_mixin.py:190} INFO - [2025-01-19T19:34:46.052+0000] {dag.py:3239} INFO - Sync 1 DAGs
[2025-01-19T19:34:46.060+0000] {logging_mixin.py:190} INFO - [2025-01-19T19:34:46.060+0000] {dag.py:4180} INFO - Setting next_dagrun for example_setup_teardown to None, run_after=None
[2025-01-19T19:34:46.070+0000] {processor.py:208} INFO - Processing /home/airflow/.local/lib/python3.12/site-packages/airflow/example_dags/example_setup_teardown.py took 0.044 seconds
[2025-01-19T19:35:16.142+0000] {processor.py:186} INFO - Started process (PID=131) to work on /home/airflow/.local/lib/python3.12/site-packages/airflow/example_dags/example_setup_teardown.py
[2025-01-19T19:35:16.142+0000] {processor.py:914} INFO - Processing file /home/airflow/.local/lib/python3.12/site-packages/airflow/example_dags/example_setup_teardown.py for tasks to queue
[2025-01-19T19:35:16.144+0000] {logging_mixin.py:190} INFO - [2025-01-19T19:35:16.144+0000] {dagbag.py:588} INFO - Filling up the DagBag from /home/airflow/.local/lib/python3.12/site-packages/airflow/example_dags/example_setup_teardown.py
[2025-01-19T19:35:16.149+0000] {processor.py:925} INFO - DAG(s) 'example_setup_teardown' retrieved from /home/airflow/.local/lib/python3.12/site-packages/airflow/example_dags/example_setup_teardown.py
[2025-01-19T19:35:16.159+0000] {logging_mixin.py:190} INFO - [2025-01-19T19:35:16.159+0000] {dag.py:3239} INFO - Sync 1 DAGs
[2025-01-19T19:35:16.168+0000] {logging_mixin.py:190} INFO - [2025-01-19T19:35:16.168+0000] {dag.py:4180} INFO - Setting next_dagrun for example_setup_teardown to None, run_after=None
[2025-01-19T19:35:16.177+0000] {processor.py:208} INFO - Processing /home/airflow/.local/lib/python3.12/site-packages/airflow/example_dags/example_setup_teardown.py took 0.039 seconds
[2025-01-19T19:35:46.771+0000] {processor.py:186} INFO - Started process (PID=198) to work on /home/airflow/.local/lib/python3.12/site-packages/airflow/example_dags/example_setup_teardown.py
[2025-01-19T19:35:46.772+0000] {processor.py:914} INFO - Processing file /home/airflow/.local/lib/python3.12/site-packages/airflow/example_dags/example_setup_teardown.py for tasks to queue
[2025-01-19T19:35:46.774+0000] {logging_mixin.py:190} INFO - [2025-01-19T19:35:46.773+0000] {dagbag.py:588} INFO - Filling up the DagBag from /home/airflow/.local/lib/python3.12/site-packages/airflow/example_dags/example_setup_teardown.py
[2025-01-19T19:35:46.779+0000] {processor.py:925} INFO - DAG(s) 'example_setup_teardown' retrieved from /home/airflow/.local/lib/python3.12/site-packages/airflow/example_dags/example_setup_teardown.py
[2025-01-19T19:35:46.792+0000] {logging_mixin.py:190} INFO - [2025-01-19T19:35:46.791+0000] {dag.py:3239} INFO - Sync 1 DAGs
[2025-01-19T19:35:46.800+0000] {logging_mixin.py:190} INFO - [2025-01-19T19:35:46.800+0000] {dag.py:4180} INFO - Setting next_dagrun for example_setup_teardown to None, run_after=None
[2025-01-19T19:35:46.812+0000] {processor.py:208} INFO - Processing /home/airflow/.local/lib/python3.12/site-packages/airflow/example_dags/example_setup_teardown.py took 0.045 seconds
[2025-01-19T19:36:16.855+0000] {processor.py:186} INFO - Started process (PID=262) to work on /home/airflow/.local/lib/python3.12/site-packages/airflow/example_dags/example_setup_teardown.py
[2025-01-19T19:36:16.855+0000] {processor.py:914} INFO - Processing file /home/airflow/.local/lib/python3.12/site-packages/airflow/example_dags/example_setup_teardown.py for tasks to queue
[2025-01-19T19:36:16.857+0000] {logging_mixin.py:190} INFO - [2025-01-19T19:36:16.857+0000] {dagbag.py:588} INFO - Filling up the DagBag from /home/airflow/.local/lib/python3.12/site-packages/airflow/example_dags/example_setup_teardown.py
[2025-01-19T19:36:16.862+0000] {processor.py:925} INFO - DAG(s) 'example_setup_teardown' retrieved from /home/airflow/.local/lib/python3.12/site-packages/airflow/example_dags/example_setup_teardown.py
[2025-01-19T19:36:16.872+0000] {logging_mixin.py:190} INFO - [2025-01-19T19:36:16.872+0000] {dag.py:3239} INFO - Sync 1 DAGs
[2025-01-19T19:36:16.880+0000] {logging_mixin.py:190} INFO - [2025-01-19T19:36:16.880+0000] {dag.py:4180} INFO - Setting next_dagrun for example_setup_teardown to None, run_after=None
[2025-01-19T19:36:16.889+0000] {processor.py:208} INFO - Processing /home/airflow/.local/lib/python3.12/site-packages/airflow/example_dags/example_setup_teardown.py took 0.038 seconds
[2025-01-19T19:36:47.719+0000] {processor.py:186} INFO - Started process (PID=328) to work on /home/airflow/.local/lib/python3.12/site-packages/airflow/example_dags/example_setup_teardown.py
[2025-01-19T19:36:47.720+0000] {processor.py:914} INFO - Processing file /home/airflow/.local/lib/python3.12/site-packages/airflow/example_dags/example_setup_teardown.py for tasks to queue
[2025-01-19T19:36:47.722+0000] {logging_mixin.py:190} INFO - [2025-01-19T19:36:47.721+0000] {dagbag.py:588} INFO - Filling up the DagBag from /home/airflow/.local/lib/python3.12/site-packages/airflow/example_dags/example_setup_teardown.py
[2025-01-19T19:36:47.727+0000] {processor.py:925} INFO - DAG(s) 'example_setup_teardown' retrieved from /home/airflow/.local/lib/python3.12/site-packages/airflow/example_dags/example_setup_teardown.py
[2025-01-19T19:36:47.738+0000] {logging_mixin.py:190} INFO - [2025-01-19T19:36:47.738+0000] {dag.py:3239} INFO - Sync 1 DAGs
[2025-01-19T19:36:47.746+0000] {logging_mixin.py:190} INFO - [2025-01-19T19:36:47.746+0000] {dag.py:4180} INFO - Setting next_dagrun for example_setup_teardown to None, run_after=None
[2025-01-19T19:36:47.757+0000] {processor.py:208} INFO - Processing /home/airflow/.local/lib/python3.12/site-packages/airflow/example_dags/example_setup_teardown.py took 0.041 seconds
