[2025-01-19T19:25:25.794+0000] {processor.py:186} INFO - Started process (PID=87) to work on /home/airflow/.local/lib/python3.12/site-packages/airflow/example_dags/example_trigger_target_dag.py
[2025-01-19T19:25:25.795+0000] {processor.py:914} INFO - Processing file /home/airflow/.local/lib/python3.12/site-packages/airflow/example_dags/example_trigger_target_dag.py for tasks to queue
[2025-01-19T19:25:25.796+0000] {logging_mixin.py:190} INFO - [2025-01-19T19:25:25.796+0000] {dagbag.py:588} INFO - Filling up the DagBag from /home/airflow/.local/lib/python3.12/site-packages/airflow/example_dags/example_trigger_target_dag.py
[2025-01-19T19:25:25.829+0000] {processor.py:925} INFO - DAG(s) 'example_trigger_target_dag' retrieved from /home/airflow/.local/lib/python3.12/site-packages/airflow/example_dags/example_trigger_target_dag.py
[2025-01-19T19:25:25.897+0000] {logging_mixin.py:190} INFO - [2025-01-19T19:25:25.897+0000] {override.py:1911} INFO - Created Permission View: can read on DAG:example_trigger_target_dag
[2025-01-19T19:25:25.904+0000] {logging_mixin.py:190} INFO - [2025-01-19T19:25:25.904+0000] {override.py:1911} INFO - Created Permission View: can edit on DAG:example_trigger_target_dag
[2025-01-19T19:25:25.909+0000] {logging_mixin.py:190} INFO - [2025-01-19T19:25:25.909+0000] {override.py:1911} INFO - Created Permission View: can delete on DAG:example_trigger_target_dag
[2025-01-19T19:25:25.915+0000] {logging_mixin.py:190} INFO - [2025-01-19T19:25:25.915+0000] {override.py:1911} INFO - Created Permission View: can read on DAG Run:example_trigger_target_dag
[2025-01-19T19:25:25.920+0000] {logging_mixin.py:190} INFO - [2025-01-19T19:25:25.920+0000] {override.py:1911} INFO - Created Permission View: menu access on DAG Run:example_trigger_target_dag
[2025-01-19T19:25:25.925+0000] {logging_mixin.py:190} INFO - [2025-01-19T19:25:25.925+0000] {override.py:1911} INFO - Created Permission View: can create on DAG Run:example_trigger_target_dag
[2025-01-19T19:25:25.930+0000] {logging_mixin.py:190} INFO - [2025-01-19T19:25:25.930+0000] {override.py:1911} INFO - Created Permission View: can delete on DAG Run:example_trigger_target_dag
[2025-01-19T19:25:25.930+0000] {logging_mixin.py:190} INFO - [2025-01-19T19:25:25.930+0000] {dag.py:3239} INFO - Sync 1 DAGs
[2025-01-19T19:25:25.938+0000] {logging_mixin.py:190} INFO - [2025-01-19T19:25:25.938+0000] {dag.py:3262} INFO - Creating ORM DAG for example_trigger_target_dag
[2025-01-19T19:25:25.939+0000] {logging_mixin.py:190} INFO - [2025-01-19T19:25:25.939+0000] {dag.py:4180} INFO - Setting next_dagrun for example_trigger_target_dag to None, run_after=None
[2025-01-19T19:25:25.950+0000] {processor.py:208} INFO - Processing /home/airflow/.local/lib/python3.12/site-packages/airflow/example_dags/example_trigger_target_dag.py took 0.160 seconds
[2025-01-19T19:25:56.440+0000] {processor.py:186} INFO - Started process (PID=152) to work on /home/airflow/.local/lib/python3.12/site-packages/airflow/example_dags/example_trigger_target_dag.py
[2025-01-19T19:25:56.441+0000] {processor.py:914} INFO - Processing file /home/airflow/.local/lib/python3.12/site-packages/airflow/example_dags/example_trigger_target_dag.py for tasks to queue
[2025-01-19T19:25:56.442+0000] {logging_mixin.py:190} INFO - [2025-01-19T19:25:56.442+0000] {dagbag.py:588} INFO - Filling up the DagBag from /home/airflow/.local/lib/python3.12/site-packages/airflow/example_dags/example_trigger_target_dag.py
[2025-01-19T19:25:56.447+0000] {processor.py:925} INFO - DAG(s) 'example_trigger_target_dag' retrieved from /home/airflow/.local/lib/python3.12/site-packages/airflow/example_dags/example_trigger_target_dag.py
[2025-01-19T19:25:56.457+0000] {logging_mixin.py:190} INFO - [2025-01-19T19:25:56.457+0000] {dag.py:3239} INFO - Sync 1 DAGs
[2025-01-19T19:25:56.465+0000] {logging_mixin.py:190} INFO - [2025-01-19T19:25:56.465+0000] {dag.py:4180} INFO - Setting next_dagrun for example_trigger_target_dag to None, run_after=None
[2025-01-19T19:25:56.475+0000] {processor.py:208} INFO - Processing /home/airflow/.local/lib/python3.12/site-packages/airflow/example_dags/example_trigger_target_dag.py took 0.038 seconds
[2025-01-19T19:26:26.978+0000] {processor.py:186} INFO - Started process (PID=217) to work on /home/airflow/.local/lib/python3.12/site-packages/airflow/example_dags/example_trigger_target_dag.py
[2025-01-19T19:26:26.979+0000] {processor.py:914} INFO - Processing file /home/airflow/.local/lib/python3.12/site-packages/airflow/example_dags/example_trigger_target_dag.py for tasks to queue
[2025-01-19T19:26:26.980+0000] {logging_mixin.py:190} INFO - [2025-01-19T19:26:26.980+0000] {dagbag.py:588} INFO - Filling up the DagBag from /home/airflow/.local/lib/python3.12/site-packages/airflow/example_dags/example_trigger_target_dag.py
[2025-01-19T19:26:26.985+0000] {processor.py:925} INFO - DAG(s) 'example_trigger_target_dag' retrieved from /home/airflow/.local/lib/python3.12/site-packages/airflow/example_dags/example_trigger_target_dag.py
[2025-01-19T19:26:26.996+0000] {logging_mixin.py:190} INFO - [2025-01-19T19:26:26.996+0000] {dag.py:3239} INFO - Sync 1 DAGs
[2025-01-19T19:26:27.004+0000] {logging_mixin.py:190} INFO - [2025-01-19T19:26:27.004+0000] {dag.py:4180} INFO - Setting next_dagrun for example_trigger_target_dag to None, run_after=None
[2025-01-19T19:26:27.015+0000] {processor.py:208} INFO - Processing /home/airflow/.local/lib/python3.12/site-packages/airflow/example_dags/example_trigger_target_dag.py took 0.041 seconds
[2025-01-19T19:26:58.131+0000] {processor.py:186} INFO - Started process (PID=282) to work on /home/airflow/.local/lib/python3.12/site-packages/airflow/example_dags/example_trigger_target_dag.py
[2025-01-19T19:26:58.132+0000] {processor.py:914} INFO - Processing file /home/airflow/.local/lib/python3.12/site-packages/airflow/example_dags/example_trigger_target_dag.py for tasks to queue
[2025-01-19T19:26:58.133+0000] {logging_mixin.py:190} INFO - [2025-01-19T19:26:58.133+0000] {dagbag.py:588} INFO - Filling up the DagBag from /home/airflow/.local/lib/python3.12/site-packages/airflow/example_dags/example_trigger_target_dag.py
[2025-01-19T19:26:58.138+0000] {processor.py:925} INFO - DAG(s) 'example_trigger_target_dag' retrieved from /home/airflow/.local/lib/python3.12/site-packages/airflow/example_dags/example_trigger_target_dag.py
[2025-01-19T19:26:58.148+0000] {logging_mixin.py:190} INFO - [2025-01-19T19:26:58.148+0000] {dag.py:3239} INFO - Sync 1 DAGs
[2025-01-19T19:26:58.155+0000] {logging_mixin.py:190} INFO - [2025-01-19T19:26:58.155+0000] {dag.py:4180} INFO - Setting next_dagrun for example_trigger_target_dag to None, run_after=None
[2025-01-19T19:26:58.165+0000] {processor.py:208} INFO - Processing /home/airflow/.local/lib/python3.12/site-packages/airflow/example_dags/example_trigger_target_dag.py took 0.037 seconds
[2025-01-19T19:27:28.670+0000] {processor.py:186} INFO - Started process (PID=347) to work on /home/airflow/.local/lib/python3.12/site-packages/airflow/example_dags/example_trigger_target_dag.py
[2025-01-19T19:27:28.671+0000] {processor.py:914} INFO - Processing file /home/airflow/.local/lib/python3.12/site-packages/airflow/example_dags/example_trigger_target_dag.py for tasks to queue
[2025-01-19T19:27:28.672+0000] {logging_mixin.py:190} INFO - [2025-01-19T19:27:28.672+0000] {dagbag.py:588} INFO - Filling up the DagBag from /home/airflow/.local/lib/python3.12/site-packages/airflow/example_dags/example_trigger_target_dag.py
[2025-01-19T19:27:28.677+0000] {processor.py:925} INFO - DAG(s) 'example_trigger_target_dag' retrieved from /home/airflow/.local/lib/python3.12/site-packages/airflow/example_dags/example_trigger_target_dag.py
[2025-01-19T19:27:28.687+0000] {logging_mixin.py:190} INFO - [2025-01-19T19:27:28.687+0000] {dag.py:3239} INFO - Sync 1 DAGs
[2025-01-19T19:27:28.695+0000] {logging_mixin.py:190} INFO - [2025-01-19T19:27:28.695+0000] {dag.py:4180} INFO - Setting next_dagrun for example_trigger_target_dag to None, run_after=None
[2025-01-19T19:27:28.705+0000] {processor.py:208} INFO - Processing /home/airflow/.local/lib/python3.12/site-packages/airflow/example_dags/example_trigger_target_dag.py took 0.038 seconds
[2025-01-19T19:27:59.176+0000] {processor.py:186} INFO - Started process (PID=412) to work on /home/airflow/.local/lib/python3.12/site-packages/airflow/example_dags/example_trigger_target_dag.py
[2025-01-19T19:27:59.178+0000] {processor.py:914} INFO - Processing file /home/airflow/.local/lib/python3.12/site-packages/airflow/example_dags/example_trigger_target_dag.py for tasks to queue
[2025-01-19T19:27:59.179+0000] {logging_mixin.py:190} INFO - [2025-01-19T19:27:59.179+0000] {dagbag.py:588} INFO - Filling up the DagBag from /home/airflow/.local/lib/python3.12/site-packages/airflow/example_dags/example_trigger_target_dag.py
[2025-01-19T19:27:59.185+0000] {processor.py:925} INFO - DAG(s) 'example_trigger_target_dag' retrieved from /home/airflow/.local/lib/python3.12/site-packages/airflow/example_dags/example_trigger_target_dag.py
[2025-01-19T19:27:59.196+0000] {logging_mixin.py:190} INFO - [2025-01-19T19:27:59.196+0000] {dag.py:3239} INFO - Sync 1 DAGs
[2025-01-19T19:27:59.204+0000] {logging_mixin.py:190} INFO - [2025-01-19T19:27:59.204+0000] {dag.py:4180} INFO - Setting next_dagrun for example_trigger_target_dag to None, run_after=None
[2025-01-19T19:27:59.215+0000] {processor.py:208} INFO - Processing /home/airflow/.local/lib/python3.12/site-packages/airflow/example_dags/example_trigger_target_dag.py took 0.042 seconds
[2025-01-19T19:28:29.675+0000] {processor.py:186} INFO - Started process (PID=476) to work on /home/airflow/.local/lib/python3.12/site-packages/airflow/example_dags/example_trigger_target_dag.py
[2025-01-19T19:28:29.676+0000] {processor.py:914} INFO - Processing file /home/airflow/.local/lib/python3.12/site-packages/airflow/example_dags/example_trigger_target_dag.py for tasks to queue
[2025-01-19T19:28:29.677+0000] {logging_mixin.py:190} INFO - [2025-01-19T19:28:29.677+0000] {dagbag.py:588} INFO - Filling up the DagBag from /home/airflow/.local/lib/python3.12/site-packages/airflow/example_dags/example_trigger_target_dag.py
[2025-01-19T19:28:29.682+0000] {processor.py:925} INFO - DAG(s) 'example_trigger_target_dag' retrieved from /home/airflow/.local/lib/python3.12/site-packages/airflow/example_dags/example_trigger_target_dag.py
[2025-01-19T19:28:29.692+0000] {logging_mixin.py:190} INFO - [2025-01-19T19:28:29.692+0000] {dag.py:3239} INFO - Sync 1 DAGs
[2025-01-19T19:28:29.700+0000] {logging_mixin.py:190} INFO - [2025-01-19T19:28:29.700+0000] {dag.py:4180} INFO - Setting next_dagrun for example_trigger_target_dag to None, run_after=None
[2025-01-19T19:28:29.711+0000] {processor.py:208} INFO - Processing /home/airflow/.local/lib/python3.12/site-packages/airflow/example_dags/example_trigger_target_dag.py took 0.039 seconds
[2025-01-19T19:29:00.293+0000] {processor.py:186} INFO - Started process (PID=541) to work on /home/airflow/.local/lib/python3.12/site-packages/airflow/example_dags/example_trigger_target_dag.py
[2025-01-19T19:29:00.294+0000] {processor.py:914} INFO - Processing file /home/airflow/.local/lib/python3.12/site-packages/airflow/example_dags/example_trigger_target_dag.py for tasks to queue
[2025-01-19T19:29:00.295+0000] {logging_mixin.py:190} INFO - [2025-01-19T19:29:00.295+0000] {dagbag.py:588} INFO - Filling up the DagBag from /home/airflow/.local/lib/python3.12/site-packages/airflow/example_dags/example_trigger_target_dag.py
[2025-01-19T19:29:00.300+0000] {processor.py:925} INFO - DAG(s) 'example_trigger_target_dag' retrieved from /home/airflow/.local/lib/python3.12/site-packages/airflow/example_dags/example_trigger_target_dag.py
[2025-01-19T19:29:00.313+0000] {logging_mixin.py:190} INFO - [2025-01-19T19:29:00.313+0000] {dag.py:3239} INFO - Sync 1 DAGs
[2025-01-19T19:29:00.320+0000] {logging_mixin.py:190} INFO - [2025-01-19T19:29:00.320+0000] {dag.py:4180} INFO - Setting next_dagrun for example_trigger_target_dag to None, run_after=None
[2025-01-19T19:29:00.331+0000] {processor.py:208} INFO - Processing /home/airflow/.local/lib/python3.12/site-packages/airflow/example_dags/example_trigger_target_dag.py took 0.042 seconds
[2025-01-19T19:29:31.379+0000] {processor.py:186} INFO - Started process (PID=606) to work on /home/airflow/.local/lib/python3.12/site-packages/airflow/example_dags/example_trigger_target_dag.py
[2025-01-19T19:29:31.380+0000] {processor.py:914} INFO - Processing file /home/airflow/.local/lib/python3.12/site-packages/airflow/example_dags/example_trigger_target_dag.py for tasks to queue
[2025-01-19T19:29:31.382+0000] {logging_mixin.py:190} INFO - [2025-01-19T19:29:31.382+0000] {dagbag.py:588} INFO - Filling up the DagBag from /home/airflow/.local/lib/python3.12/site-packages/airflow/example_dags/example_trigger_target_dag.py
[2025-01-19T19:29:31.387+0000] {processor.py:925} INFO - DAG(s) 'example_trigger_target_dag' retrieved from /home/airflow/.local/lib/python3.12/site-packages/airflow/example_dags/example_trigger_target_dag.py
[2025-01-19T19:29:31.398+0000] {logging_mixin.py:190} INFO - [2025-01-19T19:29:31.398+0000] {dag.py:3239} INFO - Sync 1 DAGs
[2025-01-19T19:29:31.410+0000] {logging_mixin.py:190} INFO - [2025-01-19T19:29:31.410+0000] {dag.py:4180} INFO - Setting next_dagrun for example_trigger_target_dag to None, run_after=None
[2025-01-19T19:29:31.429+0000] {processor.py:208} INFO - Processing /home/airflow/.local/lib/python3.12/site-packages/airflow/example_dags/example_trigger_target_dag.py took 0.053 seconds
[2025-01-19T19:30:02.021+0000] {processor.py:186} INFO - Started process (PID=672) to work on /home/airflow/.local/lib/python3.12/site-packages/airflow/example_dags/example_trigger_target_dag.py
[2025-01-19T19:30:02.021+0000] {processor.py:914} INFO - Processing file /home/airflow/.local/lib/python3.12/site-packages/airflow/example_dags/example_trigger_target_dag.py for tasks to queue
[2025-01-19T19:30:02.023+0000] {logging_mixin.py:190} INFO - [2025-01-19T19:30:02.023+0000] {dagbag.py:588} INFO - Filling up the DagBag from /home/airflow/.local/lib/python3.12/site-packages/airflow/example_dags/example_trigger_target_dag.py
[2025-01-19T19:30:02.027+0000] {processor.py:925} INFO - DAG(s) 'example_trigger_target_dag' retrieved from /home/airflow/.local/lib/python3.12/site-packages/airflow/example_dags/example_trigger_target_dag.py
[2025-01-19T19:30:02.039+0000] {logging_mixin.py:190} INFO - [2025-01-19T19:30:02.039+0000] {dag.py:3239} INFO - Sync 1 DAGs
[2025-01-19T19:30:02.048+0000] {logging_mixin.py:190} INFO - [2025-01-19T19:30:02.048+0000] {dag.py:4180} INFO - Setting next_dagrun for example_trigger_target_dag to None, run_after=None
[2025-01-19T19:30:02.060+0000] {processor.py:208} INFO - Processing /home/airflow/.local/lib/python3.12/site-packages/airflow/example_dags/example_trigger_target_dag.py took 0.042 seconds
[2025-01-19T19:30:32.655+0000] {processor.py:186} INFO - Started process (PID=736) to work on /home/airflow/.local/lib/python3.12/site-packages/airflow/example_dags/example_trigger_target_dag.py
[2025-01-19T19:30:32.655+0000] {processor.py:914} INFO - Processing file /home/airflow/.local/lib/python3.12/site-packages/airflow/example_dags/example_trigger_target_dag.py for tasks to queue
[2025-01-19T19:30:32.657+0000] {logging_mixin.py:190} INFO - [2025-01-19T19:30:32.657+0000] {dagbag.py:588} INFO - Filling up the DagBag from /home/airflow/.local/lib/python3.12/site-packages/airflow/example_dags/example_trigger_target_dag.py
[2025-01-19T19:30:32.663+0000] {processor.py:925} INFO - DAG(s) 'example_trigger_target_dag' retrieved from /home/airflow/.local/lib/python3.12/site-packages/airflow/example_dags/example_trigger_target_dag.py
[2025-01-19T19:30:32.676+0000] {logging_mixin.py:190} INFO - [2025-01-19T19:30:32.676+0000] {dag.py:3239} INFO - Sync 1 DAGs
[2025-01-19T19:30:32.689+0000] {logging_mixin.py:190} INFO - [2025-01-19T19:30:32.689+0000] {dag.py:4180} INFO - Setting next_dagrun for example_trigger_target_dag to None, run_after=None
[2025-01-19T19:30:32.701+0000] {processor.py:208} INFO - Processing /home/airflow/.local/lib/python3.12/site-packages/airflow/example_dags/example_trigger_target_dag.py took 0.050 seconds
[2025-01-19T19:31:02.818+0000] {processor.py:186} INFO - Started process (PID=801) to work on /home/airflow/.local/lib/python3.12/site-packages/airflow/example_dags/example_trigger_target_dag.py
[2025-01-19T19:31:02.818+0000] {processor.py:914} INFO - Processing file /home/airflow/.local/lib/python3.12/site-packages/airflow/example_dags/example_trigger_target_dag.py for tasks to queue
[2025-01-19T19:31:02.820+0000] {logging_mixin.py:190} INFO - [2025-01-19T19:31:02.820+0000] {dagbag.py:588} INFO - Filling up the DagBag from /home/airflow/.local/lib/python3.12/site-packages/airflow/example_dags/example_trigger_target_dag.py
[2025-01-19T19:31:02.825+0000] {processor.py:925} INFO - DAG(s) 'example_trigger_target_dag' retrieved from /home/airflow/.local/lib/python3.12/site-packages/airflow/example_dags/example_trigger_target_dag.py
[2025-01-19T19:31:02.835+0000] {logging_mixin.py:190} INFO - [2025-01-19T19:31:02.835+0000] {dag.py:3239} INFO - Sync 1 DAGs
[2025-01-19T19:31:02.844+0000] {logging_mixin.py:190} INFO - [2025-01-19T19:31:02.844+0000] {dag.py:4180} INFO - Setting next_dagrun for example_trigger_target_dag to None, run_after=None
[2025-01-19T19:31:02.855+0000] {processor.py:208} INFO - Processing /home/airflow/.local/lib/python3.12/site-packages/airflow/example_dags/example_trigger_target_dag.py took 0.040 seconds
[2025-01-19T19:31:33.789+0000] {processor.py:186} INFO - Started process (PID=866) to work on /home/airflow/.local/lib/python3.12/site-packages/airflow/example_dags/example_trigger_target_dag.py
[2025-01-19T19:31:33.790+0000] {processor.py:914} INFO - Processing file /home/airflow/.local/lib/python3.12/site-packages/airflow/example_dags/example_trigger_target_dag.py for tasks to queue
[2025-01-19T19:31:33.792+0000] {logging_mixin.py:190} INFO - [2025-01-19T19:31:33.791+0000] {dagbag.py:588} INFO - Filling up the DagBag from /home/airflow/.local/lib/python3.12/site-packages/airflow/example_dags/example_trigger_target_dag.py
[2025-01-19T19:31:33.796+0000] {processor.py:925} INFO - DAG(s) 'example_trigger_target_dag' retrieved from /home/airflow/.local/lib/python3.12/site-packages/airflow/example_dags/example_trigger_target_dag.py
[2025-01-19T19:31:33.808+0000] {logging_mixin.py:190} INFO - [2025-01-19T19:31:33.808+0000] {dag.py:3239} INFO - Sync 1 DAGs
[2025-01-19T19:31:33.817+0000] {logging_mixin.py:190} INFO - [2025-01-19T19:31:33.817+0000] {dag.py:4180} INFO - Setting next_dagrun for example_trigger_target_dag to None, run_after=None
[2025-01-19T19:31:33.830+0000] {processor.py:208} INFO - Processing /home/airflow/.local/lib/python3.12/site-packages/airflow/example_dags/example_trigger_target_dag.py took 0.044 seconds
[2025-01-19T19:32:04.282+0000] {processor.py:186} INFO - Started process (PID=931) to work on /home/airflow/.local/lib/python3.12/site-packages/airflow/example_dags/example_trigger_target_dag.py
[2025-01-19T19:32:04.282+0000] {processor.py:914} INFO - Processing file /home/airflow/.local/lib/python3.12/site-packages/airflow/example_dags/example_trigger_target_dag.py for tasks to queue
[2025-01-19T19:32:04.284+0000] {logging_mixin.py:190} INFO - [2025-01-19T19:32:04.284+0000] {dagbag.py:588} INFO - Filling up the DagBag from /home/airflow/.local/lib/python3.12/site-packages/airflow/example_dags/example_trigger_target_dag.py
[2025-01-19T19:32:04.288+0000] {processor.py:925} INFO - DAG(s) 'example_trigger_target_dag' retrieved from /home/airflow/.local/lib/python3.12/site-packages/airflow/example_dags/example_trigger_target_dag.py
[2025-01-19T19:32:04.299+0000] {logging_mixin.py:190} INFO - [2025-01-19T19:32:04.299+0000] {dag.py:3239} INFO - Sync 1 DAGs
[2025-01-19T19:32:04.308+0000] {logging_mixin.py:190} INFO - [2025-01-19T19:32:04.308+0000] {dag.py:4180} INFO - Setting next_dagrun for example_trigger_target_dag to None, run_after=None
[2025-01-19T19:32:04.318+0000] {processor.py:208} INFO - Processing /home/airflow/.local/lib/python3.12/site-packages/airflow/example_dags/example_trigger_target_dag.py took 0.040 seconds
[2025-01-19T19:32:34.827+0000] {processor.py:186} INFO - Started process (PID=995) to work on /home/airflow/.local/lib/python3.12/site-packages/airflow/example_dags/example_trigger_target_dag.py
[2025-01-19T19:32:34.827+0000] {processor.py:914} INFO - Processing file /home/airflow/.local/lib/python3.12/site-packages/airflow/example_dags/example_trigger_target_dag.py for tasks to queue
[2025-01-19T19:32:34.829+0000] {logging_mixin.py:190} INFO - [2025-01-19T19:32:34.829+0000] {dagbag.py:588} INFO - Filling up the DagBag from /home/airflow/.local/lib/python3.12/site-packages/airflow/example_dags/example_trigger_target_dag.py
[2025-01-19T19:32:34.833+0000] {processor.py:925} INFO - DAG(s) 'example_trigger_target_dag' retrieved from /home/airflow/.local/lib/python3.12/site-packages/airflow/example_dags/example_trigger_target_dag.py
[2025-01-19T19:32:34.844+0000] {logging_mixin.py:190} INFO - [2025-01-19T19:32:34.844+0000] {dag.py:3239} INFO - Sync 1 DAGs
[2025-01-19T19:32:34.852+0000] {logging_mixin.py:190} INFO - [2025-01-19T19:32:34.851+0000] {dag.py:4180} INFO - Setting next_dagrun for example_trigger_target_dag to None, run_after=None
[2025-01-19T19:32:34.863+0000] {processor.py:208} INFO - Processing /home/airflow/.local/lib/python3.12/site-packages/airflow/example_dags/example_trigger_target_dag.py took 0.039 seconds
[2025-01-19T19:33:05.606+0000] {processor.py:186} INFO - Started process (PID=1060) to work on /home/airflow/.local/lib/python3.12/site-packages/airflow/example_dags/example_trigger_target_dag.py
[2025-01-19T19:33:05.607+0000] {processor.py:914} INFO - Processing file /home/airflow/.local/lib/python3.12/site-packages/airflow/example_dags/example_trigger_target_dag.py for tasks to queue
[2025-01-19T19:33:05.608+0000] {logging_mixin.py:190} INFO - [2025-01-19T19:33:05.608+0000] {dagbag.py:588} INFO - Filling up the DagBag from /home/airflow/.local/lib/python3.12/site-packages/airflow/example_dags/example_trigger_target_dag.py
[2025-01-19T19:33:05.614+0000] {processor.py:925} INFO - DAG(s) 'example_trigger_target_dag' retrieved from /home/airflow/.local/lib/python3.12/site-packages/airflow/example_dags/example_trigger_target_dag.py
[2025-01-19T19:33:05.624+0000] {logging_mixin.py:190} INFO - [2025-01-19T19:33:05.624+0000] {dag.py:3239} INFO - Sync 1 DAGs
[2025-01-19T19:33:05.633+0000] {logging_mixin.py:190} INFO - [2025-01-19T19:33:05.633+0000] {dag.py:4180} INFO - Setting next_dagrun for example_trigger_target_dag to None, run_after=None
[2025-01-19T19:33:05.643+0000] {processor.py:208} INFO - Processing /home/airflow/.local/lib/python3.12/site-packages/airflow/example_dags/example_trigger_target_dag.py took 0.040 seconds
[2025-01-19T19:34:47.975+0000] {processor.py:186} INFO - Started process (PID=87) to work on /home/airflow/.local/lib/python3.12/site-packages/airflow/example_dags/example_trigger_target_dag.py
[2025-01-19T19:34:47.976+0000] {processor.py:914} INFO - Processing file /home/airflow/.local/lib/python3.12/site-packages/airflow/example_dags/example_trigger_target_dag.py for tasks to queue
[2025-01-19T19:34:47.977+0000] {logging_mixin.py:190} INFO - [2025-01-19T19:34:47.977+0000] {dagbag.py:588} INFO - Filling up the DagBag from /home/airflow/.local/lib/python3.12/site-packages/airflow/example_dags/example_trigger_target_dag.py
[2025-01-19T19:34:47.982+0000] {processor.py:925} INFO - DAG(s) 'example_trigger_target_dag' retrieved from /home/airflow/.local/lib/python3.12/site-packages/airflow/example_dags/example_trigger_target_dag.py
[2025-01-19T19:34:47.996+0000] {logging_mixin.py:190} INFO - [2025-01-19T19:34:47.996+0000] {dag.py:3239} INFO - Sync 1 DAGs
[2025-01-19T19:34:48.005+0000] {logging_mixin.py:190} INFO - [2025-01-19T19:34:48.004+0000] {dag.py:4180} INFO - Setting next_dagrun for example_trigger_target_dag to None, run_after=None
[2025-01-19T19:34:48.015+0000] {processor.py:208} INFO - Processing /home/airflow/.local/lib/python3.12/site-packages/airflow/example_dags/example_trigger_target_dag.py took 0.044 seconds
[2025-01-19T19:35:18.639+0000] {processor.py:186} INFO - Started process (PID=151) to work on /home/airflow/.local/lib/python3.12/site-packages/airflow/example_dags/example_trigger_target_dag.py
[2025-01-19T19:35:18.640+0000] {processor.py:914} INFO - Processing file /home/airflow/.local/lib/python3.12/site-packages/airflow/example_dags/example_trigger_target_dag.py for tasks to queue
[2025-01-19T19:35:18.642+0000] {logging_mixin.py:190} INFO - [2025-01-19T19:35:18.641+0000] {dagbag.py:588} INFO - Filling up the DagBag from /home/airflow/.local/lib/python3.12/site-packages/airflow/example_dags/example_trigger_target_dag.py
[2025-01-19T19:35:18.646+0000] {processor.py:925} INFO - DAG(s) 'example_trigger_target_dag' retrieved from /home/airflow/.local/lib/python3.12/site-packages/airflow/example_dags/example_trigger_target_dag.py
[2025-01-19T19:35:18.658+0000] {logging_mixin.py:190} INFO - [2025-01-19T19:35:18.657+0000] {dag.py:3239} INFO - Sync 1 DAGs
[2025-01-19T19:35:18.666+0000] {logging_mixin.py:190} INFO - [2025-01-19T19:35:18.666+0000] {dag.py:4180} INFO - Setting next_dagrun for example_trigger_target_dag to None, run_after=None
[2025-01-19T19:35:18.677+0000] {processor.py:208} INFO - Processing /home/airflow/.local/lib/python3.12/site-packages/airflow/example_dags/example_trigger_target_dag.py took 0.041 seconds
[2025-01-19T19:35:49.130+0000] {processor.py:186} INFO - Started process (PID=217) to work on /home/airflow/.local/lib/python3.12/site-packages/airflow/example_dags/example_trigger_target_dag.py
[2025-01-19T19:35:49.231+0000] {processor.py:914} INFO - Processing file /home/airflow/.local/lib/python3.12/site-packages/airflow/example_dags/example_trigger_target_dag.py for tasks to queue
[2025-01-19T19:35:49.233+0000] {logging_mixin.py:190} INFO - [2025-01-19T19:35:49.232+0000] {dagbag.py:588} INFO - Filling up the DagBag from /home/airflow/.local/lib/python3.12/site-packages/airflow/example_dags/example_trigger_target_dag.py
[2025-01-19T19:35:49.237+0000] {processor.py:925} INFO - DAG(s) 'example_trigger_target_dag' retrieved from /home/airflow/.local/lib/python3.12/site-packages/airflow/example_dags/example_trigger_target_dag.py
[2025-01-19T19:35:49.247+0000] {logging_mixin.py:190} INFO - [2025-01-19T19:35:49.247+0000] {dag.py:3239} INFO - Sync 1 DAGs
[2025-01-19T19:35:49.255+0000] {logging_mixin.py:190} INFO - [2025-01-19T19:35:49.255+0000] {dag.py:4180} INFO - Setting next_dagrun for example_trigger_target_dag to None, run_after=None
[2025-01-19T19:35:49.265+0000] {processor.py:208} INFO - Processing /home/airflow/.local/lib/python3.12/site-packages/airflow/example_dags/example_trigger_target_dag.py took 0.139 seconds
[2025-01-19T19:36:19.416+0000] {processor.py:186} INFO - Started process (PID=281) to work on /home/airflow/.local/lib/python3.12/site-packages/airflow/example_dags/example_trigger_target_dag.py
[2025-01-19T19:36:19.416+0000] {processor.py:914} INFO - Processing file /home/airflow/.local/lib/python3.12/site-packages/airflow/example_dags/example_trigger_target_dag.py for tasks to queue
[2025-01-19T19:36:19.418+0000] {logging_mixin.py:190} INFO - [2025-01-19T19:36:19.418+0000] {dagbag.py:588} INFO - Filling up the DagBag from /home/airflow/.local/lib/python3.12/site-packages/airflow/example_dags/example_trigger_target_dag.py
[2025-01-19T19:36:19.422+0000] {processor.py:925} INFO - DAG(s) 'example_trigger_target_dag' retrieved from /home/airflow/.local/lib/python3.12/site-packages/airflow/example_dags/example_trigger_target_dag.py
[2025-01-19T19:36:19.432+0000] {logging_mixin.py:190} INFO - [2025-01-19T19:36:19.432+0000] {dag.py:3239} INFO - Sync 1 DAGs
[2025-01-19T19:36:19.440+0000] {logging_mixin.py:190} INFO - [2025-01-19T19:36:19.440+0000] {dag.py:4180} INFO - Setting next_dagrun for example_trigger_target_dag to None, run_after=None
[2025-01-19T19:36:19.451+0000] {processor.py:208} INFO - Processing /home/airflow/.local/lib/python3.12/site-packages/airflow/example_dags/example_trigger_target_dag.py took 0.038 seconds
[2025-01-19T19:36:50.212+0000] {processor.py:186} INFO - Started process (PID=347) to work on /home/airflow/.local/lib/python3.12/site-packages/airflow/example_dags/example_trigger_target_dag.py
[2025-01-19T19:36:50.213+0000] {processor.py:914} INFO - Processing file /home/airflow/.local/lib/python3.12/site-packages/airflow/example_dags/example_trigger_target_dag.py for tasks to queue
[2025-01-19T19:36:50.214+0000] {logging_mixin.py:190} INFO - [2025-01-19T19:36:50.214+0000] {dagbag.py:588} INFO - Filling up the DagBag from /home/airflow/.local/lib/python3.12/site-packages/airflow/example_dags/example_trigger_target_dag.py
[2025-01-19T19:36:50.219+0000] {processor.py:925} INFO - DAG(s) 'example_trigger_target_dag' retrieved from /home/airflow/.local/lib/python3.12/site-packages/airflow/example_dags/example_trigger_target_dag.py
[2025-01-19T19:36:50.229+0000] {logging_mixin.py:190} INFO - [2025-01-19T19:36:50.229+0000] {dag.py:3239} INFO - Sync 1 DAGs
[2025-01-19T19:36:50.237+0000] {logging_mixin.py:190} INFO - [2025-01-19T19:36:50.237+0000] {dag.py:4180} INFO - Setting next_dagrun for example_trigger_target_dag to None, run_after=None
[2025-01-19T19:36:50.246+0000] {processor.py:208} INFO - Processing /home/airflow/.local/lib/python3.12/site-packages/airflow/example_dags/example_trigger_target_dag.py took 0.038 seconds
