[2025-01-19T19:25:21.732+0000] {processor.py:186} INFO - Started process (PID=66) to work on /home/airflow/.local/lib/python3.12/site-packages/airflow/example_dags/tutorial.py
[2025-01-19T19:25:21.732+0000] {processor.py:914} INFO - Processing file /home/airflow/.local/lib/python3.12/site-packages/airflow/example_dags/tutorial.py for tasks to queue
[2025-01-19T19:25:21.734+0000] {logging_mixin.py:190} INFO - [2025-01-19T19:25:21.734+0000] {dagbag.py:588} INFO - Filling up the DagBag from /home/airflow/.local/lib/python3.12/site-packages/airflow/example_dags/tutorial.py
[2025-01-19T19:25:21.740+0000] {processor.py:925} INFO - DAG(s) 'tutorial' retrieved from /home/airflow/.local/lib/python3.12/site-packages/airflow/example_dags/tutorial.py
[2025-01-19T19:25:21.879+0000] {logging_mixin.py:190} INFO - [2025-01-19T19:25:21.878+0000] {override.py:1911} INFO - Created Permission View: can read on DAG:tutorial
[2025-01-19T19:25:21.886+0000] {logging_mixin.py:190} INFO - [2025-01-19T19:25:21.886+0000] {override.py:1911} INFO - Created Permission View: can edit on DAG:tutorial
[2025-01-19T19:25:21.891+0000] {logging_mixin.py:190} INFO - [2025-01-19T19:25:21.890+0000] {override.py:1911} INFO - Created Permission View: can delete on DAG:tutorial
[2025-01-19T19:25:21.898+0000] {logging_mixin.py:190} INFO - [2025-01-19T19:25:21.897+0000] {override.py:1911} INFO - Created Permission View: can read on DAG Run:tutorial
[2025-01-19T19:25:21.905+0000] {logging_mixin.py:190} INFO - [2025-01-19T19:25:21.904+0000] {override.py:1911} INFO - Created Permission View: menu access on DAG Run:tutorial
[2025-01-19T19:25:21.910+0000] {logging_mixin.py:190} INFO - [2025-01-19T19:25:21.910+0000] {override.py:1911} INFO - Created Permission View: can create on DAG Run:tutorial
[2025-01-19T19:25:21.916+0000] {logging_mixin.py:190} INFO - [2025-01-19T19:25:21.915+0000] {override.py:1911} INFO - Created Permission View: can delete on DAG Run:tutorial
[2025-01-19T19:25:21.916+0000] {logging_mixin.py:190} INFO - [2025-01-19T19:25:21.916+0000] {dag.py:3239} INFO - Sync 1 DAGs
[2025-01-19T19:25:21.926+0000] {logging_mixin.py:190} INFO - [2025-01-19T19:25:21.926+0000] {dag.py:3262} INFO - Creating ORM DAG for tutorial
[2025-01-19T19:25:21.934+0000] {logging_mixin.py:190} INFO - [2025-01-19T19:25:21.933+0000] {dag.py:4180} INFO - Setting next_dagrun for tutorial to 2025-01-18 00:00:00+00:00, run_after=2025-01-19 00:00:00+00:00
[2025-01-19T19:25:21.948+0000] {processor.py:208} INFO - Processing /home/airflow/.local/lib/python3.12/site-packages/airflow/example_dags/tutorial.py took 0.219 seconds
[2025-01-19T19:25:52.605+0000] {processor.py:186} INFO - Started process (PID=131) to work on /home/airflow/.local/lib/python3.12/site-packages/airflow/example_dags/tutorial.py
[2025-01-19T19:25:52.606+0000] {processor.py:914} INFO - Processing file /home/airflow/.local/lib/python3.12/site-packages/airflow/example_dags/tutorial.py for tasks to queue
[2025-01-19T19:25:52.607+0000] {logging_mixin.py:190} INFO - [2025-01-19T19:25:52.607+0000] {dagbag.py:588} INFO - Filling up the DagBag from /home/airflow/.local/lib/python3.12/site-packages/airflow/example_dags/tutorial.py
[2025-01-19T19:25:52.612+0000] {processor.py:925} INFO - DAG(s) 'tutorial' retrieved from /home/airflow/.local/lib/python3.12/site-packages/airflow/example_dags/tutorial.py
[2025-01-19T19:25:52.623+0000] {logging_mixin.py:190} INFO - [2025-01-19T19:25:52.622+0000] {dag.py:3239} INFO - Sync 1 DAGs
[2025-01-19T19:25:52.634+0000] {logging_mixin.py:190} INFO - [2025-01-19T19:25:52.634+0000] {dag.py:4180} INFO - Setting next_dagrun for tutorial to 2025-01-18 00:00:00+00:00, run_after=2025-01-19 00:00:00+00:00
[2025-01-19T19:25:52.644+0000] {processor.py:208} INFO - Processing /home/airflow/.local/lib/python3.12/site-packages/airflow/example_dags/tutorial.py took 0.042 seconds
[2025-01-19T19:26:23.486+0000] {processor.py:186} INFO - Started process (PID=196) to work on /home/airflow/.local/lib/python3.12/site-packages/airflow/example_dags/tutorial.py
[2025-01-19T19:26:23.486+0000] {processor.py:914} INFO - Processing file /home/airflow/.local/lib/python3.12/site-packages/airflow/example_dags/tutorial.py for tasks to queue
[2025-01-19T19:26:23.488+0000] {logging_mixin.py:190} INFO - [2025-01-19T19:26:23.487+0000] {dagbag.py:588} INFO - Filling up the DagBag from /home/airflow/.local/lib/python3.12/site-packages/airflow/example_dags/tutorial.py
[2025-01-19T19:26:23.492+0000] {processor.py:925} INFO - DAG(s) 'tutorial' retrieved from /home/airflow/.local/lib/python3.12/site-packages/airflow/example_dags/tutorial.py
[2025-01-19T19:26:23.504+0000] {logging_mixin.py:190} INFO - [2025-01-19T19:26:23.503+0000] {dag.py:3239} INFO - Sync 1 DAGs
[2025-01-19T19:26:23.517+0000] {logging_mixin.py:190} INFO - [2025-01-19T19:26:23.517+0000] {dag.py:4180} INFO - Setting next_dagrun for tutorial to 2025-01-18 00:00:00+00:00, run_after=2025-01-19 00:00:00+00:00
[2025-01-19T19:26:23.527+0000] {processor.py:208} INFO - Processing /home/airflow/.local/lib/python3.12/site-packages/airflow/example_dags/tutorial.py took 0.045 seconds
[2025-01-19T19:26:53.805+0000] {processor.py:186} INFO - Started process (PID=260) to work on /home/airflow/.local/lib/python3.12/site-packages/airflow/example_dags/tutorial.py
[2025-01-19T19:26:53.805+0000] {processor.py:914} INFO - Processing file /home/airflow/.local/lib/python3.12/site-packages/airflow/example_dags/tutorial.py for tasks to queue
[2025-01-19T19:26:53.807+0000] {logging_mixin.py:190} INFO - [2025-01-19T19:26:53.807+0000] {dagbag.py:588} INFO - Filling up the DagBag from /home/airflow/.local/lib/python3.12/site-packages/airflow/example_dags/tutorial.py
[2025-01-19T19:26:53.812+0000] {processor.py:925} INFO - DAG(s) 'tutorial' retrieved from /home/airflow/.local/lib/python3.12/site-packages/airflow/example_dags/tutorial.py
[2025-01-19T19:26:53.823+0000] {logging_mixin.py:190} INFO - [2025-01-19T19:26:53.823+0000] {dag.py:3239} INFO - Sync 1 DAGs
[2025-01-19T19:26:53.837+0000] {logging_mixin.py:190} INFO - [2025-01-19T19:26:53.837+0000] {dag.py:4180} INFO - Setting next_dagrun for tutorial to 2025-01-18 00:00:00+00:00, run_after=2025-01-19 00:00:00+00:00
[2025-01-19T19:26:53.847+0000] {processor.py:208} INFO - Processing /home/airflow/.local/lib/python3.12/site-packages/airflow/example_dags/tutorial.py took 0.046 seconds
[2025-01-19T19:27:24.147+0000] {processor.py:186} INFO - Started process (PID=325) to work on /home/airflow/.local/lib/python3.12/site-packages/airflow/example_dags/tutorial.py
[2025-01-19T19:27:24.148+0000] {processor.py:914} INFO - Processing file /home/airflow/.local/lib/python3.12/site-packages/airflow/example_dags/tutorial.py for tasks to queue
[2025-01-19T19:27:24.149+0000] {logging_mixin.py:190} INFO - [2025-01-19T19:27:24.149+0000] {dagbag.py:588} INFO - Filling up the DagBag from /home/airflow/.local/lib/python3.12/site-packages/airflow/example_dags/tutorial.py
[2025-01-19T19:27:24.155+0000] {processor.py:925} INFO - DAG(s) 'tutorial' retrieved from /home/airflow/.local/lib/python3.12/site-packages/airflow/example_dags/tutorial.py
[2025-01-19T19:27:24.167+0000] {logging_mixin.py:190} INFO - [2025-01-19T19:27:24.167+0000] {dag.py:3239} INFO - Sync 1 DAGs
[2025-01-19T19:27:24.182+0000] {logging_mixin.py:190} INFO - [2025-01-19T19:27:24.181+0000] {dag.py:4180} INFO - Setting next_dagrun for tutorial to 2025-01-18 00:00:00+00:00, run_after=2025-01-19 00:00:00+00:00
[2025-01-19T19:27:24.193+0000] {processor.py:208} INFO - Processing /home/airflow/.local/lib/python3.12/site-packages/airflow/example_dags/tutorial.py took 0.049 seconds
[2025-01-19T19:27:54.487+0000] {processor.py:186} INFO - Started process (PID=390) to work on /home/airflow/.local/lib/python3.12/site-packages/airflow/example_dags/tutorial.py
[2025-01-19T19:27:54.487+0000] {processor.py:914} INFO - Processing file /home/airflow/.local/lib/python3.12/site-packages/airflow/example_dags/tutorial.py for tasks to queue
[2025-01-19T19:27:54.489+0000] {logging_mixin.py:190} INFO - [2025-01-19T19:27:54.488+0000] {dagbag.py:588} INFO - Filling up the DagBag from /home/airflow/.local/lib/python3.12/site-packages/airflow/example_dags/tutorial.py
[2025-01-19T19:27:54.493+0000] {processor.py:925} INFO - DAG(s) 'tutorial' retrieved from /home/airflow/.local/lib/python3.12/site-packages/airflow/example_dags/tutorial.py
[2025-01-19T19:27:54.504+0000] {logging_mixin.py:190} INFO - [2025-01-19T19:27:54.504+0000] {dag.py:3239} INFO - Sync 1 DAGs
[2025-01-19T19:27:54.517+0000] {logging_mixin.py:190} INFO - [2025-01-19T19:27:54.517+0000] {dag.py:4180} INFO - Setting next_dagrun for tutorial to 2025-01-18 00:00:00+00:00, run_after=2025-01-19 00:00:00+00:00
[2025-01-19T19:27:54.528+0000] {processor.py:208} INFO - Processing /home/airflow/.local/lib/python3.12/site-packages/airflow/example_dags/tutorial.py took 0.045 seconds
[2025-01-19T19:28:25.389+0000] {processor.py:186} INFO - Started process (PID=455) to work on /home/airflow/.local/lib/python3.12/site-packages/airflow/example_dags/tutorial.py
[2025-01-19T19:28:25.391+0000] {processor.py:914} INFO - Processing file /home/airflow/.local/lib/python3.12/site-packages/airflow/example_dags/tutorial.py for tasks to queue
[2025-01-19T19:28:25.392+0000] {logging_mixin.py:190} INFO - [2025-01-19T19:28:25.392+0000] {dagbag.py:588} INFO - Filling up the DagBag from /home/airflow/.local/lib/python3.12/site-packages/airflow/example_dags/tutorial.py
[2025-01-19T19:28:25.398+0000] {processor.py:925} INFO - DAG(s) 'tutorial' retrieved from /home/airflow/.local/lib/python3.12/site-packages/airflow/example_dags/tutorial.py
[2025-01-19T19:28:25.409+0000] {logging_mixin.py:190} INFO - [2025-01-19T19:28:25.409+0000] {dag.py:3239} INFO - Sync 1 DAGs
[2025-01-19T19:28:25.422+0000] {logging_mixin.py:190} INFO - [2025-01-19T19:28:25.422+0000] {dag.py:4180} INFO - Setting next_dagrun for tutorial to 2025-01-18 00:00:00+00:00, run_after=2025-01-19 00:00:00+00:00
[2025-01-19T19:28:25.434+0000] {processor.py:208} INFO - Processing /home/airflow/.local/lib/python3.12/site-packages/airflow/example_dags/tutorial.py took 0.048 seconds
[2025-01-19T19:28:55.574+0000] {processor.py:186} INFO - Started process (PID=520) to work on /home/airflow/.local/lib/python3.12/site-packages/airflow/example_dags/tutorial.py
[2025-01-19T19:28:55.574+0000] {processor.py:914} INFO - Processing file /home/airflow/.local/lib/python3.12/site-packages/airflow/example_dags/tutorial.py for tasks to queue
[2025-01-19T19:28:55.575+0000] {logging_mixin.py:190} INFO - [2025-01-19T19:28:55.575+0000] {dagbag.py:588} INFO - Filling up the DagBag from /home/airflow/.local/lib/python3.12/site-packages/airflow/example_dags/tutorial.py
[2025-01-19T19:28:55.580+0000] {processor.py:925} INFO - DAG(s) 'tutorial' retrieved from /home/airflow/.local/lib/python3.12/site-packages/airflow/example_dags/tutorial.py
[2025-01-19T19:28:55.590+0000] {logging_mixin.py:190} INFO - [2025-01-19T19:28:55.590+0000] {dag.py:3239} INFO - Sync 1 DAGs
[2025-01-19T19:28:55.602+0000] {logging_mixin.py:190} INFO - [2025-01-19T19:28:55.602+0000] {dag.py:4180} INFO - Setting next_dagrun for tutorial to 2025-01-18 00:00:00+00:00, run_after=2025-01-19 00:00:00+00:00
[2025-01-19T19:28:55.612+0000] {processor.py:208} INFO - Processing /home/airflow/.local/lib/python3.12/site-packages/airflow/example_dags/tutorial.py took 0.042 seconds
[2025-01-19T19:29:25.789+0000] {processor.py:186} INFO - Started process (PID=585) to work on /home/airflow/.local/lib/python3.12/site-packages/airflow/example_dags/tutorial.py
[2025-01-19T19:29:25.789+0000] {processor.py:914} INFO - Processing file /home/airflow/.local/lib/python3.12/site-packages/airflow/example_dags/tutorial.py for tasks to queue
[2025-01-19T19:29:25.791+0000] {logging_mixin.py:190} INFO - [2025-01-19T19:29:25.791+0000] {dagbag.py:588} INFO - Filling up the DagBag from /home/airflow/.local/lib/python3.12/site-packages/airflow/example_dags/tutorial.py
[2025-01-19T19:29:25.797+0000] {processor.py:925} INFO - DAG(s) 'tutorial' retrieved from /home/airflow/.local/lib/python3.12/site-packages/airflow/example_dags/tutorial.py
[2025-01-19T19:29:25.810+0000] {logging_mixin.py:190} INFO - [2025-01-19T19:29:25.810+0000] {dag.py:3239} INFO - Sync 1 DAGs
[2025-01-19T19:29:25.824+0000] {logging_mixin.py:190} INFO - [2025-01-19T19:29:25.824+0000] {dag.py:4180} INFO - Setting next_dagrun for tutorial to 2025-01-18 00:00:00+00:00, run_after=2025-01-19 00:00:00+00:00
[2025-01-19T19:29:25.837+0000] {processor.py:208} INFO - Processing /home/airflow/.local/lib/python3.12/site-packages/airflow/example_dags/tutorial.py took 0.051 seconds
[2025-01-19T19:29:56.784+0000] {processor.py:186} INFO - Started process (PID=650) to work on /home/airflow/.local/lib/python3.12/site-packages/airflow/example_dags/tutorial.py
[2025-01-19T19:29:56.785+0000] {processor.py:914} INFO - Processing file /home/airflow/.local/lib/python3.12/site-packages/airflow/example_dags/tutorial.py for tasks to queue
[2025-01-19T19:29:56.786+0000] {logging_mixin.py:190} INFO - [2025-01-19T19:29:56.786+0000] {dagbag.py:588} INFO - Filling up the DagBag from /home/airflow/.local/lib/python3.12/site-packages/airflow/example_dags/tutorial.py
[2025-01-19T19:29:56.791+0000] {processor.py:925} INFO - DAG(s) 'tutorial' retrieved from /home/airflow/.local/lib/python3.12/site-packages/airflow/example_dags/tutorial.py
[2025-01-19T19:29:56.803+0000] {logging_mixin.py:190} INFO - [2025-01-19T19:29:56.803+0000] {dag.py:3239} INFO - Sync 1 DAGs
[2025-01-19T19:29:56.854+0000] {logging_mixin.py:190} INFO - [2025-01-19T19:29:56.854+0000] {dag.py:4180} INFO - Setting next_dagrun for tutorial to 2025-01-18 00:00:00+00:00, run_after=2025-01-19 00:00:00+00:00
[2025-01-19T19:29:56.866+0000] {processor.py:208} INFO - Processing /home/airflow/.local/lib/python3.12/site-packages/airflow/example_dags/tutorial.py took 0.086 seconds
[2025-01-19T19:30:27.136+0000] {processor.py:186} INFO - Started process (PID=715) to work on /home/airflow/.local/lib/python3.12/site-packages/airflow/example_dags/tutorial.py
[2025-01-19T19:30:27.136+0000] {processor.py:914} INFO - Processing file /home/airflow/.local/lib/python3.12/site-packages/airflow/example_dags/tutorial.py for tasks to queue
[2025-01-19T19:30:27.137+0000] {logging_mixin.py:190} INFO - [2025-01-19T19:30:27.137+0000] {dagbag.py:588} INFO - Filling up the DagBag from /home/airflow/.local/lib/python3.12/site-packages/airflow/example_dags/tutorial.py
[2025-01-19T19:30:27.142+0000] {processor.py:925} INFO - DAG(s) 'tutorial' retrieved from /home/airflow/.local/lib/python3.12/site-packages/airflow/example_dags/tutorial.py
[2025-01-19T19:30:27.153+0000] {logging_mixin.py:190} INFO - [2025-01-19T19:30:27.153+0000] {dag.py:3239} INFO - Sync 1 DAGs
[2025-01-19T19:30:27.166+0000] {logging_mixin.py:190} INFO - [2025-01-19T19:30:27.166+0000] {dag.py:4180} INFO - Setting next_dagrun for tutorial to 2025-01-18 00:00:00+00:00, run_after=2025-01-19 00:00:00+00:00
[2025-01-19T19:30:27.178+0000] {processor.py:208} INFO - Processing /home/airflow/.local/lib/python3.12/site-packages/airflow/example_dags/tutorial.py took 0.046 seconds
[2025-01-19T19:30:57.788+0000] {processor.py:186} INFO - Started process (PID=780) to work on /home/airflow/.local/lib/python3.12/site-packages/airflow/example_dags/tutorial.py
[2025-01-19T19:30:57.788+0000] {processor.py:914} INFO - Processing file /home/airflow/.local/lib/python3.12/site-packages/airflow/example_dags/tutorial.py for tasks to queue
[2025-01-19T19:30:57.790+0000] {logging_mixin.py:190} INFO - [2025-01-19T19:30:57.790+0000] {dagbag.py:588} INFO - Filling up the DagBag from /home/airflow/.local/lib/python3.12/site-packages/airflow/example_dags/tutorial.py
[2025-01-19T19:30:57.794+0000] {processor.py:925} INFO - DAG(s) 'tutorial' retrieved from /home/airflow/.local/lib/python3.12/site-packages/airflow/example_dags/tutorial.py
[2025-01-19T19:30:57.804+0000] {logging_mixin.py:190} INFO - [2025-01-19T19:30:57.804+0000] {dag.py:3239} INFO - Sync 1 DAGs
[2025-01-19T19:30:57.816+0000] {logging_mixin.py:190} INFO - [2025-01-19T19:30:57.816+0000] {dag.py:4180} INFO - Setting next_dagrun for tutorial to 2025-01-18 00:00:00+00:00, run_after=2025-01-19 00:00:00+00:00
[2025-01-19T19:30:57.826+0000] {processor.py:208} INFO - Processing /home/airflow/.local/lib/python3.12/site-packages/airflow/example_dags/tutorial.py took 0.041 seconds
[2025-01-19T19:31:28.153+0000] {processor.py:186} INFO - Started process (PID=845) to work on /home/airflow/.local/lib/python3.12/site-packages/airflow/example_dags/tutorial.py
[2025-01-19T19:31:28.153+0000] {processor.py:914} INFO - Processing file /home/airflow/.local/lib/python3.12/site-packages/airflow/example_dags/tutorial.py for tasks to queue
[2025-01-19T19:31:28.155+0000] {logging_mixin.py:190} INFO - [2025-01-19T19:31:28.155+0000] {dagbag.py:588} INFO - Filling up the DagBag from /home/airflow/.local/lib/python3.12/site-packages/airflow/example_dags/tutorial.py
[2025-01-19T19:31:28.161+0000] {processor.py:925} INFO - DAG(s) 'tutorial' retrieved from /home/airflow/.local/lib/python3.12/site-packages/airflow/example_dags/tutorial.py
[2025-01-19T19:31:28.171+0000] {logging_mixin.py:190} INFO - [2025-01-19T19:31:28.171+0000] {dag.py:3239} INFO - Sync 1 DAGs
[2025-01-19T19:31:28.185+0000] {logging_mixin.py:190} INFO - [2025-01-19T19:31:28.184+0000] {dag.py:4180} INFO - Setting next_dagrun for tutorial to 2025-01-18 00:00:00+00:00, run_after=2025-01-19 00:00:00+00:00
[2025-01-19T19:31:28.196+0000] {processor.py:208} INFO - Processing /home/airflow/.local/lib/python3.12/site-packages/airflow/example_dags/tutorial.py took 0.046 seconds
[2025-01-19T19:31:58.716+0000] {processor.py:186} INFO - Started process (PID=910) to work on /home/airflow/.local/lib/python3.12/site-packages/airflow/example_dags/tutorial.py
[2025-01-19T19:31:58.716+0000] {processor.py:914} INFO - Processing file /home/airflow/.local/lib/python3.12/site-packages/airflow/example_dags/tutorial.py for tasks to queue
[2025-01-19T19:31:58.718+0000] {logging_mixin.py:190} INFO - [2025-01-19T19:31:58.717+0000] {dagbag.py:588} INFO - Filling up the DagBag from /home/airflow/.local/lib/python3.12/site-packages/airflow/example_dags/tutorial.py
[2025-01-19T19:31:58.722+0000] {processor.py:925} INFO - DAG(s) 'tutorial' retrieved from /home/airflow/.local/lib/python3.12/site-packages/airflow/example_dags/tutorial.py
[2025-01-19T19:31:58.733+0000] {logging_mixin.py:190} INFO - [2025-01-19T19:31:58.733+0000] {dag.py:3239} INFO - Sync 1 DAGs
[2025-01-19T19:31:58.746+0000] {logging_mixin.py:190} INFO - [2025-01-19T19:31:58.746+0000] {dag.py:4180} INFO - Setting next_dagrun for tutorial to 2025-01-18 00:00:00+00:00, run_after=2025-01-19 00:00:00+00:00
[2025-01-19T19:31:58.758+0000] {processor.py:208} INFO - Processing /home/airflow/.local/lib/python3.12/site-packages/airflow/example_dags/tutorial.py took 0.045 seconds
[2025-01-19T19:32:29.713+0000] {processor.py:186} INFO - Started process (PID=975) to work on /home/airflow/.local/lib/python3.12/site-packages/airflow/example_dags/tutorial.py
[2025-01-19T19:32:29.714+0000] {processor.py:914} INFO - Processing file /home/airflow/.local/lib/python3.12/site-packages/airflow/example_dags/tutorial.py for tasks to queue
[2025-01-19T19:32:29.715+0000] {logging_mixin.py:190} INFO - [2025-01-19T19:32:29.715+0000] {dagbag.py:588} INFO - Filling up the DagBag from /home/airflow/.local/lib/python3.12/site-packages/airflow/example_dags/tutorial.py
[2025-01-19T19:32:29.720+0000] {processor.py:925} INFO - DAG(s) 'tutorial' retrieved from /home/airflow/.local/lib/python3.12/site-packages/airflow/example_dags/tutorial.py
[2025-01-19T19:32:29.730+0000] {logging_mixin.py:190} INFO - [2025-01-19T19:32:29.730+0000] {dag.py:3239} INFO - Sync 1 DAGs
[2025-01-19T19:32:29.742+0000] {logging_mixin.py:190} INFO - [2025-01-19T19:32:29.742+0000] {dag.py:4180} INFO - Setting next_dagrun for tutorial to 2025-01-18 00:00:00+00:00, run_after=2025-01-19 00:00:00+00:00
[2025-01-19T19:32:29.752+0000] {processor.py:208} INFO - Processing /home/airflow/.local/lib/python3.12/site-packages/airflow/example_dags/tutorial.py took 0.042 seconds
[2025-01-19T19:33:00.369+0000] {processor.py:186} INFO - Started process (PID=1040) to work on /home/airflow/.local/lib/python3.12/site-packages/airflow/example_dags/tutorial.py
[2025-01-19T19:33:00.370+0000] {processor.py:914} INFO - Processing file /home/airflow/.local/lib/python3.12/site-packages/airflow/example_dags/tutorial.py for tasks to queue
[2025-01-19T19:33:00.371+0000] {logging_mixin.py:190} INFO - [2025-01-19T19:33:00.371+0000] {dagbag.py:588} INFO - Filling up the DagBag from /home/airflow/.local/lib/python3.12/site-packages/airflow/example_dags/tutorial.py
[2025-01-19T19:33:00.376+0000] {processor.py:925} INFO - DAG(s) 'tutorial' retrieved from /home/airflow/.local/lib/python3.12/site-packages/airflow/example_dags/tutorial.py
[2025-01-19T19:33:00.386+0000] {logging_mixin.py:190} INFO - [2025-01-19T19:33:00.386+0000] {dag.py:3239} INFO - Sync 1 DAGs
[2025-01-19T19:33:00.398+0000] {logging_mixin.py:190} INFO - [2025-01-19T19:33:00.398+0000] {dag.py:4180} INFO - Setting next_dagrun for tutorial to 2025-01-18 00:00:00+00:00, run_after=2025-01-19 00:00:00+00:00
[2025-01-19T19:33:00.408+0000] {processor.py:208} INFO - Processing /home/airflow/.local/lib/python3.12/site-packages/airflow/example_dags/tutorial.py took 0.042 seconds
[2025-01-19T19:33:31.399+0000] {processor.py:186} INFO - Started process (PID=1105) to work on /home/airflow/.local/lib/python3.12/site-packages/airflow/example_dags/tutorial.py
[2025-01-19T19:33:31.400+0000] {processor.py:914} INFO - Processing file /home/airflow/.local/lib/python3.12/site-packages/airflow/example_dags/tutorial.py for tasks to queue
[2025-01-19T19:33:31.402+0000] {logging_mixin.py:190} INFO - [2025-01-19T19:33:31.401+0000] {dagbag.py:588} INFO - Filling up the DagBag from /home/airflow/.local/lib/python3.12/site-packages/airflow/example_dags/tutorial.py
[2025-01-19T19:33:31.408+0000] {processor.py:925} INFO - DAG(s) 'tutorial' retrieved from /home/airflow/.local/lib/python3.12/site-packages/airflow/example_dags/tutorial.py
[2025-01-19T19:33:31.424+0000] {logging_mixin.py:190} INFO - [2025-01-19T19:33:31.424+0000] {dag.py:3239} INFO - Sync 1 DAGs
[2025-01-19T19:33:31.440+0000] {logging_mixin.py:190} INFO - [2025-01-19T19:33:31.440+0000] {dag.py:4180} INFO - Setting next_dagrun for tutorial to 2025-01-18 00:00:00+00:00, run_after=2025-01-19 00:00:00+00:00
[2025-01-19T19:33:31.456+0000] {processor.py:208} INFO - Processing /home/airflow/.local/lib/python3.12/site-packages/airflow/example_dags/tutorial.py took 0.060 seconds
[2025-01-19T19:34:45.960+0000] {processor.py:186} INFO - Started process (PID=66) to work on /home/airflow/.local/lib/python3.12/site-packages/airflow/example_dags/tutorial.py
[2025-01-19T19:34:45.961+0000] {processor.py:914} INFO - Processing file /home/airflow/.local/lib/python3.12/site-packages/airflow/example_dags/tutorial.py for tasks to queue
[2025-01-19T19:34:45.963+0000] {logging_mixin.py:190} INFO - [2025-01-19T19:34:45.962+0000] {dagbag.py:588} INFO - Filling up the DagBag from /home/airflow/.local/lib/python3.12/site-packages/airflow/example_dags/tutorial.py
[2025-01-19T19:34:45.968+0000] {processor.py:925} INFO - DAG(s) 'tutorial' retrieved from /home/airflow/.local/lib/python3.12/site-packages/airflow/example_dags/tutorial.py
[2025-01-19T19:34:45.985+0000] {logging_mixin.py:190} INFO - [2025-01-19T19:34:45.985+0000] {dag.py:3239} INFO - Sync 1 DAGs
[2025-01-19T19:34:45.998+0000] {logging_mixin.py:190} INFO - [2025-01-19T19:34:45.998+0000] {dag.py:4180} INFO - Setting next_dagrun for tutorial to 2025-01-18 00:00:00+00:00, run_after=2025-01-19 00:00:00+00:00
[2025-01-19T19:34:46.012+0000] {processor.py:208} INFO - Processing /home/airflow/.local/lib/python3.12/site-packages/airflow/example_dags/tutorial.py took 0.055 seconds
[2025-01-19T19:35:16.093+0000] {processor.py:186} INFO - Started process (PID=130) to work on /home/airflow/.local/lib/python3.12/site-packages/airflow/example_dags/tutorial.py
[2025-01-19T19:35:16.094+0000] {processor.py:914} INFO - Processing file /home/airflow/.local/lib/python3.12/site-packages/airflow/example_dags/tutorial.py for tasks to queue
[2025-01-19T19:35:16.095+0000] {logging_mixin.py:190} INFO - [2025-01-19T19:35:16.095+0000] {dagbag.py:588} INFO - Filling up the DagBag from /home/airflow/.local/lib/python3.12/site-packages/airflow/example_dags/tutorial.py
[2025-01-19T19:35:16.100+0000] {processor.py:925} INFO - DAG(s) 'tutorial' retrieved from /home/airflow/.local/lib/python3.12/site-packages/airflow/example_dags/tutorial.py
[2025-01-19T19:35:16.110+0000] {logging_mixin.py:190} INFO - [2025-01-19T19:35:16.110+0000] {dag.py:3239} INFO - Sync 1 DAGs
[2025-01-19T19:35:16.122+0000] {logging_mixin.py:190} INFO - [2025-01-19T19:35:16.122+0000] {dag.py:4180} INFO - Setting next_dagrun for tutorial to 2025-01-18 00:00:00+00:00, run_after=2025-01-19 00:00:00+00:00
[2025-01-19T19:35:16.132+0000] {processor.py:208} INFO - Processing /home/airflow/.local/lib/python3.12/site-packages/airflow/example_dags/tutorial.py took 0.042 seconds
[2025-01-19T19:35:46.707+0000] {processor.py:186} INFO - Started process (PID=197) to work on /home/airflow/.local/lib/python3.12/site-packages/airflow/example_dags/tutorial.py
[2025-01-19T19:35:46.708+0000] {processor.py:914} INFO - Processing file /home/airflow/.local/lib/python3.12/site-packages/airflow/example_dags/tutorial.py for tasks to queue
[2025-01-19T19:35:46.709+0000] {logging_mixin.py:190} INFO - [2025-01-19T19:35:46.709+0000] {dagbag.py:588} INFO - Filling up the DagBag from /home/airflow/.local/lib/python3.12/site-packages/airflow/example_dags/tutorial.py
[2025-01-19T19:35:46.715+0000] {processor.py:925} INFO - DAG(s) 'tutorial' retrieved from /home/airflow/.local/lib/python3.12/site-packages/airflow/example_dags/tutorial.py
[2025-01-19T19:35:46.728+0000] {logging_mixin.py:190} INFO - [2025-01-19T19:35:46.727+0000] {dag.py:3239} INFO - Sync 1 DAGs
[2025-01-19T19:35:46.741+0000] {logging_mixin.py:190} INFO - [2025-01-19T19:35:46.741+0000] {dag.py:4180} INFO - Setting next_dagrun for tutorial to 2025-01-18 00:00:00+00:00, run_after=2025-01-19 00:00:00+00:00
[2025-01-19T19:35:46.752+0000] {processor.py:208} INFO - Processing /home/airflow/.local/lib/python3.12/site-packages/airflow/example_dags/tutorial.py took 0.049 seconds
[2025-01-19T19:36:16.829+0000] {processor.py:186} INFO - Started process (PID=261) to work on /home/airflow/.local/lib/python3.12/site-packages/airflow/example_dags/tutorial.py
[2025-01-19T19:36:16.829+0000] {processor.py:914} INFO - Processing file /home/airflow/.local/lib/python3.12/site-packages/airflow/example_dags/tutorial.py for tasks to queue
[2025-01-19T19:36:16.831+0000] {logging_mixin.py:190} INFO - [2025-01-19T19:36:16.830+0000] {dagbag.py:588} INFO - Filling up the DagBag from /home/airflow/.local/lib/python3.12/site-packages/airflow/example_dags/tutorial.py
[2025-01-19T19:36:16.835+0000] {processor.py:925} INFO - DAG(s) 'tutorial' retrieved from /home/airflow/.local/lib/python3.12/site-packages/airflow/example_dags/tutorial.py
[2025-01-19T19:36:16.846+0000] {logging_mixin.py:190} INFO - [2025-01-19T19:36:16.845+0000] {dag.py:3239} INFO - Sync 1 DAGs
[2025-01-19T19:36:16.858+0000] {logging_mixin.py:190} INFO - [2025-01-19T19:36:16.858+0000] {dag.py:4180} INFO - Setting next_dagrun for tutorial to 2025-01-18 00:00:00+00:00, run_after=2025-01-19 00:00:00+00:00
[2025-01-19T19:36:16.868+0000] {processor.py:208} INFO - Processing /home/airflow/.local/lib/python3.12/site-packages/airflow/example_dags/tutorial.py took 0.042 seconds
[2025-01-19T19:36:47.708+0000] {processor.py:186} INFO - Started process (PID=327) to work on /home/airflow/.local/lib/python3.12/site-packages/airflow/example_dags/tutorial.py
[2025-01-19T19:36:47.709+0000] {processor.py:914} INFO - Processing file /home/airflow/.local/lib/python3.12/site-packages/airflow/example_dags/tutorial.py for tasks to queue
[2025-01-19T19:36:47.710+0000] {logging_mixin.py:190} INFO - [2025-01-19T19:36:47.710+0000] {dagbag.py:588} INFO - Filling up the DagBag from /home/airflow/.local/lib/python3.12/site-packages/airflow/example_dags/tutorial.py
[2025-01-19T19:36:47.715+0000] {processor.py:925} INFO - DAG(s) 'tutorial' retrieved from /home/airflow/.local/lib/python3.12/site-packages/airflow/example_dags/tutorial.py
[2025-01-19T19:36:47.725+0000] {logging_mixin.py:190} INFO - [2025-01-19T19:36:47.725+0000] {dag.py:3239} INFO - Sync 1 DAGs
[2025-01-19T19:36:47.738+0000] {logging_mixin.py:190} INFO - [2025-01-19T19:36:47.738+0000] {dag.py:4180} INFO - Setting next_dagrun for tutorial to 2025-01-18 00:00:00+00:00, run_after=2025-01-19 00:00:00+00:00
[2025-01-19T19:36:47.749+0000] {processor.py:208} INFO - Processing /home/airflow/.local/lib/python3.12/site-packages/airflow/example_dags/tutorial.py took 0.044 seconds
