[2025-01-19T19:25:20.327+0000] {processor.py:186} INFO - Started process (PID=58) to work on /home/airflow/.local/lib/python3.12/site-packages/airflow/example_dags/tutorial_objectstorage.py
[2025-01-19T19:25:20.328+0000] {processor.py:914} INFO - Processing file /home/airflow/.local/lib/python3.12/site-packages/airflow/example_dags/tutorial_objectstorage.py for tasks to queue
[2025-01-19T19:25:20.330+0000] {logging_mixin.py:190} INFO - [2025-01-19T19:25:20.330+0000] {dagbag.py:588} INFO - Filling up the DagBag from /home/airflow/.local/lib/python3.12/site-packages/airflow/example_dags/tutorial_objectstorage.py
[2025-01-19T19:25:20.364+0000] {processor.py:925} INFO - DAG(s) 'tutorial_objectstorage' retrieved from /home/airflow/.local/lib/python3.12/site-packages/airflow/example_dags/tutorial_objectstorage.py
[2025-01-19T19:25:20.428+0000] {logging_mixin.py:190} INFO - [2025-01-19T19:25:20.428+0000] {override.py:1911} INFO - Created Permission View: can read on DAG:tutorial_objectstorage
[2025-01-19T19:25:20.435+0000] {logging_mixin.py:190} INFO - [2025-01-19T19:25:20.435+0000] {override.py:1911} INFO - Created Permission View: can edit on DAG:tutorial_objectstorage
[2025-01-19T19:25:20.440+0000] {logging_mixin.py:190} INFO - [2025-01-19T19:25:20.440+0000] {override.py:1911} INFO - Created Permission View: can delete on DAG:tutorial_objectstorage
[2025-01-19T19:25:20.446+0000] {logging_mixin.py:190} INFO - [2025-01-19T19:25:20.446+0000] {override.py:1911} INFO - Created Permission View: can read on DAG Run:tutorial_objectstorage
[2025-01-19T19:25:20.450+0000] {logging_mixin.py:190} INFO - [2025-01-19T19:25:20.450+0000] {override.py:1911} INFO - Created Permission View: menu access on DAG Run:tutorial_objectstorage
[2025-01-19T19:25:20.454+0000] {logging_mixin.py:190} INFO - [2025-01-19T19:25:20.453+0000] {override.py:1911} INFO - Created Permission View: can create on DAG Run:tutorial_objectstorage
[2025-01-19T19:25:20.458+0000] {logging_mixin.py:190} INFO - [2025-01-19T19:25:20.458+0000] {override.py:1911} INFO - Created Permission View: can delete on DAG Run:tutorial_objectstorage
[2025-01-19T19:25:20.458+0000] {logging_mixin.py:190} INFO - [2025-01-19T19:25:20.458+0000] {dag.py:3239} INFO - Sync 1 DAGs
[2025-01-19T19:25:20.465+0000] {logging_mixin.py:190} INFO - [2025-01-19T19:25:20.465+0000] {dag.py:3262} INFO - Creating ORM DAG for tutorial_objectstorage
[2025-01-19T19:25:20.465+0000] {logging_mixin.py:190} INFO - [2025-01-19T19:25:20.465+0000] {dag.py:4180} INFO - Setting next_dagrun for tutorial_objectstorage to None, run_after=None
[2025-01-19T19:25:20.476+0000] {processor.py:208} INFO - Processing /home/airflow/.local/lib/python3.12/site-packages/airflow/example_dags/tutorial_objectstorage.py took 0.152 seconds
[2025-01-19T19:25:51.254+0000] {processor.py:186} INFO - Started process (PID=122) to work on /home/airflow/.local/lib/python3.12/site-packages/airflow/example_dags/tutorial_objectstorage.py
[2025-01-19T19:25:51.255+0000] {processor.py:914} INFO - Processing file /home/airflow/.local/lib/python3.12/site-packages/airflow/example_dags/tutorial_objectstorage.py for tasks to queue
[2025-01-19T19:25:51.256+0000] {logging_mixin.py:190} INFO - [2025-01-19T19:25:51.256+0000] {dagbag.py:588} INFO - Filling up the DagBag from /home/airflow/.local/lib/python3.12/site-packages/airflow/example_dags/tutorial_objectstorage.py
[2025-01-19T19:25:51.261+0000] {processor.py:925} INFO - DAG(s) 'tutorial_objectstorage' retrieved from /home/airflow/.local/lib/python3.12/site-packages/airflow/example_dags/tutorial_objectstorage.py
[2025-01-19T19:25:51.271+0000] {logging_mixin.py:190} INFO - [2025-01-19T19:25:51.271+0000] {dag.py:3239} INFO - Sync 1 DAGs
[2025-01-19T19:25:51.279+0000] {logging_mixin.py:190} INFO - [2025-01-19T19:25:51.279+0000] {dag.py:4180} INFO - Setting next_dagrun for tutorial_objectstorage to None, run_after=None
[2025-01-19T19:25:51.289+0000] {processor.py:208} INFO - Processing /home/airflow/.local/lib/python3.12/site-packages/airflow/example_dags/tutorial_objectstorage.py took 0.038 seconds
[2025-01-19T19:26:22.053+0000] {processor.py:186} INFO - Started process (PID=187) to work on /home/airflow/.local/lib/python3.12/site-packages/airflow/example_dags/tutorial_objectstorage.py
[2025-01-19T19:26:22.054+0000] {processor.py:914} INFO - Processing file /home/airflow/.local/lib/python3.12/site-packages/airflow/example_dags/tutorial_objectstorage.py for tasks to queue
[2025-01-19T19:26:22.055+0000] {logging_mixin.py:190} INFO - [2025-01-19T19:26:22.055+0000] {dagbag.py:588} INFO - Filling up the DagBag from /home/airflow/.local/lib/python3.12/site-packages/airflow/example_dags/tutorial_objectstorage.py
[2025-01-19T19:26:22.062+0000] {processor.py:925} INFO - DAG(s) 'tutorial_objectstorage' retrieved from /home/airflow/.local/lib/python3.12/site-packages/airflow/example_dags/tutorial_objectstorage.py
[2025-01-19T19:26:22.073+0000] {logging_mixin.py:190} INFO - [2025-01-19T19:26:22.073+0000] {dag.py:3239} INFO - Sync 1 DAGs
[2025-01-19T19:26:22.081+0000] {logging_mixin.py:190} INFO - [2025-01-19T19:26:22.081+0000] {dag.py:4180} INFO - Setting next_dagrun for tutorial_objectstorage to None, run_after=None
[2025-01-19T19:26:22.092+0000] {processor.py:208} INFO - Processing /home/airflow/.local/lib/python3.12/site-packages/airflow/example_dags/tutorial_objectstorage.py took 0.043 seconds
[2025-01-19T19:26:52.496+0000] {processor.py:186} INFO - Started process (PID=252) to work on /home/airflow/.local/lib/python3.12/site-packages/airflow/example_dags/tutorial_objectstorage.py
[2025-01-19T19:26:52.497+0000] {processor.py:914} INFO - Processing file /home/airflow/.local/lib/python3.12/site-packages/airflow/example_dags/tutorial_objectstorage.py for tasks to queue
[2025-01-19T19:26:52.498+0000] {logging_mixin.py:190} INFO - [2025-01-19T19:26:52.498+0000] {dagbag.py:588} INFO - Filling up the DagBag from /home/airflow/.local/lib/python3.12/site-packages/airflow/example_dags/tutorial_objectstorage.py
[2025-01-19T19:26:52.503+0000] {processor.py:925} INFO - DAG(s) 'tutorial_objectstorage' retrieved from /home/airflow/.local/lib/python3.12/site-packages/airflow/example_dags/tutorial_objectstorage.py
[2025-01-19T19:26:52.513+0000] {logging_mixin.py:190} INFO - [2025-01-19T19:26:52.513+0000] {dag.py:3239} INFO - Sync 1 DAGs
[2025-01-19T19:26:52.520+0000] {logging_mixin.py:190} INFO - [2025-01-19T19:26:52.520+0000] {dag.py:4180} INFO - Setting next_dagrun for tutorial_objectstorage to None, run_after=None
[2025-01-19T19:26:52.531+0000] {processor.py:208} INFO - Processing /home/airflow/.local/lib/python3.12/site-packages/airflow/example_dags/tutorial_objectstorage.py took 0.038 seconds
[2025-01-19T19:27:22.709+0000] {processor.py:186} INFO - Started process (PID=317) to work on /home/airflow/.local/lib/python3.12/site-packages/airflow/example_dags/tutorial_objectstorage.py
[2025-01-19T19:27:22.709+0000] {processor.py:914} INFO - Processing file /home/airflow/.local/lib/python3.12/site-packages/airflow/example_dags/tutorial_objectstorage.py for tasks to queue
[2025-01-19T19:27:22.711+0000] {logging_mixin.py:190} INFO - [2025-01-19T19:27:22.710+0000] {dagbag.py:588} INFO - Filling up the DagBag from /home/airflow/.local/lib/python3.12/site-packages/airflow/example_dags/tutorial_objectstorage.py
[2025-01-19T19:27:22.716+0000] {processor.py:925} INFO - DAG(s) 'tutorial_objectstorage' retrieved from /home/airflow/.local/lib/python3.12/site-packages/airflow/example_dags/tutorial_objectstorage.py
[2025-01-19T19:27:22.726+0000] {logging_mixin.py:190} INFO - [2025-01-19T19:27:22.726+0000] {dag.py:3239} INFO - Sync 1 DAGs
[2025-01-19T19:27:22.733+0000] {logging_mixin.py:190} INFO - [2025-01-19T19:27:22.733+0000] {dag.py:4180} INFO - Setting next_dagrun for tutorial_objectstorage to None, run_after=None
[2025-01-19T19:27:22.744+0000] {processor.py:208} INFO - Processing /home/airflow/.local/lib/python3.12/site-packages/airflow/example_dags/tutorial_objectstorage.py took 0.039 seconds
[2025-01-19T19:27:53.084+0000] {processor.py:186} INFO - Started process (PID=382) to work on /home/airflow/.local/lib/python3.12/site-packages/airflow/example_dags/tutorial_objectstorage.py
[2025-01-19T19:27:53.085+0000] {processor.py:914} INFO - Processing file /home/airflow/.local/lib/python3.12/site-packages/airflow/example_dags/tutorial_objectstorage.py for tasks to queue
[2025-01-19T19:27:53.086+0000] {logging_mixin.py:190} INFO - [2025-01-19T19:27:53.086+0000] {dagbag.py:588} INFO - Filling up the DagBag from /home/airflow/.local/lib/python3.12/site-packages/airflow/example_dags/tutorial_objectstorage.py
[2025-01-19T19:27:53.091+0000] {processor.py:925} INFO - DAG(s) 'tutorial_objectstorage' retrieved from /home/airflow/.local/lib/python3.12/site-packages/airflow/example_dags/tutorial_objectstorage.py
[2025-01-19T19:27:53.101+0000] {logging_mixin.py:190} INFO - [2025-01-19T19:27:53.101+0000] {dag.py:3239} INFO - Sync 1 DAGs
[2025-01-19T19:27:53.109+0000] {logging_mixin.py:190} INFO - [2025-01-19T19:27:53.109+0000] {dag.py:4180} INFO - Setting next_dagrun for tutorial_objectstorage to None, run_after=None
[2025-01-19T19:27:53.136+0000] {processor.py:208} INFO - Processing /home/airflow/.local/lib/python3.12/site-packages/airflow/example_dags/tutorial_objectstorage.py took 0.055 seconds
[2025-01-19T19:28:24.029+0000] {processor.py:186} INFO - Started process (PID=447) to work on /home/airflow/.local/lib/python3.12/site-packages/airflow/example_dags/tutorial_objectstorage.py
[2025-01-19T19:28:24.030+0000] {processor.py:914} INFO - Processing file /home/airflow/.local/lib/python3.12/site-packages/airflow/example_dags/tutorial_objectstorage.py for tasks to queue
[2025-01-19T19:28:24.031+0000] {logging_mixin.py:190} INFO - [2025-01-19T19:28:24.031+0000] {dagbag.py:588} INFO - Filling up the DagBag from /home/airflow/.local/lib/python3.12/site-packages/airflow/example_dags/tutorial_objectstorage.py
[2025-01-19T19:28:24.037+0000] {processor.py:925} INFO - DAG(s) 'tutorial_objectstorage' retrieved from /home/airflow/.local/lib/python3.12/site-packages/airflow/example_dags/tutorial_objectstorage.py
[2025-01-19T19:28:24.048+0000] {logging_mixin.py:190} INFO - [2025-01-19T19:28:24.048+0000] {dag.py:3239} INFO - Sync 1 DAGs
[2025-01-19T19:28:24.056+0000] {logging_mixin.py:190} INFO - [2025-01-19T19:28:24.056+0000] {dag.py:4180} INFO - Setting next_dagrun for tutorial_objectstorage to None, run_after=None
[2025-01-19T19:28:24.067+0000] {processor.py:208} INFO - Processing /home/airflow/.local/lib/python3.12/site-packages/airflow/example_dags/tutorial_objectstorage.py took 0.041 seconds
[2025-01-19T19:28:55.213+0000] {processor.py:186} INFO - Started process (PID=512) to work on /home/airflow/.local/lib/python3.12/site-packages/airflow/example_dags/tutorial_objectstorage.py
[2025-01-19T19:28:55.213+0000] {processor.py:914} INFO - Processing file /home/airflow/.local/lib/python3.12/site-packages/airflow/example_dags/tutorial_objectstorage.py for tasks to queue
[2025-01-19T19:28:55.215+0000] {logging_mixin.py:190} INFO - [2025-01-19T19:28:55.214+0000] {dagbag.py:588} INFO - Filling up the DagBag from /home/airflow/.local/lib/python3.12/site-packages/airflow/example_dags/tutorial_objectstorage.py
[2025-01-19T19:28:55.220+0000] {processor.py:925} INFO - DAG(s) 'tutorial_objectstorage' retrieved from /home/airflow/.local/lib/python3.12/site-packages/airflow/example_dags/tutorial_objectstorage.py
[2025-01-19T19:28:55.230+0000] {logging_mixin.py:190} INFO - [2025-01-19T19:28:55.230+0000] {dag.py:3239} INFO - Sync 1 DAGs
[2025-01-19T19:28:55.237+0000] {logging_mixin.py:190} INFO - [2025-01-19T19:28:55.237+0000] {dag.py:4180} INFO - Setting next_dagrun for tutorial_objectstorage to None, run_after=None
[2025-01-19T19:28:55.248+0000] {processor.py:208} INFO - Processing /home/airflow/.local/lib/python3.12/site-packages/airflow/example_dags/tutorial_objectstorage.py took 0.038 seconds
[2025-01-19T19:29:25.470+0000] {processor.py:186} INFO - Started process (PID=577) to work on /home/airflow/.local/lib/python3.12/site-packages/airflow/example_dags/tutorial_objectstorage.py
[2025-01-19T19:29:25.470+0000] {processor.py:914} INFO - Processing file /home/airflow/.local/lib/python3.12/site-packages/airflow/example_dags/tutorial_objectstorage.py for tasks to queue
[2025-01-19T19:29:25.472+0000] {logging_mixin.py:190} INFO - [2025-01-19T19:29:25.472+0000] {dagbag.py:588} INFO - Filling up the DagBag from /home/airflow/.local/lib/python3.12/site-packages/airflow/example_dags/tutorial_objectstorage.py
[2025-01-19T19:29:25.478+0000] {processor.py:925} INFO - DAG(s) 'tutorial_objectstorage' retrieved from /home/airflow/.local/lib/python3.12/site-packages/airflow/example_dags/tutorial_objectstorage.py
[2025-01-19T19:29:25.489+0000] {logging_mixin.py:190} INFO - [2025-01-19T19:29:25.488+0000] {dag.py:3239} INFO - Sync 1 DAGs
[2025-01-19T19:29:25.497+0000] {logging_mixin.py:190} INFO - [2025-01-19T19:29:25.497+0000] {dag.py:4180} INFO - Setting next_dagrun for tutorial_objectstorage to None, run_after=None
[2025-01-19T19:29:25.508+0000] {processor.py:208} INFO - Processing /home/airflow/.local/lib/python3.12/site-packages/airflow/example_dags/tutorial_objectstorage.py took 0.042 seconds
[2025-01-19T19:29:56.492+0000] {processor.py:186} INFO - Started process (PID=642) to work on /home/airflow/.local/lib/python3.12/site-packages/airflow/example_dags/tutorial_objectstorage.py
[2025-01-19T19:29:56.493+0000] {processor.py:914} INFO - Processing file /home/airflow/.local/lib/python3.12/site-packages/airflow/example_dags/tutorial_objectstorage.py for tasks to queue
[2025-01-19T19:29:56.495+0000] {logging_mixin.py:190} INFO - [2025-01-19T19:29:56.494+0000] {dagbag.py:588} INFO - Filling up the DagBag from /home/airflow/.local/lib/python3.12/site-packages/airflow/example_dags/tutorial_objectstorage.py
[2025-01-19T19:29:56.500+0000] {processor.py:925} INFO - DAG(s) 'tutorial_objectstorage' retrieved from /home/airflow/.local/lib/python3.12/site-packages/airflow/example_dags/tutorial_objectstorage.py
[2025-01-19T19:29:56.511+0000] {logging_mixin.py:190} INFO - [2025-01-19T19:29:56.511+0000] {dag.py:3239} INFO - Sync 1 DAGs
[2025-01-19T19:29:56.519+0000] {logging_mixin.py:190} INFO - [2025-01-19T19:29:56.519+0000] {dag.py:4180} INFO - Setting next_dagrun for tutorial_objectstorage to None, run_after=None
[2025-01-19T19:29:56.529+0000] {processor.py:208} INFO - Processing /home/airflow/.local/lib/python3.12/site-packages/airflow/example_dags/tutorial_objectstorage.py took 0.041 seconds
[2025-01-19T19:30:26.711+0000] {processor.py:186} INFO - Started process (PID=707) to work on /home/airflow/.local/lib/python3.12/site-packages/airflow/example_dags/tutorial_objectstorage.py
[2025-01-19T19:30:26.711+0000] {processor.py:914} INFO - Processing file /home/airflow/.local/lib/python3.12/site-packages/airflow/example_dags/tutorial_objectstorage.py for tasks to queue
[2025-01-19T19:30:26.713+0000] {logging_mixin.py:190} INFO - [2025-01-19T19:30:26.713+0000] {dagbag.py:588} INFO - Filling up the DagBag from /home/airflow/.local/lib/python3.12/site-packages/airflow/example_dags/tutorial_objectstorage.py
[2025-01-19T19:30:26.718+0000] {processor.py:925} INFO - DAG(s) 'tutorial_objectstorage' retrieved from /home/airflow/.local/lib/python3.12/site-packages/airflow/example_dags/tutorial_objectstorage.py
[2025-01-19T19:30:26.728+0000] {logging_mixin.py:190} INFO - [2025-01-19T19:30:26.728+0000] {dag.py:3239} INFO - Sync 1 DAGs
[2025-01-19T19:30:26.736+0000] {logging_mixin.py:190} INFO - [2025-01-19T19:30:26.736+0000] {dag.py:4180} INFO - Setting next_dagrun for tutorial_objectstorage to None, run_after=None
[2025-01-19T19:30:26.746+0000] {processor.py:208} INFO - Processing /home/airflow/.local/lib/python3.12/site-packages/airflow/example_dags/tutorial_objectstorage.py took 0.038 seconds
[2025-01-19T19:30:57.506+0000] {processor.py:186} INFO - Started process (PID=772) to work on /home/airflow/.local/lib/python3.12/site-packages/airflow/example_dags/tutorial_objectstorage.py
[2025-01-19T19:30:57.507+0000] {processor.py:914} INFO - Processing file /home/airflow/.local/lib/python3.12/site-packages/airflow/example_dags/tutorial_objectstorage.py for tasks to queue
[2025-01-19T19:30:57.508+0000] {logging_mixin.py:190} INFO - [2025-01-19T19:30:57.508+0000] {dagbag.py:588} INFO - Filling up the DagBag from /home/airflow/.local/lib/python3.12/site-packages/airflow/example_dags/tutorial_objectstorage.py
[2025-01-19T19:30:57.513+0000] {processor.py:925} INFO - DAG(s) 'tutorial_objectstorage' retrieved from /home/airflow/.local/lib/python3.12/site-packages/airflow/example_dags/tutorial_objectstorage.py
[2025-01-19T19:30:57.523+0000] {logging_mixin.py:190} INFO - [2025-01-19T19:30:57.523+0000] {dag.py:3239} INFO - Sync 1 DAGs
[2025-01-19T19:30:57.531+0000] {logging_mixin.py:190} INFO - [2025-01-19T19:30:57.530+0000] {dag.py:4180} INFO - Setting next_dagrun for tutorial_objectstorage to None, run_after=None
[2025-01-19T19:30:57.540+0000] {processor.py:208} INFO - Processing /home/airflow/.local/lib/python3.12/site-packages/airflow/example_dags/tutorial_objectstorage.py took 0.038 seconds
[2025-01-19T19:31:27.694+0000] {processor.py:186} INFO - Started process (PID=837) to work on /home/airflow/.local/lib/python3.12/site-packages/airflow/example_dags/tutorial_objectstorage.py
[2025-01-19T19:31:27.694+0000] {processor.py:914} INFO - Processing file /home/airflow/.local/lib/python3.12/site-packages/airflow/example_dags/tutorial_objectstorage.py for tasks to queue
[2025-01-19T19:31:27.696+0000] {logging_mixin.py:190} INFO - [2025-01-19T19:31:27.696+0000] {dagbag.py:588} INFO - Filling up the DagBag from /home/airflow/.local/lib/python3.12/site-packages/airflow/example_dags/tutorial_objectstorage.py
[2025-01-19T19:31:27.701+0000] {processor.py:925} INFO - DAG(s) 'tutorial_objectstorage' retrieved from /home/airflow/.local/lib/python3.12/site-packages/airflow/example_dags/tutorial_objectstorage.py
[2025-01-19T19:31:27.711+0000] {logging_mixin.py:190} INFO - [2025-01-19T19:31:27.711+0000] {dag.py:3239} INFO - Sync 1 DAGs
[2025-01-19T19:31:27.719+0000] {logging_mixin.py:190} INFO - [2025-01-19T19:31:27.719+0000] {dag.py:4180} INFO - Setting next_dagrun for tutorial_objectstorage to None, run_after=None
[2025-01-19T19:31:27.734+0000] {processor.py:208} INFO - Processing /home/airflow/.local/lib/python3.12/site-packages/airflow/example_dags/tutorial_objectstorage.py took 0.043 seconds
[2025-01-19T19:31:58.448+0000] {processor.py:186} INFO - Started process (PID=902) to work on /home/airflow/.local/lib/python3.12/site-packages/airflow/example_dags/tutorial_objectstorage.py
[2025-01-19T19:31:58.448+0000] {processor.py:914} INFO - Processing file /home/airflow/.local/lib/python3.12/site-packages/airflow/example_dags/tutorial_objectstorage.py for tasks to queue
[2025-01-19T19:31:58.450+0000] {logging_mixin.py:190} INFO - [2025-01-19T19:31:58.450+0000] {dagbag.py:588} INFO - Filling up the DagBag from /home/airflow/.local/lib/python3.12/site-packages/airflow/example_dags/tutorial_objectstorage.py
[2025-01-19T19:31:58.455+0000] {processor.py:925} INFO - DAG(s) 'tutorial_objectstorage' retrieved from /home/airflow/.local/lib/python3.12/site-packages/airflow/example_dags/tutorial_objectstorage.py
[2025-01-19T19:31:58.465+0000] {logging_mixin.py:190} INFO - [2025-01-19T19:31:58.465+0000] {dag.py:3239} INFO - Sync 1 DAGs
[2025-01-19T19:31:58.472+0000] {logging_mixin.py:190} INFO - [2025-01-19T19:31:58.472+0000] {dag.py:4180} INFO - Setting next_dagrun for tutorial_objectstorage to None, run_after=None
[2025-01-19T19:31:58.483+0000] {processor.py:208} INFO - Processing /home/airflow/.local/lib/python3.12/site-packages/airflow/example_dags/tutorial_objectstorage.py took 0.039 seconds
[2025-01-19T19:32:29.437+0000] {processor.py:186} INFO - Started process (PID=967) to work on /home/airflow/.local/lib/python3.12/site-packages/airflow/example_dags/tutorial_objectstorage.py
[2025-01-19T19:32:29.438+0000] {processor.py:914} INFO - Processing file /home/airflow/.local/lib/python3.12/site-packages/airflow/example_dags/tutorial_objectstorage.py for tasks to queue
[2025-01-19T19:32:29.439+0000] {logging_mixin.py:190} INFO - [2025-01-19T19:32:29.439+0000] {dagbag.py:588} INFO - Filling up the DagBag from /home/airflow/.local/lib/python3.12/site-packages/airflow/example_dags/tutorial_objectstorage.py
[2025-01-19T19:32:29.445+0000] {processor.py:925} INFO - DAG(s) 'tutorial_objectstorage' retrieved from /home/airflow/.local/lib/python3.12/site-packages/airflow/example_dags/tutorial_objectstorage.py
[2025-01-19T19:32:29.455+0000] {logging_mixin.py:190} INFO - [2025-01-19T19:32:29.455+0000] {dag.py:3239} INFO - Sync 1 DAGs
[2025-01-19T19:32:29.463+0000] {logging_mixin.py:190} INFO - [2025-01-19T19:32:29.462+0000] {dag.py:4180} INFO - Setting next_dagrun for tutorial_objectstorage to None, run_after=None
[2025-01-19T19:32:29.474+0000] {processor.py:208} INFO - Processing /home/airflow/.local/lib/python3.12/site-packages/airflow/example_dags/tutorial_objectstorage.py took 0.041 seconds
[2025-01-19T19:32:59.858+0000] {processor.py:186} INFO - Started process (PID=1032) to work on /home/airflow/.local/lib/python3.12/site-packages/airflow/example_dags/tutorial_objectstorage.py
[2025-01-19T19:33:00.128+0000] {processor.py:914} INFO - Processing file /home/airflow/.local/lib/python3.12/site-packages/airflow/example_dags/tutorial_objectstorage.py for tasks to queue
[2025-01-19T19:33:00.130+0000] {logging_mixin.py:190} INFO - [2025-01-19T19:33:00.130+0000] {dagbag.py:588} INFO - Filling up the DagBag from /home/airflow/.local/lib/python3.12/site-packages/airflow/example_dags/tutorial_objectstorage.py
[2025-01-19T19:33:00.136+0000] {processor.py:925} INFO - DAG(s) 'tutorial_objectstorage' retrieved from /home/airflow/.local/lib/python3.12/site-packages/airflow/example_dags/tutorial_objectstorage.py
[2025-01-19T19:33:00.147+0000] {logging_mixin.py:190} INFO - [2025-01-19T19:33:00.147+0000] {dag.py:3239} INFO - Sync 1 DAGs
[2025-01-19T19:33:00.155+0000] {logging_mixin.py:190} INFO - [2025-01-19T19:33:00.154+0000] {dag.py:4180} INFO - Setting next_dagrun for tutorial_objectstorage to None, run_after=None
[2025-01-19T19:33:00.166+0000] {processor.py:208} INFO - Processing /home/airflow/.local/lib/python3.12/site-packages/airflow/example_dags/tutorial_objectstorage.py took 0.312 seconds
[2025-01-19T19:33:31.103+0000] {processor.py:186} INFO - Started process (PID=1097) to work on /home/airflow/.local/lib/python3.12/site-packages/airflow/example_dags/tutorial_objectstorage.py
[2025-01-19T19:33:31.104+0000] {processor.py:914} INFO - Processing file /home/airflow/.local/lib/python3.12/site-packages/airflow/example_dags/tutorial_objectstorage.py for tasks to queue
[2025-01-19T19:33:31.105+0000] {logging_mixin.py:190} INFO - [2025-01-19T19:33:31.105+0000] {dagbag.py:588} INFO - Filling up the DagBag from /home/airflow/.local/lib/python3.12/site-packages/airflow/example_dags/tutorial_objectstorage.py
[2025-01-19T19:33:31.111+0000] {processor.py:925} INFO - DAG(s) 'tutorial_objectstorage' retrieved from /home/airflow/.local/lib/python3.12/site-packages/airflow/example_dags/tutorial_objectstorage.py
[2025-01-19T19:33:31.122+0000] {logging_mixin.py:190} INFO - [2025-01-19T19:33:31.122+0000] {dag.py:3239} INFO - Sync 1 DAGs
[2025-01-19T19:33:31.131+0000] {logging_mixin.py:190} INFO - [2025-01-19T19:33:31.131+0000] {dag.py:4180} INFO - Setting next_dagrun for tutorial_objectstorage to None, run_after=None
[2025-01-19T19:33:31.142+0000] {processor.py:208} INFO - Processing /home/airflow/.local/lib/python3.12/site-packages/airflow/example_dags/tutorial_objectstorage.py took 0.042 seconds
[2025-01-19T19:34:45.336+0000] {processor.py:186} INFO - Started process (PID=58) to work on /home/airflow/.local/lib/python3.12/site-packages/airflow/example_dags/tutorial_objectstorage.py
[2025-01-19T19:34:45.336+0000] {processor.py:914} INFO - Processing file /home/airflow/.local/lib/python3.12/site-packages/airflow/example_dags/tutorial_objectstorage.py for tasks to queue
[2025-01-19T19:34:45.338+0000] {logging_mixin.py:190} INFO - [2025-01-19T19:34:45.338+0000] {dagbag.py:588} INFO - Filling up the DagBag from /home/airflow/.local/lib/python3.12/site-packages/airflow/example_dags/tutorial_objectstorage.py
[2025-01-19T19:34:45.344+0000] {processor.py:925} INFO - DAG(s) 'tutorial_objectstorage' retrieved from /home/airflow/.local/lib/python3.12/site-packages/airflow/example_dags/tutorial_objectstorage.py
[2025-01-19T19:34:45.360+0000] {logging_mixin.py:190} INFO - [2025-01-19T19:34:45.360+0000] {dag.py:3239} INFO - Sync 1 DAGs
[2025-01-19T19:34:45.371+0000] {logging_mixin.py:190} INFO - [2025-01-19T19:34:45.371+0000] {dag.py:4180} INFO - Setting next_dagrun for tutorial_objectstorage to None, run_after=None
[2025-01-19T19:34:45.382+0000] {processor.py:208} INFO - Processing /home/airflow/.local/lib/python3.12/site-packages/airflow/example_dags/tutorial_objectstorage.py took 0.050 seconds
[2025-01-19T19:35:15.662+0000] {processor.py:186} INFO - Started process (PID=122) to work on /home/airflow/.local/lib/python3.12/site-packages/airflow/example_dags/tutorial_objectstorage.py
[2025-01-19T19:35:15.662+0000] {processor.py:914} INFO - Processing file /home/airflow/.local/lib/python3.12/site-packages/airflow/example_dags/tutorial_objectstorage.py for tasks to queue
[2025-01-19T19:35:15.664+0000] {logging_mixin.py:190} INFO - [2025-01-19T19:35:15.664+0000] {dagbag.py:588} INFO - Filling up the DagBag from /home/airflow/.local/lib/python3.12/site-packages/airflow/example_dags/tutorial_objectstorage.py
[2025-01-19T19:35:15.669+0000] {processor.py:925} INFO - DAG(s) 'tutorial_objectstorage' retrieved from /home/airflow/.local/lib/python3.12/site-packages/airflow/example_dags/tutorial_objectstorage.py
[2025-01-19T19:35:15.680+0000] {logging_mixin.py:190} INFO - [2025-01-19T19:35:15.679+0000] {dag.py:3239} INFO - Sync 1 DAGs
[2025-01-19T19:35:15.688+0000] {logging_mixin.py:190} INFO - [2025-01-19T19:35:15.687+0000] {dag.py:4180} INFO - Setting next_dagrun for tutorial_objectstorage to None, run_after=None
[2025-01-19T19:35:15.698+0000] {processor.py:208} INFO - Processing /home/airflow/.local/lib/python3.12/site-packages/airflow/example_dags/tutorial_objectstorage.py took 0.040 seconds
[2025-01-19T19:35:46.253+0000] {processor.py:186} INFO - Started process (PID=188) to work on /home/airflow/.local/lib/python3.12/site-packages/airflow/example_dags/tutorial_objectstorage.py
[2025-01-19T19:35:46.253+0000] {processor.py:914} INFO - Processing file /home/airflow/.local/lib/python3.12/site-packages/airflow/example_dags/tutorial_objectstorage.py for tasks to queue
[2025-01-19T19:35:46.255+0000] {logging_mixin.py:190} INFO - [2025-01-19T19:35:46.255+0000] {dagbag.py:588} INFO - Filling up the DagBag from /home/airflow/.local/lib/python3.12/site-packages/airflow/example_dags/tutorial_objectstorage.py
[2025-01-19T19:35:46.260+0000] {processor.py:925} INFO - DAG(s) 'tutorial_objectstorage' retrieved from /home/airflow/.local/lib/python3.12/site-packages/airflow/example_dags/tutorial_objectstorage.py
[2025-01-19T19:35:46.270+0000] {logging_mixin.py:190} INFO - [2025-01-19T19:35:46.270+0000] {dag.py:3239} INFO - Sync 1 DAGs
[2025-01-19T19:35:46.305+0000] {logging_mixin.py:190} INFO - [2025-01-19T19:35:46.305+0000] {dag.py:4180} INFO - Setting next_dagrun for tutorial_objectstorage to None, run_after=None
[2025-01-19T19:35:46.384+0000] {processor.py:208} INFO - Processing /home/airflow/.local/lib/python3.12/site-packages/airflow/example_dags/tutorial_objectstorage.py took 0.135 seconds
[2025-01-19T19:36:16.583+0000] {processor.py:186} INFO - Started process (PID=253) to work on /home/airflow/.local/lib/python3.12/site-packages/airflow/example_dags/tutorial_objectstorage.py
[2025-01-19T19:36:16.583+0000] {processor.py:914} INFO - Processing file /home/airflow/.local/lib/python3.12/site-packages/airflow/example_dags/tutorial_objectstorage.py for tasks to queue
[2025-01-19T19:36:16.585+0000] {logging_mixin.py:190} INFO - [2025-01-19T19:36:16.585+0000] {dagbag.py:588} INFO - Filling up the DagBag from /home/airflow/.local/lib/python3.12/site-packages/airflow/example_dags/tutorial_objectstorage.py
[2025-01-19T19:36:16.590+0000] {processor.py:925} INFO - DAG(s) 'tutorial_objectstorage' retrieved from /home/airflow/.local/lib/python3.12/site-packages/airflow/example_dags/tutorial_objectstorage.py
[2025-01-19T19:36:16.600+0000] {logging_mixin.py:190} INFO - [2025-01-19T19:36:16.600+0000] {dag.py:3239} INFO - Sync 1 DAGs
[2025-01-19T19:36:16.608+0000] {logging_mixin.py:190} INFO - [2025-01-19T19:36:16.607+0000] {dag.py:4180} INFO - Setting next_dagrun for tutorial_objectstorage to None, run_after=None
[2025-01-19T19:36:16.618+0000] {processor.py:208} INFO - Processing /home/airflow/.local/lib/python3.12/site-packages/airflow/example_dags/tutorial_objectstorage.py took 0.039 seconds
[2025-01-19T19:36:47.404+0000] {processor.py:186} INFO - Started process (PID=319) to work on /home/airflow/.local/lib/python3.12/site-packages/airflow/example_dags/tutorial_objectstorage.py
[2025-01-19T19:36:47.405+0000] {processor.py:914} INFO - Processing file /home/airflow/.local/lib/python3.12/site-packages/airflow/example_dags/tutorial_objectstorage.py for tasks to queue
[2025-01-19T19:36:47.406+0000] {logging_mixin.py:190} INFO - [2025-01-19T19:36:47.406+0000] {dagbag.py:588} INFO - Filling up the DagBag from /home/airflow/.local/lib/python3.12/site-packages/airflow/example_dags/tutorial_objectstorage.py
[2025-01-19T19:36:47.411+0000] {processor.py:925} INFO - DAG(s) 'tutorial_objectstorage' retrieved from /home/airflow/.local/lib/python3.12/site-packages/airflow/example_dags/tutorial_objectstorage.py
[2025-01-19T19:36:47.421+0000] {logging_mixin.py:190} INFO - [2025-01-19T19:36:47.421+0000] {dag.py:3239} INFO - Sync 1 DAGs
[2025-01-19T19:36:47.429+0000] {logging_mixin.py:190} INFO - [2025-01-19T19:36:47.429+0000] {dag.py:4180} INFO - Setting next_dagrun for tutorial_objectstorage to None, run_after=None
[2025-01-19T19:36:47.439+0000] {processor.py:208} INFO - Processing /home/airflow/.local/lib/python3.12/site-packages/airflow/example_dags/tutorial_objectstorage.py took 0.038 seconds
