[2025-01-18T19:46:22.503+0000] {local_task_job_runner.py:123} INFO - ::group::Pre task execution logs
[2025-01-18T19:46:22.513+0000] {taskinstance.py:2613} INFO - Dependencies all met for dep_context=non-requeueable deps ti=<TaskInstance: coleta_dados_abertos_cnpj.extract manual__2025-01-18T18:00:06.806128+00:00 [queued]>
[2025-01-18T19:46:22.517+0000] {taskinstance.py:2613} INFO - Dependencies all met for dep_context=requeueable deps ti=<TaskInstance: coleta_dados_abertos_cnpj.extract manual__2025-01-18T18:00:06.806128+00:00 [queued]>
[2025-01-18T19:46:22.518+0000] {taskinstance.py:2866} INFO - Starting attempt 34 of 35
[2025-01-18T19:46:22.529+0000] {taskinstance.py:2889} INFO - Executing <Task(PythonOperator): extract> on 2025-01-18 18:00:06.806128+00:00
[2025-01-18T19:46:22.533+0000] {warnings.py:112} WARNING - /home/***/.local/lib/python3.12/site-packages/***/task/task_runner/standard_task_runner.py:70: DeprecationWarning: This process (pid=1957) is multi-threaded, use of fork() may lead to deadlocks in the child.
  pid = os.fork()

[2025-01-18T19:46:22.534+0000] {standard_task_runner.py:72} INFO - Started process 1958 to run task
[2025-01-18T19:46:22.534+0000] {standard_task_runner.py:104} INFO - Running: ['***', 'tasks', 'run', 'coleta_dados_abertos_cnpj', 'extract', 'manual__2025-01-18T18:00:06.806128+00:00', '--job-id', '69', '--raw', '--subdir', 'DAGS_FOLDER/coleta_dados_abertos_cnpj/dag.py', '--cfg-path', '/tmp/tmpjkbviqfj']
[2025-01-18T19:46:22.536+0000] {standard_task_runner.py:105} INFO - Job 69: Subtask extract
[2025-01-18T19:46:22.563+0000] {task_command.py:467} INFO - Running <TaskInstance: coleta_dados_abertos_cnpj.extract manual__2025-01-18T18:00:06.806128+00:00 [running]> on host e9a1739d3128
[2025-01-18T19:46:22.607+0000] {taskinstance.py:3132} INFO - Exporting env vars: AIRFLOW_CTX_DAG_OWNER='Corvaum' AIRFLOW_CTX_DAG_ID='coleta_dados_abertos_cnpj' AIRFLOW_CTX_TASK_ID='extract' AIRFLOW_CTX_EXECUTION_DATE='2025-01-18T18:00:06.806128+00:00' AIRFLOW_CTX_TRY_NUMBER='34' AIRFLOW_CTX_DAG_RUN_ID='manual__2025-01-18T18:00:06.806128+00:00'
[2025-01-18T19:46:22.608+0000] {taskinstance.py:731} INFO - ::endgroup::
[2025-01-18T19:46:22.618+0000] {logging_mixin.py:190} INFO - https://arquivos.receitafederal.gov.br/dados/cnpj/dados_abertos_cnpj
[2025-01-18T19:46:22.619+0000] {logging_mixin.py:190} INFO - 2025-01-18
[2025-01-18T19:46:22.873+0000] {logging_mixin.py:190} INFO - Arquivos encontrados no diretório https://arquivos.receitafederal.gov.br/dados/cnpj/dados_abertos_cnpj:
[2025-01-18T19:46:22.874+0000] {logging_mixin.py:190} INFO - []
[2025-01-18T19:46:22.874+0000] {python.py:240} INFO - Done. Returned value was: None
[2025-01-18T19:46:22.880+0000] {taskinstance.py:340} INFO - ::group::Post task execution logs
[2025-01-18T19:46:22.881+0000] {taskinstance.py:352} INFO - Marking task as SUCCESS. dag_id=coleta_dados_abertos_cnpj, task_id=extract, run_id=manual__2025-01-18T18:00:06.806128+00:00, execution_date=20250118T180006, start_date=20250118T194622, end_date=20250118T194622
[2025-01-18T19:46:22.909+0000] {local_task_job_runner.py:266} INFO - Task exited with return code 0
[2025-01-18T19:46:22.918+0000] {taskinstance.py:3895} INFO - 0 downstream tasks scheduled from follow-on schedule check
[2025-01-18T19:46:22.922+0000] {local_task_job_runner.py:245} INFO - ::endgroup::
