[2025-01-18T19:47:56.061+0000] {local_task_job_runner.py:123} INFO - ::group::Pre task execution logs
[2025-01-18T19:47:56.071+0000] {taskinstance.py:2613} INFO - Dependencies all met for dep_context=non-requeueable deps ti=<TaskInstance: coleta_dados_abertos_cnpj.extract manual__2025-01-18T18:00:06.806128+00:00 [queued]>
[2025-01-18T19:47:56.077+0000] {taskinstance.py:2613} INFO - Dependencies all met for dep_context=requeueable deps ti=<TaskInstance: coleta_dados_abertos_cnpj.extract manual__2025-01-18T18:00:06.806128+00:00 [queued]>
[2025-01-18T19:47:56.078+0000] {taskinstance.py:2866} INFO - Starting attempt 35 of 36
[2025-01-18T19:47:56.107+0000] {taskinstance.py:2889} INFO - Executing <Task(PythonOperator): extract> on 2025-01-18 18:00:06.806128+00:00
[2025-01-18T19:47:56.111+0000] {warnings.py:112} WARNING - /home/***/.local/lib/python3.12/site-packages/***/task/task_runner/standard_task_runner.py:70: DeprecationWarning: This process (pid=1981) is multi-threaded, use of fork() may lead to deadlocks in the child.
  pid = os.fork()

[2025-01-18T19:47:56.113+0000] {standard_task_runner.py:72} INFO - Started process 1982 to run task
[2025-01-18T19:47:56.112+0000] {standard_task_runner.py:104} INFO - Running: ['***', 'tasks', 'run', 'coleta_dados_abertos_cnpj', 'extract', 'manual__2025-01-18T18:00:06.806128+00:00', '--job-id', '70', '--raw', '--subdir', 'DAGS_FOLDER/coleta_dados_abertos_cnpj/dag.py', '--cfg-path', '/tmp/tmpiocscrpe']
[2025-01-18T19:47:56.114+0000] {standard_task_runner.py:105} INFO - Job 70: Subtask extract
[2025-01-18T19:47:56.144+0000] {task_command.py:467} INFO - Running <TaskInstance: coleta_dados_abertos_cnpj.extract manual__2025-01-18T18:00:06.806128+00:00 [running]> on host e9a1739d3128
[2025-01-18T19:47:56.192+0000] {taskinstance.py:3132} INFO - Exporting env vars: AIRFLOW_CTX_DAG_OWNER='Corvaum' AIRFLOW_CTX_DAG_ID='coleta_dados_abertos_cnpj' AIRFLOW_CTX_TASK_ID='extract' AIRFLOW_CTX_EXECUTION_DATE='2025-01-18T18:00:06.806128+00:00' AIRFLOW_CTX_TRY_NUMBER='35' AIRFLOW_CTX_DAG_RUN_ID='manual__2025-01-18T18:00:06.806128+00:00'
[2025-01-18T19:47:56.193+0000] {taskinstance.py:731} INFO - ::endgroup::
[2025-01-18T19:47:56.205+0000] {logging_mixin.py:190} INFO - https://arquivos.receitafederal.gov.br/dados/cnpj/dados_abertos_cnpj
[2025-01-18T19:47:56.206+0000] {logging_mixin.py:190} INFO - 2025-01-18
[2025-01-18T19:47:56.488+0000] {logging_mixin.py:190} INFO - Arquivos encontrados no diretório https://arquivos.receitafederal.gov.br/dados/cnpj/dados_abertos_cnpj:
[2025-01-18T19:47:56.488+0000] {logging_mixin.py:190} INFO - []
[2025-01-18T19:47:56.489+0000] {logging_mixin.py:190} INFO - []
[2025-01-18T19:47:56.489+0000] {python.py:240} INFO - Done. Returned value was: None
[2025-01-18T19:47:56.495+0000] {taskinstance.py:340} INFO - ::group::Post task execution logs
[2025-01-18T19:47:56.495+0000] {taskinstance.py:352} INFO - Marking task as SUCCESS. dag_id=coleta_dados_abertos_cnpj, task_id=extract, run_id=manual__2025-01-18T18:00:06.806128+00:00, execution_date=20250118T180006, start_date=20250118T194756, end_date=20250118T194756
[2025-01-18T19:47:56.528+0000] {local_task_job_runner.py:266} INFO - Task exited with return code 0
[2025-01-18T19:47:56.537+0000] {taskinstance.py:3895} INFO - 0 downstream tasks scheduled from follow-on schedule check
[2025-01-18T19:47:56.539+0000] {local_task_job_runner.py:245} INFO - ::endgroup::
