[2025-01-25T13:41:15.731+0000] {processor.py:186} INFO - Started process (PID=78) to work on /opt/airflow/dags/coleta_dados_abertos_cnpj/dag.py
[2025-01-25T13:41:15.731+0000] {processor.py:914} INFO - Processing file /opt/airflow/dags/coleta_dados_abertos_cnpj/dag.py for tasks to queue
[2025-01-25T13:41:15.733+0000] {logging_mixin.py:190} INFO - [2025-01-25T13:41:15.732+0000] {dagbag.py:588} INFO - Filling up the DagBag from /opt/airflow/dags/coleta_dados_abertos_cnpj/dag.py
[2025-01-25T13:41:16.065+0000] {processor.py:925} INFO - DAG(s) 'coleta_dados_abertos_cnpj' retrieved from /opt/airflow/dags/coleta_dados_abertos_cnpj/dag.py
[2025-01-25T13:41:16.086+0000] {logging_mixin.py:190} INFO - [2025-01-25T13:41:16.086+0000] {dag.py:3239} INFO - Sync 1 DAGs
[2025-01-25T13:41:16.100+0000] {logging_mixin.py:190} INFO - [2025-01-25T13:41:16.100+0000] {dag.py:4180} INFO - Setting next_dagrun for coleta_dados_abertos_cnpj to 2025-01-10 00:00:00+00:00, run_after=2025-02-10 00:00:00+00:00
[2025-01-25T13:41:16.110+0000] {processor.py:208} INFO - Processing /opt/airflow/dags/coleta_dados_abertos_cnpj/dag.py took 0.385 seconds
[2025-01-25T13:41:25.456+0000] {processor.py:186} INFO - Started process (PID=89) to work on /opt/airflow/dags/coleta_dados_abertos_cnpj/dag.py
[2025-01-25T13:41:25.457+0000] {processor.py:914} INFO - Processing file /opt/airflow/dags/coleta_dados_abertos_cnpj/dag.py for tasks to queue
[2025-01-25T13:41:25.458+0000] {logging_mixin.py:190} INFO - [2025-01-25T13:41:25.458+0000] {dagbag.py:588} INFO - Filling up the DagBag from /opt/airflow/dags/coleta_dados_abertos_cnpj/dag.py
[2025-01-25T13:41:25.723+0000] {processor.py:925} INFO - DAG(s) 'coleta_dados_abertos_cnpj' retrieved from /opt/airflow/dags/coleta_dados_abertos_cnpj/dag.py
[2025-01-25T13:41:25.731+0000] {logging_mixin.py:190} INFO - [2025-01-25T13:41:25.731+0000] {taskinstance.py:3313} ERROR - {'DAG Id': 'coleta_dados_abertos_cnpj', 'Task Id': 'extract_estabelecimentos', 'Run Id': 'manual__2025-01-24T21:15:51.387766+00:00', 'Hostname': 'ee70781c29c7', 'External Executor Id': 'd8729fb0-ada3-4387-8a38-21b7e839eaf5'}
[2025-01-25T13:41:25.746+0000] {logging_mixin.py:190} INFO - [2025-01-25T13:41:25.745+0000] {taskinstance.py:1225} INFO - Marking task as UP_FOR_RETRY. dag_id=coleta_dados_abertos_cnpj, task_id=extract_estabelecimentos, run_id=manual__2025-01-24T21:15:51.387766+00:00, execution_date=20250124T211551, start_date=20250124T224200, end_date=20250125T134125
[2025-01-25T13:41:25.755+0000] {logging_mixin.py:190} INFO - [2025-01-25T13:41:25.755+0000] {processor.py:876} INFO - Executed callback for <TaskInstance: coleta_dados_abertos_cnpj.extract_estabelecimentos manual__2025-01-24T21:15:51.387766+00:00 [up_for_retry]> in state up_for_retry
[2025-01-25T13:41:25.767+0000] {logging_mixin.py:190} INFO - [2025-01-25T13:41:25.767+0000] {dag.py:3239} INFO - Sync 1 DAGs
[2025-01-25T13:41:25.776+0000] {logging_mixin.py:190} INFO - [2025-01-25T13:41:25.776+0000] {dag.py:4180} INFO - Setting next_dagrun for coleta_dados_abertos_cnpj to 2025-01-10 00:00:00+00:00, run_after=2025-02-10 00:00:00+00:00
[2025-01-25T13:41:25.785+0000] {processor.py:208} INFO - Processing /opt/airflow/dags/coleta_dados_abertos_cnpj/dag.py took 0.332 seconds
[2025-01-25T13:41:56.000+0000] {processor.py:186} INFO - Started process (PID=100) to work on /opt/airflow/dags/coleta_dados_abertos_cnpj/dag.py
[2025-01-25T13:41:56.001+0000] {processor.py:914} INFO - Processing file /opt/airflow/dags/coleta_dados_abertos_cnpj/dag.py for tasks to queue
[2025-01-25T13:41:56.002+0000] {logging_mixin.py:190} INFO - [2025-01-25T13:41:56.001+0000] {dagbag.py:588} INFO - Filling up the DagBag from /opt/airflow/dags/coleta_dados_abertos_cnpj/dag.py
[2025-01-25T13:41:56.247+0000] {processor.py:925} INFO - DAG(s) 'coleta_dados_abertos_cnpj' retrieved from /opt/airflow/dags/coleta_dados_abertos_cnpj/dag.py
[2025-01-25T13:41:56.262+0000] {logging_mixin.py:190} INFO - [2025-01-25T13:41:56.262+0000] {dag.py:3239} INFO - Sync 1 DAGs
[2025-01-25T13:41:56.272+0000] {logging_mixin.py:190} INFO - [2025-01-25T13:41:56.272+0000] {dag.py:4180} INFO - Setting next_dagrun for coleta_dados_abertos_cnpj to 2025-01-10 00:00:00+00:00, run_after=2025-02-10 00:00:00+00:00
[2025-01-25T13:41:56.281+0000] {processor.py:208} INFO - Processing /opt/airflow/dags/coleta_dados_abertos_cnpj/dag.py took 0.284 seconds
[2025-01-25T13:42:26.651+0000] {processor.py:186} INFO - Started process (PID=111) to work on /opt/airflow/dags/coleta_dados_abertos_cnpj/dag.py
[2025-01-25T13:42:26.652+0000] {processor.py:914} INFO - Processing file /opt/airflow/dags/coleta_dados_abertos_cnpj/dag.py for tasks to queue
[2025-01-25T13:42:26.653+0000] {logging_mixin.py:190} INFO - [2025-01-25T13:42:26.653+0000] {dagbag.py:588} INFO - Filling up the DagBag from /opt/airflow/dags/coleta_dados_abertos_cnpj/dag.py
[2025-01-25T13:42:26.900+0000] {processor.py:925} INFO - DAG(s) 'coleta_dados_abertos_cnpj' retrieved from /opt/airflow/dags/coleta_dados_abertos_cnpj/dag.py
[2025-01-25T13:42:26.916+0000] {logging_mixin.py:190} INFO - [2025-01-25T13:42:26.915+0000] {dag.py:3239} INFO - Sync 1 DAGs
[2025-01-25T13:42:26.928+0000] {logging_mixin.py:190} INFO - [2025-01-25T13:42:26.927+0000] {dag.py:4180} INFO - Setting next_dagrun for coleta_dados_abertos_cnpj to 2025-01-10 00:00:00+00:00, run_after=2025-02-10 00:00:00+00:00
[2025-01-25T13:42:26.937+0000] {processor.py:208} INFO - Processing /opt/airflow/dags/coleta_dados_abertos_cnpj/dag.py took 0.289 seconds
[2025-01-25T13:42:57.256+0000] {processor.py:186} INFO - Started process (PID=122) to work on /opt/airflow/dags/coleta_dados_abertos_cnpj/dag.py
[2025-01-25T13:42:57.257+0000] {processor.py:914} INFO - Processing file /opt/airflow/dags/coleta_dados_abertos_cnpj/dag.py for tasks to queue
[2025-01-25T13:42:57.258+0000] {logging_mixin.py:190} INFO - [2025-01-25T13:42:57.258+0000] {dagbag.py:588} INFO - Filling up the DagBag from /opt/airflow/dags/coleta_dados_abertos_cnpj/dag.py
[2025-01-25T13:42:57.506+0000] {processor.py:925} INFO - DAG(s) 'coleta_dados_abertos_cnpj' retrieved from /opt/airflow/dags/coleta_dados_abertos_cnpj/dag.py
[2025-01-25T13:42:57.521+0000] {logging_mixin.py:190} INFO - [2025-01-25T13:42:57.521+0000] {dag.py:3239} INFO - Sync 1 DAGs
[2025-01-25T13:42:57.532+0000] {logging_mixin.py:190} INFO - [2025-01-25T13:42:57.532+0000] {dag.py:4180} INFO - Setting next_dagrun for coleta_dados_abertos_cnpj to 2025-01-10 00:00:00+00:00, run_after=2025-02-10 00:00:00+00:00
[2025-01-25T13:42:57.542+0000] {processor.py:208} INFO - Processing /opt/airflow/dags/coleta_dados_abertos_cnpj/dag.py took 0.288 seconds
[2025-01-25T13:43:27.864+0000] {processor.py:186} INFO - Started process (PID=133) to work on /opt/airflow/dags/coleta_dados_abertos_cnpj/dag.py
[2025-01-25T13:43:27.864+0000] {processor.py:914} INFO - Processing file /opt/airflow/dags/coleta_dados_abertos_cnpj/dag.py for tasks to queue
[2025-01-25T13:43:27.865+0000] {logging_mixin.py:190} INFO - [2025-01-25T13:43:27.865+0000] {dagbag.py:588} INFO - Filling up the DagBag from /opt/airflow/dags/coleta_dados_abertos_cnpj/dag.py
[2025-01-25T13:43:28.116+0000] {processor.py:925} INFO - DAG(s) 'coleta_dados_abertos_cnpj' retrieved from /opt/airflow/dags/coleta_dados_abertos_cnpj/dag.py
[2025-01-25T13:43:28.133+0000] {logging_mixin.py:190} INFO - [2025-01-25T13:43:28.133+0000] {dag.py:3239} INFO - Sync 1 DAGs
[2025-01-25T13:43:28.144+0000] {logging_mixin.py:190} INFO - [2025-01-25T13:43:28.144+0000] {dag.py:4180} INFO - Setting next_dagrun for coleta_dados_abertos_cnpj to 2025-01-10 00:00:00+00:00, run_after=2025-02-10 00:00:00+00:00
[2025-01-25T13:43:28.157+0000] {processor.py:208} INFO - Processing /opt/airflow/dags/coleta_dados_abertos_cnpj/dag.py took 0.296 seconds
[2025-01-25T13:43:58.420+0000] {processor.py:186} INFO - Started process (PID=144) to work on /opt/airflow/dags/coleta_dados_abertos_cnpj/dag.py
[2025-01-25T13:43:58.420+0000] {processor.py:914} INFO - Processing file /opt/airflow/dags/coleta_dados_abertos_cnpj/dag.py for tasks to queue
[2025-01-25T13:43:58.422+0000] {logging_mixin.py:190} INFO - [2025-01-25T13:43:58.421+0000] {dagbag.py:588} INFO - Filling up the DagBag from /opt/airflow/dags/coleta_dados_abertos_cnpj/dag.py
[2025-01-25T13:43:58.733+0000] {processor.py:925} INFO - DAG(s) 'coleta_dados_abertos_cnpj' retrieved from /opt/airflow/dags/coleta_dados_abertos_cnpj/dag.py
[2025-01-25T13:43:58.748+0000] {logging_mixin.py:190} INFO - [2025-01-25T13:43:58.748+0000] {dag.py:3239} INFO - Sync 1 DAGs
[2025-01-25T13:43:58.779+0000] {logging_mixin.py:190} INFO - [2025-01-25T13:43:58.779+0000] {dag.py:4180} INFO - Setting next_dagrun for coleta_dados_abertos_cnpj to 2025-01-10 00:00:00+00:00, run_after=2025-02-10 00:00:00+00:00
[2025-01-25T13:43:58.788+0000] {processor.py:208} INFO - Processing /opt/airflow/dags/coleta_dados_abertos_cnpj/dag.py took 0.371 seconds
[2025-01-25T13:44:29.149+0000] {processor.py:186} INFO - Started process (PID=155) to work on /opt/airflow/dags/coleta_dados_abertos_cnpj/dag.py
[2025-01-25T13:44:29.149+0000] {processor.py:914} INFO - Processing file /opt/airflow/dags/coleta_dados_abertos_cnpj/dag.py for tasks to queue
[2025-01-25T13:44:29.150+0000] {logging_mixin.py:190} INFO - [2025-01-25T13:44:29.150+0000] {dagbag.py:588} INFO - Filling up the DagBag from /opt/airflow/dags/coleta_dados_abertos_cnpj/dag.py
[2025-01-25T13:44:29.432+0000] {processor.py:925} INFO - DAG(s) 'coleta_dados_abertos_cnpj' retrieved from /opt/airflow/dags/coleta_dados_abertos_cnpj/dag.py
[2025-01-25T13:44:29.450+0000] {logging_mixin.py:190} INFO - [2025-01-25T13:44:29.450+0000] {dag.py:3239} INFO - Sync 1 DAGs
[2025-01-25T13:44:29.463+0000] {logging_mixin.py:190} INFO - [2025-01-25T13:44:29.462+0000] {dag.py:4180} INFO - Setting next_dagrun for coleta_dados_abertos_cnpj to 2025-01-10 00:00:00+00:00, run_after=2025-02-10 00:00:00+00:00
[2025-01-25T13:44:29.474+0000] {processor.py:208} INFO - Processing /opt/airflow/dags/coleta_dados_abertos_cnpj/dag.py took 0.328 seconds
[2025-01-25T13:45:00.001+0000] {processor.py:186} INFO - Started process (PID=166) to work on /opt/airflow/dags/coleta_dados_abertos_cnpj/dag.py
[2025-01-25T13:45:00.001+0000] {processor.py:914} INFO - Processing file /opt/airflow/dags/coleta_dados_abertos_cnpj/dag.py for tasks to queue
[2025-01-25T13:45:00.003+0000] {logging_mixin.py:190} INFO - [2025-01-25T13:45:00.003+0000] {dagbag.py:588} INFO - Filling up the DagBag from /opt/airflow/dags/coleta_dados_abertos_cnpj/dag.py
[2025-01-25T13:45:00.264+0000] {processor.py:925} INFO - DAG(s) 'coleta_dados_abertos_cnpj' retrieved from /opt/airflow/dags/coleta_dados_abertos_cnpj/dag.py
[2025-01-25T13:45:00.280+0000] {logging_mixin.py:190} INFO - [2025-01-25T13:45:00.280+0000] {dag.py:3239} INFO - Sync 1 DAGs
[2025-01-25T13:45:00.292+0000] {logging_mixin.py:190} INFO - [2025-01-25T13:45:00.292+0000] {dag.py:4180} INFO - Setting next_dagrun for coleta_dados_abertos_cnpj to 2025-01-10 00:00:00+00:00, run_after=2025-02-10 00:00:00+00:00
[2025-01-25T13:45:00.300+0000] {processor.py:208} INFO - Processing /opt/airflow/dags/coleta_dados_abertos_cnpj/dag.py took 0.302 seconds
[2025-01-25T13:45:30.664+0000] {processor.py:186} INFO - Started process (PID=177) to work on /opt/airflow/dags/coleta_dados_abertos_cnpj/dag.py
[2025-01-25T13:45:30.664+0000] {processor.py:914} INFO - Processing file /opt/airflow/dags/coleta_dados_abertos_cnpj/dag.py for tasks to queue
[2025-01-25T13:45:30.665+0000] {logging_mixin.py:190} INFO - [2025-01-25T13:45:30.665+0000] {dagbag.py:588} INFO - Filling up the DagBag from /opt/airflow/dags/coleta_dados_abertos_cnpj/dag.py
[2025-01-25T13:45:30.918+0000] {processor.py:925} INFO - DAG(s) 'coleta_dados_abertos_cnpj' retrieved from /opt/airflow/dags/coleta_dados_abertos_cnpj/dag.py
[2025-01-25T13:45:30.937+0000] {logging_mixin.py:190} INFO - [2025-01-25T13:45:30.937+0000] {dag.py:3239} INFO - Sync 1 DAGs
[2025-01-25T13:45:30.952+0000] {logging_mixin.py:190} INFO - [2025-01-25T13:45:30.951+0000] {dag.py:4180} INFO - Setting next_dagrun for coleta_dados_abertos_cnpj to 2025-01-10 00:00:00+00:00, run_after=2025-02-10 00:00:00+00:00
[2025-01-25T13:45:30.960+0000] {processor.py:208} INFO - Processing /opt/airflow/dags/coleta_dados_abertos_cnpj/dag.py took 0.299 seconds
[2025-01-25T13:46:01.254+0000] {processor.py:186} INFO - Started process (PID=188) to work on /opt/airflow/dags/coleta_dados_abertos_cnpj/dag.py
[2025-01-25T13:46:01.255+0000] {processor.py:914} INFO - Processing file /opt/airflow/dags/coleta_dados_abertos_cnpj/dag.py for tasks to queue
[2025-01-25T13:46:01.256+0000] {logging_mixin.py:190} INFO - [2025-01-25T13:46:01.256+0000] {dagbag.py:588} INFO - Filling up the DagBag from /opt/airflow/dags/coleta_dados_abertos_cnpj/dag.py
[2025-01-25T13:46:01.533+0000] {processor.py:925} INFO - DAG(s) 'coleta_dados_abertos_cnpj' retrieved from /opt/airflow/dags/coleta_dados_abertos_cnpj/dag.py
[2025-01-25T13:46:01.549+0000] {logging_mixin.py:190} INFO - [2025-01-25T13:46:01.549+0000] {dag.py:3239} INFO - Sync 1 DAGs
[2025-01-25T13:46:01.560+0000] {logging_mixin.py:190} INFO - [2025-01-25T13:46:01.560+0000] {dag.py:4180} INFO - Setting next_dagrun for coleta_dados_abertos_cnpj to 2025-01-10 00:00:00+00:00, run_after=2025-02-10 00:00:00+00:00
[2025-01-25T13:46:01.571+0000] {processor.py:208} INFO - Processing /opt/airflow/dags/coleta_dados_abertos_cnpj/dag.py took 0.321 seconds
[2025-01-25T13:46:31.994+0000] {processor.py:186} INFO - Started process (PID=199) to work on /opt/airflow/dags/coleta_dados_abertos_cnpj/dag.py
[2025-01-25T13:46:31.995+0000] {processor.py:914} INFO - Processing file /opt/airflow/dags/coleta_dados_abertos_cnpj/dag.py for tasks to queue
[2025-01-25T13:46:31.996+0000] {logging_mixin.py:190} INFO - [2025-01-25T13:46:31.996+0000] {dagbag.py:588} INFO - Filling up the DagBag from /opt/airflow/dags/coleta_dados_abertos_cnpj/dag.py
[2025-01-25T13:46:32.265+0000] {processor.py:925} INFO - DAG(s) 'coleta_dados_abertos_cnpj' retrieved from /opt/airflow/dags/coleta_dados_abertos_cnpj/dag.py
[2025-01-25T13:46:32.280+0000] {logging_mixin.py:190} INFO - [2025-01-25T13:46:32.280+0000] {dag.py:3239} INFO - Sync 1 DAGs
[2025-01-25T13:46:32.292+0000] {logging_mixin.py:190} INFO - [2025-01-25T13:46:32.292+0000] {dag.py:4180} INFO - Setting next_dagrun for coleta_dados_abertos_cnpj to 2025-01-10 00:00:00+00:00, run_after=2025-02-10 00:00:00+00:00
[2025-01-25T13:46:32.300+0000] {processor.py:208} INFO - Processing /opt/airflow/dags/coleta_dados_abertos_cnpj/dag.py took 0.309 seconds
[2025-01-25T13:47:02.616+0000] {processor.py:186} INFO - Started process (PID=210) to work on /opt/airflow/dags/coleta_dados_abertos_cnpj/dag.py
[2025-01-25T13:47:02.617+0000] {processor.py:914} INFO - Processing file /opt/airflow/dags/coleta_dados_abertos_cnpj/dag.py for tasks to queue
[2025-01-25T13:47:02.618+0000] {logging_mixin.py:190} INFO - [2025-01-25T13:47:02.618+0000] {dagbag.py:588} INFO - Filling up the DagBag from /opt/airflow/dags/coleta_dados_abertos_cnpj/dag.py
[2025-01-25T13:47:02.931+0000] {processor.py:925} INFO - DAG(s) 'coleta_dados_abertos_cnpj' retrieved from /opt/airflow/dags/coleta_dados_abertos_cnpj/dag.py
[2025-01-25T13:47:02.947+0000] {logging_mixin.py:190} INFO - [2025-01-25T13:47:02.947+0000] {dag.py:3239} INFO - Sync 1 DAGs
[2025-01-25T13:47:02.958+0000] {logging_mixin.py:190} INFO - [2025-01-25T13:47:02.958+0000] {dag.py:4180} INFO - Setting next_dagrun for coleta_dados_abertos_cnpj to 2025-01-10 00:00:00+00:00, run_after=2025-02-10 00:00:00+00:00
[2025-01-25T13:47:02.968+0000] {processor.py:208} INFO - Processing /opt/airflow/dags/coleta_dados_abertos_cnpj/dag.py took 0.355 seconds
[2025-01-25T13:47:33.162+0000] {processor.py:186} INFO - Started process (PID=221) to work on /opt/airflow/dags/coleta_dados_abertos_cnpj/dag.py
[2025-01-25T13:47:33.163+0000] {processor.py:914} INFO - Processing file /opt/airflow/dags/coleta_dados_abertos_cnpj/dag.py for tasks to queue
[2025-01-25T13:47:33.164+0000] {logging_mixin.py:190} INFO - [2025-01-25T13:47:33.164+0000] {dagbag.py:588} INFO - Filling up the DagBag from /opt/airflow/dags/coleta_dados_abertos_cnpj/dag.py
[2025-01-25T13:47:33.410+0000] {processor.py:925} INFO - DAG(s) 'coleta_dados_abertos_cnpj' retrieved from /opt/airflow/dags/coleta_dados_abertos_cnpj/dag.py
[2025-01-25T13:47:33.425+0000] {logging_mixin.py:190} INFO - [2025-01-25T13:47:33.425+0000] {dag.py:3239} INFO - Sync 1 DAGs
[2025-01-25T13:47:33.437+0000] {logging_mixin.py:190} INFO - [2025-01-25T13:47:33.437+0000] {dag.py:4180} INFO - Setting next_dagrun for coleta_dados_abertos_cnpj to 2025-01-10 00:00:00+00:00, run_after=2025-02-10 00:00:00+00:00
[2025-01-25T13:47:33.445+0000] {processor.py:208} INFO - Processing /opt/airflow/dags/coleta_dados_abertos_cnpj/dag.py took 0.286 seconds
[2025-01-25T13:48:04.051+0000] {processor.py:186} INFO - Started process (PID=232) to work on /opt/airflow/dags/coleta_dados_abertos_cnpj/dag.py
[2025-01-25T13:48:04.054+0000] {processor.py:914} INFO - Processing file /opt/airflow/dags/coleta_dados_abertos_cnpj/dag.py for tasks to queue
[2025-01-25T13:48:04.055+0000] {logging_mixin.py:190} INFO - [2025-01-25T13:48:04.055+0000] {dagbag.py:588} INFO - Filling up the DagBag from /opt/airflow/dags/coleta_dados_abertos_cnpj/dag.py
[2025-01-25T13:48:04.372+0000] {processor.py:925} INFO - DAG(s) 'coleta_dados_abertos_cnpj' retrieved from /opt/airflow/dags/coleta_dados_abertos_cnpj/dag.py
[2025-01-25T13:48:04.388+0000] {logging_mixin.py:190} INFO - [2025-01-25T13:48:04.388+0000] {dag.py:3239} INFO - Sync 1 DAGs
[2025-01-25T13:48:04.400+0000] {logging_mixin.py:190} INFO - [2025-01-25T13:48:04.400+0000] {dag.py:4180} INFO - Setting next_dagrun for coleta_dados_abertos_cnpj to 2025-01-10 00:00:00+00:00, run_after=2025-02-10 00:00:00+00:00
[2025-01-25T13:48:04.410+0000] {processor.py:208} INFO - Processing /opt/airflow/dags/coleta_dados_abertos_cnpj/dag.py took 0.362 seconds
[2025-01-25T13:48:34.536+0000] {processor.py:186} INFO - Started process (PID=243) to work on /opt/airflow/dags/coleta_dados_abertos_cnpj/dag.py
[2025-01-25T13:48:34.537+0000] {processor.py:914} INFO - Processing file /opt/airflow/dags/coleta_dados_abertos_cnpj/dag.py for tasks to queue
[2025-01-25T13:48:34.538+0000] {logging_mixin.py:190} INFO - [2025-01-25T13:48:34.538+0000] {dagbag.py:588} INFO - Filling up the DagBag from /opt/airflow/dags/coleta_dados_abertos_cnpj/dag.py
[2025-01-25T13:48:34.788+0000] {processor.py:925} INFO - DAG(s) 'coleta_dados_abertos_cnpj' retrieved from /opt/airflow/dags/coleta_dados_abertos_cnpj/dag.py
[2025-01-25T13:48:34.803+0000] {logging_mixin.py:190} INFO - [2025-01-25T13:48:34.803+0000] {dag.py:3239} INFO - Sync 1 DAGs
[2025-01-25T13:48:34.814+0000] {logging_mixin.py:190} INFO - [2025-01-25T13:48:34.814+0000] {dag.py:4180} INFO - Setting next_dagrun for coleta_dados_abertos_cnpj to 2025-01-10 00:00:00+00:00, run_after=2025-02-10 00:00:00+00:00
[2025-01-25T13:48:34.824+0000] {processor.py:208} INFO - Processing /opt/airflow/dags/coleta_dados_abertos_cnpj/dag.py took 0.292 seconds
[2025-01-25T13:49:05.103+0000] {processor.py:186} INFO - Started process (PID=254) to work on /opt/airflow/dags/coleta_dados_abertos_cnpj/dag.py
[2025-01-25T13:49:05.103+0000] {processor.py:914} INFO - Processing file /opt/airflow/dags/coleta_dados_abertos_cnpj/dag.py for tasks to queue
[2025-01-25T13:49:05.104+0000] {logging_mixin.py:190} INFO - [2025-01-25T13:49:05.104+0000] {dagbag.py:588} INFO - Filling up the DagBag from /opt/airflow/dags/coleta_dados_abertos_cnpj/dag.py
[2025-01-25T13:49:05.351+0000] {processor.py:925} INFO - DAG(s) 'coleta_dados_abertos_cnpj' retrieved from /opt/airflow/dags/coleta_dados_abertos_cnpj/dag.py
[2025-01-25T13:49:05.379+0000] {logging_mixin.py:190} INFO - [2025-01-25T13:49:05.379+0000] {dag.py:3239} INFO - Sync 1 DAGs
[2025-01-25T13:49:05.391+0000] {logging_mixin.py:190} INFO - [2025-01-25T13:49:05.391+0000] {dag.py:4180} INFO - Setting next_dagrun for coleta_dados_abertos_cnpj to 2025-01-10 00:00:00+00:00, run_after=2025-02-10 00:00:00+00:00
[2025-01-25T13:49:05.400+0000] {processor.py:208} INFO - Processing /opt/airflow/dags/coleta_dados_abertos_cnpj/dag.py took 0.301 seconds
[2025-01-25T13:49:35.848+0000] {processor.py:186} INFO - Started process (PID=265) to work on /opt/airflow/dags/coleta_dados_abertos_cnpj/dag.py
[2025-01-25T13:49:35.848+0000] {processor.py:914} INFO - Processing file /opt/airflow/dags/coleta_dados_abertos_cnpj/dag.py for tasks to queue
[2025-01-25T13:49:35.849+0000] {logging_mixin.py:190} INFO - [2025-01-25T13:49:35.849+0000] {dagbag.py:588} INFO - Filling up the DagBag from /opt/airflow/dags/coleta_dados_abertos_cnpj/dag.py
[2025-01-25T13:49:36.170+0000] {processor.py:925} INFO - DAG(s) 'coleta_dados_abertos_cnpj' retrieved from /opt/airflow/dags/coleta_dados_abertos_cnpj/dag.py
[2025-01-25T13:49:36.186+0000] {logging_mixin.py:190} INFO - [2025-01-25T13:49:36.186+0000] {dag.py:3239} INFO - Sync 1 DAGs
[2025-01-25T13:49:36.198+0000] {logging_mixin.py:190} INFO - [2025-01-25T13:49:36.198+0000] {dag.py:4180} INFO - Setting next_dagrun for coleta_dados_abertos_cnpj to 2025-01-10 00:00:00+00:00, run_after=2025-02-10 00:00:00+00:00
[2025-01-25T13:49:36.208+0000] {processor.py:208} INFO - Processing /opt/airflow/dags/coleta_dados_abertos_cnpj/dag.py took 0.363 seconds
[2025-01-25T13:50:06.650+0000] {processor.py:186} INFO - Started process (PID=276) to work on /opt/airflow/dags/coleta_dados_abertos_cnpj/dag.py
[2025-01-25T13:50:06.650+0000] {processor.py:914} INFO - Processing file /opt/airflow/dags/coleta_dados_abertos_cnpj/dag.py for tasks to queue
[2025-01-25T13:50:06.652+0000] {logging_mixin.py:190} INFO - [2025-01-25T13:50:06.651+0000] {dagbag.py:588} INFO - Filling up the DagBag from /opt/airflow/dags/coleta_dados_abertos_cnpj/dag.py
[2025-01-25T13:50:06.919+0000] {processor.py:925} INFO - DAG(s) 'coleta_dados_abertos_cnpj' retrieved from /opt/airflow/dags/coleta_dados_abertos_cnpj/dag.py
[2025-01-25T13:50:06.935+0000] {logging_mixin.py:190} INFO - [2025-01-25T13:50:06.935+0000] {dag.py:3239} INFO - Sync 1 DAGs
[2025-01-25T13:50:06.949+0000] {logging_mixin.py:190} INFO - [2025-01-25T13:50:06.949+0000] {dag.py:4180} INFO - Setting next_dagrun for coleta_dados_abertos_cnpj to 2025-01-10 00:00:00+00:00, run_after=2025-02-10 00:00:00+00:00
[2025-01-25T13:50:06.959+0000] {processor.py:208} INFO - Processing /opt/airflow/dags/coleta_dados_abertos_cnpj/dag.py took 0.311 seconds
[2025-01-25T13:50:37.255+0000] {processor.py:186} INFO - Started process (PID=287) to work on /opt/airflow/dags/coleta_dados_abertos_cnpj/dag.py
[2025-01-25T13:50:37.255+0000] {processor.py:914} INFO - Processing file /opt/airflow/dags/coleta_dados_abertos_cnpj/dag.py for tasks to queue
[2025-01-25T13:50:37.257+0000] {logging_mixin.py:190} INFO - [2025-01-25T13:50:37.257+0000] {dagbag.py:588} INFO - Filling up the DagBag from /opt/airflow/dags/coleta_dados_abertos_cnpj/dag.py
[2025-01-25T13:50:37.292+0000] {logging_mixin.py:190} INFO - [2025-01-25T13:50:37.289+0000] {dagbag.py:387} ERROR - Failed to import: /opt/airflow/dags/coleta_dados_abertos_cnpj/dag.py
Traceback (most recent call last):
  File "/home/airflow/.local/lib/python3.12/site-packages/airflow/models/dagbag.py", line 383, in parse
    loader.exec_module(new_module)
  File "<frozen importlib._bootstrap_external>", line 999, in exec_module
  File "<frozen importlib._bootstrap>", line 488, in _call_with_frames_removed
  File "/opt/airflow/dags/coleta_dados_abertos_cnpj/dag.py", line 8, in <module>
    from coleta_dados_abertos_cnpj.jobs.extract import extract
  File "/opt/airflow/dags/coleta_dados_abertos_cnpj/jobs/extract.py", line 127
    extracted_files, temp_path = unzip(zip_file)
IndentationError: unexpected indent
[2025-01-25T13:50:37.293+0000] {processor.py:927} WARNING - No viable dags retrieved from /opt/airflow/dags/coleta_dados_abertos_cnpj/dag.py
[2025-01-25T13:50:37.302+0000] {processor.py:208} INFO - Processing /opt/airflow/dags/coleta_dados_abertos_cnpj/dag.py took 0.051 seconds
[2025-01-25T13:51:07.829+0000] {processor.py:186} INFO - Started process (PID=298) to work on /opt/airflow/dags/coleta_dados_abertos_cnpj/dag.py
[2025-01-25T13:51:07.830+0000] {processor.py:914} INFO - Processing file /opt/airflow/dags/coleta_dados_abertos_cnpj/dag.py for tasks to queue
[2025-01-25T13:51:07.831+0000] {logging_mixin.py:190} INFO - [2025-01-25T13:51:07.831+0000] {dagbag.py:588} INFO - Filling up the DagBag from /opt/airflow/dags/coleta_dados_abertos_cnpj/dag.py
[2025-01-25T13:51:07.857+0000] {logging_mixin.py:190} INFO - [2025-01-25T13:51:07.855+0000] {dagbag.py:387} ERROR - Failed to import: /opt/airflow/dags/coleta_dados_abertos_cnpj/dag.py
Traceback (most recent call last):
  File "/home/airflow/.local/lib/python3.12/site-packages/airflow/models/dagbag.py", line 383, in parse
    loader.exec_module(new_module)
  File "<frozen importlib._bootstrap_external>", line 999, in exec_module
  File "<frozen importlib._bootstrap>", line 488, in _call_with_frames_removed
  File "/opt/airflow/dags/coleta_dados_abertos_cnpj/dag.py", line 8, in <module>
    from coleta_dados_abertos_cnpj.jobs.extract import extract
  File "/opt/airflow/dags/coleta_dados_abertos_cnpj/jobs/extract.py", line 127
    extracted_files, temp_path = unzip(zip_file)
IndentationError: unexpected indent
[2025-01-25T13:51:07.858+0000] {processor.py:927} WARNING - No viable dags retrieved from /opt/airflow/dags/coleta_dados_abertos_cnpj/dag.py
[2025-01-25T13:51:07.868+0000] {processor.py:208} INFO - Processing /opt/airflow/dags/coleta_dados_abertos_cnpj/dag.py took 0.042 seconds
[2025-01-25T13:51:38.486+0000] {processor.py:186} INFO - Started process (PID=309) to work on /opt/airflow/dags/coleta_dados_abertos_cnpj/dag.py
[2025-01-25T13:51:38.487+0000] {processor.py:914} INFO - Processing file /opt/airflow/dags/coleta_dados_abertos_cnpj/dag.py for tasks to queue
[2025-01-25T13:51:38.487+0000] {logging_mixin.py:190} INFO - [2025-01-25T13:51:38.487+0000] {dagbag.py:588} INFO - Filling up the DagBag from /opt/airflow/dags/coleta_dados_abertos_cnpj/dag.py
[2025-01-25T13:51:38.523+0000] {logging_mixin.py:190} INFO - [2025-01-25T13:51:38.520+0000] {dagbag.py:387} ERROR - Failed to import: /opt/airflow/dags/coleta_dados_abertos_cnpj/dag.py
Traceback (most recent call last):
  File "/home/airflow/.local/lib/python3.12/site-packages/airflow/models/dagbag.py", line 383, in parse
    loader.exec_module(new_module)
  File "<frozen importlib._bootstrap_external>", line 999, in exec_module
  File "<frozen importlib._bootstrap>", line 488, in _call_with_frames_removed
  File "/opt/airflow/dags/coleta_dados_abertos_cnpj/dag.py", line 8, in <module>
    from coleta_dados_abertos_cnpj.jobs.extract import extract
  File "/opt/airflow/dags/coleta_dados_abertos_cnpj/jobs/extract.py", line 127
    extracted_files, temp_path = unzip(zip_file)
IndentationError: unexpected indent
[2025-01-25T13:51:38.525+0000] {processor.py:927} WARNING - No viable dags retrieved from /opt/airflow/dags/coleta_dados_abertos_cnpj/dag.py
[2025-01-25T13:51:38.536+0000] {processor.py:208} INFO - Processing /opt/airflow/dags/coleta_dados_abertos_cnpj/dag.py took 0.053 seconds
[2025-01-25T13:52:09.021+0000] {processor.py:186} INFO - Started process (PID=320) to work on /opt/airflow/dags/coleta_dados_abertos_cnpj/dag.py
[2025-01-25T13:52:09.021+0000] {processor.py:914} INFO - Processing file /opt/airflow/dags/coleta_dados_abertos_cnpj/dag.py for tasks to queue
[2025-01-25T13:52:09.022+0000] {logging_mixin.py:190} INFO - [2025-01-25T13:52:09.022+0000] {dagbag.py:588} INFO - Filling up the DagBag from /opt/airflow/dags/coleta_dados_abertos_cnpj/dag.py
[2025-01-25T13:52:09.051+0000] {logging_mixin.py:190} INFO - [2025-01-25T13:52:09.049+0000] {dagbag.py:387} ERROR - Failed to import: /opt/airflow/dags/coleta_dados_abertos_cnpj/dag.py
Traceback (most recent call last):
  File "/home/airflow/.local/lib/python3.12/site-packages/airflow/models/dagbag.py", line 383, in parse
    loader.exec_module(new_module)
  File "<frozen importlib._bootstrap_external>", line 999, in exec_module
  File "<frozen importlib._bootstrap>", line 488, in _call_with_frames_removed
  File "/opt/airflow/dags/coleta_dados_abertos_cnpj/dag.py", line 8, in <module>
    from coleta_dados_abertos_cnpj.jobs.extract import extract
  File "/opt/airflow/dags/coleta_dados_abertos_cnpj/jobs/extract.py", line 127
    extracted_files, temp_path = unzip(zip_file)
IndentationError: unexpected indent
[2025-01-25T13:52:09.053+0000] {processor.py:927} WARNING - No viable dags retrieved from /opt/airflow/dags/coleta_dados_abertos_cnpj/dag.py
[2025-01-25T13:52:09.062+0000] {processor.py:208} INFO - Processing /opt/airflow/dags/coleta_dados_abertos_cnpj/dag.py took 0.044 seconds
[2025-01-25T13:52:39.565+0000] {processor.py:186} INFO - Started process (PID=331) to work on /opt/airflow/dags/coleta_dados_abertos_cnpj/dag.py
[2025-01-25T13:52:39.565+0000] {processor.py:914} INFO - Processing file /opt/airflow/dags/coleta_dados_abertos_cnpj/dag.py for tasks to queue
[2025-01-25T13:52:39.566+0000] {logging_mixin.py:190} INFO - [2025-01-25T13:52:39.566+0000] {dagbag.py:588} INFO - Filling up the DagBag from /opt/airflow/dags/coleta_dados_abertos_cnpj/dag.py
[2025-01-25T13:52:39.610+0000] {logging_mixin.py:190} INFO - [2025-01-25T13:52:39.605+0000] {dagbag.py:387} ERROR - Failed to import: /opt/airflow/dags/coleta_dados_abertos_cnpj/dag.py
Traceback (most recent call last):
  File "/home/airflow/.local/lib/python3.12/site-packages/airflow/models/dagbag.py", line 383, in parse
    loader.exec_module(new_module)
  File "<frozen importlib._bootstrap_external>", line 999, in exec_module
  File "<frozen importlib._bootstrap>", line 488, in _call_with_frames_removed
  File "/opt/airflow/dags/coleta_dados_abertos_cnpj/dag.py", line 8, in <module>
    from coleta_dados_abertos_cnpj.jobs.extract import extract
  File "/opt/airflow/dags/coleta_dados_abertos_cnpj/jobs/extract.py", line 127
    extracted_files, temp_path = unzip(zip_file)
IndentationError: unexpected indent
[2025-01-25T13:52:39.612+0000] {processor.py:927} WARNING - No viable dags retrieved from /opt/airflow/dags/coleta_dados_abertos_cnpj/dag.py
[2025-01-25T13:52:39.622+0000] {processor.py:208} INFO - Processing /opt/airflow/dags/coleta_dados_abertos_cnpj/dag.py took 0.061 seconds
[2025-01-25T13:53:10.220+0000] {processor.py:186} INFO - Started process (PID=342) to work on /opt/airflow/dags/coleta_dados_abertos_cnpj/dag.py
[2025-01-25T13:53:10.249+0000] {processor.py:914} INFO - Processing file /opt/airflow/dags/coleta_dados_abertos_cnpj/dag.py for tasks to queue
[2025-01-25T13:53:10.250+0000] {logging_mixin.py:190} INFO - [2025-01-25T13:53:10.250+0000] {dagbag.py:588} INFO - Filling up the DagBag from /opt/airflow/dags/coleta_dados_abertos_cnpj/dag.py
[2025-01-25T13:53:10.294+0000] {logging_mixin.py:190} INFO - [2025-01-25T13:53:10.291+0000] {dagbag.py:387} ERROR - Failed to import: /opt/airflow/dags/coleta_dados_abertos_cnpj/dag.py
Traceback (most recent call last):
  File "/home/airflow/.local/lib/python3.12/site-packages/airflow/models/dagbag.py", line 383, in parse
    loader.exec_module(new_module)
  File "<frozen importlib._bootstrap_external>", line 999, in exec_module
  File "<frozen importlib._bootstrap>", line 488, in _call_with_frames_removed
  File "/opt/airflow/dags/coleta_dados_abertos_cnpj/dag.py", line 8, in <module>
    from coleta_dados_abertos_cnpj.jobs.extract import extract
  File "/opt/airflow/dags/coleta_dados_abertos_cnpj/jobs/extract.py", line 127
    extracted_files, temp_path = unzip(zip_file)
IndentationError: unexpected indent
[2025-01-25T13:53:10.295+0000] {processor.py:927} WARNING - No viable dags retrieved from /opt/airflow/dags/coleta_dados_abertos_cnpj/dag.py
[2025-01-25T13:53:10.305+0000] {processor.py:208} INFO - Processing /opt/airflow/dags/coleta_dados_abertos_cnpj/dag.py took 0.088 seconds
[2025-01-25T13:53:40.812+0000] {processor.py:186} INFO - Started process (PID=353) to work on /opt/airflow/dags/coleta_dados_abertos_cnpj/dag.py
[2025-01-25T13:53:40.874+0000] {processor.py:914} INFO - Processing file /opt/airflow/dags/coleta_dados_abertos_cnpj/dag.py for tasks to queue
[2025-01-25T13:53:40.875+0000] {logging_mixin.py:190} INFO - [2025-01-25T13:53:40.875+0000] {dagbag.py:588} INFO - Filling up the DagBag from /opt/airflow/dags/coleta_dados_abertos_cnpj/dag.py
[2025-01-25T13:53:41.155+0000] {processor.py:925} INFO - DAG(s) 'coleta_dados_abertos_cnpj' retrieved from /opt/airflow/dags/coleta_dados_abertos_cnpj/dag.py
[2025-01-25T13:53:41.234+0000] {logging_mixin.py:190} INFO - [2025-01-25T13:53:41.234+0000] {dag.py:3239} INFO - Sync 1 DAGs
[2025-01-25T13:53:41.245+0000] {logging_mixin.py:190} INFO - [2025-01-25T13:53:41.245+0000] {dag.py:4180} INFO - Setting next_dagrun for coleta_dados_abertos_cnpj to 2025-01-10 00:00:00+00:00, run_after=2025-02-10 00:00:00+00:00
[2025-01-25T13:53:41.257+0000] {processor.py:208} INFO - Processing /opt/airflow/dags/coleta_dados_abertos_cnpj/dag.py took 0.449 seconds
[2025-01-25T13:54:11.452+0000] {processor.py:186} INFO - Started process (PID=364) to work on /opt/airflow/dags/coleta_dados_abertos_cnpj/dag.py
[2025-01-25T13:54:11.452+0000] {processor.py:914} INFO - Processing file /opt/airflow/dags/coleta_dados_abertos_cnpj/dag.py for tasks to queue
[2025-01-25T13:54:11.453+0000] {logging_mixin.py:190} INFO - [2025-01-25T13:54:11.453+0000] {dagbag.py:588} INFO - Filling up the DagBag from /opt/airflow/dags/coleta_dados_abertos_cnpj/dag.py
[2025-01-25T13:54:11.762+0000] {processor.py:925} INFO - DAG(s) 'coleta_dados_abertos_cnpj' retrieved from /opt/airflow/dags/coleta_dados_abertos_cnpj/dag.py
[2025-01-25T13:54:11.776+0000] {logging_mixin.py:190} INFO - [2025-01-25T13:54:11.776+0000] {dag.py:3239} INFO - Sync 1 DAGs
[2025-01-25T13:54:11.788+0000] {logging_mixin.py:190} INFO - [2025-01-25T13:54:11.788+0000] {dag.py:4180} INFO - Setting next_dagrun for coleta_dados_abertos_cnpj to 2025-01-10 00:00:00+00:00, run_after=2025-02-10 00:00:00+00:00
[2025-01-25T13:54:11.796+0000] {processor.py:208} INFO - Processing /opt/airflow/dags/coleta_dados_abertos_cnpj/dag.py took 0.348 seconds
[2025-01-25T13:54:42.132+0000] {processor.py:186} INFO - Started process (PID=375) to work on /opt/airflow/dags/coleta_dados_abertos_cnpj/dag.py
[2025-01-25T13:54:42.133+0000] {processor.py:914} INFO - Processing file /opt/airflow/dags/coleta_dados_abertos_cnpj/dag.py for tasks to queue
[2025-01-25T13:54:42.133+0000] {logging_mixin.py:190} INFO - [2025-01-25T13:54:42.133+0000] {dagbag.py:588} INFO - Filling up the DagBag from /opt/airflow/dags/coleta_dados_abertos_cnpj/dag.py
[2025-01-25T13:54:42.416+0000] {processor.py:925} INFO - DAG(s) 'coleta_dados_abertos_cnpj' retrieved from /opt/airflow/dags/coleta_dados_abertos_cnpj/dag.py
[2025-01-25T13:54:42.430+0000] {logging_mixin.py:190} INFO - [2025-01-25T13:54:42.430+0000] {dag.py:3239} INFO - Sync 1 DAGs
[2025-01-25T13:54:42.441+0000] {logging_mixin.py:190} INFO - [2025-01-25T13:54:42.441+0000] {dag.py:4180} INFO - Setting next_dagrun for coleta_dados_abertos_cnpj to 2025-01-10 00:00:00+00:00, run_after=2025-02-10 00:00:00+00:00
[2025-01-25T13:54:42.457+0000] {processor.py:208} INFO - Processing /opt/airflow/dags/coleta_dados_abertos_cnpj/dag.py took 0.328 seconds
[2025-01-25T13:55:12.813+0000] {processor.py:186} INFO - Started process (PID=386) to work on /opt/airflow/dags/coleta_dados_abertos_cnpj/dag.py
[2025-01-25T13:55:12.889+0000] {processor.py:914} INFO - Processing file /opt/airflow/dags/coleta_dados_abertos_cnpj/dag.py for tasks to queue
[2025-01-25T13:55:12.890+0000] {logging_mixin.py:190} INFO - [2025-01-25T13:55:12.890+0000] {dagbag.py:588} INFO - Filling up the DagBag from /opt/airflow/dags/coleta_dados_abertos_cnpj/dag.py
[2025-01-25T13:55:13.167+0000] {processor.py:925} INFO - DAG(s) 'coleta_dados_abertos_cnpj' retrieved from /opt/airflow/dags/coleta_dados_abertos_cnpj/dag.py
[2025-01-25T13:55:13.184+0000] {logging_mixin.py:190} INFO - [2025-01-25T13:55:13.184+0000] {dag.py:3239} INFO - Sync 1 DAGs
[2025-01-25T13:55:13.201+0000] {logging_mixin.py:190} INFO - [2025-01-25T13:55:13.201+0000] {dag.py:4180} INFO - Setting next_dagrun for coleta_dados_abertos_cnpj to 2025-01-10 00:00:00+00:00, run_after=2025-02-10 00:00:00+00:00
[2025-01-25T13:55:13.210+0000] {processor.py:208} INFO - Processing /opt/airflow/dags/coleta_dados_abertos_cnpj/dag.py took 0.401 seconds
[2025-01-25T13:55:43.556+0000] {processor.py:186} INFO - Started process (PID=397) to work on /opt/airflow/dags/coleta_dados_abertos_cnpj/dag.py
[2025-01-25T13:55:43.556+0000] {processor.py:914} INFO - Processing file /opt/airflow/dags/coleta_dados_abertos_cnpj/dag.py for tasks to queue
[2025-01-25T13:55:43.557+0000] {logging_mixin.py:190} INFO - [2025-01-25T13:55:43.557+0000] {dagbag.py:588} INFO - Filling up the DagBag from /opt/airflow/dags/coleta_dados_abertos_cnpj/dag.py
[2025-01-25T13:55:43.810+0000] {processor.py:925} INFO - DAG(s) 'coleta_dados_abertos_cnpj' retrieved from /opt/airflow/dags/coleta_dados_abertos_cnpj/dag.py
[2025-01-25T13:55:43.826+0000] {logging_mixin.py:190} INFO - [2025-01-25T13:55:43.825+0000] {dag.py:3239} INFO - Sync 1 DAGs
[2025-01-25T13:55:43.856+0000] {logging_mixin.py:190} INFO - [2025-01-25T13:55:43.856+0000] {dag.py:4180} INFO - Setting next_dagrun for coleta_dados_abertos_cnpj to 2025-01-10 00:00:00+00:00, run_after=2025-02-10 00:00:00+00:00
[2025-01-25T13:55:43.872+0000] {processor.py:208} INFO - Processing /opt/airflow/dags/coleta_dados_abertos_cnpj/dag.py took 0.319 seconds
[2025-01-25T13:56:14.377+0000] {processor.py:186} INFO - Started process (PID=408) to work on /opt/airflow/dags/coleta_dados_abertos_cnpj/dag.py
[2025-01-25T13:56:14.377+0000] {processor.py:914} INFO - Processing file /opt/airflow/dags/coleta_dados_abertos_cnpj/dag.py for tasks to queue
[2025-01-25T13:56:14.378+0000] {logging_mixin.py:190} INFO - [2025-01-25T13:56:14.378+0000] {dagbag.py:588} INFO - Filling up the DagBag from /opt/airflow/dags/coleta_dados_abertos_cnpj/dag.py
[2025-01-25T13:56:14.677+0000] {processor.py:925} INFO - DAG(s) 'coleta_dados_abertos_cnpj' retrieved from /opt/airflow/dags/coleta_dados_abertos_cnpj/dag.py
[2025-01-25T13:56:14.698+0000] {logging_mixin.py:190} INFO - [2025-01-25T13:56:14.698+0000] {dag.py:3239} INFO - Sync 1 DAGs
[2025-01-25T13:56:14.711+0000] {logging_mixin.py:190} INFO - [2025-01-25T13:56:14.711+0000] {dag.py:4180} INFO - Setting next_dagrun for coleta_dados_abertos_cnpj to 2025-01-10 00:00:00+00:00, run_after=2025-02-10 00:00:00+00:00
[2025-01-25T13:56:14.725+0000] {processor.py:208} INFO - Processing /opt/airflow/dags/coleta_dados_abertos_cnpj/dag.py took 0.351 seconds
[2025-01-25T13:56:44.972+0000] {processor.py:186} INFO - Started process (PID=419) to work on /opt/airflow/dags/coleta_dados_abertos_cnpj/dag.py
[2025-01-25T13:56:44.974+0000] {processor.py:914} INFO - Processing file /opt/airflow/dags/coleta_dados_abertos_cnpj/dag.py for tasks to queue
[2025-01-25T13:56:44.976+0000] {logging_mixin.py:190} INFO - [2025-01-25T13:56:44.975+0000] {dagbag.py:588} INFO - Filling up the DagBag from /opt/airflow/dags/coleta_dados_abertos_cnpj/dag.py
[2025-01-25T13:56:45.345+0000] {processor.py:925} INFO - DAG(s) 'coleta_dados_abertos_cnpj' retrieved from /opt/airflow/dags/coleta_dados_abertos_cnpj/dag.py
[2025-01-25T13:56:45.360+0000] {logging_mixin.py:190} INFO - [2025-01-25T13:56:45.360+0000] {dag.py:3239} INFO - Sync 1 DAGs
[2025-01-25T13:56:45.372+0000] {logging_mixin.py:190} INFO - [2025-01-25T13:56:45.372+0000] {dag.py:4180} INFO - Setting next_dagrun for coleta_dados_abertos_cnpj to 2025-01-10 00:00:00+00:00, run_after=2025-02-10 00:00:00+00:00
[2025-01-25T13:56:45.381+0000] {processor.py:208} INFO - Processing /opt/airflow/dags/coleta_dados_abertos_cnpj/dag.py took 0.413 seconds
[2025-01-25T13:57:16.229+0000] {processor.py:186} INFO - Started process (PID=436) to work on /opt/airflow/dags/coleta_dados_abertos_cnpj/dag.py
[2025-01-25T13:57:16.230+0000] {processor.py:914} INFO - Processing file /opt/airflow/dags/coleta_dados_abertos_cnpj/dag.py for tasks to queue
[2025-01-25T13:57:16.231+0000] {logging_mixin.py:190} INFO - [2025-01-25T13:57:16.231+0000] {dagbag.py:588} INFO - Filling up the DagBag from /opt/airflow/dags/coleta_dados_abertos_cnpj/dag.py
[2025-01-25T13:57:16.497+0000] {processor.py:925} INFO - DAG(s) 'coleta_dados_abertos_cnpj' retrieved from /opt/airflow/dags/coleta_dados_abertos_cnpj/dag.py
[2025-01-25T13:57:16.512+0000] {logging_mixin.py:190} INFO - [2025-01-25T13:57:16.512+0000] {dag.py:3239} INFO - Sync 1 DAGs
[2025-01-25T13:57:16.526+0000] {logging_mixin.py:190} INFO - [2025-01-25T13:57:16.526+0000] {dag.py:4180} INFO - Setting next_dagrun for coleta_dados_abertos_cnpj to 2025-01-10 00:00:00+00:00, run_after=2025-02-10 00:00:00+00:00
[2025-01-25T13:57:16.540+0000] {processor.py:208} INFO - Processing /opt/airflow/dags/coleta_dados_abertos_cnpj/dag.py took 0.313 seconds
[2025-01-25T13:57:46.845+0000] {processor.py:186} INFO - Started process (PID=447) to work on /opt/airflow/dags/coleta_dados_abertos_cnpj/dag.py
[2025-01-25T13:57:46.845+0000] {processor.py:914} INFO - Processing file /opt/airflow/dags/coleta_dados_abertos_cnpj/dag.py for tasks to queue
[2025-01-25T13:57:46.846+0000] {logging_mixin.py:190} INFO - [2025-01-25T13:57:46.846+0000] {dagbag.py:588} INFO - Filling up the DagBag from /opt/airflow/dags/coleta_dados_abertos_cnpj/dag.py
[2025-01-25T13:57:47.126+0000] {processor.py:925} INFO - DAG(s) 'coleta_dados_abertos_cnpj' retrieved from /opt/airflow/dags/coleta_dados_abertos_cnpj/dag.py
[2025-01-25T13:57:47.144+0000] {logging_mixin.py:190} INFO - [2025-01-25T13:57:47.143+0000] {dag.py:3239} INFO - Sync 1 DAGs
[2025-01-25T13:57:47.155+0000] {logging_mixin.py:190} INFO - [2025-01-25T13:57:47.154+0000] {dag.py:4180} INFO - Setting next_dagrun for coleta_dados_abertos_cnpj to 2025-01-10 00:00:00+00:00, run_after=2025-02-10 00:00:00+00:00
[2025-01-25T13:57:47.164+0000] {processor.py:208} INFO - Processing /opt/airflow/dags/coleta_dados_abertos_cnpj/dag.py took 0.323 seconds
[2025-01-25T13:58:17.416+0000] {processor.py:186} INFO - Started process (PID=458) to work on /opt/airflow/dags/coleta_dados_abertos_cnpj/dag.py
[2025-01-25T13:58:17.416+0000] {processor.py:914} INFO - Processing file /opt/airflow/dags/coleta_dados_abertos_cnpj/dag.py for tasks to queue
[2025-01-25T13:58:17.417+0000] {logging_mixin.py:190} INFO - [2025-01-25T13:58:17.417+0000] {dagbag.py:588} INFO - Filling up the DagBag from /opt/airflow/dags/coleta_dados_abertos_cnpj/dag.py
[2025-01-25T13:58:17.673+0000] {processor.py:925} INFO - DAG(s) 'coleta_dados_abertos_cnpj' retrieved from /opt/airflow/dags/coleta_dados_abertos_cnpj/dag.py
[2025-01-25T13:58:17.690+0000] {logging_mixin.py:190} INFO - [2025-01-25T13:58:17.690+0000] {dag.py:3239} INFO - Sync 1 DAGs
[2025-01-25T13:58:17.703+0000] {logging_mixin.py:190} INFO - [2025-01-25T13:58:17.703+0000] {dag.py:4180} INFO - Setting next_dagrun for coleta_dados_abertos_cnpj to 2025-01-10 00:00:00+00:00, run_after=2025-02-10 00:00:00+00:00
[2025-01-25T13:58:17.714+0000] {processor.py:208} INFO - Processing /opt/airflow/dags/coleta_dados_abertos_cnpj/dag.py took 0.301 seconds
[2025-01-25T13:58:48.174+0000] {processor.py:186} INFO - Started process (PID=469) to work on /opt/airflow/dags/coleta_dados_abertos_cnpj/dag.py
[2025-01-25T13:58:48.175+0000] {processor.py:914} INFO - Processing file /opt/airflow/dags/coleta_dados_abertos_cnpj/dag.py for tasks to queue
[2025-01-25T13:58:48.175+0000] {logging_mixin.py:190} INFO - [2025-01-25T13:58:48.175+0000] {dagbag.py:588} INFO - Filling up the DagBag from /opt/airflow/dags/coleta_dados_abertos_cnpj/dag.py
[2025-01-25T13:58:48.532+0000] {processor.py:925} INFO - DAG(s) 'coleta_dados_abertos_cnpj' retrieved from /opt/airflow/dags/coleta_dados_abertos_cnpj/dag.py
[2025-01-25T13:58:48.551+0000] {logging_mixin.py:190} INFO - [2025-01-25T13:58:48.551+0000] {dag.py:3239} INFO - Sync 1 DAGs
[2025-01-25T13:58:48.569+0000] {logging_mixin.py:190} INFO - [2025-01-25T13:58:48.568+0000] {dag.py:4180} INFO - Setting next_dagrun for coleta_dados_abertos_cnpj to 2025-01-10 00:00:00+00:00, run_after=2025-02-10 00:00:00+00:00
[2025-01-25T13:58:48.583+0000] {processor.py:208} INFO - Processing /opt/airflow/dags/coleta_dados_abertos_cnpj/dag.py took 0.412 seconds
[2025-01-25T13:59:18.836+0000] {processor.py:186} INFO - Started process (PID=480) to work on /opt/airflow/dags/coleta_dados_abertos_cnpj/dag.py
[2025-01-25T13:59:18.837+0000] {processor.py:914} INFO - Processing file /opt/airflow/dags/coleta_dados_abertos_cnpj/dag.py for tasks to queue
[2025-01-25T13:59:18.838+0000] {logging_mixin.py:190} INFO - [2025-01-25T13:59:18.838+0000] {dagbag.py:588} INFO - Filling up the DagBag from /opt/airflow/dags/coleta_dados_abertos_cnpj/dag.py
[2025-01-25T13:59:19.180+0000] {processor.py:925} INFO - DAG(s) 'coleta_dados_abertos_cnpj' retrieved from /opt/airflow/dags/coleta_dados_abertos_cnpj/dag.py
[2025-01-25T13:59:19.195+0000] {logging_mixin.py:190} INFO - [2025-01-25T13:59:19.195+0000] {dag.py:3239} INFO - Sync 1 DAGs
[2025-01-25T13:59:19.581+0000] {logging_mixin.py:190} INFO - [2025-01-25T13:59:19.580+0000] {dag.py:4180} INFO - Setting next_dagrun for coleta_dados_abertos_cnpj to 2025-01-10 00:00:00+00:00, run_after=2025-02-10 00:00:00+00:00
[2025-01-25T13:59:19.600+0000] {processor.py:208} INFO - Processing /opt/airflow/dags/coleta_dados_abertos_cnpj/dag.py took 0.766 seconds
[2025-01-25T13:59:50.198+0000] {processor.py:186} INFO - Started process (PID=491) to work on /opt/airflow/dags/coleta_dados_abertos_cnpj/dag.py
[2025-01-25T13:59:50.198+0000] {processor.py:914} INFO - Processing file /opt/airflow/dags/coleta_dados_abertos_cnpj/dag.py for tasks to queue
[2025-01-25T13:59:50.199+0000] {logging_mixin.py:190} INFO - [2025-01-25T13:59:50.199+0000] {dagbag.py:588} INFO - Filling up the DagBag from /opt/airflow/dags/coleta_dados_abertos_cnpj/dag.py
[2025-01-25T13:59:50.420+0000] {processor.py:925} INFO - DAG(s) 'coleta_dados_abertos_cnpj' retrieved from /opt/airflow/dags/coleta_dados_abertos_cnpj/dag.py
[2025-01-25T13:59:50.439+0000] {logging_mixin.py:190} INFO - [2025-01-25T13:59:50.439+0000] {dag.py:3239} INFO - Sync 1 DAGs
[2025-01-25T13:59:50.453+0000] {logging_mixin.py:190} INFO - [2025-01-25T13:59:50.453+0000] {dag.py:4180} INFO - Setting next_dagrun for coleta_dados_abertos_cnpj to 2025-01-10 00:00:00+00:00, run_after=2025-02-10 00:00:00+00:00
[2025-01-25T13:59:50.463+0000] {processor.py:208} INFO - Processing /opt/airflow/dags/coleta_dados_abertos_cnpj/dag.py took 0.269 seconds
[2025-01-25T14:00:20.739+0000] {processor.py:186} INFO - Started process (PID=502) to work on /opt/airflow/dags/coleta_dados_abertos_cnpj/dag.py
[2025-01-25T14:00:20.739+0000] {processor.py:914} INFO - Processing file /opt/airflow/dags/coleta_dados_abertos_cnpj/dag.py for tasks to queue
[2025-01-25T14:00:20.740+0000] {logging_mixin.py:190} INFO - [2025-01-25T14:00:20.740+0000] {dagbag.py:588} INFO - Filling up the DagBag from /opt/airflow/dags/coleta_dados_abertos_cnpj/dag.py
[2025-01-25T14:00:20.911+0000] {processor.py:925} INFO - DAG(s) 'coleta_dados_abertos_cnpj' retrieved from /opt/airflow/dags/coleta_dados_abertos_cnpj/dag.py
[2025-01-25T14:00:20.929+0000] {logging_mixin.py:190} INFO - [2025-01-25T14:00:20.928+0000] {dag.py:3239} INFO - Sync 1 DAGs
[2025-01-25T14:00:20.942+0000] {logging_mixin.py:190} INFO - [2025-01-25T14:00:20.942+0000] {dag.py:4180} INFO - Setting next_dagrun for coleta_dados_abertos_cnpj to 2025-01-10 00:00:00+00:00, run_after=2025-02-10 00:00:00+00:00
[2025-01-25T14:00:20.952+0000] {processor.py:208} INFO - Processing /opt/airflow/dags/coleta_dados_abertos_cnpj/dag.py took 0.217 seconds
[2025-01-25T14:00:51.208+0000] {processor.py:186} INFO - Started process (PID=513) to work on /opt/airflow/dags/coleta_dados_abertos_cnpj/dag.py
[2025-01-25T14:00:51.208+0000] {processor.py:914} INFO - Processing file /opt/airflow/dags/coleta_dados_abertos_cnpj/dag.py for tasks to queue
[2025-01-25T14:00:51.209+0000] {logging_mixin.py:190} INFO - [2025-01-25T14:00:51.209+0000] {dagbag.py:588} INFO - Filling up the DagBag from /opt/airflow/dags/coleta_dados_abertos_cnpj/dag.py
[2025-01-25T14:00:51.400+0000] {processor.py:925} INFO - DAG(s) 'coleta_dados_abertos_cnpj' retrieved from /opt/airflow/dags/coleta_dados_abertos_cnpj/dag.py
[2025-01-25T14:00:51.417+0000] {logging_mixin.py:190} INFO - [2025-01-25T14:00:51.416+0000] {dag.py:3239} INFO - Sync 1 DAGs
[2025-01-25T14:00:51.430+0000] {logging_mixin.py:190} INFO - [2025-01-25T14:00:51.430+0000] {dag.py:4180} INFO - Setting next_dagrun for coleta_dados_abertos_cnpj to 2025-01-10 00:00:00+00:00, run_after=2025-02-10 00:00:00+00:00
[2025-01-25T14:00:51.439+0000] {processor.py:208} INFO - Processing /opt/airflow/dags/coleta_dados_abertos_cnpj/dag.py took 0.235 seconds
[2025-01-25T14:01:22.150+0000] {processor.py:186} INFO - Started process (PID=524) to work on /opt/airflow/dags/coleta_dados_abertos_cnpj/dag.py
[2025-01-25T14:01:22.150+0000] {processor.py:914} INFO - Processing file /opt/airflow/dags/coleta_dados_abertos_cnpj/dag.py for tasks to queue
[2025-01-25T14:01:22.151+0000] {logging_mixin.py:190} INFO - [2025-01-25T14:01:22.151+0000] {dagbag.py:588} INFO - Filling up the DagBag from /opt/airflow/dags/coleta_dados_abertos_cnpj/dag.py
[2025-01-25T14:01:22.397+0000] {processor.py:925} INFO - DAG(s) 'coleta_dados_abertos_cnpj' retrieved from /opt/airflow/dags/coleta_dados_abertos_cnpj/dag.py
[2025-01-25T14:01:22.770+0000] {logging_mixin.py:190} INFO - [2025-01-25T14:01:22.770+0000] {dag.py:3239} INFO - Sync 1 DAGs
[2025-01-25T14:01:22.794+0000] {logging_mixin.py:190} INFO - [2025-01-25T14:01:22.794+0000] {dag.py:4180} INFO - Setting next_dagrun for coleta_dados_abertos_cnpj to 2025-01-10 00:00:00+00:00, run_after=2025-02-10 00:00:00+00:00
[2025-01-25T14:01:22.821+0000] {processor.py:208} INFO - Processing /opt/airflow/dags/coleta_dados_abertos_cnpj/dag.py took 0.674 seconds
[2025-01-25T14:01:53.452+0000] {processor.py:186} INFO - Started process (PID=535) to work on /opt/airflow/dags/coleta_dados_abertos_cnpj/dag.py
[2025-01-25T14:01:53.452+0000] {processor.py:914} INFO - Processing file /opt/airflow/dags/coleta_dados_abertos_cnpj/dag.py for tasks to queue
[2025-01-25T14:01:53.453+0000] {logging_mixin.py:190} INFO - [2025-01-25T14:01:53.453+0000] {dagbag.py:588} INFO - Filling up the DagBag from /opt/airflow/dags/coleta_dados_abertos_cnpj/dag.py
[2025-01-25T14:01:53.647+0000] {processor.py:925} INFO - DAG(s) 'coleta_dados_abertos_cnpj' retrieved from /opt/airflow/dags/coleta_dados_abertos_cnpj/dag.py
[2025-01-25T14:01:53.664+0000] {logging_mixin.py:190} INFO - [2025-01-25T14:01:53.664+0000] {dag.py:3239} INFO - Sync 1 DAGs
[2025-01-25T14:01:53.677+0000] {logging_mixin.py:190} INFO - [2025-01-25T14:01:53.677+0000] {dag.py:4180} INFO - Setting next_dagrun for coleta_dados_abertos_cnpj to 2025-01-10 00:00:00+00:00, run_after=2025-02-10 00:00:00+00:00
[2025-01-25T14:03:14.065+0000] {processor.py:186} INFO - Started process (PID=552) to work on /opt/airflow/dags/coleta_dados_abertos_cnpj/dag.py
[2025-01-25T14:03:14.066+0000] {processor.py:914} INFO - Processing file /opt/airflow/dags/coleta_dados_abertos_cnpj/dag.py for tasks to queue
[2025-01-25T14:03:14.067+0000] {logging_mixin.py:190} INFO - [2025-01-25T14:03:14.067+0000] {dagbag.py:588} INFO - Filling up the DagBag from /opt/airflow/dags/coleta_dados_abertos_cnpj/dag.py
[2025-01-25T14:03:14.244+0000] {processor.py:925} INFO - DAG(s) 'coleta_dados_abertos_cnpj' retrieved from /opt/airflow/dags/coleta_dados_abertos_cnpj/dag.py
[2025-01-25T14:03:14.262+0000] {logging_mixin.py:190} INFO - [2025-01-25T14:03:14.261+0000] {dag.py:3239} INFO - Sync 1 DAGs
[2025-01-25T14:35:00.177+0000] {processor.py:186} INFO - Started process (PID=83) to work on /opt/airflow/dags/coleta_dados_abertos_cnpj/dag.py
[2025-01-25T14:35:00.200+0000] {processor.py:914} INFO - Processing file /opt/airflow/dags/coleta_dados_abertos_cnpj/dag.py for tasks to queue
[2025-01-25T14:35:00.201+0000] {logging_mixin.py:190} INFO - [2025-01-25T14:35:00.201+0000] {dagbag.py:588} INFO - Filling up the DagBag from /opt/airflow/dags/coleta_dados_abertos_cnpj/dag.py
[2025-01-25T14:35:00.539+0000] {processor.py:925} INFO - DAG(s) 'coleta_dados_abertos_cnpj' retrieved from /opt/airflow/dags/coleta_dados_abertos_cnpj/dag.py
[2025-01-25T14:35:00.556+0000] {logging_mixin.py:190} INFO - [2025-01-25T14:35:00.556+0000] {dag.py:3239} INFO - Sync 1 DAGs
[2025-01-25T14:35:00.570+0000] {logging_mixin.py:190} INFO - [2025-01-25T14:35:00.570+0000] {dag.py:4180} INFO - Setting next_dagrun for coleta_dados_abertos_cnpj to 2025-01-10 00:00:00+00:00, run_after=2025-02-10 00:00:00+00:00
[2025-01-25T14:35:00.580+0000] {processor.py:208} INFO - Processing /opt/airflow/dags/coleta_dados_abertos_cnpj/dag.py took 0.406 seconds
[2025-01-25T14:35:09.847+0000] {processor.py:186} INFO - Started process (PID=94) to work on /opt/airflow/dags/coleta_dados_abertos_cnpj/dag.py
[2025-01-25T14:35:09.847+0000] {processor.py:914} INFO - Processing file /opt/airflow/dags/coleta_dados_abertos_cnpj/dag.py for tasks to queue
[2025-01-25T14:35:09.848+0000] {logging_mixin.py:190} INFO - [2025-01-25T14:35:09.848+0000] {dagbag.py:588} INFO - Filling up the DagBag from /opt/airflow/dags/coleta_dados_abertos_cnpj/dag.py
[2025-01-25T14:35:10.104+0000] {processor.py:925} INFO - DAG(s) 'coleta_dados_abertos_cnpj' retrieved from /opt/airflow/dags/coleta_dados_abertos_cnpj/dag.py
[2025-01-25T14:35:10.111+0000] {logging_mixin.py:190} INFO - [2025-01-25T14:35:10.111+0000] {taskinstance.py:3313} ERROR - {'DAG Id': 'coleta_dados_abertos_cnpj', 'Task Id': 'extract_estabelecimentos', 'Run Id': 'manual__2025-01-24T21:15:51.387766+00:00', 'Hostname': 'ee70781c29c7', 'External Executor Id': '3a5381ed-a42f-407b-8ab3-fb28322dbf28'}
[2025-01-25T14:35:10.132+0000] {logging_mixin.py:190} INFO - [2025-01-25T14:35:10.132+0000] {taskinstance.py:1225} INFO - Marking task as UP_FOR_RETRY. dag_id=coleta_dados_abertos_cnpj, task_id=extract_estabelecimentos, run_id=manual__2025-01-24T21:15:51.387766+00:00, execution_date=20250124T211551, start_date=20250125T134721, end_date=20250125T143510
[2025-01-25T14:35:10.142+0000] {logging_mixin.py:190} INFO - [2025-01-25T14:35:10.142+0000] {processor.py:876} INFO - Executed callback for <TaskInstance: coleta_dados_abertos_cnpj.extract_estabelecimentos manual__2025-01-24T21:15:51.387766+00:00 [up_for_retry]> in state up_for_retry
[2025-01-25T14:35:10.153+0000] {logging_mixin.py:190} INFO - [2025-01-25T14:35:10.153+0000] {dag.py:3239} INFO - Sync 1 DAGs
[2025-01-25T14:35:10.162+0000] {logging_mixin.py:190} INFO - [2025-01-25T14:35:10.162+0000] {dag.py:4180} INFO - Setting next_dagrun for coleta_dados_abertos_cnpj to 2025-01-10 00:00:00+00:00, run_after=2025-02-10 00:00:00+00:00
[2025-01-25T14:35:10.171+0000] {processor.py:208} INFO - Processing /opt/airflow/dags/coleta_dados_abertos_cnpj/dag.py took 0.327 seconds
[2025-01-25T14:35:40.498+0000] {processor.py:186} INFO - Started process (PID=105) to work on /opt/airflow/dags/coleta_dados_abertos_cnpj/dag.py
[2025-01-25T14:35:40.498+0000] {processor.py:914} INFO - Processing file /opt/airflow/dags/coleta_dados_abertos_cnpj/dag.py for tasks to queue
[2025-01-25T14:35:40.499+0000] {logging_mixin.py:190} INFO - [2025-01-25T14:35:40.499+0000] {dagbag.py:588} INFO - Filling up the DagBag from /opt/airflow/dags/coleta_dados_abertos_cnpj/dag.py
[2025-01-25T14:35:40.752+0000] {processor.py:925} INFO - DAG(s) 'coleta_dados_abertos_cnpj' retrieved from /opt/airflow/dags/coleta_dados_abertos_cnpj/dag.py
[2025-01-25T14:35:40.769+0000] {logging_mixin.py:190} INFO - [2025-01-25T14:35:40.769+0000] {dag.py:3239} INFO - Sync 1 DAGs
[2025-01-25T14:35:40.781+0000] {logging_mixin.py:190} INFO - [2025-01-25T14:35:40.781+0000] {dag.py:4180} INFO - Setting next_dagrun for coleta_dados_abertos_cnpj to 2025-01-10 00:00:00+00:00, run_after=2025-02-10 00:00:00+00:00
[2025-01-25T14:35:40.790+0000] {processor.py:208} INFO - Processing /opt/airflow/dags/coleta_dados_abertos_cnpj/dag.py took 0.295 seconds
[2025-01-25T14:36:11.039+0000] {processor.py:186} INFO - Started process (PID=116) to work on /opt/airflow/dags/coleta_dados_abertos_cnpj/dag.py
[2025-01-25T14:36:11.039+0000] {processor.py:914} INFO - Processing file /opt/airflow/dags/coleta_dados_abertos_cnpj/dag.py for tasks to queue
[2025-01-25T14:36:11.041+0000] {logging_mixin.py:190} INFO - [2025-01-25T14:36:11.041+0000] {dagbag.py:588} INFO - Filling up the DagBag from /opt/airflow/dags/coleta_dados_abertos_cnpj/dag.py
[2025-01-25T14:36:11.301+0000] {processor.py:925} INFO - DAG(s) 'coleta_dados_abertos_cnpj' retrieved from /opt/airflow/dags/coleta_dados_abertos_cnpj/dag.py
[2025-01-25T14:36:11.316+0000] {logging_mixin.py:190} INFO - [2025-01-25T14:36:11.316+0000] {dag.py:3239} INFO - Sync 1 DAGs
[2025-01-25T14:36:11.328+0000] {logging_mixin.py:190} INFO - [2025-01-25T14:36:11.328+0000] {dag.py:4180} INFO - Setting next_dagrun for coleta_dados_abertos_cnpj to 2025-01-10 00:00:00+00:00, run_after=2025-02-10 00:00:00+00:00
[2025-01-25T14:36:11.337+0000] {processor.py:208} INFO - Processing /opt/airflow/dags/coleta_dados_abertos_cnpj/dag.py took 0.301 seconds
[2025-01-25T14:36:41.641+0000] {processor.py:186} INFO - Started process (PID=127) to work on /opt/airflow/dags/coleta_dados_abertos_cnpj/dag.py
[2025-01-25T14:36:41.642+0000] {processor.py:914} INFO - Processing file /opt/airflow/dags/coleta_dados_abertos_cnpj/dag.py for tasks to queue
[2025-01-25T14:36:41.643+0000] {logging_mixin.py:190} INFO - [2025-01-25T14:36:41.643+0000] {dagbag.py:588} INFO - Filling up the DagBag from /opt/airflow/dags/coleta_dados_abertos_cnpj/dag.py
[2025-01-25T14:36:41.899+0000] {processor.py:925} INFO - DAG(s) 'coleta_dados_abertos_cnpj' retrieved from /opt/airflow/dags/coleta_dados_abertos_cnpj/dag.py
[2025-01-25T14:36:41.915+0000] {logging_mixin.py:190} INFO - [2025-01-25T14:36:41.914+0000] {dag.py:3239} INFO - Sync 1 DAGs
[2025-01-25T14:36:41.926+0000] {logging_mixin.py:190} INFO - [2025-01-25T14:36:41.926+0000] {dag.py:4180} INFO - Setting next_dagrun for coleta_dados_abertos_cnpj to 2025-01-10 00:00:00+00:00, run_after=2025-02-10 00:00:00+00:00
[2025-01-25T14:36:41.938+0000] {processor.py:208} INFO - Processing /opt/airflow/dags/coleta_dados_abertos_cnpj/dag.py took 0.300 seconds
[2025-01-25T14:37:12.207+0000] {processor.py:186} INFO - Started process (PID=138) to work on /opt/airflow/dags/coleta_dados_abertos_cnpj/dag.py
[2025-01-25T14:37:12.207+0000] {processor.py:914} INFO - Processing file /opt/airflow/dags/coleta_dados_abertos_cnpj/dag.py for tasks to queue
[2025-01-25T14:37:12.208+0000] {logging_mixin.py:190} INFO - [2025-01-25T14:37:12.208+0000] {dagbag.py:588} INFO - Filling up the DagBag from /opt/airflow/dags/coleta_dados_abertos_cnpj/dag.py
[2025-01-25T14:37:12.460+0000] {processor.py:925} INFO - DAG(s) 'coleta_dados_abertos_cnpj' retrieved from /opt/airflow/dags/coleta_dados_abertos_cnpj/dag.py
[2025-01-25T14:37:12.476+0000] {logging_mixin.py:190} INFO - [2025-01-25T14:37:12.476+0000] {dag.py:3239} INFO - Sync 1 DAGs
[2025-01-25T14:37:12.487+0000] {logging_mixin.py:190} INFO - [2025-01-25T14:37:12.487+0000] {dag.py:4180} INFO - Setting next_dagrun for coleta_dados_abertos_cnpj to 2025-01-10 00:00:00+00:00, run_after=2025-02-10 00:00:00+00:00
[2025-01-25T14:37:12.499+0000] {processor.py:208} INFO - Processing /opt/airflow/dags/coleta_dados_abertos_cnpj/dag.py took 0.295 seconds
[2025-01-25T14:37:43.096+0000] {processor.py:186} INFO - Started process (PID=149) to work on /opt/airflow/dags/coleta_dados_abertos_cnpj/dag.py
[2025-01-25T14:37:43.097+0000] {processor.py:914} INFO - Processing file /opt/airflow/dags/coleta_dados_abertos_cnpj/dag.py for tasks to queue
[2025-01-25T14:37:43.099+0000] {logging_mixin.py:190} INFO - [2025-01-25T14:37:43.099+0000] {dagbag.py:588} INFO - Filling up the DagBag from /opt/airflow/dags/coleta_dados_abertos_cnpj/dag.py
[2025-01-25T14:37:43.522+0000] {processor.py:925} INFO - DAG(s) 'coleta_dados_abertos_cnpj' retrieved from /opt/airflow/dags/coleta_dados_abertos_cnpj/dag.py
[2025-01-25T14:37:43.546+0000] {logging_mixin.py:190} INFO - [2025-01-25T14:37:43.546+0000] {dag.py:3239} INFO - Sync 1 DAGs
[2025-01-25T14:37:43.566+0000] {logging_mixin.py:190} INFO - [2025-01-25T14:37:43.566+0000] {dag.py:4180} INFO - Setting next_dagrun for coleta_dados_abertos_cnpj to 2025-01-10 00:00:00+00:00, run_after=2025-02-10 00:00:00+00:00
[2025-01-25T14:37:43.583+0000] {processor.py:208} INFO - Processing /opt/airflow/dags/coleta_dados_abertos_cnpj/dag.py took 0.492 seconds
[2025-01-25T14:38:14.182+0000] {processor.py:186} INFO - Started process (PID=160) to work on /opt/airflow/dags/coleta_dados_abertos_cnpj/dag.py
[2025-01-25T14:38:14.182+0000] {processor.py:914} INFO - Processing file /opt/airflow/dags/coleta_dados_abertos_cnpj/dag.py for tasks to queue
[2025-01-25T14:38:14.184+0000] {logging_mixin.py:190} INFO - [2025-01-25T14:38:14.184+0000] {dagbag.py:588} INFO - Filling up the DagBag from /opt/airflow/dags/coleta_dados_abertos_cnpj/dag.py
[2025-01-25T14:38:14.440+0000] {processor.py:925} INFO - DAG(s) 'coleta_dados_abertos_cnpj' retrieved from /opt/airflow/dags/coleta_dados_abertos_cnpj/dag.py
[2025-01-25T14:38:14.456+0000] {logging_mixin.py:190} INFO - [2025-01-25T14:38:14.456+0000] {dag.py:3239} INFO - Sync 1 DAGs
[2025-01-25T14:38:14.467+0000] {logging_mixin.py:190} INFO - [2025-01-25T14:38:14.467+0000] {dag.py:4180} INFO - Setting next_dagrun for coleta_dados_abertos_cnpj to 2025-01-10 00:00:00+00:00, run_after=2025-02-10 00:00:00+00:00
[2025-01-25T14:38:14.477+0000] {processor.py:208} INFO - Processing /opt/airflow/dags/coleta_dados_abertos_cnpj/dag.py took 0.298 seconds
[2025-01-25T14:38:44.813+0000] {processor.py:186} INFO - Started process (PID=171) to work on /opt/airflow/dags/coleta_dados_abertos_cnpj/dag.py
[2025-01-25T14:38:44.814+0000] {processor.py:914} INFO - Processing file /opt/airflow/dags/coleta_dados_abertos_cnpj/dag.py for tasks to queue
[2025-01-25T14:38:44.815+0000] {logging_mixin.py:190} INFO - [2025-01-25T14:38:44.815+0000] {dagbag.py:588} INFO - Filling up the DagBag from /opt/airflow/dags/coleta_dados_abertos_cnpj/dag.py
[2025-01-25T14:38:45.084+0000] {processor.py:925} INFO - DAG(s) 'coleta_dados_abertos_cnpj' retrieved from /opt/airflow/dags/coleta_dados_abertos_cnpj/dag.py
[2025-01-25T14:38:45.100+0000] {logging_mixin.py:190} INFO - [2025-01-25T14:38:45.099+0000] {dag.py:3239} INFO - Sync 1 DAGs
[2025-01-25T14:38:45.111+0000] {logging_mixin.py:190} INFO - [2025-01-25T14:38:45.111+0000] {dag.py:4180} INFO - Setting next_dagrun for coleta_dados_abertos_cnpj to 2025-01-10 00:00:00+00:00, run_after=2025-02-10 00:00:00+00:00
[2025-01-25T14:38:45.120+0000] {processor.py:208} INFO - Processing /opt/airflow/dags/coleta_dados_abertos_cnpj/dag.py took 0.310 seconds
[2025-01-25T14:39:15.508+0000] {processor.py:186} INFO - Started process (PID=182) to work on /opt/airflow/dags/coleta_dados_abertos_cnpj/dag.py
[2025-01-25T14:39:15.509+0000] {processor.py:914} INFO - Processing file /opt/airflow/dags/coleta_dados_abertos_cnpj/dag.py for tasks to queue
[2025-01-25T14:39:15.510+0000] {logging_mixin.py:190} INFO - [2025-01-25T14:39:15.510+0000] {dagbag.py:588} INFO - Filling up the DagBag from /opt/airflow/dags/coleta_dados_abertos_cnpj/dag.py
[2025-01-25T14:39:15.778+0000] {processor.py:925} INFO - DAG(s) 'coleta_dados_abertos_cnpj' retrieved from /opt/airflow/dags/coleta_dados_abertos_cnpj/dag.py
[2025-01-25T14:39:15.795+0000] {logging_mixin.py:190} INFO - [2025-01-25T14:39:15.795+0000] {dag.py:3239} INFO - Sync 1 DAGs
[2025-01-25T14:39:15.809+0000] {logging_mixin.py:190} INFO - [2025-01-25T14:39:15.809+0000] {dag.py:4180} INFO - Setting next_dagrun for coleta_dados_abertos_cnpj to 2025-01-10 00:00:00+00:00, run_after=2025-02-10 00:00:00+00:00
[2025-01-25T14:39:15.820+0000] {processor.py:208} INFO - Processing /opt/airflow/dags/coleta_dados_abertos_cnpj/dag.py took 0.316 seconds
[2025-01-25T14:39:46.172+0000] {processor.py:186} INFO - Started process (PID=193) to work on /opt/airflow/dags/coleta_dados_abertos_cnpj/dag.py
[2025-01-25T14:39:46.173+0000] {processor.py:914} INFO - Processing file /opt/airflow/dags/coleta_dados_abertos_cnpj/dag.py for tasks to queue
[2025-01-25T14:39:46.174+0000] {logging_mixin.py:190} INFO - [2025-01-25T14:39:46.174+0000] {dagbag.py:588} INFO - Filling up the DagBag from /opt/airflow/dags/coleta_dados_abertos_cnpj/dag.py
[2025-01-25T14:39:46.447+0000] {processor.py:925} INFO - DAG(s) 'coleta_dados_abertos_cnpj' retrieved from /opt/airflow/dags/coleta_dados_abertos_cnpj/dag.py
[2025-01-25T14:39:46.463+0000] {logging_mixin.py:190} INFO - [2025-01-25T14:39:46.463+0000] {dag.py:3239} INFO - Sync 1 DAGs
[2025-01-25T14:39:46.476+0000] {logging_mixin.py:190} INFO - [2025-01-25T14:39:46.475+0000] {dag.py:4180} INFO - Setting next_dagrun for coleta_dados_abertos_cnpj to 2025-01-10 00:00:00+00:00, run_after=2025-02-10 00:00:00+00:00
[2025-01-25T14:39:46.489+0000] {processor.py:208} INFO - Processing /opt/airflow/dags/coleta_dados_abertos_cnpj/dag.py took 0.320 seconds
[2025-01-25T14:40:17.014+0000] {processor.py:186} INFO - Started process (PID=204) to work on /opt/airflow/dags/coleta_dados_abertos_cnpj/dag.py
[2025-01-25T14:40:17.014+0000] {processor.py:914} INFO - Processing file /opt/airflow/dags/coleta_dados_abertos_cnpj/dag.py for tasks to queue
[2025-01-25T14:40:17.015+0000] {logging_mixin.py:190} INFO - [2025-01-25T14:40:17.015+0000] {dagbag.py:588} INFO - Filling up the DagBag from /opt/airflow/dags/coleta_dados_abertos_cnpj/dag.py
[2025-01-25T14:40:17.283+0000] {processor.py:925} INFO - DAG(s) 'coleta_dados_abertos_cnpj' retrieved from /opt/airflow/dags/coleta_dados_abertos_cnpj/dag.py
[2025-01-25T14:40:17.299+0000] {logging_mixin.py:190} INFO - [2025-01-25T14:40:17.299+0000] {dag.py:3239} INFO - Sync 1 DAGs
[2025-01-25T14:40:17.312+0000] {logging_mixin.py:190} INFO - [2025-01-25T14:40:17.312+0000] {dag.py:4180} INFO - Setting next_dagrun for coleta_dados_abertos_cnpj to 2025-01-10 00:00:00+00:00, run_after=2025-02-10 00:00:00+00:00
[2025-01-25T14:40:17.334+0000] {processor.py:208} INFO - Processing /opt/airflow/dags/coleta_dados_abertos_cnpj/dag.py took 0.323 seconds
[2025-01-25T14:40:47.515+0000] {processor.py:186} INFO - Started process (PID=215) to work on /opt/airflow/dags/coleta_dados_abertos_cnpj/dag.py
[2025-01-25T14:40:47.516+0000] {processor.py:914} INFO - Processing file /opt/airflow/dags/coleta_dados_abertos_cnpj/dag.py for tasks to queue
[2025-01-25T14:40:47.517+0000] {logging_mixin.py:190} INFO - [2025-01-25T14:40:47.517+0000] {dagbag.py:588} INFO - Filling up the DagBag from /opt/airflow/dags/coleta_dados_abertos_cnpj/dag.py
[2025-01-25T14:40:47.781+0000] {processor.py:925} INFO - DAG(s) 'coleta_dados_abertos_cnpj' retrieved from /opt/airflow/dags/coleta_dados_abertos_cnpj/dag.py
[2025-01-25T14:40:47.797+0000] {logging_mixin.py:190} INFO - [2025-01-25T14:40:47.797+0000] {dag.py:3239} INFO - Sync 1 DAGs
[2025-01-25T14:40:47.808+0000] {logging_mixin.py:190} INFO - [2025-01-25T14:40:47.808+0000] {dag.py:4180} INFO - Setting next_dagrun for coleta_dados_abertos_cnpj to 2025-01-10 00:00:00+00:00, run_after=2025-02-10 00:00:00+00:00
[2025-01-25T14:40:47.818+0000] {processor.py:208} INFO - Processing /opt/airflow/dags/coleta_dados_abertos_cnpj/dag.py took 0.305 seconds
[2025-01-25T14:41:18.073+0000] {processor.py:186} INFO - Started process (PID=226) to work on /opt/airflow/dags/coleta_dados_abertos_cnpj/dag.py
[2025-01-25T14:41:18.074+0000] {processor.py:914} INFO - Processing file /opt/airflow/dags/coleta_dados_abertos_cnpj/dag.py for tasks to queue
[2025-01-25T14:41:18.075+0000] {logging_mixin.py:190} INFO - [2025-01-25T14:41:18.074+0000] {dagbag.py:588} INFO - Filling up the DagBag from /opt/airflow/dags/coleta_dados_abertos_cnpj/dag.py
[2025-01-25T14:41:18.325+0000] {processor.py:925} INFO - DAG(s) 'coleta_dados_abertos_cnpj' retrieved from /opt/airflow/dags/coleta_dados_abertos_cnpj/dag.py
[2025-01-25T14:41:18.340+0000] {logging_mixin.py:190} INFO - [2025-01-25T14:41:18.340+0000] {dag.py:3239} INFO - Sync 1 DAGs
[2025-01-25T14:41:18.352+0000] {logging_mixin.py:190} INFO - [2025-01-25T14:41:18.352+0000] {dag.py:4180} INFO - Setting next_dagrun for coleta_dados_abertos_cnpj to 2025-01-10 00:00:00+00:00, run_after=2025-02-10 00:00:00+00:00
[2025-01-25T14:41:18.370+0000] {processor.py:208} INFO - Processing /opt/airflow/dags/coleta_dados_abertos_cnpj/dag.py took 0.299 seconds
[2025-01-25T14:41:48.636+0000] {processor.py:186} INFO - Started process (PID=237) to work on /opt/airflow/dags/coleta_dados_abertos_cnpj/dag.py
[2025-01-25T14:41:48.637+0000] {processor.py:914} INFO - Processing file /opt/airflow/dags/coleta_dados_abertos_cnpj/dag.py for tasks to queue
[2025-01-25T14:41:48.638+0000] {logging_mixin.py:190} INFO - [2025-01-25T14:41:48.638+0000] {dagbag.py:588} INFO - Filling up the DagBag from /opt/airflow/dags/coleta_dados_abertos_cnpj/dag.py
[2025-01-25T14:41:48.935+0000] {processor.py:925} INFO - DAG(s) 'coleta_dados_abertos_cnpj' retrieved from /opt/airflow/dags/coleta_dados_abertos_cnpj/dag.py
[2025-01-25T14:41:48.952+0000] {logging_mixin.py:190} INFO - [2025-01-25T14:41:48.951+0000] {dag.py:3239} INFO - Sync 1 DAGs
[2025-01-25T14:41:48.964+0000] {logging_mixin.py:190} INFO - [2025-01-25T14:41:48.964+0000] {dag.py:4180} INFO - Setting next_dagrun for coleta_dados_abertos_cnpj to 2025-01-10 00:00:00+00:00, run_after=2025-02-10 00:00:00+00:00
[2025-01-25T14:41:48.975+0000] {processor.py:208} INFO - Processing /opt/airflow/dags/coleta_dados_abertos_cnpj/dag.py took 0.342 seconds
[2025-01-25T14:42:19.398+0000] {processor.py:186} INFO - Started process (PID=248) to work on /opt/airflow/dags/coleta_dados_abertos_cnpj/dag.py
[2025-01-25T14:42:19.398+0000] {processor.py:914} INFO - Processing file /opt/airflow/dags/coleta_dados_abertos_cnpj/dag.py for tasks to queue
[2025-01-25T14:42:19.400+0000] {logging_mixin.py:190} INFO - [2025-01-25T14:42:19.399+0000] {dagbag.py:588} INFO - Filling up the DagBag from /opt/airflow/dags/coleta_dados_abertos_cnpj/dag.py
[2025-01-25T14:42:19.696+0000] {processor.py:925} INFO - DAG(s) 'coleta_dados_abertos_cnpj' retrieved from /opt/airflow/dags/coleta_dados_abertos_cnpj/dag.py
[2025-01-25T14:42:19.712+0000] {logging_mixin.py:190} INFO - [2025-01-25T14:42:19.712+0000] {dag.py:3239} INFO - Sync 1 DAGs
[2025-01-25T14:42:19.723+0000] {logging_mixin.py:190} INFO - [2025-01-25T14:42:19.723+0000] {dag.py:4180} INFO - Setting next_dagrun for coleta_dados_abertos_cnpj to 2025-01-10 00:00:00+00:00, run_after=2025-02-10 00:00:00+00:00
[2025-01-25T14:42:19.733+0000] {processor.py:208} INFO - Processing /opt/airflow/dags/coleta_dados_abertos_cnpj/dag.py took 0.338 seconds
[2025-01-25T14:42:50.069+0000] {processor.py:186} INFO - Started process (PID=259) to work on /opt/airflow/dags/coleta_dados_abertos_cnpj/dag.py
[2025-01-25T14:42:50.069+0000] {processor.py:914} INFO - Processing file /opt/airflow/dags/coleta_dados_abertos_cnpj/dag.py for tasks to queue
[2025-01-25T14:42:50.082+0000] {logging_mixin.py:190} INFO - [2025-01-25T14:42:50.081+0000] {dagbag.py:588} INFO - Filling up the DagBag from /opt/airflow/dags/coleta_dados_abertos_cnpj/dag.py
[2025-01-25T14:42:50.350+0000] {processor.py:925} INFO - DAG(s) 'coleta_dados_abertos_cnpj' retrieved from /opt/airflow/dags/coleta_dados_abertos_cnpj/dag.py
[2025-01-25T14:42:50.368+0000] {logging_mixin.py:190} INFO - [2025-01-25T14:42:50.367+0000] {dag.py:3239} INFO - Sync 1 DAGs
[2025-01-25T14:42:50.379+0000] {logging_mixin.py:190} INFO - [2025-01-25T14:42:50.379+0000] {dag.py:4180} INFO - Setting next_dagrun for coleta_dados_abertos_cnpj to 2025-01-10 00:00:00+00:00, run_after=2025-02-10 00:00:00+00:00
[2025-01-25T14:42:50.390+0000] {processor.py:208} INFO - Processing /opt/airflow/dags/coleta_dados_abertos_cnpj/dag.py took 0.324 seconds
[2025-01-25T14:43:20.700+0000] {processor.py:186} INFO - Started process (PID=270) to work on /opt/airflow/dags/coleta_dados_abertos_cnpj/dag.py
[2025-01-25T14:43:20.701+0000] {processor.py:914} INFO - Processing file /opt/airflow/dags/coleta_dados_abertos_cnpj/dag.py for tasks to queue
[2025-01-25T14:43:20.702+0000] {logging_mixin.py:190} INFO - [2025-01-25T14:43:20.702+0000] {dagbag.py:588} INFO - Filling up the DagBag from /opt/airflow/dags/coleta_dados_abertos_cnpj/dag.py
[2025-01-25T14:43:20.957+0000] {processor.py:925} INFO - DAG(s) 'coleta_dados_abertos_cnpj' retrieved from /opt/airflow/dags/coleta_dados_abertos_cnpj/dag.py
[2025-01-25T14:43:20.973+0000] {logging_mixin.py:190} INFO - [2025-01-25T14:43:20.973+0000] {dag.py:3239} INFO - Sync 1 DAGs
[2025-01-25T14:43:20.984+0000] {logging_mixin.py:190} INFO - [2025-01-25T14:43:20.984+0000] {dag.py:4180} INFO - Setting next_dagrun for coleta_dados_abertos_cnpj to 2025-01-10 00:00:00+00:00, run_after=2025-02-10 00:00:00+00:00
[2025-01-25T14:43:20.995+0000] {processor.py:208} INFO - Processing /opt/airflow/dags/coleta_dados_abertos_cnpj/dag.py took 0.297 seconds
[2025-01-25T14:43:51.223+0000] {processor.py:186} INFO - Started process (PID=281) to work on /opt/airflow/dags/coleta_dados_abertos_cnpj/dag.py
[2025-01-25T14:43:51.223+0000] {processor.py:914} INFO - Processing file /opt/airflow/dags/coleta_dados_abertos_cnpj/dag.py for tasks to queue
[2025-01-25T14:43:51.225+0000] {logging_mixin.py:190} INFO - [2025-01-25T14:43:51.225+0000] {dagbag.py:588} INFO - Filling up the DagBag from /opt/airflow/dags/coleta_dados_abertos_cnpj/dag.py
[2025-01-25T14:43:51.516+0000] {processor.py:925} INFO - DAG(s) 'coleta_dados_abertos_cnpj' retrieved from /opt/airflow/dags/coleta_dados_abertos_cnpj/dag.py
[2025-01-25T14:43:51.533+0000] {logging_mixin.py:190} INFO - [2025-01-25T14:43:51.533+0000] {dag.py:3239} INFO - Sync 1 DAGs
[2025-01-25T14:43:51.546+0000] {logging_mixin.py:190} INFO - [2025-01-25T14:43:51.546+0000] {dag.py:4180} INFO - Setting next_dagrun for coleta_dados_abertos_cnpj to 2025-01-10 00:00:00+00:00, run_after=2025-02-10 00:00:00+00:00
[2025-01-25T14:43:51.558+0000] {processor.py:208} INFO - Processing /opt/airflow/dags/coleta_dados_abertos_cnpj/dag.py took 0.338 seconds
[2025-01-25T14:44:21.902+0000] {processor.py:186} INFO - Started process (PID=292) to work on /opt/airflow/dags/coleta_dados_abertos_cnpj/dag.py
[2025-01-25T14:44:21.903+0000] {processor.py:914} INFO - Processing file /opt/airflow/dags/coleta_dados_abertos_cnpj/dag.py for tasks to queue
[2025-01-25T14:44:21.905+0000] {logging_mixin.py:190} INFO - [2025-01-25T14:44:21.904+0000] {dagbag.py:588} INFO - Filling up the DagBag from /opt/airflow/dags/coleta_dados_abertos_cnpj/dag.py
[2025-01-25T14:44:22.185+0000] {processor.py:925} INFO - DAG(s) 'coleta_dados_abertos_cnpj' retrieved from /opt/airflow/dags/coleta_dados_abertos_cnpj/dag.py
[2025-01-25T14:44:22.204+0000] {logging_mixin.py:190} INFO - [2025-01-25T14:44:22.204+0000] {dag.py:3239} INFO - Sync 1 DAGs
[2025-01-25T14:44:22.218+0000] {logging_mixin.py:190} INFO - [2025-01-25T14:44:22.218+0000] {dag.py:4180} INFO - Setting next_dagrun for coleta_dados_abertos_cnpj to 2025-01-10 00:00:00+00:00, run_after=2025-02-10 00:00:00+00:00
[2025-01-25T14:44:22.236+0000] {processor.py:208} INFO - Processing /opt/airflow/dags/coleta_dados_abertos_cnpj/dag.py took 0.338 seconds
[2025-01-25T14:44:52.488+0000] {processor.py:186} INFO - Started process (PID=303) to work on /opt/airflow/dags/coleta_dados_abertos_cnpj/dag.py
[2025-01-25T14:44:52.488+0000] {processor.py:914} INFO - Processing file /opt/airflow/dags/coleta_dados_abertos_cnpj/dag.py for tasks to queue
[2025-01-25T14:44:52.489+0000] {logging_mixin.py:190} INFO - [2025-01-25T14:44:52.489+0000] {dagbag.py:588} INFO - Filling up the DagBag from /opt/airflow/dags/coleta_dados_abertos_cnpj/dag.py
