[2025-01-24T21:14:20.389+0000] {local_task_job_runner.py:123} INFO - ::group::Pre task execution logs
[2025-01-24T21:14:20.399+0000] {taskinstance.py:2613} INFO - Dependencies all met for dep_context=non-requeueable deps ti=<TaskInstance: coleta_dados_abertos_cnpj.extract_simples manual__2025-01-24T20:59:53.324100+00:00 [queued]>
[2025-01-24T21:14:20.405+0000] {taskinstance.py:2613} INFO - Dependencies all met for dep_context=requeueable deps ti=<TaskInstance: coleta_dados_abertos_cnpj.extract_simples manual__2025-01-24T20:59:53.324100+00:00 [queued]>
[2025-01-24T21:14:20.405+0000] {taskinstance.py:2866} INFO - Starting attempt 4 of 5
[2025-01-24T21:14:20.424+0000] {taskinstance.py:2889} INFO - Executing <Task(PythonOperator): extract_simples> on 2025-01-24 20:59:53.324100+00:00
[2025-01-24T21:14:20.428+0000] {warnings.py:112} WARNING - /home/***/.local/lib/python3.12/site-packages/***/task/task_runner/standard_task_runner.py:70: DeprecationWarning: This process (pid=997) is multi-threaded, use of fork() may lead to deadlocks in the child.
  pid = os.fork()

[2025-01-24T21:14:20.429+0000] {standard_task_runner.py:72} INFO - Started process 1012 to run task
[2025-01-24T21:14:20.429+0000] {standard_task_runner.py:104} INFO - Running: ['***', 'tasks', 'run', 'coleta_dados_abertos_cnpj', 'extract_simples', 'manual__2025-01-24T20:59:53.324100+00:00', '--job-id', '814', '--raw', '--subdir', 'DAGS_FOLDER/coleta_dados_abertos_cnpj/dag.py', '--cfg-path', '/tmp/tmpt2n5i98r']
[2025-01-24T21:14:20.430+0000] {standard_task_runner.py:105} INFO - Job 814: Subtask extract_simples
[2025-01-24T21:14:20.512+0000] {task_command.py:467} INFO - Running <TaskInstance: coleta_dados_abertos_cnpj.extract_simples manual__2025-01-24T20:59:53.324100+00:00 [running]> on host ee70781c29c7
[2025-01-24T21:14:20.556+0000] {taskinstance.py:3132} INFO - Exporting env vars: AIRFLOW_CTX_DAG_OWNER='Corvaum' AIRFLOW_CTX_DAG_ID='coleta_dados_abertos_cnpj' AIRFLOW_CTX_TASK_ID='extract_simples' AIRFLOW_CTX_EXECUTION_DATE='2025-01-24T20:59:53.324100+00:00' AIRFLOW_CTX_TRY_NUMBER='4' AIRFLOW_CTX_DAG_RUN_ID='manual__2025-01-24T20:59:53.324100+00:00'
[2025-01-24T21:14:20.557+0000] {taskinstance.py:731} INFO - ::endgroup::
[2025-01-24T21:14:20.568+0000] {logging_mixin.py:190} INFO - Data formatada: 2025-01
[2025-01-24T21:14:20.750+0000] {logging_mixin.py:190} INFO - Arquivos encontrados: ['Simples.zip']
[2025-01-24T21:14:20.751+0000] {logging_mixin.py:190} INFO - Baixando o arquivo: https://arquivos.receitafederal.gov.br/dados/cnpj/dados_abertos_cnpj/2025-01/Simples.zip
[2025-01-24T21:15:35.924+0000] {local_task_job_runner.py:346} WARNING - State of this instance has been externally set to failed. Terminating instance.
[2025-01-24T21:15:35.961+0000] {local_task_job_runner.py:245} INFO - ::endgroup::
[2025-01-24T21:15:35.963+0000] {process_utils.py:132} INFO - Sending 15 to group 1012. PIDs of all processes in the group: [1012]
[2025-01-24T21:15:35.963+0000] {process_utils.py:87} INFO - Sending the signal 15 to group 1012
[2025-01-24T21:15:35.964+0000] {taskinstance.py:3093} ERROR - Received SIGTERM. Terminating subprocesses.
[2025-01-24T21:15:35.975+0000] {taskinstance.py:340} INFO - ::group::Post task execution logs
[2025-01-24T21:15:35.990+0000] {process_utils.py:80} INFO - Process psutil.Process(pid=1012, status='terminated', exitcode=0, started='21:14:19') (1012) terminated with exit code 0
