[2025-01-24T00:18:02.133+0000] {local_task_job_runner.py:123} INFO - ::group::Pre task execution logs
[2025-01-24T00:18:02.141+0000] {taskinstance.py:2613} INFO - Dependencies all met for dep_context=non-requeueable deps ti=<TaskInstance: gerar_csv_dados_abertos_cnpj.gerar_csv scheduled__2025-01-23T00:00:00+00:00 [queued]>
[2025-01-24T00:18:02.145+0000] {taskinstance.py:2613} INFO - Dependencies all met for dep_context=requeueable deps ti=<TaskInstance: gerar_csv_dados_abertos_cnpj.gerar_csv scheduled__2025-01-23T00:00:00+00:00 [queued]>
[2025-01-24T00:18:02.145+0000] {taskinstance.py:2866} INFO - Starting attempt 1 of 1
[2025-01-24T00:18:02.174+0000] {taskinstance.py:2889} INFO - Executing <Task(PythonOperator): gerar_csv> on 2025-01-23 00:00:00+00:00
[2025-01-24T00:18:02.178+0000] {warnings.py:112} WARNING - /home/***/.local/lib/python3.12/site-packages/***/task/task_runner/standard_task_runner.py:70: DeprecationWarning: This process (pid=72) is multi-threaded, use of fork() may lead to deadlocks in the child.
  pid = os.fork()

[2025-01-24T00:18:02.179+0000] {standard_task_runner.py:72} INFO - Started process 74 to run task
[2025-01-24T00:18:02.179+0000] {standard_task_runner.py:104} INFO - Running: ['***', 'tasks', 'run', 'gerar_csv_dados_abertos_cnpj', 'gerar_csv', 'scheduled__2025-01-23T00:00:00+00:00', '--job-id', '220', '--raw', '--subdir', 'DAGS_FOLDER/saving_file.py', '--cfg-path', '/tmp/tmp1ld9n2le']
[2025-01-24T00:18:02.180+0000] {standard_task_runner.py:105} INFO - Job 220: Subtask gerar_csv
[2025-01-24T00:18:02.202+0000] {task_command.py:467} INFO - Running <TaskInstance: gerar_csv_dados_abertos_cnpj.gerar_csv scheduled__2025-01-23T00:00:00+00:00 [running]> on host 659dab735c6e
[2025-01-24T00:18:02.242+0000] {taskinstance.py:3132} INFO - Exporting env vars: AIRFLOW_CTX_DAG_OWNER='***' AIRFLOW_CTX_DAG_ID='gerar_csv_dados_abertos_cnpj' AIRFLOW_CTX_TASK_ID='gerar_csv' AIRFLOW_CTX_EXECUTION_DATE='2025-01-23T00:00:00+00:00' AIRFLOW_CTX_TRY_NUMBER='1' AIRFLOW_CTX_DAG_RUN_ID='scheduled__2025-01-23T00:00:00+00:00'
[2025-01-24T00:18:02.243+0000] {taskinstance.py:731} INFO - ::endgroup::
[2025-01-24T00:18:02.253+0000] {logging_mixin.py:190} INFO - testanaado
[2025-01-24T00:18:02.255+0000] {logging_mixin.py:190} INFO - Diretório criado com sucesso: G:/Airflow/logs
[2025-01-24T00:18:02.259+0000] {logging_mixin.py:190} INFO - Arquivo salvo em G:/Airflow/logs/teste.csv
[2025-01-24T00:18:02.259+0000] {python.py:240} INFO - Done. Returned value was: None
[2025-01-24T00:18:02.264+0000] {taskinstance.py:340} INFO - ::group::Post task execution logs
[2025-01-24T00:18:02.264+0000] {taskinstance.py:352} INFO - Marking task as SUCCESS. dag_id=gerar_csv_dados_abertos_cnpj, task_id=gerar_csv, run_id=scheduled__2025-01-23T00:00:00+00:00, execution_date=20250123T000000, start_date=20250124T001802, end_date=20250124T001802
[2025-01-24T00:18:02.312+0000] {local_task_job_runner.py:266} INFO - Task exited with return code 0
[2025-01-24T00:18:02.322+0000] {taskinstance.py:3895} INFO - 0 downstream tasks scheduled from follow-on schedule check
[2025-01-24T00:18:02.324+0000] {local_task_job_runner.py:245} INFO - ::endgroup::
