[2025-01-24T21:04:49.815+0000] {local_task_job_runner.py:123} INFO - ::group::Pre task execution logs
[2025-01-24T21:04:49.823+0000] {taskinstance.py:2613} INFO - Dependencies all met for dep_context=non-requeueable deps ti=<TaskInstance: coleta_dados_abertos_cnpj.extract_paises manual__2025-01-24T20:59:53.324100+00:00 [queued]>
[2025-01-24T21:04:49.828+0000] {taskinstance.py:2613} INFO - Dependencies all met for dep_context=requeueable deps ti=<TaskInstance: coleta_dados_abertos_cnpj.extract_paises manual__2025-01-24T20:59:53.324100+00:00 [queued]>
[2025-01-24T21:04:49.829+0000] {taskinstance.py:2866} INFO - Starting attempt 3 of 4
[2025-01-24T21:04:49.864+0000] {taskinstance.py:2889} INFO - Executing <Task(PythonOperator): extract_paises> on 2025-01-24 20:59:53.324100+00:00
[2025-01-24T21:04:49.868+0000] {warnings.py:112} WARNING - /home/***/.local/lib/python3.12/site-packages/***/task/task_runner/standard_task_runner.py:70: DeprecationWarning: This process (pid=815) is multi-threaded, use of fork() may lead to deadlocks in the child.
  pid = os.fork()

[2025-01-24T21:04:49.869+0000] {standard_task_runner.py:72} INFO - Started process 823 to run task
[2025-01-24T21:04:49.870+0000] {standard_task_runner.py:104} INFO - Running: ['***', 'tasks', 'run', 'coleta_dados_abertos_cnpj', 'extract_paises', 'manual__2025-01-24T20:59:53.324100+00:00', '--job-id', '800', '--raw', '--subdir', 'DAGS_FOLDER/coleta_dados_abertos_cnpj/dag.py', '--cfg-path', '/tmp/tmpxj5laryl']
[2025-01-24T21:04:49.871+0000] {standard_task_runner.py:105} INFO - Job 800: Subtask extract_paises
[2025-01-24T21:04:49.899+0000] {task_command.py:467} INFO - Running <TaskInstance: coleta_dados_abertos_cnpj.extract_paises manual__2025-01-24T20:59:53.324100+00:00 [running]> on host ee70781c29c7
[2025-01-24T21:04:49.955+0000] {taskinstance.py:3132} INFO - Exporting env vars: AIRFLOW_CTX_DAG_OWNER='Corvaum' AIRFLOW_CTX_DAG_ID='coleta_dados_abertos_cnpj' AIRFLOW_CTX_TASK_ID='extract_paises' AIRFLOW_CTX_EXECUTION_DATE='2025-01-24T20:59:53.324100+00:00' AIRFLOW_CTX_TRY_NUMBER='3' AIRFLOW_CTX_DAG_RUN_ID='manual__2025-01-24T20:59:53.324100+00:00'
[2025-01-24T21:04:49.956+0000] {taskinstance.py:731} INFO - ::endgroup::
[2025-01-24T21:04:49.969+0000] {logging_mixin.py:190} INFO - Data formatada: 2025-01
[2025-01-24T21:04:51.221+0000] {logging_mixin.py:190} INFO - Arquivos encontrados: ['Paises.zip']
[2025-01-24T21:04:51.222+0000] {logging_mixin.py:190} INFO - Baixando o arquivo: https://arquivos.receitafederal.gov.br/dados/cnpj/dados_abertos_cnpj/2025-01/Paises.zip
[2025-01-24T21:04:51.350+0000] {logging_mixin.py:190} INFO - Download concluído: https://arquivos.receitafederal.gov.br/dados/cnpj/dados_abertos_cnpj/2025-01/Paises.zip
[2025-01-24T21:04:51.357+0000] {logging_mixin.py:190} INFO - Arquivos descompactados: ['/tmp/105fa43c99ab41f7985483671f84a0cd_extracted/F.K03200$Z.D50111.PAISCSV']
[2025-01-24T21:04:51.492+0000] {logging_mixin.py:190} INFO - Arquivo full_cpf/Paises/2025-01/Paises_4d66078a736a49eaae2a38b89acbe5f2.csv carregado com sucesso no MinIO!
[2025-01-24T21:04:51.493+0000] {python.py:240} INFO - Done. Returned value was: None
[2025-01-24T21:04:51.498+0000] {taskinstance.py:340} INFO - ::group::Post task execution logs
[2025-01-24T21:04:51.498+0000] {taskinstance.py:352} INFO - Marking task as SUCCESS. dag_id=coleta_dados_abertos_cnpj, task_id=extract_paises, run_id=manual__2025-01-24T20:59:53.324100+00:00, execution_date=20250124T205953, start_date=20250124T210449, end_date=20250124T210451
[2025-01-24T21:04:51.567+0000] {local_task_job_runner.py:266} INFO - Task exited with return code 0
[2025-01-24T21:04:51.581+0000] {taskinstance.py:3895} INFO - 0 downstream tasks scheduled from follow-on schedule check
[2025-01-24T21:04:51.583+0000] {local_task_job_runner.py:245} INFO - ::endgroup::
