[2025-01-19T20:07:02.990+0000] {local_task_job_runner.py:123} INFO - ::group::Pre task execution logs
[2025-01-19T20:07:03.001+0000] {taskinstance.py:2613} INFO - Dependencies all met for dep_context=non-requeueable deps ti=<TaskInstance: coleta_dados_abertos_cnpj.echo_hello_world scheduled__2024-12-10T00:00:00+00:00 [queued]>
[2025-01-19T20:07:03.006+0000] {taskinstance.py:2613} INFO - Dependencies all met for dep_context=requeueable deps ti=<TaskInstance: coleta_dados_abertos_cnpj.echo_hello_world scheduled__2024-12-10T00:00:00+00:00 [queued]>
[2025-01-19T20:07:03.006+0000] {taskinstance.py:2866} INFO - Starting attempt 1 of 2
[2025-01-19T20:07:03.098+0000] {taskinstance.py:2889} INFO - Executing <Task(BashOperator): echo_hello_world> on 2024-12-10 00:00:00+00:00
[2025-01-19T20:07:03.102+0000] {warnings.py:112} WARNING - /home/***/.local/lib/python3.12/site-packages/***/task/task_runner/standard_task_runner.py:70: DeprecationWarning: This process (pid=377) is multi-threaded, use of fork() may lead to deadlocks in the child.
  pid = os.fork()

[2025-01-19T20:07:03.103+0000] {standard_task_runner.py:72} INFO - Started process 384 to run task
[2025-01-19T20:07:03.103+0000] {standard_task_runner.py:104} INFO - Running: ['***', 'tasks', 'run', 'coleta_dados_abertos_cnpj', 'echo_hello_world', 'scheduled__2024-12-10T00:00:00+00:00', '--job-id', '98', '--raw', '--subdir', 'DAGS_FOLDER/coleta_dados_abertos_cnpj/dag.py', '--cfg-path', '/tmp/tmpo55ahlmh']
[2025-01-19T20:07:03.105+0000] {standard_task_runner.py:105} INFO - Job 98: Subtask echo_hello_world
[2025-01-19T20:07:03.135+0000] {task_command.py:467} INFO - Running <TaskInstance: coleta_dados_abertos_cnpj.echo_hello_world scheduled__2024-12-10T00:00:00+00:00 [running]> on host 659dab735c6e
[2025-01-19T20:07:03.186+0000] {taskinstance.py:3132} INFO - Exporting env vars: AIRFLOW_CTX_DAG_OWNER='Corvaum' AIRFLOW_CTX_DAG_ID='coleta_dados_abertos_cnpj' AIRFLOW_CTX_TASK_ID='echo_hello_world' AIRFLOW_CTX_EXECUTION_DATE='2024-12-10T00:00:00+00:00' AIRFLOW_CTX_TRY_NUMBER='1' AIRFLOW_CTX_DAG_RUN_ID='scheduled__2024-12-10T00:00:00+00:00'
[2025-01-19T20:07:03.187+0000] {taskinstance.py:731} INFO - ::endgroup::
[2025-01-19T20:07:03.196+0000] {subprocess.py:78} INFO - Tmp dir root location: /tmp
[2025-01-19T20:07:03.196+0000] {subprocess.py:88} INFO - Running command: ['/usr/bin/bash', '-c', 'echo "Hello, Airflow!"']
[2025-01-19T20:07:03.203+0000] {subprocess.py:99} INFO - Output:
[2025-01-19T20:07:03.204+0000] {subprocess.py:106} INFO - Hello, Airflow!
[2025-01-19T20:07:03.204+0000] {subprocess.py:110} INFO - Command exited with return code 0
[2025-01-19T20:07:03.220+0000] {taskinstance.py:340} INFO - ::group::Post task execution logs
[2025-01-19T20:07:03.220+0000] {taskinstance.py:352} INFO - Marking task as SUCCESS. dag_id=coleta_dados_abertos_cnpj, task_id=echo_hello_world, run_id=scheduled__2024-12-10T00:00:00+00:00, execution_date=20241210T000000, start_date=20250119T200703, end_date=20250119T200703
[2025-01-19T20:07:03.237+0000] {local_task_job_runner.py:266} INFO - Task exited with return code 0
[2025-01-19T20:07:03.245+0000] {taskinstance.py:3895} INFO - 0 downstream tasks scheduled from follow-on schedule check
[2025-01-19T20:07:03.247+0000] {local_task_job_runner.py:245} INFO - ::endgroup::
[2025-01-24T19:03:18.040+0000] {local_task_job_runner.py:123} INFO - ::group::Pre task execution logs
[2025-01-24T19:03:18.047+0000] {taskinstance.py:2613} INFO - Dependencies all met for dep_context=non-requeueable deps ti=<TaskInstance: coleta_dados_abertos_cnpj.echo_hello_world scheduled__2024-12-10T00:00:00+00:00 [queued]>
[2025-01-24T19:03:18.052+0000] {taskinstance.py:2613} INFO - Dependencies all met for dep_context=requeueable deps ti=<TaskInstance: coleta_dados_abertos_cnpj.echo_hello_world scheduled__2024-12-10T00:00:00+00:00 [queued]>
[2025-01-24T19:03:18.052+0000] {taskinstance.py:2866} INFO - Starting attempt 1 of 2
[2025-01-24T19:03:18.060+0000] {taskinstance.py:2889} INFO - Executing <Task(BashOperator): echo_hello_world> on 2024-12-10 00:00:00+00:00
[2025-01-24T19:03:18.064+0000] {warnings.py:112} WARNING - /home/***/.local/lib/python3.12/site-packages/***/task/task_runner/standard_task_runner.py:70: DeprecationWarning: This process (pid=1558) is multi-threaded, use of fork() may lead to deadlocks in the child.
  pid = os.fork()

[2025-01-24T19:03:18.064+0000] {standard_task_runner.py:72} INFO - Started process 1562 to run task
[2025-01-24T19:03:18.065+0000] {standard_task_runner.py:104} INFO - Running: ['***', 'tasks', 'run', 'coleta_dados_abertos_cnpj', 'echo_hello_world', 'scheduled__2024-12-10T00:00:00+00:00', '--job-id', '656', '--raw', '--subdir', 'DAGS_FOLDER/coleta_dados_abertos_cnpj/dag.py', '--cfg-path', '/tmp/tmpmfli20t3']
[2025-01-24T19:03:18.067+0000] {standard_task_runner.py:105} INFO - Job 656: Subtask echo_hello_world
[2025-01-24T19:03:18.089+0000] {task_command.py:467} INFO - Running <TaskInstance: coleta_dados_abertos_cnpj.echo_hello_world scheduled__2024-12-10T00:00:00+00:00 [running]> on host ee70781c29c7
[2025-01-24T19:03:18.130+0000] {taskinstance.py:3132} INFO - Exporting env vars: AIRFLOW_CTX_DAG_OWNER='Corvaum' AIRFLOW_CTX_DAG_ID='coleta_dados_abertos_cnpj' AIRFLOW_CTX_TASK_ID='echo_hello_world' AIRFLOW_CTX_EXECUTION_DATE='2024-12-10T00:00:00+00:00' AIRFLOW_CTX_TRY_NUMBER='1' AIRFLOW_CTX_DAG_RUN_ID='scheduled__2024-12-10T00:00:00+00:00'
[2025-01-24T19:03:18.131+0000] {taskinstance.py:731} INFO - ::endgroup::
[2025-01-24T19:03:18.138+0000] {subprocess.py:78} INFO - Tmp dir root location: /tmp
[2025-01-24T19:03:18.138+0000] {subprocess.py:88} INFO - Running command: ['/usr/bin/bash', '-c', 'echo "Hello, Airflow!"']
[2025-01-24T19:03:18.144+0000] {subprocess.py:99} INFO - Output:
[2025-01-24T19:03:18.144+0000] {subprocess.py:106} INFO - Hello, Airflow!
[2025-01-24T19:03:18.145+0000] {subprocess.py:110} INFO - Command exited with return code 0
[2025-01-24T19:03:18.157+0000] {taskinstance.py:340} INFO - ::group::Post task execution logs
[2025-01-24T19:03:18.158+0000] {taskinstance.py:352} INFO - Marking task as SUCCESS. dag_id=coleta_dados_abertos_cnpj, task_id=echo_hello_world, run_id=scheduled__2024-12-10T00:00:00+00:00, execution_date=20241210T000000, start_date=20250124T190318, end_date=20250124T190318
[2025-01-24T19:03:18.198+0000] {local_task_job_runner.py:266} INFO - Task exited with return code 0
[2025-01-24T19:03:18.205+0000] {taskinstance.py:3895} INFO - 0 downstream tasks scheduled from follow-on schedule check
[2025-01-24T19:03:18.207+0000] {local_task_job_runner.py:245} INFO - ::endgroup::
[2025-01-24T19:04:08.945+0000] {local_task_job_runner.py:123} INFO - ::group::Pre task execution logs
[2025-01-24T19:04:08.955+0000] {taskinstance.py:2613} INFO - Dependencies all met for dep_context=non-requeueable deps ti=<TaskInstance: coleta_dados_abertos_cnpj.echo_hello_world scheduled__2024-12-10T00:00:00+00:00 [queued]>
[2025-01-24T19:04:08.959+0000] {taskinstance.py:2613} INFO - Dependencies all met for dep_context=requeueable deps ti=<TaskInstance: coleta_dados_abertos_cnpj.echo_hello_world scheduled__2024-12-10T00:00:00+00:00 [queued]>
[2025-01-24T19:04:08.960+0000] {taskinstance.py:2866} INFO - Starting attempt 1 of 2
[2025-01-24T19:04:08.967+0000] {taskinstance.py:2889} INFO - Executing <Task(BashOperator): echo_hello_world> on 2024-12-10 00:00:00+00:00
[2025-01-24T19:04:08.971+0000] {warnings.py:112} WARNING - /home/***/.local/lib/python3.12/site-packages/***/task/task_runner/standard_task_runner.py:70: DeprecationWarning: This process (pid=1612) is multi-threaded, use of fork() may lead to deadlocks in the child.
  pid = os.fork()

[2025-01-24T19:04:08.972+0000] {standard_task_runner.py:72} INFO - Started process 1613 to run task
[2025-01-24T19:04:08.972+0000] {standard_task_runner.py:104} INFO - Running: ['***', 'tasks', 'run', 'coleta_dados_abertos_cnpj', 'echo_hello_world', 'scheduled__2024-12-10T00:00:00+00:00', '--job-id', '670', '--raw', '--subdir', 'DAGS_FOLDER/coleta_dados_abertos_cnpj/dag.py', '--cfg-path', '/tmp/tmpwoqh8bjl']
[2025-01-24T19:04:08.973+0000] {standard_task_runner.py:105} INFO - Job 670: Subtask echo_hello_world
[2025-01-24T19:04:08.997+0000] {task_command.py:467} INFO - Running <TaskInstance: coleta_dados_abertos_cnpj.echo_hello_world scheduled__2024-12-10T00:00:00+00:00 [running]> on host ee70781c29c7
[2025-01-24T19:04:09.035+0000] {taskinstance.py:3132} INFO - Exporting env vars: AIRFLOW_CTX_DAG_OWNER='Corvaum' AIRFLOW_CTX_DAG_ID='coleta_dados_abertos_cnpj' AIRFLOW_CTX_TASK_ID='echo_hello_world' AIRFLOW_CTX_EXECUTION_DATE='2024-12-10T00:00:00+00:00' AIRFLOW_CTX_TRY_NUMBER='1' AIRFLOW_CTX_DAG_RUN_ID='scheduled__2024-12-10T00:00:00+00:00'
[2025-01-24T19:04:09.035+0000] {taskinstance.py:731} INFO - ::endgroup::
[2025-01-24T19:04:09.042+0000] {subprocess.py:78} INFO - Tmp dir root location: /tmp
[2025-01-24T19:04:09.043+0000] {subprocess.py:88} INFO - Running command: ['/usr/bin/bash', '-c', 'echo "Hello, Airflow!"']
[2025-01-24T19:04:09.049+0000] {subprocess.py:99} INFO - Output:
[2025-01-24T19:04:09.050+0000] {subprocess.py:106} INFO - Hello, Airflow!
[2025-01-24T19:04:09.050+0000] {subprocess.py:110} INFO - Command exited with return code 0
[2025-01-24T19:04:09.062+0000] {taskinstance.py:340} INFO - ::group::Post task execution logs
[2025-01-24T19:04:09.063+0000] {taskinstance.py:352} INFO - Marking task as SUCCESS. dag_id=coleta_dados_abertos_cnpj, task_id=echo_hello_world, run_id=scheduled__2024-12-10T00:00:00+00:00, execution_date=20241210T000000, start_date=20250124T190408, end_date=20250124T190409
[2025-01-24T19:04:09.105+0000] {local_task_job_runner.py:266} INFO - Task exited with return code 0
[2025-01-24T19:04:09.113+0000] {taskinstance.py:3895} INFO - 0 downstream tasks scheduled from follow-on schedule check
[2025-01-24T19:04:09.142+0000] {local_task_job_runner.py:245} INFO - ::endgroup::
