[2025-01-19T18:27:12.951+0000] {local_task_job_runner.py:123} INFO - ::group::Pre task execution logs
[2025-01-19T18:27:12.960+0000] {taskinstance.py:2613} INFO - Dependencies all met for dep_context=non-requeueable deps ti=<TaskInstance: coleta_dados_abertos_cnpj.transform_cnaes manual__2025-01-19T17:44:50.357961+00:00 [queued]>
[2025-01-19T18:27:12.965+0000] {taskinstance.py:2613} INFO - Dependencies all met for dep_context=requeueable deps ti=<TaskInstance: coleta_dados_abertos_cnpj.transform_cnaes manual__2025-01-19T17:44:50.357961+00:00 [queued]>
[2025-01-19T18:27:12.966+0000] {taskinstance.py:2866} INFO - Starting attempt 2 of 3
[2025-01-19T18:27:12.988+0000] {taskinstance.py:2889} INFO - Executing <Task(PythonOperator): transform_cnaes> on 2025-01-19 17:44:50.357961+00:00
[2025-01-19T18:27:12.993+0000] {warnings.py:112} WARNING - /home/***/.local/lib/python3.12/site-packages/***/task/task_runner/standard_task_runner.py:70: DeprecationWarning: This process (pid=2961) is multi-threaded, use of fork() may lead to deadlocks in the child.
  pid = os.fork()

[2025-01-19T18:27:12.994+0000] {standard_task_runner.py:72} INFO - Started process 2962 to run task
[2025-01-19T18:27:12.994+0000] {standard_task_runner.py:104} INFO - Running: ['***', 'tasks', 'run', 'coleta_dados_abertos_cnpj', 'transform_cnaes', 'manual__2025-01-19T17:44:50.357961+00:00', '--job-id', '186', '--raw', '--subdir', 'DAGS_FOLDER/coleta_dados_abertos_cnpj/dag.py', '--cfg-path', '/tmp/tmpashx4xra']
[2025-01-19T18:27:12.996+0000] {standard_task_runner.py:105} INFO - Job 186: Subtask transform_cnaes
[2025-01-19T18:27:13.020+0000] {task_command.py:467} INFO - Running <TaskInstance: coleta_dados_abertos_cnpj.transform_cnaes manual__2025-01-19T17:44:50.357961+00:00 [running]> on host e9a1739d3128
[2025-01-19T18:27:13.063+0000] {taskinstance.py:3132} INFO - Exporting env vars: AIRFLOW_CTX_DAG_OWNER='Corvaum' AIRFLOW_CTX_DAG_ID='coleta_dados_abertos_cnpj' AIRFLOW_CTX_TASK_ID='transform_cnaes' AIRFLOW_CTX_EXECUTION_DATE='2025-01-19T17:44:50.357961+00:00' AIRFLOW_CTX_TRY_NUMBER='2' AIRFLOW_CTX_DAG_RUN_ID='manual__2025-01-19T17:44:50.357961+00:00'
[2025-01-19T18:27:13.064+0000] {taskinstance.py:731} INFO - ::endgroup::
[2025-01-19T18:27:13.072+0000] {logging_mixin.py:190} INFO - cnaes
[2025-01-19T18:27:13.073+0000] {python.py:240} INFO - Done. Returned value was: None
[2025-01-19T18:27:13.079+0000] {taskinstance.py:340} INFO - ::group::Post task execution logs
[2025-01-19T18:27:13.079+0000] {taskinstance.py:352} INFO - Marking task as SUCCESS. dag_id=coleta_dados_abertos_cnpj, task_id=transform_cnaes, run_id=manual__2025-01-19T17:44:50.357961+00:00, execution_date=20250119T174450, start_date=20250119T182712, end_date=20250119T182713
[2025-01-19T18:27:13.089+0000] {local_task_job_runner.py:266} INFO - Task exited with return code 0
[2025-01-19T18:27:13.098+0000] {taskinstance.py:3895} INFO - 0 downstream tasks scheduled from follow-on schedule check
[2025-01-19T18:27:13.100+0000] {local_task_job_runner.py:245} INFO - ::endgroup::
