[2025-01-24T19:03:17.330+0000] {local_task_job_runner.py:123} INFO - ::group::Pre task execution logs
[2025-01-24T19:03:17.339+0000] {taskinstance.py:2613} INFO - Dependencies all met for dep_context=non-requeueable deps ti=<TaskInstance: coleta_dados_abertos_cnpj.transform_municipios scheduled__2024-12-10T00:00:00+00:00 [queued]>
[2025-01-24T19:03:17.344+0000] {taskinstance.py:2613} INFO - Dependencies all met for dep_context=requeueable deps ti=<TaskInstance: coleta_dados_abertos_cnpj.transform_municipios scheduled__2024-12-10T00:00:00+00:00 [queued]>
[2025-01-24T19:03:17.344+0000] {taskinstance.py:2866} INFO - Starting attempt 1 of 2
[2025-01-24T19:03:17.356+0000] {taskinstance.py:2889} INFO - Executing <Task(PythonOperator): transform_municipios> on 2024-12-10 00:00:00+00:00
[2025-01-24T19:03:17.361+0000] {warnings.py:112} WARNING - /home/***/.local/lib/python3.12/site-packages/***/task/task_runner/standard_task_runner.py:70: DeprecationWarning: This process (pid=1542) is multi-threaded, use of fork() may lead to deadlocks in the child.
  pid = os.fork()

[2025-01-24T19:03:17.361+0000] {standard_task_runner.py:72} INFO - Started process 1548 to run task
[2025-01-24T19:03:17.362+0000] {standard_task_runner.py:104} INFO - Running: ['***', 'tasks', 'run', 'coleta_dados_abertos_cnpj', 'transform_municipios', 'scheduled__2024-12-10T00:00:00+00:00', '--job-id', '651', '--raw', '--subdir', 'DAGS_FOLDER/coleta_dados_abertos_cnpj/dag.py', '--cfg-path', '/tmp/tmp01ycetig']
[2025-01-24T19:03:17.363+0000] {standard_task_runner.py:105} INFO - Job 651: Subtask transform_municipios
[2025-01-24T19:03:17.387+0000] {task_command.py:467} INFO - Running <TaskInstance: coleta_dados_abertos_cnpj.transform_municipios scheduled__2024-12-10T00:00:00+00:00 [running]> on host ee70781c29c7
[2025-01-24T19:03:17.432+0000] {taskinstance.py:3132} INFO - Exporting env vars: AIRFLOW_CTX_DAG_OWNER='Corvaum' AIRFLOW_CTX_DAG_ID='coleta_dados_abertos_cnpj' AIRFLOW_CTX_TASK_ID='transform_municipios' AIRFLOW_CTX_EXECUTION_DATE='2024-12-10T00:00:00+00:00' AIRFLOW_CTX_TRY_NUMBER='1' AIRFLOW_CTX_DAG_RUN_ID='scheduled__2024-12-10T00:00:00+00:00'
[2025-01-24T19:03:17.433+0000] {taskinstance.py:731} INFO - ::endgroup::
[2025-01-24T19:03:17.441+0000] {logging_mixin.py:190} INFO - cnaes
[2025-01-24T19:03:17.442+0000] {python.py:240} INFO - Done. Returned value was: None
[2025-01-24T19:03:17.447+0000] {taskinstance.py:340} INFO - ::group::Post task execution logs
[2025-01-24T19:03:17.447+0000] {taskinstance.py:352} INFO - Marking task as SUCCESS. dag_id=coleta_dados_abertos_cnpj, task_id=transform_municipios, run_id=scheduled__2024-12-10T00:00:00+00:00, execution_date=20241210T000000, start_date=20250124T190317, end_date=20250124T190317
[2025-01-24T19:03:17.495+0000] {local_task_job_runner.py:266} INFO - Task exited with return code 0
[2025-01-24T19:03:17.503+0000] {taskinstance.py:3895} INFO - 0 downstream tasks scheduled from follow-on schedule check
[2025-01-24T19:03:17.505+0000] {local_task_job_runner.py:245} INFO - ::endgroup::
[2025-01-24T19:04:07.871+0000] {local_task_job_runner.py:123} INFO - ::group::Pre task execution logs
[2025-01-24T19:04:07.882+0000] {taskinstance.py:2613} INFO - Dependencies all met for dep_context=non-requeueable deps ti=<TaskInstance: coleta_dados_abertos_cnpj.transform_municipios scheduled__2024-12-10T00:00:00+00:00 [queued]>
[2025-01-24T19:04:07.888+0000] {taskinstance.py:2613} INFO - Dependencies all met for dep_context=requeueable deps ti=<TaskInstance: coleta_dados_abertos_cnpj.transform_municipios scheduled__2024-12-10T00:00:00+00:00 [queued]>
[2025-01-24T19:04:07.888+0000] {taskinstance.py:2866} INFO - Starting attempt 1 of 2
[2025-01-24T19:04:07.899+0000] {taskinstance.py:2889} INFO - Executing <Task(PythonOperator): transform_municipios> on 2024-12-10 00:00:00+00:00
[2025-01-24T19:04:07.903+0000] {warnings.py:112} WARNING - /home/***/.local/lib/python3.12/site-packages/***/task/task_runner/standard_task_runner.py:70: DeprecationWarning: This process (pid=1585) is multi-threaded, use of fork() may lead to deadlocks in the child.
  pid = os.fork()

[2025-01-24T19:04:07.904+0000] {standard_task_runner.py:72} INFO - Started process 1592 to run task
[2025-01-24T19:04:07.904+0000] {standard_task_runner.py:104} INFO - Running: ['***', 'tasks', 'run', 'coleta_dados_abertos_cnpj', 'transform_municipios', 'scheduled__2024-12-10T00:00:00+00:00', '--job-id', '660', '--raw', '--subdir', 'DAGS_FOLDER/coleta_dados_abertos_cnpj/dag.py', '--cfg-path', '/tmp/tmpst2jn77w']
[2025-01-24T19:04:07.905+0000] {standard_task_runner.py:105} INFO - Job 660: Subtask transform_municipios
[2025-01-24T19:04:07.937+0000] {task_command.py:467} INFO - Running <TaskInstance: coleta_dados_abertos_cnpj.transform_municipios scheduled__2024-12-10T00:00:00+00:00 [running]> on host ee70781c29c7
[2025-01-24T19:04:07.986+0000] {taskinstance.py:3132} INFO - Exporting env vars: AIRFLOW_CTX_DAG_OWNER='Corvaum' AIRFLOW_CTX_DAG_ID='coleta_dados_abertos_cnpj' AIRFLOW_CTX_TASK_ID='transform_municipios' AIRFLOW_CTX_EXECUTION_DATE='2024-12-10T00:00:00+00:00' AIRFLOW_CTX_TRY_NUMBER='1' AIRFLOW_CTX_DAG_RUN_ID='scheduled__2024-12-10T00:00:00+00:00'
[2025-01-24T19:04:07.987+0000] {taskinstance.py:731} INFO - ::endgroup::
[2025-01-24T19:04:07.994+0000] {logging_mixin.py:190} INFO - cnaes
[2025-01-24T19:04:07.994+0000] {python.py:240} INFO - Done. Returned value was: None
[2025-01-24T19:04:07.999+0000] {taskinstance.py:340} INFO - ::group::Post task execution logs
[2025-01-24T19:04:07.999+0000] {taskinstance.py:352} INFO - Marking task as SUCCESS. dag_id=coleta_dados_abertos_cnpj, task_id=transform_municipios, run_id=scheduled__2024-12-10T00:00:00+00:00, execution_date=20241210T000000, start_date=20250124T190407, end_date=20250124T190407
[2025-01-24T19:04:08.038+0000] {local_task_job_runner.py:266} INFO - Task exited with return code 0
[2025-01-24T19:04:08.049+0000] {taskinstance.py:3895} INFO - 0 downstream tasks scheduled from follow-on schedule check
[2025-01-24T19:04:08.053+0000] {local_task_job_runner.py:245} INFO - ::endgroup::
