[2025-01-19T18:27:11.082+0000] {local_task_job_runner.py:123} INFO - ::group::Pre task execution logs
[2025-01-19T18:27:11.092+0000] {taskinstance.py:2613} INFO - Dependencies all met for dep_context=non-requeueable deps ti=<TaskInstance: coleta_dados_abertos_cnpj.extract manual__2025-01-19T17:44:50.357961+00:00 [queued]>
[2025-01-19T18:27:11.099+0000] {taskinstance.py:2613} INFO - Dependencies all met for dep_context=requeueable deps ti=<TaskInstance: coleta_dados_abertos_cnpj.extract manual__2025-01-19T17:44:50.357961+00:00 [queued]>
[2025-01-19T18:27:11.099+0000] {taskinstance.py:2866} INFO - Starting attempt 13 of 14
[2025-01-19T18:27:11.122+0000] {taskinstance.py:2889} INFO - Executing <Task(PythonOperator): extract> on 2025-01-19 17:44:50.357961+00:00
[2025-01-19T18:27:11.127+0000] {warnings.py:112} WARNING - /home/***/.local/lib/python3.12/site-packages/***/task/task_runner/standard_task_runner.py:70: DeprecationWarning: This process (pid=2958) is multi-threaded, use of fork() may lead to deadlocks in the child.
  pid = os.fork()

[2025-01-19T18:27:11.128+0000] {standard_task_runner.py:104} INFO - Running: ['***', 'tasks', 'run', 'coleta_dados_abertos_cnpj', 'extract', 'manual__2025-01-19T17:44:50.357961+00:00', '--job-id', '185', '--raw', '--subdir', 'DAGS_FOLDER/coleta_dados_abertos_cnpj/dag.py', '--cfg-path', '/tmp/tmp7xassk0u']
[2025-01-19T18:27:11.140+0000] {standard_task_runner.py:72} INFO - Started process 2959 to run task
[2025-01-19T18:27:11.141+0000] {standard_task_runner.py:105} INFO - Job 185: Subtask extract
[2025-01-19T18:27:11.189+0000] {task_command.py:467} INFO - Running <TaskInstance: coleta_dados_abertos_cnpj.extract manual__2025-01-19T17:44:50.357961+00:00 [running]> on host e9a1739d3128
[2025-01-19T18:27:11.238+0000] {taskinstance.py:3132} INFO - Exporting env vars: AIRFLOW_CTX_DAG_OWNER='Corvaum' AIRFLOW_CTX_DAG_ID='coleta_dados_abertos_cnpj' AIRFLOW_CTX_TASK_ID='extract' AIRFLOW_CTX_EXECUTION_DATE='2025-01-19T17:44:50.357961+00:00' AIRFLOW_CTX_TRY_NUMBER='13' AIRFLOW_CTX_DAG_RUN_ID='manual__2025-01-19T17:44:50.357961+00:00'
[2025-01-19T18:27:11.283+0000] {taskinstance.py:731} INFO - ::endgroup::
[2025-01-19T18:27:11.298+0000] {logging_mixin.py:190} INFO - 2025-01
[2025-01-19T18:27:11.564+0000] {logging_mixin.py:190} INFO - -----------------
[2025-01-19T18:27:11.564+0000] {logging_mixin.py:190} INFO - ['Cnaes.zip']
[2025-01-19T18:27:11.565+0000] {logging_mixin.py:190} INFO - ['Cnaes']
[2025-01-19T18:27:11.696+0000] {logging_mixin.py:190} INFO - Arquivo salvo em: G:/Airlfow/volumes/dados_abertos_cnpj/2025-01/Cnaes/Cnaes.zip
[2025-01-19T18:27:11.697+0000] {logging_mixin.py:190} INFO - None
[2025-01-19T18:27:11.697+0000] {logging_mixin.py:190} INFO - ['Cnaes.zip']
[2025-01-19T18:27:11.697+0000] {python.py:240} INFO - Done. Returned value was: None
[2025-01-19T18:27:11.703+0000] {taskinstance.py:340} INFO - ::group::Post task execution logs
[2025-01-19T18:27:11.703+0000] {taskinstance.py:352} INFO - Marking task as SUCCESS. dag_id=coleta_dados_abertos_cnpj, task_id=extract, run_id=manual__2025-01-19T17:44:50.357961+00:00, execution_date=20250119T174450, start_date=20250119T182711, end_date=20250119T182711
[2025-01-19T18:27:11.715+0000] {local_task_job_runner.py:266} INFO - Task exited with return code 0
[2025-01-19T18:27:11.727+0000] {taskinstance.py:3895} INFO - 1 downstream tasks scheduled from follow-on schedule check
[2025-01-19T18:27:11.745+0000] {local_task_job_runner.py:245} INFO - ::endgroup::
