[2025-01-19T19:43:36.151+0000] {local_task_job_runner.py:123} INFO - ::group::Pre task execution logs
[2025-01-19T19:43:36.161+0000] {taskinstance.py:2613} INFO - Dependencies all met for dep_context=non-requeueable deps ti=<TaskInstance: coleta_dados_abertos_cnpj.extract manual__2025-01-19T17:44:50.357961+00:00 [queued]>
[2025-01-19T19:43:36.166+0000] {taskinstance.py:2613} INFO - Dependencies all met for dep_context=requeueable deps ti=<TaskInstance: coleta_dados_abertos_cnpj.extract manual__2025-01-19T17:44:50.357961+00:00 [queued]>
[2025-01-19T19:43:36.166+0000] {taskinstance.py:2866} INFO - Starting attempt 17 of 17
[2025-01-19T19:43:36.192+0000] {taskinstance.py:2889} INFO - Executing <Task(PythonOperator): extract> on 2025-01-19 17:44:50.357961+00:00
[2025-01-19T19:43:36.196+0000] {warnings.py:112} WARNING - /home/***/.local/lib/python3.12/site-packages/***/task/task_runner/standard_task_runner.py:70: DeprecationWarning: This process (pid=154) is multi-threaded, use of fork() may lead to deadlocks in the child.
  pid = os.fork()

[2025-01-19T19:43:36.197+0000] {standard_task_runner.py:72} INFO - Started process 155 to run task
[2025-01-19T19:43:36.197+0000] {standard_task_runner.py:104} INFO - Running: ['***', 'tasks', 'run', 'coleta_dados_abertos_cnpj', 'extract', 'manual__2025-01-19T17:44:50.357961+00:00', '--job-id', '210', '--raw', '--subdir', 'DAGS_FOLDER/coleta_dados_abertos_cnpj/dag.py', '--cfg-path', '/tmp/tmprea3goe6']
[2025-01-19T19:43:36.198+0000] {standard_task_runner.py:105} INFO - Job 210: Subtask extract
[2025-01-19T19:43:36.223+0000] {task_command.py:467} INFO - Running <TaskInstance: coleta_dados_abertos_cnpj.extract manual__2025-01-19T17:44:50.357961+00:00 [running]> on host f9324e49080a
[2025-01-19T19:43:36.268+0000] {taskinstance.py:3132} INFO - Exporting env vars: AIRFLOW_CTX_DAG_OWNER='Corvaum' AIRFLOW_CTX_DAG_ID='coleta_dados_abertos_cnpj' AIRFLOW_CTX_TASK_ID='extract' AIRFLOW_CTX_EXECUTION_DATE='2025-01-19T17:44:50.357961+00:00' AIRFLOW_CTX_TRY_NUMBER='17' AIRFLOW_CTX_DAG_RUN_ID='manual__2025-01-19T17:44:50.357961+00:00'
[2025-01-19T19:43:36.268+0000] {taskinstance.py:731} INFO - ::endgroup::
[2025-01-19T19:43:36.280+0000] {logging_mixin.py:190} INFO - 2025-01
[2025-01-19T19:43:36.545+0000] {logging_mixin.py:190} INFO - -----------------
[2025-01-19T19:43:36.546+0000] {logging_mixin.py:190} INFO - ['Cnaes.zip']
[2025-01-19T19:43:36.546+0000] {logging_mixin.py:190} INFO - ['Cnaes']
[2025-01-19T19:43:36.714+0000] {logging_mixin.py:190} INFO - Arquivo salvo em: G:/Airlfow/volumes/dados_abertos_cnpj/2025-01/Cnaes/Cnaes.zip
[2025-01-19T19:43:36.715+0000] {logging_mixin.py:190} INFO - None
[2025-01-19T19:43:36.715+0000] {logging_mixin.py:190} INFO - ['Cnaes.zip']
[2025-01-19T19:43:36.715+0000] {python.py:240} INFO - Done. Returned value was: None
[2025-01-19T19:43:36.721+0000] {taskinstance.py:340} INFO - ::group::Post task execution logs
[2025-01-19T19:43:36.721+0000] {taskinstance.py:352} INFO - Marking task as SUCCESS. dag_id=coleta_dados_abertos_cnpj, task_id=extract, run_id=manual__2025-01-19T17:44:50.357961+00:00, execution_date=20250119T174450, start_date=20250119T194336, end_date=20250119T194336
[2025-01-19T19:43:36.731+0000] {local_task_job_runner.py:266} INFO - Task exited with return code 0
[2025-01-19T19:43:36.742+0000] {taskinstance.py:3895} INFO - 1 downstream tasks scheduled from follow-on schedule check
[2025-01-19T19:43:36.744+0000] {local_task_job_runner.py:245} INFO - ::endgroup::
