[2025-01-19T19:38:43.487+0000] {local_task_job_runner.py:123} INFO - ::group::Pre task execution logs
[2025-01-19T19:38:43.496+0000] {taskinstance.py:2613} INFO - Dependencies all met for dep_context=non-requeueable deps ti=<TaskInstance: coleta_dados_abertos_cnpj.extract manual__2025-01-19T17:44:50.357961+00:00 [queued]>
[2025-01-19T19:38:43.501+0000] {taskinstance.py:2613} INFO - Dependencies all met for dep_context=requeueable deps ti=<TaskInstance: coleta_dados_abertos_cnpj.extract manual__2025-01-19T17:44:50.357961+00:00 [queued]>
[2025-01-19T19:38:43.502+0000] {taskinstance.py:2866} INFO - Starting attempt 15 of 15
[2025-01-19T19:38:43.548+0000] {taskinstance.py:2889} INFO - Executing <Task(PythonOperator): extract> on 2025-01-19 17:44:50.357961+00:00
[2025-01-19T19:38:43.552+0000] {warnings.py:112} WARNING - /home/***/.local/lib/python3.12/site-packages/***/task/task_runner/standard_task_runner.py:70: DeprecationWarning: This process (pid=82) is multi-threaded, use of fork() may lead to deadlocks in the child.
  pid = os.fork()

[2025-01-19T19:38:43.553+0000] {standard_task_runner.py:72} INFO - Started process 83 to run task
[2025-01-19T19:38:43.553+0000] {standard_task_runner.py:104} INFO - Running: ['***', 'tasks', 'run', 'coleta_dados_abertos_cnpj', 'extract', 'manual__2025-01-19T17:44:50.357961+00:00', '--job-id', '207', '--raw', '--subdir', 'DAGS_FOLDER/coleta_dados_abertos_cnpj/dag.py', '--cfg-path', '/tmp/tmp39n0m1mq']
[2025-01-19T19:38:43.555+0000] {standard_task_runner.py:105} INFO - Job 207: Subtask extract
[2025-01-19T19:38:43.580+0000] {task_command.py:467} INFO - Running <TaskInstance: coleta_dados_abertos_cnpj.extract manual__2025-01-19T17:44:50.357961+00:00 [running]> on host f9324e49080a
[2025-01-19T19:38:43.628+0000] {taskinstance.py:3132} INFO - Exporting env vars: AIRFLOW_CTX_DAG_OWNER='Corvaum' AIRFLOW_CTX_DAG_ID='coleta_dados_abertos_cnpj' AIRFLOW_CTX_TASK_ID='extract' AIRFLOW_CTX_EXECUTION_DATE='2025-01-19T17:44:50.357961+00:00' AIRFLOW_CTX_TRY_NUMBER='15' AIRFLOW_CTX_DAG_RUN_ID='manual__2025-01-19T17:44:50.357961+00:00'
[2025-01-19T19:38:43.629+0000] {taskinstance.py:731} INFO - ::endgroup::
[2025-01-19T19:38:43.642+0000] {logging_mixin.py:190} INFO - 2025-01
[2025-01-19T19:38:43.907+0000] {logging_mixin.py:190} INFO - -----------------
[2025-01-19T19:38:43.908+0000] {logging_mixin.py:190} INFO - ['Cnaes.zip']
[2025-01-19T19:38:43.910+0000] {logging_mixin.py:190} INFO - ['Cnaes']
[2025-01-19T19:38:44.085+0000] {logging_mixin.py:190} INFO - Arquivo salvo em: G:/Airlfow/volumes/dados_abertos_cnpj/2025-01/Cnaes/Cnaes.zip
[2025-01-19T19:38:44.318+0000] {logging_mixin.py:190} INFO - None
[2025-01-19T19:38:44.318+0000] {logging_mixin.py:190} INFO - ['Cnaes.zip']
[2025-01-19T19:38:44.329+0000] {python.py:240} INFO - Done. Returned value was: None
[2025-01-19T19:38:44.379+0000] {taskinstance.py:340} INFO - ::group::Post task execution logs
[2025-01-19T19:38:44.399+0000] {taskinstance.py:352} INFO - Marking task as SUCCESS. dag_id=coleta_dados_abertos_cnpj, task_id=extract, run_id=manual__2025-01-19T17:44:50.357961+00:00, execution_date=20250119T174450, start_date=20250119T193843, end_date=20250119T193844
[2025-01-19T19:38:44.450+0000] {local_task_job_runner.py:266} INFO - Task exited with return code 0
[2025-01-19T19:38:44.462+0000] {taskinstance.py:3895} INFO - 1 downstream tasks scheduled from follow-on schedule check
[2025-01-19T19:38:44.463+0000] {local_task_job_runner.py:245} INFO - ::endgroup::
