[2025-01-24T19:01:14.891+0000] {local_task_job_runner.py:123} INFO - ::group::Pre task execution logs
[2025-01-24T19:01:14.902+0000] {taskinstance.py:2613} INFO - Dependencies all met for dep_context=non-requeueable deps ti=<TaskInstance: coleta_dados_abertos_cnpj.transform_empresas scheduled__2023-02-10T00:00:00+00:00 [queued]>
[2025-01-24T19:01:14.907+0000] {taskinstance.py:2613} INFO - Dependencies all met for dep_context=requeueable deps ti=<TaskInstance: coleta_dados_abertos_cnpj.transform_empresas scheduled__2023-02-10T00:00:00+00:00 [queued]>
[2025-01-24T19:01:14.907+0000] {taskinstance.py:2866} INFO - Starting attempt 1 of 2
[2025-01-24T19:01:14.925+0000] {taskinstance.py:2889} INFO - Executing <Task(PythonOperator): transform_empresas> on 2023-02-10 00:00:00+00:00
[2025-01-24T19:01:14.931+0000] {warnings.py:112} WARNING - /home/***/.local/lib/python3.12/site-packages/***/task/task_runner/standard_task_runner.py:70: DeprecationWarning: This process (pid=1098) is multi-threaded, use of fork() may lead to deadlocks in the child.
  pid = os.fork()

[2025-01-24T19:01:14.932+0000] {standard_task_runner.py:72} INFO - Started process 1120 to run task
[2025-01-24T19:01:14.932+0000] {standard_task_runner.py:104} INFO - Running: ['***', 'tasks', 'run', 'coleta_dados_abertos_cnpj', 'transform_empresas', 'scheduled__2023-02-10T00:00:00+00:00', '--job-id', '522', '--raw', '--subdir', 'DAGS_FOLDER/coleta_dados_abertos_cnpj/dag.py', '--cfg-path', '/tmp/tmpsz19k4ih']
[2025-01-24T19:01:14.933+0000] {standard_task_runner.py:105} INFO - Job 522: Subtask transform_empresas
[2025-01-24T19:01:14.973+0000] {task_command.py:467} INFO - Running <TaskInstance: coleta_dados_abertos_cnpj.transform_empresas scheduled__2023-02-10T00:00:00+00:00 [running]> on host ee70781c29c7
[2025-01-24T19:01:15.036+0000] {taskinstance.py:3132} INFO - Exporting env vars: AIRFLOW_CTX_DAG_OWNER='Corvaum' AIRFLOW_CTX_DAG_ID='coleta_dados_abertos_cnpj' AIRFLOW_CTX_TASK_ID='transform_empresas' AIRFLOW_CTX_EXECUTION_DATE='2023-02-10T00:00:00+00:00' AIRFLOW_CTX_TRY_NUMBER='1' AIRFLOW_CTX_DAG_RUN_ID='scheduled__2023-02-10T00:00:00+00:00'
[2025-01-24T19:01:15.037+0000] {taskinstance.py:731} INFO - ::endgroup::
[2025-01-24T19:01:15.048+0000] {logging_mixin.py:190} INFO - cnaes
[2025-01-24T19:01:15.048+0000] {python.py:240} INFO - Done. Returned value was: None
[2025-01-24T19:01:15.054+0000] {taskinstance.py:340} INFO - ::group::Post task execution logs
[2025-01-24T19:01:15.055+0000] {taskinstance.py:352} INFO - Marking task as SUCCESS. dag_id=coleta_dados_abertos_cnpj, task_id=transform_empresas, run_id=scheduled__2023-02-10T00:00:00+00:00, execution_date=20230210T000000, start_date=20250124T190114, end_date=20250124T190115
[2025-01-24T19:01:15.106+0000] {local_task_job_runner.py:266} INFO - Task exited with return code 0
[2025-01-24T19:01:15.118+0000] {taskinstance.py:3895} INFO - 0 downstream tasks scheduled from follow-on schedule check
[2025-01-24T19:01:15.121+0000] {local_task_job_runner.py:245} INFO - ::endgroup::
