[2025-01-24T19:03:16.782+0000] {local_task_job_runner.py:123} INFO - ::group::Pre task execution logs
[2025-01-24T19:03:16.792+0000] {taskinstance.py:2613} INFO - Dependencies all met for dep_context=non-requeueable deps ti=<TaskInstance: coleta_dados_abertos_cnpj.transform_qualificacoes scheduled__2024-11-10T00:00:00+00:00 [queued]>
[2025-01-24T19:03:16.798+0000] {taskinstance.py:2613} INFO - Dependencies all met for dep_context=requeueable deps ti=<TaskInstance: coleta_dados_abertos_cnpj.transform_qualificacoes scheduled__2024-11-10T00:00:00+00:00 [queued]>
[2025-01-24T19:03:16.799+0000] {taskinstance.py:2866} INFO - Starting attempt 1 of 2
[2025-01-24T19:03:16.808+0000] {taskinstance.py:2889} INFO - Executing <Task(PythonOperator): transform_qualificacoes> on 2024-11-10 00:00:00+00:00
[2025-01-24T19:03:16.812+0000] {warnings.py:112} WARNING - /home/***/.local/lib/python3.12/site-packages/***/task/task_runner/standard_task_runner.py:70: DeprecationWarning: This process (pid=1513) is multi-threaded, use of fork() may lead to deadlocks in the child.
  pid = os.fork()

[2025-01-24T19:03:16.813+0000] {standard_task_runner.py:72} INFO - Started process 1526 to run task
[2025-01-24T19:03:16.814+0000] {standard_task_runner.py:104} INFO - Running: ['***', 'tasks', 'run', 'coleta_dados_abertos_cnpj', 'transform_qualificacoes', 'scheduled__2024-11-10T00:00:00+00:00', '--job-id', '642', '--raw', '--subdir', 'DAGS_FOLDER/coleta_dados_abertos_cnpj/dag.py', '--cfg-path', '/tmp/tmpvz5011j7']
[2025-01-24T19:03:16.815+0000] {standard_task_runner.py:105} INFO - Job 642: Subtask transform_qualificacoes
[2025-01-24T19:03:16.845+0000] {task_command.py:467} INFO - Running <TaskInstance: coleta_dados_abertos_cnpj.transform_qualificacoes scheduled__2024-11-10T00:00:00+00:00 [running]> on host ee70781c29c7
[2025-01-24T19:03:16.894+0000] {taskinstance.py:3132} INFO - Exporting env vars: AIRFLOW_CTX_DAG_OWNER='Corvaum' AIRFLOW_CTX_DAG_ID='coleta_dados_abertos_cnpj' AIRFLOW_CTX_TASK_ID='transform_qualificacoes' AIRFLOW_CTX_EXECUTION_DATE='2024-11-10T00:00:00+00:00' AIRFLOW_CTX_TRY_NUMBER='1' AIRFLOW_CTX_DAG_RUN_ID='scheduled__2024-11-10T00:00:00+00:00'
[2025-01-24T19:03:16.894+0000] {taskinstance.py:731} INFO - ::endgroup::
[2025-01-24T19:03:16.902+0000] {logging_mixin.py:190} INFO - cnaes
[2025-01-24T19:03:16.902+0000] {python.py:240} INFO - Done. Returned value was: None
[2025-01-24T19:03:16.906+0000] {taskinstance.py:340} INFO - ::group::Post task execution logs
[2025-01-24T19:03:16.907+0000] {taskinstance.py:352} INFO - Marking task as SUCCESS. dag_id=coleta_dados_abertos_cnpj, task_id=transform_qualificacoes, run_id=scheduled__2024-11-10T00:00:00+00:00, execution_date=20241110T000000, start_date=20250124T190316, end_date=20250124T190316
[2025-01-24T19:03:16.946+0000] {local_task_job_runner.py:266} INFO - Task exited with return code 0
[2025-01-24T19:03:16.956+0000] {taskinstance.py:3895} INFO - 0 downstream tasks scheduled from follow-on schedule check
[2025-01-24T19:03:16.958+0000] {local_task_job_runner.py:245} INFO - ::endgroup::
