[2025-01-24T21:04:49.802+0000] {local_task_job_runner.py:123} INFO - ::group::Pre task execution logs
[2025-01-24T21:04:49.812+0000] {taskinstance.py:2613} INFO - Dependencies all met for dep_context=non-requeueable deps ti=<TaskInstance: coleta_dados_abertos_cnpj.extract_socios manual__2025-01-24T20:59:53.324100+00:00 [queued]>
[2025-01-24T21:04:49.818+0000] {taskinstance.py:2613} INFO - Dependencies all met for dep_context=requeueable deps ti=<TaskInstance: coleta_dados_abertos_cnpj.extract_socios manual__2025-01-24T20:59:53.324100+00:00 [queued]>
[2025-01-24T21:04:49.818+0000] {taskinstance.py:2866} INFO - Starting attempt 3 of 4
[2025-01-24T21:04:49.889+0000] {taskinstance.py:2889} INFO - Executing <Task(PythonOperator): extract_socios> on 2025-01-24 20:59:53.324100+00:00
[2025-01-24T21:04:49.894+0000] {warnings.py:112} WARNING - /home/***/.local/lib/python3.12/site-packages/***/task/task_runner/standard_task_runner.py:70: DeprecationWarning: This process (pid=809) is multi-threaded, use of fork() may lead to deadlocks in the child.
  pid = os.fork()

[2025-01-24T21:04:49.895+0000] {standard_task_runner.py:72} INFO - Started process 833 to run task
[2025-01-24T21:04:49.896+0000] {standard_task_runner.py:104} INFO - Running: ['***', 'tasks', 'run', 'coleta_dados_abertos_cnpj', 'extract_socios', 'manual__2025-01-24T20:59:53.324100+00:00', '--job-id', '795', '--raw', '--subdir', 'DAGS_FOLDER/coleta_dados_abertos_cnpj/dag.py', '--cfg-path', '/tmp/tmpgz6w1_1z']
[2025-01-24T21:04:49.897+0000] {standard_task_runner.py:105} INFO - Job 795: Subtask extract_socios
[2025-01-24T21:04:49.926+0000] {task_command.py:467} INFO - Running <TaskInstance: coleta_dados_abertos_cnpj.extract_socios manual__2025-01-24T20:59:53.324100+00:00 [running]> on host ee70781c29c7
[2025-01-24T21:04:49.982+0000] {taskinstance.py:3132} INFO - Exporting env vars: AIRFLOW_CTX_DAG_OWNER='Corvaum' AIRFLOW_CTX_DAG_ID='coleta_dados_abertos_cnpj' AIRFLOW_CTX_TASK_ID='extract_socios' AIRFLOW_CTX_EXECUTION_DATE='2025-01-24T20:59:53.324100+00:00' AIRFLOW_CTX_TRY_NUMBER='3' AIRFLOW_CTX_DAG_RUN_ID='manual__2025-01-24T20:59:53.324100+00:00'
[2025-01-24T21:04:49.982+0000] {taskinstance.py:731} INFO - ::endgroup::
[2025-01-24T21:04:49.993+0000] {logging_mixin.py:190} INFO - Data formatada: 2025-01
[2025-01-24T21:04:51.228+0000] {logging_mixin.py:190} INFO - Arquivos encontrados: ['Socios0.zip', 'Socios1.zip', 'Socios2.zip', 'Socios3.zip', 'Socios4.zip', 'Socios5.zip', 'Socios6.zip', 'Socios7.zip', 'Socios8.zip', 'Socios9.zip']
[2025-01-24T21:04:51.229+0000] {logging_mixin.py:190} INFO - Baixando o arquivo: https://arquivos.receitafederal.gov.br/dados/cnpj/dados_abertos_cnpj/2025-01/Socios0.zip
[2025-01-24T21:07:43.571+0000] {logging_mixin.py:190} INFO - Erro ao fazer o download do arquivo: ('Connection broken: IncompleteRead(80354978 bytes read, 89972801 more expected)', IncompleteRead(80354978 bytes read, 89972801 more expected))
[2025-01-24T21:07:43.571+0000] {logging_mixin.py:190} INFO - Falha no download do arquivo: Socios0.zip
[2025-01-24T21:07:43.571+0000] {logging_mixin.py:190} INFO - Baixando o arquivo: https://arquivos.receitafederal.gov.br/dados/cnpj/dados_abertos_cnpj/2025-01/Socios1.zip
[2025-01-24T21:08:04.634+0000] {logging_mixin.py:190} INFO - Erro ao fazer o download do arquivo: HTTPSConnectionPool(host='arquivos.receitafederal.gov.br', port=443): Max retries exceeded with url: /dados/cnpj/dados_abertos_cnpj/2025-01/Socios1.zip (Caused by NewConnectionError('<urllib3.connection.HTTPSConnection object at 0x7fe21cf7efc0>: Failed to establish a new connection: [Errno 111] Connection refused'))
[2025-01-24T21:08:04.636+0000] {logging_mixin.py:190} INFO - Falha no download do arquivo: Socios1.zip
[2025-01-24T21:08:04.639+0000] {logging_mixin.py:190} INFO - Baixando o arquivo: https://arquivos.receitafederal.gov.br/dados/cnpj/dados_abertos_cnpj/2025-01/Socios2.zip
[2025-01-24T21:08:25.762+0000] {logging_mixin.py:190} INFO - Erro ao fazer o download do arquivo: HTTPSConnectionPool(host='arquivos.receitafederal.gov.br', port=443): Max retries exceeded with url: /dados/cnpj/dados_abertos_cnpj/2025-01/Socios2.zip (Caused by NewConnectionError('<urllib3.connection.HTTPSConnection object at 0x7fe21cf7e3f0>: Failed to establish a new connection: [Errno 111] Connection refused'))
[2025-01-24T21:08:25.762+0000] {logging_mixin.py:190} INFO - Falha no download do arquivo: Socios2.zip
[2025-01-24T21:08:25.762+0000] {logging_mixin.py:190} INFO - Baixando o arquivo: https://arquivos.receitafederal.gov.br/dados/cnpj/dados_abertos_cnpj/2025-01/Socios3.zip
[2025-01-24T21:08:46.905+0000] {logging_mixin.py:190} INFO - Erro ao fazer o download do arquivo: HTTPSConnectionPool(host='arquivos.receitafederal.gov.br', port=443): Max retries exceeded with url: /dados/cnpj/dados_abertos_cnpj/2025-01/Socios3.zip (Caused by NewConnectionError('<urllib3.connection.HTTPSConnection object at 0x7fe21cf7d340>: Failed to establish a new connection: [Errno 111] Connection refused'))
[2025-01-24T21:08:46.905+0000] {logging_mixin.py:190} INFO - Falha no download do arquivo: Socios3.zip
[2025-01-24T21:08:46.905+0000] {logging_mixin.py:190} INFO - Baixando o arquivo: https://arquivos.receitafederal.gov.br/dados/cnpj/dados_abertos_cnpj/2025-01/Socios4.zip
[2025-01-24T21:09:08.035+0000] {logging_mixin.py:190} INFO - Erro ao fazer o download do arquivo: HTTPSConnectionPool(host='arquivos.receitafederal.gov.br', port=443): Max retries exceeded with url: /dados/cnpj/dados_abertos_cnpj/2025-01/Socios4.zip (Caused by NewConnectionError('<urllib3.connection.HTTPSConnection object at 0x7fe21cf7c650>: Failed to establish a new connection: [Errno 111] Connection refused'))
[2025-01-24T21:09:08.035+0000] {logging_mixin.py:190} INFO - Falha no download do arquivo: Socios4.zip
[2025-01-24T21:09:08.036+0000] {logging_mixin.py:190} INFO - Baixando o arquivo: https://arquivos.receitafederal.gov.br/dados/cnpj/dados_abertos_cnpj/2025-01/Socios5.zip
[2025-01-24T21:09:29.123+0000] {logging_mixin.py:190} INFO - Erro ao fazer o download do arquivo: HTTPSConnectionPool(host='arquivos.receitafederal.gov.br', port=443): Max retries exceeded with url: /dados/cnpj/dados_abertos_cnpj/2025-01/Socios5.zip (Caused by NewConnectionError('<urllib3.connection.HTTPSConnection object at 0x7fe21cf63b60>: Failed to establish a new connection: [Errno 111] Connection refused'))
[2025-01-24T21:09:29.124+0000] {logging_mixin.py:190} INFO - Falha no download do arquivo: Socios5.zip
[2025-01-24T21:09:29.124+0000] {logging_mixin.py:190} INFO - Baixando o arquivo: https://arquivos.receitafederal.gov.br/dados/cnpj/dados_abertos_cnpj/2025-01/Socios6.zip
[2025-01-24T21:09:50.249+0000] {logging_mixin.py:190} INFO - Erro ao fazer o download do arquivo: HTTPSConnectionPool(host='arquivos.receitafederal.gov.br', port=443): Max retries exceeded with url: /dados/cnpj/dados_abertos_cnpj/2025-01/Socios6.zip (Caused by NewConnectionError('<urllib3.connection.HTTPSConnection object at 0x7fe21f2b5af0>: Failed to establish a new connection: [Errno 111] Connection refused'))
[2025-01-24T21:09:50.250+0000] {logging_mixin.py:190} INFO - Falha no download do arquivo: Socios6.zip
[2025-01-24T21:09:50.250+0000] {logging_mixin.py:190} INFO - Baixando o arquivo: https://arquivos.receitafederal.gov.br/dados/cnpj/dados_abertos_cnpj/2025-01/Socios7.zip
[2025-01-24T21:10:11.392+0000] {logging_mixin.py:190} INFO - Erro ao fazer o download do arquivo: HTTPSConnectionPool(host='arquivos.receitafederal.gov.br', port=443): Max retries exceeded with url: /dados/cnpj/dados_abertos_cnpj/2025-01/Socios7.zip (Caused by NewConnectionError('<urllib3.connection.HTTPSConnection object at 0x7fe21cf7cc50>: Failed to establish a new connection: [Errno 111] Connection refused'))
[2025-01-24T21:10:11.393+0000] {logging_mixin.py:190} INFO - Falha no download do arquivo: Socios7.zip
[2025-01-24T21:10:11.393+0000] {logging_mixin.py:190} INFO - Baixando o arquivo: https://arquivos.receitafederal.gov.br/dados/cnpj/dados_abertos_cnpj/2025-01/Socios8.zip
[2025-01-24T21:10:31.778+0000] {logging_mixin.py:190} INFO - Download concluído: https://arquivos.receitafederal.gov.br/dados/cnpj/dados_abertos_cnpj/2025-01/Socios8.zip
[2025-01-24T21:10:32.275+0000] {logging_mixin.py:190} INFO - Arquivos descompactados: ['/tmp/ba0d0aced04649b5a7e7d6e8ef99b0ab_extracted/K3241.K03200Y8.D50111.SOCIOCSV']
[2025-01-24T21:10:37.046+0000] {logging_mixin.py:190} INFO - Arquivo full_cpf/Socios/2025-01/Socios_e940fef0e87c419eb1d87036c2f31f6b.csv carregado com sucesso no MinIO!
[2025-01-24T21:10:37.058+0000] {logging_mixin.py:190} INFO - Baixando o arquivo: https://arquivos.receitafederal.gov.br/dados/cnpj/dados_abertos_cnpj/2025-01/Socios9.zip
[2025-01-24T21:10:50.660+0000] {logging_mixin.py:190} INFO - Download concluído: https://arquivos.receitafederal.gov.br/dados/cnpj/dados_abertos_cnpj/2025-01/Socios9.zip
[2025-01-24T21:10:51.143+0000] {logging_mixin.py:190} INFO - Arquivos descompactados: ['/tmp/76e4371aa5354245a17865baa78203fb_extracted/K3241.K03200Y9.D50111.SOCIOCSV']
[2025-01-24T21:10:55.702+0000] {logging_mixin.py:190} INFO - Arquivo full_cpf/Socios/2025-01/Socios_e8cf3c279b524c368f18726d65f3da2f.csv carregado com sucesso no MinIO!
[2025-01-24T21:10:55.717+0000] {python.py:240} INFO - Done. Returned value was: None
[2025-01-24T21:10:55.726+0000] {taskinstance.py:340} INFO - ::group::Post task execution logs
[2025-01-24T21:10:55.727+0000] {taskinstance.py:352} INFO - Marking task as SUCCESS. dag_id=coleta_dados_abertos_cnpj, task_id=extract_socios, run_id=manual__2025-01-24T20:59:53.324100+00:00, execution_date=20250124T205953, start_date=20250124T210449, end_date=20250124T211055
[2025-01-24T21:10:55.747+0000] {local_task_job_runner.py:266} INFO - Task exited with return code 0
[2025-01-24T21:10:55.761+0000] {taskinstance.py:3895} INFO - 0 downstream tasks scheduled from follow-on schedule check
[2025-01-24T21:10:55.763+0000] {local_task_job_runner.py:245} INFO - ::endgroup::
