[2025-01-24T21:14:20.291+0000] {local_task_job_runner.py:123} INFO - ::group::Pre task execution logs
[2025-01-24T21:14:20.346+0000] {taskinstance.py:2613} INFO - Dependencies all met for dep_context=non-requeueable deps ti=<TaskInstance: coleta_dados_abertos_cnpj.extract_socios manual__2025-01-24T20:59:53.324100+00:00 [queued]>
[2025-01-24T21:14:20.353+0000] {taskinstance.py:2613} INFO - Dependencies all met for dep_context=requeueable deps ti=<TaskInstance: coleta_dados_abertos_cnpj.extract_socios manual__2025-01-24T20:59:53.324100+00:00 [queued]>
[2025-01-24T21:14:20.353+0000] {taskinstance.py:2866} INFO - Starting attempt 4 of 5
[2025-01-24T21:14:20.388+0000] {taskinstance.py:2889} INFO - Executing <Task(PythonOperator): extract_socios> on 2025-01-24 20:59:53.324100+00:00
[2025-01-24T21:14:20.392+0000] {warnings.py:112} WARNING - /home/***/.local/lib/python3.12/site-packages/***/task/task_runner/standard_task_runner.py:70: DeprecationWarning: This process (pid=992) is multi-threaded, use of fork() may lead to deadlocks in the child.
  pid = os.fork()

[2025-01-24T21:14:20.393+0000] {standard_task_runner.py:72} INFO - Started process 1002 to run task
[2025-01-24T21:14:20.394+0000] {standard_task_runner.py:104} INFO - Running: ['***', 'tasks', 'run', 'coleta_dados_abertos_cnpj', 'extract_socios', 'manual__2025-01-24T20:59:53.324100+00:00', '--job-id', '807', '--raw', '--subdir', 'DAGS_FOLDER/coleta_dados_abertos_cnpj/dag.py', '--cfg-path', '/tmp/tmp52nny31t']
[2025-01-24T21:14:20.395+0000] {standard_task_runner.py:105} INFO - Job 807: Subtask extract_socios
[2025-01-24T21:14:20.423+0000] {task_command.py:467} INFO - Running <TaskInstance: coleta_dados_abertos_cnpj.extract_socios manual__2025-01-24T20:59:53.324100+00:00 [running]> on host ee70781c29c7
[2025-01-24T21:14:20.473+0000] {taskinstance.py:3132} INFO - Exporting env vars: AIRFLOW_CTX_DAG_OWNER='Corvaum' AIRFLOW_CTX_DAG_ID='coleta_dados_abertos_cnpj' AIRFLOW_CTX_TASK_ID='extract_socios' AIRFLOW_CTX_EXECUTION_DATE='2025-01-24T20:59:53.324100+00:00' AIRFLOW_CTX_TRY_NUMBER='4' AIRFLOW_CTX_DAG_RUN_ID='manual__2025-01-24T20:59:53.324100+00:00'
[2025-01-24T21:14:20.474+0000] {taskinstance.py:731} INFO - ::endgroup::
[2025-01-24T21:14:20.485+0000] {logging_mixin.py:190} INFO - Data formatada: 2025-01
[2025-01-24T21:14:20.726+0000] {logging_mixin.py:190} INFO - Arquivos encontrados: ['Socios0.zip', 'Socios1.zip', 'Socios2.zip', 'Socios3.zip', 'Socios4.zip', 'Socios5.zip', 'Socios6.zip', 'Socios7.zip', 'Socios8.zip', 'Socios9.zip']
[2025-01-24T21:14:20.726+0000] {logging_mixin.py:190} INFO - Baixando o arquivo: https://arquivos.receitafederal.gov.br/dados/cnpj/dados_abertos_cnpj/2025-01/Socios0.zip
[2025-01-24T21:15:35.884+0000] {local_task_job_runner.py:346} WARNING - State of this instance has been externally set to failed. Terminating instance.
[2025-01-24T21:15:35.885+0000] {local_task_job_runner.py:245} INFO - ::endgroup::
[2025-01-24T21:15:35.885+0000] {process_utils.py:132} INFO - Sending 15 to group 1002. PIDs of all processes in the group: [1002]
[2025-01-24T21:15:35.886+0000] {process_utils.py:87} INFO - Sending the signal 15 to group 1002
[2025-01-24T21:15:35.886+0000] {taskinstance.py:3093} ERROR - Received SIGTERM. Terminating subprocesses.
[2025-01-24T21:15:35.897+0000] {taskinstance.py:340} INFO - ::group::Post task execution logs
[2025-01-24T21:15:35.978+0000] {process_utils.py:80} INFO - Process psutil.Process(pid=1002, status='terminated', exitcode=0, started='21:14:19') (1002) terminated with exit code 0
