[2025-01-24T21:14:20.342+0000] {local_task_job_runner.py:123} INFO - ::group::Pre task execution logs
[2025-01-24T21:14:20.352+0000] {taskinstance.py:2613} INFO - Dependencies all met for dep_context=non-requeueable deps ti=<TaskInstance: coleta_dados_abertos_cnpj.extract_municipios manual__2025-01-24T20:59:53.324100+00:00 [queued]>
[2025-01-24T21:14:20.360+0000] {taskinstance.py:2613} INFO - Dependencies all met for dep_context=requeueable deps ti=<TaskInstance: coleta_dados_abertos_cnpj.extract_municipios manual__2025-01-24T20:59:53.324100+00:00 [queued]>
[2025-01-24T21:14:20.360+0000] {taskinstance.py:2866} INFO - Starting attempt 5 of 6
[2025-01-24T21:14:20.429+0000] {taskinstance.py:2889} INFO - Executing <Task(PythonOperator): extract_municipios> on 2025-01-24 20:59:53.324100+00:00
[2025-01-24T21:14:20.435+0000] {warnings.py:112} WARNING - /home/***/.local/lib/python3.12/site-packages/***/task/task_runner/standard_task_runner.py:70: DeprecationWarning: This process (pid=990) is multi-threaded, use of fork() may lead to deadlocks in the child.
  pid = os.fork()

[2025-01-24T21:14:20.437+0000] {standard_task_runner.py:72} INFO - Started process 1014 to run task
[2025-01-24T21:14:20.436+0000] {standard_task_runner.py:104} INFO - Running: ['***', 'tasks', 'run', 'coleta_dados_abertos_cnpj', 'extract_municipios', 'manual__2025-01-24T20:59:53.324100+00:00', '--job-id', '810', '--raw', '--subdir', 'DAGS_FOLDER/coleta_dados_abertos_cnpj/dag.py', '--cfg-path', '/tmp/tmp6jz5rpav']
[2025-01-24T21:14:20.437+0000] {standard_task_runner.py:105} INFO - Job 810: Subtask extract_municipios
[2025-01-24T21:14:20.512+0000] {task_command.py:467} INFO - Running <TaskInstance: coleta_dados_abertos_cnpj.extract_municipios manual__2025-01-24T20:59:53.324100+00:00 [running]> on host ee70781c29c7
[2025-01-24T21:14:20.556+0000] {taskinstance.py:3132} INFO - Exporting env vars: AIRFLOW_CTX_DAG_OWNER='Corvaum' AIRFLOW_CTX_DAG_ID='coleta_dados_abertos_cnpj' AIRFLOW_CTX_TASK_ID='extract_municipios' AIRFLOW_CTX_EXECUTION_DATE='2025-01-24T20:59:53.324100+00:00' AIRFLOW_CTX_TRY_NUMBER='5' AIRFLOW_CTX_DAG_RUN_ID='manual__2025-01-24T20:59:53.324100+00:00'
[2025-01-24T21:14:20.557+0000] {taskinstance.py:731} INFO - ::endgroup::
[2025-01-24T21:14:20.568+0000] {logging_mixin.py:190} INFO - Data formatada: 2025-01
[2025-01-24T21:14:20.745+0000] {logging_mixin.py:190} INFO - Arquivos encontrados: ['Municipios.zip']
[2025-01-24T21:14:20.745+0000] {logging_mixin.py:190} INFO - Baixando o arquivo: https://arquivos.receitafederal.gov.br/dados/cnpj/dados_abertos_cnpj/2025-01/Municipios.zip
[2025-01-24T21:14:20.881+0000] {logging_mixin.py:190} INFO - Download concluído: https://arquivos.receitafederal.gov.br/dados/cnpj/dados_abertos_cnpj/2025-01/Municipios.zip
[2025-01-24T21:14:20.884+0000] {logging_mixin.py:190} INFO - Arquivos descompactados: ['/tmp/0a030c3581524f13adafc60616c2a937_extracted/F.K03200$Z.D50111.MUNICCSV']
[2025-01-24T21:14:21.085+0000] {logging_mixin.py:190} INFO - Arquivo full_cpf/Municipios/2025-01/Municipios_41a0d13095274ea08010380b097bd33e.csv carregado com sucesso no MinIO!
[2025-01-24T21:14:21.086+0000] {python.py:240} INFO - Done. Returned value was: None
[2025-01-24T21:14:21.092+0000] {taskinstance.py:340} INFO - ::group::Post task execution logs
[2025-01-24T21:14:21.093+0000] {taskinstance.py:352} INFO - Marking task as SUCCESS. dag_id=coleta_dados_abertos_cnpj, task_id=extract_municipios, run_id=manual__2025-01-24T20:59:53.324100+00:00, execution_date=20250124T205953, start_date=20250124T211420, end_date=20250124T211421
[2025-01-24T21:14:21.131+0000] {local_task_job_runner.py:266} INFO - Task exited with return code 0
[2025-01-24T21:14:21.151+0000] {taskinstance.py:3895} INFO - 0 downstream tasks scheduled from follow-on schedule check
[2025-01-24T21:14:21.153+0000] {local_task_job_runner.py:245} INFO - ::endgroup::
