[2025-01-24T19:03:16.808+0000] {local_task_job_runner.py:123} INFO - ::group::Pre task execution logs
[2025-01-24T19:03:16.817+0000] {taskinstance.py:2613} INFO - Dependencies all met for dep_context=non-requeueable deps ti=<TaskInstance: coleta_dados_abertos_cnpj.transform_qualificacoes scheduled__2024-12-10T00:00:00+00:00 [queued]>
[2025-01-24T19:03:16.823+0000] {taskinstance.py:2613} INFO - Dependencies all met for dep_context=requeueable deps ti=<TaskInstance: coleta_dados_abertos_cnpj.transform_qualificacoes scheduled__2024-12-10T00:00:00+00:00 [queued]>
[2025-01-24T19:03:16.823+0000] {taskinstance.py:2866} INFO - Starting attempt 1 of 2
[2025-01-24T19:03:16.835+0000] {taskinstance.py:2889} INFO - Executing <Task(PythonOperator): transform_qualificacoes> on 2024-12-10 00:00:00+00:00
[2025-01-24T19:03:16.839+0000] {warnings.py:112} WARNING - /home/***/.local/lib/python3.12/site-packages/***/task/task_runner/standard_task_runner.py:70: DeprecationWarning: This process (pid=1516) is multi-threaded, use of fork() may lead to deadlocks in the child.
  pid = os.fork()

[2025-01-24T19:03:16.840+0000] {standard_task_runner.py:72} INFO - Started process 1531 to run task
[2025-01-24T19:03:16.840+0000] {standard_task_runner.py:104} INFO - Running: ['***', 'tasks', 'run', 'coleta_dados_abertos_cnpj', 'transform_qualificacoes', 'scheduled__2024-12-10T00:00:00+00:00', '--job-id', '645', '--raw', '--subdir', 'DAGS_FOLDER/coleta_dados_abertos_cnpj/dag.py', '--cfg-path', '/tmp/tmpbpfqb5xu']
[2025-01-24T19:03:16.842+0000] {standard_task_runner.py:105} INFO - Job 645: Subtask transform_qualificacoes
[2025-01-24T19:03:16.871+0000] {task_command.py:467} INFO - Running <TaskInstance: coleta_dados_abertos_cnpj.transform_qualificacoes scheduled__2024-12-10T00:00:00+00:00 [running]> on host ee70781c29c7
[2025-01-24T19:03:16.926+0000] {taskinstance.py:3132} INFO - Exporting env vars: AIRFLOW_CTX_DAG_OWNER='Corvaum' AIRFLOW_CTX_DAG_ID='coleta_dados_abertos_cnpj' AIRFLOW_CTX_TASK_ID='transform_qualificacoes' AIRFLOW_CTX_EXECUTION_DATE='2024-12-10T00:00:00+00:00' AIRFLOW_CTX_TRY_NUMBER='1' AIRFLOW_CTX_DAG_RUN_ID='scheduled__2024-12-10T00:00:00+00:00'
[2025-01-24T19:03:16.926+0000] {taskinstance.py:731} INFO - ::endgroup::
[2025-01-24T19:03:16.934+0000] {logging_mixin.py:190} INFO - cnaes
[2025-01-24T19:03:16.934+0000] {python.py:240} INFO - Done. Returned value was: None
[2025-01-24T19:03:16.941+0000] {taskinstance.py:340} INFO - ::group::Post task execution logs
[2025-01-24T19:03:16.941+0000] {taskinstance.py:352} INFO - Marking task as SUCCESS. dag_id=coleta_dados_abertos_cnpj, task_id=transform_qualificacoes, run_id=scheduled__2024-12-10T00:00:00+00:00, execution_date=20241210T000000, start_date=20250124T190316, end_date=20250124T190316
[2025-01-24T19:03:16.973+0000] {local_task_job_runner.py:266} INFO - Task exited with return code 0
[2025-01-24T19:03:16.978+0000] {local_task_job_runner.py:245} INFO - ::endgroup::
[2025-01-24T19:04:07.877+0000] {local_task_job_runner.py:123} INFO - ::group::Pre task execution logs
[2025-01-24T19:04:07.886+0000] {taskinstance.py:2613} INFO - Dependencies all met for dep_context=non-requeueable deps ti=<TaskInstance: coleta_dados_abertos_cnpj.transform_qualificacoes scheduled__2024-12-10T00:00:00+00:00 [queued]>
[2025-01-24T19:04:07.892+0000] {taskinstance.py:2613} INFO - Dependencies all met for dep_context=requeueable deps ti=<TaskInstance: coleta_dados_abertos_cnpj.transform_qualificacoes scheduled__2024-12-10T00:00:00+00:00 [queued]>
[2025-01-24T19:04:07.892+0000] {taskinstance.py:2866} INFO - Starting attempt 1 of 2
[2025-01-24T19:04:07.902+0000] {taskinstance.py:2889} INFO - Executing <Task(PythonOperator): transform_qualificacoes> on 2024-12-10 00:00:00+00:00
[2025-01-24T19:04:07.905+0000] {warnings.py:112} WARNING - /home/***/.local/lib/python3.12/site-packages/***/task/task_runner/standard_task_runner.py:70: DeprecationWarning: This process (pid=1589) is multi-threaded, use of fork() may lead to deadlocks in the child.
  pid = os.fork()

[2025-01-24T19:04:07.906+0000] {standard_task_runner.py:72} INFO - Started process 1594 to run task
[2025-01-24T19:04:07.906+0000] {standard_task_runner.py:104} INFO - Running: ['***', 'tasks', 'run', 'coleta_dados_abertos_cnpj', 'transform_qualificacoes', 'scheduled__2024-12-10T00:00:00+00:00', '--job-id', '663', '--raw', '--subdir', 'DAGS_FOLDER/coleta_dados_abertos_cnpj/dag.py', '--cfg-path', '/tmp/tmpevvxtgjc']
[2025-01-24T19:04:07.908+0000] {standard_task_runner.py:105} INFO - Job 663: Subtask transform_qualificacoes
[2025-01-24T19:04:07.937+0000] {task_command.py:467} INFO - Running <TaskInstance: coleta_dados_abertos_cnpj.transform_qualificacoes scheduled__2024-12-10T00:00:00+00:00 [running]> on host ee70781c29c7
[2025-01-24T19:04:07.987+0000] {taskinstance.py:3132} INFO - Exporting env vars: AIRFLOW_CTX_DAG_OWNER='Corvaum' AIRFLOW_CTX_DAG_ID='coleta_dados_abertos_cnpj' AIRFLOW_CTX_TASK_ID='transform_qualificacoes' AIRFLOW_CTX_EXECUTION_DATE='2024-12-10T00:00:00+00:00' AIRFLOW_CTX_TRY_NUMBER='1' AIRFLOW_CTX_DAG_RUN_ID='scheduled__2024-12-10T00:00:00+00:00'
[2025-01-24T19:04:07.988+0000] {taskinstance.py:731} INFO - ::endgroup::
[2025-01-24T19:04:07.995+0000] {logging_mixin.py:190} INFO - cnaes
[2025-01-24T19:04:07.995+0000] {python.py:240} INFO - Done. Returned value was: None
[2025-01-24T19:04:08.000+0000] {taskinstance.py:340} INFO - ::group::Post task execution logs
[2025-01-24T19:04:08.001+0000] {taskinstance.py:352} INFO - Marking task as SUCCESS. dag_id=coleta_dados_abertos_cnpj, task_id=transform_qualificacoes, run_id=scheduled__2024-12-10T00:00:00+00:00, execution_date=20241210T000000, start_date=20250124T190407, end_date=20250124T190408
[2025-01-24T19:04:08.040+0000] {local_task_job_runner.py:266} INFO - Task exited with return code 0
[2025-01-24T19:04:08.044+0000] {local_task_job_runner.py:245} INFO - ::endgroup::
