[2025-01-25T13:43:27.386+0000] {local_task_job_runner.py:123} INFO - ::group::Pre task execution logs
[2025-01-25T13:43:27.396+0000] {taskinstance.py:2613} INFO - Dependencies all met for dep_context=non-requeueable deps ti=<TaskInstance: coleta_dados_abertos_cnpj.extract_estabelecimentos manual__2025-01-24T21:15:51.387766+00:00 [queued]>
[2025-01-25T13:43:27.401+0000] {taskinstance.py:2613} INFO - Dependencies all met for dep_context=requeueable deps ti=<TaskInstance: coleta_dados_abertos_cnpj.extract_estabelecimentos manual__2025-01-24T21:15:51.387766+00:00 [queued]>
[2025-01-25T13:43:27.401+0000] {taskinstance.py:2866} INFO - Starting attempt 10 of 11
[2025-01-25T13:43:27.459+0000] {taskinstance.py:2889} INFO - Executing <Task(PythonOperator): extract_estabelecimentos> on 2025-01-24 21:15:51.387766+00:00
[2025-01-25T13:43:27.468+0000] {warnings.py:112} WARNING - /home/***/.local/lib/python3.12/site-packages/***/task/task_runner/standard_task_runner.py:70: DeprecationWarning: This process (pid=139) is multi-threaded, use of fork() may lead to deadlocks in the child.
  pid = os.fork()

[2025-01-25T13:43:27.469+0000] {standard_task_runner.py:104} INFO - Running: ['***', 'tasks', 'run', 'coleta_dados_abertos_cnpj', 'extract_estabelecimentos', 'manual__2025-01-24T21:15:51.387766+00:00', '--job-id', '868', '--raw', '--subdir', 'DAGS_FOLDER/coleta_dados_abertos_cnpj/dag.py', '--cfg-path', '/tmp/tmp4udewawp']
[2025-01-25T13:43:27.475+0000] {standard_task_runner.py:72} INFO - Started process 140 to run task
[2025-01-25T13:43:27.485+0000] {standard_task_runner.py:105} INFO - Job 868: Subtask extract_estabelecimentos
[2025-01-25T13:43:27.509+0000] {task_command.py:467} INFO - Running <TaskInstance: coleta_dados_abertos_cnpj.extract_estabelecimentos manual__2025-01-24T21:15:51.387766+00:00 [running]> on host ee70781c29c7
[2025-01-25T13:43:27.548+0000] {taskinstance.py:3132} INFO - Exporting env vars: AIRFLOW_CTX_DAG_OWNER='Corvaum' AIRFLOW_CTX_DAG_ID='coleta_dados_abertos_cnpj' AIRFLOW_CTX_TASK_ID='extract_estabelecimentos' AIRFLOW_CTX_EXECUTION_DATE='2025-01-24T21:15:51.387766+00:00' AIRFLOW_CTX_TRY_NUMBER='10' AIRFLOW_CTX_DAG_RUN_ID='manual__2025-01-24T21:15:51.387766+00:00'
[2025-01-25T13:43:27.549+0000] {taskinstance.py:731} INFO - ::endgroup::
[2025-01-25T13:43:27.559+0000] {logging_mixin.py:190} INFO - Data formatada: 2025-01
[2025-01-25T13:43:27.745+0000] {logging_mixin.py:190} INFO - Arquivos encontrados: ['Estabelecimentos0.zip', 'Estabelecimentos1.zip', 'Estabelecimentos2.zip', 'Estabelecimentos3.zip', 'Estabelecimentos4.zip', 'Estabelecimentos5.zip', 'Estabelecimentos6.zip', 'Estabelecimentos7.zip', 'Estabelecimentos8.zip', 'Estabelecimentos9.zip']
[2025-01-25T13:43:27.746+0000] {logging_mixin.py:190} INFO - Baixando o arquivo: https://arquivos.receitafederal.gov.br/dados/cnpj/dados_abertos_cnpj/2025-01/Estabelecimentos0.zip
[2025-01-25T13:47:23.982+0000] {local_task_job_runner.py:318} WARNING - Recorded pid 192 does not match the current pid 140
[2025-01-25T13:47:23.982+0000] {local_task_job_runner.py:218} WARNING - Heartbeat failed with Exception: PID of job runner does not match
[2025-01-25T13:47:29.016+0000] {local_task_job_runner.py:318} WARNING - Recorded pid 192 does not match the current pid 140
[2025-01-25T13:47:29.016+0000] {local_task_job_runner.py:218} WARNING - Heartbeat failed with Exception: PID of job runner does not match
[2025-01-25T13:47:34.047+0000] {local_task_job_runner.py:318} WARNING - Recorded pid 192 does not match the current pid 140
[2025-01-25T13:47:34.047+0000] {local_task_job_runner.py:218} WARNING - Heartbeat failed with Exception: PID of job runner does not match
[2025-01-25T13:47:39.079+0000] {local_task_job_runner.py:318} WARNING - Recorded pid 192 does not match the current pid 140
[2025-01-25T13:47:39.079+0000] {local_task_job_runner.py:218} WARNING - Heartbeat failed with Exception: PID of job runner does not match
[2025-01-25T13:47:44.110+0000] {local_task_job_runner.py:318} WARNING - Recorded pid 192 does not match the current pid 140
[2025-01-25T13:47:44.111+0000] {local_task_job_runner.py:218} WARNING - Heartbeat failed with Exception: PID of job runner does not match
[2025-01-25T13:47:49.143+0000] {local_task_job_runner.py:318} WARNING - Recorded pid 192 does not match the current pid 140
[2025-01-25T13:47:49.143+0000] {local_task_job_runner.py:218} WARNING - Heartbeat failed with Exception: PID of job runner does not match
[2025-01-25T13:47:54.175+0000] {local_task_job_runner.py:318} WARNING - Recorded pid 192 does not match the current pid 140
[2025-01-25T13:47:54.175+0000] {local_task_job_runner.py:218} WARNING - Heartbeat failed with Exception: PID of job runner does not match
[2025-01-25T13:47:59.208+0000] {local_task_job_runner.py:318} WARNING - Recorded pid 192 does not match the current pid 140
[2025-01-25T13:47:59.208+0000] {local_task_job_runner.py:218} WARNING - Heartbeat failed with Exception: PID of job runner does not match
[2025-01-25T13:48:04.238+0000] {local_task_job_runner.py:318} WARNING - Recorded pid 192 does not match the current pid 140
[2025-01-25T13:48:04.241+0000] {local_task_job_runner.py:218} WARNING - Heartbeat failed with Exception: PID of job runner does not match
[2025-01-25T13:48:09.273+0000] {local_task_job_runner.py:318} WARNING - Recorded pid 192 does not match the current pid 140
[2025-01-25T13:48:09.273+0000] {local_task_job_runner.py:218} WARNING - Heartbeat failed with Exception: PID of job runner does not match
[2025-01-25T13:48:14.304+0000] {local_task_job_runner.py:318} WARNING - Recorded pid 192 does not match the current pid 140
[2025-01-25T13:48:14.305+0000] {local_task_job_runner.py:218} WARNING - Heartbeat failed with Exception: PID of job runner does not match
[2025-01-25T13:48:19.335+0000] {local_task_job_runner.py:318} WARNING - Recorded pid 192 does not match the current pid 140
[2025-01-25T13:48:19.335+0000] {local_task_job_runner.py:218} WARNING - Heartbeat failed with Exception: PID of job runner does not match
[2025-01-25T13:48:24.366+0000] {local_task_job_runner.py:318} WARNING - Recorded pid 192 does not match the current pid 140
[2025-01-25T13:48:24.368+0000] {local_task_job_runner.py:218} WARNING - Heartbeat failed with Exception: PID of job runner does not match
[2025-01-25T13:48:29.401+0000] {local_task_job_runner.py:318} WARNING - Recorded pid 192 does not match the current pid 140
[2025-01-25T13:48:29.401+0000] {local_task_job_runner.py:218} WARNING - Heartbeat failed with Exception: PID of job runner does not match
[2025-01-25T13:48:34.432+0000] {local_task_job_runner.py:318} WARNING - Recorded pid 192 does not match the current pid 140
[2025-01-25T13:48:34.433+0000] {local_task_job_runner.py:218} WARNING - Heartbeat failed with Exception: PID of job runner does not match
[2025-01-25T13:48:39.464+0000] {local_task_job_runner.py:318} WARNING - Recorded pid 192 does not match the current pid 140
[2025-01-25T13:48:39.464+0000] {local_task_job_runner.py:218} WARNING - Heartbeat failed with Exception: PID of job runner does not match
[2025-01-25T13:48:44.496+0000] {local_task_job_runner.py:318} WARNING - Recorded pid 192 does not match the current pid 140
[2025-01-25T13:48:44.498+0000] {local_task_job_runner.py:218} WARNING - Heartbeat failed with Exception: PID of job runner does not match
[2025-01-25T13:48:49.528+0000] {local_task_job_runner.py:318} WARNING - Recorded pid 192 does not match the current pid 140
[2025-01-25T13:48:49.551+0000] {local_task_job_runner.py:218} WARNING - Heartbeat failed with Exception: PID of job runner does not match
[2025-01-25T13:48:54.584+0000] {local_task_job_runner.py:318} WARNING - Recorded pid 192 does not match the current pid 140
[2025-01-25T13:48:54.584+0000] {local_task_job_runner.py:218} WARNING - Heartbeat failed with Exception: PID of job runner does not match
[2025-01-25T13:48:59.616+0000] {local_task_job_runner.py:318} WARNING - Recorded pid 192 does not match the current pid 140
[2025-01-25T13:48:59.616+0000] {local_task_job_runner.py:218} WARNING - Heartbeat failed with Exception: PID of job runner does not match
[2025-01-25T13:49:04.646+0000] {local_task_job_runner.py:318} WARNING - Recorded pid 192 does not match the current pid 140
[2025-01-25T13:49:04.647+0000] {local_task_job_runner.py:218} WARNING - Heartbeat failed with Exception: PID of job runner does not match
[2025-01-25T13:49:09.677+0000] {local_task_job_runner.py:318} WARNING - Recorded pid 192 does not match the current pid 140
[2025-01-25T13:49:09.679+0000] {local_task_job_runner.py:218} WARNING - Heartbeat failed with Exception: PID of job runner does not match
[2025-01-25T13:49:14.709+0000] {local_task_job_runner.py:318} WARNING - Recorded pid 192 does not match the current pid 140
[2025-01-25T13:49:14.709+0000] {local_task_job_runner.py:218} WARNING - Heartbeat failed with Exception: PID of job runner does not match
[2025-01-25T13:49:19.741+0000] {local_task_job_runner.py:318} WARNING - Recorded pid 192 does not match the current pid 140
[2025-01-25T13:49:19.743+0000] {local_task_job_runner.py:218} WARNING - Heartbeat failed with Exception: PID of job runner does not match
[2025-01-25T13:49:24.782+0000] {local_task_job_runner.py:318} WARNING - Recorded pid 192 does not match the current pid 140
[2025-01-25T13:49:24.783+0000] {local_task_job_runner.py:218} WARNING - Heartbeat failed with Exception: PID of job runner does not match
[2025-01-25T13:49:29.816+0000] {local_task_job_runner.py:318} WARNING - Recorded pid 192 does not match the current pid 140
[2025-01-25T13:49:29.816+0000] {local_task_job_runner.py:218} WARNING - Heartbeat failed with Exception: PID of job runner does not match
[2025-01-25T13:49:34.846+0000] {local_task_job_runner.py:318} WARNING - Recorded pid 192 does not match the current pid 140
[2025-01-25T13:49:34.846+0000] {local_task_job_runner.py:218} WARNING - Heartbeat failed with Exception: PID of job runner does not match
[2025-01-25T13:49:39.877+0000] {local_task_job_runner.py:318} WARNING - Recorded pid 192 does not match the current pid 140
[2025-01-25T13:49:39.878+0000] {local_task_job_runner.py:218} WARNING - Heartbeat failed with Exception: PID of job runner does not match
[2025-01-25T13:49:44.911+0000] {local_task_job_runner.py:318} WARNING - Recorded pid 192 does not match the current pid 140
[2025-01-25T13:49:44.911+0000] {local_task_job_runner.py:218} WARNING - Heartbeat failed with Exception: PID of job runner does not match
[2025-01-25T13:49:49.941+0000] {local_task_job_runner.py:318} WARNING - Recorded pid 192 does not match the current pid 140
[2025-01-25T13:49:49.942+0000] {local_task_job_runner.py:218} WARNING - Heartbeat failed with Exception: PID of job runner does not match
[2025-01-25T13:49:54.973+0000] {local_task_job_runner.py:318} WARNING - Recorded pid 192 does not match the current pid 140
[2025-01-25T13:49:54.973+0000] {local_task_job_runner.py:218} WARNING - Heartbeat failed with Exception: PID of job runner does not match
[2025-01-25T13:50:00.005+0000] {local_task_job_runner.py:318} WARNING - Recorded pid 192 does not match the current pid 140
[2025-01-25T13:50:00.005+0000] {local_task_job_runner.py:218} WARNING - Heartbeat failed with Exception: PID of job runner does not match
[2025-01-25T13:50:05.035+0000] {local_task_job_runner.py:318} WARNING - Recorded pid 192 does not match the current pid 140
[2025-01-25T13:50:05.035+0000] {local_task_job_runner.py:218} WARNING - Heartbeat failed with Exception: PID of job runner does not match
[2025-01-25T13:50:10.066+0000] {local_task_job_runner.py:318} WARNING - Recorded pid 192 does not match the current pid 140
[2025-01-25T13:50:10.067+0000] {local_task_job_runner.py:218} WARNING - Heartbeat failed with Exception: PID of job runner does not match
[2025-01-25T13:50:15.102+0000] {local_task_job_runner.py:318} WARNING - Recorded pid 192 does not match the current pid 140
[2025-01-25T13:50:15.102+0000] {local_task_job_runner.py:218} WARNING - Heartbeat failed with Exception: PID of job runner does not match
[2025-01-25T13:50:20.134+0000] {local_task_job_runner.py:318} WARNING - Recorded pid 192 does not match the current pid 140
[2025-01-25T13:50:20.134+0000] {local_task_job_runner.py:218} WARNING - Heartbeat failed with Exception: PID of job runner does not match
[2025-01-25T13:50:25.167+0000] {local_task_job_runner.py:318} WARNING - Recorded pid 192 does not match the current pid 140
[2025-01-25T13:50:25.167+0000] {local_task_job_runner.py:218} WARNING - Heartbeat failed with Exception: PID of job runner does not match
[2025-01-25T13:50:30.198+0000] {local_task_job_runner.py:318} WARNING - Recorded pid 192 does not match the current pid 140
[2025-01-25T13:50:30.198+0000] {local_task_job_runner.py:218} WARNING - Heartbeat failed with Exception: PID of job runner does not match
[2025-01-25T13:50:35.230+0000] {local_task_job_runner.py:318} WARNING - Recorded pid 192 does not match the current pid 140
[2025-01-25T13:50:35.230+0000] {local_task_job_runner.py:218} WARNING - Heartbeat failed with Exception: PID of job runner does not match
[2025-01-25T13:50:40.261+0000] {local_task_job_runner.py:318} WARNING - Recorded pid 192 does not match the current pid 140
[2025-01-25T13:50:40.261+0000] {local_task_job_runner.py:218} WARNING - Heartbeat failed with Exception: PID of job runner does not match
[2025-01-25T13:50:45.291+0000] {local_task_job_runner.py:318} WARNING - Recorded pid 192 does not match the current pid 140
[2025-01-25T13:50:45.292+0000] {local_task_job_runner.py:218} WARNING - Heartbeat failed with Exception: PID of job runner does not match
[2025-01-25T13:50:50.322+0000] {local_task_job_runner.py:318} WARNING - Recorded pid 192 does not match the current pid 140
[2025-01-25T13:50:50.323+0000] {local_task_job_runner.py:218} WARNING - Heartbeat failed with Exception: PID of job runner does not match
[2025-01-25T13:50:55.353+0000] {local_task_job_runner.py:318} WARNING - Recorded pid 192 does not match the current pid 140
[2025-01-25T13:50:55.353+0000] {local_task_job_runner.py:218} WARNING - Heartbeat failed with Exception: PID of job runner does not match
[2025-01-25T13:51:00.384+0000] {local_task_job_runner.py:318} WARNING - Recorded pid 192 does not match the current pid 140
[2025-01-25T13:51:00.385+0000] {local_task_job_runner.py:218} WARNING - Heartbeat failed with Exception: PID of job runner does not match
[2025-01-25T13:51:05.414+0000] {local_task_job_runner.py:318} WARNING - Recorded pid 192 does not match the current pid 140
[2025-01-25T13:51:05.414+0000] {local_task_job_runner.py:218} WARNING - Heartbeat failed with Exception: PID of job runner does not match
[2025-01-25T13:51:10.445+0000] {local_task_job_runner.py:318} WARNING - Recorded pid 192 does not match the current pid 140
[2025-01-25T13:51:10.445+0000] {local_task_job_runner.py:218} WARNING - Heartbeat failed with Exception: PID of job runner does not match
[2025-01-25T13:51:15.476+0000] {local_task_job_runner.py:318} WARNING - Recorded pid 192 does not match the current pid 140
[2025-01-25T13:51:15.476+0000] {local_task_job_runner.py:218} WARNING - Heartbeat failed with Exception: PID of job runner does not match
[2025-01-25T13:51:20.506+0000] {local_task_job_runner.py:318} WARNING - Recorded pid 192 does not match the current pid 140
[2025-01-25T13:51:20.507+0000] {local_task_job_runner.py:218} WARNING - Heartbeat failed with Exception: PID of job runner does not match
[2025-01-25T13:51:25.537+0000] {local_task_job_runner.py:318} WARNING - Recorded pid 192 does not match the current pid 140
[2025-01-25T13:51:25.538+0000] {local_task_job_runner.py:218} WARNING - Heartbeat failed with Exception: PID of job runner does not match
[2025-01-25T13:51:30.568+0000] {local_task_job_runner.py:318} WARNING - Recorded pid 192 does not match the current pid 140
[2025-01-25T13:51:30.568+0000] {local_task_job_runner.py:218} WARNING - Heartbeat failed with Exception: PID of job runner does not match
[2025-01-25T13:51:35.597+0000] {local_task_job_runner.py:318} WARNING - Recorded pid 192 does not match the current pid 140
[2025-01-25T13:51:35.598+0000] {local_task_job_runner.py:218} WARNING - Heartbeat failed with Exception: PID of job runner does not match
[2025-01-25T13:51:40.629+0000] {local_task_job_runner.py:318} WARNING - Recorded pid 192 does not match the current pid 140
[2025-01-25T13:51:40.629+0000] {local_task_job_runner.py:218} WARNING - Heartbeat failed with Exception: PID of job runner does not match
[2025-01-25T13:51:45.666+0000] {local_task_job_runner.py:318} WARNING - Recorded pid 192 does not match the current pid 140
[2025-01-25T13:51:45.666+0000] {local_task_job_runner.py:218} WARNING - Heartbeat failed with Exception: PID of job runner does not match
[2025-01-25T13:51:50.697+0000] {local_task_job_runner.py:318} WARNING - Recorded pid 192 does not match the current pid 140
[2025-01-25T13:51:50.700+0000] {local_task_job_runner.py:218} WARNING - Heartbeat failed with Exception: PID of job runner does not match
[2025-01-25T13:51:55.731+0000] {local_task_job_runner.py:318} WARNING - Recorded pid 192 does not match the current pid 140
[2025-01-25T13:51:55.731+0000] {local_task_job_runner.py:218} WARNING - Heartbeat failed with Exception: PID of job runner does not match
[2025-01-25T13:52:00.762+0000] {local_task_job_runner.py:318} WARNING - Recorded pid 192 does not match the current pid 140
[2025-01-25T13:52:00.775+0000] {local_task_job_runner.py:218} WARNING - Heartbeat failed with Exception: PID of job runner does not match
[2025-01-25T13:52:05.810+0000] {local_task_job_runner.py:318} WARNING - Recorded pid 192 does not match the current pid 140
[2025-01-25T13:52:05.810+0000] {local_task_job_runner.py:218} WARNING - Heartbeat failed with Exception: PID of job runner does not match
[2025-01-25T13:52:09.219+0000] {logging_mixin.py:190} INFO - Download concluído: https://arquivos.receitafederal.gov.br/dados/cnpj/dados_abertos_cnpj/2025-01/Estabelecimentos0.zip
[2025-01-25T13:52:10.840+0000] {local_task_job_runner.py:318} WARNING - Recorded pid 192 does not match the current pid 140
[2025-01-25T13:52:10.840+0000] {local_task_job_runner.py:218} WARNING - Heartbeat failed with Exception: PID of job runner does not match
[2025-01-25T13:52:15.871+0000] {local_task_job_runner.py:318} WARNING - Recorded pid 192 does not match the current pid 140
[2025-01-25T13:52:15.872+0000] {local_task_job_runner.py:218} WARNING - Heartbeat failed with Exception: PID of job runner does not match
[2025-01-25T13:52:20.949+0000] {local_task_job_runner.py:318} WARNING - Recorded pid 192 does not match the current pid 140
[2025-01-25T13:52:20.950+0000] {local_task_job_runner.py:218} WARNING - Heartbeat failed with Exception: PID of job runner does not match
[2025-01-25T13:52:23.144+0000] {logging_mixin.py:190} INFO - Arquivos descompactados: ['/tmp/3d8dd30d25fa4be181d4157cd83edc3d_extracted/K3241.K03200Y0.D50111.ESTABELE']
[2025-01-25T13:52:25.988+0000] {local_task_job_runner.py:318} WARNING - Recorded pid 192 does not match the current pid 140
[2025-01-25T13:52:25.988+0000] {local_task_job_runner.py:218} WARNING - Heartbeat failed with Exception: PID of job runner does not match
[2025-01-25T13:52:31.027+0000] {local_task_job_runner.py:318} WARNING - Recorded pid 192 does not match the current pid 140
[2025-01-25T13:52:31.027+0000] {local_task_job_runner.py:218} WARNING - Heartbeat failed with Exception: PID of job runner does not match
[2025-01-25T13:52:36.064+0000] {local_task_job_runner.py:318} WARNING - Recorded pid 192 does not match the current pid 140
[2025-01-25T13:52:36.064+0000] {local_task_job_runner.py:218} WARNING - Heartbeat failed with Exception: PID of job runner does not match
[2025-01-25T13:52:41.104+0000] {local_task_job_runner.py:318} WARNING - Recorded pid 192 does not match the current pid 140
[2025-01-25T13:52:41.104+0000] {local_task_job_runner.py:218} WARNING - Heartbeat failed with Exception: PID of job runner does not match
[2025-01-25T13:52:46.142+0000] {local_task_job_runner.py:318} WARNING - Recorded pid 192 does not match the current pid 140
[2025-01-25T13:52:46.142+0000] {local_task_job_runner.py:218} WARNING - Heartbeat failed with Exception: PID of job runner does not match
[2025-01-25T13:52:51.180+0000] {local_task_job_runner.py:318} WARNING - Recorded pid 192 does not match the current pid 140
[2025-01-25T13:52:51.181+0000] {local_task_job_runner.py:218} WARNING - Heartbeat failed with Exception: PID of job runner does not match
[2025-01-25T13:52:56.215+0000] {local_task_job_runner.py:318} WARNING - Recorded pid 192 does not match the current pid 140
[2025-01-25T13:52:56.215+0000] {local_task_job_runner.py:218} WARNING - Heartbeat failed with Exception: PID of job runner does not match
[2025-01-25T13:53:01.248+0000] {local_task_job_runner.py:318} WARNING - Recorded pid 192 does not match the current pid 140
[2025-01-25T13:53:01.249+0000] {local_task_job_runner.py:218} WARNING - Heartbeat failed with Exception: PID of job runner does not match
[2025-01-25T13:53:06.285+0000] {local_task_job_runner.py:318} WARNING - Recorded pid 192 does not match the current pid 140
[2025-01-25T13:53:06.286+0000] {local_task_job_runner.py:218} WARNING - Heartbeat failed with Exception: PID of job runner does not match
[2025-01-25T13:53:11.327+0000] {local_task_job_runner.py:318} WARNING - Recorded pid 192 does not match the current pid 140
[2025-01-25T13:53:11.327+0000] {local_task_job_runner.py:218} WARNING - Heartbeat failed with Exception: PID of job runner does not match
[2025-01-25T13:53:16.363+0000] {local_task_job_runner.py:318} WARNING - Recorded pid 192 does not match the current pid 140
[2025-01-25T13:53:16.363+0000] {local_task_job_runner.py:218} WARNING - Heartbeat failed with Exception: PID of job runner does not match
[2025-01-25T13:53:21.399+0000] {local_task_job_runner.py:318} WARNING - Recorded pid 192 does not match the current pid 140
[2025-01-25T13:53:21.399+0000] {local_task_job_runner.py:218} WARNING - Heartbeat failed with Exception: PID of job runner does not match
[2025-01-25T13:53:26.435+0000] {local_task_job_runner.py:318} WARNING - Recorded pid 192 does not match the current pid 140
[2025-01-25T13:53:26.435+0000] {local_task_job_runner.py:218} WARNING - Heartbeat failed with Exception: PID of job runner does not match
[2025-01-25T13:53:31.468+0000] {local_task_job_runner.py:318} WARNING - Recorded pid 192 does not match the current pid 140
[2025-01-25T13:53:31.468+0000] {local_task_job_runner.py:218} WARNING - Heartbeat failed with Exception: PID of job runner does not match
[2025-01-25T13:53:36.502+0000] {local_task_job_runner.py:318} WARNING - Recorded pid 192 does not match the current pid 140
[2025-01-25T13:53:36.502+0000] {local_task_job_runner.py:218} WARNING - Heartbeat failed with Exception: PID of job runner does not match
[2025-01-25T13:53:41.537+0000] {local_task_job_runner.py:318} WARNING - Recorded pid 192 does not match the current pid 140
[2025-01-25T13:53:41.538+0000] {local_task_job_runner.py:218} WARNING - Heartbeat failed with Exception: PID of job runner does not match
[2025-01-25T13:53:46.569+0000] {local_task_job_runner.py:318} WARNING - Recorded pid 192 does not match the current pid 140
[2025-01-25T13:53:46.569+0000] {local_task_job_runner.py:218} WARNING - Heartbeat failed with Exception: PID of job runner does not match
[2025-01-25T13:53:51.601+0000] {local_task_job_runner.py:318} WARNING - Recorded pid 192 does not match the current pid 140
[2025-01-25T13:53:51.603+0000] {local_task_job_runner.py:218} WARNING - Heartbeat failed with Exception: PID of job runner does not match
[2025-01-25T13:53:56.640+0000] {local_task_job_runner.py:318} WARNING - Recorded pid 192 does not match the current pid 140
[2025-01-25T13:53:56.641+0000] {local_task_job_runner.py:218} WARNING - Heartbeat failed with Exception: PID of job runner does not match
[2025-01-25T13:54:01.674+0000] {local_task_job_runner.py:318} WARNING - Recorded pid 192 does not match the current pid 140
[2025-01-25T13:54:01.675+0000] {local_task_job_runner.py:218} WARNING - Heartbeat failed with Exception: PID of job runner does not match
[2025-01-25T13:54:06.708+0000] {local_task_job_runner.py:318} WARNING - Recorded pid 192 does not match the current pid 140
[2025-01-25T13:54:06.708+0000] {local_task_job_runner.py:218} WARNING - Heartbeat failed with Exception: PID of job runner does not match
[2025-01-25T13:54:11.744+0000] {local_task_job_runner.py:318} WARNING - Recorded pid 192 does not match the current pid 140
[2025-01-25T13:54:11.744+0000] {local_task_job_runner.py:218} WARNING - Heartbeat failed with Exception: PID of job runner does not match
[2025-01-25T13:54:16.776+0000] {local_task_job_runner.py:318} WARNING - Recorded pid 192 does not match the current pid 140
[2025-01-25T13:54:16.777+0000] {local_task_job_runner.py:218} WARNING - Heartbeat failed with Exception: PID of job runner does not match
[2025-01-25T13:54:21.815+0000] {local_task_job_runner.py:318} WARNING - Recorded pid 192 does not match the current pid 140
[2025-01-25T13:54:21.815+0000] {local_task_job_runner.py:218} WARNING - Heartbeat failed with Exception: PID of job runner does not match
[2025-01-25T13:54:26.849+0000] {local_task_job_runner.py:318} WARNING - Recorded pid 192 does not match the current pid 140
[2025-01-25T13:54:26.849+0000] {local_task_job_runner.py:218} WARNING - Heartbeat failed with Exception: PID of job runner does not match
[2025-01-25T13:54:31.913+0000] {local_task_job_runner.py:318} WARNING - Recorded pid 192 does not match the current pid 140
[2025-01-25T13:54:31.913+0000] {local_task_job_runner.py:218} WARNING - Heartbeat failed with Exception: PID of job runner does not match
[2025-01-25T13:54:33.622+0000] {logging_mixin.py:190} INFO - Arquivo full_cpf/Estabelecimentos/2025-01/Estabelecimentos_551c554d872b40709cf448c345b02078.csv carregado com sucesso no MinIO!
[2025-01-25T13:54:33.853+0000] {logging_mixin.py:190} INFO - Baixando o arquivo: https://arquivos.receitafederal.gov.br/dados/cnpj/dados_abertos_cnpj/2025-01/Estabelecimentos1.zip
[2025-01-25T13:54:36.945+0000] {local_task_job_runner.py:318} WARNING - Recorded pid 192 does not match the current pid 140
[2025-01-25T13:54:36.946+0000] {local_task_job_runner.py:218} WARNING - Heartbeat failed with Exception: PID of job runner does not match
[2025-01-25T13:54:41.982+0000] {local_task_job_runner.py:318} WARNING - Recorded pid 192 does not match the current pid 140
[2025-01-25T13:54:41.983+0000] {local_task_job_runner.py:218} WARNING - Heartbeat failed with Exception: PID of job runner does not match
[2025-01-25T13:54:47.017+0000] {local_task_job_runner.py:318} WARNING - Recorded pid 192 does not match the current pid 140
[2025-01-25T13:54:47.017+0000] {local_task_job_runner.py:218} WARNING - Heartbeat failed with Exception: PID of job runner does not match
[2025-01-25T13:54:52.058+0000] {local_task_job_runner.py:318} WARNING - Recorded pid 192 does not match the current pid 140
[2025-01-25T13:54:52.059+0000] {local_task_job_runner.py:218} WARNING - Heartbeat failed with Exception: PID of job runner does not match
[2025-01-25T13:54:57.096+0000] {local_task_job_runner.py:318} WARNING - Recorded pid 192 does not match the current pid 140
[2025-01-25T13:54:57.099+0000] {local_task_job_runner.py:218} WARNING - Heartbeat failed with Exception: PID of job runner does not match
[2025-01-25T13:55:02.131+0000] {local_task_job_runner.py:318} WARNING - Recorded pid 192 does not match the current pid 140
[2025-01-25T13:55:02.133+0000] {local_task_job_runner.py:218} WARNING - Heartbeat failed with Exception: PID of job runner does not match
[2025-01-25T13:55:07.169+0000] {local_task_job_runner.py:318} WARNING - Recorded pid 192 does not match the current pid 140
[2025-01-25T13:55:07.170+0000] {local_task_job_runner.py:218} WARNING - Heartbeat failed with Exception: PID of job runner does not match
[2025-01-25T13:55:12.204+0000] {local_task_job_runner.py:318} WARNING - Recorded pid 192 does not match the current pid 140
[2025-01-25T13:55:12.204+0000] {local_task_job_runner.py:218} WARNING - Heartbeat failed with Exception: PID of job runner does not match
[2025-01-25T13:55:17.238+0000] {local_task_job_runner.py:318} WARNING - Recorded pid 192 does not match the current pid 140
[2025-01-25T13:55:17.238+0000] {local_task_job_runner.py:218} WARNING - Heartbeat failed with Exception: PID of job runner does not match
[2025-01-25T13:55:22.277+0000] {local_task_job_runner.py:318} WARNING - Recorded pid 192 does not match the current pid 140
[2025-01-25T13:55:22.277+0000] {local_task_job_runner.py:218} WARNING - Heartbeat failed with Exception: PID of job runner does not match
[2025-01-25T13:55:27.322+0000] {local_task_job_runner.py:318} WARNING - Recorded pid 192 does not match the current pid 140
[2025-01-25T13:55:27.323+0000] {local_task_job_runner.py:218} WARNING - Heartbeat failed with Exception: PID of job runner does not match
[2025-01-25T13:55:32.360+0000] {local_task_job_runner.py:318} WARNING - Recorded pid 192 does not match the current pid 140
[2025-01-25T13:55:32.361+0000] {local_task_job_runner.py:218} WARNING - Heartbeat failed with Exception: PID of job runner does not match
[2025-01-25T13:55:37.400+0000] {local_task_job_runner.py:318} WARNING - Recorded pid 192 does not match the current pid 140
[2025-01-25T13:55:37.400+0000] {local_task_job_runner.py:218} WARNING - Heartbeat failed with Exception: PID of job runner does not match
[2025-01-25T13:55:42.435+0000] {local_task_job_runner.py:318} WARNING - Recorded pid 192 does not match the current pid 140
[2025-01-25T13:55:42.435+0000] {local_task_job_runner.py:218} WARNING - Heartbeat failed with Exception: PID of job runner does not match
[2025-01-25T13:55:47.471+0000] {local_task_job_runner.py:318} WARNING - Recorded pid 192 does not match the current pid 140
[2025-01-25T13:55:47.471+0000] {local_task_job_runner.py:218} WARNING - Heartbeat failed with Exception: PID of job runner does not match
[2025-01-25T13:55:52.503+0000] {local_task_job_runner.py:318} WARNING - Recorded pid 192 does not match the current pid 140
[2025-01-25T13:55:52.503+0000] {local_task_job_runner.py:218} WARNING - Heartbeat failed with Exception: PID of job runner does not match
[2025-01-25T13:55:57.535+0000] {local_task_job_runner.py:318} WARNING - Recorded pid 192 does not match the current pid 140
[2025-01-25T13:55:57.536+0000] {local_task_job_runner.py:218} WARNING - Heartbeat failed with Exception: PID of job runner does not match
[2025-01-25T13:56:02.568+0000] {local_task_job_runner.py:318} WARNING - Recorded pid 192 does not match the current pid 140
[2025-01-25T13:56:02.569+0000] {local_task_job_runner.py:218} WARNING - Heartbeat failed with Exception: PID of job runner does not match
[2025-01-25T13:56:07.608+0000] {local_task_job_runner.py:318} WARNING - Recorded pid 192 does not match the current pid 140
[2025-01-25T13:56:07.608+0000] {local_task_job_runner.py:218} WARNING - Heartbeat failed with Exception: PID of job runner does not match
[2025-01-25T13:56:07.766+0000] {logging_mixin.py:190} INFO - Download concluído: https://arquivos.receitafederal.gov.br/dados/cnpj/dados_abertos_cnpj/2025-01/Estabelecimentos1.zip
[2025-01-25T13:56:10.934+0000] {logging_mixin.py:190} INFO - Arquivos descompactados: ['/tmp/9b801da37bef4ab688cd2ea6e986448c_extracted/K3241.K03200Y1.D50111.ESTABELE']
[2025-01-25T13:56:12.651+0000] {local_task_job_runner.py:318} WARNING - Recorded pid 192 does not match the current pid 140
[2025-01-25T13:56:12.652+0000] {local_task_job_runner.py:218} WARNING - Heartbeat failed with Exception: PID of job runner does not match
[2025-01-25T13:56:17.684+0000] {local_task_job_runner.py:318} WARNING - Recorded pid 192 does not match the current pid 140
[2025-01-25T13:56:17.685+0000] {local_task_job_runner.py:218} WARNING - Heartbeat failed with Exception: PID of job runner does not match
[2025-01-25T13:56:22.719+0000] {local_task_job_runner.py:318} WARNING - Recorded pid 192 does not match the current pid 140
[2025-01-25T13:56:22.720+0000] {local_task_job_runner.py:218} WARNING - Heartbeat failed with Exception: PID of job runner does not match
[2025-01-25T13:56:28.049+0000] {local_task_job_runner.py:318} WARNING - Recorded pid 192 does not match the current pid 140
[2025-01-25T13:56:28.049+0000] {local_task_job_runner.py:218} WARNING - Heartbeat failed with Exception: PID of job runner does not match
[2025-01-25T13:56:33.089+0000] {local_task_job_runner.py:318} WARNING - Recorded pid 192 does not match the current pid 140
[2025-01-25T13:56:33.089+0000] {local_task_job_runner.py:218} WARNING - Heartbeat failed with Exception: PID of job runner does not match
[2025-01-25T13:56:38.122+0000] {local_task_job_runner.py:318} WARNING - Recorded pid 192 does not match the current pid 140
[2025-01-25T13:56:38.122+0000] {local_task_job_runner.py:218} WARNING - Heartbeat failed with Exception: PID of job runner does not match
[2025-01-25T13:56:43.157+0000] {local_task_job_runner.py:318} WARNING - Recorded pid 192 does not match the current pid 140
[2025-01-25T13:56:43.159+0000] {local_task_job_runner.py:218} WARNING - Heartbeat failed with Exception: PID of job runner does not match
[2025-01-25T13:56:48.194+0000] {local_task_job_runner.py:318} WARNING - Recorded pid 192 does not match the current pid 140
[2025-01-25T13:56:48.702+0000] {local_task_job_runner.py:218} WARNING - Heartbeat failed with Exception: PID of job runner does not match
[2025-01-25T13:56:53.535+0000] {logging_mixin.py:190} INFO - Arquivo full_cpf/Estabelecimentos/2025-01/Estabelecimentos_9f7e6fd0620444c08d5ff1c81e3096dc.csv carregado com sucesso no MinIO!
[2025-01-25T13:56:53.589+0000] {logging_mixin.py:190} INFO - Baixando o arquivo: https://arquivos.receitafederal.gov.br/dados/cnpj/dados_abertos_cnpj/2025-01/Estabelecimentos2.zip
[2025-01-25T13:56:53.735+0000] {local_task_job_runner.py:318} WARNING - Recorded pid 192 does not match the current pid 140
[2025-01-25T13:56:53.735+0000] {local_task_job_runner.py:218} WARNING - Heartbeat failed with Exception: PID of job runner does not match
[2025-01-25T13:56:58.766+0000] {local_task_job_runner.py:318} WARNING - Recorded pid 192 does not match the current pid 140
[2025-01-25T13:56:58.767+0000] {local_task_job_runner.py:218} WARNING - Heartbeat failed with Exception: PID of job runner does not match
[2025-01-25T13:57:03.798+0000] {local_task_job_runner.py:318} WARNING - Recorded pid 192 does not match the current pid 140
[2025-01-25T13:57:03.798+0000] {local_task_job_runner.py:218} WARNING - Heartbeat failed with Exception: PID of job runner does not match
[2025-01-25T13:57:08.832+0000] {local_task_job_runner.py:318} WARNING - Recorded pid 192 does not match the current pid 140
[2025-01-25T13:57:08.834+0000] {local_task_job_runner.py:218} WARNING - Heartbeat failed with Exception: PID of job runner does not match
[2025-01-25T13:57:13.865+0000] {local_task_job_runner.py:318} WARNING - Recorded pid 192 does not match the current pid 140
[2025-01-25T13:57:13.866+0000] {local_task_job_runner.py:218} WARNING - Heartbeat failed with Exception: PID of job runner does not match
[2025-01-25T13:57:18.897+0000] {local_task_job_runner.py:318} WARNING - Recorded pid 192 does not match the current pid 140
[2025-01-25T13:57:18.898+0000] {local_task_job_runner.py:218} WARNING - Heartbeat failed with Exception: PID of job runner does not match
[2025-01-25T13:57:23.933+0000] {local_task_job_runner.py:318} WARNING - Recorded pid 192 does not match the current pid 140
[2025-01-25T13:57:23.933+0000] {local_task_job_runner.py:218} WARNING - Heartbeat failed with Exception: PID of job runner does not match
[2025-01-25T13:57:28.965+0000] {local_task_job_runner.py:318} WARNING - Recorded pid 192 does not match the current pid 140
[2025-01-25T13:57:28.965+0000] {local_task_job_runner.py:218} WARNING - Heartbeat failed with Exception: PID of job runner does not match
[2025-01-25T13:57:33.996+0000] {local_task_job_runner.py:318} WARNING - Recorded pid 192 does not match the current pid 140
[2025-01-25T13:57:33.997+0000] {local_task_job_runner.py:218} WARNING - Heartbeat failed with Exception: PID of job runner does not match
[2025-01-25T13:57:39.029+0000] {local_task_job_runner.py:318} WARNING - Recorded pid 192 does not match the current pid 140
[2025-01-25T13:57:39.030+0000] {local_task_job_runner.py:218} WARNING - Heartbeat failed with Exception: PID of job runner does not match
[2025-01-25T13:57:44.061+0000] {local_task_job_runner.py:318} WARNING - Recorded pid 192 does not match the current pid 140
[2025-01-25T13:57:44.061+0000] {local_task_job_runner.py:218} WARNING - Heartbeat failed with Exception: PID of job runner does not match
[2025-01-25T13:57:49.093+0000] {local_task_job_runner.py:318} WARNING - Recorded pid 192 does not match the current pid 140
[2025-01-25T13:57:49.093+0000] {local_task_job_runner.py:218} WARNING - Heartbeat failed with Exception: PID of job runner does not match
[2025-01-25T13:57:54.130+0000] {local_task_job_runner.py:318} WARNING - Recorded pid 192 does not match the current pid 140
[2025-01-25T13:57:54.130+0000] {local_task_job_runner.py:218} WARNING - Heartbeat failed with Exception: PID of job runner does not match
[2025-01-25T13:57:59.164+0000] {local_task_job_runner.py:318} WARNING - Recorded pid 192 does not match the current pid 140
[2025-01-25T13:57:59.164+0000] {local_task_job_runner.py:218} WARNING - Heartbeat failed with Exception: PID of job runner does not match
[2025-01-25T13:58:04.195+0000] {local_task_job_runner.py:318} WARNING - Recorded pid 192 does not match the current pid 140
[2025-01-25T13:58:04.195+0000] {local_task_job_runner.py:218} WARNING - Heartbeat failed with Exception: PID of job runner does not match
[2025-01-25T13:58:09.228+0000] {local_task_job_runner.py:318} WARNING - Recorded pid 192 does not match the current pid 140
[2025-01-25T13:58:09.296+0000] {local_task_job_runner.py:218} WARNING - Heartbeat failed with Exception: PID of job runner does not match
[2025-01-25T13:58:14.329+0000] {local_task_job_runner.py:318} WARNING - Recorded pid 192 does not match the current pid 140
[2025-01-25T13:58:14.329+0000] {local_task_job_runner.py:218} WARNING - Heartbeat failed with Exception: PID of job runner does not match
[2025-01-25T13:58:19.367+0000] {local_task_job_runner.py:318} WARNING - Recorded pid 192 does not match the current pid 140
[2025-01-25T13:58:19.367+0000] {local_task_job_runner.py:218} WARNING - Heartbeat failed with Exception: PID of job runner does not match
[2025-01-25T13:58:24.398+0000] {local_task_job_runner.py:318} WARNING - Recorded pid 192 does not match the current pid 140
[2025-01-25T13:58:24.399+0000] {local_task_job_runner.py:218} WARNING - Heartbeat failed with Exception: PID of job runner does not match
[2025-01-25T13:58:29.435+0000] {local_task_job_runner.py:318} WARNING - Recorded pid 192 does not match the current pid 140
[2025-01-25T13:58:29.435+0000] {local_task_job_runner.py:218} WARNING - Heartbeat failed with Exception: PID of job runner does not match
[2025-01-25T13:58:30.981+0000] {logging_mixin.py:190} INFO - Download concluído: https://arquivos.receitafederal.gov.br/dados/cnpj/dados_abertos_cnpj/2025-01/Estabelecimentos2.zip
[2025-01-25T13:58:33.999+0000] {logging_mixin.py:190} INFO - Arquivos descompactados: ['/tmp/c73540e26ba3449cb3da11c36b571780_extracted/K3241.K03200Y2.D50111.ESTABELE']
[2025-01-25T13:58:34.470+0000] {local_task_job_runner.py:318} WARNING - Recorded pid 192 does not match the current pid 140
[2025-01-25T13:58:34.470+0000] {local_task_job_runner.py:218} WARNING - Heartbeat failed with Exception: PID of job runner does not match
[2025-01-25T13:58:39.502+0000] {local_task_job_runner.py:318} WARNING - Recorded pid 192 does not match the current pid 140
[2025-01-25T13:58:39.502+0000] {local_task_job_runner.py:218} WARNING - Heartbeat failed with Exception: PID of job runner does not match
[2025-01-25T13:58:44.536+0000] {local_task_job_runner.py:318} WARNING - Recorded pid 192 does not match the current pid 140
[2025-01-25T13:58:44.536+0000] {local_task_job_runner.py:218} WARNING - Heartbeat failed with Exception: PID of job runner does not match
[2025-01-25T13:58:49.568+0000] {local_task_job_runner.py:318} WARNING - Recorded pid 192 does not match the current pid 140
[2025-01-25T13:58:49.569+0000] {local_task_job_runner.py:218} WARNING - Heartbeat failed with Exception: PID of job runner does not match
[2025-01-25T13:58:54.601+0000] {local_task_job_runner.py:318} WARNING - Recorded pid 192 does not match the current pid 140
[2025-01-25T13:58:54.602+0000] {local_task_job_runner.py:218} WARNING - Heartbeat failed with Exception: PID of job runner does not match
[2025-01-25T13:58:59.635+0000] {local_task_job_runner.py:318} WARNING - Recorded pid 192 does not match the current pid 140
[2025-01-25T13:58:59.636+0000] {local_task_job_runner.py:218} WARNING - Heartbeat failed with Exception: PID of job runner does not match
[2025-01-25T13:59:04.670+0000] {local_task_job_runner.py:318} WARNING - Recorded pid 192 does not match the current pid 140
[2025-01-25T13:59:04.671+0000] {local_task_job_runner.py:218} WARNING - Heartbeat failed with Exception: PID of job runner does not match
[2025-01-25T13:59:09.706+0000] {local_task_job_runner.py:318} WARNING - Recorded pid 192 does not match the current pid 140
[2025-01-25T13:59:09.709+0000] {local_task_job_runner.py:218} WARNING - Heartbeat failed with Exception: PID of job runner does not match
[2025-01-25T13:59:14.472+0000] {logging_mixin.py:190} INFO - Arquivo full_cpf/Estabelecimentos/2025-01/Estabelecimentos_a7457c852bc64232b55094558138c3e7.csv carregado com sucesso no MinIO!
[2025-01-25T13:59:14.528+0000] {logging_mixin.py:190} INFO - Baixando o arquivo: https://arquivos.receitafederal.gov.br/dados/cnpj/dados_abertos_cnpj/2025-01/Estabelecimentos3.zip
[2025-01-25T13:59:14.743+0000] {local_task_job_runner.py:318} WARNING - Recorded pid 192 does not match the current pid 140
[2025-01-25T13:59:14.744+0000] {local_task_job_runner.py:218} WARNING - Heartbeat failed with Exception: PID of job runner does not match
[2025-01-25T13:59:19.778+0000] {local_task_job_runner.py:318} WARNING - Recorded pid 192 does not match the current pid 140
[2025-01-25T13:59:19.778+0000] {local_task_job_runner.py:218} WARNING - Heartbeat failed with Exception: PID of job runner does not match
[2025-01-25T13:59:24.810+0000] {local_task_job_runner.py:318} WARNING - Recorded pid 192 does not match the current pid 140
[2025-01-25T13:59:24.811+0000] {local_task_job_runner.py:218} WARNING - Heartbeat failed with Exception: PID of job runner does not match
[2025-01-25T13:59:29.842+0000] {local_task_job_runner.py:318} WARNING - Recorded pid 192 does not match the current pid 140
[2025-01-25T13:59:29.843+0000] {local_task_job_runner.py:218} WARNING - Heartbeat failed with Exception: PID of job runner does not match
[2025-01-25T13:59:34.872+0000] {local_task_job_runner.py:318} WARNING - Recorded pid 192 does not match the current pid 140
[2025-01-25T13:59:34.872+0000] {local_task_job_runner.py:218} WARNING - Heartbeat failed with Exception: PID of job runner does not match
[2025-01-25T13:59:39.903+0000] {local_task_job_runner.py:318} WARNING - Recorded pid 192 does not match the current pid 140
[2025-01-25T13:59:39.904+0000] {local_task_job_runner.py:218} WARNING - Heartbeat failed with Exception: PID of job runner does not match
[2025-01-25T13:59:44.935+0000] {local_task_job_runner.py:318} WARNING - Recorded pid 192 does not match the current pid 140
[2025-01-25T13:59:44.936+0000] {local_task_job_runner.py:218} WARNING - Heartbeat failed with Exception: PID of job runner does not match
[2025-01-25T13:59:49.968+0000] {local_task_job_runner.py:318} WARNING - Recorded pid 192 does not match the current pid 140
[2025-01-25T13:59:49.968+0000] {local_task_job_runner.py:218} WARNING - Heartbeat failed with Exception: PID of job runner does not match
[2025-01-25T13:59:54.999+0000] {local_task_job_runner.py:318} WARNING - Recorded pid 192 does not match the current pid 140
[2025-01-25T13:59:55.000+0000] {local_task_job_runner.py:218} WARNING - Heartbeat failed with Exception: PID of job runner does not match
[2025-01-25T14:00:00.031+0000] {local_task_job_runner.py:318} WARNING - Recorded pid 192 does not match the current pid 140
[2025-01-25T14:00:00.032+0000] {local_task_job_runner.py:218} WARNING - Heartbeat failed with Exception: PID of job runner does not match
[2025-01-25T14:00:05.063+0000] {local_task_job_runner.py:318} WARNING - Recorded pid 192 does not match the current pid 140
[2025-01-25T14:00:05.063+0000] {local_task_job_runner.py:218} WARNING - Heartbeat failed with Exception: PID of job runner does not match
[2025-01-25T14:00:10.094+0000] {local_task_job_runner.py:318} WARNING - Recorded pid 192 does not match the current pid 140
[2025-01-25T14:00:10.094+0000] {local_task_job_runner.py:218} WARNING - Heartbeat failed with Exception: PID of job runner does not match
[2025-01-25T14:00:15.126+0000] {local_task_job_runner.py:318} WARNING - Recorded pid 192 does not match the current pid 140
[2025-01-25T14:00:15.126+0000] {local_task_job_runner.py:218} WARNING - Heartbeat failed with Exception: PID of job runner does not match
[2025-01-25T14:00:20.160+0000] {local_task_job_runner.py:318} WARNING - Recorded pid 192 does not match the current pid 140
[2025-01-25T14:00:20.162+0000] {local_task_job_runner.py:218} WARNING - Heartbeat failed with Exception: PID of job runner does not match
[2025-01-25T14:00:25.194+0000] {local_task_job_runner.py:318} WARNING - Recorded pid 192 does not match the current pid 140
[2025-01-25T14:00:25.195+0000] {local_task_job_runner.py:218} WARNING - Heartbeat failed with Exception: PID of job runner does not match
[2025-01-25T14:00:30.227+0000] {local_task_job_runner.py:318} WARNING - Recorded pid 192 does not match the current pid 140
[2025-01-25T14:00:30.228+0000] {local_task_job_runner.py:218} WARNING - Heartbeat failed with Exception: PID of job runner does not match
[2025-01-25T14:00:35.257+0000] {local_task_job_runner.py:318} WARNING - Recorded pid 192 does not match the current pid 140
[2025-01-25T14:00:35.257+0000] {local_task_job_runner.py:218} WARNING - Heartbeat failed with Exception: PID of job runner does not match
[2025-01-25T14:00:40.292+0000] {local_task_job_runner.py:318} WARNING - Recorded pid 192 does not match the current pid 140
[2025-01-25T14:00:40.293+0000] {local_task_job_runner.py:218} WARNING - Heartbeat failed with Exception: PID of job runner does not match
[2025-01-25T14:00:45.324+0000] {local_task_job_runner.py:318} WARNING - Recorded pid 192 does not match the current pid 140
[2025-01-25T14:00:45.325+0000] {local_task_job_runner.py:218} WARNING - Heartbeat failed with Exception: PID of job runner does not match
[2025-01-25T14:00:50.356+0000] {local_task_job_runner.py:318} WARNING - Recorded pid 192 does not match the current pid 140
[2025-01-25T14:00:50.357+0000] {local_task_job_runner.py:218} WARNING - Heartbeat failed with Exception: PID of job runner does not match
[2025-01-25T14:00:55.387+0000] {local_task_job_runner.py:318} WARNING - Recorded pid 192 does not match the current pid 140
[2025-01-25T14:00:55.388+0000] {local_task_job_runner.py:218} WARNING - Heartbeat failed with Exception: PID of job runner does not match
[2025-01-25T14:01:00.418+0000] {local_task_job_runner.py:318} WARNING - Recorded pid 192 does not match the current pid 140
[2025-01-25T14:01:00.418+0000] {local_task_job_runner.py:218} WARNING - Heartbeat failed with Exception: PID of job runner does not match
[2025-01-25T14:01:03.342+0000] {logging_mixin.py:190} INFO - Download concluído: https://arquivos.receitafederal.gov.br/dados/cnpj/dados_abertos_cnpj/2025-01/Estabelecimentos3.zip
[2025-01-25T14:01:05.448+0000] {local_task_job_runner.py:318} WARNING - Recorded pid 192 does not match the current pid 140
[2025-01-25T14:01:05.449+0000] {local_task_job_runner.py:218} WARNING - Heartbeat failed with Exception: PID of job runner does not match
[2025-01-25T14:01:06.412+0000] {logging_mixin.py:190} INFO - Arquivos descompactados: ['/tmp/0ccaa900b17d4a4abeee9e799f2cfaa1_extracted/K3241.K03200Y3.D50111.ESTABELE']
[2025-01-25T14:01:10.489+0000] {local_task_job_runner.py:318} WARNING - Recorded pid 192 does not match the current pid 140
[2025-01-25T14:01:10.507+0000] {local_task_job_runner.py:218} WARNING - Heartbeat failed with Exception: PID of job runner does not match
[2025-01-25T14:01:15.538+0000] {local_task_job_runner.py:318} WARNING - Recorded pid 192 does not match the current pid 140
[2025-01-25T14:01:15.539+0000] {local_task_job_runner.py:218} WARNING - Heartbeat failed with Exception: PID of job runner does not match
[2025-01-25T14:01:20.571+0000] {local_task_job_runner.py:318} WARNING - Recorded pid 192 does not match the current pid 140
[2025-01-25T14:01:20.571+0000] {local_task_job_runner.py:218} WARNING - Heartbeat failed with Exception: PID of job runner does not match
[2025-01-25T14:01:25.611+0000] {local_task_job_runner.py:318} WARNING - Recorded pid 192 does not match the current pid 140
[2025-01-25T14:01:25.612+0000] {local_task_job_runner.py:218} WARNING - Heartbeat failed with Exception: PID of job runner does not match
[2025-01-25T14:01:30.644+0000] {local_task_job_runner.py:318} WARNING - Recorded pid 192 does not match the current pid 140
[2025-01-25T14:01:30.644+0000] {local_task_job_runner.py:218} WARNING - Heartbeat failed with Exception: PID of job runner does not match
[2025-01-25T14:01:35.682+0000] {local_task_job_runner.py:318} WARNING - Recorded pid 192 does not match the current pid 140
[2025-01-25T14:01:35.682+0000] {local_task_job_runner.py:218} WARNING - Heartbeat failed with Exception: PID of job runner does not match
[2025-01-25T14:01:40.718+0000] {local_task_job_runner.py:318} WARNING - Recorded pid 192 does not match the current pid 140
[2025-01-25T14:01:40.718+0000] {local_task_job_runner.py:218} WARNING - Heartbeat failed with Exception: PID of job runner does not match
[2025-01-25T14:01:45.752+0000] {local_task_job_runner.py:318} WARNING - Recorded pid 192 does not match the current pid 140
[2025-01-25T14:01:45.753+0000] {local_task_job_runner.py:218} WARNING - Heartbeat failed with Exception: PID of job runner does not match
[2025-01-25T14:01:46.179+0000] {logging_mixin.py:190} INFO - Arquivo full_cpf/Estabelecimentos/2025-01/Estabelecimentos_8cd7739a48c54e15b9440f881f322694.csv carregado com sucesso no MinIO!
[2025-01-25T14:01:46.236+0000] {logging_mixin.py:190} INFO - Baixando o arquivo: https://arquivos.receitafederal.gov.br/dados/cnpj/dados_abertos_cnpj/2025-01/Estabelecimentos4.zip
[2025-01-25T14:01:50.786+0000] {local_task_job_runner.py:318} WARNING - Recorded pid 192 does not match the current pid 140
[2025-01-25T14:01:50.786+0000] {local_task_job_runner.py:218} WARNING - Heartbeat failed with Exception: PID of job runner does not match
[2025-01-25T14:03:27.023+0000] {logging_mixin.py:190} INFO - Download concluído: https://arquivos.receitafederal.gov.br/dados/cnpj/dados_abertos_cnpj/2025-01/Estabelecimentos4.zip
