[2025-01-24T22:28:47.703+0000] {local_task_job_runner.py:123} INFO - ::group::Pre task execution logs
[2025-01-24T22:28:47.716+0000] {taskinstance.py:2613} INFO - Dependencies all met for dep_context=non-requeueable deps ti=<TaskInstance: coleta_dados_abertos_cnpj.extract_estabelecimentos manual__2025-01-24T21:15:51.387766+00:00 [queued]>
[2025-01-24T22:28:47.724+0000] {taskinstance.py:2613} INFO - Dependencies all met for dep_context=requeueable deps ti=<TaskInstance: coleta_dados_abertos_cnpj.extract_estabelecimentos manual__2025-01-24T21:15:51.387766+00:00 [queued]>
[2025-01-24T22:28:47.725+0000] {taskinstance.py:2866} INFO - Starting attempt 5 of 6
[2025-01-24T22:28:47.743+0000] {taskinstance.py:2889} INFO - Executing <Task(PythonOperator): extract_estabelecimentos> on 2025-01-24 21:15:51.387766+00:00
[2025-01-24T22:28:47.748+0000] {warnings.py:112} WARNING - /home/***/.local/lib/python3.12/site-packages/***/task/task_runner/standard_task_runner.py:70: DeprecationWarning: This process (pid=2233) is multi-threaded, use of fork() may lead to deadlocks in the child.
  pid = os.fork()

[2025-01-24T22:28:47.751+0000] {standard_task_runner.py:72} INFO - Started process 2234 to run task
[2025-01-24T22:28:47.750+0000] {standard_task_runner.py:104} INFO - Running: ['***', 'tasks', 'run', 'coleta_dados_abertos_cnpj', 'extract_estabelecimentos', 'manual__2025-01-24T21:15:51.387766+00:00', '--job-id', '861', '--raw', '--subdir', 'DAGS_FOLDER/coleta_dados_abertos_cnpj/dag.py', '--cfg-path', '/tmp/tmp_vt5ngts']
[2025-01-24T22:28:47.753+0000] {standard_task_runner.py:105} INFO - Job 861: Subtask extract_estabelecimentos
[2025-01-24T22:28:47.785+0000] {task_command.py:467} INFO - Running <TaskInstance: coleta_dados_abertos_cnpj.extract_estabelecimentos manual__2025-01-24T21:15:51.387766+00:00 [running]> on host ee70781c29c7
[2025-01-24T22:28:47.844+0000] {taskinstance.py:3132} INFO - Exporting env vars: AIRFLOW_CTX_DAG_OWNER='Corvaum' AIRFLOW_CTX_DAG_ID='coleta_dados_abertos_cnpj' AIRFLOW_CTX_TASK_ID='extract_estabelecimentos' AIRFLOW_CTX_EXECUTION_DATE='2025-01-24T21:15:51.387766+00:00' AIRFLOW_CTX_TRY_NUMBER='5' AIRFLOW_CTX_DAG_RUN_ID='manual__2025-01-24T21:15:51.387766+00:00'
[2025-01-24T22:28:47.845+0000] {taskinstance.py:731} INFO - ::endgroup::
[2025-01-24T22:28:47.860+0000] {logging_mixin.py:190} INFO - Data formatada: 2025-01
[2025-01-24T22:28:48.111+0000] {logging_mixin.py:190} INFO - Arquivos encontrados: ['Estabelecimentos0.zip', 'Estabelecimentos1.zip', 'Estabelecimentos2.zip', 'Estabelecimentos3.zip', 'Estabelecimentos4.zip', 'Estabelecimentos5.zip', 'Estabelecimentos6.zip', 'Estabelecimentos7.zip', 'Estabelecimentos8.zip', 'Estabelecimentos9.zip']
[2025-01-24T22:28:48.111+0000] {logging_mixin.py:190} INFO - Baixando o arquivo: https://arquivos.receitafederal.gov.br/dados/cnpj/dados_abertos_cnpj/2025-01/Estabelecimentos0.zip
[2025-01-24T22:36:40.267+0000] {logging_mixin.py:190} INFO - Download concluído: https://arquivos.receitafederal.gov.br/dados/cnpj/dados_abertos_cnpj/2025-01/Estabelecimentos0.zip
[2025-01-24T22:36:57.057+0000] {logging_mixin.py:190} INFO - Arquivos descompactados: ['/tmp/de7d1dc424004ac0818314c97c17a492_extracted/K3241.K03200Y0.D50111.ESTABELE']
[2025-01-24T22:38:50.487+0000] {logging_mixin.py:190} INFO - Arquivo full_cpf/Estabelecimentos/2025-01/Estabelecimentos_11c6156d5ea1486ea69da73861e844be.csv carregado com sucesso no MinIO!
[2025-01-24T22:38:50.750+0000] {logging_mixin.py:190} INFO - Baixando o arquivo: https://arquivos.receitafederal.gov.br/dados/cnpj/dados_abertos_cnpj/2025-01/Estabelecimentos1.zip
[2025-01-24T22:38:51.905+0000] {logging_mixin.py:190} INFO - Erro ao fazer o download do arquivo: HTTPSConnectionPool(host='arquivos.receitafederal.gov.br', port=443): Max retries exceeded with url: /dados/cnpj/dados_abertos_cnpj/2025-01/Estabelecimentos1.zip (Caused by SSLError(SSLEOFError(8, '[SSL: UNEXPECTED_EOF_WHILE_READING] EOF occurred in violation of protocol (_ssl.c:1000)')))
[2025-01-24T22:38:51.916+0000] {logging_mixin.py:190} INFO - Falha no download do arquivo: Estabelecimentos1.zip
[2025-01-24T22:38:51.917+0000] {logging_mixin.py:190} INFO - Baixando o arquivo: https://arquivos.receitafederal.gov.br/dados/cnpj/dados_abertos_cnpj/2025-01/Estabelecimentos2.zip
[2025-01-24T22:40:30.298+0000] {logging_mixin.py:190} INFO - Download concluído: https://arquivos.receitafederal.gov.br/dados/cnpj/dados_abertos_cnpj/2025-01/Estabelecimentos2.zip
[2025-01-24T22:40:33.361+0000] {logging_mixin.py:190} INFO - Arquivos descompactados: ['/tmp/096e827f821b4ec8a0991eeb78c1869c_extracted/K3241.K03200Y2.D50111.ESTABELE']
[2025-01-24T22:40:59.219+0000] {logging_mixin.py:190} INFO - Arquivo full_cpf/Estabelecimentos/2025-01/Estabelecimentos_ff6ce17045cd4af4a6f49b8acb7aef73.csv carregado com sucesso no MinIO!
[2025-01-24T22:40:59.273+0000] {logging_mixin.py:190} INFO - Baixando o arquivo: https://arquivos.receitafederal.gov.br/dados/cnpj/dados_abertos_cnpj/2025-01/Estabelecimentos3.zip
[2025-01-24T22:41:18.320+0000] {local_task_job_runner.py:346} WARNING - State of this instance has been externally set to failed. Terminating instance.
[2025-01-24T22:41:18.320+0000] {local_task_job_runner.py:245} INFO - ::endgroup::
[2025-01-24T22:41:18.321+0000] {process_utils.py:132} INFO - Sending 15 to group 2234. PIDs of all processes in the group: [2234]
[2025-01-24T22:41:18.321+0000] {process_utils.py:87} INFO - Sending the signal 15 to group 2234
[2025-01-24T22:41:18.322+0000] {taskinstance.py:3093} ERROR - Received SIGTERM. Terminating subprocesses.
[2025-01-24T22:41:18.344+0000] {taskinstance.py:340} INFO - ::group::Post task execution logs
[2025-01-24T22:41:18.373+0000] {process_utils.py:80} INFO - Process psutil.Process(pid=2234, status='terminated', exitcode=0, started='22:28:47') (2234) terminated with exit code 0
