[2025-01-24T22:41:48.180+0000] {local_task_job_runner.py:123} INFO - ::group::Pre task execution logs
[2025-01-24T22:41:48.190+0000] {taskinstance.py:2613} INFO - Dependencies all met for dep_context=non-requeueable deps ti=<TaskInstance: coleta_dados_abertos_cnpj.extract_estabelecimentos manual__2025-01-24T21:15:51.387766+00:00 [queued]>
[2025-01-24T22:41:48.196+0000] {taskinstance.py:2613} INFO - Dependencies all met for dep_context=requeueable deps ti=<TaskInstance: coleta_dados_abertos_cnpj.extract_estabelecimentos manual__2025-01-24T21:15:51.387766+00:00 [queued]>
[2025-01-24T22:41:48.197+0000] {taskinstance.py:2866} INFO - Starting attempt 6 of 7
[2025-01-24T22:41:48.221+0000] {taskinstance.py:2889} INFO - Executing <Task(PythonOperator): extract_estabelecimentos> on 2025-01-24 21:15:51.387766+00:00
[2025-01-24T22:41:48.226+0000] {warnings.py:112} WARNING - /home/***/.local/lib/python3.12/site-packages/***/task/task_runner/standard_task_runner.py:70: DeprecationWarning: This process (pid=2416) is multi-threaded, use of fork() may lead to deadlocks in the child.
  pid = os.fork()

[2025-01-24T22:41:48.227+0000] {standard_task_runner.py:72} INFO - Started process 2417 to run task
[2025-01-24T22:41:48.227+0000] {standard_task_runner.py:104} INFO - Running: ['***', 'tasks', 'run', 'coleta_dados_abertos_cnpj', 'extract_estabelecimentos', 'manual__2025-01-24T21:15:51.387766+00:00', '--job-id', '862', '--raw', '--subdir', 'DAGS_FOLDER/coleta_dados_abertos_cnpj/dag.py', '--cfg-path', '/tmp/tmpqxn0_y94']
[2025-01-24T22:41:48.228+0000] {standard_task_runner.py:105} INFO - Job 862: Subtask extract_estabelecimentos
[2025-01-24T22:41:48.259+0000] {task_command.py:467} INFO - Running <TaskInstance: coleta_dados_abertos_cnpj.extract_estabelecimentos manual__2025-01-24T21:15:51.387766+00:00 [running]> on host ee70781c29c7
[2025-01-24T22:41:48.318+0000] {taskinstance.py:3132} INFO - Exporting env vars: AIRFLOW_CTX_DAG_OWNER='Corvaum' AIRFLOW_CTX_DAG_ID='coleta_dados_abertos_cnpj' AIRFLOW_CTX_TASK_ID='extract_estabelecimentos' AIRFLOW_CTX_EXECUTION_DATE='2025-01-24T21:15:51.387766+00:00' AIRFLOW_CTX_TRY_NUMBER='6' AIRFLOW_CTX_DAG_RUN_ID='manual__2025-01-24T21:15:51.387766+00:00'
[2025-01-24T22:41:48.319+0000] {taskinstance.py:731} INFO - ::endgroup::
[2025-01-24T22:41:48.332+0000] {logging_mixin.py:190} INFO - Data formatada: 2025-01
[2025-01-24T22:41:48.508+0000] {logging_mixin.py:190} INFO - Arquivos encontrados: ['Estabelecimentos0.zip', 'Estabelecimentos1.zip', 'Estabelecimentos2.zip', 'Estabelecimentos3.zip', 'Estabelecimentos4.zip', 'Estabelecimentos5.zip', 'Estabelecimentos6.zip', 'Estabelecimentos7.zip', 'Estabelecimentos8.zip', 'Estabelecimentos9.zip']
[2025-01-24T22:41:48.509+0000] {logging_mixin.py:190} INFO - Baixando o arquivo: https://arquivos.receitafederal.gov.br/dados/cnpj/dados_abertos_cnpj/2025-01/Estabelecimentos0.zip
[2025-01-24T22:42:03.344+0000] {local_task_job_runner.py:318} WARNING - Recorded pid 2420 does not match the current pid 2417
[2025-01-24T22:42:03.345+0000] {local_task_job_runner.py:218} WARNING - Heartbeat failed with Exception: PID of job runner does not match
[2025-01-24T22:42:08.382+0000] {local_task_job_runner.py:318} WARNING - Recorded pid 2420 does not match the current pid 2417
[2025-01-24T22:42:08.383+0000] {local_task_job_runner.py:218} WARNING - Heartbeat failed with Exception: PID of job runner does not match
[2025-01-24T22:42:13.419+0000] {local_task_job_runner.py:318} WARNING - Recorded pid 2420 does not match the current pid 2417
[2025-01-24T22:42:13.420+0000] {local_task_job_runner.py:218} WARNING - Heartbeat failed with Exception: PID of job runner does not match
[2025-01-24T22:42:18.457+0000] {local_task_job_runner.py:318} WARNING - Recorded pid 2420 does not match the current pid 2417
[2025-01-24T22:42:18.457+0000] {local_task_job_runner.py:218} WARNING - Heartbeat failed with Exception: PID of job runner does not match
[2025-01-24T22:42:23.496+0000] {local_task_job_runner.py:318} WARNING - Recorded pid 2420 does not match the current pid 2417
[2025-01-24T22:42:23.496+0000] {local_task_job_runner.py:218} WARNING - Heartbeat failed with Exception: PID of job runner does not match
[2025-01-24T22:42:28.534+0000] {local_task_job_runner.py:318} WARNING - Recorded pid 2420 does not match the current pid 2417
[2025-01-24T22:42:28.534+0000] {local_task_job_runner.py:218} WARNING - Heartbeat failed with Exception: PID of job runner does not match
[2025-01-24T22:42:33.570+0000] {local_task_job_runner.py:318} WARNING - Recorded pid 2420 does not match the current pid 2417
[2025-01-24T22:42:33.571+0000] {local_task_job_runner.py:218} WARNING - Heartbeat failed with Exception: PID of job runner does not match
[2025-01-24T22:42:38.607+0000] {local_task_job_runner.py:318} WARNING - Recorded pid 2420 does not match the current pid 2417
[2025-01-24T22:42:38.607+0000] {local_task_job_runner.py:218} WARNING - Heartbeat failed with Exception: PID of job runner does not match
[2025-01-24T22:42:43.642+0000] {local_task_job_runner.py:318} WARNING - Recorded pid 2420 does not match the current pid 2417
[2025-01-24T22:42:43.643+0000] {local_task_job_runner.py:218} WARNING - Heartbeat failed with Exception: PID of job runner does not match
[2025-01-24T22:42:48.678+0000] {local_task_job_runner.py:318} WARNING - Recorded pid 2420 does not match the current pid 2417
[2025-01-24T22:42:48.679+0000] {local_task_job_runner.py:218} WARNING - Heartbeat failed with Exception: PID of job runner does not match
[2025-01-24T22:42:53.716+0000] {local_task_job_runner.py:318} WARNING - Recorded pid 2420 does not match the current pid 2417
[2025-01-24T22:42:53.717+0000] {local_task_job_runner.py:218} WARNING - Heartbeat failed with Exception: PID of job runner does not match
[2025-01-24T22:42:58.755+0000] {local_task_job_runner.py:318} WARNING - Recorded pid 2420 does not match the current pid 2417
[2025-01-24T22:42:58.756+0000] {local_task_job_runner.py:218} WARNING - Heartbeat failed with Exception: PID of job runner does not match
[2025-01-24T22:43:03.794+0000] {local_task_job_runner.py:318} WARNING - Recorded pid 2420 does not match the current pid 2417
[2025-01-24T22:43:03.794+0000] {local_task_job_runner.py:218} WARNING - Heartbeat failed with Exception: PID of job runner does not match
[2025-01-24T22:43:08.832+0000] {local_task_job_runner.py:318} WARNING - Recorded pid 2420 does not match the current pid 2417
[2025-01-24T22:43:08.833+0000] {local_task_job_runner.py:218} WARNING - Heartbeat failed with Exception: PID of job runner does not match
[2025-01-24T22:43:13.868+0000] {local_task_job_runner.py:318} WARNING - Recorded pid 2420 does not match the current pid 2417
[2025-01-24T22:43:13.868+0000] {local_task_job_runner.py:218} WARNING - Heartbeat failed with Exception: PID of job runner does not match
[2025-01-24T22:43:18.906+0000] {local_task_job_runner.py:318} WARNING - Recorded pid 2420 does not match the current pid 2417
[2025-01-24T22:43:18.907+0000] {local_task_job_runner.py:218} WARNING - Heartbeat failed with Exception: PID of job runner does not match
[2025-01-24T22:43:23.945+0000] {local_task_job_runner.py:318} WARNING - Recorded pid 2420 does not match the current pid 2417
[2025-01-24T22:43:23.945+0000] {local_task_job_runner.py:218} WARNING - Heartbeat failed with Exception: PID of job runner does not match
[2025-01-24T22:43:28.981+0000] {local_task_job_runner.py:318} WARNING - Recorded pid 2420 does not match the current pid 2417
[2025-01-24T22:43:28.981+0000] {local_task_job_runner.py:218} WARNING - Heartbeat failed with Exception: PID of job runner does not match
[2025-01-24T22:43:34.018+0000] {local_task_job_runner.py:318} WARNING - Recorded pid 2420 does not match the current pid 2417
[2025-01-24T22:43:34.019+0000] {local_task_job_runner.py:218} WARNING - Heartbeat failed with Exception: PID of job runner does not match
[2025-01-24T22:43:39.056+0000] {local_task_job_runner.py:318} WARNING - Recorded pid 2420 does not match the current pid 2417
[2025-01-24T22:43:39.056+0000] {local_task_job_runner.py:218} WARNING - Heartbeat failed with Exception: PID of job runner does not match
[2025-01-24T22:43:44.092+0000] {local_task_job_runner.py:318} WARNING - Recorded pid 2420 does not match the current pid 2417
[2025-01-24T22:43:44.093+0000] {local_task_job_runner.py:218} WARNING - Heartbeat failed with Exception: PID of job runner does not match
[2025-01-24T22:43:49.130+0000] {local_task_job_runner.py:318} WARNING - Recorded pid 2420 does not match the current pid 2417
[2025-01-24T22:43:49.130+0000] {local_task_job_runner.py:218} WARNING - Heartbeat failed with Exception: PID of job runner does not match
[2025-01-24T22:43:54.167+0000] {local_task_job_runner.py:318} WARNING - Recorded pid 2420 does not match the current pid 2417
[2025-01-24T22:43:54.167+0000] {local_task_job_runner.py:218} WARNING - Heartbeat failed with Exception: PID of job runner does not match
[2025-01-24T22:43:59.205+0000] {local_task_job_runner.py:318} WARNING - Recorded pid 2420 does not match the current pid 2417
[2025-01-24T22:43:59.205+0000] {local_task_job_runner.py:218} WARNING - Heartbeat failed with Exception: PID of job runner does not match
[2025-01-24T22:44:04.243+0000] {local_task_job_runner.py:318} WARNING - Recorded pid 2420 does not match the current pid 2417
[2025-01-24T22:44:04.244+0000] {local_task_job_runner.py:218} WARNING - Heartbeat failed with Exception: PID of job runner does not match
[2025-01-24T22:44:09.283+0000] {local_task_job_runner.py:318} WARNING - Recorded pid 2420 does not match the current pid 2417
[2025-01-24T22:44:09.283+0000] {local_task_job_runner.py:218} WARNING - Heartbeat failed with Exception: PID of job runner does not match
[2025-01-24T22:44:14.321+0000] {local_task_job_runner.py:318} WARNING - Recorded pid 2420 does not match the current pid 2417
[2025-01-24T22:44:14.321+0000] {local_task_job_runner.py:218} WARNING - Heartbeat failed with Exception: PID of job runner does not match
[2025-01-24T22:44:19.359+0000] {local_task_job_runner.py:318} WARNING - Recorded pid 2420 does not match the current pid 2417
[2025-01-24T22:44:19.360+0000] {local_task_job_runner.py:218} WARNING - Heartbeat failed with Exception: PID of job runner does not match
[2025-01-24T22:44:24.399+0000] {local_task_job_runner.py:318} WARNING - Recorded pid 2420 does not match the current pid 2417
[2025-01-24T22:44:24.400+0000] {local_task_job_runner.py:218} WARNING - Heartbeat failed with Exception: PID of job runner does not match
[2025-01-24T22:44:29.437+0000] {local_task_job_runner.py:318} WARNING - Recorded pid 2420 does not match the current pid 2417
[2025-01-24T22:44:29.438+0000] {local_task_job_runner.py:218} WARNING - Heartbeat failed with Exception: PID of job runner does not match
[2025-01-24T22:44:34.476+0000] {local_task_job_runner.py:318} WARNING - Recorded pid 2420 does not match the current pid 2417
[2025-01-24T22:44:34.476+0000] {local_task_job_runner.py:218} WARNING - Heartbeat failed with Exception: PID of job runner does not match
[2025-01-24T22:44:39.515+0000] {local_task_job_runner.py:318} WARNING - Recorded pid 2420 does not match the current pid 2417
[2025-01-24T22:44:39.515+0000] {local_task_job_runner.py:218} WARNING - Heartbeat failed with Exception: PID of job runner does not match
[2025-01-24T22:44:44.551+0000] {local_task_job_runner.py:318} WARNING - Recorded pid 2420 does not match the current pid 2417
[2025-01-24T22:44:44.552+0000] {local_task_job_runner.py:218} WARNING - Heartbeat failed with Exception: PID of job runner does not match
[2025-01-24T22:44:49.590+0000] {local_task_job_runner.py:318} WARNING - Recorded pid 2420 does not match the current pid 2417
[2025-01-24T22:44:49.591+0000] {local_task_job_runner.py:218} WARNING - Heartbeat failed with Exception: PID of job runner does not match
[2025-01-24T22:44:54.628+0000] {local_task_job_runner.py:318} WARNING - Recorded pid 2420 does not match the current pid 2417
[2025-01-24T22:44:54.629+0000] {local_task_job_runner.py:218} WARNING - Heartbeat failed with Exception: PID of job runner does not match
[2025-01-24T22:44:59.666+0000] {local_task_job_runner.py:318} WARNING - Recorded pid 2420 does not match the current pid 2417
[2025-01-24T22:44:59.667+0000] {local_task_job_runner.py:218} WARNING - Heartbeat failed with Exception: PID of job runner does not match
[2025-01-24T22:45:04.704+0000] {local_task_job_runner.py:318} WARNING - Recorded pid 2420 does not match the current pid 2417
[2025-01-24T22:45:04.705+0000] {local_task_job_runner.py:218} WARNING - Heartbeat failed with Exception: PID of job runner does not match
[2025-01-24T22:45:09.743+0000] {local_task_job_runner.py:318} WARNING - Recorded pid 2420 does not match the current pid 2417
[2025-01-24T22:45:09.744+0000] {local_task_job_runner.py:218} WARNING - Heartbeat failed with Exception: PID of job runner does not match
[2025-01-24T22:45:14.782+0000] {local_task_job_runner.py:318} WARNING - Recorded pid 2420 does not match the current pid 2417
[2025-01-24T22:45:14.782+0000] {local_task_job_runner.py:218} WARNING - Heartbeat failed with Exception: PID of job runner does not match
[2025-01-24T22:45:19.820+0000] {local_task_job_runner.py:318} WARNING - Recorded pid 2420 does not match the current pid 2417
[2025-01-24T22:45:19.820+0000] {local_task_job_runner.py:218} WARNING - Heartbeat failed with Exception: PID of job runner does not match
[2025-01-24T22:45:24.858+0000] {local_task_job_runner.py:318} WARNING - Recorded pid 2420 does not match the current pid 2417
[2025-01-24T22:45:24.859+0000] {local_task_job_runner.py:218} WARNING - Heartbeat failed with Exception: PID of job runner does not match
[2025-01-24T22:45:29.896+0000] {local_task_job_runner.py:318} WARNING - Recorded pid 2420 does not match the current pid 2417
[2025-01-24T22:45:29.897+0000] {local_task_job_runner.py:218} WARNING - Heartbeat failed with Exception: PID of job runner does not match
[2025-01-24T22:45:34.935+0000] {local_task_job_runner.py:318} WARNING - Recorded pid 2420 does not match the current pid 2417
[2025-01-24T22:45:34.935+0000] {local_task_job_runner.py:218} WARNING - Heartbeat failed with Exception: PID of job runner does not match
[2025-01-24T22:45:39.973+0000] {local_task_job_runner.py:318} WARNING - Recorded pid 2420 does not match the current pid 2417
[2025-01-24T22:45:39.974+0000] {local_task_job_runner.py:218} WARNING - Heartbeat failed with Exception: PID of job runner does not match
[2025-01-24T22:45:45.012+0000] {local_task_job_runner.py:318} WARNING - Recorded pid 2420 does not match the current pid 2417
[2025-01-24T22:45:45.012+0000] {local_task_job_runner.py:218} WARNING - Heartbeat failed with Exception: PID of job runner does not match
[2025-01-24T22:45:50.051+0000] {local_task_job_runner.py:318} WARNING - Recorded pid 2420 does not match the current pid 2417
[2025-01-24T22:45:50.052+0000] {local_task_job_runner.py:218} WARNING - Heartbeat failed with Exception: PID of job runner does not match
[2025-01-24T22:45:55.090+0000] {local_task_job_runner.py:318} WARNING - Recorded pid 2420 does not match the current pid 2417
[2025-01-24T22:45:55.090+0000] {local_task_job_runner.py:218} WARNING - Heartbeat failed with Exception: PID of job runner does not match
[2025-01-24T22:46:00.131+0000] {local_task_job_runner.py:318} WARNING - Recorded pid 2420 does not match the current pid 2417
[2025-01-24T22:46:00.131+0000] {local_task_job_runner.py:218} WARNING - Heartbeat failed with Exception: PID of job runner does not match
[2025-01-24T22:46:05.168+0000] {local_task_job_runner.py:318} WARNING - Recorded pid 2420 does not match the current pid 2417
[2025-01-24T22:46:05.169+0000] {local_task_job_runner.py:218} WARNING - Heartbeat failed with Exception: PID of job runner does not match
[2025-01-24T22:46:10.204+0000] {local_task_job_runner.py:318} WARNING - Recorded pid 2420 does not match the current pid 2417
[2025-01-24T22:46:10.204+0000] {local_task_job_runner.py:218} WARNING - Heartbeat failed with Exception: PID of job runner does not match
[2025-01-24T22:46:15.243+0000] {local_task_job_runner.py:318} WARNING - Recorded pid 2420 does not match the current pid 2417
[2025-01-24T22:46:15.243+0000] {local_task_job_runner.py:218} WARNING - Heartbeat failed with Exception: PID of job runner does not match
[2025-01-24T22:46:20.284+0000] {local_task_job_runner.py:318} WARNING - Recorded pid 2420 does not match the current pid 2417
[2025-01-24T22:46:20.284+0000] {local_task_job_runner.py:218} WARNING - Heartbeat failed with Exception: PID of job runner does not match
[2025-01-24T22:46:25.322+0000] {local_task_job_runner.py:318} WARNING - Recorded pid 2420 does not match the current pid 2417
[2025-01-24T22:46:25.322+0000] {local_task_job_runner.py:218} WARNING - Heartbeat failed with Exception: PID of job runner does not match
[2025-01-24T22:46:30.360+0000] {local_task_job_runner.py:318} WARNING - Recorded pid 2420 does not match the current pid 2417
[2025-01-24T22:46:30.361+0000] {local_task_job_runner.py:218} WARNING - Heartbeat failed with Exception: PID of job runner does not match
[2025-01-24T22:46:35.397+0000] {local_task_job_runner.py:318} WARNING - Recorded pid 2420 does not match the current pid 2417
[2025-01-24T22:46:35.397+0000] {local_task_job_runner.py:218} WARNING - Heartbeat failed with Exception: PID of job runner does not match
[2025-01-24T22:46:40.436+0000] {local_task_job_runner.py:318} WARNING - Recorded pid 2420 does not match the current pid 2417
[2025-01-24T22:46:40.437+0000] {local_task_job_runner.py:218} WARNING - Heartbeat failed with Exception: PID of job runner does not match
[2025-01-24T22:46:45.475+0000] {local_task_job_runner.py:318} WARNING - Recorded pid 2420 does not match the current pid 2417
[2025-01-24T22:46:45.476+0000] {local_task_job_runner.py:218} WARNING - Heartbeat failed with Exception: PID of job runner does not match
[2025-01-24T22:46:50.513+0000] {local_task_job_runner.py:318} WARNING - Recorded pid 2420 does not match the current pid 2417
[2025-01-24T22:46:50.514+0000] {local_task_job_runner.py:218} WARNING - Heartbeat failed with Exception: PID of job runner does not match
[2025-01-24T22:46:55.551+0000] {local_task_job_runner.py:318} WARNING - Recorded pid 2420 does not match the current pid 2417
[2025-01-24T22:46:55.551+0000] {local_task_job_runner.py:218} WARNING - Heartbeat failed with Exception: PID of job runner does not match
[2025-01-24T22:47:00.588+0000] {local_task_job_runner.py:318} WARNING - Recorded pid 2420 does not match the current pid 2417
[2025-01-24T22:47:00.589+0000] {local_task_job_runner.py:218} WARNING - Heartbeat failed with Exception: PID of job runner does not match
[2025-01-24T22:47:05.628+0000] {local_task_job_runner.py:318} WARNING - Recorded pid 2420 does not match the current pid 2417
[2025-01-24T22:47:05.628+0000] {local_task_job_runner.py:218} WARNING - Heartbeat failed with Exception: PID of job runner does not match
[2025-01-24T22:47:10.665+0000] {local_task_job_runner.py:318} WARNING - Recorded pid 2420 does not match the current pid 2417
[2025-01-24T22:47:10.665+0000] {local_task_job_runner.py:218} WARNING - Heartbeat failed with Exception: PID of job runner does not match
[2025-01-24T22:47:15.703+0000] {local_task_job_runner.py:318} WARNING - Recorded pid 2420 does not match the current pid 2417
[2025-01-24T22:47:15.704+0000] {local_task_job_runner.py:218} WARNING - Heartbeat failed with Exception: PID of job runner does not match
[2025-01-24T22:47:20.742+0000] {local_task_job_runner.py:318} WARNING - Recorded pid 2420 does not match the current pid 2417
[2025-01-24T22:47:20.742+0000] {local_task_job_runner.py:218} WARNING - Heartbeat failed with Exception: PID of job runner does not match
[2025-01-24T22:47:25.780+0000] {local_task_job_runner.py:318} WARNING - Recorded pid 2420 does not match the current pid 2417
[2025-01-24T22:47:25.780+0000] {local_task_job_runner.py:218} WARNING - Heartbeat failed with Exception: PID of job runner does not match
[2025-01-24T22:47:30.817+0000] {local_task_job_runner.py:318} WARNING - Recorded pid 2420 does not match the current pid 2417
[2025-01-24T22:47:30.818+0000] {local_task_job_runner.py:218} WARNING - Heartbeat failed with Exception: PID of job runner does not match
[2025-01-24T22:47:35.855+0000] {local_task_job_runner.py:318} WARNING - Recorded pid 2420 does not match the current pid 2417
[2025-01-24T22:47:35.855+0000] {local_task_job_runner.py:218} WARNING - Heartbeat failed with Exception: PID of job runner does not match
[2025-01-24T22:47:40.894+0000] {local_task_job_runner.py:318} WARNING - Recorded pid 2420 does not match the current pid 2417
[2025-01-24T22:47:40.894+0000] {local_task_job_runner.py:218} WARNING - Heartbeat failed with Exception: PID of job runner does not match
[2025-01-24T22:47:45.933+0000] {local_task_job_runner.py:318} WARNING - Recorded pid 2420 does not match the current pid 2417
[2025-01-24T22:47:45.933+0000] {local_task_job_runner.py:218} WARNING - Heartbeat failed with Exception: PID of job runner does not match
[2025-01-24T22:47:50.970+0000] {local_task_job_runner.py:318} WARNING - Recorded pid 2420 does not match the current pid 2417
[2025-01-24T22:47:50.971+0000] {local_task_job_runner.py:218} WARNING - Heartbeat failed with Exception: PID of job runner does not match
[2025-01-24T22:47:56.007+0000] {local_task_job_runner.py:318} WARNING - Recorded pid 2420 does not match the current pid 2417
[2025-01-24T22:47:56.007+0000] {local_task_job_runner.py:218} WARNING - Heartbeat failed with Exception: PID of job runner does not match
[2025-01-24T22:48:01.044+0000] {local_task_job_runner.py:318} WARNING - Recorded pid 2420 does not match the current pid 2417
[2025-01-24T22:48:01.045+0000] {local_task_job_runner.py:218} WARNING - Heartbeat failed with Exception: PID of job runner does not match
[2025-01-24T22:48:06.083+0000] {local_task_job_runner.py:318} WARNING - Recorded pid 2420 does not match the current pid 2417
[2025-01-24T22:48:06.083+0000] {local_task_job_runner.py:218} WARNING - Heartbeat failed with Exception: PID of job runner does not match
[2025-01-24T22:48:11.118+0000] {local_task_job_runner.py:318} WARNING - Recorded pid 2420 does not match the current pid 2417
[2025-01-24T22:48:11.118+0000] {local_task_job_runner.py:218} WARNING - Heartbeat failed with Exception: PID of job runner does not match
[2025-01-24T22:48:16.157+0000] {local_task_job_runner.py:318} WARNING - Recorded pid 2420 does not match the current pid 2417
[2025-01-24T22:48:16.157+0000] {local_task_job_runner.py:218} WARNING - Heartbeat failed with Exception: PID of job runner does not match
[2025-01-24T22:48:21.195+0000] {local_task_job_runner.py:318} WARNING - Recorded pid 2420 does not match the current pid 2417
[2025-01-24T22:48:21.196+0000] {local_task_job_runner.py:218} WARNING - Heartbeat failed with Exception: PID of job runner does not match
[2025-01-24T22:48:26.234+0000] {local_task_job_runner.py:318} WARNING - Recorded pid 2420 does not match the current pid 2417
[2025-01-24T22:48:26.235+0000] {local_task_job_runner.py:218} WARNING - Heartbeat failed with Exception: PID of job runner does not match
[2025-01-24T22:48:31.273+0000] {local_task_job_runner.py:318} WARNING - Recorded pid 2420 does not match the current pid 2417
[2025-01-24T22:48:31.274+0000] {local_task_job_runner.py:218} WARNING - Heartbeat failed with Exception: PID of job runner does not match
[2025-01-24T22:48:36.313+0000] {local_task_job_runner.py:318} WARNING - Recorded pid 2420 does not match the current pid 2417
[2025-01-24T22:48:36.313+0000] {local_task_job_runner.py:218} WARNING - Heartbeat failed with Exception: PID of job runner does not match
[2025-01-24T22:48:41.351+0000] {local_task_job_runner.py:318} WARNING - Recorded pid 2420 does not match the current pid 2417
[2025-01-24T22:48:41.352+0000] {local_task_job_runner.py:218} WARNING - Heartbeat failed with Exception: PID of job runner does not match
[2025-01-24T22:48:46.389+0000] {local_task_job_runner.py:318} WARNING - Recorded pid 2420 does not match the current pid 2417
[2025-01-24T22:48:46.389+0000] {local_task_job_runner.py:218} WARNING - Heartbeat failed with Exception: PID of job runner does not match
[2025-01-24T22:48:51.427+0000] {local_task_job_runner.py:318} WARNING - Recorded pid 2420 does not match the current pid 2417
[2025-01-24T22:48:51.427+0000] {local_task_job_runner.py:218} WARNING - Heartbeat failed with Exception: PID of job runner does not match
[2025-01-24T22:48:56.465+0000] {local_task_job_runner.py:318} WARNING - Recorded pid 2420 does not match the current pid 2417
[2025-01-24T22:48:56.465+0000] {local_task_job_runner.py:218} WARNING - Heartbeat failed with Exception: PID of job runner does not match
[2025-01-24T22:49:01.503+0000] {local_task_job_runner.py:318} WARNING - Recorded pid 2420 does not match the current pid 2417
[2025-01-24T22:49:01.504+0000] {local_task_job_runner.py:218} WARNING - Heartbeat failed with Exception: PID of job runner does not match
[2025-01-24T22:49:06.541+0000] {local_task_job_runner.py:318} WARNING - Recorded pid 2420 does not match the current pid 2417
[2025-01-24T22:49:06.541+0000] {local_task_job_runner.py:218} WARNING - Heartbeat failed with Exception: PID of job runner does not match
[2025-01-24T22:49:11.579+0000] {local_task_job_runner.py:318} WARNING - Recorded pid 2420 does not match the current pid 2417
[2025-01-24T22:49:11.579+0000] {local_task_job_runner.py:218} WARNING - Heartbeat failed with Exception: PID of job runner does not match
[2025-01-24T22:49:16.616+0000] {local_task_job_runner.py:318} WARNING - Recorded pid 2420 does not match the current pid 2417
[2025-01-24T22:49:16.617+0000] {local_task_job_runner.py:218} WARNING - Heartbeat failed with Exception: PID of job runner does not match
[2025-01-24T22:49:21.654+0000] {local_task_job_runner.py:318} WARNING - Recorded pid 2420 does not match the current pid 2417
[2025-01-24T22:49:21.654+0000] {local_task_job_runner.py:218} WARNING - Heartbeat failed with Exception: PID of job runner does not match
[2025-01-24T22:49:26.692+0000] {local_task_job_runner.py:318} WARNING - Recorded pid 2420 does not match the current pid 2417
[2025-01-24T22:49:26.692+0000] {local_task_job_runner.py:218} WARNING - Heartbeat failed with Exception: PID of job runner does not match
[2025-01-24T22:49:31.730+0000] {local_task_job_runner.py:318} WARNING - Recorded pid 2420 does not match the current pid 2417
[2025-01-24T22:49:31.730+0000] {local_task_job_runner.py:218} WARNING - Heartbeat failed with Exception: PID of job runner does not match
[2025-01-24T22:49:36.768+0000] {local_task_job_runner.py:318} WARNING - Recorded pid 2420 does not match the current pid 2417
[2025-01-24T22:49:36.768+0000] {local_task_job_runner.py:218} WARNING - Heartbeat failed with Exception: PID of job runner does not match
[2025-01-24T22:49:41.806+0000] {local_task_job_runner.py:318} WARNING - Recorded pid 2420 does not match the current pid 2417
[2025-01-24T22:49:41.806+0000] {local_task_job_runner.py:218} WARNING - Heartbeat failed with Exception: PID of job runner does not match
[2025-01-24T22:49:46.845+0000] {local_task_job_runner.py:318} WARNING - Recorded pid 2420 does not match the current pid 2417
[2025-01-24T22:49:46.845+0000] {local_task_job_runner.py:218} WARNING - Heartbeat failed with Exception: PID of job runner does not match
[2025-01-24T22:49:51.884+0000] {local_task_job_runner.py:318} WARNING - Recorded pid 2420 does not match the current pid 2417
[2025-01-24T22:49:51.885+0000] {local_task_job_runner.py:218} WARNING - Heartbeat failed with Exception: PID of job runner does not match
[2025-01-24T22:49:56.922+0000] {local_task_job_runner.py:318} WARNING - Recorded pid 2420 does not match the current pid 2417
[2025-01-24T22:49:56.923+0000] {local_task_job_runner.py:218} WARNING - Heartbeat failed with Exception: PID of job runner does not match
[2025-01-24T22:50:01.961+0000] {local_task_job_runner.py:318} WARNING - Recorded pid 2420 does not match the current pid 2417
[2025-01-24T22:50:01.961+0000] {local_task_job_runner.py:218} WARNING - Heartbeat failed with Exception: PID of job runner does not match
[2025-01-24T22:50:06.999+0000] {local_task_job_runner.py:318} WARNING - Recorded pid 2420 does not match the current pid 2417
[2025-01-24T22:50:07.000+0000] {local_task_job_runner.py:218} WARNING - Heartbeat failed with Exception: PID of job runner does not match
[2025-01-24T22:50:12.035+0000] {local_task_job_runner.py:318} WARNING - Recorded pid 2420 does not match the current pid 2417
[2025-01-24T22:50:12.036+0000] {local_task_job_runner.py:218} WARNING - Heartbeat failed with Exception: PID of job runner does not match
[2025-01-24T22:50:17.073+0000] {local_task_job_runner.py:318} WARNING - Recorded pid 2420 does not match the current pid 2417
[2025-01-24T22:50:17.073+0000] {local_task_job_runner.py:218} WARNING - Heartbeat failed with Exception: PID of job runner does not match
[2025-01-24T22:50:22.109+0000] {local_task_job_runner.py:318} WARNING - Recorded pid 2420 does not match the current pid 2417
[2025-01-24T22:50:22.110+0000] {local_task_job_runner.py:218} WARNING - Heartbeat failed with Exception: PID of job runner does not match
[2025-01-24T22:50:27.147+0000] {local_task_job_runner.py:318} WARNING - Recorded pid 2420 does not match the current pid 2417
[2025-01-24T22:50:27.148+0000] {local_task_job_runner.py:218} WARNING - Heartbeat failed with Exception: PID of job runner does not match
[2025-01-24T22:50:32.184+0000] {local_task_job_runner.py:318} WARNING - Recorded pid 2420 does not match the current pid 2417
[2025-01-24T22:50:32.184+0000] {local_task_job_runner.py:218} WARNING - Heartbeat failed with Exception: PID of job runner does not match
[2025-01-24T22:50:37.804+0000] {local_task_job_runner.py:318} WARNING - Recorded pid 2420 does not match the current pid 2417
[2025-01-24T22:50:37.805+0000] {local_task_job_runner.py:218} WARNING - Heartbeat failed with Exception: PID of job runner does not match
[2025-01-24T22:50:42.849+0000] {local_task_job_runner.py:318} WARNING - Recorded pid 2420 does not match the current pid 2417
[2025-01-24T22:50:42.850+0000] {local_task_job_runner.py:218} WARNING - Heartbeat failed with Exception: PID of job runner does not match
[2025-01-24T22:50:47.889+0000] {local_task_job_runner.py:318} WARNING - Recorded pid 2420 does not match the current pid 2417
[2025-01-24T22:50:47.890+0000] {local_task_job_runner.py:218} WARNING - Heartbeat failed with Exception: PID of job runner does not match
[2025-01-24T22:50:52.933+0000] {local_task_job_runner.py:318} WARNING - Recorded pid 2420 does not match the current pid 2417
[2025-01-24T22:50:52.934+0000] {local_task_job_runner.py:218} WARNING - Heartbeat failed with Exception: PID of job runner does not match
[2025-01-24T22:50:57.972+0000] {local_task_job_runner.py:318} WARNING - Recorded pid 2420 does not match the current pid 2417
[2025-01-24T22:50:57.972+0000] {local_task_job_runner.py:218} WARNING - Heartbeat failed with Exception: PID of job runner does not match
[2025-01-24T22:51:03.011+0000] {local_task_job_runner.py:318} WARNING - Recorded pid 2420 does not match the current pid 2417
[2025-01-24T22:51:03.012+0000] {local_task_job_runner.py:218} WARNING - Heartbeat failed with Exception: PID of job runner does not match
[2025-01-24T22:51:08.054+0000] {local_task_job_runner.py:318} WARNING - Recorded pid 2420 does not match the current pid 2417
[2025-01-24T22:51:08.055+0000] {local_task_job_runner.py:218} WARNING - Heartbeat failed with Exception: PID of job runner does not match
[2025-01-24T22:51:08.279+0000] {logging_mixin.py:190} INFO - Download concluído: https://arquivos.receitafederal.gov.br/dados/cnpj/dados_abertos_cnpj/2025-01/Estabelecimentos0.zip
[2025-01-24T22:51:13.097+0000] {local_task_job_runner.py:318} WARNING - Recorded pid 2420 does not match the current pid 2417
[2025-01-24T22:51:13.097+0000] {local_task_job_runner.py:218} WARNING - Heartbeat failed with Exception: PID of job runner does not match
[2025-01-24T22:51:18.137+0000] {local_task_job_runner.py:318} WARNING - Recorded pid 2420 does not match the current pid 2417
[2025-01-24T22:51:18.137+0000] {local_task_job_runner.py:218} WARNING - Heartbeat failed with Exception: PID of job runner does not match
[2025-01-24T22:51:23.185+0000] {local_task_job_runner.py:318} WARNING - Recorded pid 2420 does not match the current pid 2417
[2025-01-24T22:51:23.185+0000] {local_task_job_runner.py:218} WARNING - Heartbeat failed with Exception: PID of job runner does not match
[2025-01-24T22:51:26.432+0000] {logging_mixin.py:190} INFO - Arquivos descompactados: ['/tmp/9ea989399bb5414dbe27723b11cee275_extracted/K3241.K03200Y0.D50111.ESTABELE']
[2025-01-24T22:51:28.234+0000] {local_task_job_runner.py:318} WARNING - Recorded pid 2420 does not match the current pid 2417
[2025-01-24T22:51:28.234+0000] {local_task_job_runner.py:218} WARNING - Heartbeat failed with Exception: PID of job runner does not match
[2025-01-24T22:51:33.277+0000] {local_task_job_runner.py:318} WARNING - Recorded pid 2420 does not match the current pid 2417
[2025-01-24T22:51:33.277+0000] {local_task_job_runner.py:218} WARNING - Heartbeat failed with Exception: PID of job runner does not match
[2025-01-24T22:51:38.320+0000] {local_task_job_runner.py:318} WARNING - Recorded pid 2420 does not match the current pid 2417
[2025-01-24T22:51:38.321+0000] {local_task_job_runner.py:218} WARNING - Heartbeat failed with Exception: PID of job runner does not match
[2025-01-24T22:51:43.361+0000] {local_task_job_runner.py:318} WARNING - Recorded pid 2420 does not match the current pid 2417
[2025-01-24T22:51:43.361+0000] {local_task_job_runner.py:218} WARNING - Heartbeat failed with Exception: PID of job runner does not match
[2025-01-24T22:51:48.402+0000] {local_task_job_runner.py:318} WARNING - Recorded pid 2420 does not match the current pid 2417
[2025-01-24T22:51:48.415+0000] {local_task_job_runner.py:218} WARNING - Heartbeat failed with Exception: PID of job runner does not match
[2025-01-24T22:51:53.457+0000] {local_task_job_runner.py:318} WARNING - Recorded pid 2420 does not match the current pid 2417
[2025-01-24T22:51:53.458+0000] {local_task_job_runner.py:218} WARNING - Heartbeat failed with Exception: PID of job runner does not match
[2025-01-24T22:57:09.648+0000] {connectionpool.py:870} WARNING - Retrying (Retry(total=4, connect=None, read=None, redirect=None, status=None)) after connection broken by 'ReadTimeoutError("HTTPConnectionPool(host='host.docker.internal', port=9000): Read timed out. (read timeout=300)")': /raw/full_cpf/Estabelecimentos/2025-01/Estabelecimentos_986e8f123de0455c82cf621cc1e514d1.csv?partNumber=173&uploadId=ZTA4ODNjYjYtMmE3OC00N2Q3LThkNmItYWQ5OTczYjg2YTNiLjVkMzFmZWU2LThiOWYtNDNiZS1iZDJkLTAwMDEyYThhMDY5OXgxNzM3NzU5MDg4MTQ4ODIzNzgz
[2025-01-24T22:57:09.960+0000] {connectionpool.py:870} WARNING - Retrying (Retry(total=4, connect=None, read=None, redirect=None, status=None)) after connection broken by 'TimeoutError('timed out')': /raw/full_cpf/Estabelecimentos/2025-01/Estabelecimentos_986e8f123de0455c82cf621cc1e514d1.csv?partNumber=174&uploadId=ZTA4ODNjYjYtMmE3OC00N2Q3LThkNmItYWQ5OTczYjg2YTNiLjVkMzFmZWU2LThiOWYtNDNiZS1iZDJkLTAwMDEyYThhMDY5OXgxNzM3NzU5MDg4MTQ4ODIzNzgz
[2025-01-24T22:57:10.000+0000] {connectionpool.py:870} WARNING - Retrying (Retry(total=4, connect=None, read=None, redirect=None, status=None)) after connection broken by 'ReadTimeoutError("HTTPConnectionPool(host='host.docker.internal', port=9000): Read timed out. (read timeout=300)")': /raw/full_cpf/Estabelecimentos/2025-01/Estabelecimentos_986e8f123de0455c82cf621cc1e514d1.csv?partNumber=175&uploadId=ZTA4ODNjYjYtMmE3OC00N2Q3LThkNmItYWQ5OTczYjg2YTNiLjVkMzFmZWU2LThiOWYtNDNiZS1iZDJkLTAwMDEyYThhMDY5OXgxNzM3NzU5MDg4MTQ4ODIzNzgz
[2025-01-24T22:57:18.050+0000] {connectionpool.py:870} WARNING - Retrying (Retry(total=3, connect=None, read=None, redirect=None, status=None)) after connection broken by 'NameResolutionError("<urllib3.connection.HTTPConnection object at 0x7fe21cf7e150>: Failed to resolve 'host.docker.internal' ([Errno -3] Temporary failure in name resolution)")': /raw/full_cpf/Estabelecimentos/2025-01/Estabelecimentos_986e8f123de0455c82cf621cc1e514d1.csv?partNumber=173&uploadId=ZTA4ODNjYjYtMmE3OC00N2Q3LThkNmItYWQ5OTczYjg2YTNiLjVkMzFmZWU2LThiOWYtNDNiZS1iZDJkLTAwMDEyYThhMDY5OXgxNzM3NzU5MDg4MTQ4ODIzNzgz
[2025-01-24T22:57:18.363+0000] {connectionpool.py:870} WARNING - Retrying (Retry(total=3, connect=None, read=None, redirect=None, status=None)) after connection broken by 'NameResolutionError("<urllib3.connection.HTTPConnection object at 0x7fe21cf7d760>: Failed to resolve 'host.docker.internal' ([Errno -3] Temporary failure in name resolution)")': /raw/full_cpf/Estabelecimentos/2025-01/Estabelecimentos_986e8f123de0455c82cf621cc1e514d1.csv?partNumber=174&uploadId=ZTA4ODNjYjYtMmE3OC00N2Q3LThkNmItYWQ5OTczYjg2YTNiLjVkMzFmZWU2LThiOWYtNDNiZS1iZDJkLTAwMDEyYThhMDY5OXgxNzM3NzU5MDg4MTQ4ODIzNzgz
[2025-01-24T22:57:18.404+0000] {connectionpool.py:870} WARNING - Retrying (Retry(total=3, connect=None, read=None, redirect=None, status=None)) after connection broken by 'NameResolutionError("<urllib3.connection.HTTPConnection object at 0x7fe21cf7d430>: Failed to resolve 'host.docker.internal' ([Errno -3] Temporary failure in name resolution)")': /raw/full_cpf/Estabelecimentos/2025-01/Estabelecimentos_986e8f123de0455c82cf621cc1e514d1.csv?partNumber=175&uploadId=ZTA4ODNjYjYtMmE3OC00N2Q3LThkNmItYWQ5OTczYjg2YTNiLjVkMzFmZWU2LThiOWYtNDNiZS1iZDJkLTAwMDEyYThhMDY5OXgxNzM3NzU5MDg4MTQ4ODIzNzgz
[2025-01-24T22:57:26.854+0000] {connectionpool.py:870} WARNING - Retrying (Retry(total=2, connect=None, read=None, redirect=None, status=None)) after connection broken by 'NameResolutionError("<urllib3.connection.HTTPConnection object at 0x7fe21cf7cfb0>: Failed to resolve 'host.docker.internal' ([Errno -3] Temporary failure in name resolution)")': /raw/full_cpf/Estabelecimentos/2025-01/Estabelecimentos_986e8f123de0455c82cf621cc1e514d1.csv?partNumber=173&uploadId=ZTA4ODNjYjYtMmE3OC00N2Q3LThkNmItYWQ5OTczYjg2YTNiLjVkMzFmZWU2LThiOWYtNDNiZS1iZDJkLTAwMDEyYThhMDY5OXgxNzM3NzU5MDg4MTQ4ODIzNzgz
[2025-01-24T22:57:27.166+0000] {connectionpool.py:870} WARNING - Retrying (Retry(total=2, connect=None, read=None, redirect=None, status=None)) after connection broken by 'NameResolutionError("<urllib3.connection.HTTPConnection object at 0x7fe21cf7caa0>: Failed to resolve 'host.docker.internal' ([Errno -3] Temporary failure in name resolution)")': /raw/full_cpf/Estabelecimentos/2025-01/Estabelecimentos_986e8f123de0455c82cf621cc1e514d1.csv?partNumber=174&uploadId=ZTA4ODNjYjYtMmE3OC00N2Q3LThkNmItYWQ5OTczYjg2YTNiLjVkMzFmZWU2LThiOWYtNDNiZS1iZDJkLTAwMDEyYThhMDY5OXgxNzM3NzU5MDg4MTQ4ODIzNzgz
[2025-01-24T22:57:27.206+0000] {connectionpool.py:870} WARNING - Retrying (Retry(total=2, connect=None, read=None, redirect=None, status=None)) after connection broken by 'NameResolutionError("<urllib3.connection.HTTPConnection object at 0x7fe21cf7c740>: Failed to resolve 'host.docker.internal' ([Errno -3] Temporary failure in name resolution)")': /raw/full_cpf/Estabelecimentos/2025-01/Estabelecimentos_986e8f123de0455c82cf621cc1e514d1.csv?partNumber=175&uploadId=ZTA4ODNjYjYtMmE3OC00N2Q3LThkNmItYWQ5OTczYjg2YTNiLjVkMzFmZWU2LThiOWYtNDNiZS1iZDJkLTAwMDEyYThhMDY5OXgxNzM3NzU5MDg4MTQ4ODIzNzgz
[2025-01-24T22:57:36.457+0000] {connectionpool.py:870} WARNING - Retrying (Retry(total=1, connect=None, read=None, redirect=None, status=None)) after connection broken by 'NameResolutionError("<urllib3.connection.HTTPConnection object at 0x7fe21cf7c200>: Failed to resolve 'host.docker.internal' ([Errno -3] Temporary failure in name resolution)")': /raw/full_cpf/Estabelecimentos/2025-01/Estabelecimentos_986e8f123de0455c82cf621cc1e514d1.csv?partNumber=173&uploadId=ZTA4ODNjYjYtMmE3OC00N2Q3LThkNmItYWQ5OTczYjg2YTNiLjVkMzFmZWU2LThiOWYtNDNiZS1iZDJkLTAwMDEyYThhMDY5OXgxNzM3NzU5MDg4MTQ4ODIzNzgz
[2025-01-24T22:57:36.769+0000] {connectionpool.py:870} WARNING - Retrying (Retry(total=1, connect=None, read=None, redirect=None, status=None)) after connection broken by 'NameResolutionError("<urllib3.connection.HTTPConnection object at 0x7fe21cf6bec0>: Failed to resolve 'host.docker.internal' ([Errno -3] Temporary failure in name resolution)")': /raw/full_cpf/Estabelecimentos/2025-01/Estabelecimentos_986e8f123de0455c82cf621cc1e514d1.csv?partNumber=174&uploadId=ZTA4ODNjYjYtMmE3OC00N2Q3LThkNmItYWQ5OTczYjg2YTNiLjVkMzFmZWU2LThiOWYtNDNiZS1iZDJkLTAwMDEyYThhMDY5OXgxNzM3NzU5MDg4MTQ4ODIzNzgz
[2025-01-24T22:57:36.809+0000] {connectionpool.py:870} WARNING - Retrying (Retry(total=1, connect=None, read=None, redirect=None, status=None)) after connection broken by 'NameResolutionError("<urllib3.connection.HTTPConnection object at 0x7fe21cf6ba70>: Failed to resolve 'host.docker.internal' ([Errno -3] Temporary failure in name resolution)")': /raw/full_cpf/Estabelecimentos/2025-01/Estabelecimentos_986e8f123de0455c82cf621cc1e514d1.csv?partNumber=175&uploadId=ZTA4ODNjYjYtMmE3OC00N2Q3LThkNmItYWQ5OTczYjg2YTNiLjVkMzFmZWU2LThiOWYtNDNiZS1iZDJkLTAwMDEyYThhMDY5OXgxNzM3NzU5MDg4MTQ4ODIzNzgz
[2025-01-24T22:57:47.660+0000] {connectionpool.py:870} WARNING - Retrying (Retry(total=0, connect=None, read=None, redirect=None, status=None)) after connection broken by 'NameResolutionError("<urllib3.connection.HTTPConnection object at 0x7fe21cf6b620>: Failed to resolve 'host.docker.internal' ([Errno -3] Temporary failure in name resolution)")': /raw/full_cpf/Estabelecimentos/2025-01/Estabelecimentos_986e8f123de0455c82cf621cc1e514d1.csv?partNumber=173&uploadId=ZTA4ODNjYjYtMmE3OC00N2Q3LThkNmItYWQ5OTczYjg2YTNiLjVkMzFmZWU2LThiOWYtNDNiZS1iZDJkLTAwMDEyYThhMDY5OXgxNzM3NzU5MDg4MTQ4ODIzNzgz
[2025-01-24T22:57:47.971+0000] {connectionpool.py:870} WARNING - Retrying (Retry(total=0, connect=None, read=None, redirect=None, status=None)) after connection broken by 'NameResolutionError("<urllib3.connection.HTTPConnection object at 0x7fe21cf6b170>: Failed to resolve 'host.docker.internal' ([Errno -3] Temporary failure in name resolution)")': /raw/full_cpf/Estabelecimentos/2025-01/Estabelecimentos_986e8f123de0455c82cf621cc1e514d1.csv?partNumber=174&uploadId=ZTA4ODNjYjYtMmE3OC00N2Q3LThkNmItYWQ5OTczYjg2YTNiLjVkMzFmZWU2LThiOWYtNDNiZS1iZDJkLTAwMDEyYThhMDY5OXgxNzM3NzU5MDg4MTQ4ODIzNzgz
[2025-01-24T22:57:48.012+0000] {connectionpool.py:870} WARNING - Retrying (Retry(total=0, connect=None, read=None, redirect=None, status=None)) after connection broken by 'NameResolutionError("<urllib3.connection.HTTPConnection object at 0x7fe21cf6ae10>: Failed to resolve 'host.docker.internal' ([Errno -3] Temporary failure in name resolution)")': /raw/full_cpf/Estabelecimentos/2025-01/Estabelecimentos_986e8f123de0455c82cf621cc1e514d1.csv?partNumber=175&uploadId=ZTA4ODNjYjYtMmE3OC00N2Q3LThkNmItYWQ5OTczYjg2YTNiLjVkMzFmZWU2LThiOWYtNDNiZS1iZDJkLTAwMDEyYThhMDY5OXgxNzM3NzU5MDg4MTQ4ODIzNzgz
[2025-01-24T22:58:04.309+0000] {connectionpool.py:870} WARNING - Retrying (Retry(total=4, connect=None, read=None, redirect=None, status=None)) after connection broken by 'NameResolutionError("<urllib3.connection.HTTPConnection object at 0x7fe21cf68590>: Failed to resolve 'host.docker.internal' ([Errno -3] Temporary failure in name resolution)")': /raw/full_cpf/Estabelecimentos/2025-01/Estabelecimentos_986e8f123de0455c82cf621cc1e514d1.csv?uploadId=ZTA4ODNjYjYtMmE3OC00N2Q3LThkNmItYWQ5OTczYjg2YTNiLjVkMzFmZWU2LThiOWYtNDNiZS1iZDJkLTAwMDEyYThhMDY5OXgxNzM3NzU5MDg4MTQ4ODIzNzgz
[2025-01-24T22:58:12.712+0000] {connectionpool.py:870} WARNING - Retrying (Retry(total=3, connect=None, read=None, redirect=None, status=None)) after connection broken by 'NameResolutionError("<urllib3.connection.HTTPConnection object at 0x7fe21cf689b0>: Failed to resolve 'host.docker.internal' ([Errno -3] Temporary failure in name resolution)")': /raw/full_cpf/Estabelecimentos/2025-01/Estabelecimentos_986e8f123de0455c82cf621cc1e514d1.csv?uploadId=ZTA4ODNjYjYtMmE3OC00N2Q3LThkNmItYWQ5OTczYjg2YTNiLjVkMzFmZWU2LThiOWYtNDNiZS1iZDJkLTAwMDEyYThhMDY5OXgxNzM3NzU5MDg4MTQ4ODIzNzgz
[2025-01-24T22:58:21.516+0000] {connectionpool.py:870} WARNING - Retrying (Retry(total=2, connect=None, read=None, redirect=None, status=None)) after connection broken by 'NameResolutionError("<urllib3.connection.HTTPConnection object at 0x7fe21cf693d0>: Failed to resolve 'host.docker.internal' ([Errno -3] Temporary failure in name resolution)")': /raw/full_cpf/Estabelecimentos/2025-01/Estabelecimentos_986e8f123de0455c82cf621cc1e514d1.csv?uploadId=ZTA4ODNjYjYtMmE3OC00N2Q3LThkNmItYWQ5OTczYjg2YTNiLjVkMzFmZWU2LThiOWYtNDNiZS1iZDJkLTAwMDEyYThhMDY5OXgxNzM3NzU5MDg4MTQ4ODIzNzgz
[2025-01-24T22:58:31.118+0000] {connectionpool.py:870} WARNING - Retrying (Retry(total=1, connect=None, read=None, redirect=None, status=None)) after connection broken by 'NameResolutionError("<urllib3.connection.HTTPConnection object at 0x7fe21cf69880>: Failed to resolve 'host.docker.internal' ([Errno -3] Temporary failure in name resolution)")': /raw/full_cpf/Estabelecimentos/2025-01/Estabelecimentos_986e8f123de0455c82cf621cc1e514d1.csv?uploadId=ZTA4ODNjYjYtMmE3OC00N2Q3LThkNmItYWQ5OTczYjg2YTNiLjVkMzFmZWU2LThiOWYtNDNiZS1iZDJkLTAwMDEyYThhMDY5OXgxNzM3NzU5MDg4MTQ4ODIzNzgz
[2025-01-24T22:58:42.322+0000] {connectionpool.py:870} WARNING - Retrying (Retry(total=0, connect=None, read=None, redirect=None, status=None)) after connection broken by 'NameResolutionError("<urllib3.connection.HTTPConnection object at 0x7fe21cf6a0f0>: Failed to resolve 'host.docker.internal' ([Errno -3] Temporary failure in name resolution)")': /raw/full_cpf/Estabelecimentos/2025-01/Estabelecimentos_986e8f123de0455c82cf621cc1e514d1.csv?uploadId=ZTA4ODNjYjYtMmE3OC00N2Q3LThkNmItYWQ5OTczYjg2YTNiLjVkMzFmZWU2LThiOWYtNDNiZS1iZDJkLTAwMDEyYThhMDY5OXgxNzM3NzU5MDg4MTQ4ODIzNzgz
