[2025-01-24T18:54:35.992+0000] {local_task_job_runner.py:123} INFO - ::group::Pre task execution logs
[2025-01-24T18:54:36.000+0000] {taskinstance.py:2613} INFO - Dependencies all met for dep_context=non-requeueable deps ti=<TaskInstance: coleta_dados_abertos_cnpj.extract manual__2025-01-24T18:54:34.915713+00:00 [queued]>
[2025-01-24T18:54:36.004+0000] {taskinstance.py:2613} INFO - Dependencies all met for dep_context=requeueable deps ti=<TaskInstance: coleta_dados_abertos_cnpj.extract manual__2025-01-24T18:54:34.915713+00:00 [queued]>
[2025-01-24T18:54:36.005+0000] {taskinstance.py:2866} INFO - Starting attempt 1 of 2
[2025-01-24T18:54:36.093+0000] {taskinstance.py:2889} INFO - Executing <Task(PythonOperator): extract> on 2025-01-24 18:54:34.915713+00:00
[2025-01-24T18:54:36.096+0000] {warnings.py:112} WARNING - /home/***/.local/lib/python3.12/site-packages/***/task/task_runner/standard_task_runner.py:70: DeprecationWarning: This process (pid=489) is multi-threaded, use of fork() may lead to deadlocks in the child.
  pid = os.fork()

[2025-01-24T18:54:36.097+0000] {standard_task_runner.py:72} INFO - Started process 490 to run task
[2025-01-24T18:54:36.097+0000] {standard_task_runner.py:104} INFO - Running: ['***', 'tasks', 'run', 'coleta_dados_abertos_cnpj', 'extract', 'manual__2025-01-24T18:54:34.915713+00:00', '--job-id', '347', '--raw', '--subdir', 'DAGS_FOLDER/coleta_dados_abertos_cnpj/dag.py', '--cfg-path', '/tmp/tmp_71ua_kj']
[2025-01-24T18:54:36.099+0000] {standard_task_runner.py:105} INFO - Job 347: Subtask extract
[2025-01-24T18:54:36.121+0000] {task_command.py:467} INFO - Running <TaskInstance: coleta_dados_abertos_cnpj.extract manual__2025-01-24T18:54:34.915713+00:00 [running]> on host ee70781c29c7
[2025-01-24T18:54:36.161+0000] {taskinstance.py:3132} INFO - Exporting env vars: AIRFLOW_CTX_DAG_OWNER='Corvaum' AIRFLOW_CTX_DAG_ID='coleta_dados_abertos_cnpj' AIRFLOW_CTX_TASK_ID='extract' AIRFLOW_CTX_EXECUTION_DATE='2025-01-24T18:54:34.915713+00:00' AIRFLOW_CTX_TRY_NUMBER='1' AIRFLOW_CTX_DAG_RUN_ID='manual__2025-01-24T18:54:34.915713+00:00'
[2025-01-24T18:54:36.162+0000] {taskinstance.py:731} INFO - ::endgroup::
[2025-01-24T18:54:36.172+0000] {logging_mixin.py:190} INFO - Data formatada: 2025-01
[2025-01-24T18:54:36.321+0000] {logging_mixin.py:190} INFO - Erro ao listar os arquivos: HTTPSConnectionPool(host='arquivos.receitafederal.gov.br', port=443): Max retries exceeded with url: /dados/cnpj/dados_abertos_cnpj/2025-01 (Caused by SSLError(SSLEOFError(8, '[SSL: UNEXPECTED_EOF_WHILE_READING] EOF occurred in violation of protocol (_ssl.c:1000)')))
[2025-01-24T18:54:36.322+0000] {logging_mixin.py:190} INFO - Arquivos encontrados: []
[2025-01-24T18:54:36.322+0000] {python.py:240} INFO - Done. Returned value was: None
[2025-01-24T18:54:36.327+0000] {taskinstance.py:340} INFO - ::group::Post task execution logs
[2025-01-24T18:54:36.327+0000] {taskinstance.py:352} INFO - Marking task as SUCCESS. dag_id=coleta_dados_abertos_cnpj, task_id=extract, run_id=manual__2025-01-24T18:54:34.915713+00:00, execution_date=20250124T185434, start_date=20250124T185436, end_date=20250124T185436
[2025-01-24T18:54:36.351+0000] {local_task_job_runner.py:266} INFO - Task exited with return code 0
[2025-01-24T18:54:36.364+0000] {taskinstance.py:3895} INFO - 10 downstream tasks scheduled from follow-on schedule check
[2025-01-24T18:54:36.366+0000] {local_task_job_runner.py:245} INFO - ::endgroup::
