[2025-01-24T21:34:03.167+0000] {local_task_job_runner.py:123} INFO - ::group::Pre task execution logs
[2025-01-24T21:34:03.176+0000] {taskinstance.py:2613} INFO - Dependencies all met for dep_context=non-requeueable deps ti=<TaskInstance: coleta_dados_abertos_cnpj.extract_empresas manual__2025-01-24T21:15:51.387766+00:00 [queued]>
[2025-01-24T21:34:03.181+0000] {taskinstance.py:2613} INFO - Dependencies all met for dep_context=requeueable deps ti=<TaskInstance: coleta_dados_abertos_cnpj.extract_empresas manual__2025-01-24T21:15:51.387766+00:00 [queued]>
[2025-01-24T21:34:03.181+0000] {taskinstance.py:2866} INFO - Starting attempt 2 of 3
[2025-01-24T21:34:03.200+0000] {taskinstance.py:2889} INFO - Executing <Task(PythonOperator): extract_empresas> on 2025-01-24 21:15:51.387766+00:00
[2025-01-24T21:34:03.205+0000] {warnings.py:112} WARNING - /home/***/.local/lib/python3.12/site-packages/***/task/task_runner/standard_task_runner.py:70: DeprecationWarning: This process (pid=1350) is multi-threaded, use of fork() may lead to deadlocks in the child.
  pid = os.fork()

[2025-01-24T21:34:03.206+0000] {standard_task_runner.py:72} INFO - Started process 1361 to run task
[2025-01-24T21:34:03.206+0000] {standard_task_runner.py:104} INFO - Running: ['***', 'tasks', 'run', 'coleta_dados_abertos_cnpj', 'extract_empresas', 'manual__2025-01-24T21:15:51.387766+00:00', '--job-id', '843', '--raw', '--subdir', 'DAGS_FOLDER/coleta_dados_abertos_cnpj/dag.py', '--cfg-path', '/tmp/tmpbai0nv3d']
[2025-01-24T21:34:03.209+0000] {standard_task_runner.py:105} INFO - Job 843: Subtask extract_empresas
[2025-01-24T21:34:03.237+0000] {task_command.py:467} INFO - Running <TaskInstance: coleta_dados_abertos_cnpj.extract_empresas manual__2025-01-24T21:15:51.387766+00:00 [running]> on host ee70781c29c7
[2025-01-24T21:34:03.295+0000] {taskinstance.py:3132} INFO - Exporting env vars: AIRFLOW_CTX_DAG_OWNER='Corvaum' AIRFLOW_CTX_DAG_ID='coleta_dados_abertos_cnpj' AIRFLOW_CTX_TASK_ID='extract_empresas' AIRFLOW_CTX_EXECUTION_DATE='2025-01-24T21:15:51.387766+00:00' AIRFLOW_CTX_TRY_NUMBER='2' AIRFLOW_CTX_DAG_RUN_ID='manual__2025-01-24T21:15:51.387766+00:00'
[2025-01-24T21:34:03.296+0000] {taskinstance.py:731} INFO - ::endgroup::
[2025-01-24T21:34:03.308+0000] {logging_mixin.py:190} INFO - Data formatada: 2025-01
[2025-01-24T21:34:03.574+0000] {logging_mixin.py:190} INFO - Arquivos encontrados: ['Empresas0.zip', 'Empresas1.zip', 'Empresas2.zip', 'Empresas3.zip', 'Empresas4.zip', 'Empresas5.zip', 'Empresas6.zip', 'Empresas7.zip', 'Empresas8.zip', 'Empresas9.zip']
[2025-01-24T21:34:03.574+0000] {logging_mixin.py:190} INFO - Baixando o arquivo: https://arquivos.receitafederal.gov.br/dados/cnpj/dados_abertos_cnpj/2025-01/Empresas0.zip
[2025-01-24T21:36:40.573+0000] {logging_mixin.py:190} INFO - Download concluído: https://arquivos.receitafederal.gov.br/dados/cnpj/dados_abertos_cnpj/2025-01/Empresas0.zip
[2025-01-24T21:36:44.428+0000] {logging_mixin.py:190} INFO - Arquivos descompactados: ['/tmp/3d860895c6a5430e867241af8b738148_extracted/K3241.K03200Y0.D50111.EMPRECSV']
[2025-01-24T21:37:23.627+0000] {logging_mixin.py:190} INFO - Arquivo full_cpf/Empresas/2025-01/Empresas_b3ccb7c2a2c64ba984c2f9e89608751d.csv carregado com sucesso no MinIO!
[2025-01-24T21:37:23.706+0000] {logging_mixin.py:190} INFO - Baixando o arquivo: https://arquivos.receitafederal.gov.br/dados/cnpj/dados_abertos_cnpj/2025-01/Empresas1.zip
[2025-01-24T21:37:44.308+0000] {logging_mixin.py:190} INFO - Download concluído: https://arquivos.receitafederal.gov.br/dados/cnpj/dados_abertos_cnpj/2025-01/Empresas1.zip
[2025-01-24T21:37:45.068+0000] {logging_mixin.py:190} INFO - Arquivos descompactados: ['/tmp/8c1d467961544f3e91e26f59bddb9c51_extracted/K3241.K03200Y1.D50111.EMPRECSV']
[2025-01-24T21:37:53.734+0000] {logging_mixin.py:190} INFO - Arquivo full_cpf/Empresas/2025-01/Empresas_bb70f03a99814edab5c0938079f27a88.csv carregado com sucesso no MinIO!
[2025-01-24T21:37:53.755+0000] {logging_mixin.py:190} INFO - Baixando o arquivo: https://arquivos.receitafederal.gov.br/dados/cnpj/dados_abertos_cnpj/2025-01/Empresas2.zip
[2025-01-24T21:38:15.912+0000] {logging_mixin.py:190} INFO - Download concluído: https://arquivos.receitafederal.gov.br/dados/cnpj/dados_abertos_cnpj/2025-01/Empresas2.zip
[2025-01-24T21:38:16.671+0000] {logging_mixin.py:190} INFO - Arquivos descompactados: ['/tmp/4649429510584a73bd005e7d548cc859_extracted/K3241.K03200Y2.D50111.EMPRECSV']
[2025-01-24T21:38:26.258+0000] {logging_mixin.py:190} INFO - Arquivo full_cpf/Empresas/2025-01/Empresas_3a9a06a9204a45c195443427cd6a29a6.csv carregado com sucesso no MinIO!
[2025-01-24T21:38:26.282+0000] {logging_mixin.py:190} INFO - Baixando o arquivo: https://arquivos.receitafederal.gov.br/dados/cnpj/dados_abertos_cnpj/2025-01/Empresas3.zip
[2025-01-24T21:38:50.278+0000] {logging_mixin.py:190} INFO - Download concluído: https://arquivos.receitafederal.gov.br/dados/cnpj/dados_abertos_cnpj/2025-01/Empresas3.zip
[2025-01-24T21:38:51.069+0000] {logging_mixin.py:190} INFO - Arquivos descompactados: ['/tmp/2bade5ecac514bcd96f63f124dae256e_extracted/K3241.K03200Y3.D50111.EMPRECSV']
[2025-01-24T21:38:59.163+0000] {logging_mixin.py:190} INFO - Arquivo full_cpf/Empresas/2025-01/Empresas_582a4b3059474473ba273660137c45e0.csv carregado com sucesso no MinIO!
[2025-01-24T21:38:59.186+0000] {logging_mixin.py:190} INFO - Baixando o arquivo: https://arquivos.receitafederal.gov.br/dados/cnpj/dados_abertos_cnpj/2025-01/Empresas4.zip
[2025-01-24T21:39:26.203+0000] {logging_mixin.py:190} INFO - Download concluído: https://arquivos.receitafederal.gov.br/dados/cnpj/dados_abertos_cnpj/2025-01/Empresas4.zip
[2025-01-24T21:39:27.034+0000] {logging_mixin.py:190} INFO - Arquivos descompactados: ['/tmp/17a517be20974b419a1bce856ed7da2f_extracted/K3241.K03200Y4.D50111.EMPRECSV']
[2025-01-24T21:39:35.227+0000] {logging_mixin.py:190} INFO - Arquivo full_cpf/Empresas/2025-01/Empresas_c12df4dab85147c68b7f814121e88792.csv carregado com sucesso no MinIO!
[2025-01-24T21:39:35.251+0000] {logging_mixin.py:190} INFO - Baixando o arquivo: https://arquivos.receitafederal.gov.br/dados/cnpj/dados_abertos_cnpj/2025-01/Empresas5.zip
[2025-01-24T21:40:03.023+0000] {logging_mixin.py:190} INFO - Download concluído: https://arquivos.receitafederal.gov.br/dados/cnpj/dados_abertos_cnpj/2025-01/Empresas5.zip
[2025-01-24T21:40:03.864+0000] {logging_mixin.py:190} INFO - Arquivos descompactados: ['/tmp/0327caa3ff1a424daca2b5fdcf7abc30_extracted/K3241.K03200Y5.D50111.EMPRECSV']
[2025-01-24T21:40:11.577+0000] {logging_mixin.py:190} INFO - Arquivo full_cpf/Empresas/2025-01/Empresas_73fc70f9c0fb447480e76f24029b4821.csv carregado com sucesso no MinIO!
[2025-01-24T21:40:11.600+0000] {logging_mixin.py:190} INFO - Baixando o arquivo: https://arquivos.receitafederal.gov.br/dados/cnpj/dados_abertos_cnpj/2025-01/Empresas6.zip
[2025-01-24T21:40:38.540+0000] {logging_mixin.py:190} INFO - Download concluído: https://arquivos.receitafederal.gov.br/dados/cnpj/dados_abertos_cnpj/2025-01/Empresas6.zip
[2025-01-24T21:40:39.402+0000] {logging_mixin.py:190} INFO - Arquivos descompactados: ['/tmp/74b121f84f37453fb1da6924c984f868_extracted/K3241.K03200Y6.D50111.EMPRECSV']
[2025-01-24T21:40:47.459+0000] {logging_mixin.py:190} INFO - Arquivo full_cpf/Empresas/2025-01/Empresas_0f48c2d8e5b94c37be616e2d792362c4.csv carregado com sucesso no MinIO!
[2025-01-24T21:40:47.482+0000] {logging_mixin.py:190} INFO - Baixando o arquivo: https://arquivos.receitafederal.gov.br/dados/cnpj/dados_abertos_cnpj/2025-01/Empresas7.zip
[2025-01-24T21:41:18.257+0000] {logging_mixin.py:190} INFO - Download concluído: https://arquivos.receitafederal.gov.br/dados/cnpj/dados_abertos_cnpj/2025-01/Empresas7.zip
[2025-01-24T21:41:19.162+0000] {logging_mixin.py:190} INFO - Arquivos descompactados: ['/tmp/d74bd76b37e04222a550db72e0e74dfd_extracted/K3241.K03200Y7.D50111.EMPRECSV']
[2025-01-24T21:41:27.295+0000] {logging_mixin.py:190} INFO - Arquivo full_cpf/Empresas/2025-01/Empresas_8bf68e37e27b48fb805b07a3ecabdae2.csv carregado com sucesso no MinIO!
[2025-01-24T21:41:27.317+0000] {logging_mixin.py:190} INFO - Baixando o arquivo: https://arquivos.receitafederal.gov.br/dados/cnpj/dados_abertos_cnpj/2025-01/Empresas8.zip
[2025-01-24T21:41:54.621+0000] {logging_mixin.py:190} INFO - Download concluído: https://arquivos.receitafederal.gov.br/dados/cnpj/dados_abertos_cnpj/2025-01/Empresas8.zip
[2025-01-24T21:41:55.495+0000] {logging_mixin.py:190} INFO - Arquivos descompactados: ['/tmp/35dd060dd03f4aa192afbe00d8c3242f_extracted/K3241.K03200Y8.D50111.EMPRECSV']
[2025-01-24T21:42:03.562+0000] {logging_mixin.py:190} INFO - Arquivo full_cpf/Empresas/2025-01/Empresas_5a9d770a47504b07aea686fddab390ff.csv carregado com sucesso no MinIO!
[2025-01-24T21:42:03.586+0000] {logging_mixin.py:190} INFO - Baixando o arquivo: https://arquivos.receitafederal.gov.br/dados/cnpj/dados_abertos_cnpj/2025-01/Empresas9.zip
[2025-01-24T21:42:30.270+0000] {logging_mixin.py:190} INFO - Download concluído: https://arquivos.receitafederal.gov.br/dados/cnpj/dados_abertos_cnpj/2025-01/Empresas9.zip
[2025-01-24T21:42:31.114+0000] {logging_mixin.py:190} INFO - Arquivos descompactados: ['/tmp/31d1a3e2e87a4e63b053a78c64432d56_extracted/K3241.K03200Y9.D50111.EMPRECSV']
[2025-01-24T21:42:39.533+0000] {logging_mixin.py:190} INFO - Arquivo full_cpf/Empresas/2025-01/Empresas_591eead9c3504264afcf82bd1bd270bf.csv carregado com sucesso no MinIO!
[2025-01-24T21:42:39.560+0000] {python.py:240} INFO - Done. Returned value was: None
[2025-01-24T21:42:39.566+0000] {taskinstance.py:340} INFO - ::group::Post task execution logs
[2025-01-24T21:42:39.566+0000] {taskinstance.py:352} INFO - Marking task as SUCCESS. dag_id=coleta_dados_abertos_cnpj, task_id=extract_empresas, run_id=manual__2025-01-24T21:15:51.387766+00:00, execution_date=20250124T211551, start_date=20250124T213403, end_date=20250124T214239
[2025-01-24T21:42:39.609+0000] {local_task_job_runner.py:266} INFO - Task exited with return code 0
[2025-01-24T21:42:39.621+0000] {taskinstance.py:3895} INFO - 0 downstream tasks scheduled from follow-on schedule check
[2025-01-24T21:42:39.623+0000] {local_task_job_runner.py:245} INFO - ::endgroup::
