[2025-01-24T19:03:16.817+0000] {local_task_job_runner.py:123} INFO - ::group::Pre task execution logs
[2025-01-24T19:03:16.826+0000] {taskinstance.py:2613} INFO - Dependencies all met for dep_context=non-requeueable deps ti=<TaskInstance: coleta_dados_abertos_cnpj.transform_naturezas scheduled__2024-12-10T00:00:00+00:00 [queued]>
[2025-01-24T19:03:16.831+0000] {taskinstance.py:2613} INFO - Dependencies all met for dep_context=requeueable deps ti=<TaskInstance: coleta_dados_abertos_cnpj.transform_naturezas scheduled__2024-12-10T00:00:00+00:00 [queued]>
[2025-01-24T19:03:16.832+0000] {taskinstance.py:2866} INFO - Starting attempt 1 of 2
[2025-01-24T19:03:16.842+0000] {taskinstance.py:2889} INFO - Executing <Task(PythonOperator): transform_naturezas> on 2024-12-10 00:00:00+00:00
[2025-01-24T19:03:16.847+0000] {warnings.py:112} WARNING - /home/***/.local/lib/python3.12/site-packages/***/task/task_runner/standard_task_runner.py:70: DeprecationWarning: This process (pid=1517) is multi-threaded, use of fork() may lead to deadlocks in the child.
  pid = os.fork()

[2025-01-24T19:03:16.848+0000] {standard_task_runner.py:72} INFO - Started process 1534 to run task
[2025-01-24T19:03:16.848+0000] {standard_task_runner.py:104} INFO - Running: ['***', 'tasks', 'run', 'coleta_dados_abertos_cnpj', 'transform_naturezas', 'scheduled__2024-12-10T00:00:00+00:00', '--job-id', '646', '--raw', '--subdir', 'DAGS_FOLDER/coleta_dados_abertos_cnpj/dag.py', '--cfg-path', '/tmp/tmpsynb9o93']
[2025-01-24T19:03:16.849+0000] {standard_task_runner.py:105} INFO - Job 646: Subtask transform_naturezas
[2025-01-24T19:03:16.877+0000] {task_command.py:467} INFO - Running <TaskInstance: coleta_dados_abertos_cnpj.transform_naturezas scheduled__2024-12-10T00:00:00+00:00 [running]> on host ee70781c29c7
[2025-01-24T19:03:16.929+0000] {taskinstance.py:3132} INFO - Exporting env vars: AIRFLOW_CTX_DAG_OWNER='Corvaum' AIRFLOW_CTX_DAG_ID='coleta_dados_abertos_cnpj' AIRFLOW_CTX_TASK_ID='transform_naturezas' AIRFLOW_CTX_EXECUTION_DATE='2024-12-10T00:00:00+00:00' AIRFLOW_CTX_TRY_NUMBER='1' AIRFLOW_CTX_DAG_RUN_ID='scheduled__2024-12-10T00:00:00+00:00'
[2025-01-24T19:03:16.930+0000] {taskinstance.py:731} INFO - ::endgroup::
[2025-01-24T19:03:16.939+0000] {logging_mixin.py:190} INFO - cnaes
[2025-01-24T19:03:16.939+0000] {python.py:240} INFO - Done. Returned value was: None
[2025-01-24T19:03:16.946+0000] {taskinstance.py:340} INFO - ::group::Post task execution logs
[2025-01-24T19:03:16.946+0000] {taskinstance.py:352} INFO - Marking task as SUCCESS. dag_id=coleta_dados_abertos_cnpj, task_id=transform_naturezas, run_id=scheduled__2024-12-10T00:00:00+00:00, execution_date=20241210T000000, start_date=20250124T190316, end_date=20250124T190316
[2025-01-24T19:03:16.981+0000] {local_task_job_runner.py:266} INFO - Task exited with return code 0
[2025-01-24T19:03:16.995+0000] {taskinstance.py:3895} INFO - 0 downstream tasks scheduled from follow-on schedule check
[2025-01-24T19:03:16.999+0000] {local_task_job_runner.py:245} INFO - ::endgroup::
[2025-01-24T19:04:07.877+0000] {local_task_job_runner.py:123} INFO - ::group::Pre task execution logs
[2025-01-24T19:04:07.888+0000] {taskinstance.py:2613} INFO - Dependencies all met for dep_context=non-requeueable deps ti=<TaskInstance: coleta_dados_abertos_cnpj.transform_naturezas scheduled__2024-12-10T00:00:00+00:00 [queued]>
[2025-01-24T19:04:07.894+0000] {taskinstance.py:2613} INFO - Dependencies all met for dep_context=requeueable deps ti=<TaskInstance: coleta_dados_abertos_cnpj.transform_naturezas scheduled__2024-12-10T00:00:00+00:00 [queued]>
[2025-01-24T19:04:07.894+0000] {taskinstance.py:2866} INFO - Starting attempt 1 of 2
[2025-01-24T19:04:07.903+0000] {taskinstance.py:2889} INFO - Executing <Task(PythonOperator): transform_naturezas> on 2024-12-10 00:00:00+00:00
[2025-01-24T19:04:07.906+0000] {warnings.py:112} WARNING - /home/***/.local/lib/python3.12/site-packages/***/task/task_runner/standard_task_runner.py:70: DeprecationWarning: This process (pid=1583) is multi-threaded, use of fork() may lead to deadlocks in the child.
  pid = os.fork()

[2025-01-24T19:04:07.907+0000] {standard_task_runner.py:72} INFO - Started process 1596 to run task
[2025-01-24T19:04:07.908+0000] {standard_task_runner.py:104} INFO - Running: ['***', 'tasks', 'run', 'coleta_dados_abertos_cnpj', 'transform_naturezas', 'scheduled__2024-12-10T00:00:00+00:00', '--job-id', '662', '--raw', '--subdir', 'DAGS_FOLDER/coleta_dados_abertos_cnpj/dag.py', '--cfg-path', '/tmp/tmp60h0p7n7']
[2025-01-24T19:04:07.909+0000] {standard_task_runner.py:105} INFO - Job 662: Subtask transform_naturezas
[2025-01-24T19:04:07.939+0000] {task_command.py:467} INFO - Running <TaskInstance: coleta_dados_abertos_cnpj.transform_naturezas scheduled__2024-12-10T00:00:00+00:00 [running]> on host ee70781c29c7
[2025-01-24T19:04:07.983+0000] {taskinstance.py:3132} INFO - Exporting env vars: AIRFLOW_CTX_DAG_OWNER='Corvaum' AIRFLOW_CTX_DAG_ID='coleta_dados_abertos_cnpj' AIRFLOW_CTX_TASK_ID='transform_naturezas' AIRFLOW_CTX_EXECUTION_DATE='2024-12-10T00:00:00+00:00' AIRFLOW_CTX_TRY_NUMBER='1' AIRFLOW_CTX_DAG_RUN_ID='scheduled__2024-12-10T00:00:00+00:00'
[2025-01-24T19:04:07.984+0000] {taskinstance.py:731} INFO - ::endgroup::
[2025-01-24T19:04:07.991+0000] {logging_mixin.py:190} INFO - cnaes
[2025-01-24T19:04:07.991+0000] {python.py:240} INFO - Done. Returned value was: None
[2025-01-24T19:04:07.998+0000] {taskinstance.py:340} INFO - ::group::Post task execution logs
[2025-01-24T19:04:07.998+0000] {taskinstance.py:352} INFO - Marking task as SUCCESS. dag_id=coleta_dados_abertos_cnpj, task_id=transform_naturezas, run_id=scheduled__2024-12-10T00:00:00+00:00, execution_date=20241210T000000, start_date=20250124T190407, end_date=20250124T190407
[2025-01-24T19:04:08.041+0000] {local_task_job_runner.py:266} INFO - Task exited with return code 0
[2025-01-24T19:04:08.045+0000] {local_task_job_runner.py:245} INFO - ::endgroup::
