[2025-01-24T21:34:03.150+0000] {local_task_job_runner.py:123} INFO - ::group::Pre task execution logs
[2025-01-24T21:34:03.162+0000] {taskinstance.py:2613} INFO - Dependencies all met for dep_context=non-requeueable deps ti=<TaskInstance: coleta_dados_abertos_cnpj.extract_municipios manual__2025-01-24T21:15:51.387766+00:00 [queued]>
[2025-01-24T21:34:03.168+0000] {taskinstance.py:2613} INFO - Dependencies all met for dep_context=requeueable deps ti=<TaskInstance: coleta_dados_abertos_cnpj.extract_municipios manual__2025-01-24T21:15:51.387766+00:00 [queued]>
[2025-01-24T21:34:03.169+0000] {taskinstance.py:2866} INFO - Starting attempt 2 of 3
[2025-01-24T21:34:03.194+0000] {taskinstance.py:2889} INFO - Executing <Task(PythonOperator): extract_municipios> on 2025-01-24 21:15:51.387766+00:00
[2025-01-24T21:34:03.199+0000] {warnings.py:112} WARNING - /home/***/.local/lib/python3.12/site-packages/***/task/task_runner/standard_task_runner.py:70: DeprecationWarning: This process (pid=1354) is multi-threaded, use of fork() may lead to deadlocks in the child.
  pid = os.fork()

[2025-01-24T21:34:03.200+0000] {standard_task_runner.py:72} INFO - Started process 1358 to run task
[2025-01-24T21:34:03.200+0000] {standard_task_runner.py:104} INFO - Running: ['***', 'tasks', 'run', 'coleta_dados_abertos_cnpj', 'extract_municipios', 'manual__2025-01-24T21:15:51.387766+00:00', '--job-id', '841', '--raw', '--subdir', 'DAGS_FOLDER/coleta_dados_abertos_cnpj/dag.py', '--cfg-path', '/tmp/tmpaffxjsvx']
[2025-01-24T21:34:03.202+0000] {standard_task_runner.py:105} INFO - Job 841: Subtask extract_municipios
[2025-01-24T21:34:03.231+0000] {task_command.py:467} INFO - Running <TaskInstance: coleta_dados_abertos_cnpj.extract_municipios manual__2025-01-24T21:15:51.387766+00:00 [running]> on host ee70781c29c7
[2025-01-24T21:34:03.288+0000] {taskinstance.py:3132} INFO - Exporting env vars: AIRFLOW_CTX_DAG_OWNER='Corvaum' AIRFLOW_CTX_DAG_ID='coleta_dados_abertos_cnpj' AIRFLOW_CTX_TASK_ID='extract_municipios' AIRFLOW_CTX_EXECUTION_DATE='2025-01-24T21:15:51.387766+00:00' AIRFLOW_CTX_TRY_NUMBER='2' AIRFLOW_CTX_DAG_RUN_ID='manual__2025-01-24T21:15:51.387766+00:00'
[2025-01-24T21:34:03.290+0000] {taskinstance.py:731} INFO - ::endgroup::
[2025-01-24T21:34:03.310+0000] {logging_mixin.py:190} INFO - Data formatada: 2025-01
[2025-01-24T21:34:03.569+0000] {logging_mixin.py:190} INFO - Arquivos encontrados: ['Municipios.zip']
[2025-01-24T21:34:03.570+0000] {logging_mixin.py:190} INFO - Baixando o arquivo: https://arquivos.receitafederal.gov.br/dados/cnpj/dados_abertos_cnpj/2025-01/Municipios.zip
[2025-01-24T21:34:03.751+0000] {logging_mixin.py:190} INFO - Download concluído: https://arquivos.receitafederal.gov.br/dados/cnpj/dados_abertos_cnpj/2025-01/Municipios.zip
[2025-01-24T21:34:03.755+0000] {logging_mixin.py:190} INFO - Arquivos descompactados: ['/tmp/d56b4b2f058349019d67f5fa77afc33b_extracted/F.K03200$Z.D50111.MUNICCSV']
[2025-01-24T21:34:03.854+0000] {logging_mixin.py:190} INFO - Arquivo full_cpf/Municipios/2025-01/Municipios_cc55a897cf6242e9a370b80701454c78.csv carregado com sucesso no MinIO!
[2025-01-24T21:34:03.854+0000] {python.py:240} INFO - Done. Returned value was: None
[2025-01-24T21:34:03.858+0000] {taskinstance.py:340} INFO - ::group::Post task execution logs
[2025-01-24T21:34:03.859+0000] {taskinstance.py:352} INFO - Marking task as SUCCESS. dag_id=coleta_dados_abertos_cnpj, task_id=extract_municipios, run_id=manual__2025-01-24T21:15:51.387766+00:00, execution_date=20250124T211551, start_date=20250124T213403, end_date=20250124T213403
[2025-01-24T21:34:03.894+0000] {local_task_job_runner.py:266} INFO - Task exited with return code 0
[2025-01-24T21:34:03.908+0000] {taskinstance.py:3895} INFO - 0 downstream tasks scheduled from follow-on schedule check
[2025-01-24T21:34:03.910+0000] {local_task_job_runner.py:245} INFO - ::endgroup::
