[2025-01-24T19:04:13.370+0000] {local_task_job_runner.py:123} INFO - ::group::Pre task execution logs
[2025-01-24T19:04:13.380+0000] {taskinstance.py:2613} INFO - Dependencies all met for dep_context=non-requeueable deps ti=<TaskInstance: coleta_dados_abertos_cnpj.transform_paises manual__2025-01-24T19:04:01.256694+00:00 [queued]>
[2025-01-24T19:04:13.385+0000] {taskinstance.py:2613} INFO - Dependencies all met for dep_context=requeueable deps ti=<TaskInstance: coleta_dados_abertos_cnpj.transform_paises manual__2025-01-24T19:04:01.256694+00:00 [queued]>
[2025-01-24T19:04:13.385+0000] {taskinstance.py:2866} INFO - Starting attempt 1 of 2
[2025-01-24T19:04:13.399+0000] {taskinstance.py:2889} INFO - Executing <Task(PythonOperator): transform_paises> on 2025-01-24 19:04:01.256694+00:00
[2025-01-24T19:04:13.403+0000] {warnings.py:112} WARNING - /home/***/.local/lib/python3.12/site-packages/***/task/task_runner/standard_task_runner.py:70: DeprecationWarning: This process (pid=1626) is multi-threaded, use of fork() may lead to deadlocks in the child.
  pid = os.fork()

[2025-01-24T19:04:13.404+0000] {standard_task_runner.py:72} INFO - Started process 1637 to run task
[2025-01-24T19:04:13.404+0000] {standard_task_runner.py:104} INFO - Running: ['***', 'tasks', 'run', 'coleta_dados_abertos_cnpj', 'transform_paises', 'manual__2025-01-24T19:04:01.256694+00:00', '--job-id', '673', '--raw', '--subdir', 'DAGS_FOLDER/coleta_dados_abertos_cnpj/dag.py', '--cfg-path', '/tmp/tmpg4k34gt2']
[2025-01-24T19:04:13.405+0000] {standard_task_runner.py:105} INFO - Job 673: Subtask transform_paises
[2025-01-24T19:04:13.437+0000] {task_command.py:467} INFO - Running <TaskInstance: coleta_dados_abertos_cnpj.transform_paises manual__2025-01-24T19:04:01.256694+00:00 [running]> on host ee70781c29c7
[2025-01-24T19:04:13.491+0000] {taskinstance.py:3132} INFO - Exporting env vars: AIRFLOW_CTX_DAG_OWNER='Corvaum' AIRFLOW_CTX_DAG_ID='coleta_dados_abertos_cnpj' AIRFLOW_CTX_TASK_ID='transform_paises' AIRFLOW_CTX_EXECUTION_DATE='2025-01-24T19:04:01.256694+00:00' AIRFLOW_CTX_TRY_NUMBER='1' AIRFLOW_CTX_DAG_RUN_ID='manual__2025-01-24T19:04:01.256694+00:00'
[2025-01-24T19:04:13.492+0000] {taskinstance.py:731} INFO - ::endgroup::
[2025-01-24T19:04:13.500+0000] {logging_mixin.py:190} INFO - cnaes
[2025-01-24T19:04:13.501+0000] {python.py:240} INFO - Done. Returned value was: None
[2025-01-24T19:04:13.508+0000] {taskinstance.py:340} INFO - ::group::Post task execution logs
[2025-01-24T19:04:13.508+0000] {taskinstance.py:352} INFO - Marking task as SUCCESS. dag_id=coleta_dados_abertos_cnpj, task_id=transform_paises, run_id=manual__2025-01-24T19:04:01.256694+00:00, execution_date=20250124T190401, start_date=20250124T190413, end_date=20250124T190413
[2025-01-24T19:04:13.537+0000] {local_task_job_runner.py:266} INFO - Task exited with return code 0
[2025-01-24T19:04:13.547+0000] {taskinstance.py:3895} INFO - 1 downstream tasks scheduled from follow-on schedule check
[2025-01-24T19:04:13.549+0000] {local_task_job_runner.py:245} INFO - ::endgroup::
