[2025-01-24T19:03:17.337+0000] {local_task_job_runner.py:123} INFO - ::group::Pre task execution logs
[2025-01-24T19:03:17.346+0000] {taskinstance.py:2613} INFO - Dependencies all met for dep_context=non-requeueable deps ti=<TaskInstance: coleta_dados_abertos_cnpj.transform_motivos scheduled__2024-12-10T00:00:00+00:00 [queued]>
[2025-01-24T19:03:17.351+0000] {taskinstance.py:2613} INFO - Dependencies all met for dep_context=requeueable deps ti=<TaskInstance: coleta_dados_abertos_cnpj.transform_motivos scheduled__2024-12-10T00:00:00+00:00 [queued]>
[2025-01-24T19:03:17.351+0000] {taskinstance.py:2866} INFO - Starting attempt 1 of 2
[2025-01-24T19:03:17.365+0000] {taskinstance.py:2889} INFO - Executing <Task(PythonOperator): transform_motivos> on 2024-12-10 00:00:00+00:00
[2025-01-24T19:03:17.369+0000] {warnings.py:112} WARNING - /home/***/.local/lib/python3.12/site-packages/***/task/task_runner/standard_task_runner.py:70: DeprecationWarning: This process (pid=1543) is multi-threaded, use of fork() may lead to deadlocks in the child.
  pid = os.fork()

[2025-01-24T19:03:17.370+0000] {standard_task_runner.py:72} INFO - Started process 1550 to run task
[2025-01-24T19:03:17.370+0000] {standard_task_runner.py:104} INFO - Running: ['***', 'tasks', 'run', 'coleta_dados_abertos_cnpj', 'transform_motivos', 'scheduled__2024-12-10T00:00:00+00:00', '--job-id', '652', '--raw', '--subdir', 'DAGS_FOLDER/coleta_dados_abertos_cnpj/dag.py', '--cfg-path', '/tmp/tmp7mhi702h']
[2025-01-24T19:03:17.372+0000] {standard_task_runner.py:105} INFO - Job 652: Subtask transform_motivos
[2025-01-24T19:03:17.395+0000] {task_command.py:467} INFO - Running <TaskInstance: coleta_dados_abertos_cnpj.transform_motivos scheduled__2024-12-10T00:00:00+00:00 [running]> on host ee70781c29c7
[2025-01-24T19:03:17.439+0000] {taskinstance.py:3132} INFO - Exporting env vars: AIRFLOW_CTX_DAG_OWNER='Corvaum' AIRFLOW_CTX_DAG_ID='coleta_dados_abertos_cnpj' AIRFLOW_CTX_TASK_ID='transform_motivos' AIRFLOW_CTX_EXECUTION_DATE='2024-12-10T00:00:00+00:00' AIRFLOW_CTX_TRY_NUMBER='1' AIRFLOW_CTX_DAG_RUN_ID='scheduled__2024-12-10T00:00:00+00:00'
[2025-01-24T19:03:17.440+0000] {taskinstance.py:731} INFO - ::endgroup::
[2025-01-24T19:03:17.448+0000] {logging_mixin.py:190} INFO - cnaes
[2025-01-24T19:03:17.448+0000] {python.py:240} INFO - Done. Returned value was: None
[2025-01-24T19:03:17.453+0000] {taskinstance.py:340} INFO - ::group::Post task execution logs
[2025-01-24T19:03:17.453+0000] {taskinstance.py:352} INFO - Marking task as SUCCESS. dag_id=coleta_dados_abertos_cnpj, task_id=transform_motivos, run_id=scheduled__2024-12-10T00:00:00+00:00, execution_date=20241210T000000, start_date=20250124T190317, end_date=20250124T190317
[2025-01-24T19:03:17.503+0000] {local_task_job_runner.py:266} INFO - Task exited with return code 0
[2025-01-24T19:03:17.511+0000] {taskinstance.py:3895} INFO - 0 downstream tasks scheduled from follow-on schedule check
[2025-01-24T19:03:17.513+0000] {local_task_job_runner.py:245} INFO - ::endgroup::
[2025-01-24T19:04:07.914+0000] {local_task_job_runner.py:123} INFO - ::group::Pre task execution logs
[2025-01-24T19:04:07.927+0000] {taskinstance.py:2613} INFO - Dependencies all met for dep_context=non-requeueable deps ti=<TaskInstance: coleta_dados_abertos_cnpj.transform_motivos scheduled__2024-12-10T00:00:00+00:00 [queued]>
[2025-01-24T19:04:07.932+0000] {taskinstance.py:2613} INFO - Dependencies all met for dep_context=requeueable deps ti=<TaskInstance: coleta_dados_abertos_cnpj.transform_motivos scheduled__2024-12-10T00:00:00+00:00 [queued]>
[2025-01-24T19:04:07.933+0000] {taskinstance.py:2866} INFO - Starting attempt 1 of 2
[2025-01-24T19:04:07.943+0000] {taskinstance.py:2889} INFO - Executing <Task(PythonOperator): transform_motivos> on 2024-12-10 00:00:00+00:00
[2025-01-24T19:04:07.947+0000] {warnings.py:112} WARNING - /home/***/.local/lib/python3.12/site-packages/***/task/task_runner/standard_task_runner.py:70: DeprecationWarning: This process (pid=1587) is multi-threaded, use of fork() may lead to deadlocks in the child.
  pid = os.fork()

[2025-01-24T19:04:07.948+0000] {standard_task_runner.py:72} INFO - Started process 1608 to run task
[2025-01-24T19:04:07.948+0000] {standard_task_runner.py:104} INFO - Running: ['***', 'tasks', 'run', 'coleta_dados_abertos_cnpj', 'transform_motivos', 'scheduled__2024-12-10T00:00:00+00:00', '--job-id', '668', '--raw', '--subdir', 'DAGS_FOLDER/coleta_dados_abertos_cnpj/dag.py', '--cfg-path', '/tmp/tmpazvugpw1']
[2025-01-24T19:04:07.950+0000] {standard_task_runner.py:105} INFO - Job 668: Subtask transform_motivos
[2025-01-24T19:04:07.977+0000] {task_command.py:467} INFO - Running <TaskInstance: coleta_dados_abertos_cnpj.transform_motivos scheduled__2024-12-10T00:00:00+00:00 [running]> on host ee70781c29c7
[2025-01-24T19:04:08.019+0000] {taskinstance.py:3132} INFO - Exporting env vars: AIRFLOW_CTX_DAG_OWNER='Corvaum' AIRFLOW_CTX_DAG_ID='coleta_dados_abertos_cnpj' AIRFLOW_CTX_TASK_ID='transform_motivos' AIRFLOW_CTX_EXECUTION_DATE='2024-12-10T00:00:00+00:00' AIRFLOW_CTX_TRY_NUMBER='1' AIRFLOW_CTX_DAG_RUN_ID='scheduled__2024-12-10T00:00:00+00:00'
[2025-01-24T19:04:08.020+0000] {taskinstance.py:731} INFO - ::endgroup::
[2025-01-24T19:04:08.027+0000] {logging_mixin.py:190} INFO - cnaes
[2025-01-24T19:04:08.027+0000] {python.py:240} INFO - Done. Returned value was: None
[2025-01-24T19:04:08.032+0000] {taskinstance.py:340} INFO - ::group::Post task execution logs
[2025-01-24T19:04:08.032+0000] {taskinstance.py:352} INFO - Marking task as SUCCESS. dag_id=coleta_dados_abertos_cnpj, task_id=transform_motivos, run_id=scheduled__2024-12-10T00:00:00+00:00, execution_date=20241210T000000, start_date=20250124T190407, end_date=20250124T190408
[2025-01-24T19:04:08.042+0000] {local_task_job_runner.py:266} INFO - Task exited with return code 0
[2025-01-24T19:04:08.045+0000] {local_task_job_runner.py:245} INFO - ::endgroup::
