[2025-01-24T21:14:20.341+0000] {local_task_job_runner.py:123} INFO - ::group::Pre task execution logs
[2025-01-24T21:14:20.351+0000] {taskinstance.py:2613} INFO - Dependencies all met for dep_context=non-requeueable deps ti=<TaskInstance: coleta_dados_abertos_cnpj.extract_cnaes manual__2025-01-24T20:59:53.324100+00:00 [queued]>
[2025-01-24T21:14:20.357+0000] {taskinstance.py:2613} INFO - Dependencies all met for dep_context=requeueable deps ti=<TaskInstance: coleta_dados_abertos_cnpj.extract_cnaes manual__2025-01-24T20:59:53.324100+00:00 [queued]>
[2025-01-24T21:14:20.358+0000] {taskinstance.py:2866} INFO - Starting attempt 4 of 5
[2025-01-24T21:14:20.398+0000] {taskinstance.py:2889} INFO - Executing <Task(PythonOperator): extract_cnaes> on 2025-01-24 20:59:53.324100+00:00
[2025-01-24T21:14:20.402+0000] {warnings.py:112} WARNING - /home/***/.local/lib/python3.12/site-packages/***/task/task_runner/standard_task_runner.py:70: DeprecationWarning: This process (pid=993) is multi-threaded, use of fork() may lead to deadlocks in the child.
  pid = os.fork()

[2025-01-24T21:14:20.403+0000] {standard_task_runner.py:72} INFO - Started process 1004 to run task
[2025-01-24T21:14:20.403+0000] {standard_task_runner.py:104} INFO - Running: ['***', 'tasks', 'run', 'coleta_dados_abertos_cnpj', 'extract_cnaes', 'manual__2025-01-24T20:59:53.324100+00:00', '--job-id', '808', '--raw', '--subdir', 'DAGS_FOLDER/coleta_dados_abertos_cnpj/dag.py', '--cfg-path', '/tmp/tmpykbduh5m']
[2025-01-24T21:14:20.405+0000] {standard_task_runner.py:105} INFO - Job 808: Subtask extract_cnaes
[2025-01-24T21:14:20.431+0000] {task_command.py:467} INFO - Running <TaskInstance: coleta_dados_abertos_cnpj.extract_cnaes manual__2025-01-24T20:59:53.324100+00:00 [running]> on host ee70781c29c7
[2025-01-24T21:14:20.480+0000] {taskinstance.py:3132} INFO - Exporting env vars: AIRFLOW_CTX_DAG_OWNER='Corvaum' AIRFLOW_CTX_DAG_ID='coleta_dados_abertos_cnpj' AIRFLOW_CTX_TASK_ID='extract_cnaes' AIRFLOW_CTX_EXECUTION_DATE='2025-01-24T20:59:53.324100+00:00' AIRFLOW_CTX_TRY_NUMBER='4' AIRFLOW_CTX_DAG_RUN_ID='manual__2025-01-24T20:59:53.324100+00:00'
[2025-01-24T21:14:20.481+0000] {taskinstance.py:731} INFO - ::endgroup::
[2025-01-24T21:14:20.492+0000] {logging_mixin.py:190} INFO - Data formatada: 2025-01
[2025-01-24T21:14:20.731+0000] {logging_mixin.py:190} INFO - Arquivos encontrados: ['Cnaes.zip']
[2025-01-24T21:14:20.731+0000] {logging_mixin.py:190} INFO - Baixando o arquivo: https://arquivos.receitafederal.gov.br/dados/cnpj/dados_abertos_cnpj/2025-01/Cnaes.zip
[2025-01-24T21:14:20.860+0000] {logging_mixin.py:190} INFO - Download concluído: https://arquivos.receitafederal.gov.br/dados/cnpj/dados_abertos_cnpj/2025-01/Cnaes.zip
[2025-01-24T21:14:20.862+0000] {logging_mixin.py:190} INFO - Arquivos descompactados: ['/tmp/6e3beab8334d40c387b7d952b9c6ff47_extracted/F.K03200$Z.D50111.CNAECSV']
[2025-01-24T21:14:21.036+0000] {logging_mixin.py:190} INFO - Arquivo full_cpf/Cnaes/2025-01/Cnaes_a4bf222ccc974742b1f7205565f798a9.csv carregado com sucesso no MinIO!
[2025-01-24T21:14:21.036+0000] {python.py:240} INFO - Done. Returned value was: None
[2025-01-24T21:14:21.041+0000] {taskinstance.py:340} INFO - ::group::Post task execution logs
[2025-01-24T21:14:21.041+0000] {taskinstance.py:352} INFO - Marking task as SUCCESS. dag_id=coleta_dados_abertos_cnpj, task_id=extract_cnaes, run_id=manual__2025-01-24T20:59:53.324100+00:00, execution_date=20250124T205953, start_date=20250124T211420, end_date=20250124T211421
[2025-01-24T21:14:21.058+0000] {local_task_job_runner.py:266} INFO - Task exited with return code 0
[2025-01-24T21:14:21.075+0000] {taskinstance.py:3895} INFO - 0 downstream tasks scheduled from follow-on schedule check
[2025-01-24T21:14:21.077+0000] {local_task_job_runner.py:245} INFO - ::endgroup::
