[2025-01-19T22:19:12.507+0000] {local_task_job_runner.py:123} INFO - ::group::Pre task execution logs
[2025-01-19T22:19:12.519+0000] {taskinstance.py:2613} INFO - Dependencies all met for dep_context=non-requeueable deps ti=<TaskInstance: coleta_dados_abertos_cnpj.extract manual__2025-01-19T22:19:11.171762+00:00 [queued]>
[2025-01-19T22:19:12.525+0000] {taskinstance.py:2613} INFO - Dependencies all met for dep_context=requeueable deps ti=<TaskInstance: coleta_dados_abertos_cnpj.extract manual__2025-01-19T22:19:11.171762+00:00 [queued]>
[2025-01-19T22:19:12.526+0000] {taskinstance.py:2866} INFO - Starting attempt 1 of 2
[2025-01-19T22:19:12.556+0000] {taskinstance.py:2889} INFO - Executing <Task(PythonOperator): extract> on 2025-01-19 22:19:11.171762+00:00
[2025-01-19T22:19:12.560+0000] {warnings.py:112} WARNING - /home/***/.local/lib/python3.12/site-packages/***/task/task_runner/standard_task_runner.py:70: DeprecationWarning: This process (pid=403) is multi-threaded, use of fork() may lead to deadlocks in the child.
  pid = os.fork()

[2025-01-19T22:19:12.561+0000] {standard_task_runner.py:72} INFO - Started process 409 to run task
[2025-01-19T22:19:12.562+0000] {standard_task_runner.py:104} INFO - Running: ['***', 'tasks', 'run', 'coleta_dados_abertos_cnpj', 'extract', 'manual__2025-01-19T22:19:11.171762+00:00', '--job-id', '123', '--raw', '--subdir', 'DAGS_FOLDER/coleta_dados_abertos_cnpj/dag.py', '--cfg-path', '/tmp/tmp88gckb10']
[2025-01-19T22:19:12.563+0000] {standard_task_runner.py:105} INFO - Job 123: Subtask extract
[2025-01-19T22:19:12.597+0000] {task_command.py:467} INFO - Running <TaskInstance: coleta_dados_abertos_cnpj.extract manual__2025-01-19T22:19:11.171762+00:00 [running]> on host 659dab735c6e
[2025-01-19T22:19:12.650+0000] {taskinstance.py:3132} INFO - Exporting env vars: AIRFLOW_CTX_DAG_OWNER='Corvaum' AIRFLOW_CTX_DAG_ID='coleta_dados_abertos_cnpj' AIRFLOW_CTX_TASK_ID='extract' AIRFLOW_CTX_EXECUTION_DATE='2025-01-19T22:19:11.171762+00:00' AIRFLOW_CTX_TRY_NUMBER='1' AIRFLOW_CTX_DAG_RUN_ID='manual__2025-01-19T22:19:11.171762+00:00'
[2025-01-19T22:19:12.651+0000] {taskinstance.py:731} INFO - ::endgroup::
[2025-01-19T22:19:12.666+0000] {logging_mixin.py:190} INFO - 2025-01
[2025-01-19T22:19:13.985+0000] {logging_mixin.py:190} INFO - -----------------
[2025-01-19T22:19:13.986+0000] {logging_mixin.py:190} INFO - ['Cnaes.zip', 'Empresas0.zip', 'Empresas1.zip', 'Empresas2.zip', 'Empresas3.zip', 'Empresas4.zip', 'Empresas5.zip', 'Empresas6.zip', 'Empresas7.zip', 'Empresas8.zip', 'Empresas9.zip', 'Estabelecimentos0.zip', 'Estabelecimentos1.zip', 'Estabelecimentos2.zip', 'Estabelecimentos3.zip', 'Estabelecimentos4.zip', 'Estabelecimentos5.zip', 'Estabelecimentos6.zip', 'Estabelecimentos7.zip', 'Estabelecimentos8.zip', 'Estabelecimentos9.zip', 'Motivos.zip', 'Municipios.zip', 'Naturezas.zip', 'Paises.zip', 'Qualificacoes.zip', 'Simples.zip', 'Socios0.zip', 'Socios1.zip', 'Socios2.zip', 'Socios3.zip', 'Socios4.zip', 'Socios5.zip', 'Socios6.zip', 'Socios7.zip', 'Socios8.zip', 'Socios9.zip']
[2025-01-19T22:19:13.986+0000] {logging_mixin.py:190} INFO - ['Cnaes', 'Empresas', 'Estabelecimentos', 'Motivos', 'Municipios', 'Naturezas', 'Paises', 'Qualificacoes', 'Simples', 'Socios']
[2025-01-19T22:19:13.986+0000] {logging_mixin.py:190} INFO - Iniciando o download de: https://arquivos.receitafederal.gov.br/dados/cnpj/dados_abertos_cnpj/2025-01/Cnaes.zip
[2025-01-19T22:19:14.148+0000] {logging_mixin.py:190} INFO - Arquivo salvo em: G:/Airflow/volumes/dados_abertos_cnpj/2025-01/Cnaes/Cnaes.zip
[2025-01-19T22:19:14.149+0000] {logging_mixin.py:190} INFO - Iniciando o download de: https://arquivos.receitafederal.gov.br/dados/cnpj/dados_abertos_cnpj/2025-01/Empresas0.zip
[2025-01-23T01:22:35.867+0000] {local_task_job_runner.py:123} INFO - ::group::Pre task execution logs
[2025-01-23T01:22:35.875+0000] {taskinstance.py:2603} INFO - Dependencies not met for <TaskInstance: coleta_dados_abertos_cnpj.extract manual__2025-01-19T22:19:11.171762+00:00 [running]>, dependency 'Task Instance State' FAILED: Task is in the 'running' state.
[2025-01-23T01:22:35.880+0000] {taskinstance.py:2603} INFO - Dependencies not met for <TaskInstance: coleta_dados_abertos_cnpj.extract manual__2025-01-19T22:19:11.171762+00:00 [running]>, dependency 'Task Instance Not Running' FAILED: Task is in the running state
[2025-01-23T01:22:35.915+0000] {local_task_job_runner.py:166} INFO - Task is not able to be run
