[2025-01-23T01:23:08.879+0000] {local_task_job_runner.py:123} INFO - ::group::Pre task execution logs
[2025-01-23T01:23:08.896+0000] {taskinstance.py:2613} INFO - Dependencies all met for dep_context=non-requeueable deps ti=<TaskInstance: coleta_dados_abertos_cnpj.extract manual__2025-01-19T22:19:11.171762+00:00 [queued]>
[2025-01-23T01:23:08.904+0000] {taskinstance.py:2613} INFO - Dependencies all met for dep_context=requeueable deps ti=<TaskInstance: coleta_dados_abertos_cnpj.extract manual__2025-01-19T22:19:11.171762+00:00 [queued]>
[2025-01-23T01:23:08.905+0000] {taskinstance.py:2866} INFO - Starting attempt 2 of 2
[2025-01-23T01:23:09.061+0000] {taskinstance.py:2889} INFO - Executing <Task(PythonOperator): extract> on 2025-01-19 22:19:11.171762+00:00
[2025-01-23T01:23:09.066+0000] {warnings.py:112} WARNING - /home/***/.local/lib/python3.12/site-packages/***/task/task_runner/standard_task_runner.py:70: DeprecationWarning: This process (pid=113) is multi-threaded, use of fork() may lead to deadlocks in the child.
  pid = os.fork()

[2025-01-23T01:23:09.067+0000] {standard_task_runner.py:72} INFO - Started process 128 to run task
[2025-01-23T01:23:09.067+0000] {standard_task_runner.py:104} INFO - Running: ['***', 'tasks', 'run', 'coleta_dados_abertos_cnpj', 'extract', 'manual__2025-01-19T22:19:11.171762+00:00', '--job-id', '198', '--raw', '--subdir', 'DAGS_FOLDER/coleta_dados_abertos_cnpj/dag.py', '--cfg-path', '/tmp/tmpfjb1bvox']
[2025-01-23T01:23:09.070+0000] {standard_task_runner.py:105} INFO - Job 198: Subtask extract
[2025-01-23T01:23:09.110+0000] {task_command.py:467} INFO - Running <TaskInstance: coleta_dados_abertos_cnpj.extract manual__2025-01-19T22:19:11.171762+00:00 [running]> on host 659dab735c6e
[2025-01-23T01:23:09.186+0000] {taskinstance.py:3132} INFO - Exporting env vars: AIRFLOW_CTX_DAG_OWNER='Corvaum' AIRFLOW_CTX_DAG_ID='coleta_dados_abertos_cnpj' AIRFLOW_CTX_TASK_ID='extract' AIRFLOW_CTX_EXECUTION_DATE='2025-01-19T22:19:11.171762+00:00' AIRFLOW_CTX_TRY_NUMBER='2' AIRFLOW_CTX_DAG_RUN_ID='manual__2025-01-19T22:19:11.171762+00:00'
[2025-01-23T01:23:09.187+0000] {taskinstance.py:731} INFO - ::endgroup::
[2025-01-23T01:23:09.202+0000] {logging_mixin.py:190} INFO - 2025-01
[2025-01-23T01:23:09.380+0000] {logging_mixin.py:190} INFO - -----------------
[2025-01-23T01:23:09.380+0000] {logging_mixin.py:190} INFO - ['Cnaes.zip', 'Empresas0.zip', 'Empresas1.zip', 'Empresas2.zip', 'Empresas3.zip', 'Empresas4.zip', 'Empresas5.zip', 'Empresas6.zip', 'Empresas7.zip', 'Empresas8.zip', 'Empresas9.zip', 'Estabelecimentos0.zip', 'Estabelecimentos1.zip', 'Estabelecimentos2.zip', 'Estabelecimentos3.zip', 'Estabelecimentos4.zip', 'Estabelecimentos5.zip', 'Estabelecimentos6.zip', 'Estabelecimentos7.zip', 'Estabelecimentos8.zip', 'Estabelecimentos9.zip', 'Motivos.zip', 'Municipios.zip', 'Naturezas.zip', 'Paises.zip', 'Qualificacoes.zip', 'Simples.zip', 'Socios0.zip', 'Socios1.zip', 'Socios2.zip', 'Socios3.zip', 'Socios4.zip', 'Socios5.zip', 'Socios6.zip', 'Socios7.zip', 'Socios8.zip', 'Socios9.zip']
[2025-01-23T01:23:09.381+0000] {logging_mixin.py:190} INFO - ['Cnaes', 'Empresas', 'Estabelecimentos', 'Motivos', 'Municipios', 'Naturezas', 'Paises', 'Qualificacoes', 'Simples', 'Socios']
[2025-01-23T01:23:09.381+0000] {logging_mixin.py:190} INFO - Iniciando o download de: https://arquivos.receitafederal.gov.br/dados/cnpj/dados_abertos_cnpj/2025-01/Cnaes.zip
[2025-01-23T01:23:09.540+0000] {logging_mixin.py:190} INFO - Arquivo salvo em: G:/Airflow/volumes/dados_abertos_cnpj/2025-01/Cnaes/Cnaes.zip
[2025-01-23T01:23:09.540+0000] {logging_mixin.py:190} INFO - Iniciando o download de: https://arquivos.receitafederal.gov.br/dados/cnpj/dados_abertos_cnpj/2025-01/Empresas0.zip
[2025-01-23T01:23:34.362+0000] {local_task_job_runner.py:346} WARNING - State of this instance has been externally set to failed. Terminating instance.
[2025-01-23T01:23:34.363+0000] {local_task_job_runner.py:245} INFO - ::endgroup::
[2025-01-23T01:23:34.364+0000] {process_utils.py:132} INFO - Sending 15 to group 128. PIDs of all processes in the group: [128]
[2025-01-23T01:23:34.364+0000] {process_utils.py:87} INFO - Sending the signal 15 to group 128
[2025-01-23T01:23:34.365+0000] {taskinstance.py:3093} ERROR - Received SIGTERM. Terminating subprocesses.
[2025-01-23T01:23:34.588+0000] {taskinstance.py:340} INFO - ::group::Post task execution logs
[2025-01-23T01:23:34.617+0000] {process_utils.py:80} INFO - Process psutil.Process(pid=128, status='terminated', exitcode=0, started='01:23:09') (128) terminated with exit code 0
