[2025-01-19T20:07:02.312+0000] {local_task_job_runner.py:123} INFO - ::group::Pre task execution logs
[2025-01-19T20:07:02.322+0000] {taskinstance.py:2613} INFO - Dependencies all met for dep_context=non-requeueable deps ti=<TaskInstance: coleta_dados_abertos_cnpj.transform_cnaes scheduled__2024-10-10T00:00:00+00:00 [queued]>
[2025-01-19T20:07:02.327+0000] {taskinstance.py:2613} INFO - Dependencies all met for dep_context=requeueable deps ti=<TaskInstance: coleta_dados_abertos_cnpj.transform_cnaes scheduled__2024-10-10T00:00:00+00:00 [queued]>
[2025-01-19T20:07:02.328+0000] {taskinstance.py:2866} INFO - Starting attempt 1 of 2
[2025-01-19T20:07:02.474+0000] {taskinstance.py:2889} INFO - Executing <Task(PythonOperator): transform_cnaes> on 2024-10-10 00:00:00+00:00
[2025-01-19T20:07:02.479+0000] {warnings.py:112} WARNING - /home/***/.local/lib/python3.12/site-packages/***/task/task_runner/standard_task_runner.py:70: DeprecationWarning: This process (pid=367) is multi-threaded, use of fork() may lead to deadlocks in the child.
  pid = os.fork()

[2025-01-19T20:07:02.480+0000] {standard_task_runner.py:72} INFO - Started process 370 to run task
[2025-01-19T20:07:02.480+0000] {standard_task_runner.py:104} INFO - Running: ['***', 'tasks', 'run', 'coleta_dados_abertos_cnpj', 'transform_cnaes', 'scheduled__2024-10-10T00:00:00+00:00', '--job-id', '95', '--raw', '--subdir', 'DAGS_FOLDER/coleta_dados_abertos_cnpj/dag.py', '--cfg-path', '/tmp/tmp6ziua9oc']
[2025-01-19T20:07:02.481+0000] {standard_task_runner.py:105} INFO - Job 95: Subtask transform_cnaes
[2025-01-19T20:07:02.512+0000] {task_command.py:467} INFO - Running <TaskInstance: coleta_dados_abertos_cnpj.transform_cnaes scheduled__2024-10-10T00:00:00+00:00 [running]> on host 659dab735c6e
[2025-01-19T20:07:02.560+0000] {taskinstance.py:3132} INFO - Exporting env vars: AIRFLOW_CTX_DAG_OWNER='Corvaum' AIRFLOW_CTX_DAG_ID='coleta_dados_abertos_cnpj' AIRFLOW_CTX_TASK_ID='transform_cnaes' AIRFLOW_CTX_EXECUTION_DATE='2024-10-10T00:00:00+00:00' AIRFLOW_CTX_TRY_NUMBER='1' AIRFLOW_CTX_DAG_RUN_ID='scheduled__2024-10-10T00:00:00+00:00'
[2025-01-19T20:07:02.561+0000] {taskinstance.py:731} INFO - ::endgroup::
[2025-01-19T20:07:02.569+0000] {logging_mixin.py:190} INFO - cnaes
[2025-01-19T20:07:02.569+0000] {python.py:240} INFO - Done. Returned value was: None
[2025-01-19T20:07:02.574+0000] {taskinstance.py:340} INFO - ::group::Post task execution logs
[2025-01-19T20:07:02.575+0000] {taskinstance.py:352} INFO - Marking task as SUCCESS. dag_id=coleta_dados_abertos_cnpj, task_id=transform_cnaes, run_id=scheduled__2024-10-10T00:00:00+00:00, execution_date=20241010T000000, start_date=20250119T200702, end_date=20250119T200702
[2025-01-19T20:07:02.614+0000] {local_task_job_runner.py:266} INFO - Task exited with return code 0
[2025-01-19T20:07:02.619+0000] {local_task_job_runner.py:245} INFO - ::endgroup::
[2025-01-24T19:03:16.243+0000] {local_task_job_runner.py:123} INFO - ::group::Pre task execution logs
[2025-01-24T19:03:16.254+0000] {taskinstance.py:2613} INFO - Dependencies all met for dep_context=non-requeueable deps ti=<TaskInstance: coleta_dados_abertos_cnpj.transform_cnaes scheduled__2024-10-10T00:00:00+00:00 [queued]>
[2025-01-24T19:03:16.260+0000] {taskinstance.py:2613} INFO - Dependencies all met for dep_context=requeueable deps ti=<TaskInstance: coleta_dados_abertos_cnpj.transform_cnaes scheduled__2024-10-10T00:00:00+00:00 [queued]>
[2025-01-24T19:03:16.260+0000] {taskinstance.py:2866} INFO - Starting attempt 1 of 2
[2025-01-24T19:03:16.272+0000] {taskinstance.py:2889} INFO - Executing <Task(PythonOperator): transform_cnaes> on 2024-10-10 00:00:00+00:00
[2025-01-24T19:03:16.275+0000] {warnings.py:112} WARNING - /home/***/.local/lib/python3.12/site-packages/***/task/task_runner/standard_task_runner.py:70: DeprecationWarning: This process (pid=1485) is multi-threaded, use of fork() may lead to deadlocks in the child.
  pid = os.fork()

[2025-01-24T19:03:16.276+0000] {standard_task_runner.py:72} INFO - Started process 1504 to run task
[2025-01-24T19:03:16.277+0000] {standard_task_runner.py:104} INFO - Running: ['***', 'tasks', 'run', 'coleta_dados_abertos_cnpj', 'transform_cnaes', 'scheduled__2024-10-10T00:00:00+00:00', '--job-id', '637', '--raw', '--subdir', 'DAGS_FOLDER/coleta_dados_abertos_cnpj/dag.py', '--cfg-path', '/tmp/tmpbzj8xs9f']
[2025-01-24T19:03:16.278+0000] {standard_task_runner.py:105} INFO - Job 637: Subtask transform_cnaes
[2025-01-24T19:03:16.306+0000] {task_command.py:467} INFO - Running <TaskInstance: coleta_dados_abertos_cnpj.transform_cnaes scheduled__2024-10-10T00:00:00+00:00 [running]> on host ee70781c29c7
[2025-01-24T19:03:16.385+0000] {taskinstance.py:3132} INFO - Exporting env vars: AIRFLOW_CTX_DAG_OWNER='Corvaum' AIRFLOW_CTX_DAG_ID='coleta_dados_abertos_cnpj' AIRFLOW_CTX_TASK_ID='transform_cnaes' AIRFLOW_CTX_EXECUTION_DATE='2024-10-10T00:00:00+00:00' AIRFLOW_CTX_TRY_NUMBER='1' AIRFLOW_CTX_DAG_RUN_ID='scheduled__2024-10-10T00:00:00+00:00'
[2025-01-24T19:03:16.386+0000] {taskinstance.py:731} INFO - ::endgroup::
[2025-01-24T19:03:16.395+0000] {logging_mixin.py:190} INFO - cnaes
[2025-01-24T19:03:16.395+0000] {python.py:240} INFO - Done. Returned value was: None
[2025-01-24T19:03:16.402+0000] {taskinstance.py:340} INFO - ::group::Post task execution logs
[2025-01-24T19:03:16.402+0000] {taskinstance.py:352} INFO - Marking task as SUCCESS. dag_id=coleta_dados_abertos_cnpj, task_id=transform_cnaes, run_id=scheduled__2024-10-10T00:00:00+00:00, execution_date=20241010T000000, start_date=20250124T190316, end_date=20250124T190316
[2025-01-24T19:03:16.450+0000] {local_task_job_runner.py:266} INFO - Task exited with return code 0
[2025-01-24T19:03:16.456+0000] {local_task_job_runner.py:245} INFO - ::endgroup::
