[2025-01-24T19:03:16.915+0000] {local_task_job_runner.py:123} INFO - ::group::Pre task execution logs
[2025-01-24T19:03:16.925+0000] {taskinstance.py:2613} INFO - Dependencies all met for dep_context=non-requeueable deps ti=<TaskInstance: coleta_dados_abertos_cnpj.transform_simples scheduled__2024-12-10T00:00:00+00:00 [queued]>
[2025-01-24T19:03:16.930+0000] {taskinstance.py:2613} INFO - Dependencies all met for dep_context=requeueable deps ti=<TaskInstance: coleta_dados_abertos_cnpj.transform_simples scheduled__2024-12-10T00:00:00+00:00 [queued]>
[2025-01-24T19:03:16.930+0000] {taskinstance.py:2866} INFO - Starting attempt 1 of 2
[2025-01-24T19:03:16.944+0000] {taskinstance.py:2889} INFO - Executing <Task(PythonOperator): transform_simples> on 2024-12-10 00:00:00+00:00
[2025-01-24T19:03:16.948+0000] {warnings.py:112} WARNING - /home/***/.local/lib/python3.12/site-packages/***/task/task_runner/standard_task_runner.py:70: DeprecationWarning: This process (pid=1520) is multi-threaded, use of fork() may lead to deadlocks in the child.
  pid = os.fork()

[2025-01-24T19:03:16.949+0000] {standard_task_runner.py:72} INFO - Started process 1540 to run task
[2025-01-24T19:03:16.949+0000] {standard_task_runner.py:104} INFO - Running: ['***', 'tasks', 'run', 'coleta_dados_abertos_cnpj', 'transform_simples', 'scheduled__2024-12-10T00:00:00+00:00', '--job-id', '649', '--raw', '--subdir', 'DAGS_FOLDER/coleta_dados_abertos_cnpj/dag.py', '--cfg-path', '/tmp/tmpk6baua0_']
[2025-01-24T19:03:16.951+0000] {standard_task_runner.py:105} INFO - Job 649: Subtask transform_simples
[2025-01-24T19:03:16.977+0000] {task_command.py:467} INFO - Running <TaskInstance: coleta_dados_abertos_cnpj.transform_simples scheduled__2024-12-10T00:00:00+00:00 [running]> on host ee70781c29c7
[2025-01-24T19:03:17.031+0000] {taskinstance.py:3132} INFO - Exporting env vars: AIRFLOW_CTX_DAG_OWNER='Corvaum' AIRFLOW_CTX_DAG_ID='coleta_dados_abertos_cnpj' AIRFLOW_CTX_TASK_ID='transform_simples' AIRFLOW_CTX_EXECUTION_DATE='2024-12-10T00:00:00+00:00' AIRFLOW_CTX_TRY_NUMBER='1' AIRFLOW_CTX_DAG_RUN_ID='scheduled__2024-12-10T00:00:00+00:00'
[2025-01-24T19:03:17.032+0000] {taskinstance.py:731} INFO - ::endgroup::
[2025-01-24T19:03:17.039+0000] {logging_mixin.py:190} INFO - cnaes
[2025-01-24T19:03:17.040+0000] {python.py:240} INFO - Done. Returned value was: None
[2025-01-24T19:03:17.045+0000] {taskinstance.py:340} INFO - ::group::Post task execution logs
[2025-01-24T19:03:17.045+0000] {taskinstance.py:352} INFO - Marking task as SUCCESS. dag_id=coleta_dados_abertos_cnpj, task_id=transform_simples, run_id=scheduled__2024-12-10T00:00:00+00:00, execution_date=20241210T000000, start_date=20250124T190316, end_date=20250124T190317
[2025-01-24T19:03:17.083+0000] {local_task_job_runner.py:266} INFO - Task exited with return code 0
[2025-01-24T19:03:17.094+0000] {taskinstance.py:3895} INFO - 0 downstream tasks scheduled from follow-on schedule check
[2025-01-24T19:03:17.096+0000] {local_task_job_runner.py:245} INFO - ::endgroup::
[2025-01-24T19:04:07.896+0000] {local_task_job_runner.py:123} INFO - ::group::Pre task execution logs
[2025-01-24T19:04:07.907+0000] {taskinstance.py:2613} INFO - Dependencies all met for dep_context=non-requeueable deps ti=<TaskInstance: coleta_dados_abertos_cnpj.transform_simples scheduled__2024-12-10T00:00:00+00:00 [queued]>
[2025-01-24T19:04:07.913+0000] {taskinstance.py:2613} INFO - Dependencies all met for dep_context=requeueable deps ti=<TaskInstance: coleta_dados_abertos_cnpj.transform_simples scheduled__2024-12-10T00:00:00+00:00 [queued]>
[2025-01-24T19:04:07.913+0000] {taskinstance.py:2866} INFO - Starting attempt 1 of 2
[2025-01-24T19:04:07.922+0000] {taskinstance.py:2889} INFO - Executing <Task(PythonOperator): transform_simples> on 2024-12-10 00:00:00+00:00
[2025-01-24T19:04:07.926+0000] {warnings.py:112} WARNING - /home/***/.local/lib/python3.12/site-packages/***/task/task_runner/standard_task_runner.py:70: DeprecationWarning: This process (pid=1586) is multi-threaded, use of fork() may lead to deadlocks in the child.
  pid = os.fork()

[2025-01-24T19:04:07.928+0000] {standard_task_runner.py:72} INFO - Started process 1606 to run task
[2025-01-24T19:04:07.928+0000] {standard_task_runner.py:104} INFO - Running: ['***', 'tasks', 'run', 'coleta_dados_abertos_cnpj', 'transform_simples', 'scheduled__2024-12-10T00:00:00+00:00', '--job-id', '667', '--raw', '--subdir', 'DAGS_FOLDER/coleta_dados_abertos_cnpj/dag.py', '--cfg-path', '/tmp/tmp0o8kg1xu']
[2025-01-24T19:04:07.929+0000] {standard_task_runner.py:105} INFO - Job 667: Subtask transform_simples
[2025-01-24T19:04:07.960+0000] {task_command.py:467} INFO - Running <TaskInstance: coleta_dados_abertos_cnpj.transform_simples scheduled__2024-12-10T00:00:00+00:00 [running]> on host ee70781c29c7
[2025-01-24T19:04:08.007+0000] {taskinstance.py:3132} INFO - Exporting env vars: AIRFLOW_CTX_DAG_OWNER='Corvaum' AIRFLOW_CTX_DAG_ID='coleta_dados_abertos_cnpj' AIRFLOW_CTX_TASK_ID='transform_simples' AIRFLOW_CTX_EXECUTION_DATE='2024-12-10T00:00:00+00:00' AIRFLOW_CTX_TRY_NUMBER='1' AIRFLOW_CTX_DAG_RUN_ID='scheduled__2024-12-10T00:00:00+00:00'
[2025-01-24T19:04:08.008+0000] {taskinstance.py:731} INFO - ::endgroup::
[2025-01-24T19:04:08.015+0000] {logging_mixin.py:190} INFO - cnaes
[2025-01-24T19:04:08.015+0000] {python.py:240} INFO - Done. Returned value was: None
[2025-01-24T19:04:08.020+0000] {taskinstance.py:340} INFO - ::group::Post task execution logs
[2025-01-24T19:04:08.021+0000] {taskinstance.py:352} INFO - Marking task as SUCCESS. dag_id=coleta_dados_abertos_cnpj, task_id=transform_simples, run_id=scheduled__2024-12-10T00:00:00+00:00, execution_date=20241210T000000, start_date=20250124T190407, end_date=20250124T190408
[2025-01-24T19:04:08.062+0000] {local_task_job_runner.py:266} INFO - Task exited with return code 0
[2025-01-24T19:04:08.071+0000] {taskinstance.py:3895} INFO - 0 downstream tasks scheduled from follow-on schedule check
[2025-01-24T19:04:08.073+0000] {local_task_job_runner.py:245} INFO - ::endgroup::
