[2025-01-24T21:04:49.827+0000] {local_task_job_runner.py:123} INFO - ::group::Pre task execution logs
[2025-01-24T21:04:49.836+0000] {taskinstance.py:2613} INFO - Dependencies all met for dep_context=non-requeueable deps ti=<TaskInstance: coleta_dados_abertos_cnpj.extract_empresas manual__2025-01-24T20:59:53.324100+00:00 [queued]>
[2025-01-24T21:04:49.840+0000] {taskinstance.py:2613} INFO - Dependencies all met for dep_context=requeueable deps ti=<TaskInstance: coleta_dados_abertos_cnpj.extract_empresas manual__2025-01-24T20:59:53.324100+00:00 [queued]>
[2025-01-24T21:04:49.840+0000] {taskinstance.py:2866} INFO - Starting attempt 3 of 4
[2025-01-24T21:04:49.872+0000] {taskinstance.py:2889} INFO - Executing <Task(PythonOperator): extract_empresas> on 2025-01-24 20:59:53.324100+00:00
[2025-01-24T21:04:49.876+0000] {warnings.py:112} WARNING - /home/***/.local/lib/python3.12/site-packages/***/task/task_runner/standard_task_runner.py:70: DeprecationWarning: This process (pid=812) is multi-threaded, use of fork() may lead to deadlocks in the child.
  pid = os.fork()

[2025-01-24T21:04:49.877+0000] {standard_task_runner.py:72} INFO - Started process 827 to run task
[2025-01-24T21:04:49.878+0000] {standard_task_runner.py:104} INFO - Running: ['***', 'tasks', 'run', 'coleta_dados_abertos_cnpj', 'extract_empresas', 'manual__2025-01-24T20:59:53.324100+00:00', '--job-id', '801', '--raw', '--subdir', 'DAGS_FOLDER/coleta_dados_abertos_cnpj/dag.py', '--cfg-path', '/tmp/tmpmm1kw032']
[2025-01-24T21:04:49.880+0000] {standard_task_runner.py:105} INFO - Job 801: Subtask extract_empresas
[2025-01-24T21:04:49.911+0000] {task_command.py:467} INFO - Running <TaskInstance: coleta_dados_abertos_cnpj.extract_empresas manual__2025-01-24T20:59:53.324100+00:00 [running]> on host ee70781c29c7
[2025-01-24T21:04:49.966+0000] {taskinstance.py:3132} INFO - Exporting env vars: AIRFLOW_CTX_DAG_OWNER='Corvaum' AIRFLOW_CTX_DAG_ID='coleta_dados_abertos_cnpj' AIRFLOW_CTX_TASK_ID='extract_empresas' AIRFLOW_CTX_EXECUTION_DATE='2025-01-24T20:59:53.324100+00:00' AIRFLOW_CTX_TRY_NUMBER='3' AIRFLOW_CTX_DAG_RUN_ID='manual__2025-01-24T20:59:53.324100+00:00'
[2025-01-24T21:04:49.967+0000] {taskinstance.py:731} INFO - ::endgroup::
[2025-01-24T21:04:49.978+0000] {logging_mixin.py:190} INFO - Data formatada: 2025-01
[2025-01-24T21:04:51.222+0000] {logging_mixin.py:190} INFO - Arquivos encontrados: ['Empresas0.zip', 'Empresas1.zip', 'Empresas2.zip', 'Empresas3.zip', 'Empresas4.zip', 'Empresas5.zip', 'Empresas6.zip', 'Empresas7.zip', 'Empresas8.zip', 'Empresas9.zip']
[2025-01-24T21:04:51.222+0000] {logging_mixin.py:190} INFO - Baixando o arquivo: https://arquivos.receitafederal.gov.br/dados/cnpj/dados_abertos_cnpj/2025-01/Empresas0.zip
[2025-01-24T21:07:43.571+0000] {logging_mixin.py:190} INFO - Erro ao fazer o download do arquivo: ('Connection broken: IncompleteRead(75488673 bytes read, 319967544 more expected)', IncompleteRead(75488673 bytes read, 319967544 more expected))
[2025-01-24T21:07:43.571+0000] {logging_mixin.py:190} INFO - Falha no download do arquivo: Empresas0.zip
[2025-01-24T21:07:43.571+0000] {logging_mixin.py:190} INFO - Baixando o arquivo: https://arquivos.receitafederal.gov.br/dados/cnpj/dados_abertos_cnpj/2025-01/Empresas1.zip
[2025-01-24T21:08:04.634+0000] {logging_mixin.py:190} INFO - Erro ao fazer o download do arquivo: HTTPSConnectionPool(host='arquivos.receitafederal.gov.br', port=443): Max retries exceeded with url: /dados/cnpj/dados_abertos_cnpj/2025-01/Empresas1.zip (Caused by NewConnectionError('<urllib3.connection.HTTPSConnection object at 0x7fe21cf73140>: Failed to establish a new connection: [Errno 111] Connection refused'))
[2025-01-24T21:08:04.636+0000] {logging_mixin.py:190} INFO - Falha no download do arquivo: Empresas1.zip
[2025-01-24T21:08:04.639+0000] {logging_mixin.py:190} INFO - Baixando o arquivo: https://arquivos.receitafederal.gov.br/dados/cnpj/dados_abertos_cnpj/2025-01/Empresas2.zip
[2025-01-24T21:08:25.762+0000] {logging_mixin.py:190} INFO - Erro ao fazer o download do arquivo: HTTPSConnectionPool(host='arquivos.receitafederal.gov.br', port=443): Max retries exceeded with url: /dados/cnpj/dados_abertos_cnpj/2025-01/Empresas2.zip (Caused by NewConnectionError('<urllib3.connection.HTTPSConnection object at 0x7fe21cf72150>: Failed to establish a new connection: [Errno 111] Connection refused'))
[2025-01-24T21:08:25.762+0000] {logging_mixin.py:190} INFO - Falha no download do arquivo: Empresas2.zip
[2025-01-24T21:08:25.762+0000] {logging_mixin.py:190} INFO - Baixando o arquivo: https://arquivos.receitafederal.gov.br/dados/cnpj/dados_abertos_cnpj/2025-01/Empresas3.zip
[2025-01-24T21:08:46.905+0000] {logging_mixin.py:190} INFO - Erro ao fazer o download do arquivo: HTTPSConnectionPool(host='arquivos.receitafederal.gov.br', port=443): Max retries exceeded with url: /dados/cnpj/dados_abertos_cnpj/2025-01/Empresas3.zip (Caused by NewConnectionError('<urllib3.connection.HTTPSConnection object at 0x7fe21cf71670>: Failed to establish a new connection: [Errno 111] Connection refused'))
[2025-01-24T21:08:46.905+0000] {logging_mixin.py:190} INFO - Falha no download do arquivo: Empresas3.zip
[2025-01-24T21:08:46.905+0000] {logging_mixin.py:190} INFO - Baixando o arquivo: https://arquivos.receitafederal.gov.br/dados/cnpj/dados_abertos_cnpj/2025-01/Empresas4.zip
[2025-01-24T21:09:08.035+0000] {logging_mixin.py:190} INFO - Erro ao fazer o download do arquivo: HTTPSConnectionPool(host='arquivos.receitafederal.gov.br', port=443): Max retries exceeded with url: /dados/cnpj/dados_abertos_cnpj/2025-01/Empresas4.zip (Caused by NewConnectionError('<urllib3.connection.HTTPSConnection object at 0x7fe21cf70800>: Failed to establish a new connection: [Errno 111] Connection refused'))
[2025-01-24T21:09:08.035+0000] {logging_mixin.py:190} INFO - Falha no download do arquivo: Empresas4.zip
[2025-01-24T21:09:08.036+0000] {logging_mixin.py:190} INFO - Baixando o arquivo: https://arquivos.receitafederal.gov.br/dados/cnpj/dados_abertos_cnpj/2025-01/Empresas5.zip
[2025-01-24T21:09:29.123+0000] {logging_mixin.py:190} INFO - Erro ao fazer o download do arquivo: HTTPSConnectionPool(host='arquivos.receitafederal.gov.br', port=443): Max retries exceeded with url: /dados/cnpj/dados_abertos_cnpj/2025-01/Empresas5.zip (Caused by NewConnectionError('<urllib3.connection.HTTPSConnection object at 0x7fe21cf5fb00>: Failed to establish a new connection: [Errno 111] Connection refused'))
[2025-01-24T21:09:29.124+0000] {logging_mixin.py:190} INFO - Falha no download do arquivo: Empresas5.zip
[2025-01-24T21:09:29.124+0000] {logging_mixin.py:190} INFO - Baixando o arquivo: https://arquivos.receitafederal.gov.br/dados/cnpj/dados_abertos_cnpj/2025-01/Empresas6.zip
[2025-01-24T21:09:50.264+0000] {logging_mixin.py:190} INFO - Erro ao fazer o download do arquivo: HTTPSConnectionPool(host='arquivos.receitafederal.gov.br', port=443): Max retries exceeded with url: /dados/cnpj/dados_abertos_cnpj/2025-01/Empresas6.zip (Caused by NewConnectionError('<urllib3.connection.HTTPSConnection object at 0x7fe21cf70080>: Failed to establish a new connection: [Errno 111] Connection refused'))
[2025-01-24T21:09:50.264+0000] {logging_mixin.py:190} INFO - Falha no download do arquivo: Empresas6.zip
[2025-01-24T21:09:50.265+0000] {logging_mixin.py:190} INFO - Baixando o arquivo: https://arquivos.receitafederal.gov.br/dados/cnpj/dados_abertos_cnpj/2025-01/Empresas7.zip
[2025-01-24T21:10:11.392+0000] {logging_mixin.py:190} INFO - Erro ao fazer o download do arquivo: HTTPSConnectionPool(host='arquivos.receitafederal.gov.br', port=443): Max retries exceeded with url: /dados/cnpj/dados_abertos_cnpj/2025-01/Empresas7.zip (Caused by NewConnectionError('<urllib3.connection.HTTPSConnection object at 0x7fe21cf717f0>: Failed to establish a new connection: [Errno 111] Connection refused'))
[2025-01-24T21:10:11.393+0000] {logging_mixin.py:190} INFO - Falha no download do arquivo: Empresas7.zip
[2025-01-24T21:10:11.393+0000] {logging_mixin.py:190} INFO - Baixando o arquivo: https://arquivos.receitafederal.gov.br/dados/cnpj/dados_abertos_cnpj/2025-01/Empresas8.zip
[2025-01-24T21:10:14.538+0000] {logging_mixin.py:190} INFO - Erro ao fazer o download do arquivo: HTTPSConnectionPool(host='arquivos.receitafederal.gov.br', port=443): Max retries exceeded with url: /dados/cnpj/dados_abertos_cnpj/2025-01/Empresas8.zip (Caused by SSLError(SSLEOFError(8, '[SSL: UNEXPECTED_EOF_WHILE_READING] EOF occurred in violation of protocol (_ssl.c:1000)')))
[2025-01-24T21:10:14.538+0000] {logging_mixin.py:190} INFO - Falha no download do arquivo: Empresas8.zip
[2025-01-24T21:10:14.539+0000] {logging_mixin.py:190} INFO - Baixando o arquivo: https://arquivos.receitafederal.gov.br/dados/cnpj/dados_abertos_cnpj/2025-01/Empresas9.zip
[2025-01-24T21:10:40.918+0000] {logging_mixin.py:190} INFO - Download concluído: https://arquivos.receitafederal.gov.br/dados/cnpj/dados_abertos_cnpj/2025-01/Empresas9.zip
[2025-01-24T21:10:41.776+0000] {logging_mixin.py:190} INFO - Arquivos descompactados: ['/tmp/e893de6eb9cd4090a160828c9952e32c_extracted/K3241.K03200Y9.D50111.EMPRECSV']
[2025-01-24T21:10:49.011+0000] {logging_mixin.py:190} INFO - Arquivo full_cpf/Empresas/2025-01/Empresas_ce4a7d47ce0946dea13bc2c3c4afb78b.csv carregado com sucesso no MinIO!
[2025-01-24T21:10:49.037+0000] {python.py:240} INFO - Done. Returned value was: None
[2025-01-24T21:10:49.042+0000] {taskinstance.py:340} INFO - ::group::Post task execution logs
[2025-01-24T21:10:49.057+0000] {taskinstance.py:352} INFO - Marking task as SUCCESS. dag_id=coleta_dados_abertos_cnpj, task_id=extract_empresas, run_id=manual__2025-01-24T20:59:53.324100+00:00, execution_date=20250124T205953, start_date=20250124T210449, end_date=20250124T211049
[2025-01-24T21:10:49.111+0000] {local_task_job_runner.py:266} INFO - Task exited with return code 0
[2025-01-24T21:10:49.124+0000] {taskinstance.py:3895} INFO - 0 downstream tasks scheduled from follow-on schedule check
[2025-01-24T21:10:49.126+0000] {local_task_job_runner.py:245} INFO - ::endgroup::
