[2025-01-24T21:14:20.271+0000] {local_task_job_runner.py:123} INFO - ::group::Pre task execution logs
[2025-01-24T21:14:20.282+0000] {taskinstance.py:2613} INFO - Dependencies all met for dep_context=non-requeueable deps ti=<TaskInstance: coleta_dados_abertos_cnpj.extract_qualificacoes manual__2025-01-24T20:59:53.324100+00:00 [queued]>
[2025-01-24T21:14:20.287+0000] {taskinstance.py:2613} INFO - Dependencies all met for dep_context=requeueable deps ti=<TaskInstance: coleta_dados_abertos_cnpj.extract_qualificacoes manual__2025-01-24T20:59:53.324100+00:00 [queued]>
[2025-01-24T21:14:20.336+0000] {taskinstance.py:2866} INFO - Starting attempt 4 of 5
[2025-01-24T21:14:20.366+0000] {taskinstance.py:2889} INFO - Executing <Task(PythonOperator): extract_qualificacoes> on 2025-01-24 20:59:53.324100+00:00
[2025-01-24T21:14:20.370+0000] {warnings.py:112} WARNING - /home/***/.local/lib/python3.12/site-packages/***/task/task_runner/standard_task_runner.py:70: DeprecationWarning: This process (pid=989) is multi-threaded, use of fork() may lead to deadlocks in the child.
  pid = os.fork()

[2025-01-24T21:14:20.371+0000] {standard_task_runner.py:72} INFO - Started process 998 to run task
[2025-01-24T21:14:20.371+0000] {standard_task_runner.py:104} INFO - Running: ['***', 'tasks', 'run', 'coleta_dados_abertos_cnpj', 'extract_qualificacoes', 'manual__2025-01-24T20:59:53.324100+00:00', '--job-id', '805', '--raw', '--subdir', 'DAGS_FOLDER/coleta_dados_abertos_cnpj/dag.py', '--cfg-path', '/tmp/tmpq_22bkjw']
[2025-01-24T21:14:20.373+0000] {standard_task_runner.py:105} INFO - Job 805: Subtask extract_qualificacoes
[2025-01-24T21:14:20.402+0000] {task_command.py:467} INFO - Running <TaskInstance: coleta_dados_abertos_cnpj.extract_qualificacoes manual__2025-01-24T20:59:53.324100+00:00 [running]> on host ee70781c29c7
[2025-01-24T21:14:20.454+0000] {taskinstance.py:3132} INFO - Exporting env vars: AIRFLOW_CTX_DAG_OWNER='Corvaum' AIRFLOW_CTX_DAG_ID='coleta_dados_abertos_cnpj' AIRFLOW_CTX_TASK_ID='extract_qualificacoes' AIRFLOW_CTX_EXECUTION_DATE='2025-01-24T20:59:53.324100+00:00' AIRFLOW_CTX_TRY_NUMBER='4' AIRFLOW_CTX_DAG_RUN_ID='manual__2025-01-24T20:59:53.324100+00:00'
[2025-01-24T21:14:20.455+0000] {taskinstance.py:731} INFO - ::endgroup::
[2025-01-24T21:14:20.466+0000] {logging_mixin.py:190} INFO - Data formatada: 2025-01
[2025-01-24T21:14:20.728+0000] {logging_mixin.py:190} INFO - Arquivos encontrados: ['Qualificacoes.zip']
[2025-01-24T21:14:20.729+0000] {logging_mixin.py:190} INFO - Baixando o arquivo: https://arquivos.receitafederal.gov.br/dados/cnpj/dados_abertos_cnpj/2025-01/Qualificacoes.zip
[2025-01-24T21:14:20.857+0000] {logging_mixin.py:190} INFO - Download concluído: https://arquivos.receitafederal.gov.br/dados/cnpj/dados_abertos_cnpj/2025-01/Qualificacoes.zip
[2025-01-24T21:14:20.859+0000] {logging_mixin.py:190} INFO - Arquivos descompactados: ['/tmp/e17a26c307a040698540cda1ec19b0ce_extracted/F.K03200$Z.D50111.QUALSCSV']
[2025-01-24T21:14:20.901+0000] {logging_mixin.py:190} INFO - Arquivo full_cpf/Qualificacoes/2025-01/Qualificacoes_24742e44b5e44094ba96c3c0f4a20d49.csv carregado com sucesso no MinIO!
[2025-01-24T21:14:20.902+0000] {python.py:240} INFO - Done. Returned value was: None
[2025-01-24T21:14:20.907+0000] {taskinstance.py:340} INFO - ::group::Post task execution logs
[2025-01-24T21:14:20.907+0000] {taskinstance.py:352} INFO - Marking task as SUCCESS. dag_id=coleta_dados_abertos_cnpj, task_id=extract_qualificacoes, run_id=manual__2025-01-24T20:59:53.324100+00:00, execution_date=20250124T205953, start_date=20250124T211420, end_date=20250124T211420
[2025-01-24T21:14:20.945+0000] {local_task_job_runner.py:266} INFO - Task exited with return code 0
[2025-01-24T21:14:20.949+0000] {local_task_job_runner.py:245} INFO - ::endgroup::
