[2025-01-24T21:04:49.829+0000] {local_task_job_runner.py:123} INFO - ::group::Pre task execution logs
[2025-01-24T21:04:49.837+0000] {taskinstance.py:2613} INFO - Dependencies all met for dep_context=non-requeueable deps ti=<TaskInstance: coleta_dados_abertos_cnpj.extract_qualificacoes manual__2025-01-24T20:59:53.324100+00:00 [queued]>
[2025-01-24T21:04:49.841+0000] {taskinstance.py:2613} INFO - Dependencies all met for dep_context=requeueable deps ti=<TaskInstance: coleta_dados_abertos_cnpj.extract_qualificacoes manual__2025-01-24T20:59:53.324100+00:00 [queued]>
[2025-01-24T21:04:49.841+0000] {taskinstance.py:2866} INFO - Starting attempt 3 of 4
[2025-01-24T21:04:49.870+0000] {taskinstance.py:2889} INFO - Executing <Task(PythonOperator): extract_qualificacoes> on 2025-01-24 20:59:53.324100+00:00
[2025-01-24T21:04:49.874+0000] {warnings.py:112} WARNING - /home/***/.local/lib/python3.12/site-packages/***/task/task_runner/standard_task_runner.py:70: DeprecationWarning: This process (pid=816) is multi-threaded, use of fork() may lead to deadlocks in the child.
  pid = os.fork()

[2025-01-24T21:04:49.876+0000] {standard_task_runner.py:72} INFO - Started process 825 to run task
[2025-01-24T21:04:49.877+0000] {standard_task_runner.py:104} INFO - Running: ['***', 'tasks', 'run', 'coleta_dados_abertos_cnpj', 'extract_qualificacoes', 'manual__2025-01-24T20:59:53.324100+00:00', '--job-id', '803', '--raw', '--subdir', 'DAGS_FOLDER/coleta_dados_abertos_cnpj/dag.py', '--cfg-path', '/tmp/tmpgvy3c7p0']
[2025-01-24T21:04:49.879+0000] {standard_task_runner.py:105} INFO - Job 803: Subtask extract_qualificacoes
[2025-01-24T21:04:49.908+0000] {task_command.py:467} INFO - Running <TaskInstance: coleta_dados_abertos_cnpj.extract_qualificacoes manual__2025-01-24T20:59:53.324100+00:00 [running]> on host ee70781c29c7
[2025-01-24T21:04:49.961+0000] {taskinstance.py:3132} INFO - Exporting env vars: AIRFLOW_CTX_DAG_OWNER='Corvaum' AIRFLOW_CTX_DAG_ID='coleta_dados_abertos_cnpj' AIRFLOW_CTX_TASK_ID='extract_qualificacoes' AIRFLOW_CTX_EXECUTION_DATE='2025-01-24T20:59:53.324100+00:00' AIRFLOW_CTX_TRY_NUMBER='3' AIRFLOW_CTX_DAG_RUN_ID='manual__2025-01-24T20:59:53.324100+00:00'
[2025-01-24T21:04:49.962+0000] {taskinstance.py:731} INFO - ::endgroup::
[2025-01-24T21:04:49.974+0000] {logging_mixin.py:190} INFO - Data formatada: 2025-01
[2025-01-24T21:04:51.224+0000] {logging_mixin.py:190} INFO - Arquivos encontrados: ['Qualificacoes.zip']
[2025-01-24T21:04:51.225+0000] {logging_mixin.py:190} INFO - Baixando o arquivo: https://arquivos.receitafederal.gov.br/dados/cnpj/dados_abertos_cnpj/2025-01/Qualificacoes.zip
[2025-01-24T21:04:51.353+0000] {logging_mixin.py:190} INFO - Download concluído: https://arquivos.receitafederal.gov.br/dados/cnpj/dados_abertos_cnpj/2025-01/Qualificacoes.zip
[2025-01-24T21:04:51.356+0000] {logging_mixin.py:190} INFO - Arquivos descompactados: ['/tmp/2533ee3167d6497cb13e852fac7ba6a4_extracted/F.K03200$Z.D50111.QUALSCSV']
[2025-01-24T21:04:51.387+0000] {logging_mixin.py:190} INFO - Arquivo full_cpf/Qualificacoes/2025-01/Qualificacoes_1e83168077734c01b003b196825e9e66.csv carregado com sucesso no MinIO!
[2025-01-24T21:04:51.388+0000] {python.py:240} INFO - Done. Returned value was: None
[2025-01-24T21:04:51.393+0000] {taskinstance.py:340} INFO - ::group::Post task execution logs
[2025-01-24T21:04:51.393+0000] {taskinstance.py:352} INFO - Marking task as SUCCESS. dag_id=coleta_dados_abertos_cnpj, task_id=extract_qualificacoes, run_id=manual__2025-01-24T20:59:53.324100+00:00, execution_date=20250124T205953, start_date=20250124T210449, end_date=20250124T210451
[2025-01-24T21:04:51.454+0000] {local_task_job_runner.py:266} INFO - Task exited with return code 0
[2025-01-24T21:04:51.469+0000] {taskinstance.py:3895} INFO - 0 downstream tasks scheduled from follow-on schedule check
[2025-01-24T21:04:51.471+0000] {local_task_job_runner.py:245} INFO - ::endgroup::
