[2025-01-24T21:04:49.803+0000] {local_task_job_runner.py:123} INFO - ::group::Pre task execution logs
[2025-01-24T21:04:49.814+0000] {taskinstance.py:2613} INFO - Dependencies all met for dep_context=non-requeueable deps ti=<TaskInstance: coleta_dados_abertos_cnpj.extract_estabelecimentos manual__2025-01-24T20:59:53.324100+00:00 [queued]>
[2025-01-24T21:04:49.820+0000] {taskinstance.py:2613} INFO - Dependencies all met for dep_context=requeueable deps ti=<TaskInstance: coleta_dados_abertos_cnpj.extract_estabelecimentos manual__2025-01-24T20:59:53.324100+00:00 [queued]>
[2025-01-24T21:04:49.820+0000] {taskinstance.py:2866} INFO - Starting attempt 3 of 4
[2025-01-24T21:04:49.900+0000] {taskinstance.py:2889} INFO - Executing <Task(PythonOperator): extract_estabelecimentos> on 2025-01-24 20:59:53.324100+00:00
[2025-01-24T21:04:49.904+0000] {warnings.py:112} WARNING - /home/***/.local/lib/python3.12/site-packages/***/task/task_runner/standard_task_runner.py:70: DeprecationWarning: This process (pid=813) is multi-threaded, use of fork() may lead to deadlocks in the child.
  pid = os.fork()

[2025-01-24T21:04:49.905+0000] {standard_task_runner.py:72} INFO - Started process 835 to run task
[2025-01-24T21:04:49.906+0000] {standard_task_runner.py:104} INFO - Running: ['***', 'tasks', 'run', 'coleta_dados_abertos_cnpj', 'extract_estabelecimentos', 'manual__2025-01-24T20:59:53.324100+00:00', '--job-id', '796', '--raw', '--subdir', 'DAGS_FOLDER/coleta_dados_abertos_cnpj/dag.py', '--cfg-path', '/tmp/tmppz_fl2p7']
[2025-01-24T21:04:49.907+0000] {standard_task_runner.py:105} INFO - Job 796: Subtask extract_estabelecimentos
[2025-01-24T21:04:49.938+0000] {task_command.py:467} INFO - Running <TaskInstance: coleta_dados_abertos_cnpj.extract_estabelecimentos manual__2025-01-24T20:59:53.324100+00:00 [running]> on host ee70781c29c7
[2025-01-24T21:04:49.989+0000] {taskinstance.py:3132} INFO - Exporting env vars: AIRFLOW_CTX_DAG_OWNER='Corvaum' AIRFLOW_CTX_DAG_ID='coleta_dados_abertos_cnpj' AIRFLOW_CTX_TASK_ID='extract_estabelecimentos' AIRFLOW_CTX_EXECUTION_DATE='2025-01-24T20:59:53.324100+00:00' AIRFLOW_CTX_TRY_NUMBER='3' AIRFLOW_CTX_DAG_RUN_ID='manual__2025-01-24T20:59:53.324100+00:00'
[2025-01-24T21:04:49.990+0000] {taskinstance.py:731} INFO - ::endgroup::
[2025-01-24T21:04:50.001+0000] {logging_mixin.py:190} INFO - Data formatada: 2025-01
[2025-01-24T21:04:51.225+0000] {logging_mixin.py:190} INFO - Arquivos encontrados: ['Estabelecimentos0.zip', 'Estabelecimentos1.zip', 'Estabelecimentos2.zip', 'Estabelecimentos3.zip', 'Estabelecimentos4.zip', 'Estabelecimentos5.zip', 'Estabelecimentos6.zip', 'Estabelecimentos7.zip', 'Estabelecimentos8.zip', 'Estabelecimentos9.zip']
[2025-01-24T21:04:51.225+0000] {logging_mixin.py:190} INFO - Baixando o arquivo: https://arquivos.receitafederal.gov.br/dados/cnpj/dados_abertos_cnpj/2025-01/Estabelecimentos0.zip
[2025-01-24T21:07:43.556+0000] {logging_mixin.py:190} INFO - Erro ao fazer o download do arquivo: ('Connection broken: IncompleteRead(75105056 bytes read, 1472274708 more expected)', IncompleteRead(75105056 bytes read, 1472274708 more expected))
[2025-01-24T21:07:43.556+0000] {logging_mixin.py:190} INFO - Falha no download do arquivo: Estabelecimentos0.zip
[2025-01-24T21:07:43.556+0000] {logging_mixin.py:190} INFO - Baixando o arquivo: https://arquivos.receitafederal.gov.br/dados/cnpj/dados_abertos_cnpj/2025-01/Estabelecimentos1.zip
[2025-01-24T21:08:04.612+0000] {logging_mixin.py:190} INFO - Erro ao fazer o download do arquivo: HTTPSConnectionPool(host='arquivos.receitafederal.gov.br', port=443): Max retries exceeded with url: /dados/cnpj/dados_abertos_cnpj/2025-01/Estabelecimentos1.zip (Caused by NewConnectionError('<urllib3.connection.HTTPSConnection object at 0x7fe21cf76fc0>: Failed to establish a new connection: [Errno 111] Connection refused'))
[2025-01-24T21:08:04.613+0000] {logging_mixin.py:190} INFO - Falha no download do arquivo: Estabelecimentos1.zip
[2025-01-24T21:08:04.614+0000] {logging_mixin.py:190} INFO - Baixando o arquivo: https://arquivos.receitafederal.gov.br/dados/cnpj/dados_abertos_cnpj/2025-01/Estabelecimentos2.zip
[2025-01-24T21:08:25.762+0000] {logging_mixin.py:190} INFO - Erro ao fazer o download do arquivo: HTTPSConnectionPool(host='arquivos.receitafederal.gov.br', port=443): Max retries exceeded with url: /dados/cnpj/dados_abertos_cnpj/2025-01/Estabelecimentos2.zip (Caused by NewConnectionError('<urllib3.connection.HTTPSConnection object at 0x7fe21cf75e50>: Failed to establish a new connection: [Errno 111] Connection refused'))
[2025-01-24T21:08:25.762+0000] {logging_mixin.py:190} INFO - Falha no download do arquivo: Estabelecimentos2.zip
[2025-01-24T21:08:25.762+0000] {logging_mixin.py:190} INFO - Baixando o arquivo: https://arquivos.receitafederal.gov.br/dados/cnpj/dados_abertos_cnpj/2025-01/Estabelecimentos3.zip
[2025-01-24T21:08:46.905+0000] {logging_mixin.py:190} INFO - Erro ao fazer o download do arquivo: HTTPSConnectionPool(host='arquivos.receitafederal.gov.br', port=443): Max retries exceeded with url: /dados/cnpj/dados_abertos_cnpj/2025-01/Estabelecimentos3.zip (Caused by NewConnectionError('<urllib3.connection.HTTPSConnection object at 0x7fe21cf75b80>: Failed to establish a new connection: [Errno 111] Connection refused'))
[2025-01-24T21:08:46.905+0000] {logging_mixin.py:190} INFO - Falha no download do arquivo: Estabelecimentos3.zip
[2025-01-24T21:08:46.905+0000] {logging_mixin.py:190} INFO - Baixando o arquivo: https://arquivos.receitafederal.gov.br/dados/cnpj/dados_abertos_cnpj/2025-01/Estabelecimentos4.zip
[2025-01-24T21:09:08.021+0000] {logging_mixin.py:190} INFO - Erro ao fazer o download do arquivo: HTTPSConnectionPool(host='arquivos.receitafederal.gov.br', port=443): Max retries exceeded with url: /dados/cnpj/dados_abertos_cnpj/2025-01/Estabelecimentos4.zip (Caused by NewConnectionError('<urllib3.connection.HTTPSConnection object at 0x7fe21f173b30>: Failed to establish a new connection: [Errno 111] Connection refused'))
[2025-01-24T21:09:08.021+0000] {logging_mixin.py:190} INFO - Falha no download do arquivo: Estabelecimentos4.zip
[2025-01-24T21:09:08.021+0000] {logging_mixin.py:190} INFO - Baixando o arquivo: https://arquivos.receitafederal.gov.br/dados/cnpj/dados_abertos_cnpj/2025-01/Estabelecimentos5.zip
[2025-01-24T21:09:29.123+0000] {logging_mixin.py:190} INFO - Erro ao fazer o download do arquivo: HTTPSConnectionPool(host='arquivos.receitafederal.gov.br', port=443): Max retries exceeded with url: /dados/cnpj/dados_abertos_cnpj/2025-01/Estabelecimentos5.zip (Caused by NewConnectionError('<urllib3.connection.HTTPSConnection object at 0x7fe21cf5f0b0>: Failed to establish a new connection: [Errno 111] Connection refused'))
[2025-01-24T21:09:29.124+0000] {logging_mixin.py:190} INFO - Falha no download do arquivo: Estabelecimentos5.zip
[2025-01-24T21:09:29.124+0000] {logging_mixin.py:190} INFO - Baixando o arquivo: https://arquivos.receitafederal.gov.br/dados/cnpj/dados_abertos_cnpj/2025-01/Estabelecimentos6.zip
[2025-01-24T21:09:50.249+0000] {logging_mixin.py:190} INFO - Erro ao fazer o download do arquivo: HTTPSConnectionPool(host='arquivos.receitafederal.gov.br', port=443): Max retries exceeded with url: /dados/cnpj/dados_abertos_cnpj/2025-01/Estabelecimentos6.zip (Caused by NewConnectionError('<urllib3.connection.HTTPSConnection object at 0x7fe21cf74e60>: Failed to establish a new connection: [Errno 111] Connection refused'))
[2025-01-24T21:09:50.250+0000] {logging_mixin.py:190} INFO - Falha no download do arquivo: Estabelecimentos6.zip
[2025-01-24T21:09:50.250+0000] {logging_mixin.py:190} INFO - Baixando o arquivo: https://arquivos.receitafederal.gov.br/dados/cnpj/dados_abertos_cnpj/2025-01/Estabelecimentos7.zip
[2025-01-24T21:10:11.392+0000] {logging_mixin.py:190} INFO - Erro ao fazer o download do arquivo: HTTPSConnectionPool(host='arquivos.receitafederal.gov.br', port=443): Max retries exceeded with url: /dados/cnpj/dados_abertos_cnpj/2025-01/Estabelecimentos7.zip (Caused by NewConnectionError('<urllib3.connection.HTTPSConnection object at 0x7fe21cf76060>: Failed to establish a new connection: [Errno 111] Connection refused'))
[2025-01-24T21:10:11.393+0000] {logging_mixin.py:190} INFO - Falha no download do arquivo: Estabelecimentos7.zip
[2025-01-24T21:10:11.393+0000] {logging_mixin.py:190} INFO - Baixando o arquivo: https://arquivos.receitafederal.gov.br/dados/cnpj/dados_abertos_cnpj/2025-01/Estabelecimentos8.zip
[2025-01-24T21:12:00.768+0000] {logging_mixin.py:190} INFO - Download concluído: https://arquivos.receitafederal.gov.br/dados/cnpj/dados_abertos_cnpj/2025-01/Estabelecimentos8.zip
[2025-01-24T21:12:04.044+0000] {logging_mixin.py:190} INFO - Arquivos descompactados: ['/tmp/798aa574d4ab42a392880cd029ceff97_extracted/K3241.K03200Y8.D50111.ESTABELE']
[2025-01-24T21:12:28.060+0000] {logging_mixin.py:190} INFO - Arquivo full_cpf/Estabelecimentos/2025-01/Estabelecimentos_cf57c97baff340689903e673f84f02f7.csv carregado com sucesso no MinIO!
[2025-01-24T21:12:28.114+0000] {logging_mixin.py:190} INFO - Baixando o arquivo: https://arquivos.receitafederal.gov.br/dados/cnpj/dados_abertos_cnpj/2025-01/Estabelecimentos9.zip
[2025-01-24T21:13:58.128+0000] {logging_mixin.py:190} INFO - Download concluído: https://arquivos.receitafederal.gov.br/dados/cnpj/dados_abertos_cnpj/2025-01/Estabelecimentos9.zip
[2025-01-24T21:14:01.148+0000] {logging_mixin.py:190} INFO - Arquivos descompactados: ['/tmp/cbdd3672b8804f37bcfb402a1a60d2dc_extracted/K3241.K03200Y9.D50111.ESTABELE']
[2025-01-24T21:14:23.673+0000] {local_task_job_runner.py:318} WARNING - Recorded pid 1010 does not match the current pid 835
[2025-01-24T21:14:23.674+0000] {local_task_job_runner.py:218} WARNING - Heartbeat failed with Exception: PID of job runner does not match
[2025-01-24T21:14:26.606+0000] {logging_mixin.py:190} INFO - Arquivo full_cpf/Estabelecimentos/2025-01/Estabelecimentos_ea6d2df810964296b19c7f375ebe0575.csv carregado com sucesso no MinIO!
[2025-01-24T21:14:26.665+0000] {python.py:240} INFO - Done. Returned value was: None
[2025-01-24T21:14:26.670+0000] {taskinstance.py:340} INFO - ::group::Post task execution logs
[2025-01-24T21:14:26.671+0000] {taskinstance.py:352} INFO - Marking task as SUCCESS. dag_id=coleta_dados_abertos_cnpj, task_id=extract_estabelecimentos, run_id=manual__2025-01-24T20:59:53.324100+00:00, execution_date=20250124T205953, start_date=20250124T211420, end_date=20250124T211426
[2025-01-24T21:14:26.693+0000] {local_task_job_runner.py:266} INFO - Task exited with return code 0
[2025-01-24T21:14:26.705+0000] {taskinstance.py:3895} INFO - 0 downstream tasks scheduled from follow-on schedule check
[2025-01-24T21:14:26.707+0000] {local_task_job_runner.py:245} INFO - ::endgroup::
