[2025-01-24T21:14:20.341+0000] {local_task_job_runner.py:123} INFO - ::group::Pre task execution logs
[2025-01-24T21:14:20.354+0000] {taskinstance.py:2613} INFO - Dependencies all met for dep_context=non-requeueable deps ti=<TaskInstance: coleta_dados_abertos_cnpj.extract_estabelecimentos manual__2025-01-24T20:59:53.324100+00:00 [queued]>
[2025-01-24T21:14:20.359+0000] {taskinstance.py:2613} INFO - Dependencies all met for dep_context=requeueable deps ti=<TaskInstance: coleta_dados_abertos_cnpj.extract_estabelecimentos manual__2025-01-24T20:59:53.324100+00:00 [queued]>
[2025-01-24T21:14:20.360+0000] {taskinstance.py:2866} INFO - Starting attempt 4 of 5
[2025-01-24T21:14:20.421+0000] {taskinstance.py:2889} INFO - Executing <Task(PythonOperator): extract_estabelecimentos> on 2025-01-24 20:59:53.324100+00:00
[2025-01-24T21:14:20.424+0000] {warnings.py:112} WARNING - /home/***/.local/lib/python3.12/site-packages/***/task/task_runner/standard_task_runner.py:70: DeprecationWarning: This process (pid=996) is multi-threaded, use of fork() may lead to deadlocks in the child.
  pid = os.fork()

[2025-01-24T21:14:20.425+0000] {standard_task_runner.py:72} INFO - Started process 1010 to run task
[2025-01-24T21:14:20.425+0000] {standard_task_runner.py:104} INFO - Running: ['***', 'tasks', 'run', 'coleta_dados_abertos_cnpj', 'extract_estabelecimentos', 'manual__2025-01-24T20:59:53.324100+00:00', '--job-id', '813', '--raw', '--subdir', 'DAGS_FOLDER/coleta_dados_abertos_cnpj/dag.py', '--cfg-path', '/tmp/tmpmchp1v06']
[2025-01-24T21:14:20.426+0000] {standard_task_runner.py:105} INFO - Job 813: Subtask extract_estabelecimentos
[2025-01-24T21:14:20.452+0000] {task_command.py:467} INFO - Running <TaskInstance: coleta_dados_abertos_cnpj.extract_estabelecimentos manual__2025-01-24T20:59:53.324100+00:00 [running]> on host ee70781c29c7
[2025-01-24T21:14:20.498+0000] {taskinstance.py:3132} INFO - Exporting env vars: AIRFLOW_CTX_DAG_OWNER='Corvaum' AIRFLOW_CTX_DAG_ID='coleta_dados_abertos_cnpj' AIRFLOW_CTX_TASK_ID='extract_estabelecimentos' AIRFLOW_CTX_EXECUTION_DATE='2025-01-24T20:59:53.324100+00:00' AIRFLOW_CTX_TRY_NUMBER='4' AIRFLOW_CTX_DAG_RUN_ID='manual__2025-01-24T20:59:53.324100+00:00'
[2025-01-24T21:14:20.499+0000] {taskinstance.py:731} INFO - ::endgroup::
[2025-01-24T21:14:20.510+0000] {logging_mixin.py:190} INFO - Data formatada: 2025-01
[2025-01-24T21:14:20.732+0000] {logging_mixin.py:190} INFO - Arquivos encontrados: ['Estabelecimentos0.zip', 'Estabelecimentos1.zip', 'Estabelecimentos2.zip', 'Estabelecimentos3.zip', 'Estabelecimentos4.zip', 'Estabelecimentos5.zip', 'Estabelecimentos6.zip', 'Estabelecimentos7.zip', 'Estabelecimentos8.zip', 'Estabelecimentos9.zip']
[2025-01-24T21:14:20.732+0000] {logging_mixin.py:190} INFO - Baixando o arquivo: https://arquivos.receitafederal.gov.br/dados/cnpj/dados_abertos_cnpj/2025-01/Estabelecimentos0.zip
[2025-01-24T21:14:55.659+0000] {local_task_job_runner.py:346} WARNING - State of this instance has been externally set to success. Terminating instance.
[2025-01-24T21:14:55.660+0000] {local_task_job_runner.py:245} INFO - ::endgroup::
[2025-01-24T21:14:55.662+0000] {process_utils.py:132} INFO - Sending 15 to group 1010. PIDs of all processes in the group: [1010]
[2025-01-24T21:14:55.662+0000] {process_utils.py:87} INFO - Sending the signal 15 to group 1010
[2025-01-24T21:14:55.662+0000] {taskinstance.py:3093} ERROR - Received SIGTERM. Terminating subprocesses.
[2025-01-24T21:14:55.672+0000] {taskinstance.py:340} INFO - ::group::Post task execution logs
[2025-01-24T21:14:55.688+0000] {process_utils.py:80} INFO - Process psutil.Process(pid=1010, status='terminated', exitcode=0, started='21:14:19') (1010) terminated with exit code 0
