[2025-01-19T20:06:37.797+0000] {local_task_job_runner.py:123} INFO - ::group::Pre task execution logs
[2025-01-19T20:06:37.806+0000] {taskinstance.py:2613} INFO - Dependencies all met for dep_context=non-requeueable deps ti=<TaskInstance: coleta_dados_abertos_cnpj.extract manual__2025-01-19T20:06:24.339661+00:00 [queued]>
[2025-01-19T20:06:37.811+0000] {taskinstance.py:2613} INFO - Dependencies all met for dep_context=requeueable deps ti=<TaskInstance: coleta_dados_abertos_cnpj.extract manual__2025-01-19T20:06:24.339661+00:00 [queued]>
[2025-01-19T20:06:37.812+0000] {taskinstance.py:2866} INFO - Starting attempt 1 of 2
[2025-01-19T20:06:38.094+0000] {taskinstance.py:2889} INFO - Executing <Task(PythonOperator): extract> on 2025-01-19 20:06:24.339661+00:00
[2025-01-19T20:06:38.098+0000] {warnings.py:112} WARNING - /home/***/.local/lib/python3.12/site-packages/***/task/task_runner/standard_task_runner.py:70: DeprecationWarning: This process (pid=155) is multi-threaded, use of fork() may lead to deadlocks in the child.
  pid = os.fork()

[2025-01-19T20:06:38.099+0000] {standard_task_runner.py:72} INFO - Started process 176 to run task
[2025-01-19T20:06:38.100+0000] {standard_task_runner.py:104} INFO - Running: ['***', 'tasks', 'run', 'coleta_dados_abertos_cnpj', 'extract', 'manual__2025-01-19T20:06:24.339661+00:00', '--job-id', '37', '--raw', '--subdir', 'DAGS_FOLDER/coleta_dados_abertos_cnpj/dag.py', '--cfg-path', '/tmp/tmpl2_os24u']
[2025-01-19T20:06:38.101+0000] {standard_task_runner.py:105} INFO - Job 37: Subtask extract
[2025-01-19T20:06:38.129+0000] {task_command.py:467} INFO - Running <TaskInstance: coleta_dados_abertos_cnpj.extract manual__2025-01-19T20:06:24.339661+00:00 [running]> on host 659dab735c6e
[2025-01-19T20:06:38.178+0000] {taskinstance.py:3132} INFO - Exporting env vars: AIRFLOW_CTX_DAG_OWNER='Corvaum' AIRFLOW_CTX_DAG_ID='coleta_dados_abertos_cnpj' AIRFLOW_CTX_TASK_ID='extract' AIRFLOW_CTX_EXECUTION_DATE='2025-01-19T20:06:24.339661+00:00' AIRFLOW_CTX_TRY_NUMBER='1' AIRFLOW_CTX_DAG_RUN_ID='manual__2025-01-19T20:06:24.339661+00:00'
[2025-01-19T20:06:38.179+0000] {taskinstance.py:731} INFO - ::endgroup::
[2025-01-19T20:06:38.192+0000] {logging_mixin.py:190} INFO - 2025-01
[2025-01-19T20:06:38.416+0000] {logging_mixin.py:190} INFO - -----------------
[2025-01-19T20:06:38.416+0000] {logging_mixin.py:190} INFO - ['Cnaes.zip']
[2025-01-19T20:06:38.417+0000] {logging_mixin.py:190} INFO - ['Cnaes']
[2025-01-19T20:06:38.576+0000] {logging_mixin.py:190} INFO - Arquivo salvo em: G:/Airlfow/volumes/dados_abertos_cnpj/2025-01/Cnaes/Cnaes.zip
[2025-01-19T20:06:38.577+0000] {logging_mixin.py:190} INFO - None
[2025-01-19T20:06:38.577+0000] {logging_mixin.py:190} INFO - ['Cnaes.zip']
[2025-01-19T20:06:38.578+0000] {python.py:240} INFO - Done. Returned value was: None
[2025-01-19T20:06:38.584+0000] {taskinstance.py:340} INFO - ::group::Post task execution logs
[2025-01-19T20:06:38.584+0000] {taskinstance.py:352} INFO - Marking task as SUCCESS. dag_id=coleta_dados_abertos_cnpj, task_id=extract, run_id=manual__2025-01-19T20:06:24.339661+00:00, execution_date=20250119T200624, start_date=20250119T200637, end_date=20250119T200638
[2025-01-19T20:06:38.634+0000] {local_task_job_runner.py:266} INFO - Task exited with return code 0
[2025-01-19T20:06:38.646+0000] {taskinstance.py:3895} INFO - 0 downstream tasks scheduled from follow-on schedule check
[2025-01-19T20:06:38.648+0000] {local_task_job_runner.py:245} INFO - ::endgroup::
