[2025-01-24T21:34:03.163+0000] {local_task_job_runner.py:123} INFO - ::group::Pre task execution logs
[2025-01-24T21:34:03.173+0000] {taskinstance.py:2613} INFO - Dependencies all met for dep_context=non-requeueable deps ti=<TaskInstance: coleta_dados_abertos_cnpj.extract_paises manual__2025-01-24T21:15:51.387766+00:00 [queued]>
[2025-01-24T21:34:03.178+0000] {taskinstance.py:2613} INFO - Dependencies all met for dep_context=requeueable deps ti=<TaskInstance: coleta_dados_abertos_cnpj.extract_paises manual__2025-01-24T21:15:51.387766+00:00 [queued]>
[2025-01-24T21:34:03.179+0000] {taskinstance.py:2866} INFO - Starting attempt 2 of 3
[2025-01-24T21:34:03.204+0000] {taskinstance.py:2889} INFO - Executing <Task(PythonOperator): extract_paises> on 2025-01-24 21:15:51.387766+00:00
[2025-01-24T21:34:03.208+0000] {warnings.py:112} WARNING - /home/***/.local/lib/python3.12/site-packages/***/task/task_runner/standard_task_runner.py:70: DeprecationWarning: This process (pid=1348) is multi-threaded, use of fork() may lead to deadlocks in the child.
  pid = os.fork()

[2025-01-24T21:34:03.209+0000] {standard_task_runner.py:72} INFO - Started process 1363 to run task
[2025-01-24T21:34:03.209+0000] {standard_task_runner.py:104} INFO - Running: ['***', 'tasks', 'run', 'coleta_dados_abertos_cnpj', 'extract_paises', 'manual__2025-01-24T21:15:51.387766+00:00', '--job-id', '842', '--raw', '--subdir', 'DAGS_FOLDER/coleta_dados_abertos_cnpj/dag.py', '--cfg-path', '/tmp/tmpmlzr3up6']
[2025-01-24T21:34:03.211+0000] {standard_task_runner.py:105} INFO - Job 842: Subtask extract_paises
[2025-01-24T21:34:03.242+0000] {task_command.py:467} INFO - Running <TaskInstance: coleta_dados_abertos_cnpj.extract_paises manual__2025-01-24T21:15:51.387766+00:00 [running]> on host ee70781c29c7
[2025-01-24T21:34:03.298+0000] {taskinstance.py:3132} INFO - Exporting env vars: AIRFLOW_CTX_DAG_OWNER='Corvaum' AIRFLOW_CTX_DAG_ID='coleta_dados_abertos_cnpj' AIRFLOW_CTX_TASK_ID='extract_paises' AIRFLOW_CTX_EXECUTION_DATE='2025-01-24T21:15:51.387766+00:00' AIRFLOW_CTX_TRY_NUMBER='2' AIRFLOW_CTX_DAG_RUN_ID='manual__2025-01-24T21:15:51.387766+00:00'
[2025-01-24T21:34:03.299+0000] {taskinstance.py:731} INFO - ::endgroup::
[2025-01-24T21:34:03.313+0000] {logging_mixin.py:190} INFO - Data formatada: 2025-01
[2025-01-24T21:34:03.566+0000] {logging_mixin.py:190} INFO - Arquivos encontrados: ['Paises.zip']
[2025-01-24T21:34:03.567+0000] {logging_mixin.py:190} INFO - Baixando o arquivo: https://arquivos.receitafederal.gov.br/dados/cnpj/dados_abertos_cnpj/2025-01/Paises.zip
[2025-01-24T21:34:03.696+0000] {logging_mixin.py:190} INFO - Download concluído: https://arquivos.receitafederal.gov.br/dados/cnpj/dados_abertos_cnpj/2025-01/Paises.zip
[2025-01-24T21:34:03.699+0000] {logging_mixin.py:190} INFO - Arquivos descompactados: ['/tmp/52e76ec0fd1b4e00a3becd02cb1378df_extracted/F.K03200$Z.D50111.PAISCSV']
[2025-01-24T21:34:03.780+0000] {logging_mixin.py:190} INFO - Arquivo full_cpf/Paises/2025-01/Paises_a099c307ff4b4e23b114a4cd675d7126.csv carregado com sucesso no MinIO!
[2025-01-24T21:34:03.781+0000] {python.py:240} INFO - Done. Returned value was: None
[2025-01-24T21:34:03.785+0000] {taskinstance.py:340} INFO - ::group::Post task execution logs
[2025-01-24T21:34:03.785+0000] {taskinstance.py:352} INFO - Marking task as SUCCESS. dag_id=coleta_dados_abertos_cnpj, task_id=extract_paises, run_id=manual__2025-01-24T21:15:51.387766+00:00, execution_date=20250124T211551, start_date=20250124T213403, end_date=20250124T213403
[2025-01-24T21:34:03.824+0000] {local_task_job_runner.py:266} INFO - Task exited with return code 0
[2025-01-24T21:34:03.837+0000] {taskinstance.py:3895} INFO - 0 downstream tasks scheduled from follow-on schedule check
[2025-01-24T21:34:03.839+0000] {local_task_job_runner.py:245} INFO - ::endgroup::
