[2025-01-24T21:14:20.342+0000] {local_task_job_runner.py:123} INFO - ::group::Pre task execution logs
[2025-01-24T21:14:20.352+0000] {taskinstance.py:2613} INFO - Dependencies all met for dep_context=non-requeueable deps ti=<TaskInstance: coleta_dados_abertos_cnpj.extract_naturezas manual__2025-01-24T20:59:53.324100+00:00 [queued]>
[2025-01-24T21:14:20.359+0000] {taskinstance.py:2613} INFO - Dependencies all met for dep_context=requeueable deps ti=<TaskInstance: coleta_dados_abertos_cnpj.extract_naturezas manual__2025-01-24T20:59:53.324100+00:00 [queued]>
[2025-01-24T21:14:20.360+0000] {taskinstance.py:2866} INFO - Starting attempt 4 of 5
[2025-01-24T21:14:20.413+0000] {taskinstance.py:2889} INFO - Executing <Task(PythonOperator): extract_naturezas> on 2025-01-24 20:59:53.324100+00:00
[2025-01-24T21:14:20.417+0000] {warnings.py:112} WARNING - /home/***/.local/lib/python3.12/site-packages/***/task/task_runner/standard_task_runner.py:70: DeprecationWarning: This process (pid=994) is multi-threaded, use of fork() may lead to deadlocks in the child.
  pid = os.fork()

[2025-01-24T21:14:20.418+0000] {standard_task_runner.py:72} INFO - Started process 1008 to run task
[2025-01-24T21:14:20.418+0000] {standard_task_runner.py:104} INFO - Running: ['***', 'tasks', 'run', 'coleta_dados_abertos_cnpj', 'extract_naturezas', 'manual__2025-01-24T20:59:53.324100+00:00', '--job-id', '811', '--raw', '--subdir', 'DAGS_FOLDER/coleta_dados_abertos_cnpj/dag.py', '--cfg-path', '/tmp/tmp8eu3mtws']
[2025-01-24T21:14:20.420+0000] {standard_task_runner.py:105} INFO - Job 811: Subtask extract_naturezas
[2025-01-24T21:14:20.447+0000] {task_command.py:467} INFO - Running <TaskInstance: coleta_dados_abertos_cnpj.extract_naturezas manual__2025-01-24T20:59:53.324100+00:00 [running]> on host ee70781c29c7
[2025-01-24T21:14:20.495+0000] {taskinstance.py:3132} INFO - Exporting env vars: AIRFLOW_CTX_DAG_OWNER='Corvaum' AIRFLOW_CTX_DAG_ID='coleta_dados_abertos_cnpj' AIRFLOW_CTX_TASK_ID='extract_naturezas' AIRFLOW_CTX_EXECUTION_DATE='2025-01-24T20:59:53.324100+00:00' AIRFLOW_CTX_TRY_NUMBER='4' AIRFLOW_CTX_DAG_RUN_ID='manual__2025-01-24T20:59:53.324100+00:00'
[2025-01-24T21:14:20.496+0000] {taskinstance.py:731} INFO - ::endgroup::
[2025-01-24T21:14:20.507+0000] {logging_mixin.py:190} INFO - Data formatada: 2025-01
[2025-01-24T21:14:20.726+0000] {logging_mixin.py:190} INFO - Arquivos encontrados: ['Naturezas.zip']
[2025-01-24T21:14:20.726+0000] {logging_mixin.py:190} INFO - Baixando o arquivo: https://arquivos.receitafederal.gov.br/dados/cnpj/dados_abertos_cnpj/2025-01/Naturezas.zip
[2025-01-24T21:14:20.853+0000] {logging_mixin.py:190} INFO - Download concluído: https://arquivos.receitafederal.gov.br/dados/cnpj/dados_abertos_cnpj/2025-01/Naturezas.zip
[2025-01-24T21:14:20.856+0000] {logging_mixin.py:190} INFO - Arquivos descompactados: ['/tmp/bf22bef3677b42d095f19970ab5fb961_extracted/F.K03200$Z.D50111.NATJUCSV']
[2025-01-24T21:14:21.037+0000] {logging_mixin.py:190} INFO - Arquivo full_cpf/Naturezas/2025-01/Naturezas_e78cc779713d4cb6818d184b7f74153d.csv carregado com sucesso no MinIO!
[2025-01-24T21:14:21.037+0000] {python.py:240} INFO - Done. Returned value was: None
[2025-01-24T21:14:21.043+0000] {taskinstance.py:340} INFO - ::group::Post task execution logs
[2025-01-24T21:14:21.044+0000] {taskinstance.py:352} INFO - Marking task as SUCCESS. dag_id=coleta_dados_abertos_cnpj, task_id=extract_naturezas, run_id=manual__2025-01-24T20:59:53.324100+00:00, execution_date=20250124T205953, start_date=20250124T211420, end_date=20250124T211421
[2025-01-24T21:14:21.073+0000] {local_task_job_runner.py:266} INFO - Task exited with return code 0
[2025-01-24T21:14:21.090+0000] {taskinstance.py:3895} INFO - 0 downstream tasks scheduled from follow-on schedule check
[2025-01-24T21:14:21.092+0000] {local_task_job_runner.py:245} INFO - ::endgroup::
