[2025-01-25T13:41:16.131+0000] {processor.py:186} INFO - Started process (PID=87) to work on /opt/airflow/dags/saving_file.py
[2025-01-25T13:41:16.132+0000] {processor.py:914} INFO - Processing file /opt/airflow/dags/saving_file.py for tasks to queue
[2025-01-25T13:41:16.133+0000] {logging_mixin.py:190} INFO - [2025-01-25T13:41:16.133+0000] {dagbag.py:588} INFO - Filling up the DagBag from /opt/airflow/dags/saving_file.py
[2025-01-25T13:41:16.368+0000] {processor.py:925} INFO - DAG(s) 'gerar_csv_dados_abertos_cnpj' retrieved from /opt/airflow/dags/saving_file.py
[2025-01-25T13:41:16.378+0000] {logging_mixin.py:190} INFO - [2025-01-25T13:41:16.377+0000] {dag.py:3239} INFO - Sync 1 DAGs
[2025-01-25T13:41:16.414+0000] {logging_mixin.py:190} INFO - [2025-01-25T13:41:16.414+0000] {dag.py:4180} INFO - Setting next_dagrun for gerar_csv_dados_abertos_cnpj to 2025-01-24 00:00:00+00:00, run_after=2025-01-25 00:00:00+00:00
[2025-01-25T13:41:16.424+0000] {processor.py:208} INFO - Processing /opt/airflow/dags/saving_file.py took 0.295 seconds
[2025-01-25T13:41:46.610+0000] {processor.py:186} INFO - Started process (PID=97) to work on /opt/airflow/dags/saving_file.py
[2025-01-25T13:41:46.610+0000] {processor.py:914} INFO - Processing file /opt/airflow/dags/saving_file.py for tasks to queue
[2025-01-25T13:41:46.611+0000] {logging_mixin.py:190} INFO - [2025-01-25T13:41:46.611+0000] {dagbag.py:588} INFO - Filling up the DagBag from /opt/airflow/dags/saving_file.py
[2025-01-25T13:41:46.878+0000] {processor.py:925} INFO - DAG(s) 'gerar_csv_dados_abertos_cnpj' retrieved from /opt/airflow/dags/saving_file.py
[2025-01-25T13:41:46.889+0000] {logging_mixin.py:190} INFO - [2025-01-25T13:41:46.889+0000] {dag.py:3239} INFO - Sync 1 DAGs
[2025-01-25T13:41:46.900+0000] {logging_mixin.py:190} INFO - [2025-01-25T13:41:46.900+0000] {dag.py:4180} INFO - Setting next_dagrun for gerar_csv_dados_abertos_cnpj to 2025-01-24 00:00:00+00:00, run_after=2025-01-25 00:00:00+00:00
[2025-01-25T13:41:46.910+0000] {processor.py:208} INFO - Processing /opt/airflow/dags/saving_file.py took 0.303 seconds
[2025-01-25T13:42:17.239+0000] {processor.py:186} INFO - Started process (PID=108) to work on /opt/airflow/dags/saving_file.py
[2025-01-25T13:42:17.239+0000] {processor.py:914} INFO - Processing file /opt/airflow/dags/saving_file.py for tasks to queue
[2025-01-25T13:42:17.240+0000] {logging_mixin.py:190} INFO - [2025-01-25T13:42:17.240+0000] {dagbag.py:588} INFO - Filling up the DagBag from /opt/airflow/dags/saving_file.py
[2025-01-25T13:42:17.492+0000] {processor.py:925} INFO - DAG(s) 'gerar_csv_dados_abertos_cnpj' retrieved from /opt/airflow/dags/saving_file.py
[2025-01-25T13:42:17.504+0000] {logging_mixin.py:190} INFO - [2025-01-25T13:42:17.504+0000] {dag.py:3239} INFO - Sync 1 DAGs
[2025-01-25T13:42:17.514+0000] {logging_mixin.py:190} INFO - [2025-01-25T13:42:17.514+0000] {dag.py:4180} INFO - Setting next_dagrun for gerar_csv_dados_abertos_cnpj to 2025-01-24 00:00:00+00:00, run_after=2025-01-25 00:00:00+00:00
[2025-01-25T13:42:17.563+0000] {processor.py:208} INFO - Processing /opt/airflow/dags/saving_file.py took 0.327 seconds
[2025-01-25T13:42:47.891+0000] {processor.py:186} INFO - Started process (PID=119) to work on /opt/airflow/dags/saving_file.py
[2025-01-25T13:42:47.892+0000] {processor.py:914} INFO - Processing file /opt/airflow/dags/saving_file.py for tasks to queue
[2025-01-25T13:42:47.893+0000] {logging_mixin.py:190} INFO - [2025-01-25T13:42:47.892+0000] {dagbag.py:588} INFO - Filling up the DagBag from /opt/airflow/dags/saving_file.py
[2025-01-25T13:42:48.153+0000] {processor.py:925} INFO - DAG(s) 'gerar_csv_dados_abertos_cnpj' retrieved from /opt/airflow/dags/saving_file.py
[2025-01-25T13:42:48.164+0000] {logging_mixin.py:190} INFO - [2025-01-25T13:42:48.163+0000] {dag.py:3239} INFO - Sync 1 DAGs
[2025-01-25T13:42:48.175+0000] {logging_mixin.py:190} INFO - [2025-01-25T13:42:48.175+0000] {dag.py:4180} INFO - Setting next_dagrun for gerar_csv_dados_abertos_cnpj to 2025-01-24 00:00:00+00:00, run_after=2025-01-25 00:00:00+00:00
[2025-01-25T13:42:48.184+0000] {processor.py:208} INFO - Processing /opt/airflow/dags/saving_file.py took 0.296 seconds
[2025-01-25T13:43:18.498+0000] {processor.py:186} INFO - Started process (PID=130) to work on /opt/airflow/dags/saving_file.py
[2025-01-25T13:43:18.498+0000] {processor.py:914} INFO - Processing file /opt/airflow/dags/saving_file.py for tasks to queue
[2025-01-25T13:43:18.499+0000] {logging_mixin.py:190} INFO - [2025-01-25T13:43:18.499+0000] {dagbag.py:588} INFO - Filling up the DagBag from /opt/airflow/dags/saving_file.py
[2025-01-25T13:43:18.762+0000] {processor.py:925} INFO - DAG(s) 'gerar_csv_dados_abertos_cnpj' retrieved from /opt/airflow/dags/saving_file.py
[2025-01-25T13:43:18.773+0000] {logging_mixin.py:190} INFO - [2025-01-25T13:43:18.773+0000] {dag.py:3239} INFO - Sync 1 DAGs
[2025-01-25T13:43:18.784+0000] {logging_mixin.py:190} INFO - [2025-01-25T13:43:18.784+0000] {dag.py:4180} INFO - Setting next_dagrun for gerar_csv_dados_abertos_cnpj to 2025-01-24 00:00:00+00:00, run_after=2025-01-25 00:00:00+00:00
[2025-01-25T13:43:18.793+0000] {processor.py:208} INFO - Processing /opt/airflow/dags/saving_file.py took 0.298 seconds
[2025-01-25T13:43:49.057+0000] {processor.py:186} INFO - Started process (PID=141) to work on /opt/airflow/dags/saving_file.py
[2025-01-25T13:43:49.058+0000] {processor.py:914} INFO - Processing file /opt/airflow/dags/saving_file.py for tasks to queue
[2025-01-25T13:43:49.059+0000] {logging_mixin.py:190} INFO - [2025-01-25T13:43:49.059+0000] {dagbag.py:588} INFO - Filling up the DagBag from /opt/airflow/dags/saving_file.py
[2025-01-25T13:43:49.324+0000] {processor.py:925} INFO - DAG(s) 'gerar_csv_dados_abertos_cnpj' retrieved from /opt/airflow/dags/saving_file.py
[2025-01-25T13:43:49.334+0000] {logging_mixin.py:190} INFO - [2025-01-25T13:43:49.334+0000] {dag.py:3239} INFO - Sync 1 DAGs
[2025-01-25T13:43:49.344+0000] {logging_mixin.py:190} INFO - [2025-01-25T13:43:49.344+0000] {dag.py:4180} INFO - Setting next_dagrun for gerar_csv_dados_abertos_cnpj to 2025-01-24 00:00:00+00:00, run_after=2025-01-25 00:00:00+00:00
[2025-01-25T13:43:49.353+0000] {processor.py:208} INFO - Processing /opt/airflow/dags/saving_file.py took 0.299 seconds
[2025-01-25T13:44:19.656+0000] {processor.py:186} INFO - Started process (PID=152) to work on /opt/airflow/dags/saving_file.py
[2025-01-25T13:44:19.657+0000] {processor.py:914} INFO - Processing file /opt/airflow/dags/saving_file.py for tasks to queue
[2025-01-25T13:44:19.658+0000] {logging_mixin.py:190} INFO - [2025-01-25T13:44:19.658+0000] {dagbag.py:588} INFO - Filling up the DagBag from /opt/airflow/dags/saving_file.py
[2025-01-25T13:44:19.899+0000] {processor.py:925} INFO - DAG(s) 'gerar_csv_dados_abertos_cnpj' retrieved from /opt/airflow/dags/saving_file.py
[2025-01-25T13:44:19.910+0000] {logging_mixin.py:190} INFO - [2025-01-25T13:44:19.910+0000] {dag.py:3239} INFO - Sync 1 DAGs
[2025-01-25T13:44:19.921+0000] {logging_mixin.py:190} INFO - [2025-01-25T13:44:19.921+0000] {dag.py:4180} INFO - Setting next_dagrun for gerar_csv_dados_abertos_cnpj to 2025-01-24 00:00:00+00:00, run_after=2025-01-25 00:00:00+00:00
[2025-01-25T13:44:19.929+0000] {processor.py:208} INFO - Processing /opt/airflow/dags/saving_file.py took 0.275 seconds
[2025-01-25T13:44:50.640+0000] {processor.py:186} INFO - Started process (PID=163) to work on /opt/airflow/dags/saving_file.py
[2025-01-25T13:44:50.640+0000] {processor.py:914} INFO - Processing file /opt/airflow/dags/saving_file.py for tasks to queue
[2025-01-25T13:44:50.641+0000] {logging_mixin.py:190} INFO - [2025-01-25T13:44:50.641+0000] {dagbag.py:588} INFO - Filling up the DagBag from /opt/airflow/dags/saving_file.py
[2025-01-25T13:44:50.880+0000] {processor.py:925} INFO - DAG(s) 'gerar_csv_dados_abertos_cnpj' retrieved from /opt/airflow/dags/saving_file.py
[2025-01-25T13:44:50.892+0000] {logging_mixin.py:190} INFO - [2025-01-25T13:44:50.892+0000] {dag.py:3239} INFO - Sync 1 DAGs
[2025-01-25T13:44:50.903+0000] {logging_mixin.py:190} INFO - [2025-01-25T13:44:50.903+0000] {dag.py:4180} INFO - Setting next_dagrun for gerar_csv_dados_abertos_cnpj to 2025-01-24 00:00:00+00:00, run_after=2025-01-25 00:00:00+00:00
[2025-01-25T13:44:50.912+0000] {processor.py:208} INFO - Processing /opt/airflow/dags/saving_file.py took 0.274 seconds
[2025-01-25T13:45:21.280+0000] {processor.py:186} INFO - Started process (PID=174) to work on /opt/airflow/dags/saving_file.py
[2025-01-25T13:45:21.281+0000] {processor.py:914} INFO - Processing file /opt/airflow/dags/saving_file.py for tasks to queue
[2025-01-25T13:45:21.282+0000] {logging_mixin.py:190} INFO - [2025-01-25T13:45:21.282+0000] {dagbag.py:588} INFO - Filling up the DagBag from /opt/airflow/dags/saving_file.py
[2025-01-25T13:45:21.523+0000] {processor.py:925} INFO - DAG(s) 'gerar_csv_dados_abertos_cnpj' retrieved from /opt/airflow/dags/saving_file.py
[2025-01-25T13:45:21.534+0000] {logging_mixin.py:190} INFO - [2025-01-25T13:45:21.534+0000] {dag.py:3239} INFO - Sync 1 DAGs
[2025-01-25T13:45:21.544+0000] {logging_mixin.py:190} INFO - [2025-01-25T13:45:21.544+0000] {dag.py:4180} INFO - Setting next_dagrun for gerar_csv_dados_abertos_cnpj to 2025-01-24 00:00:00+00:00, run_after=2025-01-25 00:00:00+00:00
[2025-01-25T13:45:21.554+0000] {processor.py:208} INFO - Processing /opt/airflow/dags/saving_file.py took 0.277 seconds
[2025-01-25T13:45:51.917+0000] {processor.py:186} INFO - Started process (PID=185) to work on /opt/airflow/dags/saving_file.py
[2025-01-25T13:45:51.918+0000] {processor.py:914} INFO - Processing file /opt/airflow/dags/saving_file.py for tasks to queue
[2025-01-25T13:45:51.919+0000] {logging_mixin.py:190} INFO - [2025-01-25T13:45:51.919+0000] {dagbag.py:588} INFO - Filling up the DagBag from /opt/airflow/dags/saving_file.py
[2025-01-25T13:45:52.154+0000] {processor.py:925} INFO - DAG(s) 'gerar_csv_dados_abertos_cnpj' retrieved from /opt/airflow/dags/saving_file.py
[2025-01-25T13:45:52.165+0000] {logging_mixin.py:190} INFO - [2025-01-25T13:45:52.164+0000] {dag.py:3239} INFO - Sync 1 DAGs
[2025-01-25T13:45:52.174+0000] {logging_mixin.py:190} INFO - [2025-01-25T13:45:52.174+0000] {dag.py:4180} INFO - Setting next_dagrun for gerar_csv_dados_abertos_cnpj to 2025-01-24 00:00:00+00:00, run_after=2025-01-25 00:00:00+00:00
[2025-01-25T13:45:52.183+0000] {processor.py:208} INFO - Processing /opt/airflow/dags/saving_file.py took 0.268 seconds
[2025-01-25T13:46:22.645+0000] {processor.py:186} INFO - Started process (PID=196) to work on /opt/airflow/dags/saving_file.py
[2025-01-25T13:46:22.645+0000] {processor.py:914} INFO - Processing file /opt/airflow/dags/saving_file.py for tasks to queue
[2025-01-25T13:46:22.646+0000] {logging_mixin.py:190} INFO - [2025-01-25T13:46:22.646+0000] {dagbag.py:588} INFO - Filling up the DagBag from /opt/airflow/dags/saving_file.py
[2025-01-25T13:46:22.880+0000] {processor.py:925} INFO - DAG(s) 'gerar_csv_dados_abertos_cnpj' retrieved from /opt/airflow/dags/saving_file.py
[2025-01-25T13:46:22.890+0000] {logging_mixin.py:190} INFO - [2025-01-25T13:46:22.890+0000] {dag.py:3239} INFO - Sync 1 DAGs
[2025-01-25T13:46:22.900+0000] {logging_mixin.py:190} INFO - [2025-01-25T13:46:22.900+0000] {dag.py:4180} INFO - Setting next_dagrun for gerar_csv_dados_abertos_cnpj to 2025-01-24 00:00:00+00:00, run_after=2025-01-25 00:00:00+00:00
[2025-01-25T13:46:22.909+0000] {processor.py:208} INFO - Processing /opt/airflow/dags/saving_file.py took 0.267 seconds
[2025-01-25T13:46:53.187+0000] {processor.py:186} INFO - Started process (PID=207) to work on /opt/airflow/dags/saving_file.py
[2025-01-25T13:46:53.188+0000] {processor.py:914} INFO - Processing file /opt/airflow/dags/saving_file.py for tasks to queue
[2025-01-25T13:46:53.190+0000] {logging_mixin.py:190} INFO - [2025-01-25T13:46:53.190+0000] {dagbag.py:588} INFO - Filling up the DagBag from /opt/airflow/dags/saving_file.py
[2025-01-25T13:46:53.434+0000] {processor.py:925} INFO - DAG(s) 'gerar_csv_dados_abertos_cnpj' retrieved from /opt/airflow/dags/saving_file.py
[2025-01-25T13:46:53.444+0000] {logging_mixin.py:190} INFO - [2025-01-25T13:46:53.443+0000] {dag.py:3239} INFO - Sync 1 DAGs
[2025-01-25T13:46:53.455+0000] {logging_mixin.py:190} INFO - [2025-01-25T13:46:53.455+0000] {dag.py:4180} INFO - Setting next_dagrun for gerar_csv_dados_abertos_cnpj to 2025-01-24 00:00:00+00:00, run_after=2025-01-25 00:00:00+00:00
[2025-01-25T13:46:53.463+0000] {processor.py:208} INFO - Processing /opt/airflow/dags/saving_file.py took 0.279 seconds
[2025-01-25T13:47:23.783+0000] {processor.py:186} INFO - Started process (PID=218) to work on /opt/airflow/dags/saving_file.py
[2025-01-25T13:47:23.784+0000] {processor.py:914} INFO - Processing file /opt/airflow/dags/saving_file.py for tasks to queue
[2025-01-25T13:47:23.786+0000] {logging_mixin.py:190} INFO - [2025-01-25T13:47:23.786+0000] {dagbag.py:588} INFO - Filling up the DagBag from /opt/airflow/dags/saving_file.py
[2025-01-25T13:47:24.041+0000] {processor.py:925} INFO - DAG(s) 'gerar_csv_dados_abertos_cnpj' retrieved from /opt/airflow/dags/saving_file.py
[2025-01-25T13:47:24.051+0000] {logging_mixin.py:190} INFO - [2025-01-25T13:47:24.051+0000] {dag.py:3239} INFO - Sync 1 DAGs
[2025-01-25T13:47:24.062+0000] {logging_mixin.py:190} INFO - [2025-01-25T13:47:24.062+0000] {dag.py:4180} INFO - Setting next_dagrun for gerar_csv_dados_abertos_cnpj to 2025-01-24 00:00:00+00:00, run_after=2025-01-25 00:00:00+00:00
[2025-01-25T13:47:24.071+0000] {processor.py:208} INFO - Processing /opt/airflow/dags/saving_file.py took 0.290 seconds
[2025-01-25T13:47:54.453+0000] {processor.py:186} INFO - Started process (PID=229) to work on /opt/airflow/dags/saving_file.py
[2025-01-25T13:47:54.454+0000] {processor.py:914} INFO - Processing file /opt/airflow/dags/saving_file.py for tasks to queue
[2025-01-25T13:47:54.455+0000] {logging_mixin.py:190} INFO - [2025-01-25T13:47:54.455+0000] {dagbag.py:588} INFO - Filling up the DagBag from /opt/airflow/dags/saving_file.py
[2025-01-25T13:47:54.714+0000] {processor.py:925} INFO - DAG(s) 'gerar_csv_dados_abertos_cnpj' retrieved from /opt/airflow/dags/saving_file.py
[2025-01-25T13:47:54.725+0000] {logging_mixin.py:190} INFO - [2025-01-25T13:47:54.725+0000] {dag.py:3239} INFO - Sync 1 DAGs
[2025-01-25T13:47:54.737+0000] {logging_mixin.py:190} INFO - [2025-01-25T13:47:54.737+0000] {dag.py:4180} INFO - Setting next_dagrun for gerar_csv_dados_abertos_cnpj to 2025-01-24 00:00:00+00:00, run_after=2025-01-25 00:00:00+00:00
[2025-01-25T13:47:54.745+0000] {processor.py:208} INFO - Processing /opt/airflow/dags/saving_file.py took 0.295 seconds
[2025-01-25T13:48:25.192+0000] {processor.py:186} INFO - Started process (PID=240) to work on /opt/airflow/dags/saving_file.py
[2025-01-25T13:48:25.192+0000] {processor.py:914} INFO - Processing file /opt/airflow/dags/saving_file.py for tasks to queue
[2025-01-25T13:48:25.193+0000] {logging_mixin.py:190} INFO - [2025-01-25T13:48:25.193+0000] {dagbag.py:588} INFO - Filling up the DagBag from /opt/airflow/dags/saving_file.py
[2025-01-25T13:48:25.428+0000] {processor.py:925} INFO - DAG(s) 'gerar_csv_dados_abertos_cnpj' retrieved from /opt/airflow/dags/saving_file.py
[2025-01-25T13:48:25.438+0000] {logging_mixin.py:190} INFO - [2025-01-25T13:48:25.438+0000] {dag.py:3239} INFO - Sync 1 DAGs
[2025-01-25T13:48:25.448+0000] {logging_mixin.py:190} INFO - [2025-01-25T13:48:25.448+0000] {dag.py:4180} INFO - Setting next_dagrun for gerar_csv_dados_abertos_cnpj to 2025-01-24 00:00:00+00:00, run_after=2025-01-25 00:00:00+00:00
[2025-01-25T13:48:25.457+0000] {processor.py:208} INFO - Processing /opt/airflow/dags/saving_file.py took 0.268 seconds
[2025-01-25T13:48:55.745+0000] {processor.py:186} INFO - Started process (PID=251) to work on /opt/airflow/dags/saving_file.py
[2025-01-25T13:48:55.746+0000] {processor.py:914} INFO - Processing file /opt/airflow/dags/saving_file.py for tasks to queue
[2025-01-25T13:48:55.747+0000] {logging_mixin.py:190} INFO - [2025-01-25T13:48:55.747+0000] {dagbag.py:588} INFO - Filling up the DagBag from /opt/airflow/dags/saving_file.py
[2025-01-25T13:48:56.010+0000] {processor.py:925} INFO - DAG(s) 'gerar_csv_dados_abertos_cnpj' retrieved from /opt/airflow/dags/saving_file.py
[2025-01-25T13:48:56.020+0000] {logging_mixin.py:190} INFO - [2025-01-25T13:48:56.020+0000] {dag.py:3239} INFO - Sync 1 DAGs
[2025-01-25T13:48:56.030+0000] {logging_mixin.py:190} INFO - [2025-01-25T13:48:56.030+0000] {dag.py:4180} INFO - Setting next_dagrun for gerar_csv_dados_abertos_cnpj to 2025-01-24 00:00:00+00:00, run_after=2025-01-25 00:00:00+00:00
[2025-01-25T13:48:56.038+0000] {processor.py:208} INFO - Processing /opt/airflow/dags/saving_file.py took 0.295 seconds
[2025-01-25T13:49:26.495+0000] {processor.py:186} INFO - Started process (PID=262) to work on /opt/airflow/dags/saving_file.py
[2025-01-25T13:49:26.496+0000] {processor.py:914} INFO - Processing file /opt/airflow/dags/saving_file.py for tasks to queue
[2025-01-25T13:49:26.497+0000] {logging_mixin.py:190} INFO - [2025-01-25T13:49:26.497+0000] {dagbag.py:588} INFO - Filling up the DagBag from /opt/airflow/dags/saving_file.py
[2025-01-25T13:49:26.747+0000] {processor.py:925} INFO - DAG(s) 'gerar_csv_dados_abertos_cnpj' retrieved from /opt/airflow/dags/saving_file.py
[2025-01-25T13:49:26.757+0000] {logging_mixin.py:190} INFO - [2025-01-25T13:49:26.757+0000] {dag.py:3239} INFO - Sync 1 DAGs
[2025-01-25T13:49:26.768+0000] {logging_mixin.py:190} INFO - [2025-01-25T13:49:26.767+0000] {dag.py:4180} INFO - Setting next_dagrun for gerar_csv_dados_abertos_cnpj to 2025-01-24 00:00:00+00:00, run_after=2025-01-25 00:00:00+00:00
[2025-01-25T13:49:26.778+0000] {processor.py:208} INFO - Processing /opt/airflow/dags/saving_file.py took 0.286 seconds
[2025-01-25T13:49:57.187+0000] {processor.py:186} INFO - Started process (PID=273) to work on /opt/airflow/dags/saving_file.py
[2025-01-25T13:49:57.188+0000] {processor.py:914} INFO - Processing file /opt/airflow/dags/saving_file.py for tasks to queue
[2025-01-25T13:49:57.189+0000] {logging_mixin.py:190} INFO - [2025-01-25T13:49:57.189+0000] {dagbag.py:588} INFO - Filling up the DagBag from /opt/airflow/dags/saving_file.py
[2025-01-25T13:49:57.426+0000] {processor.py:925} INFO - DAG(s) 'gerar_csv_dados_abertos_cnpj' retrieved from /opt/airflow/dags/saving_file.py
[2025-01-25T13:49:57.437+0000] {logging_mixin.py:190} INFO - [2025-01-25T13:49:57.436+0000] {dag.py:3239} INFO - Sync 1 DAGs
[2025-01-25T13:49:57.449+0000] {logging_mixin.py:190} INFO - [2025-01-25T13:49:57.449+0000] {dag.py:4180} INFO - Setting next_dagrun for gerar_csv_dados_abertos_cnpj to 2025-01-24 00:00:00+00:00, run_after=2025-01-25 00:00:00+00:00
[2025-01-25T13:49:57.459+0000] {processor.py:208} INFO - Processing /opt/airflow/dags/saving_file.py took 0.275 seconds
[2025-01-25T13:50:27.864+0000] {processor.py:186} INFO - Started process (PID=284) to work on /opt/airflow/dags/saving_file.py
[2025-01-25T13:50:27.864+0000] {processor.py:914} INFO - Processing file /opt/airflow/dags/saving_file.py for tasks to queue
[2025-01-25T13:50:27.865+0000] {logging_mixin.py:190} INFO - [2025-01-25T13:50:27.865+0000] {dagbag.py:588} INFO - Filling up the DagBag from /opt/airflow/dags/saving_file.py
[2025-01-25T13:50:28.103+0000] {processor.py:925} INFO - DAG(s) 'gerar_csv_dados_abertos_cnpj' retrieved from /opt/airflow/dags/saving_file.py
[2025-01-25T13:50:28.114+0000] {logging_mixin.py:190} INFO - [2025-01-25T13:50:28.114+0000] {dag.py:3239} INFO - Sync 1 DAGs
[2025-01-25T13:50:28.125+0000] {logging_mixin.py:190} INFO - [2025-01-25T13:50:28.125+0000] {dag.py:4180} INFO - Setting next_dagrun for gerar_csv_dados_abertos_cnpj to 2025-01-24 00:00:00+00:00, run_after=2025-01-25 00:00:00+00:00
[2025-01-25T13:50:28.135+0000] {processor.py:208} INFO - Processing /opt/airflow/dags/saving_file.py took 0.274 seconds
[2025-01-25T13:50:58.487+0000] {processor.py:186} INFO - Started process (PID=295) to work on /opt/airflow/dags/saving_file.py
[2025-01-25T13:50:58.488+0000] {processor.py:914} INFO - Processing file /opt/airflow/dags/saving_file.py for tasks to queue
[2025-01-25T13:50:58.489+0000] {logging_mixin.py:190} INFO - [2025-01-25T13:50:58.489+0000] {dagbag.py:588} INFO - Filling up the DagBag from /opt/airflow/dags/saving_file.py
[2025-01-25T13:50:58.724+0000] {processor.py:925} INFO - DAG(s) 'gerar_csv_dados_abertos_cnpj' retrieved from /opt/airflow/dags/saving_file.py
[2025-01-25T13:50:58.735+0000] {logging_mixin.py:190} INFO - [2025-01-25T13:50:58.734+0000] {dag.py:3239} INFO - Sync 1 DAGs
[2025-01-25T13:50:58.745+0000] {logging_mixin.py:190} INFO - [2025-01-25T13:50:58.745+0000] {dag.py:4180} INFO - Setting next_dagrun for gerar_csv_dados_abertos_cnpj to 2025-01-24 00:00:00+00:00, run_after=2025-01-25 00:00:00+00:00
[2025-01-25T13:50:58.754+0000] {processor.py:208} INFO - Processing /opt/airflow/dags/saving_file.py took 0.269 seconds
[2025-01-25T13:51:29.131+0000] {processor.py:186} INFO - Started process (PID=306) to work on /opt/airflow/dags/saving_file.py
[2025-01-25T13:51:29.131+0000] {processor.py:914} INFO - Processing file /opt/airflow/dags/saving_file.py for tasks to queue
[2025-01-25T13:51:29.132+0000] {logging_mixin.py:190} INFO - [2025-01-25T13:51:29.131+0000] {dagbag.py:588} INFO - Filling up the DagBag from /opt/airflow/dags/saving_file.py
[2025-01-25T13:51:29.377+0000] {processor.py:925} INFO - DAG(s) 'gerar_csv_dados_abertos_cnpj' retrieved from /opt/airflow/dags/saving_file.py
[2025-01-25T13:51:29.387+0000] {logging_mixin.py:190} INFO - [2025-01-25T13:51:29.387+0000] {dag.py:3239} INFO - Sync 1 DAGs
[2025-01-25T13:51:29.397+0000] {logging_mixin.py:190} INFO - [2025-01-25T13:51:29.397+0000] {dag.py:4180} INFO - Setting next_dagrun for gerar_csv_dados_abertos_cnpj to 2025-01-24 00:00:00+00:00, run_after=2025-01-25 00:00:00+00:00
[2025-01-25T13:51:29.406+0000] {processor.py:208} INFO - Processing /opt/airflow/dags/saving_file.py took 0.278 seconds
[2025-01-25T13:51:59.609+0000] {processor.py:186} INFO - Started process (PID=317) to work on /opt/airflow/dags/saving_file.py
[2025-01-25T13:51:59.610+0000] {processor.py:914} INFO - Processing file /opt/airflow/dags/saving_file.py for tasks to queue
[2025-01-25T13:51:59.611+0000] {logging_mixin.py:190} INFO - [2025-01-25T13:51:59.610+0000] {dagbag.py:588} INFO - Filling up the DagBag from /opt/airflow/dags/saving_file.py
[2025-01-25T13:51:59.858+0000] {processor.py:925} INFO - DAG(s) 'gerar_csv_dados_abertos_cnpj' retrieved from /opt/airflow/dags/saving_file.py
[2025-01-25T13:51:59.869+0000] {logging_mixin.py:190} INFO - [2025-01-25T13:51:59.869+0000] {dag.py:3239} INFO - Sync 1 DAGs
[2025-01-25T13:51:59.880+0000] {logging_mixin.py:190} INFO - [2025-01-25T13:51:59.880+0000] {dag.py:4180} INFO - Setting next_dagrun for gerar_csv_dados_abertos_cnpj to 2025-01-24 00:00:00+00:00, run_after=2025-01-25 00:00:00+00:00
[2025-01-25T13:51:59.890+0000] {processor.py:208} INFO - Processing /opt/airflow/dags/saving_file.py took 0.284 seconds
[2025-01-25T13:52:30.197+0000] {processor.py:186} INFO - Started process (PID=328) to work on /opt/airflow/dags/saving_file.py
[2025-01-25T13:52:30.198+0000] {processor.py:914} INFO - Processing file /opt/airflow/dags/saving_file.py for tasks to queue
[2025-01-25T13:52:30.199+0000] {logging_mixin.py:190} INFO - [2025-01-25T13:52:30.199+0000] {dagbag.py:588} INFO - Filling up the DagBag from /opt/airflow/dags/saving_file.py
[2025-01-25T13:52:30.454+0000] {processor.py:925} INFO - DAG(s) 'gerar_csv_dados_abertos_cnpj' retrieved from /opt/airflow/dags/saving_file.py
[2025-01-25T13:52:30.465+0000] {logging_mixin.py:190} INFO - [2025-01-25T13:52:30.464+0000] {dag.py:3239} INFO - Sync 1 DAGs
[2025-01-25T13:52:30.475+0000] {logging_mixin.py:190} INFO - [2025-01-25T13:52:30.475+0000] {dag.py:4180} INFO - Setting next_dagrun for gerar_csv_dados_abertos_cnpj to 2025-01-24 00:00:00+00:00, run_after=2025-01-25 00:00:00+00:00
[2025-01-25T13:52:30.487+0000] {processor.py:208} INFO - Processing /opt/airflow/dags/saving_file.py took 0.293 seconds
[2025-01-25T13:53:00.816+0000] {processor.py:186} INFO - Started process (PID=339) to work on /opt/airflow/dags/saving_file.py
[2025-01-25T13:53:00.817+0000] {processor.py:914} INFO - Processing file /opt/airflow/dags/saving_file.py for tasks to queue
[2025-01-25T13:53:00.818+0000] {logging_mixin.py:190} INFO - [2025-01-25T13:53:00.817+0000] {dagbag.py:588} INFO - Filling up the DagBag from /opt/airflow/dags/saving_file.py
[2025-01-25T13:53:01.097+0000] {processor.py:925} INFO - DAG(s) 'gerar_csv_dados_abertos_cnpj' retrieved from /opt/airflow/dags/saving_file.py
[2025-01-25T13:53:01.108+0000] {logging_mixin.py:190} INFO - [2025-01-25T13:53:01.107+0000] {dag.py:3239} INFO - Sync 1 DAGs
[2025-01-25T13:53:01.119+0000] {logging_mixin.py:190} INFO - [2025-01-25T13:53:01.119+0000] {dag.py:4180} INFO - Setting next_dagrun for gerar_csv_dados_abertos_cnpj to 2025-01-24 00:00:00+00:00, run_after=2025-01-25 00:00:00+00:00
[2025-01-25T13:53:01.130+0000] {processor.py:208} INFO - Processing /opt/airflow/dags/saving_file.py took 0.316 seconds
[2025-01-25T13:53:31.390+0000] {processor.py:186} INFO - Started process (PID=350) to work on /opt/airflow/dags/saving_file.py
[2025-01-25T13:53:31.391+0000] {processor.py:914} INFO - Processing file /opt/airflow/dags/saving_file.py for tasks to queue
[2025-01-25T13:53:31.392+0000] {logging_mixin.py:190} INFO - [2025-01-25T13:53:31.392+0000] {dagbag.py:588} INFO - Filling up the DagBag from /opt/airflow/dags/saving_file.py
[2025-01-25T13:53:31.671+0000] {processor.py:925} INFO - DAG(s) 'gerar_csv_dados_abertos_cnpj' retrieved from /opt/airflow/dags/saving_file.py
[2025-01-25T13:53:31.681+0000] {logging_mixin.py:190} INFO - [2025-01-25T13:53:31.681+0000] {dag.py:3239} INFO - Sync 1 DAGs
[2025-01-25T13:53:31.691+0000] {logging_mixin.py:190} INFO - [2025-01-25T13:53:31.690+0000] {dag.py:4180} INFO - Setting next_dagrun for gerar_csv_dados_abertos_cnpj to 2025-01-24 00:00:00+00:00, run_after=2025-01-25 00:00:00+00:00
[2025-01-25T13:53:31.699+0000] {processor.py:208} INFO - Processing /opt/airflow/dags/saving_file.py took 0.312 seconds
[2025-01-25T13:54:02.082+0000] {processor.py:186} INFO - Started process (PID=361) to work on /opt/airflow/dags/saving_file.py
[2025-01-25T13:54:02.083+0000] {processor.py:914} INFO - Processing file /opt/airflow/dags/saving_file.py for tasks to queue
[2025-01-25T13:54:02.084+0000] {logging_mixin.py:190} INFO - [2025-01-25T13:54:02.084+0000] {dagbag.py:588} INFO - Filling up the DagBag from /opt/airflow/dags/saving_file.py
[2025-01-25T13:54:02.339+0000] {processor.py:925} INFO - DAG(s) 'gerar_csv_dados_abertos_cnpj' retrieved from /opt/airflow/dags/saving_file.py
[2025-01-25T13:54:02.350+0000] {logging_mixin.py:190} INFO - [2025-01-25T13:54:02.349+0000] {dag.py:3239} INFO - Sync 1 DAGs
[2025-01-25T13:54:02.364+0000] {logging_mixin.py:190} INFO - [2025-01-25T13:54:02.364+0000] {dag.py:4180} INFO - Setting next_dagrun for gerar_csv_dados_abertos_cnpj to 2025-01-24 00:00:00+00:00, run_after=2025-01-25 00:00:00+00:00
[2025-01-25T13:54:02.376+0000] {processor.py:208} INFO - Processing /opt/airflow/dags/saving_file.py took 0.297 seconds
[2025-01-25T13:54:32.771+0000] {processor.py:186} INFO - Started process (PID=372) to work on /opt/airflow/dags/saving_file.py
[2025-01-25T13:54:32.772+0000] {processor.py:914} INFO - Processing file /opt/airflow/dags/saving_file.py for tasks to queue
[2025-01-25T13:54:32.773+0000] {logging_mixin.py:190} INFO - [2025-01-25T13:54:32.772+0000] {dagbag.py:588} INFO - Filling up the DagBag from /opt/airflow/dags/saving_file.py
[2025-01-25T13:54:33.017+0000] {processor.py:925} INFO - DAG(s) 'gerar_csv_dados_abertos_cnpj' retrieved from /opt/airflow/dags/saving_file.py
[2025-01-25T13:54:33.026+0000] {logging_mixin.py:190} INFO - [2025-01-25T13:54:33.026+0000] {dag.py:3239} INFO - Sync 1 DAGs
[2025-01-25T13:54:33.036+0000] {logging_mixin.py:190} INFO - [2025-01-25T13:54:33.036+0000] {dag.py:4180} INFO - Setting next_dagrun for gerar_csv_dados_abertos_cnpj to 2025-01-24 00:00:00+00:00, run_after=2025-01-25 00:00:00+00:00
[2025-01-25T13:54:33.045+0000] {processor.py:208} INFO - Processing /opt/airflow/dags/saving_file.py took 0.278 seconds
[2025-01-25T13:55:03.398+0000] {processor.py:186} INFO - Started process (PID=383) to work on /opt/airflow/dags/saving_file.py
[2025-01-25T13:55:03.399+0000] {processor.py:914} INFO - Processing file /opt/airflow/dags/saving_file.py for tasks to queue
[2025-01-25T13:55:03.400+0000] {logging_mixin.py:190} INFO - [2025-01-25T13:55:03.400+0000] {dagbag.py:588} INFO - Filling up the DagBag from /opt/airflow/dags/saving_file.py
[2025-01-25T13:55:03.674+0000] {processor.py:925} INFO - DAG(s) 'gerar_csv_dados_abertos_cnpj' retrieved from /opt/airflow/dags/saving_file.py
[2025-01-25T13:55:03.684+0000] {logging_mixin.py:190} INFO - [2025-01-25T13:55:03.684+0000] {dag.py:3239} INFO - Sync 1 DAGs
[2025-01-25T13:55:03.694+0000] {logging_mixin.py:190} INFO - [2025-01-25T13:55:03.694+0000] {dag.py:4180} INFO - Setting next_dagrun for gerar_csv_dados_abertos_cnpj to 2025-01-24 00:00:00+00:00, run_after=2025-01-25 00:00:00+00:00
[2025-01-25T13:55:03.711+0000] {processor.py:208} INFO - Processing /opt/airflow/dags/saving_file.py took 0.320 seconds
[2025-01-25T13:55:34.151+0000] {processor.py:186} INFO - Started process (PID=394) to work on /opt/airflow/dags/saving_file.py
[2025-01-25T13:55:34.151+0000] {processor.py:914} INFO - Processing file /opt/airflow/dags/saving_file.py for tasks to queue
[2025-01-25T13:55:34.152+0000] {logging_mixin.py:190} INFO - [2025-01-25T13:55:34.152+0000] {dagbag.py:588} INFO - Filling up the DagBag from /opt/airflow/dags/saving_file.py
[2025-01-25T13:55:34.432+0000] {processor.py:925} INFO - DAG(s) 'gerar_csv_dados_abertos_cnpj' retrieved from /opt/airflow/dags/saving_file.py
[2025-01-25T13:55:34.447+0000] {logging_mixin.py:190} INFO - [2025-01-25T13:55:34.447+0000] {dag.py:3239} INFO - Sync 1 DAGs
[2025-01-25T13:55:34.461+0000] {logging_mixin.py:190} INFO - [2025-01-25T13:55:34.461+0000] {dag.py:4180} INFO - Setting next_dagrun for gerar_csv_dados_abertos_cnpj to 2025-01-24 00:00:00+00:00, run_after=2025-01-25 00:00:00+00:00
[2025-01-25T13:55:34.473+0000] {processor.py:208} INFO - Processing /opt/airflow/dags/saving_file.py took 0.326 seconds
[2025-01-25T13:56:04.973+0000] {processor.py:186} INFO - Started process (PID=405) to work on /opt/airflow/dags/saving_file.py
[2025-01-25T13:56:04.973+0000] {processor.py:914} INFO - Processing file /opt/airflow/dags/saving_file.py for tasks to queue
[2025-01-25T13:56:04.974+0000] {logging_mixin.py:190} INFO - [2025-01-25T13:56:04.974+0000] {dagbag.py:588} INFO - Filling up the DagBag from /opt/airflow/dags/saving_file.py
[2025-01-25T13:56:05.252+0000] {processor.py:925} INFO - DAG(s) 'gerar_csv_dados_abertos_cnpj' retrieved from /opt/airflow/dags/saving_file.py
[2025-01-25T13:56:05.368+0000] {logging_mixin.py:190} INFO - [2025-01-25T13:56:05.368+0000] {dag.py:3239} INFO - Sync 1 DAGs
[2025-01-25T13:56:05.380+0000] {logging_mixin.py:190} INFO - [2025-01-25T13:56:05.380+0000] {dag.py:4180} INFO - Setting next_dagrun for gerar_csv_dados_abertos_cnpj to 2025-01-24 00:00:00+00:00, run_after=2025-01-25 00:00:00+00:00
[2025-01-25T13:56:05.390+0000] {processor.py:208} INFO - Processing /opt/airflow/dags/saving_file.py took 0.420 seconds
[2025-01-25T13:56:36.284+0000] {processor.py:186} INFO - Started process (PID=416) to work on /opt/airflow/dags/saving_file.py
[2025-01-25T13:56:36.284+0000] {processor.py:914} INFO - Processing file /opt/airflow/dags/saving_file.py for tasks to queue
[2025-01-25T13:56:36.285+0000] {logging_mixin.py:190} INFO - [2025-01-25T13:56:36.285+0000] {dagbag.py:588} INFO - Filling up the DagBag from /opt/airflow/dags/saving_file.py
[2025-01-25T13:56:36.583+0000] {processor.py:925} INFO - DAG(s) 'gerar_csv_dados_abertos_cnpj' retrieved from /opt/airflow/dags/saving_file.py
[2025-01-25T13:56:36.825+0000] {logging_mixin.py:190} INFO - [2025-01-25T13:56:36.825+0000] {dag.py:3239} INFO - Sync 1 DAGs
[2025-01-25T13:56:36.836+0000] {logging_mixin.py:190} INFO - [2025-01-25T13:56:36.836+0000] {dag.py:4180} INFO - Setting next_dagrun for gerar_csv_dados_abertos_cnpj to 2025-01-24 00:00:00+00:00, run_after=2025-01-25 00:00:00+00:00
[2025-01-25T13:56:36.846+0000] {processor.py:208} INFO - Processing /opt/airflow/dags/saving_file.py took 0.565 seconds
[2025-01-25T13:57:07.851+0000] {processor.py:186} INFO - Started process (PID=427) to work on /opt/airflow/dags/saving_file.py
[2025-01-25T13:57:07.852+0000] {processor.py:914} INFO - Processing file /opt/airflow/dags/saving_file.py for tasks to queue
[2025-01-25T13:57:07.852+0000] {logging_mixin.py:190} INFO - [2025-01-25T13:57:07.852+0000] {dagbag.py:588} INFO - Filling up the DagBag from /opt/airflow/dags/saving_file.py
[2025-01-25T13:57:08.100+0000] {processor.py:925} INFO - DAG(s) 'gerar_csv_dados_abertos_cnpj' retrieved from /opt/airflow/dags/saving_file.py
[2025-01-25T13:57:08.110+0000] {logging_mixin.py:190} INFO - [2025-01-25T13:57:08.110+0000] {dag.py:3239} INFO - Sync 1 DAGs
[2025-01-25T13:57:08.121+0000] {logging_mixin.py:190} INFO - [2025-01-25T13:57:08.121+0000] {dag.py:4180} INFO - Setting next_dagrun for gerar_csv_dados_abertos_cnpj to 2025-01-24 00:00:00+00:00, run_after=2025-01-25 00:00:00+00:00
[2025-01-25T13:57:08.131+0000] {processor.py:208} INFO - Processing /opt/airflow/dags/saving_file.py took 0.282 seconds
[2025-01-25T13:57:38.432+0000] {processor.py:186} INFO - Started process (PID=438) to work on /opt/airflow/dags/saving_file.py
[2025-01-25T13:57:38.434+0000] {processor.py:914} INFO - Processing file /opt/airflow/dags/saving_file.py for tasks to queue
[2025-01-25T13:57:38.435+0000] {logging_mixin.py:190} INFO - [2025-01-25T13:57:38.435+0000] {dagbag.py:588} INFO - Filling up the DagBag from /opt/airflow/dags/saving_file.py
[2025-01-25T13:57:38.686+0000] {processor.py:925} INFO - DAG(s) 'gerar_csv_dados_abertos_cnpj' retrieved from /opt/airflow/dags/saving_file.py
[2025-01-25T13:57:38.696+0000] {logging_mixin.py:190} INFO - [2025-01-25T13:57:38.695+0000] {dag.py:3239} INFO - Sync 1 DAGs
[2025-01-25T13:57:38.706+0000] {logging_mixin.py:190} INFO - [2025-01-25T13:57:38.706+0000] {dag.py:4180} INFO - Setting next_dagrun for gerar_csv_dados_abertos_cnpj to 2025-01-24 00:00:00+00:00, run_after=2025-01-25 00:00:00+00:00
[2025-01-25T13:57:38.714+0000] {processor.py:208} INFO - Processing /opt/airflow/dags/saving_file.py took 0.285 seconds
[2025-01-25T13:58:09.026+0000] {processor.py:186} INFO - Started process (PID=449) to work on /opt/airflow/dags/saving_file.py
[2025-01-25T13:58:09.026+0000] {processor.py:914} INFO - Processing file /opt/airflow/dags/saving_file.py for tasks to queue
[2025-01-25T13:58:09.027+0000] {logging_mixin.py:190} INFO - [2025-01-25T13:58:09.027+0000] {dagbag.py:588} INFO - Filling up the DagBag from /opt/airflow/dags/saving_file.py
[2025-01-25T13:58:09.325+0000] {processor.py:925} INFO - DAG(s) 'gerar_csv_dados_abertos_cnpj' retrieved from /opt/airflow/dags/saving_file.py
[2025-01-25T13:58:09.334+0000] {logging_mixin.py:190} INFO - [2025-01-25T13:58:09.334+0000] {dag.py:3239} INFO - Sync 1 DAGs
[2025-01-25T13:58:09.345+0000] {logging_mixin.py:190} INFO - [2025-01-25T13:58:09.345+0000] {dag.py:4180} INFO - Setting next_dagrun for gerar_csv_dados_abertos_cnpj to 2025-01-24 00:00:00+00:00, run_after=2025-01-25 00:00:00+00:00
[2025-01-25T13:58:09.354+0000] {processor.py:208} INFO - Processing /opt/airflow/dags/saving_file.py took 0.331 seconds
[2025-01-25T13:58:39.649+0000] {processor.py:186} INFO - Started process (PID=460) to work on /opt/airflow/dags/saving_file.py
[2025-01-25T13:58:39.650+0000] {processor.py:914} INFO - Processing file /opt/airflow/dags/saving_file.py for tasks to queue
[2025-01-25T13:58:39.650+0000] {logging_mixin.py:190} INFO - [2025-01-25T13:58:39.650+0000] {dagbag.py:588} INFO - Filling up the DagBag from /opt/airflow/dags/saving_file.py
[2025-01-25T13:58:40.045+0000] {processor.py:925} INFO - DAG(s) 'gerar_csv_dados_abertos_cnpj' retrieved from /opt/airflow/dags/saving_file.py
[2025-01-25T13:58:40.055+0000] {logging_mixin.py:190} INFO - [2025-01-25T13:58:40.055+0000] {dag.py:3239} INFO - Sync 1 DAGs
[2025-01-25T13:58:40.066+0000] {logging_mixin.py:190} INFO - [2025-01-25T13:58:40.066+0000] {dag.py:4180} INFO - Setting next_dagrun for gerar_csv_dados_abertos_cnpj to 2025-01-24 00:00:00+00:00, run_after=2025-01-25 00:00:00+00:00
[2025-01-25T13:58:40.075+0000] {processor.py:208} INFO - Processing /opt/airflow/dags/saving_file.py took 0.429 seconds
[2025-01-25T13:59:10.472+0000] {processor.py:186} INFO - Started process (PID=471) to work on /opt/airflow/dags/saving_file.py
[2025-01-25T13:59:10.473+0000] {processor.py:914} INFO - Processing file /opt/airflow/dags/saving_file.py for tasks to queue
[2025-01-25T13:59:10.474+0000] {logging_mixin.py:190} INFO - [2025-01-25T13:59:10.473+0000] {dagbag.py:588} INFO - Filling up the DagBag from /opt/airflow/dags/saving_file.py
[2025-01-25T13:59:10.730+0000] {processor.py:925} INFO - DAG(s) 'gerar_csv_dados_abertos_cnpj' retrieved from /opt/airflow/dags/saving_file.py
[2025-01-25T13:59:10.740+0000] {logging_mixin.py:190} INFO - [2025-01-25T13:59:10.740+0000] {dag.py:3239} INFO - Sync 1 DAGs
[2025-01-25T13:59:10.750+0000] {logging_mixin.py:190} INFO - [2025-01-25T13:59:10.750+0000] {dag.py:4180} INFO - Setting next_dagrun for gerar_csv_dados_abertos_cnpj to 2025-01-24 00:00:00+00:00, run_after=2025-01-25 00:00:00+00:00
[2025-01-25T13:59:10.759+0000] {processor.py:208} INFO - Processing /opt/airflow/dags/saving_file.py took 0.290 seconds
[2025-01-25T13:59:40.922+0000] {processor.py:186} INFO - Started process (PID=482) to work on /opt/airflow/dags/saving_file.py
[2025-01-25T13:59:40.922+0000] {processor.py:914} INFO - Processing file /opt/airflow/dags/saving_file.py for tasks to queue
[2025-01-25T13:59:40.923+0000] {logging_mixin.py:190} INFO - [2025-01-25T13:59:40.923+0000] {dagbag.py:588} INFO - Filling up the DagBag from /opt/airflow/dags/saving_file.py
[2025-01-25T13:59:41.084+0000] {processor.py:925} INFO - DAG(s) 'gerar_csv_dados_abertos_cnpj' retrieved from /opt/airflow/dags/saving_file.py
[2025-01-25T13:59:41.096+0000] {logging_mixin.py:190} INFO - [2025-01-25T13:59:41.096+0000] {dag.py:3239} INFO - Sync 1 DAGs
[2025-01-25T13:59:41.108+0000] {logging_mixin.py:190} INFO - [2025-01-25T13:59:41.108+0000] {dag.py:4180} INFO - Setting next_dagrun for gerar_csv_dados_abertos_cnpj to 2025-01-24 00:00:00+00:00, run_after=2025-01-25 00:00:00+00:00
[2025-01-25T13:59:41.118+0000] {processor.py:208} INFO - Processing /opt/airflow/dags/saving_file.py took 0.199 seconds
[2025-01-25T14:00:11.458+0000] {processor.py:186} INFO - Started process (PID=493) to work on /opt/airflow/dags/saving_file.py
[2025-01-25T14:00:11.458+0000] {processor.py:914} INFO - Processing file /opt/airflow/dags/saving_file.py for tasks to queue
[2025-01-25T14:00:11.459+0000] {logging_mixin.py:190} INFO - [2025-01-25T14:00:11.459+0000] {dagbag.py:588} INFO - Filling up the DagBag from /opt/airflow/dags/saving_file.py
[2025-01-25T14:00:11.636+0000] {processor.py:925} INFO - DAG(s) 'gerar_csv_dados_abertos_cnpj' retrieved from /opt/airflow/dags/saving_file.py
[2025-01-25T14:00:11.648+0000] {logging_mixin.py:190} INFO - [2025-01-25T14:00:11.648+0000] {dag.py:3239} INFO - Sync 1 DAGs
[2025-01-25T14:00:11.660+0000] {logging_mixin.py:190} INFO - [2025-01-25T14:00:11.660+0000] {dag.py:4180} INFO - Setting next_dagrun for gerar_csv_dados_abertos_cnpj to 2025-01-24 00:00:00+00:00, run_after=2025-01-25 00:00:00+00:00
[2025-01-25T14:00:11.670+0000] {processor.py:208} INFO - Processing /opt/airflow/dags/saving_file.py took 0.215 seconds
[2025-01-25T14:00:41.935+0000] {processor.py:186} INFO - Started process (PID=504) to work on /opt/airflow/dags/saving_file.py
[2025-01-25T14:00:41.935+0000] {processor.py:914} INFO - Processing file /opt/airflow/dags/saving_file.py for tasks to queue
[2025-01-25T14:00:41.936+0000] {logging_mixin.py:190} INFO - [2025-01-25T14:00:41.936+0000] {dagbag.py:588} INFO - Filling up the DagBag from /opt/airflow/dags/saving_file.py
[2025-01-25T14:00:42.097+0000] {processor.py:925} INFO - DAG(s) 'gerar_csv_dados_abertos_cnpj' retrieved from /opt/airflow/dags/saving_file.py
[2025-01-25T14:00:42.109+0000] {logging_mixin.py:190} INFO - [2025-01-25T14:00:42.109+0000] {dag.py:3239} INFO - Sync 1 DAGs
[2025-01-25T14:00:42.120+0000] {logging_mixin.py:190} INFO - [2025-01-25T14:00:42.120+0000] {dag.py:4180} INFO - Setting next_dagrun for gerar_csv_dados_abertos_cnpj to 2025-01-24 00:00:00+00:00, run_after=2025-01-25 00:00:00+00:00
[2025-01-25T14:00:42.130+0000] {processor.py:208} INFO - Processing /opt/airflow/dags/saving_file.py took 0.198 seconds
[2025-01-25T14:01:12.484+0000] {processor.py:186} INFO - Started process (PID=515) to work on /opt/airflow/dags/saving_file.py
[2025-01-25T14:01:12.485+0000] {processor.py:914} INFO - Processing file /opt/airflow/dags/saving_file.py for tasks to queue
[2025-01-25T14:01:12.486+0000] {logging_mixin.py:190} INFO - [2025-01-25T14:01:12.485+0000] {dagbag.py:588} INFO - Filling up the DagBag from /opt/airflow/dags/saving_file.py
[2025-01-25T14:01:12.651+0000] {processor.py:925} INFO - DAG(s) 'gerar_csv_dados_abertos_cnpj' retrieved from /opt/airflow/dags/saving_file.py
[2025-01-25T14:01:12.663+0000] {logging_mixin.py:190} INFO - [2025-01-25T14:01:12.662+0000] {dag.py:3239} INFO - Sync 1 DAGs
[2025-01-25T14:01:12.674+0000] {logging_mixin.py:190} INFO - [2025-01-25T14:01:12.673+0000] {dag.py:4180} INFO - Setting next_dagrun for gerar_csv_dados_abertos_cnpj to 2025-01-24 00:00:00+00:00, run_after=2025-01-25 00:00:00+00:00
[2025-01-25T14:01:12.682+0000] {processor.py:208} INFO - Processing /opt/airflow/dags/saving_file.py took 0.203 seconds
[2025-01-25T14:01:43.077+0000] {processor.py:186} INFO - Started process (PID=526) to work on /opt/airflow/dags/saving_file.py
[2025-01-25T14:01:43.078+0000] {processor.py:914} INFO - Processing file /opt/airflow/dags/saving_file.py for tasks to queue
[2025-01-25T14:01:43.080+0000] {logging_mixin.py:190} INFO - [2025-01-25T14:01:43.080+0000] {dagbag.py:588} INFO - Filling up the DagBag from /opt/airflow/dags/saving_file.py
[2025-01-25T14:01:43.322+0000] {processor.py:925} INFO - DAG(s) 'gerar_csv_dados_abertos_cnpj' retrieved from /opt/airflow/dags/saving_file.py
[2025-01-25T14:01:43.334+0000] {logging_mixin.py:190} INFO - [2025-01-25T14:01:43.334+0000] {dag.py:3239} INFO - Sync 1 DAGs
[2025-01-25T14:01:43.345+0000] {logging_mixin.py:190} INFO - [2025-01-25T14:01:43.345+0000] {dag.py:4180} INFO - Setting next_dagrun for gerar_csv_dados_abertos_cnpj to 2025-01-24 00:00:00+00:00, run_after=2025-01-25 00:00:00+00:00
[2025-01-25T14:01:43.355+0000] {processor.py:208} INFO - Processing /opt/airflow/dags/saving_file.py took 0.282 seconds
[2025-01-25T14:02:43.744+0000] {processor.py:186} INFO - Started process (PID=544) to work on /opt/airflow/dags/saving_file.py
[2025-01-25T14:02:43.744+0000] {processor.py:914} INFO - Processing file /opt/airflow/dags/saving_file.py for tasks to queue
[2025-01-25T14:02:43.745+0000] {logging_mixin.py:190} INFO - [2025-01-25T14:02:43.745+0000] {dagbag.py:588} INFO - Filling up the DagBag from /opt/airflow/dags/saving_file.py
[2025-01-25T14:02:43.909+0000] {processor.py:925} INFO - DAG(s) 'gerar_csv_dados_abertos_cnpj' retrieved from /opt/airflow/dags/saving_file.py
[2025-01-25T14:02:43.922+0000] {logging_mixin.py:190} INFO - [2025-01-25T14:02:43.922+0000] {dag.py:3239} INFO - Sync 1 DAGs
[2025-01-25T14:02:43.935+0000] {logging_mixin.py:190} INFO - [2025-01-25T14:02:43.935+0000] {dag.py:4180} INFO - Setting next_dagrun for gerar_csv_dados_abertos_cnpj to 2025-01-24 00:00:00+00:00, run_after=2025-01-25 00:00:00+00:00
[2025-01-25T14:35:00.601+0000] {processor.py:186} INFO - Started process (PID=86) to work on /opt/airflow/dags/saving_file.py
[2025-01-25T14:35:00.612+0000] {processor.py:914} INFO - Processing file /opt/airflow/dags/saving_file.py for tasks to queue
[2025-01-25T14:35:00.613+0000] {logging_mixin.py:190} INFO - [2025-01-25T14:35:00.613+0000] {dagbag.py:588} INFO - Filling up the DagBag from /opt/airflow/dags/saving_file.py
[2025-01-25T14:35:00.858+0000] {processor.py:925} INFO - DAG(s) 'gerar_csv_dados_abertos_cnpj' retrieved from /opt/airflow/dags/saving_file.py
[2025-01-25T14:35:00.868+0000] {logging_mixin.py:190} INFO - [2025-01-25T14:35:00.868+0000] {dag.py:3239} INFO - Sync 1 DAGs
[2025-01-25T14:35:00.878+0000] {logging_mixin.py:190} INFO - [2025-01-25T14:35:00.878+0000] {dag.py:4180} INFO - Setting next_dagrun for gerar_csv_dados_abertos_cnpj to 2025-01-24 00:00:00+00:00, run_after=2025-01-25 00:00:00+00:00
[2025-01-25T14:35:00.888+0000] {processor.py:208} INFO - Processing /opt/airflow/dags/saving_file.py took 0.290 seconds
[2025-01-25T14:35:30.991+0000] {processor.py:186} INFO - Started process (PID=96) to work on /opt/airflow/dags/saving_file.py
[2025-01-25T14:35:30.991+0000] {processor.py:914} INFO - Processing file /opt/airflow/dags/saving_file.py for tasks to queue
[2025-01-25T14:35:30.993+0000] {logging_mixin.py:190} INFO - [2025-01-25T14:35:30.992+0000] {dagbag.py:588} INFO - Filling up the DagBag from /opt/airflow/dags/saving_file.py
[2025-01-25T14:35:31.249+0000] {processor.py:925} INFO - DAG(s) 'gerar_csv_dados_abertos_cnpj' retrieved from /opt/airflow/dags/saving_file.py
[2025-01-25T14:35:31.322+0000] {logging_mixin.py:190} INFO - [2025-01-25T14:35:31.322+0000] {dag.py:3239} INFO - Sync 1 DAGs
[2025-01-25T14:35:31.346+0000] {logging_mixin.py:190} INFO - [2025-01-25T14:35:31.345+0000] {dag.py:4180} INFO - Setting next_dagrun for gerar_csv_dados_abertos_cnpj to 2025-01-24 00:00:00+00:00, run_after=2025-01-25 00:00:00+00:00
[2025-01-25T14:35:31.361+0000] {processor.py:208} INFO - Processing /opt/airflow/dags/saving_file.py took 0.374 seconds
[2025-01-25T14:36:01.664+0000] {processor.py:186} INFO - Started process (PID=107) to work on /opt/airflow/dags/saving_file.py
[2025-01-25T14:36:01.664+0000] {processor.py:914} INFO - Processing file /opt/airflow/dags/saving_file.py for tasks to queue
[2025-01-25T14:36:01.666+0000] {logging_mixin.py:190} INFO - [2025-01-25T14:36:01.665+0000] {dagbag.py:588} INFO - Filling up the DagBag from /opt/airflow/dags/saving_file.py
[2025-01-25T14:36:01.931+0000] {processor.py:925} INFO - DAG(s) 'gerar_csv_dados_abertos_cnpj' retrieved from /opt/airflow/dags/saving_file.py
[2025-01-25T14:36:01.942+0000] {logging_mixin.py:190} INFO - [2025-01-25T14:36:01.942+0000] {dag.py:3239} INFO - Sync 1 DAGs
[2025-01-25T14:36:01.953+0000] {logging_mixin.py:190} INFO - [2025-01-25T14:36:01.953+0000] {dag.py:4180} INFO - Setting next_dagrun for gerar_csv_dados_abertos_cnpj to 2025-01-24 00:00:00+00:00, run_after=2025-01-25 00:00:00+00:00
[2025-01-25T14:36:01.962+0000] {processor.py:208} INFO - Processing /opt/airflow/dags/saving_file.py took 0.301 seconds
[2025-01-25T14:36:32.260+0000] {processor.py:186} INFO - Started process (PID=118) to work on /opt/airflow/dags/saving_file.py
[2025-01-25T14:36:32.260+0000] {processor.py:914} INFO - Processing file /opt/airflow/dags/saving_file.py for tasks to queue
[2025-01-25T14:36:32.262+0000] {logging_mixin.py:190} INFO - [2025-01-25T14:36:32.262+0000] {dagbag.py:588} INFO - Filling up the DagBag from /opt/airflow/dags/saving_file.py
[2025-01-25T14:36:32.524+0000] {processor.py:925} INFO - DAG(s) 'gerar_csv_dados_abertos_cnpj' retrieved from /opt/airflow/dags/saving_file.py
[2025-01-25T14:36:32.534+0000] {logging_mixin.py:190} INFO - [2025-01-25T14:36:32.534+0000] {dag.py:3239} INFO - Sync 1 DAGs
[2025-01-25T14:36:32.545+0000] {logging_mixin.py:190} INFO - [2025-01-25T14:36:32.545+0000] {dag.py:4180} INFO - Setting next_dagrun for gerar_csv_dados_abertos_cnpj to 2025-01-24 00:00:00+00:00, run_after=2025-01-25 00:00:00+00:00
[2025-01-25T14:36:32.554+0000] {processor.py:208} INFO - Processing /opt/airflow/dags/saving_file.py took 0.298 seconds
[2025-01-25T14:37:02.816+0000] {processor.py:186} INFO - Started process (PID=129) to work on /opt/airflow/dags/saving_file.py
[2025-01-25T14:37:02.817+0000] {processor.py:914} INFO - Processing file /opt/airflow/dags/saving_file.py for tasks to queue
[2025-01-25T14:37:02.818+0000] {logging_mixin.py:190} INFO - [2025-01-25T14:37:02.818+0000] {dagbag.py:588} INFO - Filling up the DagBag from /opt/airflow/dags/saving_file.py
[2025-01-25T14:37:03.076+0000] {processor.py:925} INFO - DAG(s) 'gerar_csv_dados_abertos_cnpj' retrieved from /opt/airflow/dags/saving_file.py
[2025-01-25T14:37:03.086+0000] {logging_mixin.py:190} INFO - [2025-01-25T14:37:03.085+0000] {dag.py:3239} INFO - Sync 1 DAGs
[2025-01-25T14:37:03.096+0000] {logging_mixin.py:190} INFO - [2025-01-25T14:37:03.096+0000] {dag.py:4180} INFO - Setting next_dagrun for gerar_csv_dados_abertos_cnpj to 2025-01-24 00:00:00+00:00, run_after=2025-01-25 00:00:00+00:00
[2025-01-25T14:37:03.104+0000] {processor.py:208} INFO - Processing /opt/airflow/dags/saving_file.py took 0.291 seconds
[2025-01-25T14:37:33.391+0000] {processor.py:186} INFO - Started process (PID=140) to work on /opt/airflow/dags/saving_file.py
[2025-01-25T14:37:33.392+0000] {processor.py:914} INFO - Processing file /opt/airflow/dags/saving_file.py for tasks to queue
[2025-01-25T14:37:33.393+0000] {logging_mixin.py:190} INFO - [2025-01-25T14:37:33.393+0000] {dagbag.py:588} INFO - Filling up the DagBag from /opt/airflow/dags/saving_file.py
[2025-01-25T14:37:33.646+0000] {processor.py:925} INFO - DAG(s) 'gerar_csv_dados_abertos_cnpj' retrieved from /opt/airflow/dags/saving_file.py
[2025-01-25T14:37:33.655+0000] {logging_mixin.py:190} INFO - [2025-01-25T14:37:33.655+0000] {dag.py:3239} INFO - Sync 1 DAGs
[2025-01-25T14:37:33.665+0000] {logging_mixin.py:190} INFO - [2025-01-25T14:37:33.665+0000] {dag.py:4180} INFO - Setting next_dagrun for gerar_csv_dados_abertos_cnpj to 2025-01-24 00:00:00+00:00, run_after=2025-01-25 00:00:00+00:00
[2025-01-25T14:37:33.675+0000] {processor.py:208} INFO - Processing /opt/airflow/dags/saving_file.py took 0.287 seconds
[2025-01-25T14:38:03.765+0000] {processor.py:186} INFO - Started process (PID=150) to work on /opt/airflow/dags/saving_file.py
[2025-01-25T14:38:03.766+0000] {processor.py:914} INFO - Processing file /opt/airflow/dags/saving_file.py for tasks to queue
[2025-01-25T14:38:03.767+0000] {logging_mixin.py:190} INFO - [2025-01-25T14:38:03.767+0000] {dagbag.py:588} INFO - Filling up the DagBag from /opt/airflow/dags/saving_file.py
[2025-01-25T14:38:04.054+0000] {processor.py:925} INFO - DAG(s) 'gerar_csv_dados_abertos_cnpj' retrieved from /opt/airflow/dags/saving_file.py
[2025-01-25T14:38:04.064+0000] {logging_mixin.py:190} INFO - [2025-01-25T14:38:04.064+0000] {dag.py:3239} INFO - Sync 1 DAGs
[2025-01-25T14:38:04.075+0000] {logging_mixin.py:190} INFO - [2025-01-25T14:38:04.075+0000] {dag.py:4180} INFO - Setting next_dagrun for gerar_csv_dados_abertos_cnpj to 2025-01-24 00:00:00+00:00, run_after=2025-01-25 00:00:00+00:00
[2025-01-25T14:38:04.086+0000] {processor.py:208} INFO - Processing /opt/airflow/dags/saving_file.py took 0.325 seconds
[2025-01-25T14:38:34.407+0000] {processor.py:186} INFO - Started process (PID=161) to work on /opt/airflow/dags/saving_file.py
[2025-01-25T14:38:34.411+0000] {processor.py:914} INFO - Processing file /opt/airflow/dags/saving_file.py for tasks to queue
[2025-01-25T14:38:34.413+0000] {logging_mixin.py:190} INFO - [2025-01-25T14:38:34.413+0000] {dagbag.py:588} INFO - Filling up the DagBag from /opt/airflow/dags/saving_file.py
[2025-01-25T14:38:34.690+0000] {processor.py:925} INFO - DAG(s) 'gerar_csv_dados_abertos_cnpj' retrieved from /opt/airflow/dags/saving_file.py
[2025-01-25T14:38:34.702+0000] {logging_mixin.py:190} INFO - [2025-01-25T14:38:34.702+0000] {dag.py:3239} INFO - Sync 1 DAGs
[2025-01-25T14:38:34.713+0000] {logging_mixin.py:190} INFO - [2025-01-25T14:38:34.713+0000] {dag.py:4180} INFO - Setting next_dagrun for gerar_csv_dados_abertos_cnpj to 2025-01-24 00:00:00+00:00, run_after=2025-01-25 00:00:00+00:00
[2025-01-25T14:38:34.722+0000] {processor.py:208} INFO - Processing /opt/airflow/dags/saving_file.py took 0.318 seconds
[2025-01-25T14:39:05.138+0000] {processor.py:186} INFO - Started process (PID=179) to work on /opt/airflow/dags/saving_file.py
[2025-01-25T14:39:05.139+0000] {processor.py:914} INFO - Processing file /opt/airflow/dags/saving_file.py for tasks to queue
[2025-01-25T14:39:05.140+0000] {logging_mixin.py:190} INFO - [2025-01-25T14:39:05.140+0000] {dagbag.py:588} INFO - Filling up the DagBag from /opt/airflow/dags/saving_file.py
[2025-01-25T14:39:05.398+0000] {processor.py:925} INFO - DAG(s) 'gerar_csv_dados_abertos_cnpj' retrieved from /opt/airflow/dags/saving_file.py
[2025-01-25T14:39:05.408+0000] {logging_mixin.py:190} INFO - [2025-01-25T14:39:05.407+0000] {dag.py:3239} INFO - Sync 1 DAGs
[2025-01-25T14:39:05.418+0000] {logging_mixin.py:190} INFO - [2025-01-25T14:39:05.417+0000] {dag.py:4180} INFO - Setting next_dagrun for gerar_csv_dados_abertos_cnpj to 2025-01-24 00:00:00+00:00, run_after=2025-01-25 00:00:00+00:00
[2025-01-25T14:39:05.427+0000] {processor.py:208} INFO - Processing /opt/airflow/dags/saving_file.py took 0.291 seconds
[2025-01-25T14:39:35.852+0000] {processor.py:186} INFO - Started process (PID=190) to work on /opt/airflow/dags/saving_file.py
[2025-01-25T14:39:35.852+0000] {processor.py:914} INFO - Processing file /opt/airflow/dags/saving_file.py for tasks to queue
[2025-01-25T14:39:35.868+0000] {logging_mixin.py:190} INFO - [2025-01-25T14:39:35.867+0000] {dagbag.py:588} INFO - Filling up the DagBag from /opt/airflow/dags/saving_file.py
[2025-01-25T14:39:36.391+0000] {processor.py:925} INFO - DAG(s) 'gerar_csv_dados_abertos_cnpj' retrieved from /opt/airflow/dags/saving_file.py
[2025-01-25T14:39:36.401+0000] {logging_mixin.py:190} INFO - [2025-01-25T14:39:36.401+0000] {dag.py:3239} INFO - Sync 1 DAGs
[2025-01-25T14:39:36.411+0000] {logging_mixin.py:190} INFO - [2025-01-25T14:39:36.411+0000] {dag.py:4180} INFO - Setting next_dagrun for gerar_csv_dados_abertos_cnpj to 2025-01-24 00:00:00+00:00, run_after=2025-01-25 00:00:00+00:00
[2025-01-25T14:39:36.437+0000] {processor.py:208} INFO - Processing /opt/airflow/dags/saving_file.py took 0.588 seconds
[2025-01-25T14:40:06.596+0000] {processor.py:186} INFO - Started process (PID=201) to work on /opt/airflow/dags/saving_file.py
[2025-01-25T14:40:06.596+0000] {processor.py:914} INFO - Processing file /opt/airflow/dags/saving_file.py for tasks to queue
[2025-01-25T14:40:06.598+0000] {logging_mixin.py:190} INFO - [2025-01-25T14:40:06.597+0000] {dagbag.py:588} INFO - Filling up the DagBag from /opt/airflow/dags/saving_file.py
[2025-01-25T14:40:06.843+0000] {processor.py:925} INFO - DAG(s) 'gerar_csv_dados_abertos_cnpj' retrieved from /opt/airflow/dags/saving_file.py
[2025-01-25T14:40:06.853+0000] {logging_mixin.py:190} INFO - [2025-01-25T14:40:06.853+0000] {dag.py:3239} INFO - Sync 1 DAGs
[2025-01-25T14:40:06.864+0000] {logging_mixin.py:190} INFO - [2025-01-25T14:40:06.864+0000] {dag.py:4180} INFO - Setting next_dagrun for gerar_csv_dados_abertos_cnpj to 2025-01-24 00:00:00+00:00, run_after=2025-01-25 00:00:00+00:00
[2025-01-25T14:40:06.874+0000] {processor.py:208} INFO - Processing /opt/airflow/dags/saving_file.py took 0.280 seconds
[2025-01-25T14:40:37.144+0000] {processor.py:186} INFO - Started process (PID=212) to work on /opt/airflow/dags/saving_file.py
[2025-01-25T14:40:37.145+0000] {processor.py:914} INFO - Processing file /opt/airflow/dags/saving_file.py for tasks to queue
[2025-01-25T14:40:37.146+0000] {logging_mixin.py:190} INFO - [2025-01-25T14:40:37.146+0000] {dagbag.py:588} INFO - Filling up the DagBag from /opt/airflow/dags/saving_file.py
[2025-01-25T14:40:37.403+0000] {processor.py:925} INFO - DAG(s) 'gerar_csv_dados_abertos_cnpj' retrieved from /opt/airflow/dags/saving_file.py
[2025-01-25T14:40:37.414+0000] {logging_mixin.py:190} INFO - [2025-01-25T14:40:37.414+0000] {dag.py:3239} INFO - Sync 1 DAGs
[2025-01-25T14:40:37.426+0000] {logging_mixin.py:190} INFO - [2025-01-25T14:40:37.426+0000] {dag.py:4180} INFO - Setting next_dagrun for gerar_csv_dados_abertos_cnpj to 2025-01-24 00:00:00+00:00, run_after=2025-01-25 00:00:00+00:00
[2025-01-25T14:40:37.437+0000] {processor.py:208} INFO - Processing /opt/airflow/dags/saving_file.py took 0.295 seconds
[2025-01-25T14:41:07.682+0000] {processor.py:186} INFO - Started process (PID=223) to work on /opt/airflow/dags/saving_file.py
[2025-01-25T14:41:07.682+0000] {processor.py:914} INFO - Processing file /opt/airflow/dags/saving_file.py for tasks to queue
[2025-01-25T14:41:07.684+0000] {logging_mixin.py:190} INFO - [2025-01-25T14:41:07.683+0000] {dagbag.py:588} INFO - Filling up the DagBag from /opt/airflow/dags/saving_file.py
[2025-01-25T14:41:07.922+0000] {processor.py:925} INFO - DAG(s) 'gerar_csv_dados_abertos_cnpj' retrieved from /opt/airflow/dags/saving_file.py
[2025-01-25T14:41:07.932+0000] {logging_mixin.py:190} INFO - [2025-01-25T14:41:07.931+0000] {dag.py:3239} INFO - Sync 1 DAGs
[2025-01-25T14:41:07.942+0000] {logging_mixin.py:190} INFO - [2025-01-25T14:41:07.942+0000] {dag.py:4180} INFO - Setting next_dagrun for gerar_csv_dados_abertos_cnpj to 2025-01-24 00:00:00+00:00, run_after=2025-01-25 00:00:00+00:00
[2025-01-25T14:41:07.951+0000] {processor.py:208} INFO - Processing /opt/airflow/dags/saving_file.py took 0.272 seconds
[2025-01-25T14:41:38.228+0000] {processor.py:186} INFO - Started process (PID=234) to work on /opt/airflow/dags/saving_file.py
[2025-01-25T14:41:38.229+0000] {processor.py:914} INFO - Processing file /opt/airflow/dags/saving_file.py for tasks to queue
[2025-01-25T14:41:38.230+0000] {logging_mixin.py:190} INFO - [2025-01-25T14:41:38.230+0000] {dagbag.py:588} INFO - Filling up the DagBag from /opt/airflow/dags/saving_file.py
[2025-01-25T14:41:38.475+0000] {processor.py:925} INFO - DAG(s) 'gerar_csv_dados_abertos_cnpj' retrieved from /opt/airflow/dags/saving_file.py
[2025-01-25T14:41:38.486+0000] {logging_mixin.py:190} INFO - [2025-01-25T14:41:38.486+0000] {dag.py:3239} INFO - Sync 1 DAGs
[2025-01-25T14:41:38.498+0000] {logging_mixin.py:190} INFO - [2025-01-25T14:41:38.497+0000] {dag.py:4180} INFO - Setting next_dagrun for gerar_csv_dados_abertos_cnpj to 2025-01-24 00:00:00+00:00, run_after=2025-01-25 00:00:00+00:00
[2025-01-25T14:41:38.507+0000] {processor.py:208} INFO - Processing /opt/airflow/dags/saving_file.py took 0.281 seconds
[2025-01-25T14:42:08.888+0000] {processor.py:186} INFO - Started process (PID=245) to work on /opt/airflow/dags/saving_file.py
[2025-01-25T14:42:08.889+0000] {processor.py:914} INFO - Processing file /opt/airflow/dags/saving_file.py for tasks to queue
[2025-01-25T14:42:08.890+0000] {logging_mixin.py:190} INFO - [2025-01-25T14:42:08.890+0000] {dagbag.py:588} INFO - Filling up the DagBag from /opt/airflow/dags/saving_file.py
[2025-01-25T14:42:09.131+0000] {processor.py:925} INFO - DAG(s) 'gerar_csv_dados_abertos_cnpj' retrieved from /opt/airflow/dags/saving_file.py
[2025-01-25T14:42:09.142+0000] {logging_mixin.py:190} INFO - [2025-01-25T14:42:09.141+0000] {dag.py:3239} INFO - Sync 1 DAGs
[2025-01-25T14:42:09.208+0000] {logging_mixin.py:190} INFO - [2025-01-25T14:42:09.208+0000] {dag.py:4180} INFO - Setting next_dagrun for gerar_csv_dados_abertos_cnpj to 2025-01-24 00:00:00+00:00, run_after=2025-01-25 00:00:00+00:00
[2025-01-25T14:42:09.232+0000] {processor.py:208} INFO - Processing /opt/airflow/dags/saving_file.py took 0.346 seconds
[2025-01-25T14:42:39.645+0000] {processor.py:186} INFO - Started process (PID=256) to work on /opt/airflow/dags/saving_file.py
[2025-01-25T14:42:39.646+0000] {processor.py:914} INFO - Processing file /opt/airflow/dags/saving_file.py for tasks to queue
[2025-01-25T14:42:39.647+0000] {logging_mixin.py:190} INFO - [2025-01-25T14:42:39.647+0000] {dagbag.py:588} INFO - Filling up the DagBag from /opt/airflow/dags/saving_file.py
[2025-01-25T14:42:39.904+0000] {processor.py:925} INFO - DAG(s) 'gerar_csv_dados_abertos_cnpj' retrieved from /opt/airflow/dags/saving_file.py
[2025-01-25T14:42:39.915+0000] {logging_mixin.py:190} INFO - [2025-01-25T14:42:39.915+0000] {dag.py:3239} INFO - Sync 1 DAGs
[2025-01-25T14:42:39.926+0000] {logging_mixin.py:190} INFO - [2025-01-25T14:42:39.926+0000] {dag.py:4180} INFO - Setting next_dagrun for gerar_csv_dados_abertos_cnpj to 2025-01-24 00:00:00+00:00, run_after=2025-01-25 00:00:00+00:00
[2025-01-25T14:42:39.935+0000] {processor.py:208} INFO - Processing /opt/airflow/dags/saving_file.py took 0.292 seconds
[2025-01-25T14:43:10.301+0000] {processor.py:186} INFO - Started process (PID=267) to work on /opt/airflow/dags/saving_file.py
[2025-01-25T14:43:10.301+0000] {processor.py:914} INFO - Processing file /opt/airflow/dags/saving_file.py for tasks to queue
[2025-01-25T14:43:10.302+0000] {logging_mixin.py:190} INFO - [2025-01-25T14:43:10.302+0000] {dagbag.py:588} INFO - Filling up the DagBag from /opt/airflow/dags/saving_file.py
[2025-01-25T14:43:10.546+0000] {processor.py:925} INFO - DAG(s) 'gerar_csv_dados_abertos_cnpj' retrieved from /opt/airflow/dags/saving_file.py
[2025-01-25T14:43:10.556+0000] {logging_mixin.py:190} INFO - [2025-01-25T14:43:10.556+0000] {dag.py:3239} INFO - Sync 1 DAGs
[2025-01-25T14:43:10.567+0000] {logging_mixin.py:190} INFO - [2025-01-25T14:43:10.567+0000] {dag.py:4180} INFO - Setting next_dagrun for gerar_csv_dados_abertos_cnpj to 2025-01-24 00:00:00+00:00, run_after=2025-01-25 00:00:00+00:00
[2025-01-25T14:43:10.578+0000] {processor.py:208} INFO - Processing /opt/airflow/dags/saving_file.py took 0.280 seconds
[2025-01-25T14:43:40.844+0000] {processor.py:186} INFO - Started process (PID=278) to work on /opt/airflow/dags/saving_file.py
[2025-01-25T14:43:40.845+0000] {processor.py:914} INFO - Processing file /opt/airflow/dags/saving_file.py for tasks to queue
[2025-01-25T14:43:40.846+0000] {logging_mixin.py:190} INFO - [2025-01-25T14:43:40.846+0000] {dagbag.py:588} INFO - Filling up the DagBag from /opt/airflow/dags/saving_file.py
[2025-01-25T14:43:41.103+0000] {processor.py:925} INFO - DAG(s) 'gerar_csv_dados_abertos_cnpj' retrieved from /opt/airflow/dags/saving_file.py
[2025-01-25T14:43:41.115+0000] {logging_mixin.py:190} INFO - [2025-01-25T14:43:41.115+0000] {dag.py:3239} INFO - Sync 1 DAGs
[2025-01-25T14:43:41.127+0000] {logging_mixin.py:190} INFO - [2025-01-25T14:43:41.127+0000] {dag.py:4180} INFO - Setting next_dagrun for gerar_csv_dados_abertos_cnpj to 2025-01-24 00:00:00+00:00, run_after=2025-01-25 00:00:00+00:00
[2025-01-25T14:43:41.137+0000] {processor.py:208} INFO - Processing /opt/airflow/dags/saving_file.py took 0.296 seconds
[2025-01-25T14:44:11.497+0000] {processor.py:186} INFO - Started process (PID=289) to work on /opt/airflow/dags/saving_file.py
[2025-01-25T14:44:11.498+0000] {processor.py:914} INFO - Processing file /opt/airflow/dags/saving_file.py for tasks to queue
[2025-01-25T14:44:11.500+0000] {logging_mixin.py:190} INFO - [2025-01-25T14:44:11.500+0000] {dagbag.py:588} INFO - Filling up the DagBag from /opt/airflow/dags/saving_file.py
[2025-01-25T14:44:11.766+0000] {processor.py:925} INFO - DAG(s) 'gerar_csv_dados_abertos_cnpj' retrieved from /opt/airflow/dags/saving_file.py
[2025-01-25T14:44:11.779+0000] {logging_mixin.py:190} INFO - [2025-01-25T14:44:11.779+0000] {dag.py:3239} INFO - Sync 1 DAGs
[2025-01-25T14:44:11.790+0000] {logging_mixin.py:190} INFO - [2025-01-25T14:44:11.790+0000] {dag.py:4180} INFO - Setting next_dagrun for gerar_csv_dados_abertos_cnpj to 2025-01-24 00:00:00+00:00, run_after=2025-01-25 00:00:00+00:00
[2025-01-25T14:44:11.801+0000] {processor.py:208} INFO - Processing /opt/airflow/dags/saving_file.py took 0.307 seconds
[2025-01-25T14:44:42.073+0000] {processor.py:186} INFO - Started process (PID=300) to work on /opt/airflow/dags/saving_file.py
[2025-01-25T14:44:42.073+0000] {processor.py:914} INFO - Processing file /opt/airflow/dags/saving_file.py for tasks to queue
[2025-01-25T14:44:42.075+0000] {logging_mixin.py:190} INFO - [2025-01-25T14:44:42.074+0000] {dagbag.py:588} INFO - Filling up the DagBag from /opt/airflow/dags/saving_file.py
[2025-01-25T14:44:42.332+0000] {processor.py:925} INFO - DAG(s) 'gerar_csv_dados_abertos_cnpj' retrieved from /opt/airflow/dags/saving_file.py
[2025-01-25T14:44:42.348+0000] {logging_mixin.py:190} INFO - [2025-01-25T14:44:42.347+0000] {dag.py:3239} INFO - Sync 1 DAGs
[2025-01-25T14:44:42.359+0000] {logging_mixin.py:190} INFO - [2025-01-25T14:44:42.359+0000] {dag.py:4180} INFO - Setting next_dagrun for gerar_csv_dados_abertos_cnpj to 2025-01-24 00:00:00+00:00, run_after=2025-01-25 00:00:00+00:00
[2025-01-25T14:44:42.369+0000] {processor.py:208} INFO - Processing /opt/airflow/dags/saving_file.py took 0.299 seconds
