[2025-01-24T20:25:21.404+0000] {local_task_job_runner.py:123} INFO - ::group::Pre task execution logs
[2025-01-24T20:25:21.413+0000] {taskinstance.py:2613} INFO - Dependencies all met for dep_context=non-requeueable deps ti=<TaskInstance: coleta_dados_abertos_cnpj.transform_socios manual__2025-01-24T19:42:11.617297+00:00 [queued]>
[2025-01-24T20:25:21.418+0000] {taskinstance.py:2613} INFO - Dependencies all met for dep_context=requeueable deps ti=<TaskInstance: coleta_dados_abertos_cnpj.transform_socios manual__2025-01-24T19:42:11.617297+00:00 [queued]>
[2025-01-24T20:25:21.418+0000] {taskinstance.py:2866} INFO - Starting attempt 2 of 3
[2025-01-24T20:25:21.512+0000] {taskinstance.py:2889} INFO - Executing <Task(PythonOperator): transform_socios> on 2025-01-24 19:42:11.617297+00:00
[2025-01-24T20:25:21.515+0000] {warnings.py:112} WARNING - /home/***/.local/lib/python3.12/site-packages/***/task/task_runner/standard_task_runner.py:70: DeprecationWarning: This process (pid=109) is multi-threaded, use of fork() may lead to deadlocks in the child.
  pid = os.fork()

[2025-01-24T20:25:21.516+0000] {standard_task_runner.py:72} INFO - Started process 123 to run task
[2025-01-24T20:25:21.516+0000] {standard_task_runner.py:104} INFO - Running: ['***', 'tasks', 'run', 'coleta_dados_abertos_cnpj', 'transform_socios', 'manual__2025-01-24T19:42:11.617297+00:00', '--job-id', '753', '--raw', '--subdir', 'DAGS_FOLDER/coleta_dados_abertos_cnpj/dag.py', '--cfg-path', '/tmp/tmpkahtmlzp']
[2025-01-24T20:25:21.517+0000] {standard_task_runner.py:105} INFO - Job 753: Subtask transform_socios
[2025-01-24T20:25:21.539+0000] {task_command.py:467} INFO - Running <TaskInstance: coleta_dados_abertos_cnpj.transform_socios manual__2025-01-24T19:42:11.617297+00:00 [running]> on host ee70781c29c7
[2025-01-24T20:25:21.584+0000] {taskinstance.py:3132} INFO - Exporting env vars: AIRFLOW_CTX_DAG_OWNER='Corvaum' AIRFLOW_CTX_DAG_ID='coleta_dados_abertos_cnpj' AIRFLOW_CTX_TASK_ID='transform_socios' AIRFLOW_CTX_EXECUTION_DATE='2025-01-24T19:42:11.617297+00:00' AIRFLOW_CTX_TRY_NUMBER='2' AIRFLOW_CTX_DAG_RUN_ID='manual__2025-01-24T19:42:11.617297+00:00'
[2025-01-24T20:25:21.585+0000] {taskinstance.py:731} INFO - ::endgroup::
[2025-01-24T20:25:21.591+0000] {logging_mixin.py:190} INFO - cnaes
[2025-01-24T20:25:21.592+0000] {python.py:240} INFO - Done. Returned value was: None
[2025-01-24T20:25:21.596+0000] {taskinstance.py:340} INFO - ::group::Post task execution logs
[2025-01-24T20:25:21.597+0000] {taskinstance.py:352} INFO - Marking task as SUCCESS. dag_id=coleta_dados_abertos_cnpj, task_id=transform_socios, run_id=manual__2025-01-24T19:42:11.617297+00:00, execution_date=20250124T194211, start_date=20250124T202521, end_date=20250124T202521
[2025-01-24T20:25:21.609+0000] {local_task_job_runner.py:266} INFO - Task exited with return code 0
[2025-01-24T20:25:21.620+0000] {taskinstance.py:3895} INFO - 0 downstream tasks scheduled from follow-on schedule check
[2025-01-24T20:25:21.621+0000] {local_task_job_runner.py:245} INFO - ::endgroup::
