[2025-01-18T17:54:28.766+0000] {processor.py:186} INFO - Started process (PID=177) to work on /opt/airflow/dags/dag.py
[2025-01-18T17:54:28.766+0000] {processor.py:914} INFO - Processing file /opt/airflow/dags/dag.py for tasks to queue
[2025-01-18T17:54:28.767+0000] {logging_mixin.py:190} INFO - [2025-01-18T17:54:28.767+0000] {dagbag.py:588} INFO - Filling up the DagBag from /opt/airflow/dags/dag.py
[2025-01-18T17:54:28.784+0000] {logging_mixin.py:190} INFO - [2025-01-18T17:54:28.782+0000] {dagbag.py:387} ERROR - Failed to import: /opt/airflow/dags/dag.py
Traceback (most recent call last):
  File "/home/airflow/.local/lib/python3.12/site-packages/airflow/models/dagbag.py", line 383, in parse
    loader.exec_module(new_module)
  File "<frozen importlib._bootstrap_external>", line 999, in exec_module
  File "<frozen importlib._bootstrap>", line 488, in _call_with_frames_removed
  File "/opt/airflow/dags/dag.py", line 28, in <module>
    from airflow.providers.standard.operators.bash import BashOperator
ModuleNotFoundError: No module named 'airflow.providers.standard'
[2025-01-18T17:54:29.003+0000] {processor.py:927} WARNING - No viable dags retrieved from /opt/airflow/dags/dag.py
[2025-01-18T17:54:29.016+0000] {processor.py:208} INFO - Processing /opt/airflow/dags/dag.py took 0.254 seconds
[2025-01-18T17:54:30.085+0000] {processor.py:186} INFO - Started process (PID=178) to work on /opt/airflow/dags/dag.py
[2025-01-18T17:54:30.085+0000] {processor.py:914} INFO - Processing file /opt/airflow/dags/dag.py for tasks to queue
[2025-01-18T17:54:30.086+0000] {logging_mixin.py:190} INFO - [2025-01-18T17:54:30.086+0000] {dagbag.py:588} INFO - Filling up the DagBag from /opt/airflow/dags/dag.py
[2025-01-18T17:54:30.108+0000] {processor.py:925} INFO - DAG(s) 'my_dag' retrieved from /opt/airflow/dags/dag.py
[2025-01-18T17:54:30.362+0000] {logging_mixin.py:190} INFO - [2025-01-18T17:54:30.361+0000] {override.py:1911} INFO - Created Permission View: can read on DAG:my_dag
[2025-01-18T17:54:30.370+0000] {logging_mixin.py:190} INFO - [2025-01-18T17:54:30.370+0000] {override.py:1911} INFO - Created Permission View: can delete on DAG:my_dag
[2025-01-18T17:54:30.376+0000] {logging_mixin.py:190} INFO - [2025-01-18T17:54:30.376+0000] {override.py:1911} INFO - Created Permission View: can edit on DAG:my_dag
[2025-01-18T17:54:30.381+0000] {logging_mixin.py:190} INFO - [2025-01-18T17:54:30.381+0000] {override.py:1911} INFO - Created Permission View: can create on DAG Run:my_dag
[2025-01-18T17:54:30.385+0000] {logging_mixin.py:190} INFO - [2025-01-18T17:54:30.385+0000] {override.py:1911} INFO - Created Permission View: can read on DAG Run:my_dag
[2025-01-18T17:54:30.389+0000] {logging_mixin.py:190} INFO - [2025-01-18T17:54:30.389+0000] {override.py:1911} INFO - Created Permission View: can delete on DAG Run:my_dag
[2025-01-18T17:54:30.394+0000] {logging_mixin.py:190} INFO - [2025-01-18T17:54:30.393+0000] {override.py:1911} INFO - Created Permission View: menu access on DAG Run:my_dag
[2025-01-18T17:54:30.394+0000] {logging_mixin.py:190} INFO - [2025-01-18T17:54:30.394+0000] {dag.py:3239} INFO - Sync 1 DAGs
[2025-01-18T17:54:30.400+0000] {logging_mixin.py:190} INFO - [2025-01-18T17:54:30.400+0000] {dag.py:3262} INFO - Creating ORM DAG for my_dag
[2025-01-18T17:54:30.406+0000] {logging_mixin.py:190} INFO - [2025-01-18T17:54:30.406+0000] {dag.py:4180} INFO - Setting next_dagrun for my_dag to 2025-01-17 00:00:00+00:00, run_after=2025-01-18 00:00:00+00:00
[2025-01-18T17:54:30.416+0000] {processor.py:208} INFO - Processing /opt/airflow/dags/dag.py took 0.335 seconds
[2025-01-18T17:55:00.667+0000] {processor.py:186} INFO - Started process (PID=185) to work on /opt/airflow/dags/dag.py
[2025-01-18T17:55:00.667+0000] {processor.py:914} INFO - Processing file /opt/airflow/dags/dag.py for tasks to queue
[2025-01-18T17:55:00.668+0000] {logging_mixin.py:190} INFO - [2025-01-18T17:55:00.668+0000] {dagbag.py:588} INFO - Filling up the DagBag from /opt/airflow/dags/dag.py
[2025-01-18T17:55:00.680+0000] {processor.py:925} INFO - DAG(s) 'my_dag' retrieved from /opt/airflow/dags/dag.py
[2025-01-18T17:55:00.696+0000] {logging_mixin.py:190} INFO - [2025-01-18T17:55:00.696+0000] {dag.py:3239} INFO - Sync 1 DAGs
[2025-01-18T17:55:00.710+0000] {logging_mixin.py:190} INFO - [2025-01-18T17:55:00.710+0000] {dag.py:4180} INFO - Setting next_dagrun for my_dag to 2025-01-17 00:00:00+00:00, run_after=2025-01-18 00:00:00+00:00
[2025-01-18T17:55:00.722+0000] {processor.py:208} INFO - Processing /opt/airflow/dags/dag.py took 0.059 seconds
[2025-01-18T17:55:11.747+0000] {processor.py:186} INFO - Started process (PID=186) to work on /opt/airflow/dags/dag.py
[2025-01-18T17:55:11.747+0000] {processor.py:914} INFO - Processing file /opt/airflow/dags/dag.py for tasks to queue
[2025-01-18T17:55:11.748+0000] {logging_mixin.py:190} INFO - [2025-01-18T17:55:11.748+0000] {dagbag.py:588} INFO - Filling up the DagBag from /opt/airflow/dags/dag.py
[2025-01-18T17:55:11.764+0000] {processor.py:925} INFO - DAG(s) 'my_dag' retrieved from /opt/airflow/dags/dag.py
[2025-01-18T17:55:11.948+0000] {logging_mixin.py:190} INFO - [2025-01-18T17:55:11.948+0000] {dag.py:3239} INFO - Sync 1 DAGs
[2025-01-18T17:55:11.962+0000] {logging_mixin.py:190} INFO - [2025-01-18T17:55:11.962+0000] {dag.py:4180} INFO - Setting next_dagrun for my_dag to 2025-01-18 00:00:00+00:00, run_after=2025-01-19 00:00:00+00:00
[2025-01-18T17:55:11.979+0000] {processor.py:208} INFO - Processing /opt/airflow/dags/dag.py took 0.236 seconds
[2025-01-18T17:55:24.875+0000] {processor.py:186} INFO - Started process (PID=193) to work on /opt/airflow/dags/dag.py
[2025-01-18T17:55:24.876+0000] {processor.py:914} INFO - Processing file /opt/airflow/dags/dag.py for tasks to queue
[2025-01-18T17:55:24.877+0000] {logging_mixin.py:190} INFO - [2025-01-18T17:55:24.877+0000] {dagbag.py:588} INFO - Filling up the DagBag from /opt/airflow/dags/dag.py
[2025-01-18T17:55:24.893+0000] {processor.py:925} INFO - DAG(s) 'my_dag' retrieved from /opt/airflow/dags/dag.py
[2025-01-18T17:55:24.899+0000] {logging_mixin.py:190} INFO - [2025-01-18T17:55:24.899+0000] {dag.py:3239} INFO - Sync 1 DAGs
[2025-01-18T17:55:24.915+0000] {logging_mixin.py:190} INFO - [2025-01-18T17:55:24.915+0000] {dag.py:4180} INFO - Setting next_dagrun for my_dag to 2025-01-18 00:00:00+00:00, run_after=2025-01-19 00:00:00+00:00
[2025-01-18T17:55:24.930+0000] {processor.py:208} INFO - Processing /opt/airflow/dags/dag.py took 0.058 seconds
[2025-01-18T17:55:55.164+0000] {processor.py:186} INFO - Started process (PID=200) to work on /opt/airflow/dags/dag.py
[2025-01-18T17:55:55.164+0000] {processor.py:914} INFO - Processing file /opt/airflow/dags/dag.py for tasks to queue
[2025-01-18T17:55:55.165+0000] {logging_mixin.py:190} INFO - [2025-01-18T17:55:55.165+0000] {dagbag.py:588} INFO - Filling up the DagBag from /opt/airflow/dags/dag.py
[2025-01-18T17:55:55.176+0000] {processor.py:925} INFO - DAG(s) 'my_dag' retrieved from /opt/airflow/dags/dag.py
[2025-01-18T17:55:55.190+0000] {logging_mixin.py:190} INFO - [2025-01-18T17:55:55.190+0000] {dag.py:3239} INFO - Sync 1 DAGs
[2025-01-18T17:55:55.337+0000] {logging_mixin.py:190} INFO - [2025-01-18T17:55:55.336+0000] {dag.py:4180} INFO - Setting next_dagrun for my_dag to 2025-01-18 00:00:00+00:00, run_after=2025-01-19 00:00:00+00:00
[2025-01-18T17:55:55.351+0000] {processor.py:208} INFO - Processing /opt/airflow/dags/dag.py took 0.191 seconds
[2025-01-18T17:55:57.259+0000] {processor.py:186} INFO - Started process (PID=201) to work on /opt/airflow/dags/dag.py
[2025-01-18T17:55:57.260+0000] {processor.py:914} INFO - Processing file /opt/airflow/dags/dag.py for tasks to queue
[2025-01-18T17:55:57.261+0000] {logging_mixin.py:190} INFO - [2025-01-18T17:55:57.260+0000] {dagbag.py:588} INFO - Filling up the DagBag from /opt/airflow/dags/dag.py
[2025-01-18T17:55:57.280+0000] {processor.py:925} INFO - DAG(s) 'coleta_dados_abertos_cnpj' retrieved from /opt/airflow/dags/dag.py
[2025-01-18T17:55:57.436+0000] {logging_mixin.py:190} INFO - [2025-01-18T17:55:57.435+0000] {override.py:1911} INFO - Created Permission View: can read on DAG:coleta_dados_abertos_cnpj
[2025-01-18T17:55:57.448+0000] {logging_mixin.py:190} INFO - [2025-01-18T17:55:57.448+0000] {override.py:1911} INFO - Created Permission View: can delete on DAG:coleta_dados_abertos_cnpj
[2025-01-18T17:55:57.455+0000] {logging_mixin.py:190} INFO - [2025-01-18T17:55:57.455+0000] {override.py:1911} INFO - Created Permission View: can edit on DAG:coleta_dados_abertos_cnpj
[2025-01-18T17:55:57.461+0000] {logging_mixin.py:190} INFO - [2025-01-18T17:55:57.461+0000] {override.py:1911} INFO - Created Permission View: can create on DAG Run:coleta_dados_abertos_cnpj
[2025-01-18T17:55:57.467+0000] {logging_mixin.py:190} INFO - [2025-01-18T17:55:57.467+0000] {override.py:1911} INFO - Created Permission View: can read on DAG Run:coleta_dados_abertos_cnpj
[2025-01-18T17:55:57.471+0000] {logging_mixin.py:190} INFO - [2025-01-18T17:55:57.471+0000] {override.py:1911} INFO - Created Permission View: can delete on DAG Run:coleta_dados_abertos_cnpj
[2025-01-18T17:55:57.478+0000] {logging_mixin.py:190} INFO - [2025-01-18T17:55:57.478+0000] {override.py:1911} INFO - Created Permission View: menu access on DAG Run:coleta_dados_abertos_cnpj
[2025-01-18T17:55:57.479+0000] {logging_mixin.py:190} INFO - [2025-01-18T17:55:57.478+0000] {dag.py:3239} INFO - Sync 1 DAGs
[2025-01-18T17:55:57.486+0000] {logging_mixin.py:190} INFO - [2025-01-18T17:55:57.486+0000] {dag.py:3262} INFO - Creating ORM DAG for coleta_dados_abertos_cnpj
[2025-01-18T17:55:57.492+0000] {logging_mixin.py:190} INFO - [2025-01-18T17:55:57.491+0000] {dag.py:4180} INFO - Setting next_dagrun for coleta_dados_abertos_cnpj to 2025-01-18 00:00:00+00:00, run_after=2025-01-19 00:00:00+00:00
[2025-01-18T17:55:57.502+0000] {processor.py:208} INFO - Processing /opt/airflow/dags/dag.py took 0.248 seconds
[2025-01-18T17:56:27.551+0000] {processor.py:186} INFO - Started process (PID=208) to work on /opt/airflow/dags/dag.py
[2025-01-18T17:56:27.552+0000] {processor.py:914} INFO - Processing file /opt/airflow/dags/dag.py for tasks to queue
[2025-01-18T17:56:27.553+0000] {logging_mixin.py:190} INFO - [2025-01-18T17:56:27.553+0000] {dagbag.py:588} INFO - Filling up the DagBag from /opt/airflow/dags/dag.py
[2025-01-18T17:56:27.578+0000] {processor.py:925} INFO - DAG(s) 'coleta_dados_abertos_cnpj' retrieved from /opt/airflow/dags/dag.py
[2025-01-18T17:56:27.595+0000] {logging_mixin.py:190} INFO - [2025-01-18T17:56:27.594+0000] {dag.py:3239} INFO - Sync 1 DAGs
[2025-01-18T17:56:27.730+0000] {logging_mixin.py:190} INFO - [2025-01-18T17:56:27.730+0000] {dag.py:4180} INFO - Setting next_dagrun for coleta_dados_abertos_cnpj to 2025-01-18 00:00:00+00:00, run_after=2025-01-19 00:00:00+00:00
[2025-01-18T17:56:27.749+0000] {processor.py:208} INFO - Processing /opt/airflow/dags/dag.py took 0.202 seconds
[2025-01-18T17:56:57.900+0000] {processor.py:186} INFO - Started process (PID=215) to work on /opt/airflow/dags/dag.py
[2025-01-18T17:56:57.900+0000] {processor.py:914} INFO - Processing file /opt/airflow/dags/dag.py for tasks to queue
[2025-01-18T17:56:57.902+0000] {logging_mixin.py:190} INFO - [2025-01-18T17:56:57.901+0000] {dagbag.py:588} INFO - Filling up the DagBag from /opt/airflow/dags/dag.py
[2025-01-18T17:56:57.919+0000] {processor.py:925} INFO - DAG(s) 'coleta_dados_abertos_cnpj' retrieved from /opt/airflow/dags/dag.py
[2025-01-18T17:56:57.938+0000] {logging_mixin.py:190} INFO - [2025-01-18T17:56:57.938+0000] {dag.py:3239} INFO - Sync 1 DAGs
[2025-01-18T17:56:57.954+0000] {logging_mixin.py:190} INFO - [2025-01-18T17:56:57.954+0000] {dag.py:4180} INFO - Setting next_dagrun for coleta_dados_abertos_cnpj to 2025-01-18 00:00:00+00:00, run_after=2025-01-19 00:00:00+00:00
[2025-01-18T17:56:57.968+0000] {processor.py:208} INFO - Processing /opt/airflow/dags/dag.py took 0.073 seconds
[2025-01-18T17:57:28.045+0000] {processor.py:186} INFO - Started process (PID=222) to work on /opt/airflow/dags/dag.py
[2025-01-18T17:57:28.045+0000] {processor.py:914} INFO - Processing file /opt/airflow/dags/dag.py for tasks to queue
[2025-01-18T17:57:28.047+0000] {logging_mixin.py:190} INFO - [2025-01-18T17:57:28.046+0000] {dagbag.py:588} INFO - Filling up the DagBag from /opt/airflow/dags/dag.py
[2025-01-18T17:57:28.060+0000] {processor.py:925} INFO - DAG(s) 'coleta_dados_abertos_cnpj' retrieved from /opt/airflow/dags/dag.py
[2025-01-18T17:57:28.076+0000] {logging_mixin.py:190} INFO - [2025-01-18T17:57:28.076+0000] {dag.py:3239} INFO - Sync 1 DAGs
[2025-01-18T17:57:28.090+0000] {logging_mixin.py:190} INFO - [2025-01-18T17:57:28.090+0000] {dag.py:4180} INFO - Setting next_dagrun for coleta_dados_abertos_cnpj to 2025-01-18 00:00:00+00:00, run_after=2025-01-19 00:00:00+00:00
[2025-01-18T17:57:28.102+0000] {processor.py:208} INFO - Processing /opt/airflow/dags/dag.py took 0.062 seconds
[2025-01-18T17:57:58.258+0000] {processor.py:186} INFO - Started process (PID=229) to work on /opt/airflow/dags/dag.py
[2025-01-18T17:57:58.258+0000] {processor.py:914} INFO - Processing file /opt/airflow/dags/dag.py for tasks to queue
[2025-01-18T17:57:58.260+0000] {logging_mixin.py:190} INFO - [2025-01-18T17:57:58.260+0000] {dagbag.py:588} INFO - Filling up the DagBag from /opt/airflow/dags/dag.py
[2025-01-18T17:57:58.275+0000] {processor.py:925} INFO - DAG(s) 'coleta_dados_abertos_cnpj' retrieved from /opt/airflow/dags/dag.py
[2025-01-18T17:57:58.291+0000] {logging_mixin.py:190} INFO - [2025-01-18T17:57:58.291+0000] {dag.py:3239} INFO - Sync 1 DAGs
[2025-01-18T17:57:58.306+0000] {logging_mixin.py:190} INFO - [2025-01-18T17:57:58.305+0000] {dag.py:4180} INFO - Setting next_dagrun for coleta_dados_abertos_cnpj to 2025-01-18 00:00:00+00:00, run_after=2025-01-19 00:00:00+00:00
[2025-01-18T17:57:58.376+0000] {processor.py:208} INFO - Processing /opt/airflow/dags/dag.py took 0.122 seconds
[2025-01-18T17:58:28.416+0000] {processor.py:186} INFO - Started process (PID=236) to work on /opt/airflow/dags/dag.py
[2025-01-18T17:58:28.417+0000] {processor.py:914} INFO - Processing file /opt/airflow/dags/dag.py for tasks to queue
[2025-01-18T17:58:28.418+0000] {logging_mixin.py:190} INFO - [2025-01-18T17:58:28.418+0000] {dagbag.py:588} INFO - Filling up the DagBag from /opt/airflow/dags/dag.py
[2025-01-18T17:58:28.434+0000] {processor.py:925} INFO - DAG(s) 'coleta_dados_abertos_cnpj' retrieved from /opt/airflow/dags/dag.py
[2025-01-18T17:58:28.451+0000] {logging_mixin.py:190} INFO - [2025-01-18T17:58:28.451+0000] {dag.py:3239} INFO - Sync 1 DAGs
[2025-01-18T17:58:28.467+0000] {logging_mixin.py:190} INFO - [2025-01-18T17:58:28.467+0000] {dag.py:4180} INFO - Setting next_dagrun for coleta_dados_abertos_cnpj to 2025-01-18 00:00:00+00:00, run_after=2025-01-19 00:00:00+00:00
[2025-01-18T17:58:28.580+0000] {processor.py:208} INFO - Processing /opt/airflow/dags/dag.py took 0.168 seconds
[2025-01-18T17:58:58.689+0000] {processor.py:186} INFO - Started process (PID=243) to work on /opt/airflow/dags/dag.py
[2025-01-18T17:58:58.690+0000] {processor.py:914} INFO - Processing file /opt/airflow/dags/dag.py for tasks to queue
[2025-01-18T17:58:58.691+0000] {logging_mixin.py:190} INFO - [2025-01-18T17:58:58.691+0000] {dagbag.py:588} INFO - Filling up the DagBag from /opt/airflow/dags/dag.py
[2025-01-18T17:58:58.704+0000] {processor.py:925} INFO - DAG(s) 'coleta_dados_abertos_cnpj' retrieved from /opt/airflow/dags/dag.py
[2025-01-18T17:58:58.720+0000] {logging_mixin.py:190} INFO - [2025-01-18T17:58:58.720+0000] {dag.py:3239} INFO - Sync 1 DAGs
[2025-01-18T17:58:58.845+0000] {logging_mixin.py:190} INFO - [2025-01-18T17:58:58.845+0000] {dag.py:4180} INFO - Setting next_dagrun for coleta_dados_abertos_cnpj to 2025-01-18 00:00:00+00:00, run_after=2025-01-19 00:00:00+00:00
[2025-01-18T17:58:58.861+0000] {processor.py:208} INFO - Processing /opt/airflow/dags/dag.py took 0.175 seconds
[2025-01-18T17:59:28.920+0000] {processor.py:186} INFO - Started process (PID=250) to work on /opt/airflow/dags/dag.py
[2025-01-18T17:59:28.921+0000] {processor.py:914} INFO - Processing file /opt/airflow/dags/dag.py for tasks to queue
[2025-01-18T17:59:28.921+0000] {logging_mixin.py:190} INFO - [2025-01-18T17:59:28.921+0000] {dagbag.py:588} INFO - Filling up the DagBag from /opt/airflow/dags/dag.py
[2025-01-18T17:59:28.938+0000] {processor.py:925} INFO - DAG(s) 'coleta_dados_abertos_cnpj' retrieved from /opt/airflow/dags/dag.py
[2025-01-18T17:59:29.054+0000] {logging_mixin.py:190} INFO - [2025-01-18T17:59:29.054+0000] {dag.py:3239} INFO - Sync 1 DAGs
[2025-01-18T17:59:29.067+0000] {logging_mixin.py:190} INFO - [2025-01-18T17:59:29.067+0000] {dag.py:4180} INFO - Setting next_dagrun for coleta_dados_abertos_cnpj to 2025-01-18 00:00:00+00:00, run_after=2025-01-19 00:00:00+00:00
[2025-01-18T17:59:29.079+0000] {processor.py:208} INFO - Processing /opt/airflow/dags/dag.py took 0.163 seconds
[2025-01-18T17:59:59.154+0000] {processor.py:186} INFO - Started process (PID=257) to work on /opt/airflow/dags/dag.py
[2025-01-18T17:59:59.155+0000] {processor.py:914} INFO - Processing file /opt/airflow/dags/dag.py for tasks to queue
[2025-01-18T17:59:59.156+0000] {logging_mixin.py:190} INFO - [2025-01-18T17:59:59.155+0000] {dagbag.py:588} INFO - Filling up the DagBag from /opt/airflow/dags/dag.py
[2025-01-18T17:59:59.171+0000] {processor.py:925} INFO - DAG(s) 'coleta_dados_abertos_cnpj' retrieved from /opt/airflow/dags/dag.py
[2025-01-18T17:59:59.190+0000] {logging_mixin.py:190} INFO - [2025-01-18T17:59:59.190+0000] {dag.py:3239} INFO - Sync 1 DAGs
[2025-01-18T17:59:59.209+0000] {logging_mixin.py:190} INFO - [2025-01-18T17:59:59.208+0000] {dag.py:4180} INFO - Setting next_dagrun for coleta_dados_abertos_cnpj to 2025-01-18 00:00:00+00:00, run_after=2025-01-19 00:00:00+00:00
[2025-01-18T17:59:59.223+0000] {processor.py:208} INFO - Processing /opt/airflow/dags/dag.py took 0.073 seconds
[2025-01-18T18:00:29.389+0000] {processor.py:186} INFO - Started process (PID=264) to work on /opt/airflow/dags/dag.py
[2025-01-18T18:00:29.389+0000] {processor.py:914} INFO - Processing file /opt/airflow/dags/dag.py for tasks to queue
[2025-01-18T18:00:29.390+0000] {logging_mixin.py:190} INFO - [2025-01-18T18:00:29.390+0000] {dagbag.py:588} INFO - Filling up the DagBag from /opt/airflow/dags/dag.py
[2025-01-18T18:00:29.406+0000] {processor.py:925} INFO - DAG(s) 'coleta_dados_abertos_cnpj' retrieved from /opt/airflow/dags/dag.py
[2025-01-18T18:00:29.423+0000] {logging_mixin.py:190} INFO - [2025-01-18T18:00:29.423+0000] {dag.py:3239} INFO - Sync 1 DAGs
[2025-01-18T18:00:29.439+0000] {logging_mixin.py:190} INFO - [2025-01-18T18:00:29.439+0000] {dag.py:4180} INFO - Setting next_dagrun for coleta_dados_abertos_cnpj to 2025-01-18 00:00:00+00:00, run_after=2025-01-19 00:00:00+00:00
[2025-01-18T18:00:29.453+0000] {processor.py:208} INFO - Processing /opt/airflow/dags/dag.py took 0.069 seconds
[2025-01-18T18:00:59.546+0000] {processor.py:186} INFO - Started process (PID=271) to work on /opt/airflow/dags/dag.py
[2025-01-18T18:00:59.547+0000] {processor.py:914} INFO - Processing file /opt/airflow/dags/dag.py for tasks to queue
[2025-01-18T18:00:59.548+0000] {logging_mixin.py:190} INFO - [2025-01-18T18:00:59.547+0000] {dagbag.py:588} INFO - Filling up the DagBag from /opt/airflow/dags/dag.py
[2025-01-18T18:00:59.562+0000] {processor.py:925} INFO - DAG(s) 'coleta_dados_abertos_cnpj' retrieved from /opt/airflow/dags/dag.py
[2025-01-18T18:00:59.578+0000] {logging_mixin.py:190} INFO - [2025-01-18T18:00:59.578+0000] {dag.py:3239} INFO - Sync 1 DAGs
[2025-01-18T18:00:59.592+0000] {logging_mixin.py:190} INFO - [2025-01-18T18:00:59.592+0000] {dag.py:4180} INFO - Setting next_dagrun for coleta_dados_abertos_cnpj to 2025-01-18 00:00:00+00:00, run_after=2025-01-19 00:00:00+00:00
[2025-01-18T18:00:59.704+0000] {processor.py:208} INFO - Processing /opt/airflow/dags/dag.py took 0.163 seconds
[2025-01-18T18:01:29.734+0000] {processor.py:186} INFO - Started process (PID=278) to work on /opt/airflow/dags/dag.py
[2025-01-18T18:01:29.735+0000] {processor.py:914} INFO - Processing file /opt/airflow/dags/dag.py for tasks to queue
[2025-01-18T18:01:29.736+0000] {logging_mixin.py:190} INFO - [2025-01-18T18:01:29.736+0000] {dagbag.py:588} INFO - Filling up the DagBag from /opt/airflow/dags/dag.py
[2025-01-18T18:01:29.751+0000] {processor.py:925} INFO - DAG(s) 'coleta_dados_abertos_cnpj' retrieved from /opt/airflow/dags/dag.py
[2025-01-18T18:01:29.767+0000] {logging_mixin.py:190} INFO - [2025-01-18T18:01:29.767+0000] {dag.py:3239} INFO - Sync 1 DAGs
[2025-01-18T18:01:29.882+0000] {logging_mixin.py:190} INFO - [2025-01-18T18:01:29.882+0000] {dag.py:4180} INFO - Setting next_dagrun for coleta_dados_abertos_cnpj to 2025-01-18 00:00:00+00:00, run_after=2025-01-19 00:00:00+00:00
[2025-01-18T18:01:29.894+0000] {processor.py:208} INFO - Processing /opt/airflow/dags/dag.py took 0.164 seconds
[2025-01-18T18:01:59.991+0000] {processor.py:186} INFO - Started process (PID=285) to work on /opt/airflow/dags/dag.py
[2025-01-18T18:01:59.992+0000] {processor.py:914} INFO - Processing file /opt/airflow/dags/dag.py for tasks to queue
[2025-01-18T18:01:59.993+0000] {logging_mixin.py:190} INFO - [2025-01-18T18:01:59.993+0000] {dagbag.py:588} INFO - Filling up the DagBag from /opt/airflow/dags/dag.py
[2025-01-18T18:02:00.007+0000] {processor.py:925} INFO - DAG(s) 'coleta_dados_abertos_cnpj' retrieved from /opt/airflow/dags/dag.py
[2025-01-18T18:02:00.030+0000] {logging_mixin.py:190} INFO - [2025-01-18T18:02:00.029+0000] {dag.py:3239} INFO - Sync 1 DAGs
[2025-01-18T18:02:00.150+0000] {logging_mixin.py:190} INFO - [2025-01-18T18:02:00.149+0000] {dag.py:4180} INFO - Setting next_dagrun for coleta_dados_abertos_cnpj to 2025-01-18 00:00:00+00:00, run_after=2025-01-19 00:00:00+00:00
[2025-01-18T18:02:00.162+0000] {processor.py:208} INFO - Processing /opt/airflow/dags/dag.py took 0.175 seconds
[2025-01-18T18:02:30.309+0000] {processor.py:186} INFO - Started process (PID=292) to work on /opt/airflow/dags/dag.py
[2025-01-18T18:02:30.310+0000] {processor.py:914} INFO - Processing file /opt/airflow/dags/dag.py for tasks to queue
[2025-01-18T18:02:30.311+0000] {logging_mixin.py:190} INFO - [2025-01-18T18:02:30.310+0000] {dagbag.py:588} INFO - Filling up the DagBag from /opt/airflow/dags/dag.py
[2025-01-18T18:02:30.325+0000] {processor.py:925} INFO - DAG(s) 'coleta_dados_abertos_cnpj' retrieved from /opt/airflow/dags/dag.py
[2025-01-18T18:02:30.341+0000] {logging_mixin.py:190} INFO - [2025-01-18T18:02:30.341+0000] {dag.py:3239} INFO - Sync 1 DAGs
[2025-01-18T18:02:30.357+0000] {logging_mixin.py:190} INFO - [2025-01-18T18:02:30.357+0000] {dag.py:4180} INFO - Setting next_dagrun for coleta_dados_abertos_cnpj to 2025-01-18 00:00:00+00:00, run_after=2025-01-19 00:00:00+00:00
[2025-01-18T18:02:30.369+0000] {processor.py:208} INFO - Processing /opt/airflow/dags/dag.py took 0.065 seconds
[2025-01-18T18:03:00.495+0000] {processor.py:186} INFO - Started process (PID=299) to work on /opt/airflow/dags/dag.py
[2025-01-18T18:03:00.496+0000] {processor.py:914} INFO - Processing file /opt/airflow/dags/dag.py for tasks to queue
[2025-01-18T18:03:00.497+0000] {logging_mixin.py:190} INFO - [2025-01-18T18:03:00.496+0000] {dagbag.py:588} INFO - Filling up the DagBag from /opt/airflow/dags/dag.py
[2025-01-18T18:03:00.514+0000] {processor.py:925} INFO - DAG(s) 'coleta_dados_abertos_cnpj' retrieved from /opt/airflow/dags/dag.py
[2025-01-18T18:03:00.530+0000] {logging_mixin.py:190} INFO - [2025-01-18T18:03:00.529+0000] {dag.py:3239} INFO - Sync 1 DAGs
[2025-01-18T18:03:00.546+0000] {logging_mixin.py:190} INFO - [2025-01-18T18:03:00.546+0000] {dag.py:4180} INFO - Setting next_dagrun for coleta_dados_abertos_cnpj to 2025-01-18 00:00:00+00:00, run_after=2025-01-19 00:00:00+00:00
[2025-01-18T18:03:00.558+0000] {processor.py:208} INFO - Processing /opt/airflow/dags/dag.py took 0.068 seconds
[2025-01-18T18:03:30.655+0000] {processor.py:186} INFO - Started process (PID=306) to work on /opt/airflow/dags/dag.py
[2025-01-18T18:03:30.655+0000] {processor.py:914} INFO - Processing file /opt/airflow/dags/dag.py for tasks to queue
[2025-01-18T18:03:30.656+0000] {logging_mixin.py:190} INFO - [2025-01-18T18:03:30.656+0000] {dagbag.py:588} INFO - Filling up the DagBag from /opt/airflow/dags/dag.py
[2025-01-18T18:03:30.676+0000] {processor.py:925} INFO - DAG(s) 'coleta_dados_abertos_cnpj' retrieved from /opt/airflow/dags/dag.py
[2025-01-18T18:03:30.696+0000] {logging_mixin.py:190} INFO - [2025-01-18T18:03:30.696+0000] {dag.py:3239} INFO - Sync 1 DAGs
[2025-01-18T18:03:30.712+0000] {logging_mixin.py:190} INFO - [2025-01-18T18:03:30.712+0000] {dag.py:4180} INFO - Setting next_dagrun for coleta_dados_abertos_cnpj to 2025-01-18 00:00:00+00:00, run_after=2025-01-19 00:00:00+00:00
[2025-01-18T18:03:30.726+0000] {processor.py:208} INFO - Processing /opt/airflow/dags/dag.py took 0.076 seconds
[2025-01-18T18:04:00.846+0000] {processor.py:186} INFO - Started process (PID=313) to work on /opt/airflow/dags/dag.py
[2025-01-18T18:04:00.847+0000] {processor.py:914} INFO - Processing file /opt/airflow/dags/dag.py for tasks to queue
[2025-01-18T18:04:00.848+0000] {logging_mixin.py:190} INFO - [2025-01-18T18:04:00.848+0000] {dagbag.py:588} INFO - Filling up the DagBag from /opt/airflow/dags/dag.py
[2025-01-18T18:04:00.863+0000] {processor.py:925} INFO - DAG(s) 'coleta_dados_abertos_cnpj' retrieved from /opt/airflow/dags/dag.py
[2025-01-18T18:04:00.879+0000] {logging_mixin.py:190} INFO - [2025-01-18T18:04:00.878+0000] {dag.py:3239} INFO - Sync 1 DAGs
[2025-01-18T18:04:00.894+0000] {logging_mixin.py:190} INFO - [2025-01-18T18:04:00.894+0000] {dag.py:4180} INFO - Setting next_dagrun for coleta_dados_abertos_cnpj to 2025-01-18 00:00:00+00:00, run_after=2025-01-19 00:00:00+00:00
[2025-01-18T18:04:01.008+0000] {processor.py:208} INFO - Processing /opt/airflow/dags/dag.py took 0.166 seconds
[2025-01-18T18:04:31.086+0000] {processor.py:186} INFO - Started process (PID=320) to work on /opt/airflow/dags/dag.py
[2025-01-18T18:04:31.086+0000] {processor.py:914} INFO - Processing file /opt/airflow/dags/dag.py for tasks to queue
[2025-01-18T18:04:31.087+0000] {logging_mixin.py:190} INFO - [2025-01-18T18:04:31.087+0000] {dagbag.py:588} INFO - Filling up the DagBag from /opt/airflow/dags/dag.py
[2025-01-18T18:04:31.102+0000] {processor.py:925} INFO - DAG(s) 'coleta_dados_abertos_cnpj' retrieved from /opt/airflow/dags/dag.py
[2025-01-18T18:04:31.118+0000] {logging_mixin.py:190} INFO - [2025-01-18T18:04:31.118+0000] {dag.py:3239} INFO - Sync 1 DAGs
[2025-01-18T18:04:31.237+0000] {logging_mixin.py:190} INFO - [2025-01-18T18:04:31.237+0000] {dag.py:4180} INFO - Setting next_dagrun for coleta_dados_abertos_cnpj to 2025-01-18 00:00:00+00:00, run_after=2025-01-19 00:00:00+00:00
[2025-01-18T18:04:31.249+0000] {processor.py:208} INFO - Processing /opt/airflow/dags/dag.py took 0.167 seconds
[2025-01-18T18:05:01.301+0000] {processor.py:186} INFO - Started process (PID=327) to work on /opt/airflow/dags/dag.py
[2025-01-18T18:05:01.301+0000] {processor.py:914} INFO - Processing file /opt/airflow/dags/dag.py for tasks to queue
[2025-01-18T18:05:01.302+0000] {logging_mixin.py:190} INFO - [2025-01-18T18:05:01.302+0000] {dagbag.py:588} INFO - Filling up the DagBag from /opt/airflow/dags/dag.py
[2025-01-18T18:05:01.317+0000] {processor.py:925} INFO - DAG(s) 'coleta_dados_abertos_cnpj' retrieved from /opt/airflow/dags/dag.py
[2025-01-18T18:05:01.334+0000] {logging_mixin.py:190} INFO - [2025-01-18T18:05:01.334+0000] {dag.py:3239} INFO - Sync 1 DAGs
[2025-01-18T18:05:01.448+0000] {logging_mixin.py:190} INFO - [2025-01-18T18:05:01.448+0000] {dag.py:4180} INFO - Setting next_dagrun for coleta_dados_abertos_cnpj to 2025-01-18 00:00:00+00:00, run_after=2025-01-19 00:00:00+00:00
[2025-01-18T18:05:01.460+0000] {processor.py:208} INFO - Processing /opt/airflow/dags/dag.py took 0.163 seconds
[2025-01-18T18:05:31.563+0000] {processor.py:186} INFO - Started process (PID=334) to work on /opt/airflow/dags/dag.py
[2025-01-18T18:05:31.564+0000] {processor.py:914} INFO - Processing file /opt/airflow/dags/dag.py for tasks to queue
[2025-01-18T18:05:31.566+0000] {logging_mixin.py:190} INFO - [2025-01-18T18:05:31.566+0000] {dagbag.py:588} INFO - Filling up the DagBag from /opt/airflow/dags/dag.py
[2025-01-18T18:05:31.594+0000] {processor.py:925} INFO - DAG(s) 'coleta_dados_abertos_cnpj' retrieved from /opt/airflow/dags/dag.py
[2025-01-18T18:05:31.619+0000] {logging_mixin.py:190} INFO - [2025-01-18T18:05:31.619+0000] {dag.py:3239} INFO - Sync 1 DAGs
[2025-01-18T18:05:31.636+0000] {logging_mixin.py:190} INFO - [2025-01-18T18:05:31.636+0000] {dag.py:4180} INFO - Setting next_dagrun for coleta_dados_abertos_cnpj to 2025-01-18 00:00:00+00:00, run_after=2025-01-19 00:00:00+00:00
[2025-01-18T18:05:31.652+0000] {processor.py:208} INFO - Processing /opt/airflow/dags/dag.py took 0.094 seconds
[2025-01-18T18:06:01.779+0000] {processor.py:186} INFO - Started process (PID=341) to work on /opt/airflow/dags/dag.py
[2025-01-18T18:06:01.780+0000] {processor.py:914} INFO - Processing file /opt/airflow/dags/dag.py for tasks to queue
[2025-01-18T18:06:01.781+0000] {logging_mixin.py:190} INFO - [2025-01-18T18:06:01.781+0000] {dagbag.py:588} INFO - Filling up the DagBag from /opt/airflow/dags/dag.py
[2025-01-18T18:06:01.799+0000] {processor.py:925} INFO - DAG(s) 'coleta_dados_abertos_cnpj' retrieved from /opt/airflow/dags/dag.py
[2025-01-18T18:06:01.816+0000] {logging_mixin.py:190} INFO - [2025-01-18T18:06:01.816+0000] {dag.py:3239} INFO - Sync 1 DAGs
[2025-01-18T18:06:01.833+0000] {logging_mixin.py:190} INFO - [2025-01-18T18:06:01.833+0000] {dag.py:4180} INFO - Setting next_dagrun for coleta_dados_abertos_cnpj to 2025-01-18 00:00:00+00:00, run_after=2025-01-19 00:00:00+00:00
[2025-01-18T18:06:01.887+0000] {processor.py:208} INFO - Processing /opt/airflow/dags/dag.py took 0.113 seconds
[2025-01-18T18:06:31.949+0000] {processor.py:186} INFO - Started process (PID=348) to work on /opt/airflow/dags/dag.py
[2025-01-18T18:06:31.950+0000] {processor.py:914} INFO - Processing file /opt/airflow/dags/dag.py for tasks to queue
[2025-01-18T18:06:31.950+0000] {logging_mixin.py:190} INFO - [2025-01-18T18:06:31.950+0000] {dagbag.py:588} INFO - Filling up the DagBag from /opt/airflow/dags/dag.py
[2025-01-18T18:06:31.967+0000] {processor.py:925} INFO - DAG(s) 'coleta_dados_abertos_cnpj' retrieved from /opt/airflow/dags/dag.py
[2025-01-18T18:06:31.985+0000] {logging_mixin.py:190} INFO - [2025-01-18T18:06:31.985+0000] {dag.py:3239} INFO - Sync 1 DAGs
[2025-01-18T18:06:32.001+0000] {logging_mixin.py:190} INFO - [2025-01-18T18:06:32.001+0000] {dag.py:4180} INFO - Setting next_dagrun for coleta_dados_abertos_cnpj to 2025-01-18 00:00:00+00:00, run_after=2025-01-19 00:00:00+00:00
[2025-01-18T18:06:32.045+0000] {processor.py:208} INFO - Processing /opt/airflow/dags/dag.py took 0.100 seconds
[2025-01-18T18:07:02.236+0000] {processor.py:186} INFO - Started process (PID=355) to work on /opt/airflow/dags/dag.py
[2025-01-18T18:07:02.237+0000] {processor.py:914} INFO - Processing file /opt/airflow/dags/dag.py for tasks to queue
[2025-01-18T18:07:02.238+0000] {logging_mixin.py:190} INFO - [2025-01-18T18:07:02.238+0000] {dagbag.py:588} INFO - Filling up the DagBag from /opt/airflow/dags/dag.py
[2025-01-18T18:07:02.252+0000] {processor.py:925} INFO - DAG(s) 'coleta_dados_abertos_cnpj' retrieved from /opt/airflow/dags/dag.py
[2025-01-18T18:07:02.267+0000] {logging_mixin.py:190} INFO - [2025-01-18T18:07:02.267+0000] {dag.py:3239} INFO - Sync 1 DAGs
[2025-01-18T18:07:02.378+0000] {logging_mixin.py:190} INFO - [2025-01-18T18:07:02.378+0000] {dag.py:4180} INFO - Setting next_dagrun for coleta_dados_abertos_cnpj to 2025-01-18 00:00:00+00:00, run_after=2025-01-19 00:00:00+00:00
[2025-01-18T18:07:02.395+0000] {processor.py:208} INFO - Processing /opt/airflow/dags/dag.py took 0.162 seconds
[2025-01-18T18:07:32.528+0000] {processor.py:186} INFO - Started process (PID=362) to work on /opt/airflow/dags/dag.py
[2025-01-18T18:07:32.529+0000] {processor.py:914} INFO - Processing file /opt/airflow/dags/dag.py for tasks to queue
[2025-01-18T18:07:32.530+0000] {logging_mixin.py:190} INFO - [2025-01-18T18:07:32.530+0000] {dagbag.py:588} INFO - Filling up the DagBag from /opt/airflow/dags/dag.py
[2025-01-18T18:07:32.542+0000] {processor.py:925} INFO - DAG(s) 'coleta_dados_abertos_cnpj' retrieved from /opt/airflow/dags/dag.py
[2025-01-18T18:07:32.557+0000] {logging_mixin.py:190} INFO - [2025-01-18T18:07:32.557+0000] {dag.py:3239} INFO - Sync 1 DAGs
[2025-01-18T18:07:32.665+0000] {logging_mixin.py:190} INFO - [2025-01-18T18:07:32.665+0000] {dag.py:4180} INFO - Setting next_dagrun for coleta_dados_abertos_cnpj to 2025-01-18 00:00:00+00:00, run_after=2025-01-19 00:00:00+00:00
[2025-01-18T18:07:32.675+0000] {processor.py:208} INFO - Processing /opt/airflow/dags/dag.py took 0.150 seconds
[2025-01-18T18:08:02.750+0000] {processor.py:186} INFO - Started process (PID=369) to work on /opt/airflow/dags/dag.py
[2025-01-18T18:08:02.750+0000] {processor.py:914} INFO - Processing file /opt/airflow/dags/dag.py for tasks to queue
[2025-01-18T18:08:02.751+0000] {logging_mixin.py:190} INFO - [2025-01-18T18:08:02.751+0000] {dagbag.py:588} INFO - Filling up the DagBag from /opt/airflow/dags/dag.py
[2025-01-18T18:08:02.762+0000] {processor.py:925} INFO - DAG(s) 'coleta_dados_abertos_cnpj' retrieved from /opt/airflow/dags/dag.py
[2025-01-18T18:08:02.868+0000] {logging_mixin.py:190} INFO - [2025-01-18T18:08:02.868+0000] {dag.py:3239} INFO - Sync 1 DAGs
[2025-01-18T18:08:02.881+0000] {logging_mixin.py:190} INFO - [2025-01-18T18:08:02.881+0000] {dag.py:4180} INFO - Setting next_dagrun for coleta_dados_abertos_cnpj to 2025-01-18 00:00:00+00:00, run_after=2025-01-19 00:00:00+00:00
[2025-01-18T18:08:02.891+0000] {processor.py:208} INFO - Processing /opt/airflow/dags/dag.py took 0.146 seconds
[2025-01-18T18:08:33.080+0000] {processor.py:186} INFO - Started process (PID=376) to work on /opt/airflow/dags/dag.py
[2025-01-18T18:08:33.080+0000] {processor.py:914} INFO - Processing file /opt/airflow/dags/dag.py for tasks to queue
[2025-01-18T18:08:33.081+0000] {logging_mixin.py:190} INFO - [2025-01-18T18:08:33.081+0000] {dagbag.py:588} INFO - Filling up the DagBag from /opt/airflow/dags/dag.py
[2025-01-18T18:08:33.094+0000] {processor.py:925} INFO - DAG(s) 'coleta_dados_abertos_cnpj' retrieved from /opt/airflow/dags/dag.py
[2025-01-18T18:08:33.108+0000] {logging_mixin.py:190} INFO - [2025-01-18T18:08:33.108+0000] {dag.py:3239} INFO - Sync 1 DAGs
[2025-01-18T18:08:33.122+0000] {logging_mixin.py:190} INFO - [2025-01-18T18:08:33.121+0000] {dag.py:4180} INFO - Setting next_dagrun for coleta_dados_abertos_cnpj to 2025-01-18 00:00:00+00:00, run_after=2025-01-19 00:00:00+00:00
[2025-01-18T18:08:33.133+0000] {processor.py:208} INFO - Processing /opt/airflow/dags/dag.py took 0.057 seconds
[2025-01-18T18:09:03.268+0000] {processor.py:186} INFO - Started process (PID=383) to work on /opt/airflow/dags/dag.py
[2025-01-18T18:09:03.269+0000] {processor.py:914} INFO - Processing file /opt/airflow/dags/dag.py for tasks to queue
[2025-01-18T18:09:03.270+0000] {logging_mixin.py:190} INFO - [2025-01-18T18:09:03.270+0000] {dagbag.py:588} INFO - Filling up the DagBag from /opt/airflow/dags/dag.py
[2025-01-18T18:09:03.285+0000] {processor.py:925} INFO - DAG(s) 'coleta_dados_abertos_cnpj' retrieved from /opt/airflow/dags/dag.py
[2025-01-18T18:09:03.300+0000] {logging_mixin.py:190} INFO - [2025-01-18T18:09:03.299+0000] {dag.py:3239} INFO - Sync 1 DAGs
[2025-01-18T18:09:03.315+0000] {logging_mixin.py:190} INFO - [2025-01-18T18:09:03.315+0000] {dag.py:4180} INFO - Setting next_dagrun for coleta_dados_abertos_cnpj to 2025-01-18 00:00:00+00:00, run_after=2025-01-19 00:00:00+00:00
[2025-01-18T18:09:03.328+0000] {processor.py:208} INFO - Processing /opt/airflow/dags/dag.py took 0.063 seconds
[2025-01-18T18:09:33.448+0000] {processor.py:186} INFO - Started process (PID=390) to work on /opt/airflow/dags/dag.py
[2025-01-18T18:09:33.449+0000] {processor.py:914} INFO - Processing file /opt/airflow/dags/dag.py for tasks to queue
[2025-01-18T18:09:33.450+0000] {logging_mixin.py:190} INFO - [2025-01-18T18:09:33.450+0000] {dagbag.py:588} INFO - Filling up the DagBag from /opt/airflow/dags/dag.py
[2025-01-18T18:09:33.465+0000] {processor.py:925} INFO - DAG(s) 'coleta_dados_abertos_cnpj' retrieved from /opt/airflow/dags/dag.py
[2025-01-18T18:09:33.481+0000] {logging_mixin.py:190} INFO - [2025-01-18T18:09:33.480+0000] {dag.py:3239} INFO - Sync 1 DAGs
[2025-01-18T18:09:33.495+0000] {logging_mixin.py:190} INFO - [2025-01-18T18:09:33.495+0000] {dag.py:4180} INFO - Setting next_dagrun for coleta_dados_abertos_cnpj to 2025-01-18 00:00:00+00:00, run_after=2025-01-19 00:00:00+00:00
[2025-01-18T18:09:33.608+0000] {processor.py:208} INFO - Processing /opt/airflow/dags/dag.py took 0.163 seconds
[2025-01-18T18:10:03.638+0000] {processor.py:186} INFO - Started process (PID=397) to work on /opt/airflow/dags/dag.py
[2025-01-18T18:10:03.639+0000] {processor.py:914} INFO - Processing file /opt/airflow/dags/dag.py for tasks to queue
[2025-01-18T18:10:03.640+0000] {logging_mixin.py:190} INFO - [2025-01-18T18:10:03.640+0000] {dagbag.py:588} INFO - Filling up the DagBag from /opt/airflow/dags/dag.py
[2025-01-18T18:10:03.656+0000] {processor.py:925} INFO - DAG(s) 'coleta_dados_abertos_cnpj' retrieved from /opt/airflow/dags/dag.py
[2025-01-18T18:10:03.674+0000] {logging_mixin.py:190} INFO - [2025-01-18T18:10:03.673+0000] {dag.py:3239} INFO - Sync 1 DAGs
[2025-01-18T18:10:03.796+0000] {logging_mixin.py:190} INFO - [2025-01-18T18:10:03.796+0000] {dag.py:4180} INFO - Setting next_dagrun for coleta_dados_abertos_cnpj to 2025-01-18 00:00:00+00:00, run_after=2025-01-19 00:00:00+00:00
[2025-01-18T18:10:03.810+0000] {processor.py:208} INFO - Processing /opt/airflow/dags/dag.py took 0.176 seconds
[2025-01-18T18:10:33.898+0000] {processor.py:186} INFO - Started process (PID=404) to work on /opt/airflow/dags/dag.py
[2025-01-18T18:10:33.899+0000] {processor.py:914} INFO - Processing file /opt/airflow/dags/dag.py for tasks to queue
[2025-01-18T18:10:33.900+0000] {logging_mixin.py:190} INFO - [2025-01-18T18:10:33.900+0000] {dagbag.py:588} INFO - Filling up the DagBag from /opt/airflow/dags/dag.py
[2025-01-18T18:10:33.917+0000] {processor.py:925} INFO - DAG(s) 'coleta_dados_abertos_cnpj' retrieved from /opt/airflow/dags/dag.py
[2025-01-18T18:10:33.934+0000] {logging_mixin.py:190} INFO - [2025-01-18T18:10:33.934+0000] {dag.py:3239} INFO - Sync 1 DAGs
[2025-01-18T18:10:34.047+0000] {logging_mixin.py:190} INFO - [2025-01-18T18:10:34.047+0000] {dag.py:4180} INFO - Setting next_dagrun for coleta_dados_abertos_cnpj to 2025-01-18 00:00:00+00:00, run_after=2025-01-19 00:00:00+00:00
[2025-01-18T18:10:34.060+0000] {processor.py:208} INFO - Processing /opt/airflow/dags/dag.py took 0.167 seconds
[2025-01-18T18:11:04.149+0000] {processor.py:186} INFO - Started process (PID=411) to work on /opt/airflow/dags/dag.py
[2025-01-18T18:11:04.149+0000] {processor.py:914} INFO - Processing file /opt/airflow/dags/dag.py for tasks to queue
[2025-01-18T18:11:04.150+0000] {logging_mixin.py:190} INFO - [2025-01-18T18:11:04.150+0000] {dagbag.py:588} INFO - Filling up the DagBag from /opt/airflow/dags/dag.py
[2025-01-18T18:11:04.165+0000] {processor.py:925} INFO - DAG(s) 'coleta_dados_abertos_cnpj' retrieved from /opt/airflow/dags/dag.py
[2025-01-18T18:11:04.285+0000] {logging_mixin.py:190} INFO - [2025-01-18T18:11:04.285+0000] {dag.py:3239} INFO - Sync 1 DAGs
[2025-01-18T18:11:04.301+0000] {logging_mixin.py:190} INFO - [2025-01-18T18:11:04.300+0000] {dag.py:4180} INFO - Setting next_dagrun for coleta_dados_abertos_cnpj to 2025-01-18 00:00:00+00:00, run_after=2025-01-19 00:00:00+00:00
[2025-01-18T18:11:04.316+0000] {processor.py:208} INFO - Processing /opt/airflow/dags/dag.py took 0.171 seconds
[2025-01-18T18:11:34.372+0000] {processor.py:186} INFO - Started process (PID=418) to work on /opt/airflow/dags/dag.py
[2025-01-18T18:11:34.373+0000] {processor.py:914} INFO - Processing file /opt/airflow/dags/dag.py for tasks to queue
[2025-01-18T18:11:34.374+0000] {logging_mixin.py:190} INFO - [2025-01-18T18:11:34.374+0000] {dagbag.py:588} INFO - Filling up the DagBag from /opt/airflow/dags/dag.py
[2025-01-18T18:11:34.391+0000] {processor.py:925} INFO - DAG(s) 'coleta_dados_abertos_cnpj' retrieved from /opt/airflow/dags/dag.py
[2025-01-18T18:11:34.410+0000] {logging_mixin.py:190} INFO - [2025-01-18T18:11:34.410+0000] {dag.py:3239} INFO - Sync 1 DAGs
[2025-01-18T18:11:34.425+0000] {logging_mixin.py:190} INFO - [2025-01-18T18:11:34.425+0000] {dag.py:4180} INFO - Setting next_dagrun for coleta_dados_abertos_cnpj to 2025-01-18 00:00:00+00:00, run_after=2025-01-19 00:00:00+00:00
[2025-01-18T18:11:34.436+0000] {processor.py:208} INFO - Processing /opt/airflow/dags/dag.py took 0.068 seconds
[2025-01-18T18:12:04.532+0000] {processor.py:186} INFO - Started process (PID=425) to work on /opt/airflow/dags/dag.py
[2025-01-18T18:12:04.532+0000] {processor.py:914} INFO - Processing file /opt/airflow/dags/dag.py for tasks to queue
[2025-01-18T18:12:04.533+0000] {logging_mixin.py:190} INFO - [2025-01-18T18:12:04.533+0000] {dagbag.py:588} INFO - Filling up the DagBag from /opt/airflow/dags/dag.py
[2025-01-18T18:12:04.548+0000] {processor.py:925} INFO - DAG(s) 'coleta_dados_abertos_cnpj' retrieved from /opt/airflow/dags/dag.py
[2025-01-18T18:12:04.563+0000] {logging_mixin.py:190} INFO - [2025-01-18T18:12:04.563+0000] {dag.py:3239} INFO - Sync 1 DAGs
[2025-01-18T18:12:04.578+0000] {logging_mixin.py:190} INFO - [2025-01-18T18:12:04.578+0000] {dag.py:4180} INFO - Setting next_dagrun for coleta_dados_abertos_cnpj to 2025-01-18 00:00:00+00:00, run_after=2025-01-19 00:00:00+00:00
[2025-01-18T18:12:04.591+0000] {processor.py:208} INFO - Processing /opt/airflow/dags/dag.py took 0.063 seconds
[2025-01-18T18:12:34.723+0000] {processor.py:186} INFO - Started process (PID=432) to work on /opt/airflow/dags/dag.py
[2025-01-18T18:12:34.724+0000] {processor.py:914} INFO - Processing file /opt/airflow/dags/dag.py for tasks to queue
[2025-01-18T18:12:34.725+0000] {logging_mixin.py:190} INFO - [2025-01-18T18:12:34.724+0000] {dagbag.py:588} INFO - Filling up the DagBag from /opt/airflow/dags/dag.py
[2025-01-18T18:12:34.740+0000] {processor.py:925} INFO - DAG(s) 'coleta_dados_abertos_cnpj' retrieved from /opt/airflow/dags/dag.py
[2025-01-18T18:12:34.756+0000] {logging_mixin.py:190} INFO - [2025-01-18T18:12:34.756+0000] {dag.py:3239} INFO - Sync 1 DAGs
[2025-01-18T18:12:34.771+0000] {logging_mixin.py:190} INFO - [2025-01-18T18:12:34.771+0000] {dag.py:4180} INFO - Setting next_dagrun for coleta_dados_abertos_cnpj to 2025-01-18 00:00:00+00:00, run_after=2025-01-19 00:00:00+00:00
[2025-01-18T18:12:34.889+0000] {processor.py:208} INFO - Processing /opt/airflow/dags/dag.py took 0.171 seconds
[2025-01-18T18:13:04.935+0000] {processor.py:186} INFO - Started process (PID=439) to work on /opt/airflow/dags/dag.py
[2025-01-18T18:13:04.936+0000] {processor.py:914} INFO - Processing file /opt/airflow/dags/dag.py for tasks to queue
[2025-01-18T18:13:04.937+0000] {logging_mixin.py:190} INFO - [2025-01-18T18:13:04.936+0000] {dagbag.py:588} INFO - Filling up the DagBag from /opt/airflow/dags/dag.py
[2025-01-18T18:13:04.957+0000] {processor.py:925} INFO - DAG(s) 'coleta_dados_abertos_cnpj' retrieved from /opt/airflow/dags/dag.py
[2025-01-18T18:13:04.975+0000] {logging_mixin.py:190} INFO - [2025-01-18T18:13:04.974+0000] {dag.py:3239} INFO - Sync 1 DAGs
[2025-01-18T18:13:05.083+0000] {logging_mixin.py:190} INFO - [2025-01-18T18:13:05.083+0000] {dag.py:4180} INFO - Setting next_dagrun for coleta_dados_abertos_cnpj to 2025-01-18 00:00:00+00:00, run_after=2025-01-19 00:00:00+00:00
[2025-01-18T18:13:05.095+0000] {processor.py:208} INFO - Processing /opt/airflow/dags/dag.py took 0.165 seconds
[2025-01-18T18:13:35.197+0000] {processor.py:186} INFO - Started process (PID=446) to work on /opt/airflow/dags/dag.py
[2025-01-18T18:13:35.197+0000] {processor.py:914} INFO - Processing file /opt/airflow/dags/dag.py for tasks to queue
[2025-01-18T18:13:35.198+0000] {logging_mixin.py:190} INFO - [2025-01-18T18:13:35.198+0000] {dagbag.py:588} INFO - Filling up the DagBag from /opt/airflow/dags/dag.py
[2025-01-18T18:13:35.213+0000] {processor.py:925} INFO - DAG(s) 'coleta_dados_abertos_cnpj' retrieved from /opt/airflow/dags/dag.py
[2025-01-18T18:13:35.229+0000] {logging_mixin.py:190} INFO - [2025-01-18T18:13:35.229+0000] {dag.py:3239} INFO - Sync 1 DAGs
[2025-01-18T18:13:35.343+0000] {logging_mixin.py:190} INFO - [2025-01-18T18:13:35.343+0000] {dag.py:4180} INFO - Setting next_dagrun for coleta_dados_abertos_cnpj to 2025-01-18 00:00:00+00:00, run_after=2025-01-19 00:00:00+00:00
[2025-01-18T18:13:35.354+0000] {processor.py:208} INFO - Processing /opt/airflow/dags/dag.py took 0.161 seconds
[2025-01-18T18:14:05.405+0000] {processor.py:186} INFO - Started process (PID=453) to work on /opt/airflow/dags/dag.py
[2025-01-18T18:14:05.406+0000] {processor.py:914} INFO - Processing file /opt/airflow/dags/dag.py for tasks to queue
[2025-01-18T18:14:05.407+0000] {logging_mixin.py:190} INFO - [2025-01-18T18:14:05.407+0000] {dagbag.py:588} INFO - Filling up the DagBag from /opt/airflow/dags/dag.py
[2025-01-18T18:14:05.420+0000] {processor.py:925} INFO - DAG(s) 'coleta_dados_abertos_cnpj' retrieved from /opt/airflow/dags/dag.py
[2025-01-18T18:14:05.537+0000] {logging_mixin.py:190} INFO - [2025-01-18T18:14:05.537+0000] {dag.py:3239} INFO - Sync 1 DAGs
[2025-01-18T18:14:05.550+0000] {logging_mixin.py:190} INFO - [2025-01-18T18:14:05.550+0000] {dag.py:4180} INFO - Setting next_dagrun for coleta_dados_abertos_cnpj to 2025-01-18 00:00:00+00:00, run_after=2025-01-19 00:00:00+00:00
[2025-01-18T18:14:05.562+0000] {processor.py:208} INFO - Processing /opt/airflow/dags/dag.py took 0.160 seconds
[2025-01-18T18:14:35.737+0000] {processor.py:186} INFO - Started process (PID=461) to work on /opt/airflow/dags/dag.py
[2025-01-18T18:14:35.738+0000] {processor.py:914} INFO - Processing file /opt/airflow/dags/dag.py for tasks to queue
[2025-01-18T18:14:35.739+0000] {logging_mixin.py:190} INFO - [2025-01-18T18:14:35.739+0000] {dagbag.py:588} INFO - Filling up the DagBag from /opt/airflow/dags/dag.py
[2025-01-18T18:14:35.754+0000] {processor.py:925} INFO - DAG(s) 'coleta_dados_abertos_cnpj' retrieved from /opt/airflow/dags/dag.py
[2025-01-18T18:14:35.770+0000] {logging_mixin.py:190} INFO - [2025-01-18T18:14:35.770+0000] {dag.py:3239} INFO - Sync 1 DAGs
[2025-01-18T18:14:35.786+0000] {logging_mixin.py:190} INFO - [2025-01-18T18:14:35.785+0000] {dag.py:4180} INFO - Setting next_dagrun for coleta_dados_abertos_cnpj to 2025-01-18 00:00:00+00:00, run_after=2025-01-19 00:00:00+00:00
[2025-01-18T18:14:35.798+0000] {processor.py:208} INFO - Processing /opt/airflow/dags/dag.py took 0.064 seconds
[2025-01-18T18:15:06.004+0000] {processor.py:186} INFO - Started process (PID=468) to work on /opt/airflow/dags/dag.py
[2025-01-18T18:15:06.004+0000] {processor.py:914} INFO - Processing file /opt/airflow/dags/dag.py for tasks to queue
[2025-01-18T18:15:06.005+0000] {logging_mixin.py:190} INFO - [2025-01-18T18:15:06.005+0000] {dagbag.py:588} INFO - Filling up the DagBag from /opt/airflow/dags/dag.py
[2025-01-18T18:15:06.017+0000] {processor.py:925} INFO - DAG(s) 'coleta_dados_abertos_cnpj' retrieved from /opt/airflow/dags/dag.py
[2025-01-18T18:15:06.031+0000] {logging_mixin.py:190} INFO - [2025-01-18T18:15:06.031+0000] {dag.py:3239} INFO - Sync 1 DAGs
[2025-01-18T18:15:06.046+0000] {logging_mixin.py:190} INFO - [2025-01-18T18:15:06.045+0000] {dag.py:4180} INFO - Setting next_dagrun for coleta_dados_abertos_cnpj to 2025-01-18 00:00:00+00:00, run_after=2025-01-19 00:00:00+00:00
[2025-01-18T18:15:06.057+0000] {processor.py:208} INFO - Processing /opt/airflow/dags/dag.py took 0.057 seconds
[2025-01-18T18:15:36.330+0000] {processor.py:186} INFO - Started process (PID=474) to work on /opt/airflow/dags/dag.py
[2025-01-18T18:15:36.330+0000] {processor.py:914} INFO - Processing file /opt/airflow/dags/dag.py for tasks to queue
[2025-01-18T18:15:36.331+0000] {logging_mixin.py:190} INFO - [2025-01-18T18:15:36.331+0000] {dagbag.py:588} INFO - Filling up the DagBag from /opt/airflow/dags/dag.py
[2025-01-18T18:15:36.345+0000] {processor.py:925} INFO - DAG(s) 'coleta_dados_abertos_cnpj' retrieved from /opt/airflow/dags/dag.py
[2025-01-18T18:15:36.361+0000] {logging_mixin.py:190} INFO - [2025-01-18T18:15:36.361+0000] {dag.py:3239} INFO - Sync 1 DAGs
[2025-01-18T18:15:36.477+0000] {logging_mixin.py:190} INFO - [2025-01-18T18:15:36.477+0000] {dag.py:4180} INFO - Setting next_dagrun for coleta_dados_abertos_cnpj to 2025-01-18 00:00:00+00:00, run_after=2025-01-19 00:00:00+00:00
[2025-01-18T18:15:36.490+0000] {processor.py:208} INFO - Processing /opt/airflow/dags/dag.py took 0.164 seconds
[2025-01-18T18:16:06.530+0000] {processor.py:186} INFO - Started process (PID=481) to work on /opt/airflow/dags/dag.py
[2025-01-18T18:16:06.530+0000] {processor.py:914} INFO - Processing file /opt/airflow/dags/dag.py for tasks to queue
[2025-01-18T18:16:06.531+0000] {logging_mixin.py:190} INFO - [2025-01-18T18:16:06.531+0000] {dagbag.py:588} INFO - Filling up the DagBag from /opt/airflow/dags/dag.py
[2025-01-18T18:16:06.544+0000] {processor.py:925} INFO - DAG(s) 'coleta_dados_abertos_cnpj' retrieved from /opt/airflow/dags/dag.py
[2025-01-18T18:16:06.559+0000] {logging_mixin.py:190} INFO - [2025-01-18T18:16:06.559+0000] {dag.py:3239} INFO - Sync 1 DAGs
[2025-01-18T18:16:06.669+0000] {logging_mixin.py:190} INFO - [2025-01-18T18:16:06.669+0000] {dag.py:4180} INFO - Setting next_dagrun for coleta_dados_abertos_cnpj to 2025-01-18 00:00:00+00:00, run_after=2025-01-19 00:00:00+00:00
[2025-01-18T18:16:06.679+0000] {processor.py:208} INFO - Processing /opt/airflow/dags/dag.py took 0.154 seconds
[2025-01-18T18:16:36.938+0000] {processor.py:186} INFO - Started process (PID=488) to work on /opt/airflow/dags/dag.py
[2025-01-18T18:16:36.939+0000] {processor.py:914} INFO - Processing file /opt/airflow/dags/dag.py for tasks to queue
[2025-01-18T18:16:36.940+0000] {logging_mixin.py:190} INFO - [2025-01-18T18:16:36.940+0000] {dagbag.py:588} INFO - Filling up the DagBag from /opt/airflow/dags/dag.py
[2025-01-18T18:16:36.955+0000] {processor.py:925} INFO - DAG(s) 'coleta_dados_abertos_cnpj' retrieved from /opt/airflow/dags/dag.py
[2025-01-18T18:16:37.070+0000] {logging_mixin.py:190} INFO - [2025-01-18T18:16:37.070+0000] {dag.py:3239} INFO - Sync 1 DAGs
[2025-01-18T18:16:37.082+0000] {logging_mixin.py:190} INFO - [2025-01-18T18:16:37.082+0000] {dag.py:4180} INFO - Setting next_dagrun for coleta_dados_abertos_cnpj to 2025-01-18 00:00:00+00:00, run_after=2025-01-19 00:00:00+00:00
[2025-01-18T18:16:37.092+0000] {processor.py:208} INFO - Processing /opt/airflow/dags/dag.py took 0.157 seconds
[2025-01-18T18:17:07.150+0000] {processor.py:186} INFO - Started process (PID=495) to work on /opt/airflow/dags/dag.py
[2025-01-18T18:17:07.150+0000] {processor.py:914} INFO - Processing file /opt/airflow/dags/dag.py for tasks to queue
[2025-01-18T18:17:07.151+0000] {logging_mixin.py:190} INFO - [2025-01-18T18:17:07.151+0000] {dagbag.py:588} INFO - Filling up the DagBag from /opt/airflow/dags/dag.py
[2025-01-18T18:17:07.251+0000] {processor.py:925} INFO - DAG(s) 'coleta_dados_abertos_cnpj' retrieved from /opt/airflow/dags/dag.py
[2025-01-18T18:17:07.265+0000] {logging_mixin.py:190} INFO - [2025-01-18T18:17:07.265+0000] {dag.py:3239} INFO - Sync 1 DAGs
[2025-01-18T18:17:07.288+0000] {logging_mixin.py:190} INFO - [2025-01-18T18:17:07.288+0000] {dag.py:4180} INFO - Setting next_dagrun for coleta_dados_abertos_cnpj to 2025-01-18 00:00:00+00:00, run_after=2025-01-19 00:00:00+00:00
[2025-01-18T18:17:07.341+0000] {processor.py:208} INFO - Processing /opt/airflow/dags/dag.py took 0.196 seconds
[2025-01-18T18:17:37.445+0000] {processor.py:186} INFO - Started process (PID=502) to work on /opt/airflow/dags/dag.py
[2025-01-18T18:17:37.445+0000] {processor.py:914} INFO - Processing file /opt/airflow/dags/dag.py for tasks to queue
[2025-01-18T18:17:37.446+0000] {logging_mixin.py:190} INFO - [2025-01-18T18:17:37.446+0000] {dagbag.py:588} INFO - Filling up the DagBag from /opt/airflow/dags/dag.py
[2025-01-18T18:17:37.460+0000] {processor.py:925} INFO - DAG(s) 'coleta_dados_abertos_cnpj' retrieved from /opt/airflow/dags/dag.py
[2025-01-18T18:17:37.481+0000] {logging_mixin.py:190} INFO - [2025-01-18T18:17:37.480+0000] {dag.py:3239} INFO - Sync 1 DAGs
[2025-01-18T18:17:37.494+0000] {logging_mixin.py:190} INFO - [2025-01-18T18:17:37.494+0000] {dag.py:4180} INFO - Setting next_dagrun for coleta_dados_abertos_cnpj to 2025-01-18 00:00:00+00:00, run_after=2025-01-19 00:00:00+00:00
[2025-01-18T18:17:37.505+0000] {processor.py:208} INFO - Processing /opt/airflow/dags/dag.py took 0.064 seconds
[2025-01-18T18:18:07.756+0000] {processor.py:186} INFO - Started process (PID=509) to work on /opt/airflow/dags/dag.py
[2025-01-18T18:18:07.756+0000] {processor.py:914} INFO - Processing file /opt/airflow/dags/dag.py for tasks to queue
[2025-01-18T18:18:07.757+0000] {logging_mixin.py:190} INFO - [2025-01-18T18:18:07.757+0000] {dagbag.py:588} INFO - Filling up the DagBag from /opt/airflow/dags/dag.py
[2025-01-18T18:18:07.769+0000] {processor.py:925} INFO - DAG(s) 'coleta_dados_abertos_cnpj' retrieved from /opt/airflow/dags/dag.py
[2025-01-18T18:18:07.784+0000] {logging_mixin.py:190} INFO - [2025-01-18T18:18:07.784+0000] {dag.py:3239} INFO - Sync 1 DAGs
[2025-01-18T18:18:07.799+0000] {logging_mixin.py:190} INFO - [2025-01-18T18:18:07.799+0000] {dag.py:4180} INFO - Setting next_dagrun for coleta_dados_abertos_cnpj to 2025-01-18 00:00:00+00:00, run_after=2025-01-19 00:00:00+00:00
[2025-01-18T18:18:07.812+0000] {processor.py:208} INFO - Processing /opt/airflow/dags/dag.py took 0.060 seconds
[2025-01-18T18:18:38.043+0000] {processor.py:186} INFO - Started process (PID=516) to work on /opt/airflow/dags/dag.py
[2025-01-18T18:18:38.044+0000] {processor.py:914} INFO - Processing file /opt/airflow/dags/dag.py for tasks to queue
[2025-01-18T18:18:38.045+0000] {logging_mixin.py:190} INFO - [2025-01-18T18:18:38.045+0000] {dagbag.py:588} INFO - Filling up the DagBag from /opt/airflow/dags/dag.py
[2025-01-18T18:18:38.059+0000] {processor.py:925} INFO - DAG(s) 'coleta_dados_abertos_cnpj' retrieved from /opt/airflow/dags/dag.py
[2025-01-18T18:18:38.076+0000] {logging_mixin.py:190} INFO - [2025-01-18T18:18:38.076+0000] {dag.py:3239} INFO - Sync 1 DAGs
[2025-01-18T18:18:38.091+0000] {logging_mixin.py:190} INFO - [2025-01-18T18:18:38.091+0000] {dag.py:4180} INFO - Setting next_dagrun for coleta_dados_abertos_cnpj to 2025-01-18 00:00:00+00:00, run_after=2025-01-19 00:00:00+00:00
[2025-01-18T18:18:38.103+0000] {processor.py:208} INFO - Processing /opt/airflow/dags/dag.py took 0.063 seconds
[2025-01-18T18:19:08.248+0000] {processor.py:186} INFO - Started process (PID=523) to work on /opt/airflow/dags/dag.py
[2025-01-18T18:19:08.249+0000] {processor.py:914} INFO - Processing file /opt/airflow/dags/dag.py for tasks to queue
[2025-01-18T18:19:08.249+0000] {logging_mixin.py:190} INFO - [2025-01-18T18:19:08.249+0000] {dagbag.py:588} INFO - Filling up the DagBag from /opt/airflow/dags/dag.py
[2025-01-18T18:19:08.260+0000] {processor.py:925} INFO - DAG(s) 'coleta_dados_abertos_cnpj' retrieved from /opt/airflow/dags/dag.py
[2025-01-18T18:19:08.276+0000] {logging_mixin.py:190} INFO - [2025-01-18T18:19:08.276+0000] {dag.py:3239} INFO - Sync 1 DAGs
[2025-01-18T18:19:08.293+0000] {logging_mixin.py:190} INFO - [2025-01-18T18:19:08.293+0000] {dag.py:4180} INFO - Setting next_dagrun for coleta_dados_abertos_cnpj to 2025-01-18 00:00:00+00:00, run_after=2025-01-19 00:00:00+00:00
[2025-01-18T18:19:08.307+0000] {processor.py:208} INFO - Processing /opt/airflow/dags/dag.py took 0.063 seconds
[2025-01-18T18:19:38.489+0000] {processor.py:186} INFO - Started process (PID=530) to work on /opt/airflow/dags/dag.py
[2025-01-18T18:19:38.490+0000] {processor.py:914} INFO - Processing file /opt/airflow/dags/dag.py for tasks to queue
[2025-01-18T18:19:38.491+0000] {logging_mixin.py:190} INFO - [2025-01-18T18:19:38.490+0000] {dagbag.py:588} INFO - Filling up the DagBag from /opt/airflow/dags/dag.py
[2025-01-18T18:19:38.506+0000] {processor.py:925} INFO - DAG(s) 'coleta_dados_abertos_cnpj' retrieved from /opt/airflow/dags/dag.py
[2025-01-18T18:19:38.523+0000] {logging_mixin.py:190} INFO - [2025-01-18T18:19:38.523+0000] {dag.py:3239} INFO - Sync 1 DAGs
[2025-01-18T18:19:38.538+0000] {logging_mixin.py:190} INFO - [2025-01-18T18:19:38.537+0000] {dag.py:4180} INFO - Setting next_dagrun for coleta_dados_abertos_cnpj to 2025-01-18 00:00:00+00:00, run_after=2025-01-19 00:00:00+00:00
[2025-01-18T18:19:38.548+0000] {processor.py:208} INFO - Processing /opt/airflow/dags/dag.py took 0.063 seconds
[2025-01-18T18:20:08.833+0000] {processor.py:186} INFO - Started process (PID=537) to work on /opt/airflow/dags/dag.py
[2025-01-18T18:20:08.834+0000] {processor.py:914} INFO - Processing file /opt/airflow/dags/dag.py for tasks to queue
[2025-01-18T18:20:08.835+0000] {logging_mixin.py:190} INFO - [2025-01-18T18:20:08.834+0000] {dagbag.py:588} INFO - Filling up the DagBag from /opt/airflow/dags/dag.py
[2025-01-18T18:20:08.847+0000] {processor.py:925} INFO - DAG(s) 'coleta_dados_abertos_cnpj' retrieved from /opt/airflow/dags/dag.py
[2025-01-18T18:20:08.861+0000] {logging_mixin.py:190} INFO - [2025-01-18T18:20:08.861+0000] {dag.py:3239} INFO - Sync 1 DAGs
[2025-01-18T18:20:08.876+0000] {logging_mixin.py:190} INFO - [2025-01-18T18:20:08.876+0000] {dag.py:4180} INFO - Setting next_dagrun for coleta_dados_abertos_cnpj to 2025-01-18 00:00:00+00:00, run_after=2025-01-19 00:00:00+00:00
[2025-01-18T18:20:08.887+0000] {processor.py:208} INFO - Processing /opt/airflow/dags/dag.py took 0.058 seconds
[2025-01-18T18:20:39.107+0000] {processor.py:186} INFO - Started process (PID=543) to work on /opt/airflow/dags/dag.py
[2025-01-18T18:20:39.108+0000] {processor.py:914} INFO - Processing file /opt/airflow/dags/dag.py for tasks to queue
[2025-01-18T18:20:39.108+0000] {logging_mixin.py:190} INFO - [2025-01-18T18:20:39.108+0000] {dagbag.py:588} INFO - Filling up the DagBag from /opt/airflow/dags/dag.py
[2025-01-18T18:20:39.120+0000] {processor.py:925} INFO - DAG(s) 'coleta_dados_abertos_cnpj' retrieved from /opt/airflow/dags/dag.py
[2025-01-18T18:20:39.136+0000] {logging_mixin.py:190} INFO - [2025-01-18T18:20:39.135+0000] {dag.py:3239} INFO - Sync 1 DAGs
[2025-01-18T18:20:39.149+0000] {logging_mixin.py:190} INFO - [2025-01-18T18:20:39.149+0000] {dag.py:4180} INFO - Setting next_dagrun for coleta_dados_abertos_cnpj to 2025-01-18 00:00:00+00:00, run_after=2025-01-19 00:00:00+00:00
[2025-01-18T18:20:39.161+0000] {processor.py:208} INFO - Processing /opt/airflow/dags/dag.py took 0.059 seconds
[2025-01-18T18:21:09.353+0000] {processor.py:186} INFO - Started process (PID=550) to work on /opt/airflow/dags/dag.py
[2025-01-18T18:21:09.353+0000] {processor.py:914} INFO - Processing file /opt/airflow/dags/dag.py for tasks to queue
[2025-01-18T18:21:09.354+0000] {logging_mixin.py:190} INFO - [2025-01-18T18:21:09.354+0000] {dagbag.py:588} INFO - Filling up the DagBag from /opt/airflow/dags/dag.py
[2025-01-18T18:21:09.366+0000] {processor.py:925} INFO - DAG(s) 'coleta_dados_abertos_cnpj' retrieved from /opt/airflow/dags/dag.py
[2025-01-18T18:21:09.380+0000] {logging_mixin.py:190} INFO - [2025-01-18T18:21:09.380+0000] {dag.py:3239} INFO - Sync 1 DAGs
[2025-01-18T18:21:09.395+0000] {logging_mixin.py:190} INFO - [2025-01-18T18:21:09.395+0000] {dag.py:4180} INFO - Setting next_dagrun for coleta_dados_abertos_cnpj to 2025-01-18 00:00:00+00:00, run_after=2025-01-19 00:00:00+00:00
[2025-01-18T18:21:09.406+0000] {processor.py:208} INFO - Processing /opt/airflow/dags/dag.py took 0.057 seconds
[2025-01-18T18:21:39.575+0000] {processor.py:186} INFO - Started process (PID=557) to work on /opt/airflow/dags/dag.py
[2025-01-18T18:21:39.576+0000] {processor.py:914} INFO - Processing file /opt/airflow/dags/dag.py for tasks to queue
[2025-01-18T18:21:39.577+0000] {logging_mixin.py:190} INFO - [2025-01-18T18:21:39.576+0000] {dagbag.py:588} INFO - Filling up the DagBag from /opt/airflow/dags/dag.py
[2025-01-18T18:21:39.588+0000] {processor.py:925} INFO - DAG(s) 'coleta_dados_abertos_cnpj' retrieved from /opt/airflow/dags/dag.py
[2025-01-18T18:21:39.602+0000] {logging_mixin.py:190} INFO - [2025-01-18T18:21:39.602+0000] {dag.py:3239} INFO - Sync 1 DAGs
[2025-01-18T18:21:39.617+0000] {logging_mixin.py:190} INFO - [2025-01-18T18:21:39.617+0000] {dag.py:4180} INFO - Setting next_dagrun for coleta_dados_abertos_cnpj to 2025-01-18 00:00:00+00:00, run_after=2025-01-19 00:00:00+00:00
[2025-01-18T18:21:39.628+0000] {processor.py:208} INFO - Processing /opt/airflow/dags/dag.py took 0.058 seconds
[2025-01-18T18:22:09.788+0000] {processor.py:186} INFO - Started process (PID=564) to work on /opt/airflow/dags/dag.py
[2025-01-18T18:22:09.788+0000] {processor.py:914} INFO - Processing file /opt/airflow/dags/dag.py for tasks to queue
[2025-01-18T18:22:09.789+0000] {logging_mixin.py:190} INFO - [2025-01-18T18:22:09.789+0000] {dagbag.py:588} INFO - Filling up the DagBag from /opt/airflow/dags/dag.py
[2025-01-18T18:22:09.801+0000] {processor.py:925} INFO - DAG(s) 'coleta_dados_abertos_cnpj' retrieved from /opt/airflow/dags/dag.py
[2025-01-18T18:22:09.817+0000] {logging_mixin.py:190} INFO - [2025-01-18T18:22:09.817+0000] {dag.py:3239} INFO - Sync 1 DAGs
[2025-01-18T18:22:09.831+0000] {logging_mixin.py:190} INFO - [2025-01-18T18:22:09.831+0000] {dag.py:4180} INFO - Setting next_dagrun for coleta_dados_abertos_cnpj to 2025-01-18 00:00:00+00:00, run_after=2025-01-19 00:00:00+00:00
[2025-01-18T18:22:09.842+0000] {processor.py:208} INFO - Processing /opt/airflow/dags/dag.py took 0.059 seconds
[2025-01-18T18:22:40.141+0000] {processor.py:186} INFO - Started process (PID=572) to work on /opt/airflow/dags/dag.py
[2025-01-18T18:22:40.142+0000] {processor.py:914} INFO - Processing file /opt/airflow/dags/dag.py for tasks to queue
[2025-01-18T18:22:40.143+0000] {logging_mixin.py:190} INFO - [2025-01-18T18:22:40.143+0000] {dagbag.py:588} INFO - Filling up the DagBag from /opt/airflow/dags/dag.py
[2025-01-18T18:22:40.156+0000] {processor.py:925} INFO - DAG(s) 'coleta_dados_abertos_cnpj' retrieved from /opt/airflow/dags/dag.py
[2025-01-18T18:22:40.172+0000] {logging_mixin.py:190} INFO - [2025-01-18T18:22:40.172+0000] {dag.py:3239} INFO - Sync 1 DAGs
[2025-01-18T18:22:40.189+0000] {logging_mixin.py:190} INFO - [2025-01-18T18:22:40.189+0000] {dag.py:4180} INFO - Setting next_dagrun for coleta_dados_abertos_cnpj to 2025-01-18 00:00:00+00:00, run_after=2025-01-19 00:00:00+00:00
[2025-01-18T18:22:40.201+0000] {processor.py:208} INFO - Processing /opt/airflow/dags/dag.py took 0.065 seconds
[2025-01-18T18:23:10.279+0000] {processor.py:186} INFO - Started process (PID=579) to work on /opt/airflow/dags/dag.py
[2025-01-18T18:23:10.279+0000] {processor.py:914} INFO - Processing file /opt/airflow/dags/dag.py for tasks to queue
[2025-01-18T18:23:10.280+0000] {logging_mixin.py:190} INFO - [2025-01-18T18:23:10.280+0000] {dagbag.py:588} INFO - Filling up the DagBag from /opt/airflow/dags/dag.py
[2025-01-18T18:23:10.293+0000] {processor.py:925} INFO - DAG(s) 'coleta_dados_abertos_cnpj' retrieved from /opt/airflow/dags/dag.py
[2025-01-18T18:23:10.309+0000] {logging_mixin.py:190} INFO - [2025-01-18T18:23:10.309+0000] {dag.py:3239} INFO - Sync 1 DAGs
[2025-01-18T18:23:10.325+0000] {logging_mixin.py:190} INFO - [2025-01-18T18:23:10.325+0000] {dag.py:4180} INFO - Setting next_dagrun for coleta_dados_abertos_cnpj to 2025-01-18 00:00:00+00:00, run_after=2025-01-19 00:00:00+00:00
[2025-01-18T18:23:10.337+0000] {processor.py:208} INFO - Processing /opt/airflow/dags/dag.py took 0.063 seconds
[2025-01-18T18:23:40.517+0000] {processor.py:186} INFO - Started process (PID=586) to work on /opt/airflow/dags/dag.py
[2025-01-18T18:23:40.518+0000] {processor.py:914} INFO - Processing file /opt/airflow/dags/dag.py for tasks to queue
[2025-01-18T18:23:40.518+0000] {logging_mixin.py:190} INFO - [2025-01-18T18:23:40.518+0000] {dagbag.py:588} INFO - Filling up the DagBag from /opt/airflow/dags/dag.py
[2025-01-18T18:23:40.532+0000] {processor.py:925} INFO - DAG(s) 'coleta_dados_abertos_cnpj' retrieved from /opt/airflow/dags/dag.py
[2025-01-18T18:23:40.547+0000] {logging_mixin.py:190} INFO - [2025-01-18T18:23:40.547+0000] {dag.py:3239} INFO - Sync 1 DAGs
[2025-01-18T18:23:40.563+0000] {logging_mixin.py:190} INFO - [2025-01-18T18:23:40.562+0000] {dag.py:4180} INFO - Setting next_dagrun for coleta_dados_abertos_cnpj to 2025-01-18 00:00:00+00:00, run_after=2025-01-19 00:00:00+00:00
[2025-01-18T18:23:40.575+0000] {processor.py:208} INFO - Processing /opt/airflow/dags/dag.py took 0.062 seconds
[2025-01-18T18:24:10.666+0000] {processor.py:186} INFO - Started process (PID=593) to work on /opt/airflow/dags/dag.py
[2025-01-18T18:24:10.667+0000] {processor.py:914} INFO - Processing file /opt/airflow/dags/dag.py for tasks to queue
[2025-01-18T18:24:10.668+0000] {logging_mixin.py:190} INFO - [2025-01-18T18:24:10.668+0000] {dagbag.py:588} INFO - Filling up the DagBag from /opt/airflow/dags/dag.py
[2025-01-18T18:24:10.680+0000] {processor.py:925} INFO - DAG(s) 'coleta_dados_abertos_cnpj' retrieved from /opt/airflow/dags/dag.py
[2025-01-18T18:24:10.695+0000] {logging_mixin.py:190} INFO - [2025-01-18T18:24:10.694+0000] {dag.py:3239} INFO - Sync 1 DAGs
[2025-01-18T18:24:10.710+0000] {logging_mixin.py:190} INFO - [2025-01-18T18:24:10.710+0000] {dag.py:4180} INFO - Setting next_dagrun for coleta_dados_abertos_cnpj to 2025-01-18 00:00:00+00:00, run_after=2025-01-19 00:00:00+00:00
[2025-01-18T18:24:10.726+0000] {processor.py:208} INFO - Processing /opt/airflow/dags/dag.py took 0.063 seconds
[2025-01-18T18:24:40.938+0000] {processor.py:186} INFO - Started process (PID=600) to work on /opt/airflow/dags/dag.py
[2025-01-18T18:24:40.939+0000] {processor.py:914} INFO - Processing file /opt/airflow/dags/dag.py for tasks to queue
[2025-01-18T18:24:40.940+0000] {logging_mixin.py:190} INFO - [2025-01-18T18:24:40.939+0000] {dagbag.py:588} INFO - Filling up the DagBag from /opt/airflow/dags/dag.py
[2025-01-18T18:24:40.954+0000] {processor.py:925} INFO - DAG(s) 'coleta_dados_abertos_cnpj' retrieved from /opt/airflow/dags/dag.py
[2025-01-18T18:24:40.968+0000] {logging_mixin.py:190} INFO - [2025-01-18T18:24:40.968+0000] {dag.py:3239} INFO - Sync 1 DAGs
[2025-01-18T18:24:40.982+0000] {logging_mixin.py:190} INFO - [2025-01-18T18:24:40.982+0000] {dag.py:4180} INFO - Setting next_dagrun for coleta_dados_abertos_cnpj to 2025-01-18 00:00:00+00:00, run_after=2025-01-19 00:00:00+00:00
[2025-01-18T18:24:40.993+0000] {processor.py:208} INFO - Processing /opt/airflow/dags/dag.py took 0.059 seconds
[2025-01-18T18:25:11.197+0000] {processor.py:186} INFO - Started process (PID=607) to work on /opt/airflow/dags/dag.py
[2025-01-18T18:25:11.198+0000] {processor.py:914} INFO - Processing file /opt/airflow/dags/dag.py for tasks to queue
[2025-01-18T18:25:11.199+0000] {logging_mixin.py:190} INFO - [2025-01-18T18:25:11.199+0000] {dagbag.py:588} INFO - Filling up the DagBag from /opt/airflow/dags/dag.py
[2025-01-18T18:25:11.213+0000] {processor.py:925} INFO - DAG(s) 'coleta_dados_abertos_cnpj' retrieved from /opt/airflow/dags/dag.py
[2025-01-18T18:25:11.228+0000] {logging_mixin.py:190} INFO - [2025-01-18T18:25:11.228+0000] {dag.py:3239} INFO - Sync 1 DAGs
[2025-01-18T18:25:11.243+0000] {logging_mixin.py:190} INFO - [2025-01-18T18:25:11.243+0000] {dag.py:4180} INFO - Setting next_dagrun for coleta_dados_abertos_cnpj to 2025-01-18 00:00:00+00:00, run_after=2025-01-19 00:00:00+00:00
[2025-01-18T18:25:11.255+0000] {processor.py:208} INFO - Processing /opt/airflow/dags/dag.py took 0.062 seconds
[2025-01-18T18:25:41.367+0000] {processor.py:186} INFO - Started process (PID=614) to work on /opt/airflow/dags/dag.py
[2025-01-18T18:25:41.368+0000] {processor.py:914} INFO - Processing file /opt/airflow/dags/dag.py for tasks to queue
[2025-01-18T18:25:41.369+0000] {logging_mixin.py:190} INFO - [2025-01-18T18:25:41.369+0000] {dagbag.py:588} INFO - Filling up the DagBag from /opt/airflow/dags/dag.py
[2025-01-18T18:25:41.384+0000] {processor.py:925} INFO - DAG(s) 'coleta_dados_abertos_cnpj' retrieved from /opt/airflow/dags/dag.py
[2025-01-18T18:25:41.402+0000] {logging_mixin.py:190} INFO - [2025-01-18T18:25:41.402+0000] {dag.py:3239} INFO - Sync 1 DAGs
[2025-01-18T18:25:41.420+0000] {logging_mixin.py:190} INFO - [2025-01-18T18:25:41.419+0000] {dag.py:4180} INFO - Setting next_dagrun for coleta_dados_abertos_cnpj to 2025-01-18 00:00:00+00:00, run_after=2025-01-19 00:00:00+00:00
[2025-01-18T18:25:41.437+0000] {processor.py:208} INFO - Processing /opt/airflow/dags/dag.py took 0.073 seconds
[2025-01-18T18:26:11.574+0000] {processor.py:186} INFO - Started process (PID=621) to work on /opt/airflow/dags/dag.py
[2025-01-18T18:26:11.575+0000] {processor.py:914} INFO - Processing file /opt/airflow/dags/dag.py for tasks to queue
[2025-01-18T18:26:11.576+0000] {logging_mixin.py:190} INFO - [2025-01-18T18:26:11.576+0000] {dagbag.py:588} INFO - Filling up the DagBag from /opt/airflow/dags/dag.py
[2025-01-18T18:26:11.594+0000] {processor.py:925} INFO - DAG(s) 'coleta_dados_abertos_cnpj' retrieved from /opt/airflow/dags/dag.py
[2025-01-18T18:26:11.609+0000] {logging_mixin.py:190} INFO - [2025-01-18T18:26:11.608+0000] {dag.py:3239} INFO - Sync 1 DAGs
[2025-01-18T18:26:11.623+0000] {logging_mixin.py:190} INFO - [2025-01-18T18:26:11.623+0000] {dag.py:4180} INFO - Setting next_dagrun for coleta_dados_abertos_cnpj to 2025-01-18 00:00:00+00:00, run_after=2025-01-19 00:00:00+00:00
[2025-01-18T18:26:11.634+0000] {processor.py:208} INFO - Processing /opt/airflow/dags/dag.py took 0.065 seconds
[2025-01-18T18:26:41.776+0000] {processor.py:186} INFO - Started process (PID=628) to work on /opt/airflow/dags/dag.py
[2025-01-18T18:26:41.777+0000] {processor.py:914} INFO - Processing file /opt/airflow/dags/dag.py for tasks to queue
[2025-01-18T18:26:41.778+0000] {logging_mixin.py:190} INFO - [2025-01-18T18:26:41.778+0000] {dagbag.py:588} INFO - Filling up the DagBag from /opt/airflow/dags/dag.py
[2025-01-18T18:26:41.797+0000] {processor.py:925} INFO - DAG(s) 'coleta_dados_abertos_cnpj' retrieved from /opt/airflow/dags/dag.py
[2025-01-18T18:26:41.815+0000] {logging_mixin.py:190} INFO - [2025-01-18T18:26:41.815+0000] {dag.py:3239} INFO - Sync 1 DAGs
[2025-01-18T18:26:41.831+0000] {logging_mixin.py:190} INFO - [2025-01-18T18:26:41.830+0000] {dag.py:4180} INFO - Setting next_dagrun for coleta_dados_abertos_cnpj to 2025-01-18 00:00:00+00:00, run_after=2025-01-19 00:00:00+00:00
[2025-01-18T18:26:41.843+0000] {processor.py:208} INFO - Processing /opt/airflow/dags/dag.py took 0.072 seconds
[2025-01-18T18:27:12.065+0000] {processor.py:186} INFO - Started process (PID=635) to work on /opt/airflow/dags/dag.py
[2025-01-18T18:27:12.066+0000] {processor.py:914} INFO - Processing file /opt/airflow/dags/dag.py for tasks to queue
[2025-01-18T18:27:12.067+0000] {logging_mixin.py:190} INFO - [2025-01-18T18:27:12.067+0000] {dagbag.py:588} INFO - Filling up the DagBag from /opt/airflow/dags/dag.py
[2025-01-18T18:27:12.082+0000] {processor.py:925} INFO - DAG(s) 'coleta_dados_abertos_cnpj' retrieved from /opt/airflow/dags/dag.py
[2025-01-18T18:27:12.098+0000] {logging_mixin.py:190} INFO - [2025-01-18T18:27:12.098+0000] {dag.py:3239} INFO - Sync 1 DAGs
[2025-01-18T18:27:12.113+0000] {logging_mixin.py:190} INFO - [2025-01-18T18:27:12.113+0000] {dag.py:4180} INFO - Setting next_dagrun for coleta_dados_abertos_cnpj to 2025-01-18 00:00:00+00:00, run_after=2025-01-19 00:00:00+00:00
[2025-01-18T18:27:12.126+0000] {processor.py:208} INFO - Processing /opt/airflow/dags/dag.py took 0.065 seconds
[2025-01-18T18:27:42.292+0000] {processor.py:186} INFO - Started process (PID=642) to work on /opt/airflow/dags/dag.py
[2025-01-18T18:27:42.293+0000] {processor.py:914} INFO - Processing file /opt/airflow/dags/dag.py for tasks to queue
[2025-01-18T18:27:42.294+0000] {logging_mixin.py:190} INFO - [2025-01-18T18:27:42.293+0000] {dagbag.py:588} INFO - Filling up the DagBag from /opt/airflow/dags/dag.py
[2025-01-18T18:27:42.312+0000] {processor.py:925} INFO - DAG(s) 'coleta_dados_abertos_cnpj' retrieved from /opt/airflow/dags/dag.py
[2025-01-18T18:27:42.330+0000] {logging_mixin.py:190} INFO - [2025-01-18T18:27:42.330+0000] {dag.py:3239} INFO - Sync 1 DAGs
[2025-01-18T18:27:42.345+0000] {logging_mixin.py:190} INFO - [2025-01-18T18:27:42.345+0000] {dag.py:4180} INFO - Setting next_dagrun for coleta_dados_abertos_cnpj to 2025-01-18 00:00:00+00:00, run_after=2025-01-19 00:00:00+00:00
[2025-01-18T18:27:42.357+0000] {processor.py:208} INFO - Processing /opt/airflow/dags/dag.py took 0.069 seconds
[2025-01-18T18:28:12.493+0000] {processor.py:186} INFO - Started process (PID=649) to work on /opt/airflow/dags/dag.py
[2025-01-18T18:28:12.494+0000] {processor.py:914} INFO - Processing file /opt/airflow/dags/dag.py for tasks to queue
[2025-01-18T18:28:12.494+0000] {logging_mixin.py:190} INFO - [2025-01-18T18:28:12.494+0000] {dagbag.py:588} INFO - Filling up the DagBag from /opt/airflow/dags/dag.py
[2025-01-18T18:28:12.510+0000] {processor.py:925} INFO - DAG(s) 'coleta_dados_abertos_cnpj' retrieved from /opt/airflow/dags/dag.py
[2025-01-18T18:28:12.526+0000] {logging_mixin.py:190} INFO - [2025-01-18T18:28:12.526+0000] {dag.py:3239} INFO - Sync 1 DAGs
[2025-01-18T18:28:12.543+0000] {logging_mixin.py:190} INFO - [2025-01-18T18:28:12.543+0000] {dag.py:4180} INFO - Setting next_dagrun for coleta_dados_abertos_cnpj to 2025-01-18 00:00:00+00:00, run_after=2025-01-19 00:00:00+00:00
[2025-01-18T18:28:12.557+0000] {processor.py:208} INFO - Processing /opt/airflow/dags/dag.py took 0.068 seconds
[2025-01-18T18:28:42.755+0000] {processor.py:186} INFO - Started process (PID=656) to work on /opt/airflow/dags/dag.py
[2025-01-18T18:28:42.757+0000] {processor.py:914} INFO - Processing file /opt/airflow/dags/dag.py for tasks to queue
[2025-01-18T18:28:42.758+0000] {logging_mixin.py:190} INFO - [2025-01-18T18:28:42.757+0000] {dagbag.py:588} INFO - Filling up the DagBag from /opt/airflow/dags/dag.py
[2025-01-18T18:28:42.779+0000] {processor.py:925} INFO - DAG(s) 'coleta_dados_abertos_cnpj' retrieved from /opt/airflow/dags/dag.py
[2025-01-18T18:28:42.803+0000] {logging_mixin.py:190} INFO - [2025-01-18T18:28:42.802+0000] {dag.py:3239} INFO - Sync 1 DAGs
[2025-01-18T18:28:42.820+0000] {logging_mixin.py:190} INFO - [2025-01-18T18:28:42.820+0000] {dag.py:4180} INFO - Setting next_dagrun for coleta_dados_abertos_cnpj to 2025-01-18 00:00:00+00:00, run_after=2025-01-19 00:00:00+00:00
[2025-01-18T18:28:42.832+0000] {processor.py:208} INFO - Processing /opt/airflow/dags/dag.py took 0.082 seconds
