[2025-01-19T20:07:02.310+0000] {local_task_job_runner.py:123} INFO - ::group::Pre task execution logs
[2025-01-19T20:07:02.322+0000] {taskinstance.py:2613} INFO - Dependencies all met for dep_context=non-requeueable deps ti=<TaskInstance: coleta_dados_abertos_cnpj.transform_cnaes scheduled__2024-09-10T00:00:00+00:00 [queued]>
[2025-01-19T20:07:02.327+0000] {taskinstance.py:2613} INFO - Dependencies all met for dep_context=requeueable deps ti=<TaskInstance: coleta_dados_abertos_cnpj.transform_cnaes scheduled__2024-09-10T00:00:00+00:00 [queued]>
[2025-01-19T20:07:02.328+0000] {taskinstance.py:2866} INFO - Starting attempt 1 of 2
[2025-01-19T20:07:02.447+0000] {taskinstance.py:2889} INFO - Executing <Task(PythonOperator): transform_cnaes> on 2024-09-10 00:00:00+00:00
[2025-01-19T20:07:02.452+0000] {warnings.py:112} WARNING - /home/***/.local/lib/python3.12/site-packages/***/task/task_runner/standard_task_runner.py:70: DeprecationWarning: This process (pid=364) is multi-threaded, use of fork() may lead to deadlocks in the child.
  pid = os.fork()

[2025-01-19T20:07:02.453+0000] {standard_task_runner.py:72} INFO - Started process 368 to run task
[2025-01-19T20:07:02.453+0000] {standard_task_runner.py:104} INFO - Running: ['***', 'tasks', 'run', 'coleta_dados_abertos_cnpj', 'transform_cnaes', 'scheduled__2024-09-10T00:00:00+00:00', '--job-id', '94', '--raw', '--subdir', 'DAGS_FOLDER/coleta_dados_abertos_cnpj/dag.py', '--cfg-path', '/tmp/tmp78c_lehk']
[2025-01-19T20:07:02.454+0000] {standard_task_runner.py:105} INFO - Job 94: Subtask transform_cnaes
[2025-01-19T20:07:02.482+0000] {task_command.py:467} INFO - Running <TaskInstance: coleta_dados_abertos_cnpj.transform_cnaes scheduled__2024-09-10T00:00:00+00:00 [running]> on host 659dab735c6e
[2025-01-19T20:07:02.536+0000] {taskinstance.py:3132} INFO - Exporting env vars: AIRFLOW_CTX_DAG_OWNER='Corvaum' AIRFLOW_CTX_DAG_ID='coleta_dados_abertos_cnpj' AIRFLOW_CTX_TASK_ID='transform_cnaes' AIRFLOW_CTX_EXECUTION_DATE='2024-09-10T00:00:00+00:00' AIRFLOW_CTX_TRY_NUMBER='1' AIRFLOW_CTX_DAG_RUN_ID='scheduled__2024-09-10T00:00:00+00:00'
[2025-01-19T20:07:02.537+0000] {taskinstance.py:731} INFO - ::endgroup::
[2025-01-19T20:07:02.544+0000] {logging_mixin.py:190} INFO - cnaes
[2025-01-19T20:07:02.545+0000] {python.py:240} INFO - Done. Returned value was: None
[2025-01-19T20:07:02.550+0000] {taskinstance.py:340} INFO - ::group::Post task execution logs
[2025-01-19T20:07:02.550+0000] {taskinstance.py:352} INFO - Marking task as SUCCESS. dag_id=coleta_dados_abertos_cnpj, task_id=transform_cnaes, run_id=scheduled__2024-09-10T00:00:00+00:00, execution_date=20240910T000000, start_date=20250119T200702, end_date=20250119T200702
[2025-01-19T20:07:02.586+0000] {local_task_job_runner.py:266} INFO - Task exited with return code 0
[2025-01-19T20:07:02.598+0000] {taskinstance.py:3895} INFO - 1 downstream tasks scheduled from follow-on schedule check
[2025-01-19T20:07:02.603+0000] {local_task_job_runner.py:245} INFO - ::endgroup::
[2025-01-24T19:03:14.941+0000] {local_task_job_runner.py:123} INFO - ::group::Pre task execution logs
[2025-01-24T19:03:14.953+0000] {taskinstance.py:2613} INFO - Dependencies all met for dep_context=non-requeueable deps ti=<TaskInstance: coleta_dados_abertos_cnpj.transform_cnaes scheduled__2024-09-10T00:00:00+00:00 [queued]>
[2025-01-24T19:03:14.960+0000] {taskinstance.py:2613} INFO - Dependencies all met for dep_context=requeueable deps ti=<TaskInstance: coleta_dados_abertos_cnpj.transform_cnaes scheduled__2024-09-10T00:00:00+00:00 [queued]>
[2025-01-24T19:03:14.960+0000] {taskinstance.py:2866} INFO - Starting attempt 1 of 2
[2025-01-24T19:03:14.968+0000] {taskinstance.py:2889} INFO - Executing <Task(PythonOperator): transform_cnaes> on 2024-09-10 00:00:00+00:00
[2025-01-24T19:03:14.971+0000] {warnings.py:112} WARNING - /home/***/.local/lib/python3.12/site-packages/***/task/task_runner/standard_task_runner.py:70: DeprecationWarning: This process (pid=1438) is multi-threaded, use of fork() may lead to deadlocks in the child.
  pid = os.fork()

[2025-01-24T19:03:14.972+0000] {standard_task_runner.py:72} INFO - Started process 1447 to run task
[2025-01-24T19:03:14.972+0000] {standard_task_runner.py:104} INFO - Running: ['***', 'tasks', 'run', 'coleta_dados_abertos_cnpj', 'transform_cnaes', 'scheduled__2024-09-10T00:00:00+00:00', '--job-id', '616', '--raw', '--subdir', 'DAGS_FOLDER/coleta_dados_abertos_cnpj/dag.py', '--cfg-path', '/tmp/tmpipexjvxl']
[2025-01-24T19:03:14.974+0000] {standard_task_runner.py:105} INFO - Job 616: Subtask transform_cnaes
[2025-01-24T19:03:15.003+0000] {task_command.py:467} INFO - Running <TaskInstance: coleta_dados_abertos_cnpj.transform_cnaes scheduled__2024-09-10T00:00:00+00:00 [running]> on host ee70781c29c7
[2025-01-24T19:03:15.060+0000] {taskinstance.py:3132} INFO - Exporting env vars: AIRFLOW_CTX_DAG_OWNER='Corvaum' AIRFLOW_CTX_DAG_ID='coleta_dados_abertos_cnpj' AIRFLOW_CTX_TASK_ID='transform_cnaes' AIRFLOW_CTX_EXECUTION_DATE='2024-09-10T00:00:00+00:00' AIRFLOW_CTX_TRY_NUMBER='1' AIRFLOW_CTX_DAG_RUN_ID='scheduled__2024-09-10T00:00:00+00:00'
[2025-01-24T19:03:15.060+0000] {taskinstance.py:731} INFO - ::endgroup::
[2025-01-24T19:03:15.069+0000] {logging_mixin.py:190} INFO - cnaes
[2025-01-24T19:03:15.070+0000] {python.py:240} INFO - Done. Returned value was: None
[2025-01-24T19:03:15.076+0000] {taskinstance.py:340} INFO - ::group::Post task execution logs
[2025-01-24T19:03:15.077+0000] {taskinstance.py:352} INFO - Marking task as SUCCESS. dag_id=coleta_dados_abertos_cnpj, task_id=transform_cnaes, run_id=scheduled__2024-09-10T00:00:00+00:00, execution_date=20240910T000000, start_date=20250124T190314, end_date=20250124T190315
[2025-01-24T19:03:15.105+0000] {local_task_job_runner.py:266} INFO - Task exited with return code 0
[2025-01-24T19:03:15.120+0000] {taskinstance.py:3895} INFO - 0 downstream tasks scheduled from follow-on schedule check
[2025-01-24T19:03:15.122+0000] {local_task_job_runner.py:245} INFO - ::endgroup::
