[2025-01-24T18:38:35.578+0000] {local_task_job_runner.py:123} INFO - ::group::Pre task execution logs
[2025-01-24T18:38:35.585+0000] {taskinstance.py:2613} INFO - Dependencies all met for dep_context=non-requeueable deps ti=<TaskInstance: coleta_dados_abertos_cnpj.extract manual__2025-01-24T07:07:34.995232+00:00 [queued]>
[2025-01-24T18:38:35.589+0000] {taskinstance.py:2613} INFO - Dependencies all met for dep_context=requeueable deps ti=<TaskInstance: coleta_dados_abertos_cnpj.extract manual__2025-01-24T07:07:34.995232+00:00 [queued]>
[2025-01-24T18:38:35.589+0000] {taskinstance.py:2866} INFO - Starting attempt 4 of 4
[2025-01-24T18:38:35.630+0000] {taskinstance.py:2889} INFO - Executing <Task(PythonOperator): extract> on 2025-01-24 07:07:34.995232+00:00
[2025-01-24T18:38:35.634+0000] {warnings.py:112} WARNING - /home/***/.local/lib/python3.12/site-packages/***/task/task_runner/standard_task_runner.py:70: DeprecationWarning: This process (pid=242) is multi-threaded, use of fork() may lead to deadlocks in the child.
  pid = os.fork()

[2025-01-24T18:38:35.635+0000] {standard_task_runner.py:72} INFO - Started process 244 to run task
[2025-01-24T18:38:35.635+0000] {standard_task_runner.py:104} INFO - Running: ['***', 'tasks', 'run', 'coleta_dados_abertos_cnpj', 'extract', 'manual__2025-01-24T07:07:34.995232+00:00', '--job-id', '338', '--raw', '--subdir', 'DAGS_FOLDER/coleta_dados_abertos_cnpj/dag.py', '--cfg-path', '/tmp/tmp__jn_25o']
[2025-01-24T18:38:35.636+0000] {standard_task_runner.py:105} INFO - Job 338: Subtask extract
[2025-01-24T18:38:35.659+0000] {task_command.py:467} INFO - Running <TaskInstance: coleta_dados_abertos_cnpj.extract manual__2025-01-24T07:07:34.995232+00:00 [running]> on host ee70781c29c7
[2025-01-24T18:38:35.695+0000] {taskinstance.py:3132} INFO - Exporting env vars: AIRFLOW_CTX_DAG_OWNER='Corvaum' AIRFLOW_CTX_DAG_ID='coleta_dados_abertos_cnpj' AIRFLOW_CTX_TASK_ID='extract' AIRFLOW_CTX_EXECUTION_DATE='2025-01-24T07:07:34.995232+00:00' AIRFLOW_CTX_TRY_NUMBER='4' AIRFLOW_CTX_DAG_RUN_ID='manual__2025-01-24T07:07:34.995232+00:00'
[2025-01-24T18:38:35.696+0000] {taskinstance.py:731} INFO - ::endgroup::
[2025-01-24T18:38:35.703+0000] {logging_mixin.py:190} INFO - Data formatada: 2025-01
[2025-01-24T18:38:35.954+0000] {logging_mixin.py:190} INFO - -----------------
[2025-01-24T18:38:35.955+0000] {logging_mixin.py:190} INFO - Arquivos encontrados: ['Cnaes.zip', 'Empresas0.zip', 'Empresas1.zip', 'Empresas2.zip', 'Empresas3.zip', 'Empresas4.zip', 'Empresas5.zip', 'Empresas6.zip', 'Empresas7.zip', 'Empresas8.zip', 'Empresas9.zip', 'Estabelecimentos0.zip', 'Estabelecimentos1.zip', 'Estabelecimentos2.zip', 'Estabelecimentos3.zip', 'Estabelecimentos4.zip', 'Estabelecimentos5.zip', 'Estabelecimentos6.zip', 'Estabelecimentos7.zip', 'Estabelecimentos8.zip', 'Estabelecimentos9.zip', 'Motivos.zip', 'Municipios.zip', 'Naturezas.zip', 'Paises.zip', 'Qualificacoes.zip', 'Simples.zip', 'Socios0.zip', 'Socios1.zip', 'Socios2.zip', 'Socios3.zip', 'Socios4.zip', 'Socios5.zip', 'Socios6.zip', 'Socios7.zip', 'Socios8.zip', 'Socios9.zip']
[2025-01-24T18:38:35.955+0000] {logging_mixin.py:190} INFO - Iniciando o download de: https://arquivos.receitafederal.gov.br/dados/cnpj/dados_abertos_cnpj/2025-01/Cnaes.zip
[2025-01-24T18:38:36.109+0000] {logging_mixin.py:190} INFO - Erro ao enviar o arquivo para o MinIO: [Errno 2] No such file or directory: '/tmp/F.K03200$Z.D50111.CNAECSV'
[2025-01-24T18:38:36.109+0000] {logging_mixin.py:190} INFO - Iniciando o download de: https://arquivos.receitafederal.gov.br/dados/cnpj/dados_abertos_cnpj/2025-01/Cnaes.zip
[2025-01-24T18:38:36.263+0000] {logging_mixin.py:190} INFO - Erro ao enviar o arquivo para o MinIO: [Errno 2] No such file or directory: '/tmp/F.K03200$Z.D50111.CNAECSV'
[2025-01-24T18:38:36.263+0000] {logging_mixin.py:190} INFO - Iniciando o download de: https://arquivos.receitafederal.gov.br/dados/cnpj/dados_abertos_cnpj/2025-01/Cnaes.zip
[2025-01-24T18:38:36.419+0000] {logging_mixin.py:190} INFO - Erro ao enviar o arquivo para o MinIO: [Errno 2] No such file or directory: '/tmp/F.K03200$Z.D50111.CNAECSV'
[2025-01-24T18:38:36.419+0000] {logging_mixin.py:190} INFO - Iniciando o download de: https://arquivos.receitafederal.gov.br/dados/cnpj/dados_abertos_cnpj/2025-01/Cnaes.zip
[2025-01-24T18:38:36.614+0000] {logging_mixin.py:190} INFO - Erro ao enviar o arquivo para o MinIO: [Errno 2] No such file or directory: '/tmp/F.K03200$Z.D50111.CNAECSV'
[2025-01-24T18:38:36.614+0000] {logging_mixin.py:190} INFO - Iniciando o download de: https://arquivos.receitafederal.gov.br/dados/cnpj/dados_abertos_cnpj/2025-01/Cnaes.zip
[2025-01-24T18:38:36.765+0000] {logging_mixin.py:190} INFO - Erro ao enviar o arquivo para o MinIO: [Errno 2] No such file or directory: '/tmp/F.K03200$Z.D50111.CNAECSV'
[2025-01-24T18:38:36.765+0000] {logging_mixin.py:190} INFO - Iniciando o download de: https://arquivos.receitafederal.gov.br/dados/cnpj/dados_abertos_cnpj/2025-01/Cnaes.zip
[2025-01-24T18:38:36.922+0000] {logging_mixin.py:190} INFO - Erro ao enviar o arquivo para o MinIO: [Errno 2] No such file or directory: '/tmp/F.K03200$Z.D50111.CNAECSV'
[2025-01-24T18:38:36.923+0000] {logging_mixin.py:190} INFO - Iniciando o download de: https://arquivos.receitafederal.gov.br/dados/cnpj/dados_abertos_cnpj/2025-01/Cnaes.zip
[2025-01-24T18:38:37.081+0000] {logging_mixin.py:190} INFO - Erro ao enviar o arquivo para o MinIO: [Errno 2] No such file or directory: '/tmp/F.K03200$Z.D50111.CNAECSV'
[2025-01-24T18:38:37.082+0000] {logging_mixin.py:190} INFO - Iniciando o download de: https://arquivos.receitafederal.gov.br/dados/cnpj/dados_abertos_cnpj/2025-01/Cnaes.zip
[2025-01-24T18:38:37.235+0000] {logging_mixin.py:190} INFO - Erro ao enviar o arquivo para o MinIO: [Errno 2] No such file or directory: '/tmp/F.K03200$Z.D50111.CNAECSV'
[2025-01-24T18:38:37.237+0000] {logging_mixin.py:190} INFO - Iniciando o download de: https://arquivos.receitafederal.gov.br/dados/cnpj/dados_abertos_cnpj/2025-01/Cnaes.zip
[2025-01-24T18:38:37.389+0000] {logging_mixin.py:190} INFO - Erro ao enviar o arquivo para o MinIO: [Errno 2] No such file or directory: '/tmp/F.K03200$Z.D50111.CNAECSV'
[2025-01-24T18:38:37.390+0000] {logging_mixin.py:190} INFO - Iniciando o download de: https://arquivos.receitafederal.gov.br/dados/cnpj/dados_abertos_cnpj/2025-01/Cnaes.zip
[2025-01-24T18:38:37.542+0000] {logging_mixin.py:190} INFO - Erro ao enviar o arquivo para o MinIO: [Errno 2] No such file or directory: '/tmp/F.K03200$Z.D50111.CNAECSV'
[2025-01-24T18:38:37.543+0000] {logging_mixin.py:190} INFO - Iniciando o download de: https://arquivos.receitafederal.gov.br/dados/cnpj/dados_abertos_cnpj/2025-01/Empresas0.zip
[2025-01-24T18:40:26.961+0000] {logging_mixin.py:190} INFO - Erro ao enviar o arquivo para o MinIO: [Errno 2] No such file or directory: '/tmp/K3241.K03200Y0.D50111.EMPRECSV'
[2025-01-24T18:40:26.961+0000] {logging_mixin.py:190} INFO - Iniciando o download de: https://arquivos.receitafederal.gov.br/dados/cnpj/dados_abertos_cnpj/2025-01/Empresas0.zip
[2025-01-24T18:40:36.407+0000] {local_task_job_runner.py:346} WARNING - State of this instance has been externally set to restarting. Terminating instance.
[2025-01-24T18:40:36.408+0000] {local_task_job_runner.py:245} INFO - ::endgroup::
[2025-01-24T18:40:36.408+0000] {process_utils.py:132} INFO - Sending 15 to group 244. PIDs of all processes in the group: [244]
[2025-01-24T18:40:36.409+0000] {process_utils.py:87} INFO - Sending the signal 15 to group 244
[2025-01-24T18:40:36.409+0000] {taskinstance.py:3093} ERROR - Received SIGTERM. Terminating subprocesses.
[2025-01-24T18:40:36.414+0000] {taskinstance.py:3311} ERROR - Task failed with exception
Traceback (most recent call last):
  File "/home/airflow/.local/lib/python3.12/site-packages/airflow/models/taskinstance.py", line 767, in _execute_task
    result = _execute_callable(context=context, **execute_callable_kwargs)
             ^^^^^^^^^^^^^^^^^^^^^^^^^^^^^^^^^^^^^^^^^^^^^^^^^^^^^^^^^^^^^
  File "/home/airflow/.local/lib/python3.12/site-packages/airflow/models/taskinstance.py", line 733, in _execute_callable
    return ExecutionCallableRunner(
           ^^^^^^^^^^^^^^^^^^^^^^^^
  File "/home/airflow/.local/lib/python3.12/site-packages/airflow/utils/operator_helpers.py", line 252, in run
    return self.func(*args, **kwargs)
           ^^^^^^^^^^^^^^^^^^^^^^^^^^
  File "/home/airflow/.local/lib/python3.12/site-packages/airflow/models/baseoperator.py", line 422, in wrapper
    return func(self, *args, **kwargs)
           ^^^^^^^^^^^^^^^^^^^^^^^^^^^
  File "/home/airflow/.local/lib/python3.12/site-packages/airflow/operators/python.py", line 238, in execute
    return_value = self.execute_callable()
                   ^^^^^^^^^^^^^^^^^^^^^^^
  File "/home/airflow/.local/lib/python3.12/site-packages/airflow/operators/python.py", line 256, in execute_callable
    return runner.run(*self.op_args, **self.op_kwargs)
           ^^^^^^^^^^^^^^^^^^^^^^^^^^^^^^^^^^^^^^^^^^^
  File "/home/airflow/.local/lib/python3.12/site-packages/airflow/utils/operator_helpers.py", line 252, in run
    return self.func(*args, **kwargs)
           ^^^^^^^^^^^^^^^^^^^^^^^^^^
  File "/opt/airflow/dags/coleta_dados_abertos_cnpj/jobs/extract.py", line 167, in extract
  File "/opt/airflow/dags/coleta_dados_abertos_cnpj/jobs/extract.py", line 55, in download_with_requests
    print(f"Falha ao descompactar: {file}")
                 ^^^^^^^^^^^^^^^^^^^^^^^^^^^
  File "/home/airflow/.local/lib/python3.12/site-packages/requests/models.py", line 820, in generate
    yield from self.raw.stream(chunk_size, decode_content=True)
  File "/home/airflow/.local/lib/python3.12/site-packages/urllib3/response.py", line 1060, in stream
    data = self.read(amt=amt, decode_content=decode_content)
           ^^^^^^^^^^^^^^^^^^^^^^^^^^^^^^^^^^^^^^^^^^^^^^^^^
  File "/home/airflow/.local/lib/python3.12/site-packages/urllib3/response.py", line 949, in read
    data = self._raw_read(amt)
           ^^^^^^^^^^^^^^^^^^^
  File "/home/airflow/.local/lib/python3.12/site-packages/urllib3/response.py", line 873, in _raw_read
    data = self._fp_read(amt, read1=read1) if not fp_closed else b""
           ^^^^^^^^^^^^^^^^^^^^^^^^^^^^^^^
  File "/home/airflow/.local/lib/python3.12/site-packages/urllib3/response.py", line 856, in _fp_read
    return self._fp.read(amt) if amt is not None else self._fp.read()
           ^^^^^^^^^^^^^^^^^^
  File "/usr/local/lib/python3.12/http/client.py", line 479, in read
    s = self.fp.read(amt)
        ^^^^^^^^^^^^^^^^^
  File "/usr/local/lib/python3.12/socket.py", line 720, in readinto
    return self._sock.recv_into(b)
           ^^^^^^^^^^^^^^^^^^^^^^^
  File "/usr/local/lib/python3.12/ssl.py", line 1251, in recv_into
    return self.read(nbytes, buffer)
           ^^^^^^^^^^^^^^^^^^^^^^^^^
  File "/usr/local/lib/python3.12/ssl.py", line 1103, in read
    return self._sslobj.read(len, buffer)
           ^^^^^^^^^^^^^^^^^^^^^^^^^^^^^^
  File "/home/airflow/.local/lib/python3.12/site-packages/airflow/models/taskinstance.py", line 3095, in signal_handler
    raise AirflowTaskTerminated("Task received SIGTERM signal")
airflow.exceptions.AirflowTaskTerminated: Task received SIGTERM signal
[2025-01-24T18:40:36.420+0000] {taskinstance.py:1225} INFO - Marking task as UP_FOR_RETRY. dag_id=coleta_dados_abertos_cnpj, task_id=extract, run_id=manual__2025-01-24T07:07:34.995232+00:00, execution_date=20250124T070734, start_date=20250124T183835, end_date=20250124T184036
[2025-01-24T18:40:36.427+0000] {taskinstance.py:340} INFO - ::group::Post task execution logs
[2025-01-24T18:40:36.461+0000] {process_utils.py:80} INFO - Process psutil.Process(pid=244, status='terminated', exitcode=2, started='18:38:35') (244) terminated with exit code 2
