[2025-01-24T21:34:03.164+0000] {local_task_job_runner.py:123} INFO - ::group::Pre task execution logs
[2025-01-24T21:34:03.175+0000] {taskinstance.py:2613} INFO - Dependencies all met for dep_context=non-requeueable deps ti=<TaskInstance: coleta_dados_abertos_cnpj.extract_simples manual__2025-01-24T21:15:51.387766+00:00 [queued]>
[2025-01-24T21:34:03.181+0000] {taskinstance.py:2613} INFO - Dependencies all met for dep_context=requeueable deps ti=<TaskInstance: coleta_dados_abertos_cnpj.extract_simples manual__2025-01-24T21:15:51.387766+00:00 [queued]>
[2025-01-24T21:34:03.181+0000] {taskinstance.py:2866} INFO - Starting attempt 2 of 3
[2025-01-24T21:34:03.210+0000] {taskinstance.py:2889} INFO - Executing <Task(PythonOperator): extract_simples> on 2025-01-24 21:15:51.387766+00:00
[2025-01-24T21:34:03.214+0000] {warnings.py:112} WARNING - /home/***/.local/lib/python3.12/site-packages/***/task/task_runner/standard_task_runner.py:70: DeprecationWarning: This process (pid=1353) is multi-threaded, use of fork() may lead to deadlocks in the child.
  pid = os.fork()

[2025-01-24T21:34:03.215+0000] {standard_task_runner.py:72} INFO - Started process 1365 to run task
[2025-01-24T21:34:03.216+0000] {standard_task_runner.py:104} INFO - Running: ['***', 'tasks', 'run', 'coleta_dados_abertos_cnpj', 'extract_simples', 'manual__2025-01-24T21:15:51.387766+00:00', '--job-id', '844', '--raw', '--subdir', 'DAGS_FOLDER/coleta_dados_abertos_cnpj/dag.py', '--cfg-path', '/tmp/tmpo5s0v6o2']
[2025-01-24T21:34:03.218+0000] {standard_task_runner.py:105} INFO - Job 844: Subtask extract_simples
[2025-01-24T21:34:03.249+0000] {task_command.py:467} INFO - Running <TaskInstance: coleta_dados_abertos_cnpj.extract_simples manual__2025-01-24T21:15:51.387766+00:00 [running]> on host ee70781c29c7
[2025-01-24T21:34:03.307+0000] {taskinstance.py:3132} INFO - Exporting env vars: AIRFLOW_CTX_DAG_OWNER='Corvaum' AIRFLOW_CTX_DAG_ID='coleta_dados_abertos_cnpj' AIRFLOW_CTX_TASK_ID='extract_simples' AIRFLOW_CTX_EXECUTION_DATE='2025-01-24T21:15:51.387766+00:00' AIRFLOW_CTX_TRY_NUMBER='2' AIRFLOW_CTX_DAG_RUN_ID='manual__2025-01-24T21:15:51.387766+00:00'
[2025-01-24T21:34:03.308+0000] {taskinstance.py:731} INFO - ::endgroup::
[2025-01-24T21:34:03.322+0000] {logging_mixin.py:190} INFO - Data formatada: 2025-01
[2025-01-24T21:34:03.564+0000] {logging_mixin.py:190} INFO - Arquivos encontrados: ['Simples.zip']
[2025-01-24T21:34:03.565+0000] {logging_mixin.py:190} INFO - Baixando o arquivo: https://arquivos.receitafederal.gov.br/dados/cnpj/dados_abertos_cnpj/2025-01/Simples.zip
[2025-01-24T21:35:11.613+0000] {logging_mixin.py:190} INFO - Download concluído: https://arquivos.receitafederal.gov.br/dados/cnpj/dados_abertos_cnpj/2025-01/Simples.zip
[2025-01-24T21:35:15.147+0000] {logging_mixin.py:190} INFO - Arquivos descompactados: ['/tmp/842e4a79f8ab4555b406fabb4b323ffb_extracted/F.K03200$W.SIMPLES.CSV.D50111']
[2025-01-24T21:36:22.975+0000] {logging_mixin.py:190} INFO - Arquivo full_cpf/Simples/2025-01/Simples_416a69e528f44c8bb93c22abd210f8cc.csv carregado com sucesso no MinIO!
[2025-01-24T21:36:23.111+0000] {python.py:240} INFO - Done. Returned value was: None
[2025-01-24T21:36:23.117+0000] {taskinstance.py:340} INFO - ::group::Post task execution logs
[2025-01-24T21:36:23.117+0000] {taskinstance.py:352} INFO - Marking task as SUCCESS. dag_id=coleta_dados_abertos_cnpj, task_id=extract_simples, run_id=manual__2025-01-24T21:15:51.387766+00:00, execution_date=20250124T211551, start_date=20250124T213403, end_date=20250124T213623
[2025-01-24T21:36:23.165+0000] {local_task_job_runner.py:266} INFO - Task exited with return code 0
[2025-01-24T21:36:23.178+0000] {taskinstance.py:3895} INFO - 0 downstream tasks scheduled from follow-on schedule check
[2025-01-24T21:36:23.179+0000] {local_task_job_runner.py:245} INFO - ::endgroup::
