[2025-01-24T21:34:03.174+0000] {local_task_job_runner.py:123} INFO - ::group::Pre task execution logs
[2025-01-24T21:34:03.185+0000] {taskinstance.py:2613} INFO - Dependencies all met for dep_context=non-requeueable deps ti=<TaskInstance: coleta_dados_abertos_cnpj.extract_socios manual__2025-01-24T21:15:51.387766+00:00 [queued]>
[2025-01-24T21:34:03.191+0000] {taskinstance.py:2613} INFO - Dependencies all met for dep_context=requeueable deps ti=<TaskInstance: coleta_dados_abertos_cnpj.extract_socios manual__2025-01-24T21:15:51.387766+00:00 [queued]>
[2025-01-24T21:34:03.191+0000] {taskinstance.py:2866} INFO - Starting attempt 2 of 3
[2025-01-24T21:34:03.234+0000] {taskinstance.py:2889} INFO - Executing <Task(PythonOperator): extract_socios> on 2025-01-24 21:15:51.387766+00:00
[2025-01-24T21:34:03.239+0000] {warnings.py:112} WARNING - /home/***/.local/lib/python3.12/site-packages/***/task/task_runner/standard_task_runner.py:70: DeprecationWarning: This process (pid=1355) is multi-threaded, use of fork() may lead to deadlocks in the child.
  pid = os.fork()

[2025-01-24T21:34:03.240+0000] {standard_task_runner.py:72} INFO - Started process 1370 to run task
[2025-01-24T21:34:03.241+0000] {standard_task_runner.py:104} INFO - Running: ['***', 'tasks', 'run', 'coleta_dados_abertos_cnpj', 'extract_socios', 'manual__2025-01-24T21:15:51.387766+00:00', '--job-id', '847', '--raw', '--subdir', 'DAGS_FOLDER/coleta_dados_abertos_cnpj/dag.py', '--cfg-path', '/tmp/tmpiw2yl8u_']
[2025-01-24T21:34:03.244+0000] {standard_task_runner.py:105} INFO - Job 847: Subtask extract_socios
[2025-01-24T21:34:03.273+0000] {task_command.py:467} INFO - Running <TaskInstance: coleta_dados_abertos_cnpj.extract_socios manual__2025-01-24T21:15:51.387766+00:00 [running]> on host ee70781c29c7
[2025-01-24T21:34:03.330+0000] {taskinstance.py:3132} INFO - Exporting env vars: AIRFLOW_CTX_DAG_OWNER='Corvaum' AIRFLOW_CTX_DAG_ID='coleta_dados_abertos_cnpj' AIRFLOW_CTX_TASK_ID='extract_socios' AIRFLOW_CTX_EXECUTION_DATE='2025-01-24T21:15:51.387766+00:00' AIRFLOW_CTX_TRY_NUMBER='2' AIRFLOW_CTX_DAG_RUN_ID='manual__2025-01-24T21:15:51.387766+00:00'
[2025-01-24T21:34:03.331+0000] {taskinstance.py:731} INFO - ::endgroup::
[2025-01-24T21:34:03.342+0000] {logging_mixin.py:190} INFO - Data formatada: 2025-01
[2025-01-24T21:34:03.572+0000] {logging_mixin.py:190} INFO - Arquivos encontrados: ['Socios0.zip', 'Socios1.zip', 'Socios2.zip', 'Socios3.zip', 'Socios4.zip', 'Socios5.zip', 'Socios6.zip', 'Socios7.zip', 'Socios8.zip', 'Socios9.zip']
[2025-01-24T21:34:03.572+0000] {logging_mixin.py:190} INFO - Baixando o arquivo: https://arquivos.receitafederal.gov.br/dados/cnpj/dados_abertos_cnpj/2025-01/Socios0.zip
[2025-01-24T21:34:52.753+0000] {logging_mixin.py:190} INFO - Download concluído: https://arquivos.receitafederal.gov.br/dados/cnpj/dados_abertos_cnpj/2025-01/Socios0.zip
[2025-01-24T21:34:54.417+0000] {logging_mixin.py:190} INFO - Arquivos descompactados: ['/tmp/677ab9b1e2454949b47ff92578e60748_extracted/K3241.K03200Y0.D50111.SOCIOCSV']
[2025-01-24T21:35:10.688+0000] {logging_mixin.py:190} INFO - Arquivo full_cpf/Socios/2025-01/Socios_b92f5ebd868d45d1aeab693cbe0140c3.csv carregado com sucesso no MinIO!
[2025-01-24T21:35:10.730+0000] {logging_mixin.py:190} INFO - Baixando o arquivo: https://arquivos.receitafederal.gov.br/dados/cnpj/dados_abertos_cnpj/2025-01/Socios1.zip
[2025-01-24T21:35:24.535+0000] {logging_mixin.py:190} INFO - Download concluído: https://arquivos.receitafederal.gov.br/dados/cnpj/dados_abertos_cnpj/2025-01/Socios1.zip
[2025-01-24T21:35:25.031+0000] {logging_mixin.py:190} INFO - Arquivos descompactados: ['/tmp/22635f8fd7d640eebde81fe92f415cf3_extracted/K3241.K03200Y1.D50111.SOCIOCSV']
[2025-01-24T21:35:32.811+0000] {logging_mixin.py:190} INFO - Arquivo full_cpf/Socios/2025-01/Socios_201302ef85844a80a6d9ed119c9577b5.csv carregado com sucesso no MinIO!
[2025-01-24T21:35:32.825+0000] {logging_mixin.py:190} INFO - Baixando o arquivo: https://arquivos.receitafederal.gov.br/dados/cnpj/dados_abertos_cnpj/2025-01/Socios2.zip
[2025-01-24T21:35:45.948+0000] {logging_mixin.py:190} INFO - Download concluído: https://arquivos.receitafederal.gov.br/dados/cnpj/dados_abertos_cnpj/2025-01/Socios2.zip
[2025-01-24T21:35:46.453+0000] {logging_mixin.py:190} INFO - Arquivos descompactados: ['/tmp/c2a7d2976fcf4122aeccd53b472f29ca_extracted/K3241.K03200Y2.D50111.SOCIOCSV']
[2025-01-24T21:35:54.650+0000] {logging_mixin.py:190} INFO - Arquivo full_cpf/Socios/2025-01/Socios_06474128b11e4855891ef2a94a233aef.csv carregado com sucesso no MinIO!
[2025-01-24T21:35:54.663+0000] {logging_mixin.py:190} INFO - Baixando o arquivo: https://arquivos.receitafederal.gov.br/dados/cnpj/dados_abertos_cnpj/2025-01/Socios3.zip
[2025-01-24T21:36:07.831+0000] {logging_mixin.py:190} INFO - Download concluído: https://arquivos.receitafederal.gov.br/dados/cnpj/dados_abertos_cnpj/2025-01/Socios3.zip
[2025-01-24T21:36:08.306+0000] {logging_mixin.py:190} INFO - Arquivos descompactados: ['/tmp/25ea773f629a40e584a10fa4670db13e_extracted/K3241.K03200Y3.D50111.SOCIOCSV']
[2025-01-24T21:36:16.450+0000] {logging_mixin.py:190} INFO - Arquivo full_cpf/Socios/2025-01/Socios_fdf316c95fac47e2af711bef6d6b2116.csv carregado com sucesso no MinIO!
[2025-01-24T21:36:16.463+0000] {logging_mixin.py:190} INFO - Baixando o arquivo: https://arquivos.receitafederal.gov.br/dados/cnpj/dados_abertos_cnpj/2025-01/Socios4.zip
[2025-01-24T21:36:38.842+0000] {logging_mixin.py:190} INFO - Download concluído: https://arquivos.receitafederal.gov.br/dados/cnpj/dados_abertos_cnpj/2025-01/Socios4.zip
[2025-01-24T21:36:39.312+0000] {logging_mixin.py:190} INFO - Arquivos descompactados: ['/tmp/877d38c63cc242628db057e9a3607e68_extracted/K3241.K03200Y4.D50111.SOCIOCSV']
[2025-01-24T21:36:44.119+0000] {logging_mixin.py:190} INFO - Arquivo full_cpf/Socios/2025-01/Socios_84a486550e3947f492f4cdafbf8a92e7.csv carregado com sucesso no MinIO!
[2025-01-24T21:36:44.134+0000] {logging_mixin.py:190} INFO - Baixando o arquivo: https://arquivos.receitafederal.gov.br/dados/cnpj/dados_abertos_cnpj/2025-01/Socios5.zip
[2025-01-24T21:36:57.427+0000] {logging_mixin.py:190} INFO - Download concluído: https://arquivos.receitafederal.gov.br/dados/cnpj/dados_abertos_cnpj/2025-01/Socios5.zip
[2025-01-24T21:36:57.931+0000] {logging_mixin.py:190} INFO - Arquivos descompactados: ['/tmp/e3fdf24e82d244bd93918e4910df33a5_extracted/K3241.K03200Y5.D50111.SOCIOCSV']
[2025-01-24T21:37:05.857+0000] {logging_mixin.py:190} INFO - Arquivo full_cpf/Socios/2025-01/Socios_85a9dd099ac341ffb82158e5a83698ad.csv carregado com sucesso no MinIO!
[2025-01-24T21:37:05.871+0000] {logging_mixin.py:190} INFO - Baixando o arquivo: https://arquivos.receitafederal.gov.br/dados/cnpj/dados_abertos_cnpj/2025-01/Socios6.zip
[2025-01-24T21:37:19.368+0000] {logging_mixin.py:190} INFO - Download concluído: https://arquivos.receitafederal.gov.br/dados/cnpj/dados_abertos_cnpj/2025-01/Socios6.zip
[2025-01-24T21:37:19.860+0000] {logging_mixin.py:190} INFO - Arquivos descompactados: ['/tmp/dab33f24fd7b4e01a75e8974233721ab_extracted/K3241.K03200Y6.D50111.SOCIOCSV']
[2025-01-24T21:37:25.274+0000] {logging_mixin.py:190} INFO - Arquivo full_cpf/Socios/2025-01/Socios_56f3a943f0584c678a8bf27ad565f105.csv carregado com sucesso no MinIO!
[2025-01-24T21:37:25.287+0000] {logging_mixin.py:190} INFO - Baixando o arquivo: https://arquivos.receitafederal.gov.br/dados/cnpj/dados_abertos_cnpj/2025-01/Socios7.zip
[2025-01-24T21:37:42.744+0000] {logging_mixin.py:190} INFO - Download concluído: https://arquivos.receitafederal.gov.br/dados/cnpj/dados_abertos_cnpj/2025-01/Socios7.zip
[2025-01-24T21:37:43.227+0000] {logging_mixin.py:190} INFO - Arquivos descompactados: ['/tmp/651e89382ecc43fba258a69eadf2fbe9_extracted/K3241.K03200Y7.D50111.SOCIOCSV']
[2025-01-24T21:37:49.491+0000] {logging_mixin.py:190} INFO - Arquivo full_cpf/Socios/2025-01/Socios_750456e631e9459b9dad88d91dfe91f1.csv carregado com sucesso no MinIO!
[2025-01-24T21:37:49.504+0000] {logging_mixin.py:190} INFO - Baixando o arquivo: https://arquivos.receitafederal.gov.br/dados/cnpj/dados_abertos_cnpj/2025-01/Socios8.zip
[2025-01-24T21:38:02.795+0000] {logging_mixin.py:190} INFO - Download concluído: https://arquivos.receitafederal.gov.br/dados/cnpj/dados_abertos_cnpj/2025-01/Socios8.zip
[2025-01-24T21:38:03.276+0000] {logging_mixin.py:190} INFO - Arquivos descompactados: ['/tmp/c4f4d39ba2b7459fbb8b3779ee8d8930_extracted/K3241.K03200Y8.D50111.SOCIOCSV']
[2025-01-24T21:38:07.812+0000] {logging_mixin.py:190} INFO - Arquivo full_cpf/Socios/2025-01/Socios_6d23aa69c94742708a4028d22ac02fab.csv carregado com sucesso no MinIO!
[2025-01-24T21:38:07.827+0000] {logging_mixin.py:190} INFO - Baixando o arquivo: https://arquivos.receitafederal.gov.br/dados/cnpj/dados_abertos_cnpj/2025-01/Socios9.zip
[2025-01-24T21:38:20.986+0000] {logging_mixin.py:190} INFO - Download concluído: https://arquivos.receitafederal.gov.br/dados/cnpj/dados_abertos_cnpj/2025-01/Socios9.zip
[2025-01-24T21:38:21.479+0000] {logging_mixin.py:190} INFO - Arquivos descompactados: ['/tmp/dede116ce2ad4a69b0c5398559964fdf_extracted/K3241.K03200Y9.D50111.SOCIOCSV']
[2025-01-24T21:38:27.583+0000] {logging_mixin.py:190} INFO - Arquivo full_cpf/Socios/2025-01/Socios_81670fbcb2d64b408c8351e3b8c4647b.csv carregado com sucesso no MinIO!
[2025-01-24T21:38:27.599+0000] {python.py:240} INFO - Done. Returned value was: None
[2025-01-24T21:38:27.605+0000] {taskinstance.py:340} INFO - ::group::Post task execution logs
[2025-01-24T21:38:27.605+0000] {taskinstance.py:352} INFO - Marking task as SUCCESS. dag_id=coleta_dados_abertos_cnpj, task_id=extract_socios, run_id=manual__2025-01-24T21:15:51.387766+00:00, execution_date=20250124T211551, start_date=20250124T213403, end_date=20250124T213827
[2025-01-24T21:38:27.647+0000] {local_task_job_runner.py:266} INFO - Task exited with return code 0
[2025-01-24T21:38:27.660+0000] {taskinstance.py:3895} INFO - 0 downstream tasks scheduled from follow-on schedule check
[2025-01-24T21:38:27.662+0000] {local_task_job_runner.py:245} INFO - ::endgroup::
