[2025-01-24T22:14:10.593+0000] {local_task_job_runner.py:123} INFO - ::group::Pre task execution logs
[2025-01-24T22:14:10.605+0000] {taskinstance.py:2613} INFO - Dependencies all met for dep_context=non-requeueable deps ti=<TaskInstance: coleta_dados_abertos_cnpj.transform_estabelecimentos manual__2025-01-24T21:15:51.387766+00:00 [queued]>
[2025-01-24T22:14:10.614+0000] {taskinstance.py:2613} INFO - Dependencies all met for dep_context=requeueable deps ti=<TaskInstance: coleta_dados_abertos_cnpj.transform_estabelecimentos manual__2025-01-24T21:15:51.387766+00:00 [queued]>
[2025-01-24T22:14:10.614+0000] {taskinstance.py:2866} INFO - Starting attempt 2 of 3
[2025-01-24T22:14:10.632+0000] {taskinstance.py:2889} INFO - Executing <Task(PythonOperator): transform_estabelecimentos> on 2025-01-24 21:15:51.387766+00:00
[2025-01-24T22:14:10.639+0000] {warnings.py:112} WARNING - /home/***/.local/lib/python3.12/site-packages/***/task/task_runner/standard_task_runner.py:70: DeprecationWarning: This process (pid=2015) is multi-threaded, use of fork() may lead to deadlocks in the child.
  pid = os.fork()

[2025-01-24T22:14:10.640+0000] {standard_task_runner.py:72} INFO - Started process 2030 to run task
[2025-01-24T22:14:10.640+0000] {standard_task_runner.py:104} INFO - Running: ['***', 'tasks', 'run', 'coleta_dados_abertos_cnpj', 'transform_estabelecimentos', 'manual__2025-01-24T21:15:51.387766+00:00', '--job-id', '856', '--raw', '--subdir', 'DAGS_FOLDER/coleta_dados_abertos_cnpj/dag.py', '--cfg-path', '/tmp/tmp4lmt5tmn']
[2025-01-24T22:14:10.642+0000] {standard_task_runner.py:105} INFO - Job 856: Subtask transform_estabelecimentos
[2025-01-24T22:14:10.680+0000] {task_command.py:467} INFO - Running <TaskInstance: coleta_dados_abertos_cnpj.transform_estabelecimentos manual__2025-01-24T21:15:51.387766+00:00 [running]> on host ee70781c29c7
[2025-01-24T22:14:10.767+0000] {taskinstance.py:3132} INFO - Exporting env vars: AIRFLOW_CTX_DAG_OWNER='Corvaum' AIRFLOW_CTX_DAG_ID='coleta_dados_abertos_cnpj' AIRFLOW_CTX_TASK_ID='transform_estabelecimentos' AIRFLOW_CTX_EXECUTION_DATE='2025-01-24T21:15:51.387766+00:00' AIRFLOW_CTX_TRY_NUMBER='2' AIRFLOW_CTX_DAG_RUN_ID='manual__2025-01-24T21:15:51.387766+00:00'
[2025-01-24T22:14:10.768+0000] {taskinstance.py:731} INFO - ::endgroup::
[2025-01-24T22:14:10.781+0000] {logging_mixin.py:190} INFO - cnaes
[2025-01-24T22:14:10.782+0000] {python.py:240} INFO - Done. Returned value was: None
[2025-01-24T22:14:10.792+0000] {taskinstance.py:340} INFO - ::group::Post task execution logs
[2025-01-24T22:14:10.793+0000] {taskinstance.py:352} INFO - Marking task as SUCCESS. dag_id=coleta_dados_abertos_cnpj, task_id=transform_estabelecimentos, run_id=manual__2025-01-24T21:15:51.387766+00:00, execution_date=20250124T211551, start_date=20250124T221410, end_date=20250124T221410
[2025-01-24T22:14:10.815+0000] {local_task_job_runner.py:266} INFO - Task exited with return code 0
[2025-01-24T22:14:10.836+0000] {taskinstance.py:3895} INFO - 1 downstream tasks scheduled from follow-on schedule check
[2025-01-24T22:14:10.840+0000] {local_task_job_runner.py:245} INFO - ::endgroup::
