[2025-01-24T20:25:21.401+0000] {local_task_job_runner.py:123} INFO - ::group::Pre task execution logs
[2025-01-24T20:25:21.409+0000] {taskinstance.py:2613} INFO - Dependencies all met for dep_context=non-requeueable deps ti=<TaskInstance: coleta_dados_abertos_cnpj.transform_simples manual__2025-01-24T19:42:11.617297+00:00 [queued]>
[2025-01-24T20:25:21.414+0000] {taskinstance.py:2613} INFO - Dependencies all met for dep_context=requeueable deps ti=<TaskInstance: coleta_dados_abertos_cnpj.transform_simples manual__2025-01-24T19:42:11.617297+00:00 [queued]>
[2025-01-24T20:25:21.414+0000] {taskinstance.py:2866} INFO - Starting attempt 2 of 3
[2025-01-24T20:25:21.453+0000] {taskinstance.py:2889} INFO - Executing <Task(PythonOperator): transform_simples> on 2025-01-24 19:42:11.617297+00:00
[2025-01-24T20:25:21.456+0000] {warnings.py:112} WARNING - /home/***/.local/lib/python3.12/site-packages/***/task/task_runner/standard_task_runner.py:70: DeprecationWarning: This process (pid=113) is multi-threaded, use of fork() may lead to deadlocks in the child.
  pid = os.fork()

[2025-01-24T20:25:21.457+0000] {standard_task_runner.py:72} INFO - Started process 117 to run task
[2025-01-24T20:25:21.457+0000] {standard_task_runner.py:104} INFO - Running: ['***', 'tasks', 'run', 'coleta_dados_abertos_cnpj', 'transform_simples', 'manual__2025-01-24T19:42:11.617297+00:00', '--job-id', '750', '--raw', '--subdir', 'DAGS_FOLDER/coleta_dados_abertos_cnpj/dag.py', '--cfg-path', '/tmp/tmpelg9qlzq']
[2025-01-24T20:25:21.458+0000] {standard_task_runner.py:105} INFO - Job 750: Subtask transform_simples
[2025-01-24T20:25:21.480+0000] {task_command.py:467} INFO - Running <TaskInstance: coleta_dados_abertos_cnpj.transform_simples manual__2025-01-24T19:42:11.617297+00:00 [running]> on host ee70781c29c7
[2025-01-24T20:25:21.518+0000] {taskinstance.py:3132} INFO - Exporting env vars: AIRFLOW_CTX_DAG_OWNER='Corvaum' AIRFLOW_CTX_DAG_ID='coleta_dados_abertos_cnpj' AIRFLOW_CTX_TASK_ID='transform_simples' AIRFLOW_CTX_EXECUTION_DATE='2025-01-24T19:42:11.617297+00:00' AIRFLOW_CTX_TRY_NUMBER='2' AIRFLOW_CTX_DAG_RUN_ID='manual__2025-01-24T19:42:11.617297+00:00'
[2025-01-24T20:25:21.519+0000] {taskinstance.py:731} INFO - ::endgroup::
[2025-01-24T20:25:21.526+0000] {logging_mixin.py:190} INFO - cnaes
[2025-01-24T20:25:21.526+0000] {python.py:240} INFO - Done. Returned value was: None
[2025-01-24T20:25:21.531+0000] {taskinstance.py:340} INFO - ::group::Post task execution logs
[2025-01-24T20:25:21.531+0000] {taskinstance.py:352} INFO - Marking task as SUCCESS. dag_id=coleta_dados_abertos_cnpj, task_id=transform_simples, run_id=manual__2025-01-24T19:42:11.617297+00:00, execution_date=20250124T194211, start_date=20250124T202521, end_date=20250124T202521
[2025-01-24T20:25:21.550+0000] {local_task_job_runner.py:266} INFO - Task exited with return code 0
[2025-01-24T20:25:21.561+0000] {taskinstance.py:3895} INFO - 0 downstream tasks scheduled from follow-on schedule check
[2025-01-24T20:25:21.563+0000] {local_task_job_runner.py:245} INFO - ::endgroup::
