[2025-01-19T20:17:33.801+0000] {local_task_job_runner.py:123} INFO - ::group::Pre task execution logs
[2025-01-19T20:17:33.809+0000] {taskinstance.py:2613} INFO - Dependencies all met for dep_context=non-requeueable deps ti=<TaskInstance: gerar_csv_dados_abertos_cnpj.gerar_csv manual__2025-01-19T20:11:23.233289+00:00 [queued]>
[2025-01-19T20:17:33.813+0000] {taskinstance.py:2613} INFO - Dependencies all met for dep_context=requeueable deps ti=<TaskInstance: gerar_csv_dados_abertos_cnpj.gerar_csv manual__2025-01-19T20:11:23.233289+00:00 [queued]>
[2025-01-19T20:17:33.813+0000] {taskinstance.py:2866} INFO - Starting attempt 5 of 5
[2025-01-19T20:17:33.850+0000] {taskinstance.py:2889} INFO - Executing <Task(PythonOperator): gerar_csv> on 2025-01-19 20:11:23.233289+00:00
[2025-01-19T20:17:33.856+0000] {warnings.py:112} WARNING - /home/***/.local/lib/python3.12/site-packages/***/task/task_runner/standard_task_runner.py:70: DeprecationWarning: This process (pid=553) is multi-threaded, use of fork() may lead to deadlocks in the child.
  pid = os.fork()

[2025-01-19T20:17:33.857+0000] {standard_task_runner.py:72} INFO - Started process 555 to run task
[2025-01-19T20:17:33.857+0000] {standard_task_runner.py:104} INFO - Running: ['***', 'tasks', 'run', 'gerar_csv_dados_abertos_cnpj', 'gerar_csv', 'manual__2025-01-19T20:11:23.233289+00:00', '--job-id', '105', '--raw', '--subdir', 'DAGS_FOLDER/saving_file.py', '--cfg-path', '/tmp/tmpc_uscevv']
[2025-01-19T20:17:33.859+0000] {standard_task_runner.py:105} INFO - Job 105: Subtask gerar_csv
[2025-01-19T20:17:33.884+0000] {task_command.py:467} INFO - Running <TaskInstance: gerar_csv_dados_abertos_cnpj.gerar_csv manual__2025-01-19T20:11:23.233289+00:00 [running]> on host 659dab735c6e
[2025-01-19T20:17:33.934+0000] {taskinstance.py:3132} INFO - Exporting env vars: AIRFLOW_CTX_DAG_OWNER='***' AIRFLOW_CTX_DAG_ID='gerar_csv_dados_abertos_cnpj' AIRFLOW_CTX_TASK_ID='gerar_csv' AIRFLOW_CTX_EXECUTION_DATE='2025-01-19T20:11:23.233289+00:00' AIRFLOW_CTX_TRY_NUMBER='5' AIRFLOW_CTX_DAG_RUN_ID='manual__2025-01-19T20:11:23.233289+00:00'
[2025-01-19T20:17:33.935+0000] {taskinstance.py:731} INFO - ::endgroup::
[2025-01-19T20:17:33.943+0000] {logging_mixin.py:190} INFO - testanaado
[2025-01-19T20:17:33.944+0000] {logging_mixin.py:190} INFO - Diretório criado com sucesso: dags
[2025-01-19T20:17:33.947+0000] {logging_mixin.py:190} INFO - Erro ao gerar CSV: [Errno 21] Is a directory: 'dags/volumes'
[2025-01-19T20:17:33.950+0000] {logging_mixin.py:190} WARNING - Traceback (most recent call last):
[2025-01-19T20:17:33.951+0000] {logging_mixin.py:190} WARNING -   File "/opt/***/dags/saving_file.py", line 36, in gerar_csv
    df.to_csv(caminho_arquivo, index=False)
[2025-01-19T20:17:33.951+0000] {logging_mixin.py:190} WARNING -   File "/home/***/.local/lib/python3.12/site-packages/pandas/core/generic.py", line 3902, in to_csv
    return DataFrameRenderer(formatter).to_csv(
           ^^^^^^^^^^^^^^^^^^^^^^^^^^^^^^^^^^^^
[2025-01-19T20:17:33.951+0000] {logging_mixin.py:190} WARNING -   File "/home/***/.local/lib/python3.12/site-packages/pandas/io/formats/format.py", line 1152, in to_csv
    csv_formatter.save()
[2025-01-19T20:17:33.952+0000] {logging_mixin.py:190} WARNING -   File "/home/***/.local/lib/python3.12/site-packages/pandas/io/formats/csvs.py", line 247, in save
    with get_handle(
         ^^^^^^^^^^^
[2025-01-19T20:17:33.952+0000] {logging_mixin.py:190} WARNING -   File "/home/***/.local/lib/python3.12/site-packages/pandas/io/common.py", line 863, in get_handle
    handle = open(
             ^^^^^
[2025-01-19T20:17:33.952+0000] {logging_mixin.py:190} WARNING - IsADirectoryError: [Errno 21] Is a directory: 'dags/volumes'
[2025-01-19T20:17:33.952+0000] {python.py:240} INFO - Done. Returned value was: None
[2025-01-19T20:17:33.958+0000] {taskinstance.py:340} INFO - ::group::Post task execution logs
[2025-01-19T20:17:33.958+0000] {taskinstance.py:352} INFO - Marking task as SUCCESS. dag_id=gerar_csv_dados_abertos_cnpj, task_id=gerar_csv, run_id=manual__2025-01-19T20:11:23.233289+00:00, execution_date=20250119T201123, start_date=20250119T201733, end_date=20250119T201733
[2025-01-19T20:17:33.991+0000] {local_task_job_runner.py:266} INFO - Task exited with return code 0
[2025-01-19T20:17:34.001+0000] {taskinstance.py:3895} INFO - 0 downstream tasks scheduled from follow-on schedule check
[2025-01-19T20:17:34.003+0000] {local_task_job_runner.py:245} INFO - ::endgroup::
