[2025-01-19T20:16:17.277+0000] {local_task_job_runner.py:123} INFO - ::group::Pre task execution logs
[2025-01-19T20:16:17.285+0000] {taskinstance.py:2613} INFO - Dependencies all met for dep_context=non-requeueable deps ti=<TaskInstance: gerar_csv_dados_abertos_cnpj.gerar_csv manual__2025-01-19T20:11:23.233289+00:00 [queued]>
[2025-01-19T20:16:17.289+0000] {taskinstance.py:2613} INFO - Dependencies all met for dep_context=requeueable deps ti=<TaskInstance: gerar_csv_dados_abertos_cnpj.gerar_csv manual__2025-01-19T20:11:23.233289+00:00 [queued]>
[2025-01-19T20:16:17.289+0000] {taskinstance.py:2866} INFO - Starting attempt 3 of 3
[2025-01-19T20:16:17.337+0000] {taskinstance.py:2889} INFO - Executing <Task(PythonOperator): gerar_csv> on 2025-01-19 20:11:23.233289+00:00
[2025-01-19T20:16:17.350+0000] {warnings.py:112} WARNING - /home/***/.local/lib/python3.12/site-packages/***/task/task_runner/standard_task_runner.py:70: DeprecationWarning: This process (pid=530) is multi-threaded, use of fork() may lead to deadlocks in the child.
  pid = os.fork()

[2025-01-19T20:16:17.352+0000] {standard_task_runner.py:104} INFO - Running: ['***', 'tasks', 'run', 'gerar_csv_dados_abertos_cnpj', 'gerar_csv', 'manual__2025-01-19T20:11:23.233289+00:00', '--job-id', '103', '--raw', '--subdir', 'DAGS_FOLDER/saving_file.py', '--cfg-path', '/tmp/tmph7dtz1b6']
[2025-01-19T20:16:17.363+0000] {standard_task_runner.py:105} INFO - Job 103: Subtask gerar_csv
[2025-01-19T20:16:17.363+0000] {standard_task_runner.py:72} INFO - Started process 532 to run task
[2025-01-19T20:16:17.395+0000] {task_command.py:467} INFO - Running <TaskInstance: gerar_csv_dados_abertos_cnpj.gerar_csv manual__2025-01-19T20:11:23.233289+00:00 [running]> on host 659dab735c6e
[2025-01-19T20:16:17.447+0000] {taskinstance.py:3132} INFO - Exporting env vars: AIRFLOW_CTX_DAG_OWNER='***' AIRFLOW_CTX_DAG_ID='gerar_csv_dados_abertos_cnpj' AIRFLOW_CTX_TASK_ID='gerar_csv' AIRFLOW_CTX_EXECUTION_DATE='2025-01-19T20:11:23.233289+00:00' AIRFLOW_CTX_TRY_NUMBER='3' AIRFLOW_CTX_DAG_RUN_ID='manual__2025-01-19T20:11:23.233289+00:00'
[2025-01-19T20:16:17.448+0000] {taskinstance.py:731} INFO - ::endgroup::
[2025-01-19T20:16:17.456+0000] {logging_mixin.py:190} INFO - testanaado
[2025-01-19T20:16:17.505+0000] {logging_mixin.py:190} INFO - Erro ao gerar CSV: [Errno 2] No such file or directory: ''
[2025-01-19T20:16:17.507+0000] {logging_mixin.py:190} WARNING - Traceback (most recent call last):
[2025-01-19T20:16:17.507+0000] {logging_mixin.py:190} WARNING -   File "/opt/***/dags/saving_file.py", line 27, in gerar_csv
    os.makedirs(dir_name, exist_ok=True)
[2025-01-19T20:16:17.507+0000] {logging_mixin.py:190} WARNING -   File "<frozen os>", line 225, in makedirs
[2025-01-19T20:16:17.508+0000] {logging_mixin.py:190} WARNING - FileNotFoundError: [Errno 2] No such file or directory: ''
[2025-01-19T20:16:17.508+0000] {python.py:240} INFO - Done. Returned value was: None
[2025-01-19T20:16:17.514+0000] {taskinstance.py:340} INFO - ::group::Post task execution logs
[2025-01-19T20:16:17.515+0000] {taskinstance.py:352} INFO - Marking task as SUCCESS. dag_id=gerar_csv_dados_abertos_cnpj, task_id=gerar_csv, run_id=manual__2025-01-19T20:11:23.233289+00:00, execution_date=20250119T201123, start_date=20250119T201617, end_date=20250119T201617
[2025-01-19T20:16:17.540+0000] {local_task_job_runner.py:266} INFO - Task exited with return code 0
[2025-01-19T20:16:17.548+0000] {taskinstance.py:3895} INFO - 0 downstream tasks scheduled from follow-on schedule check
[2025-01-19T20:16:17.550+0000] {local_task_job_runner.py:245} INFO - ::endgroup::
